[2024-04-29T07:30:02.901+0000] {local_task_job_runner.py:120} INFO - ::group::Pre task execution logs
[2024-04-29T07:30:02.913+0000] {taskinstance.py:2073} INFO - Dependencies all met for dep_context=non-requeueable deps ti=<TaskInstance: etl_for_open_weather.transform_load_weather_data scheduled__2024-04-29T03:12:00+00:00 [queued]>
[2024-04-29T07:30:02.920+0000] {taskinstance.py:2073} INFO - Dependencies all met for dep_context=requeueable deps ti=<TaskInstance: etl_for_open_weather.transform_load_weather_data scheduled__2024-04-29T03:12:00+00:00 [queued]>
[2024-04-29T07:30:02.921+0000] {taskinstance.py:2303} INFO - Starting attempt 2 of 2
[2024-04-29T07:30:02.930+0000] {taskinstance.py:2327} INFO - Executing <Task(PythonOperator): transform_load_weather_data> on 2024-04-29 03:12:00+00:00
[2024-04-29T07:30:02.934+0000] {warnings.py:110} WARNING - /home/***/.local/lib/python3.12/site-packages/***/task/task_runner/standard_task_runner.py:61: DeprecationWarning: This process (pid=1794) is multi-threaded, use of fork() may lead to deadlocks in the child.
  pid = os.fork()

[2024-04-29T07:30:02.936+0000] {standard_task_runner.py:63} INFO - Started process 1797 to run task
[2024-04-29T07:30:02.936+0000] {standard_task_runner.py:90} INFO - Running: ['***', 'tasks', 'run', 'etl_for_open_weather', 'transform_load_weather_data', 'scheduled__2024-04-29T03:12:00+00:00', '--job-id', '435', '--raw', '--subdir', 'DAGS_FOLDER/open_weather.py', '--cfg-path', '/tmp/tmpc074mmn0']
[2024-04-29T07:30:02.937+0000] {standard_task_runner.py:91} INFO - Job 435: Subtask transform_load_weather_data
[2024-04-29T07:30:02.967+0000] {task_command.py:426} INFO - Running <TaskInstance: etl_for_open_weather.transform_load_weather_data scheduled__2024-04-29T03:12:00+00:00 [running]> on host 6dbc7f679521
[2024-04-29T07:30:03.023+0000] {taskinstance.py:2644} INFO - Exporting env vars: AIRFLOW_CTX_DAG_OWNER='***' AIRFLOW_CTX_DAG_ID='etl_for_open_weather' AIRFLOW_CTX_TASK_ID='transform_load_weather_data' AIRFLOW_CTX_EXECUTION_DATE='2024-04-29T03:12:00+00:00' AIRFLOW_CTX_TRY_NUMBER='2' AIRFLOW_CTX_DAG_RUN_ID='scheduled__2024-04-29T03:12:00+00:00'
[2024-04-29T07:30:03.024+0000] {taskinstance.py:430} INFO - ::endgroup::
[2024-04-29T07:30:03.025+0000] {taskinstance.py:441} INFO - ::group::Post task execution logs
[2024-04-29T07:30:03.025+0000] {taskinstance.py:2890} ERROR - Task failed with exception
Traceback (most recent call last):
  File "/home/airflow/.local/lib/python3.12/site-packages/airflow/models/taskinstance.py", line 465, in _execute_task
    result = _execute_callable(context=context, **execute_callable_kwargs)
             ^^^^^^^^^^^^^^^^^^^^^^^^^^^^^^^^^^^^^^^^^^^^^^^^^^^^^^^^^^^^^
  File "/home/airflow/.local/lib/python3.12/site-packages/airflow/models/taskinstance.py", line 432, in _execute_callable
    return execute_callable(context=context, **execute_callable_kwargs)
           ^^^^^^^^^^^^^^^^^^^^^^^^^^^^^^^^^^^^^^^^^^^^^^^^^^^^^^^^^^^^
  File "/home/airflow/.local/lib/python3.12/site-packages/airflow/models/baseoperator.py", line 400, in wrapper
    return func(self, *args, **kwargs)
           ^^^^^^^^^^^^^^^^^^^^^^^^^^^
  File "/home/airflow/.local/lib/python3.12/site-packages/airflow/operators/python.py", line 235, in execute
    return_value = self.execute_callable()
                   ^^^^^^^^^^^^^^^^^^^^^^^
  File "/home/airflow/.local/lib/python3.12/site-packages/airflow/operators/python.py", line 252, in execute_callable
    return self.python_callable(*self.op_args, **self.op_kwargs)
           ^^^^^^^^^^^^^^^^^^^^^^^^^^^^^^^^^^^^^^^^^^^^^^^^^^^^^
TypeError: get_open_weather() missing 1 required positional argument: 'task_'
[2024-04-29T07:30:03.031+0000] {taskinstance.py:1205} INFO - Marking task as FAILED. dag_id=etl_for_open_weather, task_id=transform_load_weather_data, execution_date=20240429T031200, start_date=20240429T073002, end_date=20240429T073003
[2024-04-29T07:30:03.039+0000] {standard_task_runner.py:110} ERROR - Failed to execute job 435 for task transform_load_weather_data (get_open_weather() missing 1 required positional argument: 'task_'; 1797)
[2024-04-29T07:30:03.069+0000] {local_task_job_runner.py:240} INFO - Task exited with return code 1
[2024-04-29T07:30:03.079+0000] {taskinstance.py:3482} INFO - 0 downstream tasks scheduled from follow-on schedule check
[2024-04-29T07:30:03.082+0000] {local_task_job_runner.py:222} INFO - ::endgroup::
