[2024-04-29T04:23:39.821+0000] {processor.py:161} INFO - Started process (PID=38) to work on /opt/airflow/dags/subdag/subdag.py
[2024-04-29T04:23:39.822+0000] {processor.py:830} INFO - Processing file /opt/airflow/dags/subdag/subdag.py for tasks to queue
[2024-04-29T04:23:39.824+0000] {logging_mixin.py:188} INFO - [2024-04-29T04:23:39.824+0000] {dagbag.py:540} INFO - Filling up the DagBag from /opt/airflow/dags/subdag/subdag.py
[2024-04-29T04:23:41.288+0000] {processor.py:842} WARNING - No viable dags retrieved from /opt/airflow/dags/subdag/subdag.py
[2024-04-29T04:23:41.302+0000] {processor.py:183} INFO - Processing /opt/airflow/dags/subdag/subdag.py took 1.487 seconds
[2024-04-29T04:24:11.473+0000] {processor.py:161} INFO - Started process (PID=100) to work on /opt/airflow/dags/subdag/subdag.py
[2024-04-29T04:24:11.474+0000] {processor.py:830} INFO - Processing file /opt/airflow/dags/subdag/subdag.py for tasks to queue
[2024-04-29T04:24:11.475+0000] {logging_mixin.py:188} INFO - [2024-04-29T04:24:11.475+0000] {dagbag.py:540} INFO - Filling up the DagBag from /opt/airflow/dags/subdag/subdag.py
[2024-04-29T04:24:11.815+0000] {processor.py:842} WARNING - No viable dags retrieved from /opt/airflow/dags/subdag/subdag.py
[2024-04-29T04:24:11.823+0000] {processor.py:183} INFO - Processing /opt/airflow/dags/subdag/subdag.py took 0.355 seconds
[2024-04-29T04:24:41.895+0000] {processor.py:161} INFO - Started process (PID=162) to work on /opt/airflow/dags/subdag/subdag.py
[2024-04-29T04:24:41.895+0000] {processor.py:830} INFO - Processing file /opt/airflow/dags/subdag/subdag.py for tasks to queue
[2024-04-29T04:24:41.896+0000] {logging_mixin.py:188} INFO - [2024-04-29T04:24:41.896+0000] {dagbag.py:540} INFO - Filling up the DagBag from /opt/airflow/dags/subdag/subdag.py
[2024-04-29T04:24:42.241+0000] {processor.py:842} WARNING - No viable dags retrieved from /opt/airflow/dags/subdag/subdag.py
[2024-04-29T04:24:42.249+0000] {processor.py:183} INFO - Processing /opt/airflow/dags/subdag/subdag.py took 0.359 seconds
[2024-04-29T04:25:12.847+0000] {processor.py:161} INFO - Started process (PID=224) to work on /opt/airflow/dags/subdag/subdag.py
[2024-04-29T04:25:12.848+0000] {processor.py:830} INFO - Processing file /opt/airflow/dags/subdag/subdag.py for tasks to queue
[2024-04-29T04:25:12.850+0000] {logging_mixin.py:188} INFO - [2024-04-29T04:25:12.850+0000] {dagbag.py:540} INFO - Filling up the DagBag from /opt/airflow/dags/subdag/subdag.py
[2024-04-29T04:25:13.190+0000] {processor.py:842} WARNING - No viable dags retrieved from /opt/airflow/dags/subdag/subdag.py
[2024-04-29T04:25:13.197+0000] {processor.py:183} INFO - Processing /opt/airflow/dags/subdag/subdag.py took 0.354 seconds
[2024-04-29T04:25:43.528+0000] {processor.py:161} INFO - Started process (PID=286) to work on /opt/airflow/dags/subdag/subdag.py
[2024-04-29T04:25:43.529+0000] {processor.py:830} INFO - Processing file /opt/airflow/dags/subdag/subdag.py for tasks to queue
[2024-04-29T04:25:43.531+0000] {logging_mixin.py:188} INFO - [2024-04-29T04:25:43.530+0000] {dagbag.py:540} INFO - Filling up the DagBag from /opt/airflow/dags/subdag/subdag.py
[2024-04-29T04:25:43.899+0000] {processor.py:842} WARNING - No viable dags retrieved from /opt/airflow/dags/subdag/subdag.py
[2024-04-29T04:25:43.908+0000] {processor.py:183} INFO - Processing /opt/airflow/dags/subdag/subdag.py took 0.384 seconds
[2024-04-29T04:26:14.484+0000] {processor.py:161} INFO - Started process (PID=348) to work on /opt/airflow/dags/subdag/subdag.py
[2024-04-29T04:26:14.485+0000] {processor.py:830} INFO - Processing file /opt/airflow/dags/subdag/subdag.py for tasks to queue
[2024-04-29T04:26:14.487+0000] {logging_mixin.py:188} INFO - [2024-04-29T04:26:14.487+0000] {dagbag.py:540} INFO - Filling up the DagBag from /opt/airflow/dags/subdag/subdag.py
[2024-04-29T04:26:14.866+0000] {processor.py:842} WARNING - No viable dags retrieved from /opt/airflow/dags/subdag/subdag.py
[2024-04-29T04:26:14.876+0000] {processor.py:183} INFO - Processing /opt/airflow/dags/subdag/subdag.py took 0.395 seconds
[2024-04-29T04:26:44.924+0000] {processor.py:161} INFO - Started process (PID=412) to work on /opt/airflow/dags/subdag/subdag.py
[2024-04-29T04:26:44.925+0000] {processor.py:830} INFO - Processing file /opt/airflow/dags/subdag/subdag.py for tasks to queue
[2024-04-29T04:26:44.927+0000] {logging_mixin.py:188} INFO - [2024-04-29T04:26:44.927+0000] {dagbag.py:540} INFO - Filling up the DagBag from /opt/airflow/dags/subdag/subdag.py
[2024-04-29T04:26:45.290+0000] {processor.py:842} WARNING - No viable dags retrieved from /opt/airflow/dags/subdag/subdag.py
[2024-04-29T04:26:45.303+0000] {processor.py:183} INFO - Processing /opt/airflow/dags/subdag/subdag.py took 0.384 seconds
[2024-04-29T04:27:16.069+0000] {processor.py:161} INFO - Started process (PID=474) to work on /opt/airflow/dags/subdag/subdag.py
[2024-04-29T04:27:16.069+0000] {processor.py:830} INFO - Processing file /opt/airflow/dags/subdag/subdag.py for tasks to queue
[2024-04-29T04:27:16.071+0000] {logging_mixin.py:188} INFO - [2024-04-29T04:27:16.071+0000] {dagbag.py:540} INFO - Filling up the DagBag from /opt/airflow/dags/subdag/subdag.py
[2024-04-29T04:27:16.379+0000] {processor.py:842} WARNING - No viable dags retrieved from /opt/airflow/dags/subdag/subdag.py
[2024-04-29T04:27:16.387+0000] {processor.py:183} INFO - Processing /opt/airflow/dags/subdag/subdag.py took 0.322 seconds
[2024-04-29T04:27:46.452+0000] {processor.py:161} INFO - Started process (PID=539) to work on /opt/airflow/dags/subdag/subdag.py
[2024-04-29T04:27:46.453+0000] {processor.py:830} INFO - Processing file /opt/airflow/dags/subdag/subdag.py for tasks to queue
[2024-04-29T04:27:46.455+0000] {logging_mixin.py:188} INFO - [2024-04-29T04:27:46.454+0000] {dagbag.py:540} INFO - Filling up the DagBag from /opt/airflow/dags/subdag/subdag.py
[2024-04-29T04:27:46.759+0000] {processor.py:842} WARNING - No viable dags retrieved from /opt/airflow/dags/subdag/subdag.py
[2024-04-29T04:27:46.767+0000] {processor.py:183} INFO - Processing /opt/airflow/dags/subdag/subdag.py took 0.319 seconds
[2024-04-29T04:28:17.379+0000] {processor.py:161} INFO - Started process (PID=600) to work on /opt/airflow/dags/subdag/subdag.py
[2024-04-29T04:28:17.380+0000] {processor.py:830} INFO - Processing file /opt/airflow/dags/subdag/subdag.py for tasks to queue
[2024-04-29T04:28:17.381+0000] {logging_mixin.py:188} INFO - [2024-04-29T04:28:17.381+0000] {dagbag.py:540} INFO - Filling up the DagBag from /opt/airflow/dags/subdag/subdag.py
[2024-04-29T04:28:17.691+0000] {processor.py:842} WARNING - No viable dags retrieved from /opt/airflow/dags/subdag/subdag.py
[2024-04-29T04:28:17.700+0000] {processor.py:183} INFO - Processing /opt/airflow/dags/subdag/subdag.py took 0.325 seconds
[2024-04-29T04:28:47.760+0000] {processor.py:161} INFO - Started process (PID=665) to work on /opt/airflow/dags/subdag/subdag.py
[2024-04-29T04:28:47.761+0000] {processor.py:830} INFO - Processing file /opt/airflow/dags/subdag/subdag.py for tasks to queue
[2024-04-29T04:28:47.762+0000] {logging_mixin.py:188} INFO - [2024-04-29T04:28:47.762+0000] {dagbag.py:540} INFO - Filling up the DagBag from /opt/airflow/dags/subdag/subdag.py
[2024-04-29T04:28:48.109+0000] {processor.py:842} WARNING - No viable dags retrieved from /opt/airflow/dags/subdag/subdag.py
[2024-04-29T04:28:48.117+0000] {processor.py:183} INFO - Processing /opt/airflow/dags/subdag/subdag.py took 0.362 seconds
[2024-04-29T04:29:18.993+0000] {processor.py:161} INFO - Started process (PID=726) to work on /opt/airflow/dags/subdag/subdag.py
[2024-04-29T04:29:18.994+0000] {processor.py:830} INFO - Processing file /opt/airflow/dags/subdag/subdag.py for tasks to queue
[2024-04-29T04:29:18.995+0000] {logging_mixin.py:188} INFO - [2024-04-29T04:29:18.995+0000] {dagbag.py:540} INFO - Filling up the DagBag from /opt/airflow/dags/subdag/subdag.py
[2024-04-29T04:29:19.320+0000] {processor.py:842} WARNING - No viable dags retrieved from /opt/airflow/dags/subdag/subdag.py
[2024-04-29T04:29:19.329+0000] {processor.py:183} INFO - Processing /opt/airflow/dags/subdag/subdag.py took 0.341 seconds
[2024-04-29T04:29:50.327+0000] {processor.py:161} INFO - Started process (PID=788) to work on /opt/airflow/dags/subdag/subdag.py
[2024-04-29T04:29:50.328+0000] {processor.py:830} INFO - Processing file /opt/airflow/dags/subdag/subdag.py for tasks to queue
[2024-04-29T04:29:50.329+0000] {logging_mixin.py:188} INFO - [2024-04-29T04:29:50.329+0000] {dagbag.py:540} INFO - Filling up the DagBag from /opt/airflow/dags/subdag/subdag.py
[2024-04-29T04:29:50.651+0000] {processor.py:842} WARNING - No viable dags retrieved from /opt/airflow/dags/subdag/subdag.py
[2024-04-29T04:29:50.660+0000] {processor.py:183} INFO - Processing /opt/airflow/dags/subdag/subdag.py took 0.337 seconds
[2024-04-29T04:30:20.707+0000] {processor.py:161} INFO - Started process (PID=851) to work on /opt/airflow/dags/subdag/subdag.py
[2024-04-29T04:30:20.708+0000] {processor.py:830} INFO - Processing file /opt/airflow/dags/subdag/subdag.py for tasks to queue
[2024-04-29T04:30:20.709+0000] {logging_mixin.py:188} INFO - [2024-04-29T04:30:20.709+0000] {dagbag.py:540} INFO - Filling up the DagBag from /opt/airflow/dags/subdag/subdag.py
[2024-04-29T04:30:21.039+0000] {processor.py:842} WARNING - No viable dags retrieved from /opt/airflow/dags/subdag/subdag.py
[2024-04-29T04:30:21.046+0000] {processor.py:183} INFO - Processing /opt/airflow/dags/subdag/subdag.py took 0.344 seconds
[2024-04-29T04:30:51.974+0000] {processor.py:161} INFO - Started process (PID=916) to work on /opt/airflow/dags/subdag/subdag.py
[2024-04-29T04:30:51.975+0000] {processor.py:830} INFO - Processing file /opt/airflow/dags/subdag/subdag.py for tasks to queue
[2024-04-29T04:30:51.976+0000] {logging_mixin.py:188} INFO - [2024-04-29T04:30:51.976+0000] {dagbag.py:540} INFO - Filling up the DagBag from /opt/airflow/dags/subdag/subdag.py
[2024-04-29T04:30:52.310+0000] {processor.py:842} WARNING - No viable dags retrieved from /opt/airflow/dags/subdag/subdag.py
[2024-04-29T04:30:52.320+0000] {processor.py:183} INFO - Processing /opt/airflow/dags/subdag/subdag.py took 0.350 seconds
[2024-04-29T04:31:22.433+0000] {processor.py:161} INFO - Started process (PID=978) to work on /opt/airflow/dags/subdag/subdag.py
[2024-04-29T04:31:22.433+0000] {processor.py:830} INFO - Processing file /opt/airflow/dags/subdag/subdag.py for tasks to queue
[2024-04-29T04:31:22.435+0000] {logging_mixin.py:188} INFO - [2024-04-29T04:31:22.435+0000] {dagbag.py:540} INFO - Filling up the DagBag from /opt/airflow/dags/subdag/subdag.py
[2024-04-29T04:31:22.756+0000] {processor.py:842} WARNING - No viable dags retrieved from /opt/airflow/dags/subdag/subdag.py
[2024-04-29T04:31:22.765+0000] {processor.py:183} INFO - Processing /opt/airflow/dags/subdag/subdag.py took 0.336 seconds
[2024-04-29T04:31:53.428+0000] {processor.py:161} INFO - Started process (PID=1040) to work on /opt/airflow/dags/subdag/subdag.py
[2024-04-29T04:31:53.429+0000] {processor.py:830} INFO - Processing file /opt/airflow/dags/subdag/subdag.py for tasks to queue
[2024-04-29T04:31:53.430+0000] {logging_mixin.py:188} INFO - [2024-04-29T04:31:53.430+0000] {dagbag.py:540} INFO - Filling up the DagBag from /opt/airflow/dags/subdag/subdag.py
[2024-04-29T04:31:53.759+0000] {processor.py:842} WARNING - No viable dags retrieved from /opt/airflow/dags/subdag/subdag.py
[2024-04-29T04:31:53.767+0000] {processor.py:183} INFO - Processing /opt/airflow/dags/subdag/subdag.py took 0.343 seconds
[2024-04-29T04:32:07.903+0000] {processor.py:161} INFO - Started process (PID=1096) to work on /opt/airflow/dags/subdag/subdag.py
[2024-04-29T04:32:07.904+0000] {processor.py:830} INFO - Processing file /opt/airflow/dags/subdag/subdag.py for tasks to queue
[2024-04-29T04:32:07.905+0000] {logging_mixin.py:188} INFO - [2024-04-29T04:32:07.905+0000] {dagbag.py:540} INFO - Filling up the DagBag from /opt/airflow/dags/subdag/subdag.py
[2024-04-29T04:32:08.229+0000] {processor.py:842} WARNING - No viable dags retrieved from /opt/airflow/dags/subdag/subdag.py
[2024-04-29T04:32:08.237+0000] {processor.py:183} INFO - Processing /opt/airflow/dags/subdag/subdag.py took 0.338 seconds
[2024-04-29T04:32:38.433+0000] {processor.py:161} INFO - Started process (PID=1158) to work on /opt/airflow/dags/subdag/subdag.py
[2024-04-29T04:32:38.433+0000] {processor.py:830} INFO - Processing file /opt/airflow/dags/subdag/subdag.py for tasks to queue
[2024-04-29T04:32:38.435+0000] {logging_mixin.py:188} INFO - [2024-04-29T04:32:38.434+0000] {dagbag.py:540} INFO - Filling up the DagBag from /opt/airflow/dags/subdag/subdag.py
[2024-04-29T04:32:38.733+0000] {processor.py:842} WARNING - No viable dags retrieved from /opt/airflow/dags/subdag/subdag.py
[2024-04-29T04:32:38.741+0000] {processor.py:183} INFO - Processing /opt/airflow/dags/subdag/subdag.py took 0.313 seconds
[2024-04-29T04:33:09.300+0000] {processor.py:161} INFO - Started process (PID=1220) to work on /opt/airflow/dags/subdag/subdag.py
[2024-04-29T04:33:09.301+0000] {processor.py:830} INFO - Processing file /opt/airflow/dags/subdag/subdag.py for tasks to queue
[2024-04-29T04:33:09.302+0000] {logging_mixin.py:188} INFO - [2024-04-29T04:33:09.302+0000] {dagbag.py:540} INFO - Filling up the DagBag from /opt/airflow/dags/subdag/subdag.py
[2024-04-29T04:33:09.613+0000] {processor.py:842} WARNING - No viable dags retrieved from /opt/airflow/dags/subdag/subdag.py
[2024-04-29T04:33:09.621+0000] {processor.py:183} INFO - Processing /opt/airflow/dags/subdag/subdag.py took 0.326 seconds
[2024-04-29T04:33:40.234+0000] {processor.py:161} INFO - Started process (PID=1282) to work on /opt/airflow/dags/subdag/subdag.py
[2024-04-29T04:33:40.235+0000] {processor.py:830} INFO - Processing file /opt/airflow/dags/subdag/subdag.py for tasks to queue
[2024-04-29T04:33:40.236+0000] {logging_mixin.py:188} INFO - [2024-04-29T04:33:40.236+0000] {dagbag.py:540} INFO - Filling up the DagBag from /opt/airflow/dags/subdag/subdag.py
[2024-04-29T04:33:40.531+0000] {processor.py:842} WARNING - No viable dags retrieved from /opt/airflow/dags/subdag/subdag.py
[2024-04-29T04:33:40.539+0000] {processor.py:183} INFO - Processing /opt/airflow/dags/subdag/subdag.py took 0.310 seconds
[2024-04-29T04:33:43.601+0000] {processor.py:161} INFO - Started process (PID=1284) to work on /opt/airflow/dags/subdag/subdag.py
[2024-04-29T04:33:43.602+0000] {processor.py:830} INFO - Processing file /opt/airflow/dags/subdag/subdag.py for tasks to queue
[2024-04-29T04:33:43.604+0000] {logging_mixin.py:188} INFO - [2024-04-29T04:33:43.603+0000] {dagbag.py:540} INFO - Filling up the DagBag from /opt/airflow/dags/subdag/subdag.py
[2024-04-29T04:33:43.932+0000] {processor.py:842} WARNING - No viable dags retrieved from /opt/airflow/dags/subdag/subdag.py
[2024-04-29T04:33:43.940+0000] {processor.py:183} INFO - Processing /opt/airflow/dags/subdag/subdag.py took 0.343 seconds
[2024-04-29T04:34:14.835+0000] {processor.py:161} INFO - Started process (PID=1346) to work on /opt/airflow/dags/subdag/subdag.py
[2024-04-29T04:34:14.836+0000] {processor.py:830} INFO - Processing file /opt/airflow/dags/subdag/subdag.py for tasks to queue
[2024-04-29T04:34:14.837+0000] {logging_mixin.py:188} INFO - [2024-04-29T04:34:14.837+0000] {dagbag.py:540} INFO - Filling up the DagBag from /opt/airflow/dags/subdag/subdag.py
[2024-04-29T04:34:15.042+0000] {processor.py:842} WARNING - No viable dags retrieved from /opt/airflow/dags/subdag/subdag.py
[2024-04-29T04:34:15.051+0000] {processor.py:183} INFO - Processing /opt/airflow/dags/subdag/subdag.py took 0.220 seconds
[2024-04-29T04:34:45.616+0000] {processor.py:161} INFO - Started process (PID=1409) to work on /opt/airflow/dags/subdag/subdag.py
[2024-04-29T04:34:45.616+0000] {processor.py:830} INFO - Processing file /opt/airflow/dags/subdag/subdag.py for tasks to queue
[2024-04-29T04:34:45.618+0000] {logging_mixin.py:188} INFO - [2024-04-29T04:34:45.617+0000] {dagbag.py:540} INFO - Filling up the DagBag from /opt/airflow/dags/subdag/subdag.py
[2024-04-29T04:34:45.827+0000] {processor.py:842} WARNING - No viable dags retrieved from /opt/airflow/dags/subdag/subdag.py
[2024-04-29T04:34:45.835+0000] {processor.py:183} INFO - Processing /opt/airflow/dags/subdag/subdag.py took 0.224 seconds
[2024-04-29T04:35:16.332+0000] {processor.py:161} INFO - Started process (PID=1471) to work on /opt/airflow/dags/subdag/subdag.py
[2024-04-29T04:35:16.333+0000] {processor.py:830} INFO - Processing file /opt/airflow/dags/subdag/subdag.py for tasks to queue
[2024-04-29T04:35:16.335+0000] {logging_mixin.py:188} INFO - [2024-04-29T04:35:16.334+0000] {dagbag.py:540} INFO - Filling up the DagBag from /opt/airflow/dags/subdag/subdag.py
[2024-04-29T04:35:16.550+0000] {processor.py:842} WARNING - No viable dags retrieved from /opt/airflow/dags/subdag/subdag.py
[2024-04-29T04:35:16.560+0000] {processor.py:183} INFO - Processing /opt/airflow/dags/subdag/subdag.py took 0.232 seconds
[2024-04-29T04:35:47.074+0000] {processor.py:161} INFO - Started process (PID=1533) to work on /opt/airflow/dags/subdag/subdag.py
[2024-04-29T04:35:47.075+0000] {processor.py:830} INFO - Processing file /opt/airflow/dags/subdag/subdag.py for tasks to queue
[2024-04-29T04:35:47.076+0000] {logging_mixin.py:188} INFO - [2024-04-29T04:35:47.076+0000] {dagbag.py:540} INFO - Filling up the DagBag from /opt/airflow/dags/subdag/subdag.py
[2024-04-29T04:35:47.276+0000] {processor.py:842} WARNING - No viable dags retrieved from /opt/airflow/dags/subdag/subdag.py
[2024-04-29T04:35:47.285+0000] {processor.py:183} INFO - Processing /opt/airflow/dags/subdag/subdag.py took 0.215 seconds
[2024-04-29T04:36:17.852+0000] {processor.py:161} INFO - Started process (PID=1595) to work on /opt/airflow/dags/subdag/subdag.py
[2024-04-29T04:36:17.853+0000] {processor.py:830} INFO - Processing file /opt/airflow/dags/subdag/subdag.py for tasks to queue
[2024-04-29T04:36:17.855+0000] {logging_mixin.py:188} INFO - [2024-04-29T04:36:17.854+0000] {dagbag.py:540} INFO - Filling up the DagBag from /opt/airflow/dags/subdag/subdag.py
[2024-04-29T04:36:18.058+0000] {processor.py:842} WARNING - No viable dags retrieved from /opt/airflow/dags/subdag/subdag.py
[2024-04-29T04:36:18.067+0000] {processor.py:183} INFO - Processing /opt/airflow/dags/subdag/subdag.py took 0.219 seconds
[2024-04-29T04:36:48.627+0000] {processor.py:161} INFO - Started process (PID=1657) to work on /opt/airflow/dags/subdag/subdag.py
[2024-04-29T04:36:48.628+0000] {processor.py:830} INFO - Processing file /opt/airflow/dags/subdag/subdag.py for tasks to queue
[2024-04-29T04:36:48.629+0000] {logging_mixin.py:188} INFO - [2024-04-29T04:36:48.629+0000] {dagbag.py:540} INFO - Filling up the DagBag from /opt/airflow/dags/subdag/subdag.py
[2024-04-29T04:36:48.844+0000] {processor.py:842} WARNING - No viable dags retrieved from /opt/airflow/dags/subdag/subdag.py
[2024-04-29T04:36:48.853+0000] {processor.py:183} INFO - Processing /opt/airflow/dags/subdag/subdag.py took 0.230 seconds
[2024-04-29T04:37:19.365+0000] {processor.py:161} INFO - Started process (PID=1719) to work on /opt/airflow/dags/subdag/subdag.py
[2024-04-29T04:37:19.366+0000] {processor.py:830} INFO - Processing file /opt/airflow/dags/subdag/subdag.py for tasks to queue
[2024-04-29T04:37:19.368+0000] {logging_mixin.py:188} INFO - [2024-04-29T04:37:19.367+0000] {dagbag.py:540} INFO - Filling up the DagBag from /opt/airflow/dags/subdag/subdag.py
[2024-04-29T04:37:19.571+0000] {processor.py:842} WARNING - No viable dags retrieved from /opt/airflow/dags/subdag/subdag.py
[2024-04-29T04:37:19.579+0000] {processor.py:183} INFO - Processing /opt/airflow/dags/subdag/subdag.py took 0.218 seconds
[2024-04-29T04:37:50.030+0000] {processor.py:161} INFO - Started process (PID=1782) to work on /opt/airflow/dags/subdag/subdag.py
[2024-04-29T04:37:50.031+0000] {processor.py:830} INFO - Processing file /opt/airflow/dags/subdag/subdag.py for tasks to queue
[2024-04-29T04:37:50.032+0000] {logging_mixin.py:188} INFO - [2024-04-29T04:37:50.032+0000] {dagbag.py:540} INFO - Filling up the DagBag from /opt/airflow/dags/subdag/subdag.py
[2024-04-29T04:37:50.244+0000] {processor.py:842} WARNING - No viable dags retrieved from /opt/airflow/dags/subdag/subdag.py
[2024-04-29T04:37:50.253+0000] {processor.py:183} INFO - Processing /opt/airflow/dags/subdag/subdag.py took 0.228 seconds
[2024-04-29T04:38:20.750+0000] {processor.py:161} INFO - Started process (PID=1844) to work on /opt/airflow/dags/subdag/subdag.py
[2024-04-29T04:38:20.750+0000] {processor.py:830} INFO - Processing file /opt/airflow/dags/subdag/subdag.py for tasks to queue
[2024-04-29T04:38:20.752+0000] {logging_mixin.py:188} INFO - [2024-04-29T04:38:20.751+0000] {dagbag.py:540} INFO - Filling up the DagBag from /opt/airflow/dags/subdag/subdag.py
[2024-04-29T04:38:20.953+0000] {processor.py:842} WARNING - No viable dags retrieved from /opt/airflow/dags/subdag/subdag.py
[2024-04-29T04:38:20.961+0000] {processor.py:183} INFO - Processing /opt/airflow/dags/subdag/subdag.py took 0.216 seconds
[2024-04-29T04:38:51.194+0000] {processor.py:161} INFO - Started process (PID=1906) to work on /opt/airflow/dags/subdag/subdag.py
[2024-04-29T04:38:51.195+0000] {processor.py:830} INFO - Processing file /opt/airflow/dags/subdag/subdag.py for tasks to queue
[2024-04-29T04:38:51.196+0000] {logging_mixin.py:188} INFO - [2024-04-29T04:38:51.196+0000] {dagbag.py:540} INFO - Filling up the DagBag from /opt/airflow/dags/subdag/subdag.py
[2024-04-29T04:38:51.409+0000] {processor.py:842} WARNING - No viable dags retrieved from /opt/airflow/dags/subdag/subdag.py
[2024-04-29T04:38:51.419+0000] {processor.py:183} INFO - Processing /opt/airflow/dags/subdag/subdag.py took 0.230 seconds
[2024-04-29T04:39:21.705+0000] {processor.py:161} INFO - Started process (PID=1968) to work on /opt/airflow/dags/subdag/subdag.py
[2024-04-29T04:39:21.706+0000] {processor.py:830} INFO - Processing file /opt/airflow/dags/subdag/subdag.py for tasks to queue
[2024-04-29T04:39:21.707+0000] {logging_mixin.py:188} INFO - [2024-04-29T04:39:21.707+0000] {dagbag.py:540} INFO - Filling up the DagBag from /opt/airflow/dags/subdag/subdag.py
[2024-04-29T04:39:21.929+0000] {processor.py:842} WARNING - No viable dags retrieved from /opt/airflow/dags/subdag/subdag.py
[2024-04-29T04:39:21.938+0000] {processor.py:183} INFO - Processing /opt/airflow/dags/subdag/subdag.py took 0.239 seconds
[2024-04-29T04:39:52.542+0000] {processor.py:161} INFO - Started process (PID=2030) to work on /opt/airflow/dags/subdag/subdag.py
[2024-04-29T04:39:52.543+0000] {processor.py:830} INFO - Processing file /opt/airflow/dags/subdag/subdag.py for tasks to queue
[2024-04-29T04:39:52.544+0000] {logging_mixin.py:188} INFO - [2024-04-29T04:39:52.544+0000] {dagbag.py:540} INFO - Filling up the DagBag from /opt/airflow/dags/subdag/subdag.py
[2024-04-29T04:39:52.753+0000] {processor.py:842} WARNING - No viable dags retrieved from /opt/airflow/dags/subdag/subdag.py
[2024-04-29T04:39:52.764+0000] {processor.py:183} INFO - Processing /opt/airflow/dags/subdag/subdag.py took 0.226 seconds
[2024-04-29T04:40:23.180+0000] {processor.py:161} INFO - Started process (PID=2092) to work on /opt/airflow/dags/subdag/subdag.py
[2024-04-29T04:40:23.181+0000] {processor.py:830} INFO - Processing file /opt/airflow/dags/subdag/subdag.py for tasks to queue
[2024-04-29T04:40:23.182+0000] {logging_mixin.py:188} INFO - [2024-04-29T04:40:23.182+0000] {dagbag.py:540} INFO - Filling up the DagBag from /opt/airflow/dags/subdag/subdag.py
[2024-04-29T04:40:23.389+0000] {processor.py:842} WARNING - No viable dags retrieved from /opt/airflow/dags/subdag/subdag.py
[2024-04-29T04:40:23.398+0000] {processor.py:183} INFO - Processing /opt/airflow/dags/subdag/subdag.py took 0.223 seconds
[2024-04-29T04:40:54.048+0000] {processor.py:161} INFO - Started process (PID=2158) to work on /opt/airflow/dags/subdag/subdag.py
[2024-04-29T04:40:54.049+0000] {processor.py:830} INFO - Processing file /opt/airflow/dags/subdag/subdag.py for tasks to queue
[2024-04-29T04:40:54.051+0000] {logging_mixin.py:188} INFO - [2024-04-29T04:40:54.050+0000] {dagbag.py:540} INFO - Filling up the DagBag from /opt/airflow/dags/subdag/subdag.py
[2024-04-29T04:40:54.261+0000] {processor.py:842} WARNING - No viable dags retrieved from /opt/airflow/dags/subdag/subdag.py
[2024-04-29T04:40:54.269+0000] {processor.py:183} INFO - Processing /opt/airflow/dags/subdag/subdag.py took 0.226 seconds
[2024-04-29T04:41:24.851+0000] {processor.py:161} INFO - Started process (PID=2220) to work on /opt/airflow/dags/subdag/subdag.py
[2024-04-29T04:41:24.851+0000] {processor.py:830} INFO - Processing file /opt/airflow/dags/subdag/subdag.py for tasks to queue
[2024-04-29T04:41:24.853+0000] {logging_mixin.py:188} INFO - [2024-04-29T04:41:24.853+0000] {dagbag.py:540} INFO - Filling up the DagBag from /opt/airflow/dags/subdag/subdag.py
[2024-04-29T04:41:25.057+0000] {processor.py:842} WARNING - No viable dags retrieved from /opt/airflow/dags/subdag/subdag.py
[2024-04-29T04:41:25.066+0000] {processor.py:183} INFO - Processing /opt/airflow/dags/subdag/subdag.py took 0.220 seconds
[2024-04-29T04:41:55.743+0000] {processor.py:161} INFO - Started process (PID=2286) to work on /opt/airflow/dags/subdag/subdag.py
[2024-04-29T04:41:55.744+0000] {processor.py:830} INFO - Processing file /opt/airflow/dags/subdag/subdag.py for tasks to queue
[2024-04-29T04:41:55.746+0000] {logging_mixin.py:188} INFO - [2024-04-29T04:41:55.745+0000] {dagbag.py:540} INFO - Filling up the DagBag from /opt/airflow/dags/subdag/subdag.py
[2024-04-29T04:41:55.978+0000] {processor.py:842} WARNING - No viable dags retrieved from /opt/airflow/dags/subdag/subdag.py
[2024-04-29T04:41:55.990+0000] {processor.py:183} INFO - Processing /opt/airflow/dags/subdag/subdag.py took 0.252 seconds
[2024-04-29T04:42:26.133+0000] {processor.py:161} INFO - Started process (PID=2348) to work on /opt/airflow/dags/subdag/subdag.py
[2024-04-29T04:42:26.133+0000] {processor.py:830} INFO - Processing file /opt/airflow/dags/subdag/subdag.py for tasks to queue
[2024-04-29T04:42:26.135+0000] {logging_mixin.py:188} INFO - [2024-04-29T04:42:26.135+0000] {dagbag.py:540} INFO - Filling up the DagBag from /opt/airflow/dags/subdag/subdag.py
[2024-04-29T04:42:26.360+0000] {processor.py:842} WARNING - No viable dags retrieved from /opt/airflow/dags/subdag/subdag.py
[2024-04-29T04:42:26.370+0000] {processor.py:183} INFO - Processing /opt/airflow/dags/subdag/subdag.py took 0.242 seconds
[2024-04-29T04:42:56.801+0000] {processor.py:161} INFO - Started process (PID=2410) to work on /opt/airflow/dags/subdag/subdag.py
[2024-04-29T04:42:56.802+0000] {processor.py:830} INFO - Processing file /opt/airflow/dags/subdag/subdag.py for tasks to queue
[2024-04-29T04:42:56.803+0000] {logging_mixin.py:188} INFO - [2024-04-29T04:42:56.803+0000] {dagbag.py:540} INFO - Filling up the DagBag from /opt/airflow/dags/subdag/subdag.py
[2024-04-29T04:42:57.011+0000] {processor.py:842} WARNING - No viable dags retrieved from /opt/airflow/dags/subdag/subdag.py
[2024-04-29T04:42:57.020+0000] {processor.py:183} INFO - Processing /opt/airflow/dags/subdag/subdag.py took 0.224 seconds
[2024-04-29T04:43:27.457+0000] {processor.py:161} INFO - Started process (PID=2472) to work on /opt/airflow/dags/subdag/subdag.py
[2024-04-29T04:43:27.458+0000] {processor.py:830} INFO - Processing file /opt/airflow/dags/subdag/subdag.py for tasks to queue
[2024-04-29T04:43:27.459+0000] {logging_mixin.py:188} INFO - [2024-04-29T04:43:27.459+0000] {dagbag.py:540} INFO - Filling up the DagBag from /opt/airflow/dags/subdag/subdag.py
[2024-04-29T04:43:27.657+0000] {processor.py:842} WARNING - No viable dags retrieved from /opt/airflow/dags/subdag/subdag.py
[2024-04-29T04:43:27.666+0000] {processor.py:183} INFO - Processing /opt/airflow/dags/subdag/subdag.py took 0.213 seconds
[2024-04-29T04:43:58.145+0000] {processor.py:161} INFO - Started process (PID=2540) to work on /opt/airflow/dags/subdag/subdag.py
[2024-04-29T04:43:58.145+0000] {processor.py:830} INFO - Processing file /opt/airflow/dags/subdag/subdag.py for tasks to queue
[2024-04-29T04:43:58.147+0000] {logging_mixin.py:188} INFO - [2024-04-29T04:43:58.147+0000] {dagbag.py:540} INFO - Filling up the DagBag from /opt/airflow/dags/subdag/subdag.py
[2024-04-29T04:43:58.351+0000] {processor.py:842} WARNING - No viable dags retrieved from /opt/airflow/dags/subdag/subdag.py
[2024-04-29T04:43:58.359+0000] {processor.py:183} INFO - Processing /opt/airflow/dags/subdag/subdag.py took 0.219 seconds
[2024-04-29T04:44:28.960+0000] {processor.py:161} INFO - Started process (PID=2604) to work on /opt/airflow/dags/subdag/subdag.py
[2024-04-29T04:44:28.961+0000] {processor.py:830} INFO - Processing file /opt/airflow/dags/subdag/subdag.py for tasks to queue
[2024-04-29T04:44:28.963+0000] {logging_mixin.py:188} INFO - [2024-04-29T04:44:28.962+0000] {dagbag.py:540} INFO - Filling up the DagBag from /opt/airflow/dags/subdag/subdag.py
[2024-04-29T04:44:29.169+0000] {processor.py:842} WARNING - No viable dags retrieved from /opt/airflow/dags/subdag/subdag.py
[2024-04-29T04:44:29.177+0000] {processor.py:183} INFO - Processing /opt/airflow/dags/subdag/subdag.py took 0.222 seconds
[2024-04-29T04:44:44.413+0000] {processor.py:161} INFO - Started process (PID=2647) to work on /opt/airflow/dags/subdag/subdag.py
[2024-04-29T04:44:44.413+0000] {processor.py:830} INFO - Processing file /opt/airflow/dags/subdag/subdag.py for tasks to queue
[2024-04-29T04:44:44.415+0000] {logging_mixin.py:188} INFO - [2024-04-29T04:44:44.415+0000] {dagbag.py:540} INFO - Filling up the DagBag from /opt/airflow/dags/subdag/subdag.py
[2024-04-29T04:44:44.656+0000] {processor.py:842} WARNING - No viable dags retrieved from /opt/airflow/dags/subdag/subdag.py
[2024-04-29T04:44:44.666+0000] {processor.py:183} INFO - Processing /opt/airflow/dags/subdag/subdag.py took 0.257 seconds
[2024-04-29T04:45:15.082+0000] {processor.py:161} INFO - Started process (PID=2719) to work on /opt/airflow/dags/subdag/subdag.py
[2024-04-29T04:45:15.083+0000] {processor.py:830} INFO - Processing file /opt/airflow/dags/subdag/subdag.py for tasks to queue
[2024-04-29T04:45:15.084+0000] {logging_mixin.py:188} INFO - [2024-04-29T04:45:15.084+0000] {dagbag.py:540} INFO - Filling up the DagBag from /opt/airflow/dags/subdag/subdag.py
[2024-04-29T04:45:15.313+0000] {processor.py:842} WARNING - No viable dags retrieved from /opt/airflow/dags/subdag/subdag.py
[2024-04-29T04:45:15.324+0000] {processor.py:183} INFO - Processing /opt/airflow/dags/subdag/subdag.py took 0.247 seconds
[2024-04-29T04:45:45.804+0000] {processor.py:161} INFO - Started process (PID=2781) to work on /opt/airflow/dags/subdag/subdag.py
[2024-04-29T04:45:45.804+0000] {processor.py:830} INFO - Processing file /opt/airflow/dags/subdag/subdag.py for tasks to queue
[2024-04-29T04:45:45.806+0000] {logging_mixin.py:188} INFO - [2024-04-29T04:45:45.805+0000] {dagbag.py:540} INFO - Filling up the DagBag from /opt/airflow/dags/subdag/subdag.py
[2024-04-29T04:45:46.025+0000] {processor.py:842} WARNING - No viable dags retrieved from /opt/airflow/dags/subdag/subdag.py
[2024-04-29T04:45:46.035+0000] {processor.py:183} INFO - Processing /opt/airflow/dags/subdag/subdag.py took 0.236 seconds
[2024-04-29T04:46:16.371+0000] {processor.py:161} INFO - Started process (PID=2853) to work on /opt/airflow/dags/subdag/subdag.py
[2024-04-29T04:46:16.372+0000] {processor.py:830} INFO - Processing file /opt/airflow/dags/subdag/subdag.py for tasks to queue
[2024-04-29T04:46:16.373+0000] {logging_mixin.py:188} INFO - [2024-04-29T04:46:16.373+0000] {dagbag.py:540} INFO - Filling up the DagBag from /opt/airflow/dags/subdag/subdag.py
[2024-04-29T04:46:16.600+0000] {processor.py:842} WARNING - No viable dags retrieved from /opt/airflow/dags/subdag/subdag.py
[2024-04-29T04:46:16.610+0000] {processor.py:183} INFO - Processing /opt/airflow/dags/subdag/subdag.py took 0.244 seconds
[2024-04-29T04:46:46.881+0000] {processor.py:161} INFO - Started process (PID=2915) to work on /opt/airflow/dags/subdag/subdag.py
[2024-04-29T04:46:46.882+0000] {processor.py:830} INFO - Processing file /opt/airflow/dags/subdag/subdag.py for tasks to queue
[2024-04-29T04:46:46.884+0000] {logging_mixin.py:188} INFO - [2024-04-29T04:46:46.884+0000] {dagbag.py:540} INFO - Filling up the DagBag from /opt/airflow/dags/subdag/subdag.py
[2024-04-29T04:46:47.105+0000] {processor.py:842} WARNING - No viable dags retrieved from /opt/airflow/dags/subdag/subdag.py
[2024-04-29T04:46:47.115+0000] {processor.py:183} INFO - Processing /opt/airflow/dags/subdag/subdag.py took 0.238 seconds
[2024-04-29T04:47:17.688+0000] {processor.py:161} INFO - Started process (PID=2977) to work on /opt/airflow/dags/subdag/subdag.py
[2024-04-29T04:47:17.689+0000] {processor.py:830} INFO - Processing file /opt/airflow/dags/subdag/subdag.py for tasks to queue
[2024-04-29T04:47:17.690+0000] {logging_mixin.py:188} INFO - [2024-04-29T04:47:17.690+0000] {dagbag.py:540} INFO - Filling up the DagBag from /opt/airflow/dags/subdag/subdag.py
[2024-04-29T04:47:17.903+0000] {processor.py:842} WARNING - No viable dags retrieved from /opt/airflow/dags/subdag/subdag.py
[2024-04-29T04:47:17.914+0000] {processor.py:183} INFO - Processing /opt/airflow/dags/subdag/subdag.py took 0.230 seconds
[2024-04-29T04:47:48.374+0000] {processor.py:161} INFO - Started process (PID=3039) to work on /opt/airflow/dags/subdag/subdag.py
[2024-04-29T04:47:48.375+0000] {processor.py:830} INFO - Processing file /opt/airflow/dags/subdag/subdag.py for tasks to queue
[2024-04-29T04:47:48.377+0000] {logging_mixin.py:188} INFO - [2024-04-29T04:47:48.376+0000] {dagbag.py:540} INFO - Filling up the DagBag from /opt/airflow/dags/subdag/subdag.py
[2024-04-29T04:47:48.587+0000] {processor.py:842} WARNING - No viable dags retrieved from /opt/airflow/dags/subdag/subdag.py
[2024-04-29T04:47:48.597+0000] {processor.py:183} INFO - Processing /opt/airflow/dags/subdag/subdag.py took 0.226 seconds
[2024-04-29T04:48:18.975+0000] {processor.py:161} INFO - Started process (PID=3106) to work on /opt/airflow/dags/subdag/subdag.py
[2024-04-29T04:48:18.975+0000] {processor.py:830} INFO - Processing file /opt/airflow/dags/subdag/subdag.py for tasks to queue
[2024-04-29T04:48:18.977+0000] {logging_mixin.py:188} INFO - [2024-04-29T04:48:18.976+0000] {dagbag.py:540} INFO - Filling up the DagBag from /opt/airflow/dags/subdag/subdag.py
[2024-04-29T04:48:19.194+0000] {processor.py:842} WARNING - No viable dags retrieved from /opt/airflow/dags/subdag/subdag.py
[2024-04-29T04:48:19.203+0000] {processor.py:183} INFO - Processing /opt/airflow/dags/subdag/subdag.py took 0.233 seconds
[2024-04-29T04:48:49.639+0000] {processor.py:161} INFO - Started process (PID=3168) to work on /opt/airflow/dags/subdag/subdag.py
[2024-04-29T04:48:49.640+0000] {processor.py:830} INFO - Processing file /opt/airflow/dags/subdag/subdag.py for tasks to queue
[2024-04-29T04:48:49.642+0000] {logging_mixin.py:188} INFO - [2024-04-29T04:48:49.642+0000] {dagbag.py:540} INFO - Filling up the DagBag from /opt/airflow/dags/subdag/subdag.py
[2024-04-29T04:48:49.854+0000] {processor.py:842} WARNING - No viable dags retrieved from /opt/airflow/dags/subdag/subdag.py
[2024-04-29T04:48:49.863+0000] {processor.py:183} INFO - Processing /opt/airflow/dags/subdag/subdag.py took 0.228 seconds
[2024-04-29T04:49:20.287+0000] {processor.py:161} INFO - Started process (PID=3230) to work on /opt/airflow/dags/subdag/subdag.py
[2024-04-29T04:49:20.288+0000] {processor.py:830} INFO - Processing file /opt/airflow/dags/subdag/subdag.py for tasks to queue
[2024-04-29T04:49:20.289+0000] {logging_mixin.py:188} INFO - [2024-04-29T04:49:20.289+0000] {dagbag.py:540} INFO - Filling up the DagBag from /opt/airflow/dags/subdag/subdag.py
[2024-04-29T04:49:20.504+0000] {processor.py:842} WARNING - No viable dags retrieved from /opt/airflow/dags/subdag/subdag.py
[2024-04-29T04:49:20.513+0000] {processor.py:183} INFO - Processing /opt/airflow/dags/subdag/subdag.py took 0.230 seconds
[2024-04-29T04:49:50.935+0000] {processor.py:161} INFO - Started process (PID=3292) to work on /opt/airflow/dags/subdag/subdag.py
[2024-04-29T04:49:50.936+0000] {processor.py:830} INFO - Processing file /opt/airflow/dags/subdag/subdag.py for tasks to queue
[2024-04-29T04:49:50.937+0000] {logging_mixin.py:188} INFO - [2024-04-29T04:49:50.937+0000] {dagbag.py:540} INFO - Filling up the DagBag from /opt/airflow/dags/subdag/subdag.py
[2024-04-29T04:49:51.151+0000] {processor.py:842} WARNING - No viable dags retrieved from /opt/airflow/dags/subdag/subdag.py
[2024-04-29T04:49:51.161+0000] {processor.py:183} INFO - Processing /opt/airflow/dags/subdag/subdag.py took 0.230 seconds
[2024-04-29T04:50:21.638+0000] {processor.py:161} INFO - Started process (PID=3359) to work on /opt/airflow/dags/subdag/subdag.py
[2024-04-29T04:50:21.639+0000] {processor.py:830} INFO - Processing file /opt/airflow/dags/subdag/subdag.py for tasks to queue
[2024-04-29T04:50:21.640+0000] {logging_mixin.py:188} INFO - [2024-04-29T04:50:21.640+0000] {dagbag.py:540} INFO - Filling up the DagBag from /opt/airflow/dags/subdag/subdag.py
[2024-04-29T04:50:21.856+0000] {processor.py:842} WARNING - No viable dags retrieved from /opt/airflow/dags/subdag/subdag.py
[2024-04-29T04:50:21.866+0000] {processor.py:183} INFO - Processing /opt/airflow/dags/subdag/subdag.py took 0.233 seconds
[2024-04-29T04:50:52.309+0000] {processor.py:161} INFO - Started process (PID=3421) to work on /opt/airflow/dags/subdag/subdag.py
[2024-04-29T04:50:52.310+0000] {processor.py:830} INFO - Processing file /opt/airflow/dags/subdag/subdag.py for tasks to queue
[2024-04-29T04:50:52.311+0000] {logging_mixin.py:188} INFO - [2024-04-29T04:50:52.311+0000] {dagbag.py:540} INFO - Filling up the DagBag from /opt/airflow/dags/subdag/subdag.py
[2024-04-29T04:50:52.527+0000] {processor.py:842} WARNING - No viable dags retrieved from /opt/airflow/dags/subdag/subdag.py
[2024-04-29T04:50:52.535+0000] {processor.py:183} INFO - Processing /opt/airflow/dags/subdag/subdag.py took 0.230 seconds
[2024-04-29T04:51:22.988+0000] {processor.py:161} INFO - Started process (PID=3483) to work on /opt/airflow/dags/subdag/subdag.py
[2024-04-29T04:51:22.989+0000] {processor.py:830} INFO - Processing file /opt/airflow/dags/subdag/subdag.py for tasks to queue
[2024-04-29T04:51:22.990+0000] {logging_mixin.py:188} INFO - [2024-04-29T04:51:22.990+0000] {dagbag.py:540} INFO - Filling up the DagBag from /opt/airflow/dags/subdag/subdag.py
[2024-04-29T04:51:23.201+0000] {processor.py:842} WARNING - No viable dags retrieved from /opt/airflow/dags/subdag/subdag.py
[2024-04-29T04:51:23.211+0000] {processor.py:183} INFO - Processing /opt/airflow/dags/subdag/subdag.py took 0.227 seconds
[2024-04-29T04:51:53.652+0000] {processor.py:161} INFO - Started process (PID=3545) to work on /opt/airflow/dags/subdag/subdag.py
[2024-04-29T04:51:53.653+0000] {processor.py:830} INFO - Processing file /opt/airflow/dags/subdag/subdag.py for tasks to queue
[2024-04-29T04:51:53.654+0000] {logging_mixin.py:188} INFO - [2024-04-29T04:51:53.654+0000] {dagbag.py:540} INFO - Filling up the DagBag from /opt/airflow/dags/subdag/subdag.py
[2024-04-29T04:51:53.868+0000] {processor.py:842} WARNING - No viable dags retrieved from /opt/airflow/dags/subdag/subdag.py
[2024-04-29T04:51:53.877+0000] {processor.py:183} INFO - Processing /opt/airflow/dags/subdag/subdag.py took 0.229 seconds
[2024-04-29T04:52:24.181+0000] {processor.py:161} INFO - Started process (PID=3612) to work on /opt/airflow/dags/subdag/subdag.py
[2024-04-29T04:52:24.181+0000] {processor.py:830} INFO - Processing file /opt/airflow/dags/subdag/subdag.py for tasks to queue
[2024-04-29T04:52:24.183+0000] {logging_mixin.py:188} INFO - [2024-04-29T04:52:24.183+0000] {dagbag.py:540} INFO - Filling up the DagBag from /opt/airflow/dags/subdag/subdag.py
[2024-04-29T04:52:24.403+0000] {processor.py:842} WARNING - No viable dags retrieved from /opt/airflow/dags/subdag/subdag.py
[2024-04-29T04:52:24.412+0000] {processor.py:183} INFO - Processing /opt/airflow/dags/subdag/subdag.py took 0.236 seconds
[2024-04-29T04:52:55.151+0000] {processor.py:161} INFO - Started process (PID=3674) to work on /opt/airflow/dags/subdag/subdag.py
[2024-04-29T04:52:55.152+0000] {processor.py:830} INFO - Processing file /opt/airflow/dags/subdag/subdag.py for tasks to queue
[2024-04-29T04:52:55.154+0000] {logging_mixin.py:188} INFO - [2024-04-29T04:52:55.153+0000] {dagbag.py:540} INFO - Filling up the DagBag from /opt/airflow/dags/subdag/subdag.py
[2024-04-29T04:52:55.389+0000] {processor.py:842} WARNING - No viable dags retrieved from /opt/airflow/dags/subdag/subdag.py
[2024-04-29T04:52:55.399+0000] {processor.py:183} INFO - Processing /opt/airflow/dags/subdag/subdag.py took 0.254 seconds
[2024-04-29T04:53:26.061+0000] {processor.py:161} INFO - Started process (PID=3736) to work on /opt/airflow/dags/subdag/subdag.py
[2024-04-29T04:53:26.062+0000] {processor.py:830} INFO - Processing file /opt/airflow/dags/subdag/subdag.py for tasks to queue
[2024-04-29T04:53:26.063+0000] {logging_mixin.py:188} INFO - [2024-04-29T04:53:26.063+0000] {dagbag.py:540} INFO - Filling up the DagBag from /opt/airflow/dags/subdag/subdag.py
[2024-04-29T04:53:26.306+0000] {processor.py:842} WARNING - No viable dags retrieved from /opt/airflow/dags/subdag/subdag.py
[2024-04-29T04:53:26.315+0000] {processor.py:183} INFO - Processing /opt/airflow/dags/subdag/subdag.py took 0.259 seconds
[2024-04-29T04:53:56.505+0000] {processor.py:161} INFO - Started process (PID=3807) to work on /opt/airflow/dags/subdag/subdag.py
[2024-04-29T04:53:56.506+0000] {processor.py:830} INFO - Processing file /opt/airflow/dags/subdag/subdag.py for tasks to queue
[2024-04-29T04:53:56.507+0000] {logging_mixin.py:188} INFO - [2024-04-29T04:53:56.507+0000] {dagbag.py:540} INFO - Filling up the DagBag from /opt/airflow/dags/subdag/subdag.py
[2024-04-29T04:53:56.723+0000] {processor.py:842} WARNING - No viable dags retrieved from /opt/airflow/dags/subdag/subdag.py
[2024-04-29T04:53:56.733+0000] {processor.py:183} INFO - Processing /opt/airflow/dags/subdag/subdag.py took 0.233 seconds
[2024-04-29T04:54:26.863+0000] {processor.py:161} INFO - Started process (PID=3871) to work on /opt/airflow/dags/subdag/subdag.py
[2024-04-29T04:54:26.864+0000] {processor.py:830} INFO - Processing file /opt/airflow/dags/subdag/subdag.py for tasks to queue
[2024-04-29T04:54:26.865+0000] {logging_mixin.py:188} INFO - [2024-04-29T04:54:26.865+0000] {dagbag.py:540} INFO - Filling up the DagBag from /opt/airflow/dags/subdag/subdag.py
[2024-04-29T04:54:27.078+0000] {processor.py:842} WARNING - No viable dags retrieved from /opt/airflow/dags/subdag/subdag.py
[2024-04-29T04:54:27.087+0000] {processor.py:183} INFO - Processing /opt/airflow/dags/subdag/subdag.py took 0.228 seconds
[2024-04-29T04:54:57.356+0000] {processor.py:161} INFO - Started process (PID=3934) to work on /opt/airflow/dags/subdag/subdag.py
[2024-04-29T04:54:57.356+0000] {processor.py:830} INFO - Processing file /opt/airflow/dags/subdag/subdag.py for tasks to queue
[2024-04-29T04:54:57.358+0000] {logging_mixin.py:188} INFO - [2024-04-29T04:54:57.358+0000] {dagbag.py:540} INFO - Filling up the DagBag from /opt/airflow/dags/subdag/subdag.py
[2024-04-29T04:54:57.571+0000] {processor.py:842} WARNING - No viable dags retrieved from /opt/airflow/dags/subdag/subdag.py
[2024-04-29T04:54:57.580+0000] {processor.py:183} INFO - Processing /opt/airflow/dags/subdag/subdag.py took 0.228 seconds
[2024-04-29T04:55:27.913+0000] {processor.py:161} INFO - Started process (PID=3996) to work on /opt/airflow/dags/subdag/subdag.py
[2024-04-29T04:55:27.914+0000] {processor.py:830} INFO - Processing file /opt/airflow/dags/subdag/subdag.py for tasks to queue
[2024-04-29T04:55:27.915+0000] {logging_mixin.py:188} INFO - [2024-04-29T04:55:27.915+0000] {dagbag.py:540} INFO - Filling up the DagBag from /opt/airflow/dags/subdag/subdag.py
[2024-04-29T04:55:28.133+0000] {processor.py:842} WARNING - No viable dags retrieved from /opt/airflow/dags/subdag/subdag.py
[2024-04-29T04:55:28.143+0000] {processor.py:183} INFO - Processing /opt/airflow/dags/subdag/subdag.py took 0.235 seconds
[2024-04-29T04:55:58.469+0000] {processor.py:161} INFO - Started process (PID=4058) to work on /opt/airflow/dags/subdag/subdag.py
[2024-04-29T04:55:58.470+0000] {processor.py:830} INFO - Processing file /opt/airflow/dags/subdag/subdag.py for tasks to queue
[2024-04-29T04:55:58.471+0000] {logging_mixin.py:188} INFO - [2024-04-29T04:55:58.471+0000] {dagbag.py:540} INFO - Filling up the DagBag from /opt/airflow/dags/subdag/subdag.py
[2024-04-29T04:55:58.690+0000] {processor.py:842} WARNING - No viable dags retrieved from /opt/airflow/dags/subdag/subdag.py
[2024-04-29T04:55:58.701+0000] {processor.py:183} INFO - Processing /opt/airflow/dags/subdag/subdag.py took 0.236 seconds
[2024-04-29T04:56:28.844+0000] {processor.py:161} INFO - Started process (PID=4130) to work on /opt/airflow/dags/subdag/subdag.py
[2024-04-29T04:56:28.845+0000] {processor.py:830} INFO - Processing file /opt/airflow/dags/subdag/subdag.py for tasks to queue
[2024-04-29T04:56:28.847+0000] {logging_mixin.py:188} INFO - [2024-04-29T04:56:28.846+0000] {dagbag.py:540} INFO - Filling up the DagBag from /opt/airflow/dags/subdag/subdag.py
[2024-04-29T04:56:29.068+0000] {processor.py:842} WARNING - No viable dags retrieved from /opt/airflow/dags/subdag/subdag.py
[2024-04-29T04:56:29.078+0000] {processor.py:183} INFO - Processing /opt/airflow/dags/subdag/subdag.py took 0.237 seconds
[2024-04-29T04:56:59.463+0000] {processor.py:161} INFO - Started process (PID=4192) to work on /opt/airflow/dags/subdag/subdag.py
[2024-04-29T04:56:59.464+0000] {processor.py:830} INFO - Processing file /opt/airflow/dags/subdag/subdag.py for tasks to queue
[2024-04-29T04:56:59.466+0000] {logging_mixin.py:188} INFO - [2024-04-29T04:56:59.465+0000] {dagbag.py:540} INFO - Filling up the DagBag from /opt/airflow/dags/subdag/subdag.py
[2024-04-29T04:56:59.678+0000] {processor.py:842} WARNING - No viable dags retrieved from /opt/airflow/dags/subdag/subdag.py
[2024-04-29T04:56:59.687+0000] {processor.py:183} INFO - Processing /opt/airflow/dags/subdag/subdag.py took 0.228 seconds
[2024-04-29T04:57:29.962+0000] {processor.py:161} INFO - Started process (PID=4254) to work on /opt/airflow/dags/subdag/subdag.py
[2024-04-29T04:57:29.963+0000] {processor.py:830} INFO - Processing file /opt/airflow/dags/subdag/subdag.py for tasks to queue
[2024-04-29T04:57:29.964+0000] {logging_mixin.py:188} INFO - [2024-04-29T04:57:29.964+0000] {dagbag.py:540} INFO - Filling up the DagBag from /opt/airflow/dags/subdag/subdag.py
[2024-04-29T04:57:30.287+0000] {processor.py:842} WARNING - No viable dags retrieved from /opt/airflow/dags/subdag/subdag.py
[2024-04-29T04:57:30.295+0000] {processor.py:183} INFO - Processing /opt/airflow/dags/subdag/subdag.py took 0.337 seconds
[2024-04-29T04:58:00.531+0000] {processor.py:161} INFO - Started process (PID=4316) to work on /opt/airflow/dags/subdag/subdag.py
[2024-04-29T04:58:00.531+0000] {processor.py:830} INFO - Processing file /opt/airflow/dags/subdag/subdag.py for tasks to queue
[2024-04-29T04:58:00.533+0000] {logging_mixin.py:188} INFO - [2024-04-29T04:58:00.533+0000] {dagbag.py:540} INFO - Filling up the DagBag from /opt/airflow/dags/subdag/subdag.py
[2024-04-29T04:58:00.927+0000] {processor.py:842} WARNING - No viable dags retrieved from /opt/airflow/dags/subdag/subdag.py
[2024-04-29T04:58:00.937+0000] {processor.py:183} INFO - Processing /opt/airflow/dags/subdag/subdag.py took 0.411 seconds
[2024-04-29T04:58:31.178+0000] {processor.py:161} INFO - Started process (PID=4383) to work on /opt/airflow/dags/subdag/subdag.py
[2024-04-29T04:58:31.178+0000] {processor.py:830} INFO - Processing file /opt/airflow/dags/subdag/subdag.py for tasks to queue
[2024-04-29T04:58:31.180+0000] {logging_mixin.py:188} INFO - [2024-04-29T04:58:31.180+0000] {dagbag.py:540} INFO - Filling up the DagBag from /opt/airflow/dags/subdag/subdag.py
[2024-04-29T04:58:31.404+0000] {processor.py:842} WARNING - No viable dags retrieved from /opt/airflow/dags/subdag/subdag.py
[2024-04-29T04:58:31.415+0000] {processor.py:183} INFO - Processing /opt/airflow/dags/subdag/subdag.py took 0.242 seconds
[2024-04-29T04:59:01.827+0000] {processor.py:161} INFO - Started process (PID=4445) to work on /opt/airflow/dags/subdag/subdag.py
[2024-04-29T04:59:01.828+0000] {processor.py:830} INFO - Processing file /opt/airflow/dags/subdag/subdag.py for tasks to queue
[2024-04-29T04:59:01.830+0000] {logging_mixin.py:188} INFO - [2024-04-29T04:59:01.829+0000] {dagbag.py:540} INFO - Filling up the DagBag from /opt/airflow/dags/subdag/subdag.py
[2024-04-29T04:59:02.162+0000] {processor.py:842} WARNING - No viable dags retrieved from /opt/airflow/dags/subdag/subdag.py
[2024-04-29T04:59:02.171+0000] {processor.py:183} INFO - Processing /opt/airflow/dags/subdag/subdag.py took 0.349 seconds
[2024-04-29T04:59:32.462+0000] {processor.py:161} INFO - Started process (PID=4507) to work on /opt/airflow/dags/subdag/subdag.py
[2024-04-29T04:59:32.462+0000] {processor.py:830} INFO - Processing file /opt/airflow/dags/subdag/subdag.py for tasks to queue
[2024-04-29T04:59:32.464+0000] {logging_mixin.py:188} INFO - [2024-04-29T04:59:32.463+0000] {dagbag.py:540} INFO - Filling up the DagBag from /opt/airflow/dags/subdag/subdag.py
[2024-04-29T04:59:32.793+0000] {processor.py:842} WARNING - No viable dags retrieved from /opt/airflow/dags/subdag/subdag.py
[2024-04-29T04:59:32.800+0000] {processor.py:183} INFO - Processing /opt/airflow/dags/subdag/subdag.py took 0.342 seconds
[2024-04-29T05:00:03.177+0000] {processor.py:161} INFO - Started process (PID=4574) to work on /opt/airflow/dags/subdag/subdag.py
[2024-04-29T05:00:03.178+0000] {processor.py:830} INFO - Processing file /opt/airflow/dags/subdag/subdag.py for tasks to queue
[2024-04-29T05:00:03.180+0000] {logging_mixin.py:188} INFO - [2024-04-29T05:00:03.179+0000] {dagbag.py:540} INFO - Filling up the DagBag from /opt/airflow/dags/subdag/subdag.py
[2024-04-29T05:00:03.554+0000] {processor.py:842} WARNING - No viable dags retrieved from /opt/airflow/dags/subdag/subdag.py
[2024-04-29T05:00:03.561+0000] {processor.py:183} INFO - Processing /opt/airflow/dags/subdag/subdag.py took 0.389 seconds
[2024-04-29T05:00:33.729+0000] {processor.py:161} INFO - Started process (PID=4636) to work on /opt/airflow/dags/subdag/subdag.py
[2024-04-29T05:00:33.729+0000] {processor.py:830} INFO - Processing file /opt/airflow/dags/subdag/subdag.py for tasks to queue
[2024-04-29T05:00:33.731+0000] {logging_mixin.py:188} INFO - [2024-04-29T05:00:33.731+0000] {dagbag.py:540} INFO - Filling up the DagBag from /opt/airflow/dags/subdag/subdag.py
[2024-04-29T05:00:34.045+0000] {processor.py:842} WARNING - No viable dags retrieved from /opt/airflow/dags/subdag/subdag.py
[2024-04-29T05:00:34.052+0000] {processor.py:183} INFO - Processing /opt/airflow/dags/subdag/subdag.py took 0.328 seconds
[2024-04-29T05:01:04.302+0000] {processor.py:161} INFO - Started process (PID=4698) to work on /opt/airflow/dags/subdag/subdag.py
[2024-04-29T05:01:04.303+0000] {processor.py:830} INFO - Processing file /opt/airflow/dags/subdag/subdag.py for tasks to queue
[2024-04-29T05:01:04.304+0000] {logging_mixin.py:188} INFO - [2024-04-29T05:01:04.304+0000] {dagbag.py:540} INFO - Filling up the DagBag from /opt/airflow/dags/subdag/subdag.py
[2024-04-29T05:01:04.650+0000] {processor.py:842} WARNING - No viable dags retrieved from /opt/airflow/dags/subdag/subdag.py
[2024-04-29T05:01:04.659+0000] {processor.py:183} INFO - Processing /opt/airflow/dags/subdag/subdag.py took 0.361 seconds
[2024-04-29T05:01:34.826+0000] {processor.py:161} INFO - Started process (PID=4760) to work on /opt/airflow/dags/subdag/subdag.py
[2024-04-29T05:01:34.827+0000] {processor.py:830} INFO - Processing file /opt/airflow/dags/subdag/subdag.py for tasks to queue
[2024-04-29T05:01:34.828+0000] {logging_mixin.py:188} INFO - [2024-04-29T05:01:34.828+0000] {dagbag.py:540} INFO - Filling up the DagBag from /opt/airflow/dags/subdag/subdag.py
[2024-04-29T05:01:35.140+0000] {processor.py:842} WARNING - No viable dags retrieved from /opt/airflow/dags/subdag/subdag.py
[2024-04-29T05:01:35.147+0000] {processor.py:183} INFO - Processing /opt/airflow/dags/subdag/subdag.py took 0.325 seconds
[2024-04-29T05:02:05.481+0000] {processor.py:161} INFO - Started process (PID=4827) to work on /opt/airflow/dags/subdag/subdag.py
[2024-04-29T05:02:05.482+0000] {processor.py:830} INFO - Processing file /opt/airflow/dags/subdag/subdag.py for tasks to queue
[2024-04-29T05:02:05.483+0000] {logging_mixin.py:188} INFO - [2024-04-29T05:02:05.483+0000] {dagbag.py:540} INFO - Filling up the DagBag from /opt/airflow/dags/subdag/subdag.py
[2024-04-29T05:02:05.799+0000] {processor.py:842} WARNING - No viable dags retrieved from /opt/airflow/dags/subdag/subdag.py
[2024-04-29T05:02:05.807+0000] {processor.py:183} INFO - Processing /opt/airflow/dags/subdag/subdag.py took 0.330 seconds
[2024-04-29T05:02:36.209+0000] {processor.py:161} INFO - Started process (PID=4889) to work on /opt/airflow/dags/subdag/subdag.py
[2024-04-29T05:02:36.210+0000] {processor.py:830} INFO - Processing file /opt/airflow/dags/subdag/subdag.py for tasks to queue
[2024-04-29T05:02:36.211+0000] {logging_mixin.py:188} INFO - [2024-04-29T05:02:36.211+0000] {dagbag.py:540} INFO - Filling up the DagBag from /opt/airflow/dags/subdag/subdag.py
[2024-04-29T05:02:36.533+0000] {processor.py:842} WARNING - No viable dags retrieved from /opt/airflow/dags/subdag/subdag.py
[2024-04-29T05:02:36.541+0000] {processor.py:183} INFO - Processing /opt/airflow/dags/subdag/subdag.py took 0.336 seconds
[2024-04-29T05:03:06.793+0000] {processor.py:161} INFO - Started process (PID=4951) to work on /opt/airflow/dags/subdag/subdag.py
[2024-04-29T05:03:06.794+0000] {processor.py:830} INFO - Processing file /opt/airflow/dags/subdag/subdag.py for tasks to queue
[2024-04-29T05:03:06.795+0000] {logging_mixin.py:188} INFO - [2024-04-29T05:03:06.795+0000] {dagbag.py:540} INFO - Filling up the DagBag from /opt/airflow/dags/subdag/subdag.py
[2024-04-29T05:03:07.134+0000] {processor.py:842} WARNING - No viable dags retrieved from /opt/airflow/dags/subdag/subdag.py
[2024-04-29T05:03:07.142+0000] {processor.py:183} INFO - Processing /opt/airflow/dags/subdag/subdag.py took 0.353 seconds
[2024-04-29T05:03:37.341+0000] {processor.py:161} INFO - Started process (PID=5013) to work on /opt/airflow/dags/subdag/subdag.py
[2024-04-29T05:03:37.342+0000] {processor.py:830} INFO - Processing file /opt/airflow/dags/subdag/subdag.py for tasks to queue
[2024-04-29T05:03:37.343+0000] {logging_mixin.py:188} INFO - [2024-04-29T05:03:37.343+0000] {dagbag.py:540} INFO - Filling up the DagBag from /opt/airflow/dags/subdag/subdag.py
[2024-04-29T05:03:37.648+0000] {processor.py:842} WARNING - No viable dags retrieved from /opt/airflow/dags/subdag/subdag.py
[2024-04-29T05:03:37.656+0000] {processor.py:183} INFO - Processing /opt/airflow/dags/subdag/subdag.py took 0.319 seconds
[2024-04-29T05:04:07.916+0000] {processor.py:161} INFO - Started process (PID=5080) to work on /opt/airflow/dags/subdag/subdag.py
[2024-04-29T05:04:07.916+0000] {processor.py:830} INFO - Processing file /opt/airflow/dags/subdag/subdag.py for tasks to queue
[2024-04-29T05:04:07.918+0000] {logging_mixin.py:188} INFO - [2024-04-29T05:04:07.918+0000] {dagbag.py:540} INFO - Filling up the DagBag from /opt/airflow/dags/subdag/subdag.py
[2024-04-29T05:04:08.255+0000] {processor.py:842} WARNING - No viable dags retrieved from /opt/airflow/dags/subdag/subdag.py
[2024-04-29T05:04:08.264+0000] {processor.py:183} INFO - Processing /opt/airflow/dags/subdag/subdag.py took 0.353 seconds
