[2024-04-29T09:24:20.931+0000] {local_task_job_runner.py:120} INFO - ::group::Pre task execution logs
[2024-04-29T09:24:20.949+0000] {taskinstance.py:2073} INFO - Dependencies all met for dep_context=non-requeueable deps ti=<TaskInstance: etl_for_open_weather.open_weather_sensor scheduled__2024-04-29T03:02:00+00:00 [queued]>
[2024-04-29T09:24:20.959+0000] {taskinstance.py:2073} INFO - Dependencies all met for dep_context=requeueable deps ti=<TaskInstance: etl_for_open_weather.open_weather_sensor scheduled__2024-04-29T03:02:00+00:00 [queued]>
[2024-04-29T09:24:20.959+0000] {taskinstance.py:2303} INFO - Starting attempt 1 of 2
[2024-04-29T09:24:20.977+0000] {taskinstance.py:2327} INFO - Executing <Task(HttpSensor): open_weather_sensor> on 2024-04-29 03:02:00+00:00
[2024-04-29T09:24:20.989+0000] {warnings.py:110} WARNING - /home/***/.local/lib/python3.12/site-packages/***/task/task_runner/standard_task_runner.py:61: DeprecationWarning: This process (pid=1434) is multi-threaded, use of fork() may lead to deadlocks in the child.
  pid = os.fork()

[2024-04-29T09:24:20.990+0000] {standard_task_runner.py:63} INFO - Started process 1459 to run task
[2024-04-29T09:24:20.991+0000] {standard_task_runner.py:90} INFO - Running: ['***', 'tasks', 'run', 'etl_for_open_weather', 'open_weather_sensor', 'scheduled__2024-04-29T03:02:00+00:00', '--job-id', '318', '--raw', '--subdir', 'DAGS_FOLDER/open_weather.py', '--cfg-path', '/tmp/tmpkak2125p']
[2024-04-29T09:24:20.992+0000] {standard_task_runner.py:91} INFO - Job 318: Subtask open_weather_sensor
[2024-04-29T09:24:21.049+0000] {task_command.py:426} INFO - Running <TaskInstance: etl_for_open_weather.open_weather_sensor scheduled__2024-04-29T03:02:00+00:00 [running]> on host ce94facc171a
[2024-04-29T09:24:21.160+0000] {taskinstance.py:2644} INFO - Exporting env vars: AIRFLOW_CTX_DAG_OWNER='***' AIRFLOW_CTX_DAG_ID='etl_for_open_weather' AIRFLOW_CTX_TASK_ID='open_weather_sensor' AIRFLOW_CTX_EXECUTION_DATE='2024-04-29T03:02:00+00:00' AIRFLOW_CTX_TRY_NUMBER='1' AIRFLOW_CTX_DAG_RUN_ID='scheduled__2024-04-29T03:02:00+00:00'
[2024-04-29T09:24:21.161+0000] {taskinstance.py:430} INFO - ::endgroup::
[2024-04-29T09:24:21.162+0000] {baseoperator.py:399} WARNING - HttpSensor.execute cannot be called outside TaskInstance!
[2024-04-29T09:24:21.162+0000] {http.py:137} INFO - Poking: /data/2.5/weather?q=Baku&APPID=682dec93d925536760749155cc3096bd
[2024-04-29T09:24:21.180+0000] {base.py:84} INFO - Using connection ID 'weather_id' for task execution.
[2024-04-29T09:24:21.577+0000] {base.py:294} INFO - Success criteria met. Exiting.
[2024-04-29T09:24:21.578+0000] {taskinstance.py:441} INFO - ::group::Post task execution logs
[2024-04-29T09:24:21.588+0000] {taskinstance.py:1205} INFO - Marking task as SUCCESS. dag_id=etl_for_open_weather, task_id=open_weather_sensor, execution_date=20240429T030200, start_date=20240429T092420, end_date=20240429T092421
[2024-04-29T09:24:21.646+0000] {local_task_job_runner.py:240} INFO - Task exited with return code 0
[2024-04-29T09:24:21.681+0000] {taskinstance.py:3482} INFO - 1 downstream tasks scheduled from follow-on schedule check
[2024-04-29T09:24:21.684+0000] {local_task_job_runner.py:222} INFO - ::endgroup::
