[2024-04-26T12:34:46.847+0000] {processor.py:161} INFO - Started process (PID=82) to work on /home/airflow/.local/lib/python3.12/site-packages/airflow/example_dags/example_complex.py
[2024-04-26T12:34:46.848+0000] {processor.py:830} INFO - Processing file /home/airflow/.local/lib/python3.12/site-packages/airflow/example_dags/example_complex.py for tasks to queue
[2024-04-26T12:34:46.849+0000] {logging_mixin.py:188} INFO - [2024-04-26T12:34:46.849+0000] {dagbag.py:540} INFO - Filling up the DagBag from /home/airflow/.local/lib/python3.12/site-packages/airflow/example_dags/example_complex.py
[2024-04-26T12:34:46.858+0000] {processor.py:840} INFO - DAG(s) 'example_complex' retrieved from /home/airflow/.local/lib/python3.12/site-packages/airflow/example_dags/example_complex.py
[2024-04-26T12:34:46.947+0000] {logging_mixin.py:188} INFO - [2024-04-26T12:34:46.946+0000] {override.py:1829} INFO - Created Permission View: can delete on DAG:example_complex
[2024-04-26T12:34:46.956+0000] {logging_mixin.py:188} INFO - [2024-04-26T12:34:46.956+0000] {override.py:1829} INFO - Created Permission View: can edit on DAG:example_complex
[2024-04-26T12:34:46.962+0000] {logging_mixin.py:188} INFO - [2024-04-26T12:34:46.962+0000] {override.py:1829} INFO - Created Permission View: can read on DAG:example_complex
[2024-04-26T12:34:46.963+0000] {logging_mixin.py:188} INFO - [2024-04-26T12:34:46.962+0000] {dag.py:3096} INFO - Sync 1 DAGs
[2024-04-26T12:34:46.972+0000] {logging_mixin.py:188} INFO - [2024-04-26T12:34:46.971+0000] {dag.py:3118} INFO - Creating ORM DAG for example_complex
[2024-04-26T12:34:46.972+0000] {logging_mixin.py:188} INFO - [2024-04-26T12:34:46.972+0000] {dag.py:3954} INFO - Setting next_dagrun for example_complex to None, run_after=None
[2024-04-26T12:34:46.988+0000] {processor.py:183} INFO - Processing /home/airflow/.local/lib/python3.12/site-packages/airflow/example_dags/example_complex.py took 0.146 seconds
[2024-04-26T12:35:17.783+0000] {processor.py:161} INFO - Started process (PID=140) to work on /home/airflow/.local/lib/python3.12/site-packages/airflow/example_dags/example_complex.py
[2024-04-26T12:35:17.784+0000] {processor.py:830} INFO - Processing file /home/airflow/.local/lib/python3.12/site-packages/airflow/example_dags/example_complex.py for tasks to queue
[2024-04-26T12:35:17.785+0000] {logging_mixin.py:188} INFO - [2024-04-26T12:35:17.785+0000] {dagbag.py:540} INFO - Filling up the DagBag from /home/airflow/.local/lib/python3.12/site-packages/airflow/example_dags/example_complex.py
[2024-04-26T12:35:17.792+0000] {processor.py:840} INFO - DAG(s) 'example_complex' retrieved from /home/airflow/.local/lib/python3.12/site-packages/airflow/example_dags/example_complex.py
[2024-04-26T12:35:17.816+0000] {logging_mixin.py:188} INFO - [2024-04-26T12:35:17.816+0000] {dag.py:3096} INFO - Sync 1 DAGs
[2024-04-26T12:35:17.827+0000] {logging_mixin.py:188} INFO - [2024-04-26T12:35:17.826+0000] {dag.py:3954} INFO - Setting next_dagrun for example_complex to None, run_after=None
[2024-04-26T12:35:17.844+0000] {processor.py:183} INFO - Processing /home/airflow/.local/lib/python3.12/site-packages/airflow/example_dags/example_complex.py took 0.065 seconds
[2024-04-26T12:35:47.879+0000] {processor.py:161} INFO - Started process (PID=198) to work on /home/airflow/.local/lib/python3.12/site-packages/airflow/example_dags/example_complex.py
[2024-04-26T12:35:47.880+0000] {processor.py:830} INFO - Processing file /home/airflow/.local/lib/python3.12/site-packages/airflow/example_dags/example_complex.py for tasks to queue
[2024-04-26T12:35:47.882+0000] {logging_mixin.py:188} INFO - [2024-04-26T12:35:47.881+0000] {dagbag.py:540} INFO - Filling up the DagBag from /home/airflow/.local/lib/python3.12/site-packages/airflow/example_dags/example_complex.py
[2024-04-26T12:35:47.890+0000] {processor.py:840} INFO - DAG(s) 'example_complex' retrieved from /home/airflow/.local/lib/python3.12/site-packages/airflow/example_dags/example_complex.py
[2024-04-26T12:35:47.915+0000] {logging_mixin.py:188} INFO - [2024-04-26T12:35:47.915+0000] {dag.py:3096} INFO - Sync 1 DAGs
[2024-04-26T12:35:47.925+0000] {logging_mixin.py:188} INFO - [2024-04-26T12:35:47.925+0000] {dag.py:3954} INFO - Setting next_dagrun for example_complex to None, run_after=None
[2024-04-26T12:35:47.942+0000] {processor.py:183} INFO - Processing /home/airflow/.local/lib/python3.12/site-packages/airflow/example_dags/example_complex.py took 0.067 seconds
[2024-04-26T12:36:18.634+0000] {processor.py:161} INFO - Started process (PID=256) to work on /home/airflow/.local/lib/python3.12/site-packages/airflow/example_dags/example_complex.py
[2024-04-26T12:36:18.635+0000] {processor.py:830} INFO - Processing file /home/airflow/.local/lib/python3.12/site-packages/airflow/example_dags/example_complex.py for tasks to queue
[2024-04-26T12:36:18.637+0000] {logging_mixin.py:188} INFO - [2024-04-26T12:36:18.637+0000] {dagbag.py:540} INFO - Filling up the DagBag from /home/airflow/.local/lib/python3.12/site-packages/airflow/example_dags/example_complex.py
[2024-04-26T12:36:18.645+0000] {processor.py:840} INFO - DAG(s) 'example_complex' retrieved from /home/airflow/.local/lib/python3.12/site-packages/airflow/example_dags/example_complex.py
[2024-04-26T12:36:18.670+0000] {logging_mixin.py:188} INFO - [2024-04-26T12:36:18.669+0000] {dag.py:3096} INFO - Sync 1 DAGs
[2024-04-26T12:36:18.680+0000] {logging_mixin.py:188} INFO - [2024-04-26T12:36:18.679+0000] {dag.py:3954} INFO - Setting next_dagrun for example_complex to None, run_after=None
[2024-04-26T12:36:18.696+0000] {processor.py:183} INFO - Processing /home/airflow/.local/lib/python3.12/site-packages/airflow/example_dags/example_complex.py took 0.066 seconds
[2024-04-26T12:36:48.981+0000] {processor.py:161} INFO - Started process (PID=314) to work on /home/airflow/.local/lib/python3.12/site-packages/airflow/example_dags/example_complex.py
[2024-04-26T12:36:48.982+0000] {processor.py:830} INFO - Processing file /home/airflow/.local/lib/python3.12/site-packages/airflow/example_dags/example_complex.py for tasks to queue
[2024-04-26T12:36:48.984+0000] {logging_mixin.py:188} INFO - [2024-04-26T12:36:48.983+0000] {dagbag.py:540} INFO - Filling up the DagBag from /home/airflow/.local/lib/python3.12/site-packages/airflow/example_dags/example_complex.py
[2024-04-26T12:36:48.991+0000] {processor.py:840} INFO - DAG(s) 'example_complex' retrieved from /home/airflow/.local/lib/python3.12/site-packages/airflow/example_dags/example_complex.py
[2024-04-26T12:36:49.016+0000] {logging_mixin.py:188} INFO - [2024-04-26T12:36:49.016+0000] {dag.py:3096} INFO - Sync 1 DAGs
[2024-04-26T12:36:49.026+0000] {logging_mixin.py:188} INFO - [2024-04-26T12:36:49.026+0000] {dag.py:3954} INFO - Setting next_dagrun for example_complex to None, run_after=None
[2024-04-26T12:36:49.042+0000] {processor.py:183} INFO - Processing /home/airflow/.local/lib/python3.12/site-packages/airflow/example_dags/example_complex.py took 0.066 seconds
[2024-04-26T12:37:19.385+0000] {processor.py:161} INFO - Started process (PID=372) to work on /home/airflow/.local/lib/python3.12/site-packages/airflow/example_dags/example_complex.py
[2024-04-26T12:37:19.385+0000] {processor.py:830} INFO - Processing file /home/airflow/.local/lib/python3.12/site-packages/airflow/example_dags/example_complex.py for tasks to queue
[2024-04-26T12:37:19.387+0000] {logging_mixin.py:188} INFO - [2024-04-26T12:37:19.387+0000] {dagbag.py:540} INFO - Filling up the DagBag from /home/airflow/.local/lib/python3.12/site-packages/airflow/example_dags/example_complex.py
[2024-04-26T12:37:19.395+0000] {processor.py:840} INFO - DAG(s) 'example_complex' retrieved from /home/airflow/.local/lib/python3.12/site-packages/airflow/example_dags/example_complex.py
[2024-04-26T12:37:19.419+0000] {logging_mixin.py:188} INFO - [2024-04-26T12:37:19.419+0000] {dag.py:3096} INFO - Sync 1 DAGs
[2024-04-26T12:37:19.429+0000] {logging_mixin.py:188} INFO - [2024-04-26T12:37:19.429+0000] {dag.py:3954} INFO - Setting next_dagrun for example_complex to None, run_after=None
[2024-04-26T12:37:19.444+0000] {processor.py:183} INFO - Processing /home/airflow/.local/lib/python3.12/site-packages/airflow/example_dags/example_complex.py took 0.064 seconds
[2024-04-26T12:37:49.830+0000] {processor.py:161} INFO - Started process (PID=430) to work on /home/airflow/.local/lib/python3.12/site-packages/airflow/example_dags/example_complex.py
[2024-04-26T12:37:49.831+0000] {processor.py:830} INFO - Processing file /home/airflow/.local/lib/python3.12/site-packages/airflow/example_dags/example_complex.py for tasks to queue
[2024-04-26T12:37:49.833+0000] {logging_mixin.py:188} INFO - [2024-04-26T12:37:49.832+0000] {dagbag.py:540} INFO - Filling up the DagBag from /home/airflow/.local/lib/python3.12/site-packages/airflow/example_dags/example_complex.py
[2024-04-26T12:37:49.840+0000] {processor.py:840} INFO - DAG(s) 'example_complex' retrieved from /home/airflow/.local/lib/python3.12/site-packages/airflow/example_dags/example_complex.py
[2024-04-26T12:37:49.865+0000] {logging_mixin.py:188} INFO - [2024-04-26T12:37:49.865+0000] {dag.py:3096} INFO - Sync 1 DAGs
[2024-04-26T12:37:49.876+0000] {logging_mixin.py:188} INFO - [2024-04-26T12:37:49.876+0000] {dag.py:3954} INFO - Setting next_dagrun for example_complex to None, run_after=None
[2024-04-26T12:37:49.893+0000] {processor.py:183} INFO - Processing /home/airflow/.local/lib/python3.12/site-packages/airflow/example_dags/example_complex.py took 0.068 seconds
[2024-04-26T12:38:20.199+0000] {processor.py:161} INFO - Started process (PID=488) to work on /home/airflow/.local/lib/python3.12/site-packages/airflow/example_dags/example_complex.py
[2024-04-26T12:38:20.200+0000] {processor.py:830} INFO - Processing file /home/airflow/.local/lib/python3.12/site-packages/airflow/example_dags/example_complex.py for tasks to queue
[2024-04-26T12:38:20.201+0000] {logging_mixin.py:188} INFO - [2024-04-26T12:38:20.201+0000] {dagbag.py:540} INFO - Filling up the DagBag from /home/airflow/.local/lib/python3.12/site-packages/airflow/example_dags/example_complex.py
[2024-04-26T12:38:20.208+0000] {processor.py:840} INFO - DAG(s) 'example_complex' retrieved from /home/airflow/.local/lib/python3.12/site-packages/airflow/example_dags/example_complex.py
[2024-04-26T12:38:20.233+0000] {logging_mixin.py:188} INFO - [2024-04-26T12:38:20.233+0000] {dag.py:3096} INFO - Sync 1 DAGs
[2024-04-26T12:38:20.243+0000] {logging_mixin.py:188} INFO - [2024-04-26T12:38:20.242+0000] {dag.py:3954} INFO - Setting next_dagrun for example_complex to None, run_after=None
[2024-04-26T12:38:20.258+0000] {processor.py:183} INFO - Processing /home/airflow/.local/lib/python3.12/site-packages/airflow/example_dags/example_complex.py took 0.063 seconds
[2024-04-26T12:38:50.619+0000] {processor.py:161} INFO - Started process (PID=546) to work on /home/airflow/.local/lib/python3.12/site-packages/airflow/example_dags/example_complex.py
[2024-04-26T12:38:50.620+0000] {processor.py:830} INFO - Processing file /home/airflow/.local/lib/python3.12/site-packages/airflow/example_dags/example_complex.py for tasks to queue
[2024-04-26T12:38:50.622+0000] {logging_mixin.py:188} INFO - [2024-04-26T12:38:50.621+0000] {dagbag.py:540} INFO - Filling up the DagBag from /home/airflow/.local/lib/python3.12/site-packages/airflow/example_dags/example_complex.py
[2024-04-26T12:38:50.629+0000] {processor.py:840} INFO - DAG(s) 'example_complex' retrieved from /home/airflow/.local/lib/python3.12/site-packages/airflow/example_dags/example_complex.py
[2024-04-26T12:38:50.654+0000] {logging_mixin.py:188} INFO - [2024-04-26T12:38:50.654+0000] {dag.py:3096} INFO - Sync 1 DAGs
[2024-04-26T12:38:50.665+0000] {logging_mixin.py:188} INFO - [2024-04-26T12:38:50.665+0000] {dag.py:3954} INFO - Setting next_dagrun for example_complex to None, run_after=None
[2024-04-26T12:38:50.682+0000] {processor.py:183} INFO - Processing /home/airflow/.local/lib/python3.12/site-packages/airflow/example_dags/example_complex.py took 0.067 seconds
[2024-04-26T12:39:21.088+0000] {processor.py:161} INFO - Started process (PID=604) to work on /home/airflow/.local/lib/python3.12/site-packages/airflow/example_dags/example_complex.py
[2024-04-26T12:39:21.089+0000] {processor.py:830} INFO - Processing file /home/airflow/.local/lib/python3.12/site-packages/airflow/example_dags/example_complex.py for tasks to queue
[2024-04-26T12:39:21.090+0000] {logging_mixin.py:188} INFO - [2024-04-26T12:39:21.090+0000] {dagbag.py:540} INFO - Filling up the DagBag from /home/airflow/.local/lib/python3.12/site-packages/airflow/example_dags/example_complex.py
[2024-04-26T12:39:21.098+0000] {processor.py:840} INFO - DAG(s) 'example_complex' retrieved from /home/airflow/.local/lib/python3.12/site-packages/airflow/example_dags/example_complex.py
[2024-04-26T12:39:21.125+0000] {logging_mixin.py:188} INFO - [2024-04-26T12:39:21.124+0000] {dag.py:3096} INFO - Sync 1 DAGs
[2024-04-26T12:39:21.136+0000] {logging_mixin.py:188} INFO - [2024-04-26T12:39:21.135+0000] {dag.py:3954} INFO - Setting next_dagrun for example_complex to None, run_after=None
[2024-04-26T12:39:21.152+0000] {processor.py:183} INFO - Processing /home/airflow/.local/lib/python3.12/site-packages/airflow/example_dags/example_complex.py took 0.068 seconds
[2024-04-26T12:39:51.562+0000] {processor.py:161} INFO - Started process (PID=662) to work on /home/airflow/.local/lib/python3.12/site-packages/airflow/example_dags/example_complex.py
[2024-04-26T12:39:51.563+0000] {processor.py:830} INFO - Processing file /home/airflow/.local/lib/python3.12/site-packages/airflow/example_dags/example_complex.py for tasks to queue
[2024-04-26T12:39:51.565+0000] {logging_mixin.py:188} INFO - [2024-04-26T12:39:51.564+0000] {dagbag.py:540} INFO - Filling up the DagBag from /home/airflow/.local/lib/python3.12/site-packages/airflow/example_dags/example_complex.py
[2024-04-26T12:39:51.572+0000] {processor.py:840} INFO - DAG(s) 'example_complex' retrieved from /home/airflow/.local/lib/python3.12/site-packages/airflow/example_dags/example_complex.py
[2024-04-26T12:39:51.597+0000] {logging_mixin.py:188} INFO - [2024-04-26T12:39:51.597+0000] {dag.py:3096} INFO - Sync 1 DAGs
[2024-04-26T12:39:51.607+0000] {logging_mixin.py:188} INFO - [2024-04-26T12:39:51.606+0000] {dag.py:3954} INFO - Setting next_dagrun for example_complex to None, run_after=None
[2024-04-26T12:39:51.623+0000] {processor.py:183} INFO - Processing /home/airflow/.local/lib/python3.12/site-packages/airflow/example_dags/example_complex.py took 0.066 seconds
[2024-04-26T12:40:22.114+0000] {processor.py:161} INFO - Started process (PID=720) to work on /home/airflow/.local/lib/python3.12/site-packages/airflow/example_dags/example_complex.py
[2024-04-26T12:40:22.115+0000] {processor.py:830} INFO - Processing file /home/airflow/.local/lib/python3.12/site-packages/airflow/example_dags/example_complex.py for tasks to queue
[2024-04-26T12:40:22.117+0000] {logging_mixin.py:188} INFO - [2024-04-26T12:40:22.116+0000] {dagbag.py:540} INFO - Filling up the DagBag from /home/airflow/.local/lib/python3.12/site-packages/airflow/example_dags/example_complex.py
[2024-04-26T12:40:22.125+0000] {processor.py:840} INFO - DAG(s) 'example_complex' retrieved from /home/airflow/.local/lib/python3.12/site-packages/airflow/example_dags/example_complex.py
[2024-04-26T12:40:22.149+0000] {logging_mixin.py:188} INFO - [2024-04-26T12:40:22.148+0000] {dag.py:3096} INFO - Sync 1 DAGs
[2024-04-26T12:40:22.159+0000] {logging_mixin.py:188} INFO - [2024-04-26T12:40:22.158+0000] {dag.py:3954} INFO - Setting next_dagrun for example_complex to None, run_after=None
[2024-04-26T12:40:22.174+0000] {processor.py:183} INFO - Processing /home/airflow/.local/lib/python3.12/site-packages/airflow/example_dags/example_complex.py took 0.064 seconds
[2024-04-26T12:40:52.645+0000] {processor.py:161} INFO - Started process (PID=778) to work on /home/airflow/.local/lib/python3.12/site-packages/airflow/example_dags/example_complex.py
[2024-04-26T12:40:52.646+0000] {processor.py:830} INFO - Processing file /home/airflow/.local/lib/python3.12/site-packages/airflow/example_dags/example_complex.py for tasks to queue
[2024-04-26T12:40:52.648+0000] {logging_mixin.py:188} INFO - [2024-04-26T12:40:52.647+0000] {dagbag.py:540} INFO - Filling up the DagBag from /home/airflow/.local/lib/python3.12/site-packages/airflow/example_dags/example_complex.py
[2024-04-26T12:40:52.656+0000] {processor.py:840} INFO - DAG(s) 'example_complex' retrieved from /home/airflow/.local/lib/python3.12/site-packages/airflow/example_dags/example_complex.py
[2024-04-26T12:40:52.685+0000] {logging_mixin.py:188} INFO - [2024-04-26T12:40:52.685+0000] {dag.py:3096} INFO - Sync 1 DAGs
[2024-04-26T12:40:52.696+0000] {logging_mixin.py:188} INFO - [2024-04-26T12:40:52.696+0000] {dag.py:3954} INFO - Setting next_dagrun for example_complex to None, run_after=None
[2024-04-26T12:40:52.714+0000] {processor.py:183} INFO - Processing /home/airflow/.local/lib/python3.12/site-packages/airflow/example_dags/example_complex.py took 0.073 seconds
[2024-04-26T12:41:23.450+0000] {processor.py:161} INFO - Started process (PID=836) to work on /home/airflow/.local/lib/python3.12/site-packages/airflow/example_dags/example_complex.py
[2024-04-26T12:41:23.451+0000] {processor.py:830} INFO - Processing file /home/airflow/.local/lib/python3.12/site-packages/airflow/example_dags/example_complex.py for tasks to queue
[2024-04-26T12:41:23.453+0000] {logging_mixin.py:188} INFO - [2024-04-26T12:41:23.452+0000] {dagbag.py:540} INFO - Filling up the DagBag from /home/airflow/.local/lib/python3.12/site-packages/airflow/example_dags/example_complex.py
[2024-04-26T12:41:23.461+0000] {processor.py:840} INFO - DAG(s) 'example_complex' retrieved from /home/airflow/.local/lib/python3.12/site-packages/airflow/example_dags/example_complex.py
[2024-04-26T12:41:23.486+0000] {logging_mixin.py:188} INFO - [2024-04-26T12:41:23.486+0000] {dag.py:3096} INFO - Sync 1 DAGs
[2024-04-26T12:41:23.497+0000] {logging_mixin.py:188} INFO - [2024-04-26T12:41:23.497+0000] {dag.py:3954} INFO - Setting next_dagrun for example_complex to None, run_after=None
[2024-04-26T12:41:23.514+0000] {processor.py:183} INFO - Processing /home/airflow/.local/lib/python3.12/site-packages/airflow/example_dags/example_complex.py took 0.069 seconds
[2024-04-26T12:41:54.613+0000] {processor.py:161} INFO - Started process (PID=894) to work on /home/airflow/.local/lib/python3.12/site-packages/airflow/example_dags/example_complex.py
[2024-04-26T12:41:54.614+0000] {processor.py:830} INFO - Processing file /home/airflow/.local/lib/python3.12/site-packages/airflow/example_dags/example_complex.py for tasks to queue
[2024-04-26T12:41:54.616+0000] {logging_mixin.py:188} INFO - [2024-04-26T12:41:54.615+0000] {dagbag.py:540} INFO - Filling up the DagBag from /home/airflow/.local/lib/python3.12/site-packages/airflow/example_dags/example_complex.py
[2024-04-26T12:41:54.625+0000] {processor.py:840} INFO - DAG(s) 'example_complex' retrieved from /home/airflow/.local/lib/python3.12/site-packages/airflow/example_dags/example_complex.py
[2024-04-26T12:41:54.651+0000] {logging_mixin.py:188} INFO - [2024-04-26T12:41:54.651+0000] {dag.py:3096} INFO - Sync 1 DAGs
[2024-04-26T12:41:54.663+0000] {logging_mixin.py:188} INFO - [2024-04-26T12:41:54.662+0000] {dag.py:3954} INFO - Setting next_dagrun for example_complex to None, run_after=None
[2024-04-26T12:41:54.680+0000] {processor.py:183} INFO - Processing /home/airflow/.local/lib/python3.12/site-packages/airflow/example_dags/example_complex.py took 0.071 seconds
[2024-04-26T12:42:25.611+0000] {processor.py:161} INFO - Started process (PID=952) to work on /home/airflow/.local/lib/python3.12/site-packages/airflow/example_dags/example_complex.py
[2024-04-26T12:42:25.612+0000] {processor.py:830} INFO - Processing file /home/airflow/.local/lib/python3.12/site-packages/airflow/example_dags/example_complex.py for tasks to queue
[2024-04-26T12:42:25.614+0000] {logging_mixin.py:188} INFO - [2024-04-26T12:42:25.613+0000] {dagbag.py:540} INFO - Filling up the DagBag from /home/airflow/.local/lib/python3.12/site-packages/airflow/example_dags/example_complex.py
[2024-04-26T12:42:25.622+0000] {processor.py:840} INFO - DAG(s) 'example_complex' retrieved from /home/airflow/.local/lib/python3.12/site-packages/airflow/example_dags/example_complex.py
[2024-04-26T12:42:25.650+0000] {logging_mixin.py:188} INFO - [2024-04-26T12:42:25.650+0000] {dag.py:3096} INFO - Sync 1 DAGs
[2024-04-26T12:42:25.664+0000] {logging_mixin.py:188} INFO - [2024-04-26T12:42:25.664+0000] {dag.py:3954} INFO - Setting next_dagrun for example_complex to None, run_after=None
[2024-04-26T12:42:25.797+0000] {processor.py:183} INFO - Processing /home/airflow/.local/lib/python3.12/site-packages/airflow/example_dags/example_complex.py took 0.193 seconds
[2024-04-26T12:42:56.140+0000] {processor.py:161} INFO - Started process (PID=1010) to work on /home/airflow/.local/lib/python3.12/site-packages/airflow/example_dags/example_complex.py
[2024-04-26T12:42:56.141+0000] {processor.py:830} INFO - Processing file /home/airflow/.local/lib/python3.12/site-packages/airflow/example_dags/example_complex.py for tasks to queue
[2024-04-26T12:42:56.142+0000] {logging_mixin.py:188} INFO - [2024-04-26T12:42:56.142+0000] {dagbag.py:540} INFO - Filling up the DagBag from /home/airflow/.local/lib/python3.12/site-packages/airflow/example_dags/example_complex.py
[2024-04-26T12:42:56.150+0000] {processor.py:840} INFO - DAG(s) 'example_complex' retrieved from /home/airflow/.local/lib/python3.12/site-packages/airflow/example_dags/example_complex.py
[2024-04-26T12:42:56.175+0000] {logging_mixin.py:188} INFO - [2024-04-26T12:42:56.175+0000] {dag.py:3096} INFO - Sync 1 DAGs
[2024-04-26T12:42:56.185+0000] {logging_mixin.py:188} INFO - [2024-04-26T12:42:56.185+0000] {dag.py:3954} INFO - Setting next_dagrun for example_complex to None, run_after=None
[2024-04-26T12:42:56.201+0000] {processor.py:183} INFO - Processing /home/airflow/.local/lib/python3.12/site-packages/airflow/example_dags/example_complex.py took 0.066 seconds
[2024-04-26T12:43:27.134+0000] {processor.py:161} INFO - Started process (PID=1068) to work on /home/airflow/.local/lib/python3.12/site-packages/airflow/example_dags/example_complex.py
[2024-04-26T12:43:27.135+0000] {processor.py:830} INFO - Processing file /home/airflow/.local/lib/python3.12/site-packages/airflow/example_dags/example_complex.py for tasks to queue
[2024-04-26T12:43:27.136+0000] {logging_mixin.py:188} INFO - [2024-04-26T12:43:27.136+0000] {dagbag.py:540} INFO - Filling up the DagBag from /home/airflow/.local/lib/python3.12/site-packages/airflow/example_dags/example_complex.py
[2024-04-26T12:43:27.144+0000] {processor.py:840} INFO - DAG(s) 'example_complex' retrieved from /home/airflow/.local/lib/python3.12/site-packages/airflow/example_dags/example_complex.py
[2024-04-26T12:43:27.170+0000] {logging_mixin.py:188} INFO - [2024-04-26T12:43:27.169+0000] {dag.py:3096} INFO - Sync 1 DAGs
[2024-04-26T12:43:27.180+0000] {logging_mixin.py:188} INFO - [2024-04-26T12:43:27.180+0000] {dag.py:3954} INFO - Setting next_dagrun for example_complex to None, run_after=None
[2024-04-26T12:43:27.197+0000] {processor.py:183} INFO - Processing /home/airflow/.local/lib/python3.12/site-packages/airflow/example_dags/example_complex.py took 0.068 seconds
[2024-04-26T12:43:58.366+0000] {processor.py:161} INFO - Started process (PID=1126) to work on /home/airflow/.local/lib/python3.12/site-packages/airflow/example_dags/example_complex.py
[2024-04-26T12:43:58.367+0000] {processor.py:830} INFO - Processing file /home/airflow/.local/lib/python3.12/site-packages/airflow/example_dags/example_complex.py for tasks to queue
[2024-04-26T12:43:58.369+0000] {logging_mixin.py:188} INFO - [2024-04-26T12:43:58.369+0000] {dagbag.py:540} INFO - Filling up the DagBag from /home/airflow/.local/lib/python3.12/site-packages/airflow/example_dags/example_complex.py
[2024-04-26T12:43:58.378+0000] {processor.py:840} INFO - DAG(s) 'example_complex' retrieved from /home/airflow/.local/lib/python3.12/site-packages/airflow/example_dags/example_complex.py
[2024-04-26T12:43:58.513+0000] {logging_mixin.py:188} INFO - [2024-04-26T12:43:58.512+0000] {dag.py:3096} INFO - Sync 1 DAGs
[2024-04-26T12:43:58.521+0000] {logging_mixin.py:188} INFO - [2024-04-26T12:43:58.521+0000] {dag.py:3954} INFO - Setting next_dagrun for example_complex to None, run_after=None
[2024-04-26T12:43:58.537+0000] {processor.py:183} INFO - Processing /home/airflow/.local/lib/python3.12/site-packages/airflow/example_dags/example_complex.py took 0.175 seconds
[2024-04-26T12:44:29.430+0000] {processor.py:161} INFO - Started process (PID=1184) to work on /home/airflow/.local/lib/python3.12/site-packages/airflow/example_dags/example_complex.py
[2024-04-26T12:44:29.431+0000] {processor.py:830} INFO - Processing file /home/airflow/.local/lib/python3.12/site-packages/airflow/example_dags/example_complex.py for tasks to queue
[2024-04-26T12:44:29.433+0000] {logging_mixin.py:188} INFO - [2024-04-26T12:44:29.433+0000] {dagbag.py:540} INFO - Filling up the DagBag from /home/airflow/.local/lib/python3.12/site-packages/airflow/example_dags/example_complex.py
[2024-04-26T12:44:29.441+0000] {processor.py:840} INFO - DAG(s) 'example_complex' retrieved from /home/airflow/.local/lib/python3.12/site-packages/airflow/example_dags/example_complex.py
[2024-04-26T12:44:29.466+0000] {logging_mixin.py:188} INFO - [2024-04-26T12:44:29.466+0000] {dag.py:3096} INFO - Sync 1 DAGs
[2024-04-26T12:44:29.477+0000] {logging_mixin.py:188} INFO - [2024-04-26T12:44:29.477+0000] {dag.py:3954} INFO - Setting next_dagrun for example_complex to None, run_after=None
[2024-04-26T12:44:29.602+0000] {processor.py:183} INFO - Processing /home/airflow/.local/lib/python3.12/site-packages/airflow/example_dags/example_complex.py took 0.176 seconds
[2024-04-26T12:44:59.961+0000] {processor.py:161} INFO - Started process (PID=1250) to work on /home/airflow/.local/lib/python3.12/site-packages/airflow/example_dags/example_complex.py
[2024-04-26T12:44:59.962+0000] {processor.py:830} INFO - Processing file /home/airflow/.local/lib/python3.12/site-packages/airflow/example_dags/example_complex.py for tasks to queue
[2024-04-26T12:44:59.963+0000] {logging_mixin.py:188} INFO - [2024-04-26T12:44:59.963+0000] {dagbag.py:540} INFO - Filling up the DagBag from /home/airflow/.local/lib/python3.12/site-packages/airflow/example_dags/example_complex.py
[2024-04-26T12:44:59.971+0000] {processor.py:840} INFO - DAG(s) 'example_complex' retrieved from /home/airflow/.local/lib/python3.12/site-packages/airflow/example_dags/example_complex.py
[2024-04-26T12:44:59.995+0000] {logging_mixin.py:188} INFO - [2024-04-26T12:44:59.995+0000] {dag.py:3096} INFO - Sync 1 DAGs
[2024-04-26T12:45:00.005+0000] {logging_mixin.py:188} INFO - [2024-04-26T12:45:00.005+0000] {dag.py:3954} INFO - Setting next_dagrun for example_complex to None, run_after=None
[2024-04-26T12:45:00.023+0000] {processor.py:183} INFO - Processing /home/airflow/.local/lib/python3.12/site-packages/airflow/example_dags/example_complex.py took 0.067 seconds
[2024-04-26T12:45:30.354+0000] {processor.py:161} INFO - Started process (PID=1310) to work on /home/airflow/.local/lib/python3.12/site-packages/airflow/example_dags/example_complex.py
[2024-04-26T12:45:30.355+0000] {processor.py:830} INFO - Processing file /home/airflow/.local/lib/python3.12/site-packages/airflow/example_dags/example_complex.py for tasks to queue
[2024-04-26T12:45:30.357+0000] {logging_mixin.py:188} INFO - [2024-04-26T12:45:30.357+0000] {dagbag.py:540} INFO - Filling up the DagBag from /home/airflow/.local/lib/python3.12/site-packages/airflow/example_dags/example_complex.py
[2024-04-26T12:45:30.364+0000] {processor.py:840} INFO - DAG(s) 'example_complex' retrieved from /home/airflow/.local/lib/python3.12/site-packages/airflow/example_dags/example_complex.py
[2024-04-26T12:45:30.388+0000] {logging_mixin.py:188} INFO - [2024-04-26T12:45:30.388+0000] {dag.py:3096} INFO - Sync 1 DAGs
[2024-04-26T12:45:30.399+0000] {logging_mixin.py:188} INFO - [2024-04-26T12:45:30.399+0000] {dag.py:3954} INFO - Setting next_dagrun for example_complex to None, run_after=None
[2024-04-26T12:45:30.414+0000] {processor.py:183} INFO - Processing /home/airflow/.local/lib/python3.12/site-packages/airflow/example_dags/example_complex.py took 0.064 seconds
[2024-04-26T12:46:00.944+0000] {processor.py:161} INFO - Started process (PID=1372) to work on /home/airflow/.local/lib/python3.12/site-packages/airflow/example_dags/example_complex.py
[2024-04-26T12:46:00.945+0000] {processor.py:830} INFO - Processing file /home/airflow/.local/lib/python3.12/site-packages/airflow/example_dags/example_complex.py for tasks to queue
[2024-04-26T12:46:00.946+0000] {logging_mixin.py:188} INFO - [2024-04-26T12:46:00.946+0000] {dagbag.py:540} INFO - Filling up the DagBag from /home/airflow/.local/lib/python3.12/site-packages/airflow/example_dags/example_complex.py
[2024-04-26T12:46:00.954+0000] {processor.py:840} INFO - DAG(s) 'example_complex' retrieved from /home/airflow/.local/lib/python3.12/site-packages/airflow/example_dags/example_complex.py
[2024-04-26T12:46:00.981+0000] {logging_mixin.py:188} INFO - [2024-04-26T12:46:00.981+0000] {dag.py:3096} INFO - Sync 1 DAGs
[2024-04-26T12:46:00.993+0000] {logging_mixin.py:188} INFO - [2024-04-26T12:46:00.993+0000] {dag.py:3954} INFO - Setting next_dagrun for example_complex to None, run_after=None
[2024-04-26T12:46:01.012+0000] {processor.py:183} INFO - Processing /home/airflow/.local/lib/python3.12/site-packages/airflow/example_dags/example_complex.py took 0.074 seconds
[2024-04-26T12:46:31.758+0000] {processor.py:161} INFO - Started process (PID=1434) to work on /home/airflow/.local/lib/python3.12/site-packages/airflow/example_dags/example_complex.py
[2024-04-26T12:46:31.759+0000] {processor.py:830} INFO - Processing file /home/airflow/.local/lib/python3.12/site-packages/airflow/example_dags/example_complex.py for tasks to queue
[2024-04-26T12:46:31.761+0000] {logging_mixin.py:188} INFO - [2024-04-26T12:46:31.761+0000] {dagbag.py:540} INFO - Filling up the DagBag from /home/airflow/.local/lib/python3.12/site-packages/airflow/example_dags/example_complex.py
[2024-04-26T12:46:31.768+0000] {processor.py:840} INFO - DAG(s) 'example_complex' retrieved from /home/airflow/.local/lib/python3.12/site-packages/airflow/example_dags/example_complex.py
[2024-04-26T12:46:31.793+0000] {logging_mixin.py:188} INFO - [2024-04-26T12:46:31.793+0000] {dag.py:3096} INFO - Sync 1 DAGs
[2024-04-26T12:46:31.803+0000] {logging_mixin.py:188} INFO - [2024-04-26T12:46:31.803+0000] {dag.py:3954} INFO - Setting next_dagrun for example_complex to None, run_after=None
[2024-04-26T12:46:31.821+0000] {processor.py:183} INFO - Processing /home/airflow/.local/lib/python3.12/site-packages/airflow/example_dags/example_complex.py took 0.067 seconds
[2024-04-26T12:47:02.140+0000] {processor.py:161} INFO - Started process (PID=1494) to work on /home/airflow/.local/lib/python3.12/site-packages/airflow/example_dags/example_complex.py
[2024-04-26T12:47:02.141+0000] {processor.py:830} INFO - Processing file /home/airflow/.local/lib/python3.12/site-packages/airflow/example_dags/example_complex.py for tasks to queue
[2024-04-26T12:47:02.143+0000] {logging_mixin.py:188} INFO - [2024-04-26T12:47:02.143+0000] {dagbag.py:540} INFO - Filling up the DagBag from /home/airflow/.local/lib/python3.12/site-packages/airflow/example_dags/example_complex.py
[2024-04-26T12:47:02.151+0000] {processor.py:840} INFO - DAG(s) 'example_complex' retrieved from /home/airflow/.local/lib/python3.12/site-packages/airflow/example_dags/example_complex.py
[2024-04-26T12:47:02.176+0000] {logging_mixin.py:188} INFO - [2024-04-26T12:47:02.175+0000] {dag.py:3096} INFO - Sync 1 DAGs
[2024-04-26T12:47:02.186+0000] {logging_mixin.py:188} INFO - [2024-04-26T12:47:02.186+0000] {dag.py:3954} INFO - Setting next_dagrun for example_complex to None, run_after=None
[2024-04-26T12:47:02.201+0000] {processor.py:183} INFO - Processing /home/airflow/.local/lib/python3.12/site-packages/airflow/example_dags/example_complex.py took 0.066 seconds
[2024-04-26T12:47:32.481+0000] {processor.py:161} INFO - Started process (PID=1554) to work on /home/airflow/.local/lib/python3.12/site-packages/airflow/example_dags/example_complex.py
[2024-04-26T12:47:32.482+0000] {processor.py:830} INFO - Processing file /home/airflow/.local/lib/python3.12/site-packages/airflow/example_dags/example_complex.py for tasks to queue
[2024-04-26T12:47:32.484+0000] {logging_mixin.py:188} INFO - [2024-04-26T12:47:32.484+0000] {dagbag.py:540} INFO - Filling up the DagBag from /home/airflow/.local/lib/python3.12/site-packages/airflow/example_dags/example_complex.py
[2024-04-26T12:47:32.492+0000] {processor.py:840} INFO - DAG(s) 'example_complex' retrieved from /home/airflow/.local/lib/python3.12/site-packages/airflow/example_dags/example_complex.py
[2024-04-26T12:47:32.517+0000] {logging_mixin.py:188} INFO - [2024-04-26T12:47:32.516+0000] {dag.py:3096} INFO - Sync 1 DAGs
[2024-04-26T12:47:32.526+0000] {logging_mixin.py:188} INFO - [2024-04-26T12:47:32.526+0000] {dag.py:3954} INFO - Setting next_dagrun for example_complex to None, run_after=None
[2024-04-26T12:47:32.543+0000] {processor.py:183} INFO - Processing /home/airflow/.local/lib/python3.12/site-packages/airflow/example_dags/example_complex.py took 0.066 seconds
[2024-04-26T12:48:02.885+0000] {processor.py:161} INFO - Started process (PID=1614) to work on /home/airflow/.local/lib/python3.12/site-packages/airflow/example_dags/example_complex.py
[2024-04-26T12:48:02.886+0000] {processor.py:830} INFO - Processing file /home/airflow/.local/lib/python3.12/site-packages/airflow/example_dags/example_complex.py for tasks to queue
[2024-04-26T12:48:02.887+0000] {logging_mixin.py:188} INFO - [2024-04-26T12:48:02.887+0000] {dagbag.py:540} INFO - Filling up the DagBag from /home/airflow/.local/lib/python3.12/site-packages/airflow/example_dags/example_complex.py
[2024-04-26T12:48:02.895+0000] {processor.py:840} INFO - DAG(s) 'example_complex' retrieved from /home/airflow/.local/lib/python3.12/site-packages/airflow/example_dags/example_complex.py
[2024-04-26T12:48:02.920+0000] {logging_mixin.py:188} INFO - [2024-04-26T12:48:02.919+0000] {dag.py:3096} INFO - Sync 1 DAGs
[2024-04-26T12:48:02.930+0000] {logging_mixin.py:188} INFO - [2024-04-26T12:48:02.930+0000] {dag.py:3954} INFO - Setting next_dagrun for example_complex to None, run_after=None
[2024-04-26T12:48:02.947+0000] {processor.py:183} INFO - Processing /home/airflow/.local/lib/python3.12/site-packages/airflow/example_dags/example_complex.py took 0.067 seconds
[2024-04-26T12:48:33.281+0000] {processor.py:161} INFO - Started process (PID=1674) to work on /home/airflow/.local/lib/python3.12/site-packages/airflow/example_dags/example_complex.py
[2024-04-26T12:48:33.281+0000] {processor.py:830} INFO - Processing file /home/airflow/.local/lib/python3.12/site-packages/airflow/example_dags/example_complex.py for tasks to queue
[2024-04-26T12:48:33.283+0000] {logging_mixin.py:188} INFO - [2024-04-26T12:48:33.283+0000] {dagbag.py:540} INFO - Filling up the DagBag from /home/airflow/.local/lib/python3.12/site-packages/airflow/example_dags/example_complex.py
[2024-04-26T12:48:33.291+0000] {processor.py:840} INFO - DAG(s) 'example_complex' retrieved from /home/airflow/.local/lib/python3.12/site-packages/airflow/example_dags/example_complex.py
[2024-04-26T12:48:33.314+0000] {logging_mixin.py:188} INFO - [2024-04-26T12:48:33.314+0000] {dag.py:3096} INFO - Sync 1 DAGs
[2024-04-26T12:48:33.324+0000] {logging_mixin.py:188} INFO - [2024-04-26T12:48:33.323+0000] {dag.py:3954} INFO - Setting next_dagrun for example_complex to None, run_after=None
[2024-04-26T12:48:33.338+0000] {processor.py:183} INFO - Processing /home/airflow/.local/lib/python3.12/site-packages/airflow/example_dags/example_complex.py took 0.062 seconds
[2024-04-26T12:49:03.743+0000] {processor.py:161} INFO - Started process (PID=1734) to work on /home/airflow/.local/lib/python3.12/site-packages/airflow/example_dags/example_complex.py
[2024-04-26T12:49:03.744+0000] {processor.py:830} INFO - Processing file /home/airflow/.local/lib/python3.12/site-packages/airflow/example_dags/example_complex.py for tasks to queue
[2024-04-26T12:49:03.746+0000] {logging_mixin.py:188} INFO - [2024-04-26T12:49:03.745+0000] {dagbag.py:540} INFO - Filling up the DagBag from /home/airflow/.local/lib/python3.12/site-packages/airflow/example_dags/example_complex.py
[2024-04-26T12:49:03.754+0000] {processor.py:840} INFO - DAG(s) 'example_complex' retrieved from /home/airflow/.local/lib/python3.12/site-packages/airflow/example_dags/example_complex.py
[2024-04-26T12:49:03.778+0000] {logging_mixin.py:188} INFO - [2024-04-26T12:49:03.778+0000] {dag.py:3096} INFO - Sync 1 DAGs
[2024-04-26T12:49:03.788+0000] {logging_mixin.py:188} INFO - [2024-04-26T12:49:03.788+0000] {dag.py:3954} INFO - Setting next_dagrun for example_complex to None, run_after=None
[2024-04-26T12:49:03.805+0000] {processor.py:183} INFO - Processing /home/airflow/.local/lib/python3.12/site-packages/airflow/example_dags/example_complex.py took 0.066 seconds
[2024-04-26T12:49:34.543+0000] {processor.py:161} INFO - Started process (PID=1840) to work on /home/airflow/.local/lib/python3.12/site-packages/airflow/example_dags/example_complex.py
[2024-04-26T12:49:34.544+0000] {processor.py:830} INFO - Processing file /home/airflow/.local/lib/python3.12/site-packages/airflow/example_dags/example_complex.py for tasks to queue
[2024-04-26T12:49:34.545+0000] {logging_mixin.py:188} INFO - [2024-04-26T12:49:34.545+0000] {dagbag.py:540} INFO - Filling up the DagBag from /home/airflow/.local/lib/python3.12/site-packages/airflow/example_dags/example_complex.py
[2024-04-26T12:49:34.554+0000] {processor.py:840} INFO - DAG(s) 'example_complex' retrieved from /home/airflow/.local/lib/python3.12/site-packages/airflow/example_dags/example_complex.py
[2024-04-26T12:49:34.580+0000] {logging_mixin.py:188} INFO - [2024-04-26T12:49:34.579+0000] {dag.py:3096} INFO - Sync 1 DAGs
[2024-04-26T12:49:34.591+0000] {logging_mixin.py:188} INFO - [2024-04-26T12:49:34.591+0000] {dag.py:3954} INFO - Setting next_dagrun for example_complex to None, run_after=None
[2024-04-26T12:49:34.609+0000] {processor.py:183} INFO - Processing /home/airflow/.local/lib/python3.12/site-packages/airflow/example_dags/example_complex.py took 0.071 seconds
[2024-04-26T12:50:05.548+0000] {processor.py:161} INFO - Started process (PID=2092) to work on /home/airflow/.local/lib/python3.12/site-packages/airflow/example_dags/example_complex.py
[2024-04-26T12:50:05.550+0000] {processor.py:830} INFO - Processing file /home/airflow/.local/lib/python3.12/site-packages/airflow/example_dags/example_complex.py for tasks to queue
[2024-04-26T12:50:05.553+0000] {logging_mixin.py:188} INFO - [2024-04-26T12:50:05.552+0000] {dagbag.py:540} INFO - Filling up the DagBag from /home/airflow/.local/lib/python3.12/site-packages/airflow/example_dags/example_complex.py
[2024-04-26T12:50:05.568+0000] {processor.py:840} INFO - DAG(s) 'example_complex' retrieved from /home/airflow/.local/lib/python3.12/site-packages/airflow/example_dags/example_complex.py
[2024-04-26T12:50:05.611+0000] {logging_mixin.py:188} INFO - [2024-04-26T12:50:05.611+0000] {dag.py:3096} INFO - Sync 1 DAGs
[2024-04-26T12:50:05.632+0000] {logging_mixin.py:188} INFO - [2024-04-26T12:50:05.632+0000] {dag.py:3954} INFO - Setting next_dagrun for example_complex to None, run_after=None
[2024-04-26T12:50:05.661+0000] {processor.py:183} INFO - Processing /home/airflow/.local/lib/python3.12/site-packages/airflow/example_dags/example_complex.py took 0.121 seconds
[2024-04-26T12:50:36.578+0000] {processor.py:161} INFO - Started process (PID=2348) to work on /home/airflow/.local/lib/python3.12/site-packages/airflow/example_dags/example_complex.py
[2024-04-26T12:50:36.579+0000] {processor.py:830} INFO - Processing file /home/airflow/.local/lib/python3.12/site-packages/airflow/example_dags/example_complex.py for tasks to queue
[2024-04-26T12:50:36.580+0000] {logging_mixin.py:188} INFO - [2024-04-26T12:50:36.580+0000] {dagbag.py:540} INFO - Filling up the DagBag from /home/airflow/.local/lib/python3.12/site-packages/airflow/example_dags/example_complex.py
[2024-04-26T12:50:36.588+0000] {processor.py:840} INFO - DAG(s) 'example_complex' retrieved from /home/airflow/.local/lib/python3.12/site-packages/airflow/example_dags/example_complex.py
[2024-04-26T12:50:36.613+0000] {logging_mixin.py:188} INFO - [2024-04-26T12:50:36.613+0000] {dag.py:3096} INFO - Sync 1 DAGs
[2024-04-26T12:50:36.624+0000] {logging_mixin.py:188} INFO - [2024-04-26T12:50:36.624+0000] {dag.py:3954} INFO - Setting next_dagrun for example_complex to None, run_after=None
[2024-04-26T12:50:36.641+0000] {processor.py:183} INFO - Processing /home/airflow/.local/lib/python3.12/site-packages/airflow/example_dags/example_complex.py took 0.067 seconds
[2024-04-26T12:51:06.925+0000] {processor.py:161} INFO - Started process (PID=2604) to work on /home/airflow/.local/lib/python3.12/site-packages/airflow/example_dags/example_complex.py
[2024-04-26T12:51:06.926+0000] {processor.py:830} INFO - Processing file /home/airflow/.local/lib/python3.12/site-packages/airflow/example_dags/example_complex.py for tasks to queue
[2024-04-26T12:51:06.928+0000] {logging_mixin.py:188} INFO - [2024-04-26T12:51:06.928+0000] {dagbag.py:540} INFO - Filling up the DagBag from /home/airflow/.local/lib/python3.12/site-packages/airflow/example_dags/example_complex.py
[2024-04-26T12:51:06.938+0000] {processor.py:840} INFO - DAG(s) 'example_complex' retrieved from /home/airflow/.local/lib/python3.12/site-packages/airflow/example_dags/example_complex.py
[2024-04-26T12:51:06.968+0000] {logging_mixin.py:188} INFO - [2024-04-26T12:51:06.967+0000] {dag.py:3096} INFO - Sync 1 DAGs
[2024-04-26T12:51:06.980+0000] {logging_mixin.py:188} INFO - [2024-04-26T12:51:06.980+0000] {dag.py:3954} INFO - Setting next_dagrun for example_complex to None, run_after=None
[2024-04-26T12:51:07.002+0000] {processor.py:183} INFO - Processing /home/airflow/.local/lib/python3.12/site-packages/airflow/example_dags/example_complex.py took 0.083 seconds
[2024-04-26T12:51:37.336+0000] {processor.py:161} INFO - Started process (PID=2844) to work on /home/airflow/.local/lib/python3.12/site-packages/airflow/example_dags/example_complex.py
[2024-04-26T12:51:37.337+0000] {processor.py:830} INFO - Processing file /home/airflow/.local/lib/python3.12/site-packages/airflow/example_dags/example_complex.py for tasks to queue
[2024-04-26T12:51:37.340+0000] {logging_mixin.py:188} INFO - [2024-04-26T12:51:37.339+0000] {dagbag.py:540} INFO - Filling up the DagBag from /home/airflow/.local/lib/python3.12/site-packages/airflow/example_dags/example_complex.py
[2024-04-26T12:51:37.355+0000] {processor.py:840} INFO - DAG(s) 'example_complex' retrieved from /home/airflow/.local/lib/python3.12/site-packages/airflow/example_dags/example_complex.py
[2024-04-26T12:51:37.393+0000] {logging_mixin.py:188} INFO - [2024-04-26T12:51:37.393+0000] {dag.py:3096} INFO - Sync 1 DAGs
[2024-04-26T12:51:37.410+0000] {logging_mixin.py:188} INFO - [2024-04-26T12:51:37.410+0000] {dag.py:3954} INFO - Setting next_dagrun for example_complex to None, run_after=None
[2024-04-26T12:51:37.434+0000] {processor.py:183} INFO - Processing /home/airflow/.local/lib/python3.12/site-packages/airflow/example_dags/example_complex.py took 0.108 seconds
[2024-04-26T12:52:07.693+0000] {processor.py:161} INFO - Started process (PID=3092) to work on /home/airflow/.local/lib/python3.12/site-packages/airflow/example_dags/example_complex.py
[2024-04-26T12:52:07.694+0000] {processor.py:830} INFO - Processing file /home/airflow/.local/lib/python3.12/site-packages/airflow/example_dags/example_complex.py for tasks to queue
[2024-04-26T12:52:07.696+0000] {logging_mixin.py:188} INFO - [2024-04-26T12:52:07.695+0000] {dagbag.py:540} INFO - Filling up the DagBag from /home/airflow/.local/lib/python3.12/site-packages/airflow/example_dags/example_complex.py
[2024-04-26T12:52:07.708+0000] {processor.py:840} INFO - DAG(s) 'example_complex' retrieved from /home/airflow/.local/lib/python3.12/site-packages/airflow/example_dags/example_complex.py
[2024-04-26T12:52:07.747+0000] {logging_mixin.py:188} INFO - [2024-04-26T12:52:07.747+0000] {dag.py:3096} INFO - Sync 1 DAGs
[2024-04-26T12:52:07.766+0000] {logging_mixin.py:188} INFO - [2024-04-26T12:52:07.766+0000] {dag.py:3954} INFO - Setting next_dagrun for example_complex to None, run_after=None
[2024-04-26T12:52:07.792+0000] {processor.py:183} INFO - Processing /home/airflow/.local/lib/python3.12/site-packages/airflow/example_dags/example_complex.py took 0.105 seconds
[2024-04-26T12:52:38.786+0000] {processor.py:161} INFO - Started process (PID=3344) to work on /home/airflow/.local/lib/python3.12/site-packages/airflow/example_dags/example_complex.py
[2024-04-26T12:52:38.787+0000] {processor.py:830} INFO - Processing file /home/airflow/.local/lib/python3.12/site-packages/airflow/example_dags/example_complex.py for tasks to queue
[2024-04-26T12:52:38.789+0000] {logging_mixin.py:188} INFO - [2024-04-26T12:52:38.789+0000] {dagbag.py:540} INFO - Filling up the DagBag from /home/airflow/.local/lib/python3.12/site-packages/airflow/example_dags/example_complex.py
[2024-04-26T12:52:38.798+0000] {processor.py:840} INFO - DAG(s) 'example_complex' retrieved from /home/airflow/.local/lib/python3.12/site-packages/airflow/example_dags/example_complex.py
[2024-04-26T12:52:38.824+0000] {logging_mixin.py:188} INFO - [2024-04-26T12:52:38.823+0000] {dag.py:3096} INFO - Sync 1 DAGs
[2024-04-26T12:52:38.835+0000] {logging_mixin.py:188} INFO - [2024-04-26T12:52:38.835+0000] {dag.py:3954} INFO - Setting next_dagrun for example_complex to None, run_after=None
[2024-04-26T12:52:38.852+0000] {processor.py:183} INFO - Processing /home/airflow/.local/lib/python3.12/site-packages/airflow/example_dags/example_complex.py took 0.071 seconds
[2024-04-26T12:53:09.278+0000] {processor.py:161} INFO - Started process (PID=3600) to work on /home/airflow/.local/lib/python3.12/site-packages/airflow/example_dags/example_complex.py
[2024-04-26T12:53:09.279+0000] {processor.py:830} INFO - Processing file /home/airflow/.local/lib/python3.12/site-packages/airflow/example_dags/example_complex.py for tasks to queue
[2024-04-26T12:53:09.281+0000] {logging_mixin.py:188} INFO - [2024-04-26T12:53:09.280+0000] {dagbag.py:540} INFO - Filling up the DagBag from /home/airflow/.local/lib/python3.12/site-packages/airflow/example_dags/example_complex.py
[2024-04-26T12:53:09.290+0000] {processor.py:840} INFO - DAG(s) 'example_complex' retrieved from /home/airflow/.local/lib/python3.12/site-packages/airflow/example_dags/example_complex.py
[2024-04-26T12:53:09.320+0000] {logging_mixin.py:188} INFO - [2024-04-26T12:53:09.320+0000] {dag.py:3096} INFO - Sync 1 DAGs
[2024-04-26T12:53:09.335+0000] {logging_mixin.py:188} INFO - [2024-04-26T12:53:09.335+0000] {dag.py:3954} INFO - Setting next_dagrun for example_complex to None, run_after=None
[2024-04-26T12:53:09.359+0000] {processor.py:183} INFO - Processing /home/airflow/.local/lib/python3.12/site-packages/airflow/example_dags/example_complex.py took 0.086 seconds
[2024-04-26T12:53:40.243+0000] {processor.py:161} INFO - Started process (PID=3812) to work on /home/airflow/.local/lib/python3.12/site-packages/airflow/example_dags/example_complex.py
[2024-04-26T12:53:40.244+0000] {processor.py:830} INFO - Processing file /home/airflow/.local/lib/python3.12/site-packages/airflow/example_dags/example_complex.py for tasks to queue
[2024-04-26T12:53:40.246+0000] {logging_mixin.py:188} INFO - [2024-04-26T12:53:40.245+0000] {dagbag.py:540} INFO - Filling up the DagBag from /home/airflow/.local/lib/python3.12/site-packages/airflow/example_dags/example_complex.py
[2024-04-26T12:53:40.254+0000] {processor.py:840} INFO - DAG(s) 'example_complex' retrieved from /home/airflow/.local/lib/python3.12/site-packages/airflow/example_dags/example_complex.py
[2024-04-26T12:53:40.281+0000] {logging_mixin.py:188} INFO - [2024-04-26T12:53:40.280+0000] {dag.py:3096} INFO - Sync 1 DAGs
[2024-04-26T12:53:40.291+0000] {logging_mixin.py:188} INFO - [2024-04-26T12:53:40.291+0000] {dag.py:3954} INFO - Setting next_dagrun for example_complex to None, run_after=None
[2024-04-26T12:53:40.308+0000] {processor.py:183} INFO - Processing /home/airflow/.local/lib/python3.12/site-packages/airflow/example_dags/example_complex.py took 0.070 seconds
[2024-04-26T12:54:10.672+0000] {processor.py:161} INFO - Started process (PID=3876) to work on /home/airflow/.local/lib/python3.12/site-packages/airflow/example_dags/example_complex.py
[2024-04-26T12:54:10.673+0000] {processor.py:830} INFO - Processing file /home/airflow/.local/lib/python3.12/site-packages/airflow/example_dags/example_complex.py for tasks to queue
[2024-04-26T12:54:10.675+0000] {logging_mixin.py:188} INFO - [2024-04-26T12:54:10.674+0000] {dagbag.py:540} INFO - Filling up the DagBag from /home/airflow/.local/lib/python3.12/site-packages/airflow/example_dags/example_complex.py
[2024-04-26T12:54:10.683+0000] {processor.py:840} INFO - DAG(s) 'example_complex' retrieved from /home/airflow/.local/lib/python3.12/site-packages/airflow/example_dags/example_complex.py
[2024-04-26T12:54:10.708+0000] {logging_mixin.py:188} INFO - [2024-04-26T12:54:10.707+0000] {dag.py:3096} INFO - Sync 1 DAGs
[2024-04-26T12:54:10.717+0000] {logging_mixin.py:188} INFO - [2024-04-26T12:54:10.717+0000] {dag.py:3954} INFO - Setting next_dagrun for example_complex to None, run_after=None
[2024-04-26T12:54:10.738+0000] {processor.py:183} INFO - Processing /home/airflow/.local/lib/python3.12/site-packages/airflow/example_dags/example_complex.py took 0.070 seconds
[2024-04-26T12:54:40.971+0000] {processor.py:161} INFO - Started process (PID=3936) to work on /home/airflow/.local/lib/python3.12/site-packages/airflow/example_dags/example_complex.py
[2024-04-26T12:54:40.972+0000] {processor.py:830} INFO - Processing file /home/airflow/.local/lib/python3.12/site-packages/airflow/example_dags/example_complex.py for tasks to queue
[2024-04-26T12:54:40.973+0000] {logging_mixin.py:188} INFO - [2024-04-26T12:54:40.973+0000] {dagbag.py:540} INFO - Filling up the DagBag from /home/airflow/.local/lib/python3.12/site-packages/airflow/example_dags/example_complex.py
[2024-04-26T12:54:40.981+0000] {processor.py:840} INFO - DAG(s) 'example_complex' retrieved from /home/airflow/.local/lib/python3.12/site-packages/airflow/example_dags/example_complex.py
[2024-04-26T12:54:41.006+0000] {logging_mixin.py:188} INFO - [2024-04-26T12:54:41.006+0000] {dag.py:3096} INFO - Sync 1 DAGs
[2024-04-26T12:54:41.016+0000] {logging_mixin.py:188} INFO - [2024-04-26T12:54:41.016+0000] {dag.py:3954} INFO - Setting next_dagrun for example_complex to None, run_after=None
[2024-04-26T12:54:41.031+0000] {processor.py:183} INFO - Processing /home/airflow/.local/lib/python3.12/site-packages/airflow/example_dags/example_complex.py took 0.064 seconds
[2024-04-26T12:55:11.548+0000] {processor.py:161} INFO - Started process (PID=3996) to work on /home/airflow/.local/lib/python3.12/site-packages/airflow/example_dags/example_complex.py
[2024-04-26T12:55:11.549+0000] {processor.py:830} INFO - Processing file /home/airflow/.local/lib/python3.12/site-packages/airflow/example_dags/example_complex.py for tasks to queue
[2024-04-26T12:55:11.551+0000] {logging_mixin.py:188} INFO - [2024-04-26T12:55:11.550+0000] {dagbag.py:540} INFO - Filling up the DagBag from /home/airflow/.local/lib/python3.12/site-packages/airflow/example_dags/example_complex.py
[2024-04-26T12:55:11.559+0000] {processor.py:840} INFO - DAG(s) 'example_complex' retrieved from /home/airflow/.local/lib/python3.12/site-packages/airflow/example_dags/example_complex.py
[2024-04-26T12:55:11.583+0000] {logging_mixin.py:188} INFO - [2024-04-26T12:55:11.583+0000] {dag.py:3096} INFO - Sync 1 DAGs
[2024-04-26T12:55:11.592+0000] {logging_mixin.py:188} INFO - [2024-04-26T12:55:11.592+0000] {dag.py:3954} INFO - Setting next_dagrun for example_complex to None, run_after=None
[2024-04-26T12:55:11.610+0000] {processor.py:183} INFO - Processing /home/airflow/.local/lib/python3.12/site-packages/airflow/example_dags/example_complex.py took 0.067 seconds
[2024-04-26T12:55:42.027+0000] {processor.py:161} INFO - Started process (PID=4056) to work on /home/airflow/.local/lib/python3.12/site-packages/airflow/example_dags/example_complex.py
[2024-04-26T12:55:42.028+0000] {processor.py:830} INFO - Processing file /home/airflow/.local/lib/python3.12/site-packages/airflow/example_dags/example_complex.py for tasks to queue
[2024-04-26T12:55:42.029+0000] {logging_mixin.py:188} INFO - [2024-04-26T12:55:42.029+0000] {dagbag.py:540} INFO - Filling up the DagBag from /home/airflow/.local/lib/python3.12/site-packages/airflow/example_dags/example_complex.py
[2024-04-26T12:55:42.037+0000] {processor.py:840} INFO - DAG(s) 'example_complex' retrieved from /home/airflow/.local/lib/python3.12/site-packages/airflow/example_dags/example_complex.py
[2024-04-26T12:55:42.061+0000] {logging_mixin.py:188} INFO - [2024-04-26T12:55:42.061+0000] {dag.py:3096} INFO - Sync 1 DAGs
[2024-04-26T12:55:42.071+0000] {logging_mixin.py:188} INFO - [2024-04-26T12:55:42.071+0000] {dag.py:3954} INFO - Setting next_dagrun for example_complex to None, run_after=None
[2024-04-26T12:55:42.088+0000] {processor.py:183} INFO - Processing /home/airflow/.local/lib/python3.12/site-packages/airflow/example_dags/example_complex.py took 0.066 seconds
[2024-04-26T12:56:12.458+0000] {processor.py:161} INFO - Started process (PID=4120) to work on /home/airflow/.local/lib/python3.12/site-packages/airflow/example_dags/example_complex.py
[2024-04-26T12:56:12.459+0000] {processor.py:830} INFO - Processing file /home/airflow/.local/lib/python3.12/site-packages/airflow/example_dags/example_complex.py for tasks to queue
[2024-04-26T12:56:12.461+0000] {logging_mixin.py:188} INFO - [2024-04-26T12:56:12.460+0000] {dagbag.py:540} INFO - Filling up the DagBag from /home/airflow/.local/lib/python3.12/site-packages/airflow/example_dags/example_complex.py
[2024-04-26T12:56:12.468+0000] {processor.py:840} INFO - DAG(s) 'example_complex' retrieved from /home/airflow/.local/lib/python3.12/site-packages/airflow/example_dags/example_complex.py
[2024-04-26T12:56:12.492+0000] {logging_mixin.py:188} INFO - [2024-04-26T12:56:12.492+0000] {dag.py:3096} INFO - Sync 1 DAGs
[2024-04-26T12:56:12.501+0000] {logging_mixin.py:188} INFO - [2024-04-26T12:56:12.501+0000] {dag.py:3954} INFO - Setting next_dagrun for example_complex to None, run_after=None
[2024-04-26T12:56:12.516+0000] {processor.py:183} INFO - Processing /home/airflow/.local/lib/python3.12/site-packages/airflow/example_dags/example_complex.py took 0.063 seconds
[2024-04-26T12:56:42.864+0000] {processor.py:161} INFO - Started process (PID=4180) to work on /home/airflow/.local/lib/python3.12/site-packages/airflow/example_dags/example_complex.py
[2024-04-26T12:56:42.864+0000] {processor.py:830} INFO - Processing file /home/airflow/.local/lib/python3.12/site-packages/airflow/example_dags/example_complex.py for tasks to queue
[2024-04-26T12:56:42.866+0000] {logging_mixin.py:188} INFO - [2024-04-26T12:56:42.865+0000] {dagbag.py:540} INFO - Filling up the DagBag from /home/airflow/.local/lib/python3.12/site-packages/airflow/example_dags/example_complex.py
[2024-04-26T12:56:42.873+0000] {processor.py:840} INFO - DAG(s) 'example_complex' retrieved from /home/airflow/.local/lib/python3.12/site-packages/airflow/example_dags/example_complex.py
[2024-04-26T12:56:42.897+0000] {logging_mixin.py:188} INFO - [2024-04-26T12:56:42.897+0000] {dag.py:3096} INFO - Sync 1 DAGs
[2024-04-26T12:56:42.907+0000] {logging_mixin.py:188} INFO - [2024-04-26T12:56:42.907+0000] {dag.py:3954} INFO - Setting next_dagrun for example_complex to None, run_after=None
[2024-04-26T12:56:42.925+0000] {processor.py:183} INFO - Processing /home/airflow/.local/lib/python3.12/site-packages/airflow/example_dags/example_complex.py took 0.065 seconds
[2024-04-26T12:57:13.352+0000] {processor.py:161} INFO - Started process (PID=4240) to work on /home/airflow/.local/lib/python3.12/site-packages/airflow/example_dags/example_complex.py
[2024-04-26T12:57:13.352+0000] {processor.py:830} INFO - Processing file /home/airflow/.local/lib/python3.12/site-packages/airflow/example_dags/example_complex.py for tasks to queue
[2024-04-26T12:57:13.354+0000] {logging_mixin.py:188} INFO - [2024-04-26T12:57:13.354+0000] {dagbag.py:540} INFO - Filling up the DagBag from /home/airflow/.local/lib/python3.12/site-packages/airflow/example_dags/example_complex.py
[2024-04-26T12:57:13.362+0000] {processor.py:840} INFO - DAG(s) 'example_complex' retrieved from /home/airflow/.local/lib/python3.12/site-packages/airflow/example_dags/example_complex.py
[2024-04-26T12:57:13.385+0000] {logging_mixin.py:188} INFO - [2024-04-26T12:57:13.385+0000] {dag.py:3096} INFO - Sync 1 DAGs
[2024-04-26T12:57:13.395+0000] {logging_mixin.py:188} INFO - [2024-04-26T12:57:13.395+0000] {dag.py:3954} INFO - Setting next_dagrun for example_complex to None, run_after=None
[2024-04-26T12:57:13.412+0000] {processor.py:183} INFO - Processing /home/airflow/.local/lib/python3.12/site-packages/airflow/example_dags/example_complex.py took 0.065 seconds
[2024-04-26T12:57:43.681+0000] {processor.py:161} INFO - Started process (PID=4300) to work on /home/airflow/.local/lib/python3.12/site-packages/airflow/example_dags/example_complex.py
[2024-04-26T12:57:43.682+0000] {processor.py:830} INFO - Processing file /home/airflow/.local/lib/python3.12/site-packages/airflow/example_dags/example_complex.py for tasks to queue
[2024-04-26T12:57:43.683+0000] {logging_mixin.py:188} INFO - [2024-04-26T12:57:43.683+0000] {dagbag.py:540} INFO - Filling up the DagBag from /home/airflow/.local/lib/python3.12/site-packages/airflow/example_dags/example_complex.py
[2024-04-26T12:57:43.691+0000] {processor.py:840} INFO - DAG(s) 'example_complex' retrieved from /home/airflow/.local/lib/python3.12/site-packages/airflow/example_dags/example_complex.py
[2024-04-26T12:57:43.715+0000] {logging_mixin.py:188} INFO - [2024-04-26T12:57:43.715+0000] {dag.py:3096} INFO - Sync 1 DAGs
[2024-04-26T12:57:43.725+0000] {logging_mixin.py:188} INFO - [2024-04-26T12:57:43.724+0000] {dag.py:3954} INFO - Setting next_dagrun for example_complex to None, run_after=None
[2024-04-26T12:57:43.741+0000] {processor.py:183} INFO - Processing /home/airflow/.local/lib/python3.12/site-packages/airflow/example_dags/example_complex.py took 0.065 seconds
[2024-04-26T12:58:14.012+0000] {processor.py:161} INFO - Started process (PID=4364) to work on /home/airflow/.local/lib/python3.12/site-packages/airflow/example_dags/example_complex.py
[2024-04-26T12:58:14.013+0000] {processor.py:830} INFO - Processing file /home/airflow/.local/lib/python3.12/site-packages/airflow/example_dags/example_complex.py for tasks to queue
[2024-04-26T12:58:14.015+0000] {logging_mixin.py:188} INFO - [2024-04-26T12:58:14.014+0000] {dagbag.py:540} INFO - Filling up the DagBag from /home/airflow/.local/lib/python3.12/site-packages/airflow/example_dags/example_complex.py
[2024-04-26T12:58:14.023+0000] {processor.py:840} INFO - DAG(s) 'example_complex' retrieved from /home/airflow/.local/lib/python3.12/site-packages/airflow/example_dags/example_complex.py
[2024-04-26T12:58:14.049+0000] {logging_mixin.py:188} INFO - [2024-04-26T12:58:14.049+0000] {dag.py:3096} INFO - Sync 1 DAGs
[2024-04-26T12:58:14.059+0000] {logging_mixin.py:188} INFO - [2024-04-26T12:58:14.059+0000] {dag.py:3954} INFO - Setting next_dagrun for example_complex to None, run_after=None
[2024-04-26T12:58:14.075+0000] {processor.py:183} INFO - Processing /home/airflow/.local/lib/python3.12/site-packages/airflow/example_dags/example_complex.py took 0.067 seconds
