[2024-04-26T12:34:42.966+0000] {processor.py:161} INFO - Started process (PID=43) to work on /home/airflow/.local/lib/python3.12/site-packages/airflow/example_dags/example_xcom.py
[2024-04-26T12:34:42.967+0000] {processor.py:830} INFO - Processing file /home/airflow/.local/lib/python3.12/site-packages/airflow/example_dags/example_xcom.py for tasks to queue
[2024-04-26T12:34:42.969+0000] {logging_mixin.py:188} INFO - [2024-04-26T12:34:42.969+0000] {dagbag.py:540} INFO - Filling up the DagBag from /home/airflow/.local/lib/python3.12/site-packages/airflow/example_dags/example_xcom.py
[2024-04-26T12:34:42.978+0000] {processor.py:840} INFO - DAG(s) 'example_xcom' retrieved from /home/airflow/.local/lib/python3.12/site-packages/airflow/example_dags/example_xcom.py
[2024-04-26T12:34:43.087+0000] {logging_mixin.py:188} INFO - [2024-04-26T12:34:43.086+0000] {override.py:1829} INFO - Created Permission View: can delete on DAG:example_xcom
[2024-04-26T12:34:43.096+0000] {logging_mixin.py:188} INFO - [2024-04-26T12:34:43.096+0000] {override.py:1829} INFO - Created Permission View: can edit on DAG:example_xcom
[2024-04-26T12:34:43.103+0000] {logging_mixin.py:188} INFO - [2024-04-26T12:34:43.103+0000] {override.py:1829} INFO - Created Permission View: can read on DAG:example_xcom
[2024-04-26T12:34:43.103+0000] {logging_mixin.py:188} INFO - [2024-04-26T12:34:43.103+0000] {dag.py:3096} INFO - Sync 1 DAGs
[2024-04-26T12:34:43.113+0000] {logging_mixin.py:188} INFO - [2024-04-26T12:34:43.113+0000] {dag.py:3118} INFO - Creating ORM DAG for example_xcom
[2024-04-26T12:34:43.121+0000] {logging_mixin.py:188} INFO - [2024-04-26T12:34:43.121+0000] {dag.py:3954} INFO - Setting next_dagrun for example_xcom to 2021-01-01 00:00:00+00:00, run_after=2021-01-01 00:00:00+00:00
[2024-04-26T12:34:43.135+0000] {processor.py:183} INFO - Processing /home/airflow/.local/lib/python3.12/site-packages/airflow/example_dags/example_xcom.py took 0.174 seconds
[2024-04-26T12:35:13.670+0000] {processor.py:161} INFO - Started process (PID=101) to work on /home/airflow/.local/lib/python3.12/site-packages/airflow/example_dags/example_xcom.py
[2024-04-26T12:35:13.670+0000] {processor.py:830} INFO - Processing file /home/airflow/.local/lib/python3.12/site-packages/airflow/example_dags/example_xcom.py for tasks to queue
[2024-04-26T12:35:13.672+0000] {logging_mixin.py:188} INFO - [2024-04-26T12:35:13.672+0000] {dagbag.py:540} INFO - Filling up the DagBag from /home/airflow/.local/lib/python3.12/site-packages/airflow/example_dags/example_xcom.py
[2024-04-26T12:35:13.677+0000] {processor.py:840} INFO - DAG(s) 'example_xcom' retrieved from /home/airflow/.local/lib/python3.12/site-packages/airflow/example_dags/example_xcom.py
[2024-04-26T12:35:13.693+0000] {logging_mixin.py:188} INFO - [2024-04-26T12:35:13.692+0000] {dag.py:3096} INFO - Sync 1 DAGs
[2024-04-26T12:35:13.709+0000] {logging_mixin.py:188} INFO - [2024-04-26T12:35:13.709+0000] {dag.py:3954} INFO - Setting next_dagrun for example_xcom to 2021-01-01 00:00:00+00:00, run_after=2021-01-01 00:00:00+00:00
[2024-04-26T12:35:13.723+0000] {processor.py:183} INFO - Processing /home/airflow/.local/lib/python3.12/site-packages/airflow/example_dags/example_xcom.py took 0.057 seconds
[2024-04-26T12:35:43.788+0000] {processor.py:161} INFO - Started process (PID=159) to work on /home/airflow/.local/lib/python3.12/site-packages/airflow/example_dags/example_xcom.py
[2024-04-26T12:35:43.789+0000] {processor.py:830} INFO - Processing file /home/airflow/.local/lib/python3.12/site-packages/airflow/example_dags/example_xcom.py for tasks to queue
[2024-04-26T12:35:43.791+0000] {logging_mixin.py:188} INFO - [2024-04-26T12:35:43.790+0000] {dagbag.py:540} INFO - Filling up the DagBag from /home/airflow/.local/lib/python3.12/site-packages/airflow/example_dags/example_xcom.py
[2024-04-26T12:35:43.797+0000] {processor.py:840} INFO - DAG(s) 'example_xcom' retrieved from /home/airflow/.local/lib/python3.12/site-packages/airflow/example_dags/example_xcom.py
[2024-04-26T12:35:43.813+0000] {logging_mixin.py:188} INFO - [2024-04-26T12:35:43.813+0000] {dag.py:3096} INFO - Sync 1 DAGs
[2024-04-26T12:35:43.829+0000] {logging_mixin.py:188} INFO - [2024-04-26T12:35:43.829+0000] {dag.py:3954} INFO - Setting next_dagrun for example_xcom to 2021-01-01 00:00:00+00:00, run_after=2021-01-01 00:00:00+00:00
[2024-04-26T12:35:43.844+0000] {processor.py:183} INFO - Processing /home/airflow/.local/lib/python3.12/site-packages/airflow/example_dags/example_xcom.py took 0.061 seconds
[2024-04-26T12:36:13.888+0000] {processor.py:161} INFO - Started process (PID=217) to work on /home/airflow/.local/lib/python3.12/site-packages/airflow/example_dags/example_xcom.py
[2024-04-26T12:36:13.889+0000] {processor.py:830} INFO - Processing file /home/airflow/.local/lib/python3.12/site-packages/airflow/example_dags/example_xcom.py for tasks to queue
[2024-04-26T12:36:13.891+0000] {logging_mixin.py:188} INFO - [2024-04-26T12:36:13.891+0000] {dagbag.py:540} INFO - Filling up the DagBag from /home/airflow/.local/lib/python3.12/site-packages/airflow/example_dags/example_xcom.py
[2024-04-26T12:36:13.896+0000] {processor.py:840} INFO - DAG(s) 'example_xcom' retrieved from /home/airflow/.local/lib/python3.12/site-packages/airflow/example_dags/example_xcom.py
[2024-04-26T12:36:13.911+0000] {logging_mixin.py:188} INFO - [2024-04-26T12:36:13.911+0000] {dag.py:3096} INFO - Sync 1 DAGs
[2024-04-26T12:36:13.926+0000] {logging_mixin.py:188} INFO - [2024-04-26T12:36:13.926+0000] {dag.py:3954} INFO - Setting next_dagrun for example_xcom to 2021-01-01 00:00:00+00:00, run_after=2021-01-01 00:00:00+00:00
[2024-04-26T12:36:13.940+0000] {processor.py:183} INFO - Processing /home/airflow/.local/lib/python3.12/site-packages/airflow/example_dags/example_xcom.py took 0.056 seconds
[2024-04-26T12:36:44.276+0000] {processor.py:161} INFO - Started process (PID=275) to work on /home/airflow/.local/lib/python3.12/site-packages/airflow/example_dags/example_xcom.py
[2024-04-26T12:36:44.276+0000] {processor.py:830} INFO - Processing file /home/airflow/.local/lib/python3.12/site-packages/airflow/example_dags/example_xcom.py for tasks to queue
[2024-04-26T12:36:44.278+0000] {logging_mixin.py:188} INFO - [2024-04-26T12:36:44.278+0000] {dagbag.py:540} INFO - Filling up the DagBag from /home/airflow/.local/lib/python3.12/site-packages/airflow/example_dags/example_xcom.py
[2024-04-26T12:36:44.284+0000] {processor.py:840} INFO - DAG(s) 'example_xcom' retrieved from /home/airflow/.local/lib/python3.12/site-packages/airflow/example_dags/example_xcom.py
[2024-04-26T12:36:44.301+0000] {logging_mixin.py:188} INFO - [2024-04-26T12:36:44.301+0000] {dag.py:3096} INFO - Sync 1 DAGs
[2024-04-26T12:36:44.316+0000] {logging_mixin.py:188} INFO - [2024-04-26T12:36:44.316+0000] {dag.py:3954} INFO - Setting next_dagrun for example_xcom to 2021-01-01 00:00:00+00:00, run_after=2021-01-01 00:00:00+00:00
[2024-04-26T12:36:44.332+0000] {processor.py:183} INFO - Processing /home/airflow/.local/lib/python3.12/site-packages/airflow/example_dags/example_xcom.py took 0.061 seconds
[2024-04-26T12:37:14.669+0000] {processor.py:161} INFO - Started process (PID=333) to work on /home/airflow/.local/lib/python3.12/site-packages/airflow/example_dags/example_xcom.py
[2024-04-26T12:37:14.670+0000] {processor.py:830} INFO - Processing file /home/airflow/.local/lib/python3.12/site-packages/airflow/example_dags/example_xcom.py for tasks to queue
[2024-04-26T12:37:14.672+0000] {logging_mixin.py:188} INFO - [2024-04-26T12:37:14.671+0000] {dagbag.py:540} INFO - Filling up the DagBag from /home/airflow/.local/lib/python3.12/site-packages/airflow/example_dags/example_xcom.py
[2024-04-26T12:37:14.677+0000] {processor.py:840} INFO - DAG(s) 'example_xcom' retrieved from /home/airflow/.local/lib/python3.12/site-packages/airflow/example_dags/example_xcom.py
[2024-04-26T12:37:14.694+0000] {logging_mixin.py:188} INFO - [2024-04-26T12:37:14.694+0000] {dag.py:3096} INFO - Sync 1 DAGs
[2024-04-26T12:37:14.709+0000] {logging_mixin.py:188} INFO - [2024-04-26T12:37:14.709+0000] {dag.py:3954} INFO - Setting next_dagrun for example_xcom to 2021-01-01 00:00:00+00:00, run_after=2021-01-01 00:00:00+00:00
[2024-04-26T12:37:14.724+0000] {processor.py:183} INFO - Processing /home/airflow/.local/lib/python3.12/site-packages/airflow/example_dags/example_xcom.py took 0.059 seconds
[2024-04-26T12:37:45.074+0000] {processor.py:161} INFO - Started process (PID=391) to work on /home/airflow/.local/lib/python3.12/site-packages/airflow/example_dags/example_xcom.py
[2024-04-26T12:37:45.075+0000] {processor.py:830} INFO - Processing file /home/airflow/.local/lib/python3.12/site-packages/airflow/example_dags/example_xcom.py for tasks to queue
[2024-04-26T12:37:45.076+0000] {logging_mixin.py:188} INFO - [2024-04-26T12:37:45.076+0000] {dagbag.py:540} INFO - Filling up the DagBag from /home/airflow/.local/lib/python3.12/site-packages/airflow/example_dags/example_xcom.py
[2024-04-26T12:37:45.082+0000] {processor.py:840} INFO - DAG(s) 'example_xcom' retrieved from /home/airflow/.local/lib/python3.12/site-packages/airflow/example_dags/example_xcom.py
[2024-04-26T12:37:45.097+0000] {logging_mixin.py:188} INFO - [2024-04-26T12:37:45.097+0000] {dag.py:3096} INFO - Sync 1 DAGs
[2024-04-26T12:37:45.114+0000] {logging_mixin.py:188} INFO - [2024-04-26T12:37:45.113+0000] {dag.py:3954} INFO - Setting next_dagrun for example_xcom to 2021-01-01 00:00:00+00:00, run_after=2021-01-01 00:00:00+00:00
[2024-04-26T12:37:45.127+0000] {processor.py:183} INFO - Processing /home/airflow/.local/lib/python3.12/site-packages/airflow/example_dags/example_xcom.py took 0.058 seconds
[2024-04-26T12:38:15.544+0000] {processor.py:161} INFO - Started process (PID=449) to work on /home/airflow/.local/lib/python3.12/site-packages/airflow/example_dags/example_xcom.py
[2024-04-26T12:38:15.545+0000] {processor.py:830} INFO - Processing file /home/airflow/.local/lib/python3.12/site-packages/airflow/example_dags/example_xcom.py for tasks to queue
[2024-04-26T12:38:15.546+0000] {logging_mixin.py:188} INFO - [2024-04-26T12:38:15.546+0000] {dagbag.py:540} INFO - Filling up the DagBag from /home/airflow/.local/lib/python3.12/site-packages/airflow/example_dags/example_xcom.py
[2024-04-26T12:38:15.552+0000] {processor.py:840} INFO - DAG(s) 'example_xcom' retrieved from /home/airflow/.local/lib/python3.12/site-packages/airflow/example_dags/example_xcom.py
[2024-04-26T12:38:15.568+0000] {logging_mixin.py:188} INFO - [2024-04-26T12:38:15.568+0000] {dag.py:3096} INFO - Sync 1 DAGs
[2024-04-26T12:38:15.585+0000] {logging_mixin.py:188} INFO - [2024-04-26T12:38:15.585+0000] {dag.py:3954} INFO - Setting next_dagrun for example_xcom to 2021-01-01 00:00:00+00:00, run_after=2021-01-01 00:00:00+00:00
[2024-04-26T12:38:15.600+0000] {processor.py:183} INFO - Processing /home/airflow/.local/lib/python3.12/site-packages/airflow/example_dags/example_xcom.py took 0.061 seconds
[2024-04-26T12:38:45.901+0000] {processor.py:161} INFO - Started process (PID=507) to work on /home/airflow/.local/lib/python3.12/site-packages/airflow/example_dags/example_xcom.py
[2024-04-26T12:38:45.902+0000] {processor.py:830} INFO - Processing file /home/airflow/.local/lib/python3.12/site-packages/airflow/example_dags/example_xcom.py for tasks to queue
[2024-04-26T12:38:45.903+0000] {logging_mixin.py:188} INFO - [2024-04-26T12:38:45.903+0000] {dagbag.py:540} INFO - Filling up the DagBag from /home/airflow/.local/lib/python3.12/site-packages/airflow/example_dags/example_xcom.py
[2024-04-26T12:38:45.909+0000] {processor.py:840} INFO - DAG(s) 'example_xcom' retrieved from /home/airflow/.local/lib/python3.12/site-packages/airflow/example_dags/example_xcom.py
[2024-04-26T12:38:45.924+0000] {logging_mixin.py:188} INFO - [2024-04-26T12:38:45.924+0000] {dag.py:3096} INFO - Sync 1 DAGs
[2024-04-26T12:38:45.941+0000] {logging_mixin.py:188} INFO - [2024-04-26T12:38:45.941+0000] {dag.py:3954} INFO - Setting next_dagrun for example_xcom to 2021-01-01 00:00:00+00:00, run_after=2021-01-01 00:00:00+00:00
[2024-04-26T12:38:45.957+0000] {processor.py:183} INFO - Processing /home/airflow/.local/lib/python3.12/site-packages/airflow/example_dags/example_xcom.py took 0.060 seconds
[2024-04-26T12:39:16.342+0000] {processor.py:161} INFO - Started process (PID=565) to work on /home/airflow/.local/lib/python3.12/site-packages/airflow/example_dags/example_xcom.py
[2024-04-26T12:39:16.343+0000] {processor.py:830} INFO - Processing file /home/airflow/.local/lib/python3.12/site-packages/airflow/example_dags/example_xcom.py for tasks to queue
[2024-04-26T12:39:16.344+0000] {logging_mixin.py:188} INFO - [2024-04-26T12:39:16.344+0000] {dagbag.py:540} INFO - Filling up the DagBag from /home/airflow/.local/lib/python3.12/site-packages/airflow/example_dags/example_xcom.py
[2024-04-26T12:39:16.350+0000] {processor.py:840} INFO - DAG(s) 'example_xcom' retrieved from /home/airflow/.local/lib/python3.12/site-packages/airflow/example_dags/example_xcom.py
[2024-04-26T12:39:16.366+0000] {logging_mixin.py:188} INFO - [2024-04-26T12:39:16.366+0000] {dag.py:3096} INFO - Sync 1 DAGs
[2024-04-26T12:39:16.383+0000] {logging_mixin.py:188} INFO - [2024-04-26T12:39:16.382+0000] {dag.py:3954} INFO - Setting next_dagrun for example_xcom to 2021-01-01 00:00:00+00:00, run_after=2021-01-01 00:00:00+00:00
[2024-04-26T12:39:16.397+0000] {processor.py:183} INFO - Processing /home/airflow/.local/lib/python3.12/site-packages/airflow/example_dags/example_xcom.py took 0.060 seconds
[2024-04-26T12:39:46.804+0000] {processor.py:161} INFO - Started process (PID=623) to work on /home/airflow/.local/lib/python3.12/site-packages/airflow/example_dags/example_xcom.py
[2024-04-26T12:39:46.805+0000] {processor.py:830} INFO - Processing file /home/airflow/.local/lib/python3.12/site-packages/airflow/example_dags/example_xcom.py for tasks to queue
[2024-04-26T12:39:46.807+0000] {logging_mixin.py:188} INFO - [2024-04-26T12:39:46.806+0000] {dagbag.py:540} INFO - Filling up the DagBag from /home/airflow/.local/lib/python3.12/site-packages/airflow/example_dags/example_xcom.py
[2024-04-26T12:39:46.813+0000] {processor.py:840} INFO - DAG(s) 'example_xcom' retrieved from /home/airflow/.local/lib/python3.12/site-packages/airflow/example_dags/example_xcom.py
[2024-04-26T12:39:46.829+0000] {logging_mixin.py:188} INFO - [2024-04-26T12:39:46.828+0000] {dag.py:3096} INFO - Sync 1 DAGs
[2024-04-26T12:39:46.845+0000] {logging_mixin.py:188} INFO - [2024-04-26T12:39:46.845+0000] {dag.py:3954} INFO - Setting next_dagrun for example_xcom to 2021-01-01 00:00:00+00:00, run_after=2021-01-01 00:00:00+00:00
[2024-04-26T12:39:46.861+0000] {processor.py:183} INFO - Processing /home/airflow/.local/lib/python3.12/site-packages/airflow/example_dags/example_xcom.py took 0.061 seconds
[2024-04-26T12:40:17.252+0000] {processor.py:161} INFO - Started process (PID=681) to work on /home/airflow/.local/lib/python3.12/site-packages/airflow/example_dags/example_xcom.py
[2024-04-26T12:40:17.253+0000] {processor.py:830} INFO - Processing file /home/airflow/.local/lib/python3.12/site-packages/airflow/example_dags/example_xcom.py for tasks to queue
[2024-04-26T12:40:17.254+0000] {logging_mixin.py:188} INFO - [2024-04-26T12:40:17.254+0000] {dagbag.py:540} INFO - Filling up the DagBag from /home/airflow/.local/lib/python3.12/site-packages/airflow/example_dags/example_xcom.py
[2024-04-26T12:40:17.260+0000] {processor.py:840} INFO - DAG(s) 'example_xcom' retrieved from /home/airflow/.local/lib/python3.12/site-packages/airflow/example_dags/example_xcom.py
[2024-04-26T12:40:17.275+0000] {logging_mixin.py:188} INFO - [2024-04-26T12:40:17.275+0000] {dag.py:3096} INFO - Sync 1 DAGs
[2024-04-26T12:40:17.291+0000] {logging_mixin.py:188} INFO - [2024-04-26T12:40:17.290+0000] {dag.py:3954} INFO - Setting next_dagrun for example_xcom to 2021-01-01 00:00:00+00:00, run_after=2021-01-01 00:00:00+00:00
[2024-04-26T12:40:17.304+0000] {processor.py:183} INFO - Processing /home/airflow/.local/lib/python3.12/site-packages/airflow/example_dags/example_xcom.py took 0.056 seconds
[2024-04-26T12:40:47.803+0000] {processor.py:161} INFO - Started process (PID=739) to work on /home/airflow/.local/lib/python3.12/site-packages/airflow/example_dags/example_xcom.py
[2024-04-26T12:40:47.804+0000] {processor.py:830} INFO - Processing file /home/airflow/.local/lib/python3.12/site-packages/airflow/example_dags/example_xcom.py for tasks to queue
[2024-04-26T12:40:47.805+0000] {logging_mixin.py:188} INFO - [2024-04-26T12:40:47.805+0000] {dagbag.py:540} INFO - Filling up the DagBag from /home/airflow/.local/lib/python3.12/site-packages/airflow/example_dags/example_xcom.py
[2024-04-26T12:40:47.811+0000] {processor.py:840} INFO - DAG(s) 'example_xcom' retrieved from /home/airflow/.local/lib/python3.12/site-packages/airflow/example_dags/example_xcom.py
[2024-04-26T12:40:47.827+0000] {logging_mixin.py:188} INFO - [2024-04-26T12:40:47.827+0000] {dag.py:3096} INFO - Sync 1 DAGs
[2024-04-26T12:40:47.845+0000] {logging_mixin.py:188} INFO - [2024-04-26T12:40:47.844+0000] {dag.py:3954} INFO - Setting next_dagrun for example_xcom to 2021-01-01 00:00:00+00:00, run_after=2021-01-01 00:00:00+00:00
[2024-04-26T12:40:47.859+0000] {processor.py:183} INFO - Processing /home/airflow/.local/lib/python3.12/site-packages/airflow/example_dags/example_xcom.py took 0.060 seconds
[2024-04-26T12:41:18.415+0000] {processor.py:161} INFO - Started process (PID=797) to work on /home/airflow/.local/lib/python3.12/site-packages/airflow/example_dags/example_xcom.py
[2024-04-26T12:41:18.415+0000] {processor.py:830} INFO - Processing file /home/airflow/.local/lib/python3.12/site-packages/airflow/example_dags/example_xcom.py for tasks to queue
[2024-04-26T12:41:18.417+0000] {logging_mixin.py:188} INFO - [2024-04-26T12:41:18.417+0000] {dagbag.py:540} INFO - Filling up the DagBag from /home/airflow/.local/lib/python3.12/site-packages/airflow/example_dags/example_xcom.py
[2024-04-26T12:41:18.422+0000] {processor.py:840} INFO - DAG(s) 'example_xcom' retrieved from /home/airflow/.local/lib/python3.12/site-packages/airflow/example_dags/example_xcom.py
[2024-04-26T12:41:18.438+0000] {logging_mixin.py:188} INFO - [2024-04-26T12:41:18.438+0000] {dag.py:3096} INFO - Sync 1 DAGs
[2024-04-26T12:41:18.455+0000] {logging_mixin.py:188} INFO - [2024-04-26T12:41:18.455+0000] {dag.py:3954} INFO - Setting next_dagrun for example_xcom to 2021-01-01 00:00:00+00:00, run_after=2021-01-01 00:00:00+00:00
[2024-04-26T12:41:18.575+0000] {processor.py:183} INFO - Processing /home/airflow/.local/lib/python3.12/site-packages/airflow/example_dags/example_xcom.py took 0.165 seconds
[2024-04-26T12:41:49.328+0000] {processor.py:161} INFO - Started process (PID=855) to work on /home/airflow/.local/lib/python3.12/site-packages/airflow/example_dags/example_xcom.py
[2024-04-26T12:41:49.329+0000] {processor.py:830} INFO - Processing file /home/airflow/.local/lib/python3.12/site-packages/airflow/example_dags/example_xcom.py for tasks to queue
[2024-04-26T12:41:49.331+0000] {logging_mixin.py:188} INFO - [2024-04-26T12:41:49.331+0000] {dagbag.py:540} INFO - Filling up the DagBag from /home/airflow/.local/lib/python3.12/site-packages/airflow/example_dags/example_xcom.py
[2024-04-26T12:41:49.336+0000] {processor.py:840} INFO - DAG(s) 'example_xcom' retrieved from /home/airflow/.local/lib/python3.12/site-packages/airflow/example_dags/example_xcom.py
[2024-04-26T12:41:49.352+0000] {logging_mixin.py:188} INFO - [2024-04-26T12:41:49.352+0000] {dag.py:3096} INFO - Sync 1 DAGs
[2024-04-26T12:41:49.367+0000] {logging_mixin.py:188} INFO - [2024-04-26T12:41:49.367+0000] {dag.py:3954} INFO - Setting next_dagrun for example_xcom to 2021-01-01 00:00:00+00:00, run_after=2021-01-01 00:00:00+00:00
[2024-04-26T12:41:49.385+0000] {processor.py:183} INFO - Processing /home/airflow/.local/lib/python3.12/site-packages/airflow/example_dags/example_xcom.py took 0.060 seconds
[2024-04-26T12:42:19.482+0000] {processor.py:161} INFO - Started process (PID=913) to work on /home/airflow/.local/lib/python3.12/site-packages/airflow/example_dags/example_xcom.py
[2024-04-26T12:42:19.483+0000] {processor.py:830} INFO - Processing file /home/airflow/.local/lib/python3.12/site-packages/airflow/example_dags/example_xcom.py for tasks to queue
[2024-04-26T12:42:19.484+0000] {logging_mixin.py:188} INFO - [2024-04-26T12:42:19.484+0000] {dagbag.py:540} INFO - Filling up the DagBag from /home/airflow/.local/lib/python3.12/site-packages/airflow/example_dags/example_xcom.py
[2024-04-26T12:42:19.490+0000] {processor.py:840} INFO - DAG(s) 'example_xcom' retrieved from /home/airflow/.local/lib/python3.12/site-packages/airflow/example_dags/example_xcom.py
[2024-04-26T12:42:19.505+0000] {logging_mixin.py:188} INFO - [2024-04-26T12:42:19.505+0000] {dag.py:3096} INFO - Sync 1 DAGs
[2024-04-26T12:42:19.520+0000] {logging_mixin.py:188} INFO - [2024-04-26T12:42:19.520+0000] {dag.py:3954} INFO - Setting next_dagrun for example_xcom to 2021-01-01 00:00:00+00:00, run_after=2021-01-01 00:00:00+00:00
[2024-04-26T12:42:19.537+0000] {processor.py:183} INFO - Processing /home/airflow/.local/lib/python3.12/site-packages/airflow/example_dags/example_xcom.py took 0.059 seconds
[2024-04-26T12:42:50.197+0000] {processor.py:161} INFO - Started process (PID=971) to work on /home/airflow/.local/lib/python3.12/site-packages/airflow/example_dags/example_xcom.py
[2024-04-26T12:42:50.198+0000] {processor.py:830} INFO - Processing file /home/airflow/.local/lib/python3.12/site-packages/airflow/example_dags/example_xcom.py for tasks to queue
[2024-04-26T12:42:50.200+0000] {logging_mixin.py:188} INFO - [2024-04-26T12:42:50.199+0000] {dagbag.py:540} INFO - Filling up the DagBag from /home/airflow/.local/lib/python3.12/site-packages/airflow/example_dags/example_xcom.py
[2024-04-26T12:42:50.205+0000] {processor.py:840} INFO - DAG(s) 'example_xcom' retrieved from /home/airflow/.local/lib/python3.12/site-packages/airflow/example_dags/example_xcom.py
[2024-04-26T12:42:50.221+0000] {logging_mixin.py:188} INFO - [2024-04-26T12:42:50.221+0000] {dag.py:3096} INFO - Sync 1 DAGs
[2024-04-26T12:42:50.235+0000] {logging_mixin.py:188} INFO - [2024-04-26T12:42:50.235+0000] {dag.py:3954} INFO - Setting next_dagrun for example_xcom to 2021-01-01 00:00:00+00:00, run_after=2021-01-01 00:00:00+00:00
[2024-04-26T12:42:50.251+0000] {processor.py:183} INFO - Processing /home/airflow/.local/lib/python3.12/site-packages/airflow/example_dags/example_xcom.py took 0.059 seconds
[2024-04-26T12:43:21.042+0000] {processor.py:161} INFO - Started process (PID=1029) to work on /home/airflow/.local/lib/python3.12/site-packages/airflow/example_dags/example_xcom.py
[2024-04-26T12:43:21.043+0000] {processor.py:830} INFO - Processing file /home/airflow/.local/lib/python3.12/site-packages/airflow/example_dags/example_xcom.py for tasks to queue
[2024-04-26T12:43:21.044+0000] {logging_mixin.py:188} INFO - [2024-04-26T12:43:21.044+0000] {dagbag.py:540} INFO - Filling up the DagBag from /home/airflow/.local/lib/python3.12/site-packages/airflow/example_dags/example_xcom.py
[2024-04-26T12:43:21.049+0000] {processor.py:840} INFO - DAG(s) 'example_xcom' retrieved from /home/airflow/.local/lib/python3.12/site-packages/airflow/example_dags/example_xcom.py
[2024-04-26T12:43:21.065+0000] {logging_mixin.py:188} INFO - [2024-04-26T12:43:21.065+0000] {dag.py:3096} INFO - Sync 1 DAGs
[2024-04-26T12:43:21.080+0000] {logging_mixin.py:188} INFO - [2024-04-26T12:43:21.080+0000] {dag.py:3954} INFO - Setting next_dagrun for example_xcom to 2021-01-01 00:00:00+00:00, run_after=2021-01-01 00:00:00+00:00
[2024-04-26T12:43:21.190+0000] {processor.py:183} INFO - Processing /home/airflow/.local/lib/python3.12/site-packages/airflow/example_dags/example_xcom.py took 0.152 seconds
[2024-04-26T12:43:52.070+0000] {processor.py:161} INFO - Started process (PID=1087) to work on /home/airflow/.local/lib/python3.12/site-packages/airflow/example_dags/example_xcom.py
[2024-04-26T12:43:52.071+0000] {processor.py:830} INFO - Processing file /home/airflow/.local/lib/python3.12/site-packages/airflow/example_dags/example_xcom.py for tasks to queue
[2024-04-26T12:43:52.073+0000] {logging_mixin.py:188} INFO - [2024-04-26T12:43:52.072+0000] {dagbag.py:540} INFO - Filling up the DagBag from /home/airflow/.local/lib/python3.12/site-packages/airflow/example_dags/example_xcom.py
[2024-04-26T12:43:52.078+0000] {processor.py:840} INFO - DAG(s) 'example_xcom' retrieved from /home/airflow/.local/lib/python3.12/site-packages/airflow/example_dags/example_xcom.py
[2024-04-26T12:43:52.094+0000] {logging_mixin.py:188} INFO - [2024-04-26T12:43:52.094+0000] {dag.py:3096} INFO - Sync 1 DAGs
[2024-04-26T12:43:52.110+0000] {logging_mixin.py:188} INFO - [2024-04-26T12:43:52.109+0000] {dag.py:3954} INFO - Setting next_dagrun for example_xcom to 2021-01-01 00:00:00+00:00, run_after=2021-01-01 00:00:00+00:00
[2024-04-26T12:43:52.124+0000] {processor.py:183} INFO - Processing /home/airflow/.local/lib/python3.12/site-packages/airflow/example_dags/example_xcom.py took 0.058 seconds
[2024-04-26T12:44:22.375+0000] {processor.py:161} INFO - Started process (PID=1145) to work on /home/airflow/.local/lib/python3.12/site-packages/airflow/example_dags/example_xcom.py
[2024-04-26T12:44:22.376+0000] {processor.py:830} INFO - Processing file /home/airflow/.local/lib/python3.12/site-packages/airflow/example_dags/example_xcom.py for tasks to queue
[2024-04-26T12:44:22.378+0000] {logging_mixin.py:188} INFO - [2024-04-26T12:44:22.377+0000] {dagbag.py:540} INFO - Filling up the DagBag from /home/airflow/.local/lib/python3.12/site-packages/airflow/example_dags/example_xcom.py
[2024-04-26T12:44:22.383+0000] {processor.py:840} INFO - DAG(s) 'example_xcom' retrieved from /home/airflow/.local/lib/python3.12/site-packages/airflow/example_dags/example_xcom.py
[2024-04-26T12:44:22.400+0000] {logging_mixin.py:188} INFO - [2024-04-26T12:44:22.400+0000] {dag.py:3096} INFO - Sync 1 DAGs
[2024-04-26T12:44:22.416+0000] {logging_mixin.py:188} INFO - [2024-04-26T12:44:22.415+0000] {dag.py:3954} INFO - Setting next_dagrun for example_xcom to 2021-01-01 00:00:00+00:00, run_after=2021-01-01 00:00:00+00:00
[2024-04-26T12:44:22.430+0000] {processor.py:183} INFO - Processing /home/airflow/.local/lib/python3.12/site-packages/airflow/example_dags/example_xcom.py took 0.059 seconds
[2024-04-26T12:44:52.662+0000] {processor.py:161} INFO - Started process (PID=1205) to work on /home/airflow/.local/lib/python3.12/site-packages/airflow/example_dags/example_xcom.py
[2024-04-26T12:44:52.663+0000] {processor.py:830} INFO - Processing file /home/airflow/.local/lib/python3.12/site-packages/airflow/example_dags/example_xcom.py for tasks to queue
[2024-04-26T12:44:52.665+0000] {logging_mixin.py:188} INFO - [2024-04-26T12:44:52.665+0000] {dagbag.py:540} INFO - Filling up the DagBag from /home/airflow/.local/lib/python3.12/site-packages/airflow/example_dags/example_xcom.py
[2024-04-26T12:44:52.670+0000] {processor.py:840} INFO - DAG(s) 'example_xcom' retrieved from /home/airflow/.local/lib/python3.12/site-packages/airflow/example_dags/example_xcom.py
[2024-04-26T12:44:52.788+0000] {logging_mixin.py:188} INFO - [2024-04-26T12:44:52.788+0000] {dag.py:3096} INFO - Sync 1 DAGs
[2024-04-26T12:44:52.802+0000] {logging_mixin.py:188} INFO - [2024-04-26T12:44:52.802+0000] {dag.py:3954} INFO - Setting next_dagrun for example_xcom to 2021-01-01 00:00:00+00:00, run_after=2021-01-01 00:00:00+00:00
[2024-04-26T12:44:52.815+0000] {processor.py:183} INFO - Processing /home/airflow/.local/lib/python3.12/site-packages/airflow/example_dags/example_xcom.py took 0.157 seconds
[2024-04-26T12:45:23.727+0000] {processor.py:161} INFO - Started process (PID=1265) to work on /home/airflow/.local/lib/python3.12/site-packages/airflow/example_dags/example_xcom.py
[2024-04-26T12:45:23.728+0000] {processor.py:830} INFO - Processing file /home/airflow/.local/lib/python3.12/site-packages/airflow/example_dags/example_xcom.py for tasks to queue
[2024-04-26T12:45:23.729+0000] {logging_mixin.py:188} INFO - [2024-04-26T12:45:23.729+0000] {dagbag.py:540} INFO - Filling up the DagBag from /home/airflow/.local/lib/python3.12/site-packages/airflow/example_dags/example_xcom.py
[2024-04-26T12:45:23.735+0000] {processor.py:840} INFO - DAG(s) 'example_xcom' retrieved from /home/airflow/.local/lib/python3.12/site-packages/airflow/example_dags/example_xcom.py
[2024-04-26T12:45:23.752+0000] {logging_mixin.py:188} INFO - [2024-04-26T12:45:23.752+0000] {dag.py:3096} INFO - Sync 1 DAGs
[2024-04-26T12:45:23.769+0000] {logging_mixin.py:188} INFO - [2024-04-26T12:45:23.769+0000] {dag.py:3954} INFO - Setting next_dagrun for example_xcom to 2021-01-01 00:00:00+00:00, run_after=2021-01-01 00:00:00+00:00
[2024-04-26T12:45:23.787+0000] {processor.py:183} INFO - Processing /home/airflow/.local/lib/python3.12/site-packages/airflow/example_dags/example_xcom.py took 0.065 seconds
[2024-04-26T12:45:54.153+0000] {processor.py:161} INFO - Started process (PID=1327) to work on /home/airflow/.local/lib/python3.12/site-packages/airflow/example_dags/example_xcom.py
[2024-04-26T12:45:54.154+0000] {processor.py:830} INFO - Processing file /home/airflow/.local/lib/python3.12/site-packages/airflow/example_dags/example_xcom.py for tasks to queue
[2024-04-26T12:45:54.156+0000] {logging_mixin.py:188} INFO - [2024-04-26T12:45:54.156+0000] {dagbag.py:540} INFO - Filling up the DagBag from /home/airflow/.local/lib/python3.12/site-packages/airflow/example_dags/example_xcom.py
[2024-04-26T12:45:54.161+0000] {processor.py:840} INFO - DAG(s) 'example_xcom' retrieved from /home/airflow/.local/lib/python3.12/site-packages/airflow/example_dags/example_xcom.py
[2024-04-26T12:45:54.177+0000] {logging_mixin.py:188} INFO - [2024-04-26T12:45:54.177+0000] {dag.py:3096} INFO - Sync 1 DAGs
[2024-04-26T12:45:54.194+0000] {logging_mixin.py:188} INFO - [2024-04-26T12:45:54.194+0000] {dag.py:3954} INFO - Setting next_dagrun for example_xcom to 2021-01-01 00:00:00+00:00, run_after=2021-01-01 00:00:00+00:00
[2024-04-26T12:45:54.214+0000] {processor.py:183} INFO - Processing /home/airflow/.local/lib/python3.12/site-packages/airflow/example_dags/example_xcom.py took 0.065 seconds
[2024-04-26T12:46:24.793+0000] {processor.py:161} INFO - Started process (PID=1387) to work on /home/airflow/.local/lib/python3.12/site-packages/airflow/example_dags/example_xcom.py
[2024-04-26T12:46:24.794+0000] {processor.py:830} INFO - Processing file /home/airflow/.local/lib/python3.12/site-packages/airflow/example_dags/example_xcom.py for tasks to queue
[2024-04-26T12:46:24.795+0000] {logging_mixin.py:188} INFO - [2024-04-26T12:46:24.795+0000] {dagbag.py:540} INFO - Filling up the DagBag from /home/airflow/.local/lib/python3.12/site-packages/airflow/example_dags/example_xcom.py
[2024-04-26T12:46:24.801+0000] {processor.py:840} INFO - DAG(s) 'example_xcom' retrieved from /home/airflow/.local/lib/python3.12/site-packages/airflow/example_dags/example_xcom.py
[2024-04-26T12:46:24.817+0000] {logging_mixin.py:188} INFO - [2024-04-26T12:46:24.817+0000] {dag.py:3096} INFO - Sync 1 DAGs
[2024-04-26T12:46:24.835+0000] {logging_mixin.py:188} INFO - [2024-04-26T12:46:24.834+0000] {dag.py:3954} INFO - Setting next_dagrun for example_xcom to 2021-01-01 00:00:00+00:00, run_after=2021-01-01 00:00:00+00:00
[2024-04-26T12:46:24.851+0000] {processor.py:183} INFO - Processing /home/airflow/.local/lib/python3.12/site-packages/airflow/example_dags/example_xcom.py took 0.062 seconds
[2024-04-26T12:46:55.320+0000] {processor.py:161} INFO - Started process (PID=1447) to work on /home/airflow/.local/lib/python3.12/site-packages/airflow/example_dags/example_xcom.py
[2024-04-26T12:46:55.321+0000] {processor.py:830} INFO - Processing file /home/airflow/.local/lib/python3.12/site-packages/airflow/example_dags/example_xcom.py for tasks to queue
[2024-04-26T12:46:55.323+0000] {logging_mixin.py:188} INFO - [2024-04-26T12:46:55.323+0000] {dagbag.py:540} INFO - Filling up the DagBag from /home/airflow/.local/lib/python3.12/site-packages/airflow/example_dags/example_xcom.py
[2024-04-26T12:46:55.328+0000] {processor.py:840} INFO - DAG(s) 'example_xcom' retrieved from /home/airflow/.local/lib/python3.12/site-packages/airflow/example_dags/example_xcom.py
[2024-04-26T12:46:55.345+0000] {logging_mixin.py:188} INFO - [2024-04-26T12:46:55.345+0000] {dag.py:3096} INFO - Sync 1 DAGs
[2024-04-26T12:46:55.360+0000] {logging_mixin.py:188} INFO - [2024-04-26T12:46:55.360+0000] {dag.py:3954} INFO - Setting next_dagrun for example_xcom to 2021-01-01 00:00:00+00:00, run_after=2021-01-01 00:00:00+00:00
[2024-04-26T12:46:55.374+0000] {processor.py:183} INFO - Processing /home/airflow/.local/lib/python3.12/site-packages/airflow/example_dags/example_xcom.py took 0.058 seconds
[2024-04-26T12:47:25.695+0000] {processor.py:161} INFO - Started process (PID=1507) to work on /home/airflow/.local/lib/python3.12/site-packages/airflow/example_dags/example_xcom.py
[2024-04-26T12:47:25.696+0000] {processor.py:830} INFO - Processing file /home/airflow/.local/lib/python3.12/site-packages/airflow/example_dags/example_xcom.py for tasks to queue
[2024-04-26T12:47:25.698+0000] {logging_mixin.py:188} INFO - [2024-04-26T12:47:25.698+0000] {dagbag.py:540} INFO - Filling up the DagBag from /home/airflow/.local/lib/python3.12/site-packages/airflow/example_dags/example_xcom.py
[2024-04-26T12:47:25.703+0000] {processor.py:840} INFO - DAG(s) 'example_xcom' retrieved from /home/airflow/.local/lib/python3.12/site-packages/airflow/example_dags/example_xcom.py
[2024-04-26T12:47:25.719+0000] {logging_mixin.py:188} INFO - [2024-04-26T12:47:25.719+0000] {dag.py:3096} INFO - Sync 1 DAGs
[2024-04-26T12:47:25.734+0000] {logging_mixin.py:188} INFO - [2024-04-26T12:47:25.734+0000] {dag.py:3954} INFO - Setting next_dagrun for example_xcom to 2021-01-01 00:00:00+00:00, run_after=2021-01-01 00:00:00+00:00
[2024-04-26T12:47:25.752+0000] {processor.py:183} INFO - Processing /home/airflow/.local/lib/python3.12/site-packages/airflow/example_dags/example_xcom.py took 0.060 seconds
[2024-04-26T12:47:56.060+0000] {processor.py:161} INFO - Started process (PID=1567) to work on /home/airflow/.local/lib/python3.12/site-packages/airflow/example_dags/example_xcom.py
[2024-04-26T12:47:56.061+0000] {processor.py:830} INFO - Processing file /home/airflow/.local/lib/python3.12/site-packages/airflow/example_dags/example_xcom.py for tasks to queue
[2024-04-26T12:47:56.062+0000] {logging_mixin.py:188} INFO - [2024-04-26T12:47:56.062+0000] {dagbag.py:540} INFO - Filling up the DagBag from /home/airflow/.local/lib/python3.12/site-packages/airflow/example_dags/example_xcom.py
[2024-04-26T12:47:56.068+0000] {processor.py:840} INFO - DAG(s) 'example_xcom' retrieved from /home/airflow/.local/lib/python3.12/site-packages/airflow/example_dags/example_xcom.py
[2024-04-26T12:47:56.084+0000] {logging_mixin.py:188} INFO - [2024-04-26T12:47:56.084+0000] {dag.py:3096} INFO - Sync 1 DAGs
[2024-04-26T12:47:56.100+0000] {logging_mixin.py:188} INFO - [2024-04-26T12:47:56.099+0000] {dag.py:3954} INFO - Setting next_dagrun for example_xcom to 2021-01-01 00:00:00+00:00, run_after=2021-01-01 00:00:00+00:00
[2024-04-26T12:47:56.114+0000] {processor.py:183} INFO - Processing /home/airflow/.local/lib/python3.12/site-packages/airflow/example_dags/example_xcom.py took 0.058 seconds
[2024-04-26T12:48:26.436+0000] {processor.py:161} INFO - Started process (PID=1627) to work on /home/airflow/.local/lib/python3.12/site-packages/airflow/example_dags/example_xcom.py
[2024-04-26T12:48:26.436+0000] {processor.py:830} INFO - Processing file /home/airflow/.local/lib/python3.12/site-packages/airflow/example_dags/example_xcom.py for tasks to queue
[2024-04-26T12:48:26.438+0000] {logging_mixin.py:188} INFO - [2024-04-26T12:48:26.437+0000] {dagbag.py:540} INFO - Filling up the DagBag from /home/airflow/.local/lib/python3.12/site-packages/airflow/example_dags/example_xcom.py
[2024-04-26T12:48:26.444+0000] {processor.py:840} INFO - DAG(s) 'example_xcom' retrieved from /home/airflow/.local/lib/python3.12/site-packages/airflow/example_dags/example_xcom.py
[2024-04-26T12:48:26.459+0000] {logging_mixin.py:188} INFO - [2024-04-26T12:48:26.459+0000] {dag.py:3096} INFO - Sync 1 DAGs
[2024-04-26T12:48:26.475+0000] {logging_mixin.py:188} INFO - [2024-04-26T12:48:26.475+0000] {dag.py:3954} INFO - Setting next_dagrun for example_xcom to 2021-01-01 00:00:00+00:00, run_after=2021-01-01 00:00:00+00:00
[2024-04-26T12:48:26.490+0000] {processor.py:183} INFO - Processing /home/airflow/.local/lib/python3.12/site-packages/airflow/example_dags/example_xcom.py took 0.059 seconds
[2024-04-26T12:48:56.997+0000] {processor.py:161} INFO - Started process (PID=1689) to work on /home/airflow/.local/lib/python3.12/site-packages/airflow/example_dags/example_xcom.py
[2024-04-26T12:48:56.997+0000] {processor.py:830} INFO - Processing file /home/airflow/.local/lib/python3.12/site-packages/airflow/example_dags/example_xcom.py for tasks to queue
[2024-04-26T12:48:56.999+0000] {logging_mixin.py:188} INFO - [2024-04-26T12:48:56.999+0000] {dagbag.py:540} INFO - Filling up the DagBag from /home/airflow/.local/lib/python3.12/site-packages/airflow/example_dags/example_xcom.py
[2024-04-26T12:48:57.006+0000] {processor.py:840} INFO - DAG(s) 'example_xcom' retrieved from /home/airflow/.local/lib/python3.12/site-packages/airflow/example_dags/example_xcom.py
[2024-04-26T12:48:57.023+0000] {logging_mixin.py:188} INFO - [2024-04-26T12:48:57.023+0000] {dag.py:3096} INFO - Sync 1 DAGs
[2024-04-26T12:48:57.041+0000] {logging_mixin.py:188} INFO - [2024-04-26T12:48:57.041+0000] {dag.py:3954} INFO - Setting next_dagrun for example_xcom to 2021-01-01 00:00:00+00:00, run_after=2021-01-01 00:00:00+00:00
[2024-04-26T12:48:57.060+0000] {processor.py:183} INFO - Processing /home/airflow/.local/lib/python3.12/site-packages/airflow/example_dags/example_xcom.py took 0.068 seconds
[2024-04-26T12:49:27.671+0000] {processor.py:161} INFO - Started process (PID=1781) to work on /home/airflow/.local/lib/python3.12/site-packages/airflow/example_dags/example_xcom.py
[2024-04-26T12:49:27.674+0000] {processor.py:830} INFO - Processing file /home/airflow/.local/lib/python3.12/site-packages/airflow/example_dags/example_xcom.py for tasks to queue
[2024-04-26T12:49:27.678+0000] {logging_mixin.py:188} INFO - [2024-04-26T12:49:27.677+0000] {dagbag.py:540} INFO - Filling up the DagBag from /home/airflow/.local/lib/python3.12/site-packages/airflow/example_dags/example_xcom.py
[2024-04-26T12:49:27.699+0000] {processor.py:840} INFO - DAG(s) 'example_xcom' retrieved from /home/airflow/.local/lib/python3.12/site-packages/airflow/example_dags/example_xcom.py
[2024-04-26T12:49:27.759+0000] {logging_mixin.py:188} INFO - [2024-04-26T12:49:27.758+0000] {dag.py:3096} INFO - Sync 1 DAGs
[2024-04-26T12:49:27.833+0000] {logging_mixin.py:188} INFO - [2024-04-26T12:49:27.832+0000] {dag.py:3954} INFO - Setting next_dagrun for example_xcom to 2021-01-01 00:00:00+00:00, run_after=2021-01-01 00:00:00+00:00
[2024-04-26T12:49:27.907+0000] {processor.py:183} INFO - Processing /home/airflow/.local/lib/python3.12/site-packages/airflow/example_dags/example_xcom.py took 0.248 seconds
[2024-04-26T12:49:58.536+0000] {processor.py:161} INFO - Started process (PID=1999) to work on /home/airflow/.local/lib/python3.12/site-packages/airflow/example_dags/example_xcom.py
[2024-04-26T12:49:58.537+0000] {processor.py:830} INFO - Processing file /home/airflow/.local/lib/python3.12/site-packages/airflow/example_dags/example_xcom.py for tasks to queue
[2024-04-26T12:49:58.538+0000] {logging_mixin.py:188} INFO - [2024-04-26T12:49:58.538+0000] {dagbag.py:540} INFO - Filling up the DagBag from /home/airflow/.local/lib/python3.12/site-packages/airflow/example_dags/example_xcom.py
[2024-04-26T12:49:58.544+0000] {processor.py:840} INFO - DAG(s) 'example_xcom' retrieved from /home/airflow/.local/lib/python3.12/site-packages/airflow/example_dags/example_xcom.py
[2024-04-26T12:49:58.561+0000] {logging_mixin.py:188} INFO - [2024-04-26T12:49:58.561+0000] {dag.py:3096} INFO - Sync 1 DAGs
[2024-04-26T12:49:58.582+0000] {logging_mixin.py:188} INFO - [2024-04-26T12:49:58.581+0000] {dag.py:3954} INFO - Setting next_dagrun for example_xcom to 2021-01-01 00:00:00+00:00, run_after=2021-01-01 00:00:00+00:00
[2024-04-26T12:49:58.598+0000] {processor.py:183} INFO - Processing /home/airflow/.local/lib/python3.12/site-packages/airflow/example_dags/example_xcom.py took 0.066 seconds
[2024-04-26T12:50:29.065+0000] {processor.py:161} INFO - Started process (PID=2267) to work on /home/airflow/.local/lib/python3.12/site-packages/airflow/example_dags/example_xcom.py
[2024-04-26T12:50:29.066+0000] {processor.py:830} INFO - Processing file /home/airflow/.local/lib/python3.12/site-packages/airflow/example_dags/example_xcom.py for tasks to queue
[2024-04-26T12:50:29.068+0000] {logging_mixin.py:188} INFO - [2024-04-26T12:50:29.068+0000] {dagbag.py:540} INFO - Filling up the DagBag from /home/airflow/.local/lib/python3.12/site-packages/airflow/example_dags/example_xcom.py
[2024-04-26T12:50:29.074+0000] {processor.py:840} INFO - DAG(s) 'example_xcom' retrieved from /home/airflow/.local/lib/python3.12/site-packages/airflow/example_dags/example_xcom.py
[2024-04-26T12:50:29.091+0000] {logging_mixin.py:188} INFO - [2024-04-26T12:50:29.091+0000] {dag.py:3096} INFO - Sync 1 DAGs
[2024-04-26T12:50:29.109+0000] {logging_mixin.py:188} INFO - [2024-04-26T12:50:29.109+0000] {dag.py:3954} INFO - Setting next_dagrun for example_xcom to 2021-01-01 00:00:00+00:00, run_after=2021-01-01 00:00:00+00:00
[2024-04-26T12:50:29.126+0000] {processor.py:183} INFO - Processing /home/airflow/.local/lib/python3.12/site-packages/airflow/example_dags/example_xcom.py took 0.066 seconds
[2024-04-26T12:50:59.385+0000] {processor.py:161} INFO - Started process (PID=2515) to work on /home/airflow/.local/lib/python3.12/site-packages/airflow/example_dags/example_xcom.py
[2024-04-26T12:50:59.386+0000] {processor.py:830} INFO - Processing file /home/airflow/.local/lib/python3.12/site-packages/airflow/example_dags/example_xcom.py for tasks to queue
[2024-04-26T12:50:59.388+0000] {logging_mixin.py:188} INFO - [2024-04-26T12:50:59.388+0000] {dagbag.py:540} INFO - Filling up the DagBag from /home/airflow/.local/lib/python3.12/site-packages/airflow/example_dags/example_xcom.py
[2024-04-26T12:50:59.395+0000] {processor.py:840} INFO - DAG(s) 'example_xcom' retrieved from /home/airflow/.local/lib/python3.12/site-packages/airflow/example_dags/example_xcom.py
[2024-04-26T12:50:59.415+0000] {logging_mixin.py:188} INFO - [2024-04-26T12:50:59.414+0000] {dag.py:3096} INFO - Sync 1 DAGs
[2024-04-26T12:50:59.434+0000] {logging_mixin.py:188} INFO - [2024-04-26T12:50:59.434+0000] {dag.py:3954} INFO - Setting next_dagrun for example_xcom to 2021-01-01 00:00:00+00:00, run_after=2021-01-01 00:00:00+00:00
[2024-04-26T12:50:59.454+0000] {processor.py:183} INFO - Processing /home/airflow/.local/lib/python3.12/site-packages/airflow/example_dags/example_xcom.py took 0.073 seconds
[2024-04-26T12:51:29.902+0000] {processor.py:161} INFO - Started process (PID=2747) to work on /home/airflow/.local/lib/python3.12/site-packages/airflow/example_dags/example_xcom.py
[2024-04-26T12:51:29.903+0000] {processor.py:830} INFO - Processing file /home/airflow/.local/lib/python3.12/site-packages/airflow/example_dags/example_xcom.py for tasks to queue
[2024-04-26T12:51:29.905+0000] {logging_mixin.py:188} INFO - [2024-04-26T12:51:29.905+0000] {dagbag.py:540} INFO - Filling up the DagBag from /home/airflow/.local/lib/python3.12/site-packages/airflow/example_dags/example_xcom.py
[2024-04-26T12:51:29.911+0000] {processor.py:840} INFO - DAG(s) 'example_xcom' retrieved from /home/airflow/.local/lib/python3.12/site-packages/airflow/example_dags/example_xcom.py
[2024-04-26T12:51:29.929+0000] {logging_mixin.py:188} INFO - [2024-04-26T12:51:29.929+0000] {dag.py:3096} INFO - Sync 1 DAGs
[2024-04-26T12:51:29.956+0000] {logging_mixin.py:188} INFO - [2024-04-26T12:51:29.955+0000] {dag.py:3954} INFO - Setting next_dagrun for example_xcom to 2021-01-01 00:00:00+00:00, run_after=2021-01-01 00:00:00+00:00
[2024-04-26T12:51:29.978+0000] {processor.py:183} INFO - Processing /home/airflow/.local/lib/python3.12/site-packages/airflow/example_dags/example_xcom.py took 0.080 seconds
[2024-04-26T12:52:00.261+0000] {processor.py:161} INFO - Started process (PID=2992) to work on /home/airflow/.local/lib/python3.12/site-packages/airflow/example_dags/example_xcom.py
[2024-04-26T12:52:00.261+0000] {processor.py:830} INFO - Processing file /home/airflow/.local/lib/python3.12/site-packages/airflow/example_dags/example_xcom.py for tasks to queue
[2024-04-26T12:52:00.263+0000] {logging_mixin.py:188} INFO - [2024-04-26T12:52:00.263+0000] {dagbag.py:540} INFO - Filling up the DagBag from /home/airflow/.local/lib/python3.12/site-packages/airflow/example_dags/example_xcom.py
[2024-04-26T12:52:00.269+0000] {processor.py:840} INFO - DAG(s) 'example_xcom' retrieved from /home/airflow/.local/lib/python3.12/site-packages/airflow/example_dags/example_xcom.py
[2024-04-26T12:52:00.288+0000] {logging_mixin.py:188} INFO - [2024-04-26T12:52:00.288+0000] {dag.py:3096} INFO - Sync 1 DAGs
[2024-04-26T12:52:00.307+0000] {logging_mixin.py:188} INFO - [2024-04-26T12:52:00.307+0000] {dag.py:3954} INFO - Setting next_dagrun for example_xcom to 2021-01-01 00:00:00+00:00, run_after=2021-01-01 00:00:00+00:00
[2024-04-26T12:52:00.322+0000] {processor.py:183} INFO - Processing /home/airflow/.local/lib/python3.12/site-packages/airflow/example_dags/example_xcom.py took 0.066 seconds
[2024-04-26T12:52:30.767+0000] {processor.py:161} INFO - Started process (PID=3276) to work on /home/airflow/.local/lib/python3.12/site-packages/airflow/example_dags/example_xcom.py
[2024-04-26T12:52:30.767+0000] {processor.py:830} INFO - Processing file /home/airflow/.local/lib/python3.12/site-packages/airflow/example_dags/example_xcom.py for tasks to queue
[2024-04-26T12:52:30.769+0000] {logging_mixin.py:188} INFO - [2024-04-26T12:52:30.769+0000] {dagbag.py:540} INFO - Filling up the DagBag from /home/airflow/.local/lib/python3.12/site-packages/airflow/example_dags/example_xcom.py
[2024-04-26T12:52:30.776+0000] {processor.py:840} INFO - DAG(s) 'example_xcom' retrieved from /home/airflow/.local/lib/python3.12/site-packages/airflow/example_dags/example_xcom.py
[2024-04-26T12:52:30.799+0000] {logging_mixin.py:188} INFO - [2024-04-26T12:52:30.799+0000] {dag.py:3096} INFO - Sync 1 DAGs
[2024-04-26T12:52:30.821+0000] {logging_mixin.py:188} INFO - [2024-04-26T12:52:30.821+0000] {dag.py:3954} INFO - Setting next_dagrun for example_xcom to 2021-01-01 00:00:00+00:00, run_after=2021-01-01 00:00:00+00:00
[2024-04-26T12:52:30.839+0000] {processor.py:183} INFO - Processing /home/airflow/.local/lib/python3.12/site-packages/airflow/example_dags/example_xcom.py took 0.077 seconds
[2024-04-26T12:53:01.543+0000] {processor.py:161} INFO - Started process (PID=3508) to work on /home/airflow/.local/lib/python3.12/site-packages/airflow/example_dags/example_xcom.py
[2024-04-26T12:53:01.543+0000] {processor.py:830} INFO - Processing file /home/airflow/.local/lib/python3.12/site-packages/airflow/example_dags/example_xcom.py for tasks to queue
[2024-04-26T12:53:01.545+0000] {logging_mixin.py:188} INFO - [2024-04-26T12:53:01.545+0000] {dagbag.py:540} INFO - Filling up the DagBag from /home/airflow/.local/lib/python3.12/site-packages/airflow/example_dags/example_xcom.py
[2024-04-26T12:53:01.551+0000] {processor.py:840} INFO - DAG(s) 'example_xcom' retrieved from /home/airflow/.local/lib/python3.12/site-packages/airflow/example_dags/example_xcom.py
[2024-04-26T12:53:01.567+0000] {logging_mixin.py:188} INFO - [2024-04-26T12:53:01.567+0000] {dag.py:3096} INFO - Sync 1 DAGs
[2024-04-26T12:53:01.583+0000] {logging_mixin.py:188} INFO - [2024-04-26T12:53:01.583+0000] {dag.py:3954} INFO - Setting next_dagrun for example_xcom to 2021-01-01 00:00:00+00:00, run_after=2021-01-01 00:00:00+00:00
[2024-04-26T12:53:01.602+0000] {processor.py:183} INFO - Processing /home/airflow/.local/lib/python3.12/site-packages/airflow/example_dags/example_xcom.py took 0.064 seconds
[2024-04-26T12:53:32.144+0000] {processor.py:161} INFO - Started process (PID=3744) to work on /home/airflow/.local/lib/python3.12/site-packages/airflow/example_dags/example_xcom.py
[2024-04-26T12:53:32.144+0000] {processor.py:830} INFO - Processing file /home/airflow/.local/lib/python3.12/site-packages/airflow/example_dags/example_xcom.py for tasks to queue
[2024-04-26T12:53:32.146+0000] {logging_mixin.py:188} INFO - [2024-04-26T12:53:32.146+0000] {dagbag.py:540} INFO - Filling up the DagBag from /home/airflow/.local/lib/python3.12/site-packages/airflow/example_dags/example_xcom.py
[2024-04-26T12:53:32.152+0000] {processor.py:840} INFO - DAG(s) 'example_xcom' retrieved from /home/airflow/.local/lib/python3.12/site-packages/airflow/example_dags/example_xcom.py
[2024-04-26T12:53:32.168+0000] {logging_mixin.py:188} INFO - [2024-04-26T12:53:32.168+0000] {dag.py:3096} INFO - Sync 1 DAGs
[2024-04-26T12:53:32.184+0000] {logging_mixin.py:188} INFO - [2024-04-26T12:53:32.184+0000] {dag.py:3954} INFO - Setting next_dagrun for example_xcom to 2021-01-01 00:00:00+00:00, run_after=2021-01-01 00:00:00+00:00
[2024-04-26T12:53:32.203+0000] {processor.py:183} INFO - Processing /home/airflow/.local/lib/python3.12/site-packages/airflow/example_dags/example_xcom.py took 0.063 seconds
[2024-04-26T12:54:02.878+0000] {processor.py:161} INFO - Started process (PID=3836) to work on /home/airflow/.local/lib/python3.12/site-packages/airflow/example_dags/example_xcom.py
[2024-04-26T12:54:02.879+0000] {processor.py:830} INFO - Processing file /home/airflow/.local/lib/python3.12/site-packages/airflow/example_dags/example_xcom.py for tasks to queue
[2024-04-26T12:54:02.880+0000] {logging_mixin.py:188} INFO - [2024-04-26T12:54:02.880+0000] {dagbag.py:540} INFO - Filling up the DagBag from /home/airflow/.local/lib/python3.12/site-packages/airflow/example_dags/example_xcom.py
[2024-04-26T12:54:02.886+0000] {processor.py:840} INFO - DAG(s) 'example_xcom' retrieved from /home/airflow/.local/lib/python3.12/site-packages/airflow/example_dags/example_xcom.py
[2024-04-26T12:54:02.903+0000] {logging_mixin.py:188} INFO - [2024-04-26T12:54:02.902+0000] {dag.py:3096} INFO - Sync 1 DAGs
[2024-04-26T12:54:02.919+0000] {logging_mixin.py:188} INFO - [2024-04-26T12:54:02.919+0000] {dag.py:3954} INFO - Setting next_dagrun for example_xcom to 2021-01-01 00:00:00+00:00, run_after=2021-01-01 00:00:00+00:00
[2024-04-26T12:54:02.937+0000] {processor.py:183} INFO - Processing /home/airflow/.local/lib/python3.12/site-packages/airflow/example_dags/example_xcom.py took 0.063 seconds
[2024-04-26T12:54:33.195+0000] {processor.py:161} INFO - Started process (PID=3896) to work on /home/airflow/.local/lib/python3.12/site-packages/airflow/example_dags/example_xcom.py
[2024-04-26T12:54:33.195+0000] {processor.py:830} INFO - Processing file /home/airflow/.local/lib/python3.12/site-packages/airflow/example_dags/example_xcom.py for tasks to queue
[2024-04-26T12:54:33.197+0000] {logging_mixin.py:188} INFO - [2024-04-26T12:54:33.197+0000] {dagbag.py:540} INFO - Filling up the DagBag from /home/airflow/.local/lib/python3.12/site-packages/airflow/example_dags/example_xcom.py
[2024-04-26T12:54:33.203+0000] {processor.py:840} INFO - DAG(s) 'example_xcom' retrieved from /home/airflow/.local/lib/python3.12/site-packages/airflow/example_dags/example_xcom.py
[2024-04-26T12:54:33.219+0000] {logging_mixin.py:188} INFO - [2024-04-26T12:54:33.218+0000] {dag.py:3096} INFO - Sync 1 DAGs
[2024-04-26T12:54:33.236+0000] {logging_mixin.py:188} INFO - [2024-04-26T12:54:33.235+0000] {dag.py:3954} INFO - Setting next_dagrun for example_xcom to 2021-01-01 00:00:00+00:00, run_after=2021-01-01 00:00:00+00:00
[2024-04-26T12:54:33.252+0000] {processor.py:183} INFO - Processing /home/airflow/.local/lib/python3.12/site-packages/airflow/example_dags/example_xcom.py took 0.062 seconds
[2024-04-26T12:55:03.712+0000] {processor.py:161} INFO - Started process (PID=3956) to work on /home/airflow/.local/lib/python3.12/site-packages/airflow/example_dags/example_xcom.py
[2024-04-26T12:55:03.713+0000] {processor.py:830} INFO - Processing file /home/airflow/.local/lib/python3.12/site-packages/airflow/example_dags/example_xcom.py for tasks to queue
[2024-04-26T12:55:03.714+0000] {logging_mixin.py:188} INFO - [2024-04-26T12:55:03.714+0000] {dagbag.py:540} INFO - Filling up the DagBag from /home/airflow/.local/lib/python3.12/site-packages/airflow/example_dags/example_xcom.py
[2024-04-26T12:55:03.720+0000] {processor.py:840} INFO - DAG(s) 'example_xcom' retrieved from /home/airflow/.local/lib/python3.12/site-packages/airflow/example_dags/example_xcom.py
[2024-04-26T12:55:03.737+0000] {logging_mixin.py:188} INFO - [2024-04-26T12:55:03.737+0000] {dag.py:3096} INFO - Sync 1 DAGs
[2024-04-26T12:55:03.753+0000] {logging_mixin.py:188} INFO - [2024-04-26T12:55:03.753+0000] {dag.py:3954} INFO - Setting next_dagrun for example_xcom to 2021-01-01 00:00:00+00:00, run_after=2021-01-01 00:00:00+00:00
[2024-04-26T12:55:03.772+0000] {processor.py:183} INFO - Processing /home/airflow/.local/lib/python3.12/site-packages/airflow/example_dags/example_xcom.py took 0.064 seconds
[2024-04-26T12:55:34.188+0000] {processor.py:161} INFO - Started process (PID=4016) to work on /home/airflow/.local/lib/python3.12/site-packages/airflow/example_dags/example_xcom.py
[2024-04-26T12:55:34.189+0000] {processor.py:830} INFO - Processing file /home/airflow/.local/lib/python3.12/site-packages/airflow/example_dags/example_xcom.py for tasks to queue
[2024-04-26T12:55:34.191+0000] {logging_mixin.py:188} INFO - [2024-04-26T12:55:34.190+0000] {dagbag.py:540} INFO - Filling up the DagBag from /home/airflow/.local/lib/python3.12/site-packages/airflow/example_dags/example_xcom.py
[2024-04-26T12:55:34.197+0000] {processor.py:840} INFO - DAG(s) 'example_xcom' retrieved from /home/airflow/.local/lib/python3.12/site-packages/airflow/example_dags/example_xcom.py
[2024-04-26T12:55:34.215+0000] {logging_mixin.py:188} INFO - [2024-04-26T12:55:34.215+0000] {dag.py:3096} INFO - Sync 1 DAGs
[2024-04-26T12:55:34.236+0000] {logging_mixin.py:188} INFO - [2024-04-26T12:55:34.235+0000] {dag.py:3954} INFO - Setting next_dagrun for example_xcom to 2021-01-01 00:00:00+00:00, run_after=2021-01-01 00:00:00+00:00
[2024-04-26T12:55:34.253+0000] {processor.py:183} INFO - Processing /home/airflow/.local/lib/python3.12/site-packages/airflow/example_dags/example_xcom.py took 0.069 seconds
[2024-04-26T12:56:04.636+0000] {processor.py:161} INFO - Started process (PID=4080) to work on /home/airflow/.local/lib/python3.12/site-packages/airflow/example_dags/example_xcom.py
[2024-04-26T12:56:04.636+0000] {processor.py:830} INFO - Processing file /home/airflow/.local/lib/python3.12/site-packages/airflow/example_dags/example_xcom.py for tasks to queue
[2024-04-26T12:56:04.638+0000] {logging_mixin.py:188} INFO - [2024-04-26T12:56:04.637+0000] {dagbag.py:540} INFO - Filling up the DagBag from /home/airflow/.local/lib/python3.12/site-packages/airflow/example_dags/example_xcom.py
[2024-04-26T12:56:04.643+0000] {processor.py:840} INFO - DAG(s) 'example_xcom' retrieved from /home/airflow/.local/lib/python3.12/site-packages/airflow/example_dags/example_xcom.py
[2024-04-26T12:56:04.660+0000] {logging_mixin.py:188} INFO - [2024-04-26T12:56:04.660+0000] {dag.py:3096} INFO - Sync 1 DAGs
[2024-04-26T12:56:04.677+0000] {logging_mixin.py:188} INFO - [2024-04-26T12:56:04.677+0000] {dag.py:3954} INFO - Setting next_dagrun for example_xcom to 2021-01-01 00:00:00+00:00, run_after=2021-01-01 00:00:00+00:00
[2024-04-26T12:56:04.696+0000] {processor.py:183} INFO - Processing /home/airflow/.local/lib/python3.12/site-packages/airflow/example_dags/example_xcom.py took 0.065 seconds
[2024-04-26T12:56:35.073+0000] {processor.py:161} INFO - Started process (PID=4140) to work on /home/airflow/.local/lib/python3.12/site-packages/airflow/example_dags/example_xcom.py
[2024-04-26T12:56:35.074+0000] {processor.py:830} INFO - Processing file /home/airflow/.local/lib/python3.12/site-packages/airflow/example_dags/example_xcom.py for tasks to queue
[2024-04-26T12:56:35.075+0000] {logging_mixin.py:188} INFO - [2024-04-26T12:56:35.075+0000] {dagbag.py:540} INFO - Filling up the DagBag from /home/airflow/.local/lib/python3.12/site-packages/airflow/example_dags/example_xcom.py
[2024-04-26T12:56:35.081+0000] {processor.py:840} INFO - DAG(s) 'example_xcom' retrieved from /home/airflow/.local/lib/python3.12/site-packages/airflow/example_dags/example_xcom.py
[2024-04-26T12:56:35.098+0000] {logging_mixin.py:188} INFO - [2024-04-26T12:56:35.098+0000] {dag.py:3096} INFO - Sync 1 DAGs
[2024-04-26T12:56:35.115+0000] {logging_mixin.py:188} INFO - [2024-04-26T12:56:35.114+0000] {dag.py:3954} INFO - Setting next_dagrun for example_xcom to 2021-01-01 00:00:00+00:00, run_after=2021-01-01 00:00:00+00:00
[2024-04-26T12:56:35.134+0000] {processor.py:183} INFO - Processing /home/airflow/.local/lib/python3.12/site-packages/airflow/example_dags/example_xcom.py took 0.065 seconds
[2024-04-26T12:57:05.549+0000] {processor.py:161} INFO - Started process (PID=4200) to work on /home/airflow/.local/lib/python3.12/site-packages/airflow/example_dags/example_xcom.py
[2024-04-26T12:57:05.550+0000] {processor.py:830} INFO - Processing file /home/airflow/.local/lib/python3.12/site-packages/airflow/example_dags/example_xcom.py for tasks to queue
[2024-04-26T12:57:05.552+0000] {logging_mixin.py:188} INFO - [2024-04-26T12:57:05.551+0000] {dagbag.py:540} INFO - Filling up the DagBag from /home/airflow/.local/lib/python3.12/site-packages/airflow/example_dags/example_xcom.py
[2024-04-26T12:57:05.557+0000] {processor.py:840} INFO - DAG(s) 'example_xcom' retrieved from /home/airflow/.local/lib/python3.12/site-packages/airflow/example_dags/example_xcom.py
[2024-04-26T12:57:05.573+0000] {logging_mixin.py:188} INFO - [2024-04-26T12:57:05.573+0000] {dag.py:3096} INFO - Sync 1 DAGs
[2024-04-26T12:57:05.589+0000] {logging_mixin.py:188} INFO - [2024-04-26T12:57:05.589+0000] {dag.py:3954} INFO - Setting next_dagrun for example_xcom to 2021-01-01 00:00:00+00:00, run_after=2021-01-01 00:00:00+00:00
[2024-04-26T12:57:05.605+0000] {processor.py:183} INFO - Processing /home/airflow/.local/lib/python3.12/site-packages/airflow/example_dags/example_xcom.py took 0.060 seconds
[2024-04-26T12:57:35.909+0000] {processor.py:161} INFO - Started process (PID=4260) to work on /home/airflow/.local/lib/python3.12/site-packages/airflow/example_dags/example_xcom.py
[2024-04-26T12:57:35.910+0000] {processor.py:830} INFO - Processing file /home/airflow/.local/lib/python3.12/site-packages/airflow/example_dags/example_xcom.py for tasks to queue
[2024-04-26T12:57:35.911+0000] {logging_mixin.py:188} INFO - [2024-04-26T12:57:35.911+0000] {dagbag.py:540} INFO - Filling up the DagBag from /home/airflow/.local/lib/python3.12/site-packages/airflow/example_dags/example_xcom.py
[2024-04-26T12:57:35.917+0000] {processor.py:840} INFO - DAG(s) 'example_xcom' retrieved from /home/airflow/.local/lib/python3.12/site-packages/airflow/example_dags/example_xcom.py
[2024-04-26T12:57:35.934+0000] {logging_mixin.py:188} INFO - [2024-04-26T12:57:35.933+0000] {dag.py:3096} INFO - Sync 1 DAGs
[2024-04-26T12:57:35.951+0000] {logging_mixin.py:188} INFO - [2024-04-26T12:57:35.951+0000] {dag.py:3954} INFO - Setting next_dagrun for example_xcom to 2021-01-01 00:00:00+00:00, run_after=2021-01-01 00:00:00+00:00
[2024-04-26T12:57:35.966+0000] {processor.py:183} INFO - Processing /home/airflow/.local/lib/python3.12/site-packages/airflow/example_dags/example_xcom.py took 0.061 seconds
[2024-04-26T12:58:06.205+0000] {processor.py:161} INFO - Started process (PID=4324) to work on /home/airflow/.local/lib/python3.12/site-packages/airflow/example_dags/example_xcom.py
[2024-04-26T12:58:06.205+0000] {processor.py:830} INFO - Processing file /home/airflow/.local/lib/python3.12/site-packages/airflow/example_dags/example_xcom.py for tasks to queue
[2024-04-26T12:58:06.207+0000] {logging_mixin.py:188} INFO - [2024-04-26T12:58:06.207+0000] {dagbag.py:540} INFO - Filling up the DagBag from /home/airflow/.local/lib/python3.12/site-packages/airflow/example_dags/example_xcom.py
[2024-04-26T12:58:06.213+0000] {processor.py:840} INFO - DAG(s) 'example_xcom' retrieved from /home/airflow/.local/lib/python3.12/site-packages/airflow/example_dags/example_xcom.py
[2024-04-26T12:58:06.230+0000] {logging_mixin.py:188} INFO - [2024-04-26T12:58:06.230+0000] {dag.py:3096} INFO - Sync 1 DAGs
[2024-04-26T12:58:06.248+0000] {logging_mixin.py:188} INFO - [2024-04-26T12:58:06.248+0000] {dag.py:3954} INFO - Setting next_dagrun for example_xcom to 2021-01-01 00:00:00+00:00, run_after=2021-01-01 00:00:00+00:00
[2024-04-26T12:58:06.263+0000] {processor.py:183} INFO - Processing /home/airflow/.local/lib/python3.12/site-packages/airflow/example_dags/example_xcom.py took 0.063 seconds
