[2024-04-26T12:34:46.395+0000] {processor.py:161} INFO - Started process (PID=77) to work on /home/airflow/.local/lib/python3.12/site-packages/airflow/example_dags/example_python_decorator.py
[2024-04-26T12:34:46.396+0000] {processor.py:830} INFO - Processing file /home/airflow/.local/lib/python3.12/site-packages/airflow/example_dags/example_python_decorator.py for tasks to queue
[2024-04-26T12:34:46.398+0000] {logging_mixin.py:188} INFO - [2024-04-26T12:34:46.398+0000] {dagbag.py:540} INFO - Filling up the DagBag from /home/airflow/.local/lib/python3.12/site-packages/airflow/example_dags/example_python_decorator.py
[2024-04-26T12:34:46.409+0000] {processor.py:840} INFO - DAG(s) 'example_python_decorator' retrieved from /home/airflow/.local/lib/python3.12/site-packages/airflow/example_dags/example_python_decorator.py
[2024-04-26T12:34:46.505+0000] {logging_mixin.py:188} INFO - [2024-04-26T12:34:46.504+0000] {override.py:1829} INFO - Created Permission View: can delete on DAG:example_python_decorator
[2024-04-26T12:34:46.515+0000] {logging_mixin.py:188} INFO - [2024-04-26T12:34:46.515+0000] {override.py:1829} INFO - Created Permission View: can edit on DAG:example_python_decorator
[2024-04-26T12:34:46.520+0000] {logging_mixin.py:188} INFO - [2024-04-26T12:34:46.520+0000] {override.py:1829} INFO - Created Permission View: can read on DAG:example_python_decorator
[2024-04-26T12:34:46.521+0000] {logging_mixin.py:188} INFO - [2024-04-26T12:34:46.521+0000] {dag.py:3096} INFO - Sync 1 DAGs
[2024-04-26T12:34:46.531+0000] {logging_mixin.py:188} INFO - [2024-04-26T12:34:46.531+0000] {dag.py:3118} INFO - Creating ORM DAG for example_python_decorator
[2024-04-26T12:34:46.532+0000] {logging_mixin.py:188} INFO - [2024-04-26T12:34:46.532+0000] {dag.py:3954} INFO - Setting next_dagrun for example_python_decorator to None, run_after=None
[2024-04-26T12:34:46.550+0000] {processor.py:183} INFO - Processing /home/airflow/.local/lib/python3.12/site-packages/airflow/example_dags/example_python_decorator.py took 0.159 seconds
[2024-04-26T12:35:16.602+0000] {processor.py:161} INFO - Started process (PID=135) to work on /home/airflow/.local/lib/python3.12/site-packages/airflow/example_dags/example_python_decorator.py
[2024-04-26T12:35:16.603+0000] {processor.py:830} INFO - Processing file /home/airflow/.local/lib/python3.12/site-packages/airflow/example_dags/example_python_decorator.py for tasks to queue
[2024-04-26T12:35:16.604+0000] {logging_mixin.py:188} INFO - [2024-04-26T12:35:16.604+0000] {dagbag.py:540} INFO - Filling up the DagBag from /home/airflow/.local/lib/python3.12/site-packages/airflow/example_dags/example_python_decorator.py
[2024-04-26T12:35:16.615+0000] {processor.py:840} INFO - DAG(s) 'example_python_decorator' retrieved from /home/airflow/.local/lib/python3.12/site-packages/airflow/example_dags/example_python_decorator.py
[2024-04-26T12:35:16.634+0000] {logging_mixin.py:188} INFO - [2024-04-26T12:35:16.633+0000] {dag.py:3096} INFO - Sync 1 DAGs
[2024-04-26T12:35:16.644+0000] {logging_mixin.py:188} INFO - [2024-04-26T12:35:16.644+0000] {dag.py:3954} INFO - Setting next_dagrun for example_python_decorator to None, run_after=None
[2024-04-26T12:35:16.661+0000] {processor.py:183} INFO - Processing /home/airflow/.local/lib/python3.12/site-packages/airflow/example_dags/example_python_decorator.py took 0.064 seconds
[2024-04-26T12:35:46.706+0000] {processor.py:161} INFO - Started process (PID=193) to work on /home/airflow/.local/lib/python3.12/site-packages/airflow/example_dags/example_python_decorator.py
[2024-04-26T12:35:46.707+0000] {processor.py:830} INFO - Processing file /home/airflow/.local/lib/python3.12/site-packages/airflow/example_dags/example_python_decorator.py for tasks to queue
[2024-04-26T12:35:46.708+0000] {logging_mixin.py:188} INFO - [2024-04-26T12:35:46.708+0000] {dagbag.py:540} INFO - Filling up the DagBag from /home/airflow/.local/lib/python3.12/site-packages/airflow/example_dags/example_python_decorator.py
[2024-04-26T12:35:46.718+0000] {processor.py:840} INFO - DAG(s) 'example_python_decorator' retrieved from /home/airflow/.local/lib/python3.12/site-packages/airflow/example_dags/example_python_decorator.py
[2024-04-26T12:35:46.735+0000] {logging_mixin.py:188} INFO - [2024-04-26T12:35:46.734+0000] {dag.py:3096} INFO - Sync 1 DAGs
[2024-04-26T12:35:46.744+0000] {logging_mixin.py:188} INFO - [2024-04-26T12:35:46.743+0000] {dag.py:3954} INFO - Setting next_dagrun for example_python_decorator to None, run_after=None
[2024-04-26T12:35:46.759+0000] {processor.py:183} INFO - Processing /home/airflow/.local/lib/python3.12/site-packages/airflow/example_dags/example_python_decorator.py took 0.057 seconds
[2024-04-26T12:36:17.444+0000] {processor.py:161} INFO - Started process (PID=251) to work on /home/airflow/.local/lib/python3.12/site-packages/airflow/example_dags/example_python_decorator.py
[2024-04-26T12:36:17.444+0000] {processor.py:830} INFO - Processing file /home/airflow/.local/lib/python3.12/site-packages/airflow/example_dags/example_python_decorator.py for tasks to queue
[2024-04-26T12:36:17.446+0000] {logging_mixin.py:188} INFO - [2024-04-26T12:36:17.446+0000] {dagbag.py:540} INFO - Filling up the DagBag from /home/airflow/.local/lib/python3.12/site-packages/airflow/example_dags/example_python_decorator.py
[2024-04-26T12:36:17.455+0000] {processor.py:840} INFO - DAG(s) 'example_python_decorator' retrieved from /home/airflow/.local/lib/python3.12/site-packages/airflow/example_dags/example_python_decorator.py
[2024-04-26T12:36:17.471+0000] {logging_mixin.py:188} INFO - [2024-04-26T12:36:17.471+0000] {dag.py:3096} INFO - Sync 1 DAGs
[2024-04-26T12:36:17.480+0000] {logging_mixin.py:188} INFO - [2024-04-26T12:36:17.480+0000] {dag.py:3954} INFO - Setting next_dagrun for example_python_decorator to None, run_after=None
[2024-04-26T12:36:17.495+0000] {processor.py:183} INFO - Processing /home/airflow/.local/lib/python3.12/site-packages/airflow/example_dags/example_python_decorator.py took 0.056 seconds
[2024-04-26T12:36:47.868+0000] {processor.py:161} INFO - Started process (PID=309) to work on /home/airflow/.local/lib/python3.12/site-packages/airflow/example_dags/example_python_decorator.py
[2024-04-26T12:36:47.869+0000] {processor.py:830} INFO - Processing file /home/airflow/.local/lib/python3.12/site-packages/airflow/example_dags/example_python_decorator.py for tasks to queue
[2024-04-26T12:36:47.870+0000] {logging_mixin.py:188} INFO - [2024-04-26T12:36:47.870+0000] {dagbag.py:540} INFO - Filling up the DagBag from /home/airflow/.local/lib/python3.12/site-packages/airflow/example_dags/example_python_decorator.py
[2024-04-26T12:36:47.880+0000] {processor.py:840} INFO - DAG(s) 'example_python_decorator' retrieved from /home/airflow/.local/lib/python3.12/site-packages/airflow/example_dags/example_python_decorator.py
[2024-04-26T12:36:47.896+0000] {logging_mixin.py:188} INFO - [2024-04-26T12:36:47.896+0000] {dag.py:3096} INFO - Sync 1 DAGs
[2024-04-26T12:36:47.906+0000] {logging_mixin.py:188} INFO - [2024-04-26T12:36:47.906+0000] {dag.py:3954} INFO - Setting next_dagrun for example_python_decorator to None, run_after=None
[2024-04-26T12:36:47.921+0000] {processor.py:183} INFO - Processing /home/airflow/.local/lib/python3.12/site-packages/airflow/example_dags/example_python_decorator.py took 0.057 seconds
[2024-04-26T12:37:18.209+0000] {processor.py:161} INFO - Started process (PID=367) to work on /home/airflow/.local/lib/python3.12/site-packages/airflow/example_dags/example_python_decorator.py
[2024-04-26T12:37:18.210+0000] {processor.py:830} INFO - Processing file /home/airflow/.local/lib/python3.12/site-packages/airflow/example_dags/example_python_decorator.py for tasks to queue
[2024-04-26T12:37:18.212+0000] {logging_mixin.py:188} INFO - [2024-04-26T12:37:18.211+0000] {dagbag.py:540} INFO - Filling up the DagBag from /home/airflow/.local/lib/python3.12/site-packages/airflow/example_dags/example_python_decorator.py
[2024-04-26T12:37:18.221+0000] {processor.py:840} INFO - DAG(s) 'example_python_decorator' retrieved from /home/airflow/.local/lib/python3.12/site-packages/airflow/example_dags/example_python_decorator.py
[2024-04-26T12:37:18.238+0000] {logging_mixin.py:188} INFO - [2024-04-26T12:37:18.238+0000] {dag.py:3096} INFO - Sync 1 DAGs
[2024-04-26T12:37:18.249+0000] {logging_mixin.py:188} INFO - [2024-04-26T12:37:18.249+0000] {dag.py:3954} INFO - Setting next_dagrun for example_python_decorator to None, run_after=None
[2024-04-26T12:37:18.266+0000] {processor.py:183} INFO - Processing /home/airflow/.local/lib/python3.12/site-packages/airflow/example_dags/example_python_decorator.py took 0.061 seconds
[2024-04-26T12:37:48.640+0000] {processor.py:161} INFO - Started process (PID=425) to work on /home/airflow/.local/lib/python3.12/site-packages/airflow/example_dags/example_python_decorator.py
[2024-04-26T12:37:48.641+0000] {processor.py:830} INFO - Processing file /home/airflow/.local/lib/python3.12/site-packages/airflow/example_dags/example_python_decorator.py for tasks to queue
[2024-04-26T12:37:48.642+0000] {logging_mixin.py:188} INFO - [2024-04-26T12:37:48.642+0000] {dagbag.py:540} INFO - Filling up the DagBag from /home/airflow/.local/lib/python3.12/site-packages/airflow/example_dags/example_python_decorator.py
[2024-04-26T12:37:48.652+0000] {processor.py:840} INFO - DAG(s) 'example_python_decorator' retrieved from /home/airflow/.local/lib/python3.12/site-packages/airflow/example_dags/example_python_decorator.py
[2024-04-26T12:37:48.669+0000] {logging_mixin.py:188} INFO - [2024-04-26T12:37:48.669+0000] {dag.py:3096} INFO - Sync 1 DAGs
[2024-04-26T12:37:48.679+0000] {logging_mixin.py:188} INFO - [2024-04-26T12:37:48.679+0000] {dag.py:3954} INFO - Setting next_dagrun for example_python_decorator to None, run_after=None
[2024-04-26T12:37:48.694+0000] {processor.py:183} INFO - Processing /home/airflow/.local/lib/python3.12/site-packages/airflow/example_dags/example_python_decorator.py took 0.059 seconds
[2024-04-26T12:38:19.027+0000] {processor.py:161} INFO - Started process (PID=483) to work on /home/airflow/.local/lib/python3.12/site-packages/airflow/example_dags/example_python_decorator.py
[2024-04-26T12:38:19.028+0000] {processor.py:830} INFO - Processing file /home/airflow/.local/lib/python3.12/site-packages/airflow/example_dags/example_python_decorator.py for tasks to queue
[2024-04-26T12:38:19.029+0000] {logging_mixin.py:188} INFO - [2024-04-26T12:38:19.029+0000] {dagbag.py:540} INFO - Filling up the DagBag from /home/airflow/.local/lib/python3.12/site-packages/airflow/example_dags/example_python_decorator.py
[2024-04-26T12:38:19.039+0000] {processor.py:840} INFO - DAG(s) 'example_python_decorator' retrieved from /home/airflow/.local/lib/python3.12/site-packages/airflow/example_dags/example_python_decorator.py
[2024-04-26T12:38:19.056+0000] {logging_mixin.py:188} INFO - [2024-04-26T12:38:19.056+0000] {dag.py:3096} INFO - Sync 1 DAGs
[2024-04-26T12:38:19.066+0000] {logging_mixin.py:188} INFO - [2024-04-26T12:38:19.066+0000] {dag.py:3954} INFO - Setting next_dagrun for example_python_decorator to None, run_after=None
[2024-04-26T12:38:19.081+0000] {processor.py:183} INFO - Processing /home/airflow/.local/lib/python3.12/site-packages/airflow/example_dags/example_python_decorator.py took 0.058 seconds
[2024-04-26T12:38:49.432+0000] {processor.py:161} INFO - Started process (PID=541) to work on /home/airflow/.local/lib/python3.12/site-packages/airflow/example_dags/example_python_decorator.py
[2024-04-26T12:38:49.433+0000] {processor.py:830} INFO - Processing file /home/airflow/.local/lib/python3.12/site-packages/airflow/example_dags/example_python_decorator.py for tasks to queue
[2024-04-26T12:38:49.434+0000] {logging_mixin.py:188} INFO - [2024-04-26T12:38:49.434+0000] {dagbag.py:540} INFO - Filling up the DagBag from /home/airflow/.local/lib/python3.12/site-packages/airflow/example_dags/example_python_decorator.py
[2024-04-26T12:38:49.444+0000] {processor.py:840} INFO - DAG(s) 'example_python_decorator' retrieved from /home/airflow/.local/lib/python3.12/site-packages/airflow/example_dags/example_python_decorator.py
[2024-04-26T12:38:49.463+0000] {logging_mixin.py:188} INFO - [2024-04-26T12:38:49.462+0000] {dag.py:3096} INFO - Sync 1 DAGs
[2024-04-26T12:38:49.473+0000] {logging_mixin.py:188} INFO - [2024-04-26T12:38:49.472+0000] {dag.py:3954} INFO - Setting next_dagrun for example_python_decorator to None, run_after=None
[2024-04-26T12:38:49.488+0000] {processor.py:183} INFO - Processing /home/airflow/.local/lib/python3.12/site-packages/airflow/example_dags/example_python_decorator.py took 0.060 seconds
[2024-04-26T12:39:19.897+0000] {processor.py:161} INFO - Started process (PID=599) to work on /home/airflow/.local/lib/python3.12/site-packages/airflow/example_dags/example_python_decorator.py
[2024-04-26T12:39:19.898+0000] {processor.py:830} INFO - Processing file /home/airflow/.local/lib/python3.12/site-packages/airflow/example_dags/example_python_decorator.py for tasks to queue
[2024-04-26T12:39:19.899+0000] {logging_mixin.py:188} INFO - [2024-04-26T12:39:19.899+0000] {dagbag.py:540} INFO - Filling up the DagBag from /home/airflow/.local/lib/python3.12/site-packages/airflow/example_dags/example_python_decorator.py
[2024-04-26T12:39:19.909+0000] {processor.py:840} INFO - DAG(s) 'example_python_decorator' retrieved from /home/airflow/.local/lib/python3.12/site-packages/airflow/example_dags/example_python_decorator.py
[2024-04-26T12:39:19.928+0000] {logging_mixin.py:188} INFO - [2024-04-26T12:39:19.928+0000] {dag.py:3096} INFO - Sync 1 DAGs
[2024-04-26T12:39:19.938+0000] {logging_mixin.py:188} INFO - [2024-04-26T12:39:19.938+0000] {dag.py:3954} INFO - Setting next_dagrun for example_python_decorator to None, run_after=None
[2024-04-26T12:39:19.955+0000] {processor.py:183} INFO - Processing /home/airflow/.local/lib/python3.12/site-packages/airflow/example_dags/example_python_decorator.py took 0.063 seconds
[2024-04-26T12:39:50.376+0000] {processor.py:161} INFO - Started process (PID=657) to work on /home/airflow/.local/lib/python3.12/site-packages/airflow/example_dags/example_python_decorator.py
[2024-04-26T12:39:50.377+0000] {processor.py:830} INFO - Processing file /home/airflow/.local/lib/python3.12/site-packages/airflow/example_dags/example_python_decorator.py for tasks to queue
[2024-04-26T12:39:50.379+0000] {logging_mixin.py:188} INFO - [2024-04-26T12:39:50.379+0000] {dagbag.py:540} INFO - Filling up the DagBag from /home/airflow/.local/lib/python3.12/site-packages/airflow/example_dags/example_python_decorator.py
[2024-04-26T12:39:50.389+0000] {processor.py:840} INFO - DAG(s) 'example_python_decorator' retrieved from /home/airflow/.local/lib/python3.12/site-packages/airflow/example_dags/example_python_decorator.py
[2024-04-26T12:39:50.408+0000] {logging_mixin.py:188} INFO - [2024-04-26T12:39:50.408+0000] {dag.py:3096} INFO - Sync 1 DAGs
[2024-04-26T12:39:50.419+0000] {logging_mixin.py:188} INFO - [2024-04-26T12:39:50.418+0000] {dag.py:3954} INFO - Setting next_dagrun for example_python_decorator to None, run_after=None
[2024-04-26T12:39:50.434+0000] {processor.py:183} INFO - Processing /home/airflow/.local/lib/python3.12/site-packages/airflow/example_dags/example_python_decorator.py took 0.062 seconds
[2024-04-26T12:40:20.938+0000] {processor.py:161} INFO - Started process (PID=715) to work on /home/airflow/.local/lib/python3.12/site-packages/airflow/example_dags/example_python_decorator.py
[2024-04-26T12:40:20.939+0000] {processor.py:830} INFO - Processing file /home/airflow/.local/lib/python3.12/site-packages/airflow/example_dags/example_python_decorator.py for tasks to queue
[2024-04-26T12:40:20.940+0000] {logging_mixin.py:188} INFO - [2024-04-26T12:40:20.940+0000] {dagbag.py:540} INFO - Filling up the DagBag from /home/airflow/.local/lib/python3.12/site-packages/airflow/example_dags/example_python_decorator.py
[2024-04-26T12:40:20.951+0000] {processor.py:840} INFO - DAG(s) 'example_python_decorator' retrieved from /home/airflow/.local/lib/python3.12/site-packages/airflow/example_dags/example_python_decorator.py
[2024-04-26T12:40:20.968+0000] {logging_mixin.py:188} INFO - [2024-04-26T12:40:20.968+0000] {dag.py:3096} INFO - Sync 1 DAGs
[2024-04-26T12:40:20.978+0000] {logging_mixin.py:188} INFO - [2024-04-26T12:40:20.978+0000] {dag.py:3954} INFO - Setting next_dagrun for example_python_decorator to None, run_after=None
[2024-04-26T12:40:20.996+0000] {processor.py:183} INFO - Processing /home/airflow/.local/lib/python3.12/site-packages/airflow/example_dags/example_python_decorator.py took 0.062 seconds
[2024-04-26T12:40:51.389+0000] {processor.py:161} INFO - Started process (PID=773) to work on /home/airflow/.local/lib/python3.12/site-packages/airflow/example_dags/example_python_decorator.py
[2024-04-26T12:40:51.390+0000] {processor.py:830} INFO - Processing file /home/airflow/.local/lib/python3.12/site-packages/airflow/example_dags/example_python_decorator.py for tasks to queue
[2024-04-26T12:40:51.392+0000] {logging_mixin.py:188} INFO - [2024-04-26T12:40:51.392+0000] {dagbag.py:540} INFO - Filling up the DagBag from /home/airflow/.local/lib/python3.12/site-packages/airflow/example_dags/example_python_decorator.py
[2024-04-26T12:40:51.403+0000] {processor.py:840} INFO - DAG(s) 'example_python_decorator' retrieved from /home/airflow/.local/lib/python3.12/site-packages/airflow/example_dags/example_python_decorator.py
[2024-04-26T12:40:51.424+0000] {logging_mixin.py:188} INFO - [2024-04-26T12:40:51.424+0000] {dag.py:3096} INFO - Sync 1 DAGs
[2024-04-26T12:40:51.435+0000] {logging_mixin.py:188} INFO - [2024-04-26T12:40:51.434+0000] {dag.py:3954} INFO - Setting next_dagrun for example_python_decorator to None, run_after=None
[2024-04-26T12:40:51.456+0000] {processor.py:183} INFO - Processing /home/airflow/.local/lib/python3.12/site-packages/airflow/example_dags/example_python_decorator.py took 0.071 seconds
[2024-04-26T12:41:22.270+0000] {processor.py:161} INFO - Started process (PID=831) to work on /home/airflow/.local/lib/python3.12/site-packages/airflow/example_dags/example_python_decorator.py
[2024-04-26T12:41:22.271+0000] {processor.py:830} INFO - Processing file /home/airflow/.local/lib/python3.12/site-packages/airflow/example_dags/example_python_decorator.py for tasks to queue
[2024-04-26T12:41:22.272+0000] {logging_mixin.py:188} INFO - [2024-04-26T12:41:22.272+0000] {dagbag.py:540} INFO - Filling up the DagBag from /home/airflow/.local/lib/python3.12/site-packages/airflow/example_dags/example_python_decorator.py
[2024-04-26T12:41:22.282+0000] {processor.py:840} INFO - DAG(s) 'example_python_decorator' retrieved from /home/airflow/.local/lib/python3.12/site-packages/airflow/example_dags/example_python_decorator.py
[2024-04-26T12:41:22.301+0000] {logging_mixin.py:188} INFO - [2024-04-26T12:41:22.300+0000] {dag.py:3096} INFO - Sync 1 DAGs
[2024-04-26T12:41:22.311+0000] {logging_mixin.py:188} INFO - [2024-04-26T12:41:22.311+0000] {dag.py:3954} INFO - Setting next_dagrun for example_python_decorator to None, run_after=None
[2024-04-26T12:41:22.326+0000] {processor.py:183} INFO - Processing /home/airflow/.local/lib/python3.12/site-packages/airflow/example_dags/example_python_decorator.py took 0.062 seconds
[2024-04-26T12:41:54.131+0000] {processor.py:161} INFO - Started process (PID=889) to work on /home/airflow/.local/lib/python3.12/site-packages/airflow/example_dags/example_python_decorator.py
[2024-04-26T12:41:54.132+0000] {processor.py:830} INFO - Processing file /home/airflow/.local/lib/python3.12/site-packages/airflow/example_dags/example_python_decorator.py for tasks to queue
[2024-04-26T12:41:54.134+0000] {logging_mixin.py:188} INFO - [2024-04-26T12:41:54.133+0000] {dagbag.py:540} INFO - Filling up the DagBag from /home/airflow/.local/lib/python3.12/site-packages/airflow/example_dags/example_python_decorator.py
[2024-04-26T12:41:54.145+0000] {processor.py:840} INFO - DAG(s) 'example_python_decorator' retrieved from /home/airflow/.local/lib/python3.12/site-packages/airflow/example_dags/example_python_decorator.py
[2024-04-26T12:41:54.166+0000] {logging_mixin.py:188} INFO - [2024-04-26T12:41:54.166+0000] {dag.py:3096} INFO - Sync 1 DAGs
[2024-04-26T12:41:54.291+0000] {logging_mixin.py:188} INFO - [2024-04-26T12:41:54.291+0000] {dag.py:3954} INFO - Setting next_dagrun for example_python_decorator to None, run_after=None
[2024-04-26T12:41:54.309+0000] {processor.py:183} INFO - Processing /home/airflow/.local/lib/python3.12/site-packages/airflow/example_dags/example_python_decorator.py took 0.183 seconds
[2024-04-26T12:42:25.248+0000] {processor.py:161} INFO - Started process (PID=947) to work on /home/airflow/.local/lib/python3.12/site-packages/airflow/example_dags/example_python_decorator.py
[2024-04-26T12:42:25.249+0000] {processor.py:830} INFO - Processing file /home/airflow/.local/lib/python3.12/site-packages/airflow/example_dags/example_python_decorator.py for tasks to queue
[2024-04-26T12:42:25.250+0000] {logging_mixin.py:188} INFO - [2024-04-26T12:42:25.250+0000] {dagbag.py:540} INFO - Filling up the DagBag from /home/airflow/.local/lib/python3.12/site-packages/airflow/example_dags/example_python_decorator.py
[2024-04-26T12:42:25.261+0000] {processor.py:840} INFO - DAG(s) 'example_python_decorator' retrieved from /home/airflow/.local/lib/python3.12/site-packages/airflow/example_dags/example_python_decorator.py
[2024-04-26T12:42:25.279+0000] {logging_mixin.py:188} INFO - [2024-04-26T12:42:25.278+0000] {dag.py:3096} INFO - Sync 1 DAGs
[2024-04-26T12:42:25.288+0000] {logging_mixin.py:188} INFO - [2024-04-26T12:42:25.287+0000] {dag.py:3954} INFO - Setting next_dagrun for example_python_decorator to None, run_after=None
[2024-04-26T12:42:25.307+0000] {processor.py:183} INFO - Processing /home/airflow/.local/lib/python3.12/site-packages/airflow/example_dags/example_python_decorator.py took 0.063 seconds
[2024-04-26T12:42:55.885+0000] {processor.py:161} INFO - Started process (PID=1005) to work on /home/airflow/.local/lib/python3.12/site-packages/airflow/example_dags/example_python_decorator.py
[2024-04-26T12:42:55.886+0000] {processor.py:830} INFO - Processing file /home/airflow/.local/lib/python3.12/site-packages/airflow/example_dags/example_python_decorator.py for tasks to queue
[2024-04-26T12:42:55.887+0000] {logging_mixin.py:188} INFO - [2024-04-26T12:42:55.887+0000] {dagbag.py:540} INFO - Filling up the DagBag from /home/airflow/.local/lib/python3.12/site-packages/airflow/example_dags/example_python_decorator.py
[2024-04-26T12:42:55.897+0000] {processor.py:840} INFO - DAG(s) 'example_python_decorator' retrieved from /home/airflow/.local/lib/python3.12/site-packages/airflow/example_dags/example_python_decorator.py
[2024-04-26T12:42:55.915+0000] {logging_mixin.py:188} INFO - [2024-04-26T12:42:55.915+0000] {dag.py:3096} INFO - Sync 1 DAGs
[2024-04-26T12:42:55.925+0000] {logging_mixin.py:188} INFO - [2024-04-26T12:42:55.925+0000] {dag.py:3954} INFO - Setting next_dagrun for example_python_decorator to None, run_after=None
[2024-04-26T12:42:55.946+0000] {processor.py:183} INFO - Processing /home/airflow/.local/lib/python3.12/site-packages/airflow/example_dags/example_python_decorator.py took 0.065 seconds
[2024-04-26T12:43:26.874+0000] {processor.py:161} INFO - Started process (PID=1063) to work on /home/airflow/.local/lib/python3.12/site-packages/airflow/example_dags/example_python_decorator.py
[2024-04-26T12:43:26.875+0000] {processor.py:830} INFO - Processing file /home/airflow/.local/lib/python3.12/site-packages/airflow/example_dags/example_python_decorator.py for tasks to queue
[2024-04-26T12:43:26.877+0000] {logging_mixin.py:188} INFO - [2024-04-26T12:43:26.876+0000] {dagbag.py:540} INFO - Filling up the DagBag from /home/airflow/.local/lib/python3.12/site-packages/airflow/example_dags/example_python_decorator.py
[2024-04-26T12:43:26.889+0000] {processor.py:840} INFO - DAG(s) 'example_python_decorator' retrieved from /home/airflow/.local/lib/python3.12/site-packages/airflow/example_dags/example_python_decorator.py
[2024-04-26T12:43:26.909+0000] {logging_mixin.py:188} INFO - [2024-04-26T12:43:26.909+0000] {dag.py:3096} INFO - Sync 1 DAGs
[2024-04-26T12:43:26.922+0000] {logging_mixin.py:188} INFO - [2024-04-26T12:43:26.922+0000] {dag.py:3954} INFO - Setting next_dagrun for example_python_decorator to None, run_after=None
[2024-04-26T12:43:26.945+0000] {processor.py:183} INFO - Processing /home/airflow/.local/lib/python3.12/site-packages/airflow/example_dags/example_python_decorator.py took 0.076 seconds
[2024-04-26T12:43:57.791+0000] {processor.py:161} INFO - Started process (PID=1121) to work on /home/airflow/.local/lib/python3.12/site-packages/airflow/example_dags/example_python_decorator.py
[2024-04-26T12:43:57.792+0000] {processor.py:830} INFO - Processing file /home/airflow/.local/lib/python3.12/site-packages/airflow/example_dags/example_python_decorator.py for tasks to queue
[2024-04-26T12:43:57.794+0000] {logging_mixin.py:188} INFO - [2024-04-26T12:43:57.793+0000] {dagbag.py:540} INFO - Filling up the DagBag from /home/airflow/.local/lib/python3.12/site-packages/airflow/example_dags/example_python_decorator.py
[2024-04-26T12:43:57.803+0000] {processor.py:840} INFO - DAG(s) 'example_python_decorator' retrieved from /home/airflow/.local/lib/python3.12/site-packages/airflow/example_dags/example_python_decorator.py
[2024-04-26T12:43:57.823+0000] {logging_mixin.py:188} INFO - [2024-04-26T12:43:57.822+0000] {dag.py:3096} INFO - Sync 1 DAGs
[2024-04-26T12:43:57.955+0000] {logging_mixin.py:188} INFO - [2024-04-26T12:43:57.955+0000] {dag.py:3954} INFO - Setting next_dagrun for example_python_decorator to None, run_after=None
[2024-04-26T12:43:57.972+0000] {processor.py:183} INFO - Processing /home/airflow/.local/lib/python3.12/site-packages/airflow/example_dags/example_python_decorator.py took 0.186 seconds
[2024-04-26T12:44:28.142+0000] {processor.py:161} INFO - Started process (PID=1179) to work on /home/airflow/.local/lib/python3.12/site-packages/airflow/example_dags/example_python_decorator.py
[2024-04-26T12:44:28.143+0000] {processor.py:830} INFO - Processing file /home/airflow/.local/lib/python3.12/site-packages/airflow/example_dags/example_python_decorator.py for tasks to queue
[2024-04-26T12:44:28.144+0000] {logging_mixin.py:188} INFO - [2024-04-26T12:44:28.144+0000] {dagbag.py:540} INFO - Filling up the DagBag from /home/airflow/.local/lib/python3.12/site-packages/airflow/example_dags/example_python_decorator.py
[2024-04-26T12:44:28.154+0000] {processor.py:840} INFO - DAG(s) 'example_python_decorator' retrieved from /home/airflow/.local/lib/python3.12/site-packages/airflow/example_dags/example_python_decorator.py
[2024-04-26T12:44:28.172+0000] {logging_mixin.py:188} INFO - [2024-04-26T12:44:28.171+0000] {dag.py:3096} INFO - Sync 1 DAGs
[2024-04-26T12:44:28.181+0000] {logging_mixin.py:188} INFO - [2024-04-26T12:44:28.181+0000] {dag.py:3954} INFO - Setting next_dagrun for example_python_decorator to None, run_after=None
[2024-04-26T12:44:28.197+0000] {processor.py:183} INFO - Processing /home/airflow/.local/lib/python3.12/site-packages/airflow/example_dags/example_python_decorator.py took 0.060 seconds
[2024-04-26T12:44:58.772+0000] {processor.py:161} INFO - Started process (PID=1239) to work on /home/airflow/.local/lib/python3.12/site-packages/airflow/example_dags/example_python_decorator.py
[2024-04-26T12:44:58.773+0000] {processor.py:830} INFO - Processing file /home/airflow/.local/lib/python3.12/site-packages/airflow/example_dags/example_python_decorator.py for tasks to queue
[2024-04-26T12:44:58.774+0000] {logging_mixin.py:188} INFO - [2024-04-26T12:44:58.774+0000] {dagbag.py:540} INFO - Filling up the DagBag from /home/airflow/.local/lib/python3.12/site-packages/airflow/example_dags/example_python_decorator.py
[2024-04-26T12:44:58.785+0000] {processor.py:840} INFO - DAG(s) 'example_python_decorator' retrieved from /home/airflow/.local/lib/python3.12/site-packages/airflow/example_dags/example_python_decorator.py
[2024-04-26T12:44:58.802+0000] {logging_mixin.py:188} INFO - [2024-04-26T12:44:58.802+0000] {dag.py:3096} INFO - Sync 1 DAGs
[2024-04-26T12:44:58.813+0000] {logging_mixin.py:188} INFO - [2024-04-26T12:44:58.812+0000] {dag.py:3954} INFO - Setting next_dagrun for example_python_decorator to None, run_after=None
[2024-04-26T12:44:58.829+0000] {processor.py:183} INFO - Processing /home/airflow/.local/lib/python3.12/site-packages/airflow/example_dags/example_python_decorator.py took 0.062 seconds
[2024-04-26T12:45:29.163+0000] {processor.py:161} INFO - Started process (PID=1299) to work on /home/airflow/.local/lib/python3.12/site-packages/airflow/example_dags/example_python_decorator.py
[2024-04-26T12:45:29.163+0000] {processor.py:830} INFO - Processing file /home/airflow/.local/lib/python3.12/site-packages/airflow/example_dags/example_python_decorator.py for tasks to queue
[2024-04-26T12:45:29.165+0000] {logging_mixin.py:188} INFO - [2024-04-26T12:45:29.165+0000] {dagbag.py:540} INFO - Filling up the DagBag from /home/airflow/.local/lib/python3.12/site-packages/airflow/example_dags/example_python_decorator.py
[2024-04-26T12:45:29.175+0000] {processor.py:840} INFO - DAG(s) 'example_python_decorator' retrieved from /home/airflow/.local/lib/python3.12/site-packages/airflow/example_dags/example_python_decorator.py
[2024-04-26T12:45:29.195+0000] {logging_mixin.py:188} INFO - [2024-04-26T12:45:29.194+0000] {dag.py:3096} INFO - Sync 1 DAGs
[2024-04-26T12:45:29.205+0000] {logging_mixin.py:188} INFO - [2024-04-26T12:45:29.204+0000] {dag.py:3954} INFO - Setting next_dagrun for example_python_decorator to None, run_after=None
[2024-04-26T12:45:29.221+0000] {processor.py:183} INFO - Processing /home/airflow/.local/lib/python3.12/site-packages/airflow/example_dags/example_python_decorator.py took 0.064 seconds
[2024-04-26T12:45:59.750+0000] {processor.py:161} INFO - Started process (PID=1367) to work on /home/airflow/.local/lib/python3.12/site-packages/airflow/example_dags/example_python_decorator.py
[2024-04-26T12:45:59.751+0000] {processor.py:830} INFO - Processing file /home/airflow/.local/lib/python3.12/site-packages/airflow/example_dags/example_python_decorator.py for tasks to queue
[2024-04-26T12:45:59.753+0000] {logging_mixin.py:188} INFO - [2024-04-26T12:45:59.752+0000] {dagbag.py:540} INFO - Filling up the DagBag from /home/airflow/.local/lib/python3.12/site-packages/airflow/example_dags/example_python_decorator.py
[2024-04-26T12:45:59.766+0000] {processor.py:840} INFO - DAG(s) 'example_python_decorator' retrieved from /home/airflow/.local/lib/python3.12/site-packages/airflow/example_dags/example_python_decorator.py
[2024-04-26T12:45:59.784+0000] {logging_mixin.py:188} INFO - [2024-04-26T12:45:59.783+0000] {dag.py:3096} INFO - Sync 1 DAGs
[2024-04-26T12:45:59.793+0000] {logging_mixin.py:188} INFO - [2024-04-26T12:45:59.793+0000] {dag.py:3954} INFO - Setting next_dagrun for example_python_decorator to None, run_after=None
[2024-04-26T12:45:59.808+0000] {processor.py:183} INFO - Processing /home/airflow/.local/lib/python3.12/site-packages/airflow/example_dags/example_python_decorator.py took 0.065 seconds
[2024-04-26T12:46:30.556+0000] {processor.py:161} INFO - Started process (PID=1429) to work on /home/airflow/.local/lib/python3.12/site-packages/airflow/example_dags/example_python_decorator.py
[2024-04-26T12:46:30.556+0000] {processor.py:830} INFO - Processing file /home/airflow/.local/lib/python3.12/site-packages/airflow/example_dags/example_python_decorator.py for tasks to queue
[2024-04-26T12:46:30.558+0000] {logging_mixin.py:188} INFO - [2024-04-26T12:46:30.558+0000] {dagbag.py:540} INFO - Filling up the DagBag from /home/airflow/.local/lib/python3.12/site-packages/airflow/example_dags/example_python_decorator.py
[2024-04-26T12:46:30.568+0000] {processor.py:840} INFO - DAG(s) 'example_python_decorator' retrieved from /home/airflow/.local/lib/python3.12/site-packages/airflow/example_dags/example_python_decorator.py
[2024-04-26T12:46:30.587+0000] {logging_mixin.py:188} INFO - [2024-04-26T12:46:30.587+0000] {dag.py:3096} INFO - Sync 1 DAGs
[2024-04-26T12:46:30.597+0000] {logging_mixin.py:188} INFO - [2024-04-26T12:46:30.597+0000] {dag.py:3954} INFO - Setting next_dagrun for example_python_decorator to None, run_after=None
[2024-04-26T12:46:30.612+0000] {processor.py:183} INFO - Processing /home/airflow/.local/lib/python3.12/site-packages/airflow/example_dags/example_python_decorator.py took 0.061 seconds
[2024-04-26T12:47:00.946+0000] {processor.py:161} INFO - Started process (PID=1489) to work on /home/airflow/.local/lib/python3.12/site-packages/airflow/example_dags/example_python_decorator.py
[2024-04-26T12:47:00.947+0000] {processor.py:830} INFO - Processing file /home/airflow/.local/lib/python3.12/site-packages/airflow/example_dags/example_python_decorator.py for tasks to queue
[2024-04-26T12:47:00.948+0000] {logging_mixin.py:188} INFO - [2024-04-26T12:47:00.948+0000] {dagbag.py:540} INFO - Filling up the DagBag from /home/airflow/.local/lib/python3.12/site-packages/airflow/example_dags/example_python_decorator.py
[2024-04-26T12:47:00.958+0000] {processor.py:840} INFO - DAG(s) 'example_python_decorator' retrieved from /home/airflow/.local/lib/python3.12/site-packages/airflow/example_dags/example_python_decorator.py
[2024-04-26T12:47:00.976+0000] {logging_mixin.py:188} INFO - [2024-04-26T12:47:00.975+0000] {dag.py:3096} INFO - Sync 1 DAGs
[2024-04-26T12:47:00.985+0000] {logging_mixin.py:188} INFO - [2024-04-26T12:47:00.985+0000] {dag.py:3954} INFO - Setting next_dagrun for example_python_decorator to None, run_after=None
[2024-04-26T12:47:01.000+0000] {processor.py:183} INFO - Processing /home/airflow/.local/lib/python3.12/site-packages/airflow/example_dags/example_python_decorator.py took 0.058 seconds
[2024-04-26T12:47:31.284+0000] {processor.py:161} INFO - Started process (PID=1549) to work on /home/airflow/.local/lib/python3.12/site-packages/airflow/example_dags/example_python_decorator.py
[2024-04-26T12:47:31.284+0000] {processor.py:830} INFO - Processing file /home/airflow/.local/lib/python3.12/site-packages/airflow/example_dags/example_python_decorator.py for tasks to queue
[2024-04-26T12:47:31.286+0000] {logging_mixin.py:188} INFO - [2024-04-26T12:47:31.286+0000] {dagbag.py:540} INFO - Filling up the DagBag from /home/airflow/.local/lib/python3.12/site-packages/airflow/example_dags/example_python_decorator.py
[2024-04-26T12:47:31.296+0000] {processor.py:840} INFO - DAG(s) 'example_python_decorator' retrieved from /home/airflow/.local/lib/python3.12/site-packages/airflow/example_dags/example_python_decorator.py
[2024-04-26T12:47:31.314+0000] {logging_mixin.py:188} INFO - [2024-04-26T12:47:31.314+0000] {dag.py:3096} INFO - Sync 1 DAGs
[2024-04-26T12:47:31.324+0000] {logging_mixin.py:188} INFO - [2024-04-26T12:47:31.324+0000] {dag.py:3954} INFO - Setting next_dagrun for example_python_decorator to None, run_after=None
[2024-04-26T12:47:31.342+0000] {processor.py:183} INFO - Processing /home/airflow/.local/lib/python3.12/site-packages/airflow/example_dags/example_python_decorator.py took 0.063 seconds
[2024-04-26T12:48:01.693+0000] {processor.py:161} INFO - Started process (PID=1609) to work on /home/airflow/.local/lib/python3.12/site-packages/airflow/example_dags/example_python_decorator.py
[2024-04-26T12:48:01.694+0000] {processor.py:830} INFO - Processing file /home/airflow/.local/lib/python3.12/site-packages/airflow/example_dags/example_python_decorator.py for tasks to queue
[2024-04-26T12:48:01.696+0000] {logging_mixin.py:188} INFO - [2024-04-26T12:48:01.695+0000] {dagbag.py:540} INFO - Filling up the DagBag from /home/airflow/.local/lib/python3.12/site-packages/airflow/example_dags/example_python_decorator.py
[2024-04-26T12:48:01.705+0000] {processor.py:840} INFO - DAG(s) 'example_python_decorator' retrieved from /home/airflow/.local/lib/python3.12/site-packages/airflow/example_dags/example_python_decorator.py
[2024-04-26T12:48:01.723+0000] {logging_mixin.py:188} INFO - [2024-04-26T12:48:01.723+0000] {dag.py:3096} INFO - Sync 1 DAGs
[2024-04-26T12:48:01.733+0000] {logging_mixin.py:188} INFO - [2024-04-26T12:48:01.732+0000] {dag.py:3954} INFO - Setting next_dagrun for example_python_decorator to None, run_after=None
[2024-04-26T12:48:01.752+0000] {processor.py:183} INFO - Processing /home/airflow/.local/lib/python3.12/site-packages/airflow/example_dags/example_python_decorator.py took 0.063 seconds
[2024-04-26T12:48:32.034+0000] {processor.py:161} INFO - Started process (PID=1669) to work on /home/airflow/.local/lib/python3.12/site-packages/airflow/example_dags/example_python_decorator.py
[2024-04-26T12:48:32.035+0000] {processor.py:830} INFO - Processing file /home/airflow/.local/lib/python3.12/site-packages/airflow/example_dags/example_python_decorator.py for tasks to queue
[2024-04-26T12:48:32.037+0000] {logging_mixin.py:188} INFO - [2024-04-26T12:48:32.036+0000] {dagbag.py:540} INFO - Filling up the DagBag from /home/airflow/.local/lib/python3.12/site-packages/airflow/example_dags/example_python_decorator.py
[2024-04-26T12:48:32.046+0000] {processor.py:840} INFO - DAG(s) 'example_python_decorator' retrieved from /home/airflow/.local/lib/python3.12/site-packages/airflow/example_dags/example_python_decorator.py
[2024-04-26T12:48:32.063+0000] {logging_mixin.py:188} INFO - [2024-04-26T12:48:32.063+0000] {dag.py:3096} INFO - Sync 1 DAGs
[2024-04-26T12:48:32.073+0000] {logging_mixin.py:188} INFO - [2024-04-26T12:48:32.072+0000] {dag.py:3954} INFO - Setting next_dagrun for example_python_decorator to None, run_after=None
[2024-04-26T12:48:32.088+0000] {processor.py:183} INFO - Processing /home/airflow/.local/lib/python3.12/site-packages/airflow/example_dags/example_python_decorator.py took 0.058 seconds
[2024-04-26T12:49:02.504+0000] {processor.py:161} INFO - Started process (PID=1729) to work on /home/airflow/.local/lib/python3.12/site-packages/airflow/example_dags/example_python_decorator.py
[2024-04-26T12:49:02.505+0000] {processor.py:830} INFO - Processing file /home/airflow/.local/lib/python3.12/site-packages/airflow/example_dags/example_python_decorator.py for tasks to queue
[2024-04-26T12:49:02.506+0000] {logging_mixin.py:188} INFO - [2024-04-26T12:49:02.506+0000] {dagbag.py:540} INFO - Filling up the DagBag from /home/airflow/.local/lib/python3.12/site-packages/airflow/example_dags/example_python_decorator.py
[2024-04-26T12:49:02.516+0000] {processor.py:840} INFO - DAG(s) 'example_python_decorator' retrieved from /home/airflow/.local/lib/python3.12/site-packages/airflow/example_dags/example_python_decorator.py
[2024-04-26T12:49:02.533+0000] {logging_mixin.py:188} INFO - [2024-04-26T12:49:02.533+0000] {dag.py:3096} INFO - Sync 1 DAGs
[2024-04-26T12:49:02.542+0000] {logging_mixin.py:188} INFO - [2024-04-26T12:49:02.542+0000] {dag.py:3954} INFO - Setting next_dagrun for example_python_decorator to None, run_after=None
[2024-04-26T12:49:02.558+0000] {processor.py:183} INFO - Processing /home/airflow/.local/lib/python3.12/site-packages/airflow/example_dags/example_python_decorator.py took 0.058 seconds
[2024-04-26T12:49:33.297+0000] {processor.py:161} INFO - Started process (PID=1831) to work on /home/airflow/.local/lib/python3.12/site-packages/airflow/example_dags/example_python_decorator.py
[2024-04-26T12:49:33.298+0000] {processor.py:830} INFO - Processing file /home/airflow/.local/lib/python3.12/site-packages/airflow/example_dags/example_python_decorator.py for tasks to queue
[2024-04-26T12:49:33.299+0000] {logging_mixin.py:188} INFO - [2024-04-26T12:49:33.299+0000] {dagbag.py:540} INFO - Filling up the DagBag from /home/airflow/.local/lib/python3.12/site-packages/airflow/example_dags/example_python_decorator.py
[2024-04-26T12:49:33.312+0000] {processor.py:840} INFO - DAG(s) 'example_python_decorator' retrieved from /home/airflow/.local/lib/python3.12/site-packages/airflow/example_dags/example_python_decorator.py
[2024-04-26T12:49:33.332+0000] {logging_mixin.py:188} INFO - [2024-04-26T12:49:33.332+0000] {dag.py:3096} INFO - Sync 1 DAGs
[2024-04-26T12:49:33.345+0000] {logging_mixin.py:188} INFO - [2024-04-26T12:49:33.344+0000] {dag.py:3954} INFO - Setting next_dagrun for example_python_decorator to None, run_after=None
[2024-04-26T12:49:33.361+0000] {processor.py:183} INFO - Processing /home/airflow/.local/lib/python3.12/site-packages/airflow/example_dags/example_python_decorator.py took 0.070 seconds
[2024-04-26T12:50:04.177+0000] {processor.py:161} INFO - Started process (PID=2063) to work on /home/airflow/.local/lib/python3.12/site-packages/airflow/example_dags/example_python_decorator.py
[2024-04-26T12:50:04.177+0000] {processor.py:830} INFO - Processing file /home/airflow/.local/lib/python3.12/site-packages/airflow/example_dags/example_python_decorator.py for tasks to queue
[2024-04-26T12:50:04.179+0000] {logging_mixin.py:188} INFO - [2024-04-26T12:50:04.179+0000] {dagbag.py:540} INFO - Filling up the DagBag from /home/airflow/.local/lib/python3.12/site-packages/airflow/example_dags/example_python_decorator.py
[2024-04-26T12:50:04.189+0000] {processor.py:840} INFO - DAG(s) 'example_python_decorator' retrieved from /home/airflow/.local/lib/python3.12/site-packages/airflow/example_dags/example_python_decorator.py
[2024-04-26T12:50:04.207+0000] {logging_mixin.py:188} INFO - [2024-04-26T12:50:04.207+0000] {dag.py:3096} INFO - Sync 1 DAGs
[2024-04-26T12:50:04.217+0000] {logging_mixin.py:188} INFO - [2024-04-26T12:50:04.217+0000] {dag.py:3954} INFO - Setting next_dagrun for example_python_decorator to None, run_after=None
[2024-04-26T12:50:04.235+0000] {processor.py:183} INFO - Processing /home/airflow/.local/lib/python3.12/site-packages/airflow/example_dags/example_python_decorator.py took 0.063 seconds
[2024-04-26T12:50:34.426+0000] {processor.py:161} INFO - Started process (PID=2343) to work on /home/airflow/.local/lib/python3.12/site-packages/airflow/example_dags/example_python_decorator.py
[2024-04-26T12:50:34.427+0000] {processor.py:830} INFO - Processing file /home/airflow/.local/lib/python3.12/site-packages/airflow/example_dags/example_python_decorator.py for tasks to queue
[2024-04-26T12:50:34.429+0000] {logging_mixin.py:188} INFO - [2024-04-26T12:50:34.428+0000] {dagbag.py:540} INFO - Filling up the DagBag from /home/airflow/.local/lib/python3.12/site-packages/airflow/example_dags/example_python_decorator.py
[2024-04-26T12:50:34.440+0000] {processor.py:840} INFO - DAG(s) 'example_python_decorator' retrieved from /home/airflow/.local/lib/python3.12/site-packages/airflow/example_dags/example_python_decorator.py
[2024-04-26T12:50:34.460+0000] {logging_mixin.py:188} INFO - [2024-04-26T12:50:34.460+0000] {dag.py:3096} INFO - Sync 1 DAGs
[2024-04-26T12:50:34.474+0000] {logging_mixin.py:188} INFO - [2024-04-26T12:50:34.474+0000] {dag.py:3954} INFO - Setting next_dagrun for example_python_decorator to None, run_after=None
[2024-04-26T12:50:34.491+0000] {processor.py:183} INFO - Processing /home/airflow/.local/lib/python3.12/site-packages/airflow/example_dags/example_python_decorator.py took 0.070 seconds
[2024-04-26T12:51:04.743+0000] {processor.py:161} INFO - Started process (PID=2587) to work on /home/airflow/.local/lib/python3.12/site-packages/airflow/example_dags/example_python_decorator.py
[2024-04-26T12:51:04.744+0000] {processor.py:830} INFO - Processing file /home/airflow/.local/lib/python3.12/site-packages/airflow/example_dags/example_python_decorator.py for tasks to queue
[2024-04-26T12:51:04.747+0000] {logging_mixin.py:188} INFO - [2024-04-26T12:51:04.746+0000] {dagbag.py:540} INFO - Filling up the DagBag from /home/airflow/.local/lib/python3.12/site-packages/airflow/example_dags/example_python_decorator.py
[2024-04-26T12:51:04.766+0000] {processor.py:840} INFO - DAG(s) 'example_python_decorator' retrieved from /home/airflow/.local/lib/python3.12/site-packages/airflow/example_dags/example_python_decorator.py
[2024-04-26T12:51:04.794+0000] {logging_mixin.py:188} INFO - [2024-04-26T12:51:04.794+0000] {dag.py:3096} INFO - Sync 1 DAGs
[2024-04-26T12:51:04.811+0000] {logging_mixin.py:188} INFO - [2024-04-26T12:51:04.810+0000] {dag.py:3954} INFO - Setting next_dagrun for example_python_decorator to None, run_after=None
[2024-04-26T12:51:04.839+0000] {processor.py:183} INFO - Processing /home/airflow/.local/lib/python3.12/site-packages/airflow/example_dags/example_python_decorator.py took 0.102 seconds
[2024-04-26T12:51:35.174+0000] {processor.py:161} INFO - Started process (PID=2823) to work on /home/airflow/.local/lib/python3.12/site-packages/airflow/example_dags/example_python_decorator.py
[2024-04-26T12:51:35.175+0000] {processor.py:830} INFO - Processing file /home/airflow/.local/lib/python3.12/site-packages/airflow/example_dags/example_python_decorator.py for tasks to queue
[2024-04-26T12:51:35.176+0000] {logging_mixin.py:188} INFO - [2024-04-26T12:51:35.176+0000] {dagbag.py:540} INFO - Filling up the DagBag from /home/airflow/.local/lib/python3.12/site-packages/airflow/example_dags/example_python_decorator.py
[2024-04-26T12:51:35.188+0000] {processor.py:840} INFO - DAG(s) 'example_python_decorator' retrieved from /home/airflow/.local/lib/python3.12/site-packages/airflow/example_dags/example_python_decorator.py
[2024-04-26T12:51:35.209+0000] {logging_mixin.py:188} INFO - [2024-04-26T12:51:35.209+0000] {dag.py:3096} INFO - Sync 1 DAGs
[2024-04-26T12:51:35.219+0000] {logging_mixin.py:188} INFO - [2024-04-26T12:51:35.219+0000] {dag.py:3954} INFO - Setting next_dagrun for example_python_decorator to None, run_after=None
[2024-04-26T12:51:35.234+0000] {processor.py:183} INFO - Processing /home/airflow/.local/lib/python3.12/site-packages/airflow/example_dags/example_python_decorator.py took 0.065 seconds
[2024-04-26T12:52:05.508+0000] {processor.py:161} INFO - Started process (PID=3067) to work on /home/airflow/.local/lib/python3.12/site-packages/airflow/example_dags/example_python_decorator.py
[2024-04-26T12:52:05.509+0000] {processor.py:830} INFO - Processing file /home/airflow/.local/lib/python3.12/site-packages/airflow/example_dags/example_python_decorator.py for tasks to queue
[2024-04-26T12:52:05.510+0000] {logging_mixin.py:188} INFO - [2024-04-26T12:52:05.510+0000] {dagbag.py:540} INFO - Filling up the DagBag from /home/airflow/.local/lib/python3.12/site-packages/airflow/example_dags/example_python_decorator.py
[2024-04-26T12:52:05.524+0000] {processor.py:840} INFO - DAG(s) 'example_python_decorator' retrieved from /home/airflow/.local/lib/python3.12/site-packages/airflow/example_dags/example_python_decorator.py
[2024-04-26T12:52:05.545+0000] {logging_mixin.py:188} INFO - [2024-04-26T12:52:05.545+0000] {dag.py:3096} INFO - Sync 1 DAGs
[2024-04-26T12:52:05.558+0000] {logging_mixin.py:188} INFO - [2024-04-26T12:52:05.558+0000] {dag.py:3954} INFO - Setting next_dagrun for example_python_decorator to None, run_after=None
[2024-04-26T12:52:05.576+0000] {processor.py:183} INFO - Processing /home/airflow/.local/lib/python3.12/site-packages/airflow/example_dags/example_python_decorator.py took 0.074 seconds
[2024-04-26T12:52:36.591+0000] {processor.py:161} INFO - Started process (PID=3327) to work on /home/airflow/.local/lib/python3.12/site-packages/airflow/example_dags/example_python_decorator.py
[2024-04-26T12:52:36.592+0000] {processor.py:830} INFO - Processing file /home/airflow/.local/lib/python3.12/site-packages/airflow/example_dags/example_python_decorator.py for tasks to queue
[2024-04-26T12:52:36.594+0000] {logging_mixin.py:188} INFO - [2024-04-26T12:52:36.594+0000] {dagbag.py:540} INFO - Filling up the DagBag from /home/airflow/.local/lib/python3.12/site-packages/airflow/example_dags/example_python_decorator.py
[2024-04-26T12:52:36.607+0000] {processor.py:840} INFO - DAG(s) 'example_python_decorator' retrieved from /home/airflow/.local/lib/python3.12/site-packages/airflow/example_dags/example_python_decorator.py
[2024-04-26T12:52:36.629+0000] {logging_mixin.py:188} INFO - [2024-04-26T12:52:36.629+0000] {dag.py:3096} INFO - Sync 1 DAGs
[2024-04-26T12:52:36.641+0000] {logging_mixin.py:188} INFO - [2024-04-26T12:52:36.641+0000] {dag.py:3954} INFO - Setting next_dagrun for example_python_decorator to None, run_after=None
[2024-04-26T12:52:36.660+0000] {processor.py:183} INFO - Processing /home/airflow/.local/lib/python3.12/site-packages/airflow/example_dags/example_python_decorator.py took 0.075 seconds
[2024-04-26T12:53:07.091+0000] {processor.py:161} INFO - Started process (PID=3579) to work on /home/airflow/.local/lib/python3.12/site-packages/airflow/example_dags/example_python_decorator.py
[2024-04-26T12:53:07.092+0000] {processor.py:830} INFO - Processing file /home/airflow/.local/lib/python3.12/site-packages/airflow/example_dags/example_python_decorator.py for tasks to queue
[2024-04-26T12:53:07.094+0000] {logging_mixin.py:188} INFO - [2024-04-26T12:53:07.094+0000] {dagbag.py:540} INFO - Filling up the DagBag from /home/airflow/.local/lib/python3.12/site-packages/airflow/example_dags/example_python_decorator.py
[2024-04-26T12:53:07.107+0000] {processor.py:840} INFO - DAG(s) 'example_python_decorator' retrieved from /home/airflow/.local/lib/python3.12/site-packages/airflow/example_dags/example_python_decorator.py
[2024-04-26T12:53:07.127+0000] {logging_mixin.py:188} INFO - [2024-04-26T12:53:07.126+0000] {dag.py:3096} INFO - Sync 1 DAGs
[2024-04-26T12:53:07.137+0000] {logging_mixin.py:188} INFO - [2024-04-26T12:53:07.137+0000] {dag.py:3954} INFO - Setting next_dagrun for example_python_decorator to None, run_after=None
[2024-04-26T12:53:07.153+0000] {processor.py:183} INFO - Processing /home/airflow/.local/lib/python3.12/site-packages/airflow/example_dags/example_python_decorator.py took 0.066 seconds
[2024-04-26T12:53:38.080+0000] {processor.py:161} INFO - Started process (PID=3807) to work on /home/airflow/.local/lib/python3.12/site-packages/airflow/example_dags/example_python_decorator.py
[2024-04-26T12:53:38.080+0000] {processor.py:830} INFO - Processing file /home/airflow/.local/lib/python3.12/site-packages/airflow/example_dags/example_python_decorator.py for tasks to queue
[2024-04-26T12:53:38.082+0000] {logging_mixin.py:188} INFO - [2024-04-26T12:53:38.082+0000] {dagbag.py:540} INFO - Filling up the DagBag from /home/airflow/.local/lib/python3.12/site-packages/airflow/example_dags/example_python_decorator.py
[2024-04-26T12:53:38.092+0000] {processor.py:840} INFO - DAG(s) 'example_python_decorator' retrieved from /home/airflow/.local/lib/python3.12/site-packages/airflow/example_dags/example_python_decorator.py
[2024-04-26T12:53:38.110+0000] {logging_mixin.py:188} INFO - [2024-04-26T12:53:38.110+0000] {dag.py:3096} INFO - Sync 1 DAGs
[2024-04-26T12:53:38.120+0000] {logging_mixin.py:188} INFO - [2024-04-26T12:53:38.120+0000] {dag.py:3954} INFO - Setting next_dagrun for example_python_decorator to None, run_after=None
[2024-04-26T12:53:38.135+0000] {processor.py:183} INFO - Processing /home/airflow/.local/lib/python3.12/site-packages/airflow/example_dags/example_python_decorator.py took 0.060 seconds
[2024-04-26T12:54:08.504+0000] {processor.py:161} INFO - Started process (PID=3871) to work on /home/airflow/.local/lib/python3.12/site-packages/airflow/example_dags/example_python_decorator.py
[2024-04-26T12:54:08.505+0000] {processor.py:830} INFO - Processing file /home/airflow/.local/lib/python3.12/site-packages/airflow/example_dags/example_python_decorator.py for tasks to queue
[2024-04-26T12:54:08.507+0000] {logging_mixin.py:188} INFO - [2024-04-26T12:54:08.507+0000] {dagbag.py:540} INFO - Filling up the DagBag from /home/airflow/.local/lib/python3.12/site-packages/airflow/example_dags/example_python_decorator.py
[2024-04-26T12:54:08.518+0000] {processor.py:840} INFO - DAG(s) 'example_python_decorator' retrieved from /home/airflow/.local/lib/python3.12/site-packages/airflow/example_dags/example_python_decorator.py
[2024-04-26T12:54:08.536+0000] {logging_mixin.py:188} INFO - [2024-04-26T12:54:08.535+0000] {dag.py:3096} INFO - Sync 1 DAGs
[2024-04-26T12:54:08.545+0000] {logging_mixin.py:188} INFO - [2024-04-26T12:54:08.545+0000] {dag.py:3954} INFO - Setting next_dagrun for example_python_decorator to None, run_after=None
[2024-04-26T12:54:08.559+0000] {processor.py:183} INFO - Processing /home/airflow/.local/lib/python3.12/site-packages/airflow/example_dags/example_python_decorator.py took 0.060 seconds
[2024-04-26T12:54:38.802+0000] {processor.py:161} INFO - Started process (PID=3931) to work on /home/airflow/.local/lib/python3.12/site-packages/airflow/example_dags/example_python_decorator.py
[2024-04-26T12:54:38.803+0000] {processor.py:830} INFO - Processing file /home/airflow/.local/lib/python3.12/site-packages/airflow/example_dags/example_python_decorator.py for tasks to queue
[2024-04-26T12:54:38.805+0000] {logging_mixin.py:188} INFO - [2024-04-26T12:54:38.805+0000] {dagbag.py:540} INFO - Filling up the DagBag from /home/airflow/.local/lib/python3.12/site-packages/airflow/example_dags/example_python_decorator.py
[2024-04-26T12:54:38.815+0000] {processor.py:840} INFO - DAG(s) 'example_python_decorator' retrieved from /home/airflow/.local/lib/python3.12/site-packages/airflow/example_dags/example_python_decorator.py
[2024-04-26T12:54:38.833+0000] {logging_mixin.py:188} INFO - [2024-04-26T12:54:38.833+0000] {dag.py:3096} INFO - Sync 1 DAGs
[2024-04-26T12:54:38.842+0000] {logging_mixin.py:188} INFO - [2024-04-26T12:54:38.842+0000] {dag.py:3954} INFO - Setting next_dagrun for example_python_decorator to None, run_after=None
[2024-04-26T12:54:38.857+0000] {processor.py:183} INFO - Processing /home/airflow/.local/lib/python3.12/site-packages/airflow/example_dags/example_python_decorator.py took 0.059 seconds
[2024-04-26T12:55:09.357+0000] {processor.py:161} INFO - Started process (PID=3991) to work on /home/airflow/.local/lib/python3.12/site-packages/airflow/example_dags/example_python_decorator.py
[2024-04-26T12:55:09.358+0000] {processor.py:830} INFO - Processing file /home/airflow/.local/lib/python3.12/site-packages/airflow/example_dags/example_python_decorator.py for tasks to queue
[2024-04-26T12:55:09.360+0000] {logging_mixin.py:188} INFO - [2024-04-26T12:55:09.360+0000] {dagbag.py:540} INFO - Filling up the DagBag from /home/airflow/.local/lib/python3.12/site-packages/airflow/example_dags/example_python_decorator.py
[2024-04-26T12:55:09.370+0000] {processor.py:840} INFO - DAG(s) 'example_python_decorator' retrieved from /home/airflow/.local/lib/python3.12/site-packages/airflow/example_dags/example_python_decorator.py
[2024-04-26T12:55:09.391+0000] {logging_mixin.py:188} INFO - [2024-04-26T12:55:09.390+0000] {dag.py:3096} INFO - Sync 1 DAGs
[2024-04-26T12:55:09.402+0000] {logging_mixin.py:188} INFO - [2024-04-26T12:55:09.402+0000] {dag.py:3954} INFO - Setting next_dagrun for example_python_decorator to None, run_after=None
[2024-04-26T12:55:09.418+0000] {processor.py:183} INFO - Processing /home/airflow/.local/lib/python3.12/site-packages/airflow/example_dags/example_python_decorator.py took 0.066 seconds
[2024-04-26T12:55:39.838+0000] {processor.py:161} INFO - Started process (PID=4051) to work on /home/airflow/.local/lib/python3.12/site-packages/airflow/example_dags/example_python_decorator.py
[2024-04-26T12:55:39.838+0000] {processor.py:830} INFO - Processing file /home/airflow/.local/lib/python3.12/site-packages/airflow/example_dags/example_python_decorator.py for tasks to queue
[2024-04-26T12:55:39.840+0000] {logging_mixin.py:188} INFO - [2024-04-26T12:55:39.840+0000] {dagbag.py:540} INFO - Filling up the DagBag from /home/airflow/.local/lib/python3.12/site-packages/airflow/example_dags/example_python_decorator.py
[2024-04-26T12:55:39.851+0000] {processor.py:840} INFO - DAG(s) 'example_python_decorator' retrieved from /home/airflow/.local/lib/python3.12/site-packages/airflow/example_dags/example_python_decorator.py
[2024-04-26T12:55:39.870+0000] {logging_mixin.py:188} INFO - [2024-04-26T12:55:39.870+0000] {dag.py:3096} INFO - Sync 1 DAGs
[2024-04-26T12:55:39.881+0000] {logging_mixin.py:188} INFO - [2024-04-26T12:55:39.881+0000] {dag.py:3954} INFO - Setting next_dagrun for example_python_decorator to None, run_after=None
[2024-04-26T12:55:39.897+0000] {processor.py:183} INFO - Processing /home/airflow/.local/lib/python3.12/site-packages/airflow/example_dags/example_python_decorator.py took 0.064 seconds
[2024-04-26T12:56:10.282+0000] {processor.py:161} INFO - Started process (PID=4115) to work on /home/airflow/.local/lib/python3.12/site-packages/airflow/example_dags/example_python_decorator.py
[2024-04-26T12:56:10.283+0000] {processor.py:830} INFO - Processing file /home/airflow/.local/lib/python3.12/site-packages/airflow/example_dags/example_python_decorator.py for tasks to queue
[2024-04-26T12:56:10.284+0000] {logging_mixin.py:188} INFO - [2024-04-26T12:56:10.284+0000] {dagbag.py:540} INFO - Filling up the DagBag from /home/airflow/.local/lib/python3.12/site-packages/airflow/example_dags/example_python_decorator.py
[2024-04-26T12:56:10.294+0000] {processor.py:840} INFO - DAG(s) 'example_python_decorator' retrieved from /home/airflow/.local/lib/python3.12/site-packages/airflow/example_dags/example_python_decorator.py
[2024-04-26T12:56:10.314+0000] {logging_mixin.py:188} INFO - [2024-04-26T12:56:10.313+0000] {dag.py:3096} INFO - Sync 1 DAGs
[2024-04-26T12:56:10.324+0000] {logging_mixin.py:188} INFO - [2024-04-26T12:56:10.324+0000] {dag.py:3954} INFO - Setting next_dagrun for example_python_decorator to None, run_after=None
[2024-04-26T12:56:10.340+0000] {processor.py:183} INFO - Processing /home/airflow/.local/lib/python3.12/site-packages/airflow/example_dags/example_python_decorator.py took 0.063 seconds
[2024-04-26T12:56:40.696+0000] {processor.py:161} INFO - Started process (PID=4175) to work on /home/airflow/.local/lib/python3.12/site-packages/airflow/example_dags/example_python_decorator.py
[2024-04-26T12:56:40.697+0000] {processor.py:830} INFO - Processing file /home/airflow/.local/lib/python3.12/site-packages/airflow/example_dags/example_python_decorator.py for tasks to queue
[2024-04-26T12:56:40.699+0000] {logging_mixin.py:188} INFO - [2024-04-26T12:56:40.698+0000] {dagbag.py:540} INFO - Filling up the DagBag from /home/airflow/.local/lib/python3.12/site-packages/airflow/example_dags/example_python_decorator.py
[2024-04-26T12:56:40.709+0000] {processor.py:840} INFO - DAG(s) 'example_python_decorator' retrieved from /home/airflow/.local/lib/python3.12/site-packages/airflow/example_dags/example_python_decorator.py
[2024-04-26T12:56:40.728+0000] {logging_mixin.py:188} INFO - [2024-04-26T12:56:40.727+0000] {dag.py:3096} INFO - Sync 1 DAGs
[2024-04-26T12:56:40.738+0000] {logging_mixin.py:188} INFO - [2024-04-26T12:56:40.737+0000] {dag.py:3954} INFO - Setting next_dagrun for example_python_decorator to None, run_after=None
[2024-04-26T12:56:40.753+0000] {processor.py:183} INFO - Processing /home/airflow/.local/lib/python3.12/site-packages/airflow/example_dags/example_python_decorator.py took 0.062 seconds
[2024-04-26T12:57:11.164+0000] {processor.py:161} INFO - Started process (PID=4235) to work on /home/airflow/.local/lib/python3.12/site-packages/airflow/example_dags/example_python_decorator.py
[2024-04-26T12:57:11.165+0000] {processor.py:830} INFO - Processing file /home/airflow/.local/lib/python3.12/site-packages/airflow/example_dags/example_python_decorator.py for tasks to queue
[2024-04-26T12:57:11.166+0000] {logging_mixin.py:188} INFO - [2024-04-26T12:57:11.166+0000] {dagbag.py:540} INFO - Filling up the DagBag from /home/airflow/.local/lib/python3.12/site-packages/airflow/example_dags/example_python_decorator.py
[2024-04-26T12:57:11.176+0000] {processor.py:840} INFO - DAG(s) 'example_python_decorator' retrieved from /home/airflow/.local/lib/python3.12/site-packages/airflow/example_dags/example_python_decorator.py
[2024-04-26T12:57:11.196+0000] {logging_mixin.py:188} INFO - [2024-04-26T12:57:11.195+0000] {dag.py:3096} INFO - Sync 1 DAGs
[2024-04-26T12:57:11.206+0000] {logging_mixin.py:188} INFO - [2024-04-26T12:57:11.206+0000] {dag.py:3954} INFO - Setting next_dagrun for example_python_decorator to None, run_after=None
[2024-04-26T12:57:11.223+0000] {processor.py:183} INFO - Processing /home/airflow/.local/lib/python3.12/site-packages/airflow/example_dags/example_python_decorator.py took 0.063 seconds
[2024-04-26T12:57:41.501+0000] {processor.py:161} INFO - Started process (PID=4295) to work on /home/airflow/.local/lib/python3.12/site-packages/airflow/example_dags/example_python_decorator.py
[2024-04-26T12:57:41.502+0000] {processor.py:830} INFO - Processing file /home/airflow/.local/lib/python3.12/site-packages/airflow/example_dags/example_python_decorator.py for tasks to queue
[2024-04-26T12:57:41.503+0000] {logging_mixin.py:188} INFO - [2024-04-26T12:57:41.503+0000] {dagbag.py:540} INFO - Filling up the DagBag from /home/airflow/.local/lib/python3.12/site-packages/airflow/example_dags/example_python_decorator.py
[2024-04-26T12:57:41.513+0000] {processor.py:840} INFO - DAG(s) 'example_python_decorator' retrieved from /home/airflow/.local/lib/python3.12/site-packages/airflow/example_dags/example_python_decorator.py
[2024-04-26T12:57:41.531+0000] {logging_mixin.py:188} INFO - [2024-04-26T12:57:41.531+0000] {dag.py:3096} INFO - Sync 1 DAGs
[2024-04-26T12:57:41.542+0000] {logging_mixin.py:188} INFO - [2024-04-26T12:57:41.542+0000] {dag.py:3954} INFO - Setting next_dagrun for example_python_decorator to None, run_after=None
[2024-04-26T12:57:41.558+0000] {processor.py:183} INFO - Processing /home/airflow/.local/lib/python3.12/site-packages/airflow/example_dags/example_python_decorator.py took 0.062 seconds
[2024-04-26T12:58:11.841+0000] {processor.py:161} INFO - Started process (PID=4359) to work on /home/airflow/.local/lib/python3.12/site-packages/airflow/example_dags/example_python_decorator.py
[2024-04-26T12:58:11.841+0000] {processor.py:830} INFO - Processing file /home/airflow/.local/lib/python3.12/site-packages/airflow/example_dags/example_python_decorator.py for tasks to queue
[2024-04-26T12:58:11.843+0000] {logging_mixin.py:188} INFO - [2024-04-26T12:58:11.843+0000] {dagbag.py:540} INFO - Filling up the DagBag from /home/airflow/.local/lib/python3.12/site-packages/airflow/example_dags/example_python_decorator.py
[2024-04-26T12:58:11.853+0000] {processor.py:840} INFO - DAG(s) 'example_python_decorator' retrieved from /home/airflow/.local/lib/python3.12/site-packages/airflow/example_dags/example_python_decorator.py
[2024-04-26T12:58:11.873+0000] {logging_mixin.py:188} INFO - [2024-04-26T12:58:11.873+0000] {dag.py:3096} INFO - Sync 1 DAGs
[2024-04-26T12:58:11.883+0000] {logging_mixin.py:188} INFO - [2024-04-26T12:58:11.882+0000] {dag.py:3954} INFO - Setting next_dagrun for example_python_decorator to None, run_after=None
[2024-04-26T12:58:11.900+0000] {processor.py:183} INFO - Processing /home/airflow/.local/lib/python3.12/site-packages/airflow/example_dags/example_python_decorator.py took 0.064 seconds
