[2024-04-26T12:34:46.802+0000] {processor.py:161} INFO - Started process (PID=81) to work on /home/airflow/.local/lib/python3.12/site-packages/airflow/example_dags/example_nested_branch_dag.py
[2024-04-26T12:34:46.803+0000] {processor.py:830} INFO - Processing file /home/airflow/.local/lib/python3.12/site-packages/airflow/example_dags/example_nested_branch_dag.py for tasks to queue
[2024-04-26T12:34:46.804+0000] {logging_mixin.py:188} INFO - [2024-04-26T12:34:46.804+0000] {dagbag.py:540} INFO - Filling up the DagBag from /home/airflow/.local/lib/python3.12/site-packages/airflow/example_dags/example_nested_branch_dag.py
[2024-04-26T12:34:46.813+0000] {processor.py:840} INFO - DAG(s) 'example_nested_branch_dag' retrieved from /home/airflow/.local/lib/python3.12/site-packages/airflow/example_dags/example_nested_branch_dag.py
[2024-04-26T12:34:46.895+0000] {logging_mixin.py:188} INFO - [2024-04-26T12:34:46.894+0000] {override.py:1829} INFO - Created Permission View: can delete on DAG:example_nested_branch_dag
[2024-04-26T12:34:46.903+0000] {logging_mixin.py:188} INFO - [2024-04-26T12:34:46.903+0000] {override.py:1829} INFO - Created Permission View: can edit on DAG:example_nested_branch_dag
[2024-04-26T12:34:46.909+0000] {logging_mixin.py:188} INFO - [2024-04-26T12:34:46.908+0000] {override.py:1829} INFO - Created Permission View: can read on DAG:example_nested_branch_dag
[2024-04-26T12:34:46.909+0000] {logging_mixin.py:188} INFO - [2024-04-26T12:34:46.909+0000] {dag.py:3096} INFO - Sync 1 DAGs
[2024-04-26T12:34:46.918+0000] {logging_mixin.py:188} INFO - [2024-04-26T12:34:46.918+0000] {dag.py:3118} INFO - Creating ORM DAG for example_nested_branch_dag
[2024-04-26T12:34:46.926+0000] {logging_mixin.py:188} INFO - [2024-04-26T12:34:46.926+0000] {dag.py:3954} INFO - Setting next_dagrun for example_nested_branch_dag to 2024-04-25 00:00:00+00:00, run_after=2024-04-26 00:00:00+00:00
[2024-04-26T12:34:46.939+0000] {processor.py:183} INFO - Processing /home/airflow/.local/lib/python3.12/site-packages/airflow/example_dags/example_nested_branch_dag.py took 0.142 seconds
[2024-04-26T12:35:17.775+0000] {processor.py:161} INFO - Started process (PID=139) to work on /home/airflow/.local/lib/python3.12/site-packages/airflow/example_dags/example_nested_branch_dag.py
[2024-04-26T12:35:17.776+0000] {processor.py:830} INFO - Processing file /home/airflow/.local/lib/python3.12/site-packages/airflow/example_dags/example_nested_branch_dag.py for tasks to queue
[2024-04-26T12:35:17.777+0000] {logging_mixin.py:188} INFO - [2024-04-26T12:35:17.777+0000] {dagbag.py:540} INFO - Filling up the DagBag from /home/airflow/.local/lib/python3.12/site-packages/airflow/example_dags/example_nested_branch_dag.py
[2024-04-26T12:35:17.785+0000] {processor.py:840} INFO - DAG(s) 'example_nested_branch_dag' retrieved from /home/airflow/.local/lib/python3.12/site-packages/airflow/example_dags/example_nested_branch_dag.py
[2024-04-26T12:35:17.800+0000] {logging_mixin.py:188} INFO - [2024-04-26T12:35:17.800+0000] {dag.py:3096} INFO - Sync 1 DAGs
[2024-04-26T12:35:17.815+0000] {logging_mixin.py:188} INFO - [2024-04-26T12:35:17.815+0000] {dag.py:3954} INFO - Setting next_dagrun for example_nested_branch_dag to 2024-04-25 00:00:00+00:00, run_after=2024-04-26 00:00:00+00:00
[2024-04-26T12:35:17.831+0000] {processor.py:183} INFO - Processing /home/airflow/.local/lib/python3.12/site-packages/airflow/example_dags/example_nested_branch_dag.py took 0.060 seconds
[2024-04-26T12:35:47.867+0000] {processor.py:161} INFO - Started process (PID=197) to work on /home/airflow/.local/lib/python3.12/site-packages/airflow/example_dags/example_nested_branch_dag.py
[2024-04-26T12:35:47.868+0000] {processor.py:830} INFO - Processing file /home/airflow/.local/lib/python3.12/site-packages/airflow/example_dags/example_nested_branch_dag.py for tasks to queue
[2024-04-26T12:35:47.870+0000] {logging_mixin.py:188} INFO - [2024-04-26T12:35:47.870+0000] {dagbag.py:540} INFO - Filling up the DagBag from /home/airflow/.local/lib/python3.12/site-packages/airflow/example_dags/example_nested_branch_dag.py
[2024-04-26T12:35:47.878+0000] {processor.py:840} INFO - DAG(s) 'example_nested_branch_dag' retrieved from /home/airflow/.local/lib/python3.12/site-packages/airflow/example_dags/example_nested_branch_dag.py
[2024-04-26T12:35:47.894+0000] {logging_mixin.py:188} INFO - [2024-04-26T12:35:47.894+0000] {dag.py:3096} INFO - Sync 1 DAGs
[2024-04-26T12:35:47.912+0000] {logging_mixin.py:188} INFO - [2024-04-26T12:35:47.912+0000] {dag.py:3954} INFO - Setting next_dagrun for example_nested_branch_dag to 2024-04-25 00:00:00+00:00, run_after=2024-04-26 00:00:00+00:00
[2024-04-26T12:35:47.926+0000] {processor.py:183} INFO - Processing /home/airflow/.local/lib/python3.12/site-packages/airflow/example_dags/example_nested_branch_dag.py took 0.063 seconds
[2024-04-26T12:36:18.617+0000] {processor.py:161} INFO - Started process (PID=255) to work on /home/airflow/.local/lib/python3.12/site-packages/airflow/example_dags/example_nested_branch_dag.py
[2024-04-26T12:36:18.618+0000] {processor.py:830} INFO - Processing file /home/airflow/.local/lib/python3.12/site-packages/airflow/example_dags/example_nested_branch_dag.py for tasks to queue
[2024-04-26T12:36:18.620+0000] {logging_mixin.py:188} INFO - [2024-04-26T12:36:18.620+0000] {dagbag.py:540} INFO - Filling up the DagBag from /home/airflow/.local/lib/python3.12/site-packages/airflow/example_dags/example_nested_branch_dag.py
[2024-04-26T12:36:18.628+0000] {processor.py:840} INFO - DAG(s) 'example_nested_branch_dag' retrieved from /home/airflow/.local/lib/python3.12/site-packages/airflow/example_dags/example_nested_branch_dag.py
[2024-04-26T12:36:18.645+0000] {logging_mixin.py:188} INFO - [2024-04-26T12:36:18.644+0000] {dag.py:3096} INFO - Sync 1 DAGs
[2024-04-26T12:36:18.662+0000] {logging_mixin.py:188} INFO - [2024-04-26T12:36:18.662+0000] {dag.py:3954} INFO - Setting next_dagrun for example_nested_branch_dag to 2024-04-25 00:00:00+00:00, run_after=2024-04-26 00:00:00+00:00
[2024-04-26T12:36:18.675+0000] {processor.py:183} INFO - Processing /home/airflow/.local/lib/python3.12/site-packages/airflow/example_dags/example_nested_branch_dag.py took 0.062 seconds
[2024-04-26T12:36:48.961+0000] {processor.py:161} INFO - Started process (PID=313) to work on /home/airflow/.local/lib/python3.12/site-packages/airflow/example_dags/example_nested_branch_dag.py
[2024-04-26T12:36:48.962+0000] {processor.py:830} INFO - Processing file /home/airflow/.local/lib/python3.12/site-packages/airflow/example_dags/example_nested_branch_dag.py for tasks to queue
[2024-04-26T12:36:48.964+0000] {logging_mixin.py:188} INFO - [2024-04-26T12:36:48.963+0000] {dagbag.py:540} INFO - Filling up the DagBag from /home/airflow/.local/lib/python3.12/site-packages/airflow/example_dags/example_nested_branch_dag.py
[2024-04-26T12:36:48.971+0000] {processor.py:840} INFO - DAG(s) 'example_nested_branch_dag' retrieved from /home/airflow/.local/lib/python3.12/site-packages/airflow/example_dags/example_nested_branch_dag.py
[2024-04-26T12:36:48.988+0000] {logging_mixin.py:188} INFO - [2024-04-26T12:36:48.988+0000] {dag.py:3096} INFO - Sync 1 DAGs
[2024-04-26T12:36:49.005+0000] {logging_mixin.py:188} INFO - [2024-04-26T12:36:49.005+0000] {dag.py:3954} INFO - Setting next_dagrun for example_nested_branch_dag to 2024-04-25 00:00:00+00:00, run_after=2024-04-26 00:00:00+00:00
[2024-04-26T12:36:49.021+0000] {processor.py:183} INFO - Processing /home/airflow/.local/lib/python3.12/site-packages/airflow/example_dags/example_nested_branch_dag.py took 0.065 seconds
[2024-04-26T12:37:19.364+0000] {processor.py:161} INFO - Started process (PID=371) to work on /home/airflow/.local/lib/python3.12/site-packages/airflow/example_dags/example_nested_branch_dag.py
[2024-04-26T12:37:19.365+0000] {processor.py:830} INFO - Processing file /home/airflow/.local/lib/python3.12/site-packages/airflow/example_dags/example_nested_branch_dag.py for tasks to queue
[2024-04-26T12:37:19.367+0000] {logging_mixin.py:188} INFO - [2024-04-26T12:37:19.367+0000] {dagbag.py:540} INFO - Filling up the DagBag from /home/airflow/.local/lib/python3.12/site-packages/airflow/example_dags/example_nested_branch_dag.py
[2024-04-26T12:37:19.375+0000] {processor.py:840} INFO - DAG(s) 'example_nested_branch_dag' retrieved from /home/airflow/.local/lib/python3.12/site-packages/airflow/example_dags/example_nested_branch_dag.py
[2024-04-26T12:37:19.392+0000] {logging_mixin.py:188} INFO - [2024-04-26T12:37:19.392+0000] {dag.py:3096} INFO - Sync 1 DAGs
[2024-04-26T12:37:19.409+0000] {logging_mixin.py:188} INFO - [2024-04-26T12:37:19.409+0000] {dag.py:3954} INFO - Setting next_dagrun for example_nested_branch_dag to 2024-04-25 00:00:00+00:00, run_after=2024-04-26 00:00:00+00:00
[2024-04-26T12:37:19.424+0000] {processor.py:183} INFO - Processing /home/airflow/.local/lib/python3.12/site-packages/airflow/example_dags/example_nested_branch_dag.py took 0.064 seconds
[2024-04-26T12:37:49.816+0000] {processor.py:161} INFO - Started process (PID=429) to work on /home/airflow/.local/lib/python3.12/site-packages/airflow/example_dags/example_nested_branch_dag.py
[2024-04-26T12:37:49.817+0000] {processor.py:830} INFO - Processing file /home/airflow/.local/lib/python3.12/site-packages/airflow/example_dags/example_nested_branch_dag.py for tasks to queue
[2024-04-26T12:37:49.818+0000] {logging_mixin.py:188} INFO - [2024-04-26T12:37:49.818+0000] {dagbag.py:540} INFO - Filling up the DagBag from /home/airflow/.local/lib/python3.12/site-packages/airflow/example_dags/example_nested_branch_dag.py
[2024-04-26T12:37:49.826+0000] {processor.py:840} INFO - DAG(s) 'example_nested_branch_dag' retrieved from /home/airflow/.local/lib/python3.12/site-packages/airflow/example_dags/example_nested_branch_dag.py
[2024-04-26T12:37:49.842+0000] {logging_mixin.py:188} INFO - [2024-04-26T12:37:49.842+0000] {dag.py:3096} INFO - Sync 1 DAGs
[2024-04-26T12:37:49.859+0000] {logging_mixin.py:188} INFO - [2024-04-26T12:37:49.859+0000] {dag.py:3954} INFO - Setting next_dagrun for example_nested_branch_dag to 2024-04-25 00:00:00+00:00, run_after=2024-04-26 00:00:00+00:00
[2024-04-26T12:37:49.874+0000] {processor.py:183} INFO - Processing /home/airflow/.local/lib/python3.12/site-packages/airflow/example_dags/example_nested_branch_dag.py took 0.062 seconds
[2024-04-26T12:38:20.184+0000] {processor.py:161} INFO - Started process (PID=487) to work on /home/airflow/.local/lib/python3.12/site-packages/airflow/example_dags/example_nested_branch_dag.py
[2024-04-26T12:38:20.185+0000] {processor.py:830} INFO - Processing file /home/airflow/.local/lib/python3.12/site-packages/airflow/example_dags/example_nested_branch_dag.py for tasks to queue
[2024-04-26T12:38:20.186+0000] {logging_mixin.py:188} INFO - [2024-04-26T12:38:20.186+0000] {dagbag.py:540} INFO - Filling up the DagBag from /home/airflow/.local/lib/python3.12/site-packages/airflow/example_dags/example_nested_branch_dag.py
[2024-04-26T12:38:20.194+0000] {processor.py:840} INFO - DAG(s) 'example_nested_branch_dag' retrieved from /home/airflow/.local/lib/python3.12/site-packages/airflow/example_dags/example_nested_branch_dag.py
[2024-04-26T12:38:20.210+0000] {logging_mixin.py:188} INFO - [2024-04-26T12:38:20.210+0000] {dag.py:3096} INFO - Sync 1 DAGs
[2024-04-26T12:38:20.227+0000] {logging_mixin.py:188} INFO - [2024-04-26T12:38:20.226+0000] {dag.py:3954} INFO - Setting next_dagrun for example_nested_branch_dag to 2024-04-25 00:00:00+00:00, run_after=2024-04-26 00:00:00+00:00
[2024-04-26T12:38:20.241+0000] {processor.py:183} INFO - Processing /home/airflow/.local/lib/python3.12/site-packages/airflow/example_dags/example_nested_branch_dag.py took 0.061 seconds
[2024-04-26T12:38:50.603+0000] {processor.py:161} INFO - Started process (PID=545) to work on /home/airflow/.local/lib/python3.12/site-packages/airflow/example_dags/example_nested_branch_dag.py
[2024-04-26T12:38:50.604+0000] {processor.py:830} INFO - Processing file /home/airflow/.local/lib/python3.12/site-packages/airflow/example_dags/example_nested_branch_dag.py for tasks to queue
[2024-04-26T12:38:50.606+0000] {logging_mixin.py:188} INFO - [2024-04-26T12:38:50.605+0000] {dagbag.py:540} INFO - Filling up the DagBag from /home/airflow/.local/lib/python3.12/site-packages/airflow/example_dags/example_nested_branch_dag.py
[2024-04-26T12:38:50.613+0000] {processor.py:840} INFO - DAG(s) 'example_nested_branch_dag' retrieved from /home/airflow/.local/lib/python3.12/site-packages/airflow/example_dags/example_nested_branch_dag.py
[2024-04-26T12:38:50.629+0000] {logging_mixin.py:188} INFO - [2024-04-26T12:38:50.629+0000] {dag.py:3096} INFO - Sync 1 DAGs
[2024-04-26T12:38:50.647+0000] {logging_mixin.py:188} INFO - [2024-04-26T12:38:50.646+0000] {dag.py:3954} INFO - Setting next_dagrun for example_nested_branch_dag to 2024-04-25 00:00:00+00:00, run_after=2024-04-26 00:00:00+00:00
[2024-04-26T12:38:50.662+0000] {processor.py:183} INFO - Processing /home/airflow/.local/lib/python3.12/site-packages/airflow/example_dags/example_nested_branch_dag.py took 0.063 seconds
[2024-04-26T12:39:21.076+0000] {processor.py:161} INFO - Started process (PID=603) to work on /home/airflow/.local/lib/python3.12/site-packages/airflow/example_dags/example_nested_branch_dag.py
[2024-04-26T12:39:21.077+0000] {processor.py:830} INFO - Processing file /home/airflow/.local/lib/python3.12/site-packages/airflow/example_dags/example_nested_branch_dag.py for tasks to queue
[2024-04-26T12:39:21.079+0000] {logging_mixin.py:188} INFO - [2024-04-26T12:39:21.078+0000] {dagbag.py:540} INFO - Filling up the DagBag from /home/airflow/.local/lib/python3.12/site-packages/airflow/example_dags/example_nested_branch_dag.py
[2024-04-26T12:39:21.086+0000] {processor.py:840} INFO - DAG(s) 'example_nested_branch_dag' retrieved from /home/airflow/.local/lib/python3.12/site-packages/airflow/example_dags/example_nested_branch_dag.py
[2024-04-26T12:39:21.102+0000] {logging_mixin.py:188} INFO - [2024-04-26T12:39:21.102+0000] {dag.py:3096} INFO - Sync 1 DAGs
[2024-04-26T12:39:21.120+0000] {logging_mixin.py:188} INFO - [2024-04-26T12:39:21.119+0000] {dag.py:3954} INFO - Setting next_dagrun for example_nested_branch_dag to 2024-04-25 00:00:00+00:00, run_after=2024-04-26 00:00:00+00:00
[2024-04-26T12:39:21.134+0000] {processor.py:183} INFO - Processing /home/airflow/.local/lib/python3.12/site-packages/airflow/example_dags/example_nested_branch_dag.py took 0.062 seconds
[2024-04-26T12:39:51.546+0000] {processor.py:161} INFO - Started process (PID=661) to work on /home/airflow/.local/lib/python3.12/site-packages/airflow/example_dags/example_nested_branch_dag.py
[2024-04-26T12:39:51.547+0000] {processor.py:830} INFO - Processing file /home/airflow/.local/lib/python3.12/site-packages/airflow/example_dags/example_nested_branch_dag.py for tasks to queue
[2024-04-26T12:39:51.549+0000] {logging_mixin.py:188} INFO - [2024-04-26T12:39:51.548+0000] {dagbag.py:540} INFO - Filling up the DagBag from /home/airflow/.local/lib/python3.12/site-packages/airflow/example_dags/example_nested_branch_dag.py
[2024-04-26T12:39:51.557+0000] {processor.py:840} INFO - DAG(s) 'example_nested_branch_dag' retrieved from /home/airflow/.local/lib/python3.12/site-packages/airflow/example_dags/example_nested_branch_dag.py
[2024-04-26T12:39:51.573+0000] {logging_mixin.py:188} INFO - [2024-04-26T12:39:51.573+0000] {dag.py:3096} INFO - Sync 1 DAGs
[2024-04-26T12:39:51.590+0000] {logging_mixin.py:188} INFO - [2024-04-26T12:39:51.590+0000] {dag.py:3954} INFO - Setting next_dagrun for example_nested_branch_dag to 2024-04-25 00:00:00+00:00, run_after=2024-04-26 00:00:00+00:00
[2024-04-26T12:39:51.606+0000] {processor.py:183} INFO - Processing /home/airflow/.local/lib/python3.12/site-packages/airflow/example_dags/example_nested_branch_dag.py took 0.064 seconds
[2024-04-26T12:40:22.098+0000] {processor.py:161} INFO - Started process (PID=719) to work on /home/airflow/.local/lib/python3.12/site-packages/airflow/example_dags/example_nested_branch_dag.py
[2024-04-26T12:40:22.099+0000] {processor.py:830} INFO - Processing file /home/airflow/.local/lib/python3.12/site-packages/airflow/example_dags/example_nested_branch_dag.py for tasks to queue
[2024-04-26T12:40:22.100+0000] {logging_mixin.py:188} INFO - [2024-04-26T12:40:22.100+0000] {dagbag.py:540} INFO - Filling up the DagBag from /home/airflow/.local/lib/python3.12/site-packages/airflow/example_dags/example_nested_branch_dag.py
[2024-04-26T12:40:22.108+0000] {processor.py:840} INFO - DAG(s) 'example_nested_branch_dag' retrieved from /home/airflow/.local/lib/python3.12/site-packages/airflow/example_dags/example_nested_branch_dag.py
[2024-04-26T12:40:22.123+0000] {logging_mixin.py:188} INFO - [2024-04-26T12:40:22.123+0000] {dag.py:3096} INFO - Sync 1 DAGs
[2024-04-26T12:40:22.140+0000] {logging_mixin.py:188} INFO - [2024-04-26T12:40:22.140+0000] {dag.py:3954} INFO - Setting next_dagrun for example_nested_branch_dag to 2024-04-25 00:00:00+00:00, run_after=2024-04-26 00:00:00+00:00
[2024-04-26T12:40:22.154+0000] {processor.py:183} INFO - Processing /home/airflow/.local/lib/python3.12/site-packages/airflow/example_dags/example_nested_branch_dag.py took 0.061 seconds
[2024-04-26T12:40:52.624+0000] {processor.py:161} INFO - Started process (PID=777) to work on /home/airflow/.local/lib/python3.12/site-packages/airflow/example_dags/example_nested_branch_dag.py
[2024-04-26T12:40:52.626+0000] {processor.py:830} INFO - Processing file /home/airflow/.local/lib/python3.12/site-packages/airflow/example_dags/example_nested_branch_dag.py for tasks to queue
[2024-04-26T12:40:52.628+0000] {logging_mixin.py:188} INFO - [2024-04-26T12:40:52.627+0000] {dagbag.py:540} INFO - Filling up the DagBag from /home/airflow/.local/lib/python3.12/site-packages/airflow/example_dags/example_nested_branch_dag.py
[2024-04-26T12:40:52.636+0000] {processor.py:840} INFO - DAG(s) 'example_nested_branch_dag' retrieved from /home/airflow/.local/lib/python3.12/site-packages/airflow/example_dags/example_nested_branch_dag.py
[2024-04-26T12:40:52.653+0000] {logging_mixin.py:188} INFO - [2024-04-26T12:40:52.652+0000] {dag.py:3096} INFO - Sync 1 DAGs
[2024-04-26T12:40:52.674+0000] {logging_mixin.py:188} INFO - [2024-04-26T12:40:52.673+0000] {dag.py:3954} INFO - Setting next_dagrun for example_nested_branch_dag to 2024-04-25 00:00:00+00:00, run_after=2024-04-26 00:00:00+00:00
[2024-04-26T12:40:52.689+0000] {processor.py:183} INFO - Processing /home/airflow/.local/lib/python3.12/site-packages/airflow/example_dags/example_nested_branch_dag.py took 0.071 seconds
[2024-04-26T12:41:23.432+0000] {processor.py:161} INFO - Started process (PID=835) to work on /home/airflow/.local/lib/python3.12/site-packages/airflow/example_dags/example_nested_branch_dag.py
[2024-04-26T12:41:23.433+0000] {processor.py:830} INFO - Processing file /home/airflow/.local/lib/python3.12/site-packages/airflow/example_dags/example_nested_branch_dag.py for tasks to queue
[2024-04-26T12:41:23.435+0000] {logging_mixin.py:188} INFO - [2024-04-26T12:41:23.435+0000] {dagbag.py:540} INFO - Filling up the DagBag from /home/airflow/.local/lib/python3.12/site-packages/airflow/example_dags/example_nested_branch_dag.py
[2024-04-26T12:41:23.443+0000] {processor.py:840} INFO - DAG(s) 'example_nested_branch_dag' retrieved from /home/airflow/.local/lib/python3.12/site-packages/airflow/example_dags/example_nested_branch_dag.py
[2024-04-26T12:41:23.460+0000] {logging_mixin.py:188} INFO - [2024-04-26T12:41:23.460+0000] {dag.py:3096} INFO - Sync 1 DAGs
[2024-04-26T12:41:23.477+0000] {logging_mixin.py:188} INFO - [2024-04-26T12:41:23.477+0000] {dag.py:3954} INFO - Setting next_dagrun for example_nested_branch_dag to 2024-04-25 00:00:00+00:00, run_after=2024-04-26 00:00:00+00:00
[2024-04-26T12:41:23.493+0000] {processor.py:183} INFO - Processing /home/airflow/.local/lib/python3.12/site-packages/airflow/example_dags/example_nested_branch_dag.py took 0.066 seconds
[2024-04-26T12:41:54.519+0000] {processor.py:161} INFO - Started process (PID=893) to work on /home/airflow/.local/lib/python3.12/site-packages/airflow/example_dags/example_nested_branch_dag.py
[2024-04-26T12:41:54.520+0000] {processor.py:830} INFO - Processing file /home/airflow/.local/lib/python3.12/site-packages/airflow/example_dags/example_nested_branch_dag.py for tasks to queue
[2024-04-26T12:41:54.522+0000] {logging_mixin.py:188} INFO - [2024-04-26T12:41:54.521+0000] {dagbag.py:540} INFO - Filling up the DagBag from /home/airflow/.local/lib/python3.12/site-packages/airflow/example_dags/example_nested_branch_dag.py
[2024-04-26T12:41:54.530+0000] {processor.py:840} INFO - DAG(s) 'example_nested_branch_dag' retrieved from /home/airflow/.local/lib/python3.12/site-packages/airflow/example_dags/example_nested_branch_dag.py
[2024-04-26T12:41:54.554+0000] {logging_mixin.py:188} INFO - [2024-04-26T12:41:54.553+0000] {dag.py:3096} INFO - Sync 1 DAGs
[2024-04-26T12:41:54.573+0000] {logging_mixin.py:188} INFO - [2024-04-26T12:41:54.572+0000] {dag.py:3954} INFO - Setting next_dagrun for example_nested_branch_dag to 2024-04-25 00:00:00+00:00, run_after=2024-04-26 00:00:00+00:00
[2024-04-26T12:41:54.588+0000] {processor.py:183} INFO - Processing /home/airflow/.local/lib/python3.12/site-packages/airflow/example_dags/example_nested_branch_dag.py took 0.074 seconds
[2024-04-26T12:42:25.481+0000] {processor.py:161} INFO - Started process (PID=951) to work on /home/airflow/.local/lib/python3.12/site-packages/airflow/example_dags/example_nested_branch_dag.py
[2024-04-26T12:42:25.482+0000] {processor.py:830} INFO - Processing file /home/airflow/.local/lib/python3.12/site-packages/airflow/example_dags/example_nested_branch_dag.py for tasks to queue
[2024-04-26T12:42:25.483+0000] {logging_mixin.py:188} INFO - [2024-04-26T12:42:25.483+0000] {dagbag.py:540} INFO - Filling up the DagBag from /home/airflow/.local/lib/python3.12/site-packages/airflow/example_dags/example_nested_branch_dag.py
[2024-04-26T12:42:25.492+0000] {processor.py:840} INFO - DAG(s) 'example_nested_branch_dag' retrieved from /home/airflow/.local/lib/python3.12/site-packages/airflow/example_dags/example_nested_branch_dag.py
[2024-04-26T12:42:25.510+0000] {logging_mixin.py:188} INFO - [2024-04-26T12:42:25.510+0000] {dag.py:3096} INFO - Sync 1 DAGs
[2024-04-26T12:42:25.529+0000] {logging_mixin.py:188} INFO - [2024-04-26T12:42:25.529+0000] {dag.py:3954} INFO - Setting next_dagrun for example_nested_branch_dag to 2024-04-25 00:00:00+00:00, run_after=2024-04-26 00:00:00+00:00
[2024-04-26T12:42:25.650+0000] {processor.py:183} INFO - Processing /home/airflow/.local/lib/python3.12/site-packages/airflow/example_dags/example_nested_branch_dag.py took 0.175 seconds
[2024-04-26T12:42:56.124+0000] {processor.py:161} INFO - Started process (PID=1009) to work on /home/airflow/.local/lib/python3.12/site-packages/airflow/example_dags/example_nested_branch_dag.py
[2024-04-26T12:42:56.125+0000] {processor.py:830} INFO - Processing file /home/airflow/.local/lib/python3.12/site-packages/airflow/example_dags/example_nested_branch_dag.py for tasks to queue
[2024-04-26T12:42:56.127+0000] {logging_mixin.py:188} INFO - [2024-04-26T12:42:56.127+0000] {dagbag.py:540} INFO - Filling up the DagBag from /home/airflow/.local/lib/python3.12/site-packages/airflow/example_dags/example_nested_branch_dag.py
[2024-04-26T12:42:56.135+0000] {processor.py:840} INFO - DAG(s) 'example_nested_branch_dag' retrieved from /home/airflow/.local/lib/python3.12/site-packages/airflow/example_dags/example_nested_branch_dag.py
[2024-04-26T12:42:56.151+0000] {logging_mixin.py:188} INFO - [2024-04-26T12:42:56.151+0000] {dag.py:3096} INFO - Sync 1 DAGs
[2024-04-26T12:42:56.168+0000] {logging_mixin.py:188} INFO - [2024-04-26T12:42:56.168+0000] {dag.py:3954} INFO - Setting next_dagrun for example_nested_branch_dag to 2024-04-25 00:00:00+00:00, run_after=2024-04-26 00:00:00+00:00
[2024-04-26T12:42:56.183+0000] {processor.py:183} INFO - Processing /home/airflow/.local/lib/python3.12/site-packages/airflow/example_dags/example_nested_branch_dag.py took 0.064 seconds
[2024-04-26T12:43:27.114+0000] {processor.py:161} INFO - Started process (PID=1067) to work on /home/airflow/.local/lib/python3.12/site-packages/airflow/example_dags/example_nested_branch_dag.py
[2024-04-26T12:43:27.114+0000] {processor.py:830} INFO - Processing file /home/airflow/.local/lib/python3.12/site-packages/airflow/example_dags/example_nested_branch_dag.py for tasks to queue
[2024-04-26T12:43:27.116+0000] {logging_mixin.py:188} INFO - [2024-04-26T12:43:27.116+0000] {dagbag.py:540} INFO - Filling up the DagBag from /home/airflow/.local/lib/python3.12/site-packages/airflow/example_dags/example_nested_branch_dag.py
[2024-04-26T12:43:27.124+0000] {processor.py:840} INFO - DAG(s) 'example_nested_branch_dag' retrieved from /home/airflow/.local/lib/python3.12/site-packages/airflow/example_dags/example_nested_branch_dag.py
[2024-04-26T12:43:27.142+0000] {logging_mixin.py:188} INFO - [2024-04-26T12:43:27.141+0000] {dag.py:3096} INFO - Sync 1 DAGs
[2024-04-26T12:43:27.159+0000] {logging_mixin.py:188} INFO - [2024-04-26T12:43:27.158+0000] {dag.py:3954} INFO - Setting next_dagrun for example_nested_branch_dag to 2024-04-25 00:00:00+00:00, run_after=2024-04-26 00:00:00+00:00
[2024-04-26T12:43:27.174+0000] {processor.py:183} INFO - Processing /home/airflow/.local/lib/python3.12/site-packages/airflow/example_dags/example_nested_branch_dag.py took 0.066 seconds
[2024-04-26T12:43:58.349+0000] {processor.py:161} INFO - Started process (PID=1125) to work on /home/airflow/.local/lib/python3.12/site-packages/airflow/example_dags/example_nested_branch_dag.py
[2024-04-26T12:43:58.350+0000] {processor.py:830} INFO - Processing file /home/airflow/.local/lib/python3.12/site-packages/airflow/example_dags/example_nested_branch_dag.py for tasks to queue
[2024-04-26T12:43:58.352+0000] {logging_mixin.py:188} INFO - [2024-04-26T12:43:58.351+0000] {dagbag.py:540} INFO - Filling up the DagBag from /home/airflow/.local/lib/python3.12/site-packages/airflow/example_dags/example_nested_branch_dag.py
[2024-04-26T12:43:58.360+0000] {processor.py:840} INFO - DAG(s) 'example_nested_branch_dag' retrieved from /home/airflow/.local/lib/python3.12/site-packages/airflow/example_dags/example_nested_branch_dag.py
[2024-04-26T12:43:58.378+0000] {logging_mixin.py:188} INFO - [2024-04-26T12:43:58.378+0000] {dag.py:3096} INFO - Sync 1 DAGs
[2024-04-26T12:43:58.506+0000] {logging_mixin.py:188} INFO - [2024-04-26T12:43:58.506+0000] {dag.py:3954} INFO - Setting next_dagrun for example_nested_branch_dag to 2024-04-25 00:00:00+00:00, run_after=2024-04-26 00:00:00+00:00
[2024-04-26T12:43:58.520+0000] {processor.py:183} INFO - Processing /home/airflow/.local/lib/python3.12/site-packages/airflow/example_dags/example_nested_branch_dag.py took 0.176 seconds
[2024-04-26T12:44:29.314+0000] {processor.py:161} INFO - Started process (PID=1183) to work on /home/airflow/.local/lib/python3.12/site-packages/airflow/example_dags/example_nested_branch_dag.py
[2024-04-26T12:44:29.315+0000] {processor.py:830} INFO - Processing file /home/airflow/.local/lib/python3.12/site-packages/airflow/example_dags/example_nested_branch_dag.py for tasks to queue
[2024-04-26T12:44:29.317+0000] {logging_mixin.py:188} INFO - [2024-04-26T12:44:29.317+0000] {dagbag.py:540} INFO - Filling up the DagBag from /home/airflow/.local/lib/python3.12/site-packages/airflow/example_dags/example_nested_branch_dag.py
[2024-04-26T12:44:29.324+0000] {processor.py:840} INFO - DAG(s) 'example_nested_branch_dag' retrieved from /home/airflow/.local/lib/python3.12/site-packages/airflow/example_dags/example_nested_branch_dag.py
[2024-04-26T12:44:29.341+0000] {logging_mixin.py:188} INFO - [2024-04-26T12:44:29.341+0000] {dag.py:3096} INFO - Sync 1 DAGs
[2024-04-26T12:44:29.359+0000] {logging_mixin.py:188} INFO - [2024-04-26T12:44:29.359+0000] {dag.py:3954} INFO - Setting next_dagrun for example_nested_branch_dag to 2024-04-25 00:00:00+00:00, run_after=2024-04-26 00:00:00+00:00
[2024-04-26T12:44:29.469+0000] {processor.py:183} INFO - Processing /home/airflow/.local/lib/python3.12/site-packages/airflow/example_dags/example_nested_branch_dag.py took 0.159 seconds
[2024-04-26T12:44:59.945+0000] {processor.py:161} INFO - Started process (PID=1249) to work on /home/airflow/.local/lib/python3.12/site-packages/airflow/example_dags/example_nested_branch_dag.py
[2024-04-26T12:44:59.946+0000] {processor.py:830} INFO - Processing file /home/airflow/.local/lib/python3.12/site-packages/airflow/example_dags/example_nested_branch_dag.py for tasks to queue
[2024-04-26T12:44:59.947+0000] {logging_mixin.py:188} INFO - [2024-04-26T12:44:59.947+0000] {dagbag.py:540} INFO - Filling up the DagBag from /home/airflow/.local/lib/python3.12/site-packages/airflow/example_dags/example_nested_branch_dag.py
[2024-04-26T12:44:59.955+0000] {processor.py:840} INFO - DAG(s) 'example_nested_branch_dag' retrieved from /home/airflow/.local/lib/python3.12/site-packages/airflow/example_dags/example_nested_branch_dag.py
[2024-04-26T12:44:59.972+0000] {logging_mixin.py:188} INFO - [2024-04-26T12:44:59.971+0000] {dag.py:3096} INFO - Sync 1 DAGs
[2024-04-26T12:44:59.988+0000] {logging_mixin.py:188} INFO - [2024-04-26T12:44:59.988+0000] {dag.py:3954} INFO - Setting next_dagrun for example_nested_branch_dag to 2024-04-25 00:00:00+00:00, run_after=2024-04-26 00:00:00+00:00
[2024-04-26T12:45:00.002+0000] {processor.py:183} INFO - Processing /home/airflow/.local/lib/python3.12/site-packages/airflow/example_dags/example_nested_branch_dag.py took 0.062 seconds
[2024-04-26T12:45:30.334+0000] {processor.py:161} INFO - Started process (PID=1309) to work on /home/airflow/.local/lib/python3.12/site-packages/airflow/example_dags/example_nested_branch_dag.py
[2024-04-26T12:45:30.335+0000] {processor.py:830} INFO - Processing file /home/airflow/.local/lib/python3.12/site-packages/airflow/example_dags/example_nested_branch_dag.py for tasks to queue
[2024-04-26T12:45:30.336+0000] {logging_mixin.py:188} INFO - [2024-04-26T12:45:30.336+0000] {dagbag.py:540} INFO - Filling up the DagBag from /home/airflow/.local/lib/python3.12/site-packages/airflow/example_dags/example_nested_branch_dag.py
[2024-04-26T12:45:30.344+0000] {processor.py:840} INFO - DAG(s) 'example_nested_branch_dag' retrieved from /home/airflow/.local/lib/python3.12/site-packages/airflow/example_dags/example_nested_branch_dag.py
[2024-04-26T12:45:30.361+0000] {logging_mixin.py:188} INFO - [2024-04-26T12:45:30.361+0000] {dag.py:3096} INFO - Sync 1 DAGs
[2024-04-26T12:45:30.377+0000] {logging_mixin.py:188} INFO - [2024-04-26T12:45:30.377+0000] {dag.py:3954} INFO - Setting next_dagrun for example_nested_branch_dag to 2024-04-25 00:00:00+00:00, run_after=2024-04-26 00:00:00+00:00
[2024-04-26T12:45:30.390+0000] {processor.py:183} INFO - Processing /home/airflow/.local/lib/python3.12/site-packages/airflow/example_dags/example_nested_branch_dag.py took 0.061 seconds
[2024-04-26T12:46:00.927+0000] {processor.py:161} INFO - Started process (PID=1371) to work on /home/airflow/.local/lib/python3.12/site-packages/airflow/example_dags/example_nested_branch_dag.py
[2024-04-26T12:46:00.928+0000] {processor.py:830} INFO - Processing file /home/airflow/.local/lib/python3.12/site-packages/airflow/example_dags/example_nested_branch_dag.py for tasks to queue
[2024-04-26T12:46:00.929+0000] {logging_mixin.py:188} INFO - [2024-04-26T12:46:00.929+0000] {dagbag.py:540} INFO - Filling up the DagBag from /home/airflow/.local/lib/python3.12/site-packages/airflow/example_dags/example_nested_branch_dag.py
[2024-04-26T12:46:00.938+0000] {processor.py:840} INFO - DAG(s) 'example_nested_branch_dag' retrieved from /home/airflow/.local/lib/python3.12/site-packages/airflow/example_dags/example_nested_branch_dag.py
[2024-04-26T12:46:00.954+0000] {logging_mixin.py:188} INFO - [2024-04-26T12:46:00.954+0000] {dag.py:3096} INFO - Sync 1 DAGs
[2024-04-26T12:46:00.972+0000] {logging_mixin.py:188} INFO - [2024-04-26T12:46:00.972+0000] {dag.py:3954} INFO - Setting next_dagrun for example_nested_branch_dag to 2024-04-25 00:00:00+00:00, run_after=2024-04-26 00:00:00+00:00
[2024-04-26T12:46:00.990+0000] {processor.py:183} INFO - Processing /home/airflow/.local/lib/python3.12/site-packages/airflow/example_dags/example_nested_branch_dag.py took 0.069 seconds
[2024-04-26T12:46:31.743+0000] {processor.py:161} INFO - Started process (PID=1433) to work on /home/airflow/.local/lib/python3.12/site-packages/airflow/example_dags/example_nested_branch_dag.py
[2024-04-26T12:46:31.744+0000] {processor.py:830} INFO - Processing file /home/airflow/.local/lib/python3.12/site-packages/airflow/example_dags/example_nested_branch_dag.py for tasks to queue
[2024-04-26T12:46:31.746+0000] {logging_mixin.py:188} INFO - [2024-04-26T12:46:31.745+0000] {dagbag.py:540} INFO - Filling up the DagBag from /home/airflow/.local/lib/python3.12/site-packages/airflow/example_dags/example_nested_branch_dag.py
[2024-04-26T12:46:31.754+0000] {processor.py:840} INFO - DAG(s) 'example_nested_branch_dag' retrieved from /home/airflow/.local/lib/python3.12/site-packages/airflow/example_dags/example_nested_branch_dag.py
[2024-04-26T12:46:31.771+0000] {logging_mixin.py:188} INFO - [2024-04-26T12:46:31.771+0000] {dag.py:3096} INFO - Sync 1 DAGs
[2024-04-26T12:46:31.789+0000] {logging_mixin.py:188} INFO - [2024-04-26T12:46:31.788+0000] {dag.py:3954} INFO - Setting next_dagrun for example_nested_branch_dag to 2024-04-25 00:00:00+00:00, run_after=2024-04-26 00:00:00+00:00
[2024-04-26T12:46:31.803+0000] {processor.py:183} INFO - Processing /home/airflow/.local/lib/python3.12/site-packages/airflow/example_dags/example_nested_branch_dag.py took 0.065 seconds
[2024-04-26T12:47:02.121+0000] {processor.py:161} INFO - Started process (PID=1493) to work on /home/airflow/.local/lib/python3.12/site-packages/airflow/example_dags/example_nested_branch_dag.py
[2024-04-26T12:47:02.122+0000] {processor.py:830} INFO - Processing file /home/airflow/.local/lib/python3.12/site-packages/airflow/example_dags/example_nested_branch_dag.py for tasks to queue
[2024-04-26T12:47:02.124+0000] {logging_mixin.py:188} INFO - [2024-04-26T12:47:02.123+0000] {dagbag.py:540} INFO - Filling up the DagBag from /home/airflow/.local/lib/python3.12/site-packages/airflow/example_dags/example_nested_branch_dag.py
[2024-04-26T12:47:02.132+0000] {processor.py:840} INFO - DAG(s) 'example_nested_branch_dag' retrieved from /home/airflow/.local/lib/python3.12/site-packages/airflow/example_dags/example_nested_branch_dag.py
[2024-04-26T12:47:02.149+0000] {logging_mixin.py:188} INFO - [2024-04-26T12:47:02.149+0000] {dag.py:3096} INFO - Sync 1 DAGs
[2024-04-26T12:47:02.166+0000] {logging_mixin.py:188} INFO - [2024-04-26T12:47:02.166+0000] {dag.py:3954} INFO - Setting next_dagrun for example_nested_branch_dag to 2024-04-25 00:00:00+00:00, run_after=2024-04-26 00:00:00+00:00
[2024-04-26T12:47:02.180+0000] {processor.py:183} INFO - Processing /home/airflow/.local/lib/python3.12/site-packages/airflow/example_dags/example_nested_branch_dag.py took 0.064 seconds
[2024-04-26T12:47:32.466+0000] {processor.py:161} INFO - Started process (PID=1553) to work on /home/airflow/.local/lib/python3.12/site-packages/airflow/example_dags/example_nested_branch_dag.py
[2024-04-26T12:47:32.467+0000] {processor.py:830} INFO - Processing file /home/airflow/.local/lib/python3.12/site-packages/airflow/example_dags/example_nested_branch_dag.py for tasks to queue
[2024-04-26T12:47:32.469+0000] {logging_mixin.py:188} INFO - [2024-04-26T12:47:32.468+0000] {dagbag.py:540} INFO - Filling up the DagBag from /home/airflow/.local/lib/python3.12/site-packages/airflow/example_dags/example_nested_branch_dag.py
[2024-04-26T12:47:32.477+0000] {processor.py:840} INFO - DAG(s) 'example_nested_branch_dag' retrieved from /home/airflow/.local/lib/python3.12/site-packages/airflow/example_dags/example_nested_branch_dag.py
[2024-04-26T12:47:32.493+0000] {logging_mixin.py:188} INFO - [2024-04-26T12:47:32.493+0000] {dag.py:3096} INFO - Sync 1 DAGs
[2024-04-26T12:47:32.511+0000] {logging_mixin.py:188} INFO - [2024-04-26T12:47:32.510+0000] {dag.py:3954} INFO - Setting next_dagrun for example_nested_branch_dag to 2024-04-25 00:00:00+00:00, run_after=2024-04-26 00:00:00+00:00
[2024-04-26T12:47:32.525+0000] {processor.py:183} INFO - Processing /home/airflow/.local/lib/python3.12/site-packages/airflow/example_dags/example_nested_branch_dag.py took 0.064 seconds
[2024-04-26T12:48:02.864+0000] {processor.py:161} INFO - Started process (PID=1613) to work on /home/airflow/.local/lib/python3.12/site-packages/airflow/example_dags/example_nested_branch_dag.py
[2024-04-26T12:48:02.865+0000] {processor.py:830} INFO - Processing file /home/airflow/.local/lib/python3.12/site-packages/airflow/example_dags/example_nested_branch_dag.py for tasks to queue
[2024-04-26T12:48:02.867+0000] {logging_mixin.py:188} INFO - [2024-04-26T12:48:02.867+0000] {dagbag.py:540} INFO - Filling up the DagBag from /home/airflow/.local/lib/python3.12/site-packages/airflow/example_dags/example_nested_branch_dag.py
[2024-04-26T12:48:02.875+0000] {processor.py:840} INFO - DAG(s) 'example_nested_branch_dag' retrieved from /home/airflow/.local/lib/python3.12/site-packages/airflow/example_dags/example_nested_branch_dag.py
[2024-04-26T12:48:02.892+0000] {logging_mixin.py:188} INFO - [2024-04-26T12:48:02.892+0000] {dag.py:3096} INFO - Sync 1 DAGs
[2024-04-26T12:48:02.910+0000] {logging_mixin.py:188} INFO - [2024-04-26T12:48:02.910+0000] {dag.py:3954} INFO - Setting next_dagrun for example_nested_branch_dag to 2024-04-25 00:00:00+00:00, run_after=2024-04-26 00:00:00+00:00
[2024-04-26T12:48:02.926+0000] {processor.py:183} INFO - Processing /home/airflow/.local/lib/python3.12/site-packages/airflow/example_dags/example_nested_branch_dag.py took 0.066 seconds
[2024-04-26T12:48:33.193+0000] {processor.py:161} INFO - Started process (PID=1673) to work on /home/airflow/.local/lib/python3.12/site-packages/airflow/example_dags/example_nested_branch_dag.py
[2024-04-26T12:48:33.194+0000] {processor.py:830} INFO - Processing file /home/airflow/.local/lib/python3.12/site-packages/airflow/example_dags/example_nested_branch_dag.py for tasks to queue
[2024-04-26T12:48:33.195+0000] {logging_mixin.py:188} INFO - [2024-04-26T12:48:33.195+0000] {dagbag.py:540} INFO - Filling up the DagBag from /home/airflow/.local/lib/python3.12/site-packages/airflow/example_dags/example_nested_branch_dag.py
[2024-04-26T12:48:33.202+0000] {processor.py:840} INFO - DAG(s) 'example_nested_branch_dag' retrieved from /home/airflow/.local/lib/python3.12/site-packages/airflow/example_dags/example_nested_branch_dag.py
[2024-04-26T12:48:33.219+0000] {logging_mixin.py:188} INFO - [2024-04-26T12:48:33.219+0000] {dag.py:3096} INFO - Sync 1 DAGs
[2024-04-26T12:48:33.236+0000] {logging_mixin.py:188} INFO - [2024-04-26T12:48:33.235+0000] {dag.py:3954} INFO - Setting next_dagrun for example_nested_branch_dag to 2024-04-25 00:00:00+00:00, run_after=2024-04-26 00:00:00+00:00
[2024-04-26T12:48:33.252+0000] {processor.py:183} INFO - Processing /home/airflow/.local/lib/python3.12/site-packages/airflow/example_dags/example_nested_branch_dag.py took 0.063 seconds
[2024-04-26T12:49:03.742+0000] {processor.py:161} INFO - Started process (PID=1733) to work on /home/airflow/.local/lib/python3.12/site-packages/airflow/example_dags/example_nested_branch_dag.py
[2024-04-26T12:49:03.742+0000] {processor.py:830} INFO - Processing file /home/airflow/.local/lib/python3.12/site-packages/airflow/example_dags/example_nested_branch_dag.py for tasks to queue
[2024-04-26T12:49:03.744+0000] {logging_mixin.py:188} INFO - [2024-04-26T12:49:03.744+0000] {dagbag.py:540} INFO - Filling up the DagBag from /home/airflow/.local/lib/python3.12/site-packages/airflow/example_dags/example_nested_branch_dag.py
[2024-04-26T12:49:03.751+0000] {processor.py:840} INFO - DAG(s) 'example_nested_branch_dag' retrieved from /home/airflow/.local/lib/python3.12/site-packages/airflow/example_dags/example_nested_branch_dag.py
[2024-04-26T12:49:03.768+0000] {logging_mixin.py:188} INFO - [2024-04-26T12:49:03.768+0000] {dag.py:3096} INFO - Sync 1 DAGs
[2024-04-26T12:49:03.785+0000] {logging_mixin.py:188} INFO - [2024-04-26T12:49:03.784+0000] {dag.py:3954} INFO - Setting next_dagrun for example_nested_branch_dag to 2024-04-25 00:00:00+00:00, run_after=2024-04-26 00:00:00+00:00
[2024-04-26T12:49:03.800+0000] {processor.py:183} INFO - Processing /home/airflow/.local/lib/python3.12/site-packages/airflow/example_dags/example_nested_branch_dag.py took 0.063 seconds
[2024-04-26T12:49:34.541+0000] {processor.py:161} INFO - Started process (PID=1839) to work on /home/airflow/.local/lib/python3.12/site-packages/airflow/example_dags/example_nested_branch_dag.py
[2024-04-26T12:49:34.542+0000] {processor.py:830} INFO - Processing file /home/airflow/.local/lib/python3.12/site-packages/airflow/example_dags/example_nested_branch_dag.py for tasks to queue
[2024-04-26T12:49:34.544+0000] {logging_mixin.py:188} INFO - [2024-04-26T12:49:34.544+0000] {dagbag.py:540} INFO - Filling up the DagBag from /home/airflow/.local/lib/python3.12/site-packages/airflow/example_dags/example_nested_branch_dag.py
[2024-04-26T12:49:34.552+0000] {processor.py:840} INFO - DAG(s) 'example_nested_branch_dag' retrieved from /home/airflow/.local/lib/python3.12/site-packages/airflow/example_dags/example_nested_branch_dag.py
[2024-04-26T12:49:34.570+0000] {logging_mixin.py:188} INFO - [2024-04-26T12:49:34.570+0000] {dag.py:3096} INFO - Sync 1 DAGs
[2024-04-26T12:49:34.590+0000] {logging_mixin.py:188} INFO - [2024-04-26T12:49:34.589+0000] {dag.py:3954} INFO - Setting next_dagrun for example_nested_branch_dag to 2024-04-25 00:00:00+00:00, run_after=2024-04-26 00:00:00+00:00
[2024-04-26T12:49:34.608+0000] {processor.py:183} INFO - Processing /home/airflow/.local/lib/python3.12/site-packages/airflow/example_dags/example_nested_branch_dag.py took 0.071 seconds
[2024-04-26T12:50:05.537+0000] {processor.py:161} INFO - Started process (PID=2091) to work on /home/airflow/.local/lib/python3.12/site-packages/airflow/example_dags/example_nested_branch_dag.py
[2024-04-26T12:50:05.538+0000] {processor.py:830} INFO - Processing file /home/airflow/.local/lib/python3.12/site-packages/airflow/example_dags/example_nested_branch_dag.py for tasks to queue
[2024-04-26T12:50:05.540+0000] {logging_mixin.py:188} INFO - [2024-04-26T12:50:05.540+0000] {dagbag.py:540} INFO - Filling up the DagBag from /home/airflow/.local/lib/python3.12/site-packages/airflow/example_dags/example_nested_branch_dag.py
[2024-04-26T12:50:05.555+0000] {processor.py:840} INFO - DAG(s) 'example_nested_branch_dag' retrieved from /home/airflow/.local/lib/python3.12/site-packages/airflow/example_dags/example_nested_branch_dag.py
[2024-04-26T12:50:05.584+0000] {logging_mixin.py:188} INFO - [2024-04-26T12:50:05.583+0000] {dag.py:3096} INFO - Sync 1 DAGs
[2024-04-26T12:50:05.617+0000] {logging_mixin.py:188} INFO - [2024-04-26T12:50:05.617+0000] {dag.py:3954} INFO - Setting next_dagrun for example_nested_branch_dag to 2024-04-25 00:00:00+00:00, run_after=2024-04-26 00:00:00+00:00
[2024-04-26T12:50:05.642+0000] {processor.py:183} INFO - Processing /home/airflow/.local/lib/python3.12/site-packages/airflow/example_dags/example_nested_branch_dag.py took 0.113 seconds
[2024-04-26T12:50:36.578+0000] {processor.py:161} INFO - Started process (PID=2347) to work on /home/airflow/.local/lib/python3.12/site-packages/airflow/example_dags/example_nested_branch_dag.py
[2024-04-26T12:50:36.579+0000] {processor.py:830} INFO - Processing file /home/airflow/.local/lib/python3.12/site-packages/airflow/example_dags/example_nested_branch_dag.py for tasks to queue
[2024-04-26T12:50:36.580+0000] {logging_mixin.py:188} INFO - [2024-04-26T12:50:36.580+0000] {dagbag.py:540} INFO - Filling up the DagBag from /home/airflow/.local/lib/python3.12/site-packages/airflow/example_dags/example_nested_branch_dag.py
[2024-04-26T12:50:36.588+0000] {processor.py:840} INFO - DAG(s) 'example_nested_branch_dag' retrieved from /home/airflow/.local/lib/python3.12/site-packages/airflow/example_dags/example_nested_branch_dag.py
[2024-04-26T12:50:36.605+0000] {logging_mixin.py:188} INFO - [2024-04-26T12:50:36.605+0000] {dag.py:3096} INFO - Sync 1 DAGs
[2024-04-26T12:50:36.623+0000] {logging_mixin.py:188} INFO - [2024-04-26T12:50:36.623+0000] {dag.py:3954} INFO - Setting next_dagrun for example_nested_branch_dag to 2024-04-25 00:00:00+00:00, run_after=2024-04-26 00:00:00+00:00
[2024-04-26T12:50:36.640+0000] {processor.py:183} INFO - Processing /home/airflow/.local/lib/python3.12/site-packages/airflow/example_dags/example_nested_branch_dag.py took 0.066 seconds
[2024-04-26T12:51:06.920+0000] {processor.py:161} INFO - Started process (PID=2603) to work on /home/airflow/.local/lib/python3.12/site-packages/airflow/example_dags/example_nested_branch_dag.py
[2024-04-26T12:51:06.921+0000] {processor.py:830} INFO - Processing file /home/airflow/.local/lib/python3.12/site-packages/airflow/example_dags/example_nested_branch_dag.py for tasks to queue
[2024-04-26T12:51:06.923+0000] {logging_mixin.py:188} INFO - [2024-04-26T12:51:06.923+0000] {dagbag.py:540} INFO - Filling up the DagBag from /home/airflow/.local/lib/python3.12/site-packages/airflow/example_dags/example_nested_branch_dag.py
[2024-04-26T12:51:06.932+0000] {processor.py:840} INFO - DAG(s) 'example_nested_branch_dag' retrieved from /home/airflow/.local/lib/python3.12/site-packages/airflow/example_dags/example_nested_branch_dag.py
[2024-04-26T12:51:06.954+0000] {logging_mixin.py:188} INFO - [2024-04-26T12:51:06.954+0000] {dag.py:3096} INFO - Sync 1 DAGs
[2024-04-26T12:51:06.977+0000] {logging_mixin.py:188} INFO - [2024-04-26T12:51:06.977+0000] {dag.py:3954} INFO - Setting next_dagrun for example_nested_branch_dag to 2024-04-25 00:00:00+00:00, run_after=2024-04-26 00:00:00+00:00
[2024-04-26T12:51:07.001+0000] {processor.py:183} INFO - Processing /home/airflow/.local/lib/python3.12/site-packages/airflow/example_dags/example_nested_branch_dag.py took 0.086 seconds
[2024-04-26T12:51:37.328+0000] {processor.py:161} INFO - Started process (PID=2843) to work on /home/airflow/.local/lib/python3.12/site-packages/airflow/example_dags/example_nested_branch_dag.py
[2024-04-26T12:51:37.330+0000] {processor.py:830} INFO - Processing file /home/airflow/.local/lib/python3.12/site-packages/airflow/example_dags/example_nested_branch_dag.py for tasks to queue
[2024-04-26T12:51:37.333+0000] {logging_mixin.py:188} INFO - [2024-04-26T12:51:37.332+0000] {dagbag.py:540} INFO - Filling up the DagBag from /home/airflow/.local/lib/python3.12/site-packages/airflow/example_dags/example_nested_branch_dag.py
[2024-04-26T12:51:37.347+0000] {processor.py:840} INFO - DAG(s) 'example_nested_branch_dag' retrieved from /home/airflow/.local/lib/python3.12/site-packages/airflow/example_dags/example_nested_branch_dag.py
[2024-04-26T12:51:37.377+0000] {logging_mixin.py:188} INFO - [2024-04-26T12:51:37.377+0000] {dag.py:3096} INFO - Sync 1 DAGs
[2024-04-26T12:51:37.409+0000] {logging_mixin.py:188} INFO - [2024-04-26T12:51:37.408+0000] {dag.py:3954} INFO - Setting next_dagrun for example_nested_branch_dag to 2024-04-25 00:00:00+00:00, run_after=2024-04-26 00:00:00+00:00
[2024-04-26T12:51:37.434+0000] {processor.py:183} INFO - Processing /home/airflow/.local/lib/python3.12/site-packages/airflow/example_dags/example_nested_branch_dag.py took 0.114 seconds
[2024-04-26T12:52:07.689+0000] {processor.py:161} INFO - Started process (PID=3091) to work on /home/airflow/.local/lib/python3.12/site-packages/airflow/example_dags/example_nested_branch_dag.py
[2024-04-26T12:52:07.690+0000] {processor.py:830} INFO - Processing file /home/airflow/.local/lib/python3.12/site-packages/airflow/example_dags/example_nested_branch_dag.py for tasks to queue
[2024-04-26T12:52:07.692+0000] {logging_mixin.py:188} INFO - [2024-04-26T12:52:07.692+0000] {dagbag.py:540} INFO - Filling up the DagBag from /home/airflow/.local/lib/python3.12/site-packages/airflow/example_dags/example_nested_branch_dag.py
[2024-04-26T12:52:07.705+0000] {processor.py:840} INFO - DAG(s) 'example_nested_branch_dag' retrieved from /home/airflow/.local/lib/python3.12/site-packages/airflow/example_dags/example_nested_branch_dag.py
[2024-04-26T12:52:07.733+0000] {logging_mixin.py:188} INFO - [2024-04-26T12:52:07.732+0000] {dag.py:3096} INFO - Sync 1 DAGs
[2024-04-26T12:52:07.766+0000] {logging_mixin.py:188} INFO - [2024-04-26T12:52:07.765+0000] {dag.py:3954} INFO - Setting next_dagrun for example_nested_branch_dag to 2024-04-25 00:00:00+00:00, run_after=2024-04-26 00:00:00+00:00
[2024-04-26T12:52:07.792+0000] {processor.py:183} INFO - Processing /home/airflow/.local/lib/python3.12/site-packages/airflow/example_dags/example_nested_branch_dag.py took 0.109 seconds
[2024-04-26T12:52:38.783+0000] {processor.py:161} INFO - Started process (PID=3343) to work on /home/airflow/.local/lib/python3.12/site-packages/airflow/example_dags/example_nested_branch_dag.py
[2024-04-26T12:52:38.784+0000] {processor.py:830} INFO - Processing file /home/airflow/.local/lib/python3.12/site-packages/airflow/example_dags/example_nested_branch_dag.py for tasks to queue
[2024-04-26T12:52:38.786+0000] {logging_mixin.py:188} INFO - [2024-04-26T12:52:38.786+0000] {dagbag.py:540} INFO - Filling up the DagBag from /home/airflow/.local/lib/python3.12/site-packages/airflow/example_dags/example_nested_branch_dag.py
[2024-04-26T12:52:38.795+0000] {processor.py:840} INFO - DAG(s) 'example_nested_branch_dag' retrieved from /home/airflow/.local/lib/python3.12/site-packages/airflow/example_dags/example_nested_branch_dag.py
[2024-04-26T12:52:38.813+0000] {logging_mixin.py:188} INFO - [2024-04-26T12:52:38.813+0000] {dag.py:3096} INFO - Sync 1 DAGs
[2024-04-26T12:52:38.833+0000] {logging_mixin.py:188} INFO - [2024-04-26T12:52:38.833+0000] {dag.py:3954} INFO - Setting next_dagrun for example_nested_branch_dag to 2024-04-25 00:00:00+00:00, run_after=2024-04-26 00:00:00+00:00
[2024-04-26T12:52:38.850+0000] {processor.py:183} INFO - Processing /home/airflow/.local/lib/python3.12/site-packages/airflow/example_dags/example_nested_branch_dag.py took 0.072 seconds
[2024-04-26T12:53:09.273+0000] {processor.py:161} INFO - Started process (PID=3599) to work on /home/airflow/.local/lib/python3.12/site-packages/airflow/example_dags/example_nested_branch_dag.py
[2024-04-26T12:53:09.274+0000] {processor.py:830} INFO - Processing file /home/airflow/.local/lib/python3.12/site-packages/airflow/example_dags/example_nested_branch_dag.py for tasks to queue
[2024-04-26T12:53:09.277+0000] {logging_mixin.py:188} INFO - [2024-04-26T12:53:09.276+0000] {dagbag.py:540} INFO - Filling up the DagBag from /home/airflow/.local/lib/python3.12/site-packages/airflow/example_dags/example_nested_branch_dag.py
[2024-04-26T12:53:09.288+0000] {processor.py:840} INFO - DAG(s) 'example_nested_branch_dag' retrieved from /home/airflow/.local/lib/python3.12/site-packages/airflow/example_dags/example_nested_branch_dag.py
[2024-04-26T12:53:09.308+0000] {logging_mixin.py:188} INFO - [2024-04-26T12:53:09.308+0000] {dag.py:3096} INFO - Sync 1 DAGs
[2024-04-26T12:53:09.332+0000] {logging_mixin.py:188} INFO - [2024-04-26T12:53:09.332+0000] {dag.py:3954} INFO - Setting next_dagrun for example_nested_branch_dag to 2024-04-25 00:00:00+00:00, run_after=2024-04-26 00:00:00+00:00
[2024-04-26T12:53:09.357+0000] {processor.py:183} INFO - Processing /home/airflow/.local/lib/python3.12/site-packages/airflow/example_dags/example_nested_branch_dag.py took 0.091 seconds
[2024-04-26T12:53:40.243+0000] {processor.py:161} INFO - Started process (PID=3811) to work on /home/airflow/.local/lib/python3.12/site-packages/airflow/example_dags/example_nested_branch_dag.py
[2024-04-26T12:53:40.244+0000] {processor.py:830} INFO - Processing file /home/airflow/.local/lib/python3.12/site-packages/airflow/example_dags/example_nested_branch_dag.py for tasks to queue
[2024-04-26T12:53:40.246+0000] {logging_mixin.py:188} INFO - [2024-04-26T12:53:40.245+0000] {dagbag.py:540} INFO - Filling up the DagBag from /home/airflow/.local/lib/python3.12/site-packages/airflow/example_dags/example_nested_branch_dag.py
[2024-04-26T12:53:40.253+0000] {processor.py:840} INFO - DAG(s) 'example_nested_branch_dag' retrieved from /home/airflow/.local/lib/python3.12/site-packages/airflow/example_dags/example_nested_branch_dag.py
[2024-04-26T12:53:40.273+0000] {logging_mixin.py:188} INFO - [2024-04-26T12:53:40.273+0000] {dag.py:3096} INFO - Sync 1 DAGs
[2024-04-26T12:53:40.291+0000] {logging_mixin.py:188} INFO - [2024-04-26T12:53:40.291+0000] {dag.py:3954} INFO - Setting next_dagrun for example_nested_branch_dag to 2024-04-25 00:00:00+00:00, run_after=2024-04-26 00:00:00+00:00
[2024-04-26T12:53:40.309+0000] {processor.py:183} INFO - Processing /home/airflow/.local/lib/python3.12/site-packages/airflow/example_dags/example_nested_branch_dag.py took 0.071 seconds
[2024-04-26T12:54:10.671+0000] {processor.py:161} INFO - Started process (PID=3875) to work on /home/airflow/.local/lib/python3.12/site-packages/airflow/example_dags/example_nested_branch_dag.py
[2024-04-26T12:54:10.672+0000] {processor.py:830} INFO - Processing file /home/airflow/.local/lib/python3.12/site-packages/airflow/example_dags/example_nested_branch_dag.py for tasks to queue
[2024-04-26T12:54:10.674+0000] {logging_mixin.py:188} INFO - [2024-04-26T12:54:10.674+0000] {dagbag.py:540} INFO - Filling up the DagBag from /home/airflow/.local/lib/python3.12/site-packages/airflow/example_dags/example_nested_branch_dag.py
[2024-04-26T12:54:10.682+0000] {processor.py:840} INFO - DAG(s) 'example_nested_branch_dag' retrieved from /home/airflow/.local/lib/python3.12/site-packages/airflow/example_dags/example_nested_branch_dag.py
[2024-04-26T12:54:10.699+0000] {logging_mixin.py:188} INFO - [2024-04-26T12:54:10.699+0000] {dag.py:3096} INFO - Sync 1 DAGs
[2024-04-26T12:54:10.717+0000] {logging_mixin.py:188} INFO - [2024-04-26T12:54:10.716+0000] {dag.py:3954} INFO - Setting next_dagrun for example_nested_branch_dag to 2024-04-25 00:00:00+00:00, run_after=2024-04-26 00:00:00+00:00
[2024-04-26T12:54:10.737+0000] {processor.py:183} INFO - Processing /home/airflow/.local/lib/python3.12/site-packages/airflow/example_dags/example_nested_branch_dag.py took 0.070 seconds
[2024-04-26T12:54:40.971+0000] {processor.py:161} INFO - Started process (PID=3935) to work on /home/airflow/.local/lib/python3.12/site-packages/airflow/example_dags/example_nested_branch_dag.py
[2024-04-26T12:54:40.972+0000] {processor.py:830} INFO - Processing file /home/airflow/.local/lib/python3.12/site-packages/airflow/example_dags/example_nested_branch_dag.py for tasks to queue
[2024-04-26T12:54:40.973+0000] {logging_mixin.py:188} INFO - [2024-04-26T12:54:40.973+0000] {dagbag.py:540} INFO - Filling up the DagBag from /home/airflow/.local/lib/python3.12/site-packages/airflow/example_dags/example_nested_branch_dag.py
[2024-04-26T12:54:40.981+0000] {processor.py:840} INFO - DAG(s) 'example_nested_branch_dag' retrieved from /home/airflow/.local/lib/python3.12/site-packages/airflow/example_dags/example_nested_branch_dag.py
[2024-04-26T12:54:40.998+0000] {logging_mixin.py:188} INFO - [2024-04-26T12:54:40.998+0000] {dag.py:3096} INFO - Sync 1 DAGs
[2024-04-26T12:54:41.015+0000] {logging_mixin.py:188} INFO - [2024-04-26T12:54:41.015+0000] {dag.py:3954} INFO - Setting next_dagrun for example_nested_branch_dag to 2024-04-25 00:00:00+00:00, run_after=2024-04-26 00:00:00+00:00
[2024-04-26T12:54:41.030+0000] {processor.py:183} INFO - Processing /home/airflow/.local/lib/python3.12/site-packages/airflow/example_dags/example_nested_branch_dag.py took 0.063 seconds
[2024-04-26T12:55:11.549+0000] {processor.py:161} INFO - Started process (PID=3995) to work on /home/airflow/.local/lib/python3.12/site-packages/airflow/example_dags/example_nested_branch_dag.py
[2024-04-26T12:55:11.550+0000] {processor.py:830} INFO - Processing file /home/airflow/.local/lib/python3.12/site-packages/airflow/example_dags/example_nested_branch_dag.py for tasks to queue
[2024-04-26T12:55:11.551+0000] {logging_mixin.py:188} INFO - [2024-04-26T12:55:11.551+0000] {dagbag.py:540} INFO - Filling up the DagBag from /home/airflow/.local/lib/python3.12/site-packages/airflow/example_dags/example_nested_branch_dag.py
[2024-04-26T12:55:11.558+0000] {processor.py:840} INFO - DAG(s) 'example_nested_branch_dag' retrieved from /home/airflow/.local/lib/python3.12/site-packages/airflow/example_dags/example_nested_branch_dag.py
[2024-04-26T12:55:11.575+0000] {logging_mixin.py:188} INFO - [2024-04-26T12:55:11.575+0000] {dag.py:3096} INFO - Sync 1 DAGs
[2024-04-26T12:55:11.592+0000] {logging_mixin.py:188} INFO - [2024-04-26T12:55:11.592+0000] {dag.py:3954} INFO - Setting next_dagrun for example_nested_branch_dag to 2024-04-25 00:00:00+00:00, run_after=2024-04-26 00:00:00+00:00
[2024-04-26T12:55:11.610+0000] {processor.py:183} INFO - Processing /home/airflow/.local/lib/python3.12/site-packages/airflow/example_dags/example_nested_branch_dag.py took 0.065 seconds
[2024-04-26T12:55:42.026+0000] {processor.py:161} INFO - Started process (PID=4055) to work on /home/airflow/.local/lib/python3.12/site-packages/airflow/example_dags/example_nested_branch_dag.py
[2024-04-26T12:55:42.027+0000] {processor.py:830} INFO - Processing file /home/airflow/.local/lib/python3.12/site-packages/airflow/example_dags/example_nested_branch_dag.py for tasks to queue
[2024-04-26T12:55:42.029+0000] {logging_mixin.py:188} INFO - [2024-04-26T12:55:42.028+0000] {dagbag.py:540} INFO - Filling up the DagBag from /home/airflow/.local/lib/python3.12/site-packages/airflow/example_dags/example_nested_branch_dag.py
[2024-04-26T12:55:42.036+0000] {processor.py:840} INFO - DAG(s) 'example_nested_branch_dag' retrieved from /home/airflow/.local/lib/python3.12/site-packages/airflow/example_dags/example_nested_branch_dag.py
[2024-04-26T12:55:42.053+0000] {logging_mixin.py:188} INFO - [2024-04-26T12:55:42.053+0000] {dag.py:3096} INFO - Sync 1 DAGs
[2024-04-26T12:55:42.070+0000] {logging_mixin.py:188} INFO - [2024-04-26T12:55:42.069+0000] {dag.py:3954} INFO - Setting next_dagrun for example_nested_branch_dag to 2024-04-25 00:00:00+00:00, run_after=2024-04-26 00:00:00+00:00
[2024-04-26T12:55:42.089+0000] {processor.py:183} INFO - Processing /home/airflow/.local/lib/python3.12/site-packages/airflow/example_dags/example_nested_branch_dag.py took 0.067 seconds
[2024-04-26T12:56:12.458+0000] {processor.py:161} INFO - Started process (PID=4119) to work on /home/airflow/.local/lib/python3.12/site-packages/airflow/example_dags/example_nested_branch_dag.py
[2024-04-26T12:56:12.459+0000] {processor.py:830} INFO - Processing file /home/airflow/.local/lib/python3.12/site-packages/airflow/example_dags/example_nested_branch_dag.py for tasks to queue
[2024-04-26T12:56:12.461+0000] {logging_mixin.py:188} INFO - [2024-04-26T12:56:12.460+0000] {dagbag.py:540} INFO - Filling up the DagBag from /home/airflow/.local/lib/python3.12/site-packages/airflow/example_dags/example_nested_branch_dag.py
[2024-04-26T12:56:12.468+0000] {processor.py:840} INFO - DAG(s) 'example_nested_branch_dag' retrieved from /home/airflow/.local/lib/python3.12/site-packages/airflow/example_dags/example_nested_branch_dag.py
[2024-04-26T12:56:12.484+0000] {logging_mixin.py:188} INFO - [2024-04-26T12:56:12.484+0000] {dag.py:3096} INFO - Sync 1 DAGs
[2024-04-26T12:56:12.501+0000] {logging_mixin.py:188} INFO - [2024-04-26T12:56:12.500+0000] {dag.py:3954} INFO - Setting next_dagrun for example_nested_branch_dag to 2024-04-25 00:00:00+00:00, run_after=2024-04-26 00:00:00+00:00
[2024-04-26T12:56:12.516+0000] {processor.py:183} INFO - Processing /home/airflow/.local/lib/python3.12/site-packages/airflow/example_dags/example_nested_branch_dag.py took 0.062 seconds
[2024-04-26T12:56:42.863+0000] {processor.py:161} INFO - Started process (PID=4179) to work on /home/airflow/.local/lib/python3.12/site-packages/airflow/example_dags/example_nested_branch_dag.py
[2024-04-26T12:56:42.864+0000] {processor.py:830} INFO - Processing file /home/airflow/.local/lib/python3.12/site-packages/airflow/example_dags/example_nested_branch_dag.py for tasks to queue
[2024-04-26T12:56:42.866+0000] {logging_mixin.py:188} INFO - [2024-04-26T12:56:42.865+0000] {dagbag.py:540} INFO - Filling up the DagBag from /home/airflow/.local/lib/python3.12/site-packages/airflow/example_dags/example_nested_branch_dag.py
[2024-04-26T12:56:42.873+0000] {processor.py:840} INFO - DAG(s) 'example_nested_branch_dag' retrieved from /home/airflow/.local/lib/python3.12/site-packages/airflow/example_dags/example_nested_branch_dag.py
[2024-04-26T12:56:42.890+0000] {logging_mixin.py:188} INFO - [2024-04-26T12:56:42.890+0000] {dag.py:3096} INFO - Sync 1 DAGs
[2024-04-26T12:56:42.907+0000] {logging_mixin.py:188} INFO - [2024-04-26T12:56:42.907+0000] {dag.py:3954} INFO - Setting next_dagrun for example_nested_branch_dag to 2024-04-25 00:00:00+00:00, run_after=2024-04-26 00:00:00+00:00
[2024-04-26T12:56:42.925+0000] {processor.py:183} INFO - Processing /home/airflow/.local/lib/python3.12/site-packages/airflow/example_dags/example_nested_branch_dag.py took 0.066 seconds
[2024-04-26T12:57:13.350+0000] {processor.py:161} INFO - Started process (PID=4239) to work on /home/airflow/.local/lib/python3.12/site-packages/airflow/example_dags/example_nested_branch_dag.py
[2024-04-26T12:57:13.351+0000] {processor.py:830} INFO - Processing file /home/airflow/.local/lib/python3.12/site-packages/airflow/example_dags/example_nested_branch_dag.py for tasks to queue
[2024-04-26T12:57:13.352+0000] {logging_mixin.py:188} INFO - [2024-04-26T12:57:13.352+0000] {dagbag.py:540} INFO - Filling up the DagBag from /home/airflow/.local/lib/python3.12/site-packages/airflow/example_dags/example_nested_branch_dag.py
[2024-04-26T12:57:13.359+0000] {processor.py:840} INFO - DAG(s) 'example_nested_branch_dag' retrieved from /home/airflow/.local/lib/python3.12/site-packages/airflow/example_dags/example_nested_branch_dag.py
[2024-04-26T12:57:13.376+0000] {logging_mixin.py:188} INFO - [2024-04-26T12:57:13.376+0000] {dag.py:3096} INFO - Sync 1 DAGs
[2024-04-26T12:57:13.392+0000] {logging_mixin.py:188} INFO - [2024-04-26T12:57:13.392+0000] {dag.py:3954} INFO - Setting next_dagrun for example_nested_branch_dag to 2024-04-25 00:00:00+00:00, run_after=2024-04-26 00:00:00+00:00
[2024-04-26T12:57:13.412+0000] {processor.py:183} INFO - Processing /home/airflow/.local/lib/python3.12/site-packages/airflow/example_dags/example_nested_branch_dag.py took 0.066 seconds
[2024-04-26T12:57:43.678+0000] {processor.py:161} INFO - Started process (PID=4299) to work on /home/airflow/.local/lib/python3.12/site-packages/airflow/example_dags/example_nested_branch_dag.py
[2024-04-26T12:57:43.679+0000] {processor.py:830} INFO - Processing file /home/airflow/.local/lib/python3.12/site-packages/airflow/example_dags/example_nested_branch_dag.py for tasks to queue
[2024-04-26T12:57:43.681+0000] {logging_mixin.py:188} INFO - [2024-04-26T12:57:43.681+0000] {dagbag.py:540} INFO - Filling up the DagBag from /home/airflow/.local/lib/python3.12/site-packages/airflow/example_dags/example_nested_branch_dag.py
[2024-04-26T12:57:43.689+0000] {processor.py:840} INFO - DAG(s) 'example_nested_branch_dag' retrieved from /home/airflow/.local/lib/python3.12/site-packages/airflow/example_dags/example_nested_branch_dag.py
[2024-04-26T12:57:43.706+0000] {logging_mixin.py:188} INFO - [2024-04-26T12:57:43.706+0000] {dag.py:3096} INFO - Sync 1 DAGs
[2024-04-26T12:57:43.723+0000] {logging_mixin.py:188} INFO - [2024-04-26T12:57:43.723+0000] {dag.py:3954} INFO - Setting next_dagrun for example_nested_branch_dag to 2024-04-25 00:00:00+00:00, run_after=2024-04-26 00:00:00+00:00
[2024-04-26T12:57:43.741+0000] {processor.py:183} INFO - Processing /home/airflow/.local/lib/python3.12/site-packages/airflow/example_dags/example_nested_branch_dag.py took 0.067 seconds
[2024-04-26T12:58:14.012+0000] {processor.py:161} INFO - Started process (PID=4363) to work on /home/airflow/.local/lib/python3.12/site-packages/airflow/example_dags/example_nested_branch_dag.py
[2024-04-26T12:58:14.013+0000] {processor.py:830} INFO - Processing file /home/airflow/.local/lib/python3.12/site-packages/airflow/example_dags/example_nested_branch_dag.py for tasks to queue
[2024-04-26T12:58:14.014+0000] {logging_mixin.py:188} INFO - [2024-04-26T12:58:14.014+0000] {dagbag.py:540} INFO - Filling up the DagBag from /home/airflow/.local/lib/python3.12/site-packages/airflow/example_dags/example_nested_branch_dag.py
[2024-04-26T12:58:14.022+0000] {processor.py:840} INFO - DAG(s) 'example_nested_branch_dag' retrieved from /home/airflow/.local/lib/python3.12/site-packages/airflow/example_dags/example_nested_branch_dag.py
[2024-04-26T12:58:14.041+0000] {logging_mixin.py:188} INFO - [2024-04-26T12:58:14.041+0000] {dag.py:3096} INFO - Sync 1 DAGs
[2024-04-26T12:58:14.059+0000] {logging_mixin.py:188} INFO - [2024-04-26T12:58:14.058+0000] {dag.py:3954} INFO - Setting next_dagrun for example_nested_branch_dag to 2024-04-25 00:00:00+00:00, run_after=2024-04-26 00:00:00+00:00
[2024-04-26T12:58:14.074+0000] {processor.py:183} INFO - Processing /home/airflow/.local/lib/python3.12/site-packages/airflow/example_dags/example_nested_branch_dag.py took 0.067 seconds
