[2024-04-26T12:34:45.325+0000] {processor.py:161} INFO - Started process (PID=66) to work on /home/airflow/.local/lib/python3.12/site-packages/airflow/example_dags/example_kubernetes_executor.py
[2024-04-26T12:34:45.326+0000] {processor.py:830} INFO - Processing file /home/airflow/.local/lib/python3.12/site-packages/airflow/example_dags/example_kubernetes_executor.py for tasks to queue
[2024-04-26T12:34:45.328+0000] {logging_mixin.py:188} INFO - [2024-04-26T12:34:45.327+0000] {dagbag.py:540} INFO - Filling up the DagBag from /home/airflow/.local/lib/python3.12/site-packages/airflow/example_dags/example_kubernetes_executor.py
[2024-04-26T12:34:45.338+0000] {processor.py:840} INFO - DAG(s) 'example_kubernetes_executor' retrieved from /home/airflow/.local/lib/python3.12/site-packages/airflow/example_dags/example_kubernetes_executor.py
[2024-04-26T12:34:45.433+0000] {logging_mixin.py:188} INFO - [2024-04-26T12:34:45.432+0000] {override.py:1829} INFO - Created Permission View: can delete on DAG:example_kubernetes_executor
[2024-04-26T12:34:45.441+0000] {logging_mixin.py:188} INFO - [2024-04-26T12:34:45.441+0000] {override.py:1829} INFO - Created Permission View: can edit on DAG:example_kubernetes_executor
[2024-04-26T12:34:45.447+0000] {logging_mixin.py:188} INFO - [2024-04-26T12:34:45.446+0000] {override.py:1829} INFO - Created Permission View: can read on DAG:example_kubernetes_executor
[2024-04-26T12:34:45.447+0000] {logging_mixin.py:188} INFO - [2024-04-26T12:34:45.447+0000] {dag.py:3096} INFO - Sync 1 DAGs
[2024-04-26T12:34:45.456+0000] {logging_mixin.py:188} INFO - [2024-04-26T12:34:45.456+0000] {dag.py:3118} INFO - Creating ORM DAG for example_kubernetes_executor
[2024-04-26T12:34:45.457+0000] {logging_mixin.py:188} INFO - [2024-04-26T12:34:45.457+0000] {dag.py:3954} INFO - Setting next_dagrun for example_kubernetes_executor to None, run_after=None
[2024-04-26T12:34:45.470+0000] {processor.py:183} INFO - Processing /home/airflow/.local/lib/python3.12/site-packages/airflow/example_dags/example_kubernetes_executor.py took 0.149 seconds
[2024-04-26T12:35:15.830+0000] {processor.py:161} INFO - Started process (PID=124) to work on /home/airflow/.local/lib/python3.12/site-packages/airflow/example_dags/example_kubernetes_executor.py
[2024-04-26T12:35:15.831+0000] {processor.py:830} INFO - Processing file /home/airflow/.local/lib/python3.12/site-packages/airflow/example_dags/example_kubernetes_executor.py for tasks to queue
[2024-04-26T12:35:15.832+0000] {logging_mixin.py:188} INFO - [2024-04-26T12:35:15.832+0000] {dagbag.py:540} INFO - Filling up the DagBag from /home/airflow/.local/lib/python3.12/site-packages/airflow/example_dags/example_kubernetes_executor.py
[2024-04-26T12:35:15.842+0000] {processor.py:840} INFO - DAG(s) 'example_kubernetes_executor' retrieved from /home/airflow/.local/lib/python3.12/site-packages/airflow/example_dags/example_kubernetes_executor.py
[2024-04-26T12:35:15.873+0000] {logging_mixin.py:188} INFO - [2024-04-26T12:35:15.873+0000] {dag.py:3096} INFO - Sync 1 DAGs
[2024-04-26T12:35:15.883+0000] {logging_mixin.py:188} INFO - [2024-04-26T12:35:15.883+0000] {dag.py:3954} INFO - Setting next_dagrun for example_kubernetes_executor to None, run_after=None
[2024-04-26T12:35:15.897+0000] {processor.py:183} INFO - Processing /home/airflow/.local/lib/python3.12/site-packages/airflow/example_dags/example_kubernetes_executor.py took 0.072 seconds
[2024-04-26T12:35:45.998+0000] {processor.py:161} INFO - Started process (PID=182) to work on /home/airflow/.local/lib/python3.12/site-packages/airflow/example_dags/example_kubernetes_executor.py
[2024-04-26T12:35:45.999+0000] {processor.py:830} INFO - Processing file /home/airflow/.local/lib/python3.12/site-packages/airflow/example_dags/example_kubernetes_executor.py for tasks to queue
[2024-04-26T12:35:46.001+0000] {logging_mixin.py:188} INFO - [2024-04-26T12:35:46.001+0000] {dagbag.py:540} INFO - Filling up the DagBag from /home/airflow/.local/lib/python3.12/site-packages/airflow/example_dags/example_kubernetes_executor.py
[2024-04-26T12:35:46.011+0000] {processor.py:840} INFO - DAG(s) 'example_kubernetes_executor' retrieved from /home/airflow/.local/lib/python3.12/site-packages/airflow/example_dags/example_kubernetes_executor.py
[2024-04-26T12:35:46.043+0000] {logging_mixin.py:188} INFO - [2024-04-26T12:35:46.043+0000] {dag.py:3096} INFO - Sync 1 DAGs
[2024-04-26T12:35:46.053+0000] {logging_mixin.py:188} INFO - [2024-04-26T12:35:46.053+0000] {dag.py:3954} INFO - Setting next_dagrun for example_kubernetes_executor to None, run_after=None
[2024-04-26T12:35:46.067+0000] {processor.py:183} INFO - Processing /home/airflow/.local/lib/python3.12/site-packages/airflow/example_dags/example_kubernetes_executor.py took 0.074 seconds
[2024-04-26T12:36:16.870+0000] {processor.py:161} INFO - Started process (PID=240) to work on /home/airflow/.local/lib/python3.12/site-packages/airflow/example_dags/example_kubernetes_executor.py
[2024-04-26T12:36:16.871+0000] {processor.py:830} INFO - Processing file /home/airflow/.local/lib/python3.12/site-packages/airflow/example_dags/example_kubernetes_executor.py for tasks to queue
[2024-04-26T12:36:16.873+0000] {logging_mixin.py:188} INFO - [2024-04-26T12:36:16.873+0000] {dagbag.py:540} INFO - Filling up the DagBag from /home/airflow/.local/lib/python3.12/site-packages/airflow/example_dags/example_kubernetes_executor.py
[2024-04-26T12:36:16.883+0000] {processor.py:840} INFO - DAG(s) 'example_kubernetes_executor' retrieved from /home/airflow/.local/lib/python3.12/site-packages/airflow/example_dags/example_kubernetes_executor.py
[2024-04-26T12:36:16.913+0000] {logging_mixin.py:188} INFO - [2024-04-26T12:36:16.913+0000] {dag.py:3096} INFO - Sync 1 DAGs
[2024-04-26T12:36:16.923+0000] {logging_mixin.py:188} INFO - [2024-04-26T12:36:16.923+0000] {dag.py:3954} INFO - Setting next_dagrun for example_kubernetes_executor to None, run_after=None
[2024-04-26T12:36:16.936+0000] {processor.py:183} INFO - Processing /home/airflow/.local/lib/python3.12/site-packages/airflow/example_dags/example_kubernetes_executor.py took 0.070 seconds
[2024-04-26T12:36:47.254+0000] {processor.py:161} INFO - Started process (PID=298) to work on /home/airflow/.local/lib/python3.12/site-packages/airflow/example_dags/example_kubernetes_executor.py
[2024-04-26T12:36:47.254+0000] {processor.py:830} INFO - Processing file /home/airflow/.local/lib/python3.12/site-packages/airflow/example_dags/example_kubernetes_executor.py for tasks to queue
[2024-04-26T12:36:47.256+0000] {logging_mixin.py:188} INFO - [2024-04-26T12:36:47.256+0000] {dagbag.py:540} INFO - Filling up the DagBag from /home/airflow/.local/lib/python3.12/site-packages/airflow/example_dags/example_kubernetes_executor.py
[2024-04-26T12:36:47.265+0000] {processor.py:840} INFO - DAG(s) 'example_kubernetes_executor' retrieved from /home/airflow/.local/lib/python3.12/site-packages/airflow/example_dags/example_kubernetes_executor.py
[2024-04-26T12:36:47.296+0000] {logging_mixin.py:188} INFO - [2024-04-26T12:36:47.296+0000] {dag.py:3096} INFO - Sync 1 DAGs
[2024-04-26T12:36:47.306+0000] {logging_mixin.py:188} INFO - [2024-04-26T12:36:47.306+0000] {dag.py:3954} INFO - Setting next_dagrun for example_kubernetes_executor to None, run_after=None
[2024-04-26T12:36:47.320+0000] {processor.py:183} INFO - Processing /home/airflow/.local/lib/python3.12/site-packages/airflow/example_dags/example_kubernetes_executor.py took 0.071 seconds
[2024-04-26T12:37:17.645+0000] {processor.py:161} INFO - Started process (PID=356) to work on /home/airflow/.local/lib/python3.12/site-packages/airflow/example_dags/example_kubernetes_executor.py
[2024-04-26T12:37:17.646+0000] {processor.py:830} INFO - Processing file /home/airflow/.local/lib/python3.12/site-packages/airflow/example_dags/example_kubernetes_executor.py for tasks to queue
[2024-04-26T12:37:17.648+0000] {logging_mixin.py:188} INFO - [2024-04-26T12:37:17.647+0000] {dagbag.py:540} INFO - Filling up the DagBag from /home/airflow/.local/lib/python3.12/site-packages/airflow/example_dags/example_kubernetes_executor.py
[2024-04-26T12:37:17.658+0000] {processor.py:840} INFO - DAG(s) 'example_kubernetes_executor' retrieved from /home/airflow/.local/lib/python3.12/site-packages/airflow/example_dags/example_kubernetes_executor.py
[2024-04-26T12:37:17.687+0000] {logging_mixin.py:188} INFO - [2024-04-26T12:37:17.687+0000] {dag.py:3096} INFO - Sync 1 DAGs
[2024-04-26T12:37:17.696+0000] {logging_mixin.py:188} INFO - [2024-04-26T12:37:17.696+0000] {dag.py:3954} INFO - Setting next_dagrun for example_kubernetes_executor to None, run_after=None
[2024-04-26T12:37:17.710+0000] {processor.py:183} INFO - Processing /home/airflow/.local/lib/python3.12/site-packages/airflow/example_dags/example_kubernetes_executor.py took 0.071 seconds
[2024-04-26T12:37:48.060+0000] {processor.py:161} INFO - Started process (PID=414) to work on /home/airflow/.local/lib/python3.12/site-packages/airflow/example_dags/example_kubernetes_executor.py
[2024-04-26T12:37:48.061+0000] {processor.py:830} INFO - Processing file /home/airflow/.local/lib/python3.12/site-packages/airflow/example_dags/example_kubernetes_executor.py for tasks to queue
[2024-04-26T12:37:48.062+0000] {logging_mixin.py:188} INFO - [2024-04-26T12:37:48.062+0000] {dagbag.py:540} INFO - Filling up the DagBag from /home/airflow/.local/lib/python3.12/site-packages/airflow/example_dags/example_kubernetes_executor.py
[2024-04-26T12:37:48.072+0000] {processor.py:840} INFO - DAG(s) 'example_kubernetes_executor' retrieved from /home/airflow/.local/lib/python3.12/site-packages/airflow/example_dags/example_kubernetes_executor.py
[2024-04-26T12:37:48.104+0000] {logging_mixin.py:188} INFO - [2024-04-26T12:37:48.104+0000] {dag.py:3096} INFO - Sync 1 DAGs
[2024-04-26T12:37:48.114+0000] {logging_mixin.py:188} INFO - [2024-04-26T12:37:48.113+0000] {dag.py:3954} INFO - Setting next_dagrun for example_kubernetes_executor to None, run_after=None
[2024-04-26T12:37:48.128+0000] {processor.py:183} INFO - Processing /home/airflow/.local/lib/python3.12/site-packages/airflow/example_dags/example_kubernetes_executor.py took 0.073 seconds
[2024-04-26T12:38:18.477+0000] {processor.py:161} INFO - Started process (PID=472) to work on /home/airflow/.local/lib/python3.12/site-packages/airflow/example_dags/example_kubernetes_executor.py
[2024-04-26T12:38:18.478+0000] {processor.py:830} INFO - Processing file /home/airflow/.local/lib/python3.12/site-packages/airflow/example_dags/example_kubernetes_executor.py for tasks to queue
[2024-04-26T12:38:18.480+0000] {logging_mixin.py:188} INFO - [2024-04-26T12:38:18.479+0000] {dagbag.py:540} INFO - Filling up the DagBag from /home/airflow/.local/lib/python3.12/site-packages/airflow/example_dags/example_kubernetes_executor.py
[2024-04-26T12:38:18.489+0000] {processor.py:840} INFO - DAG(s) 'example_kubernetes_executor' retrieved from /home/airflow/.local/lib/python3.12/site-packages/airflow/example_dags/example_kubernetes_executor.py
[2024-04-26T12:38:18.520+0000] {logging_mixin.py:188} INFO - [2024-04-26T12:38:18.520+0000] {dag.py:3096} INFO - Sync 1 DAGs
[2024-04-26T12:38:18.529+0000] {logging_mixin.py:188} INFO - [2024-04-26T12:38:18.529+0000] {dag.py:3954} INFO - Setting next_dagrun for example_kubernetes_executor to None, run_after=None
[2024-04-26T12:38:18.544+0000] {processor.py:183} INFO - Processing /home/airflow/.local/lib/python3.12/site-packages/airflow/example_dags/example_kubernetes_executor.py took 0.071 seconds
[2024-04-26T12:38:48.870+0000] {processor.py:161} INFO - Started process (PID=530) to work on /home/airflow/.local/lib/python3.12/site-packages/airflow/example_dags/example_kubernetes_executor.py
[2024-04-26T12:38:48.871+0000] {processor.py:830} INFO - Processing file /home/airflow/.local/lib/python3.12/site-packages/airflow/example_dags/example_kubernetes_executor.py for tasks to queue
[2024-04-26T12:38:48.873+0000] {logging_mixin.py:188} INFO - [2024-04-26T12:38:48.872+0000] {dagbag.py:540} INFO - Filling up the DagBag from /home/airflow/.local/lib/python3.12/site-packages/airflow/example_dags/example_kubernetes_executor.py
[2024-04-26T12:38:48.882+0000] {processor.py:840} INFO - DAG(s) 'example_kubernetes_executor' retrieved from /home/airflow/.local/lib/python3.12/site-packages/airflow/example_dags/example_kubernetes_executor.py
[2024-04-26T12:38:48.913+0000] {logging_mixin.py:188} INFO - [2024-04-26T12:38:48.913+0000] {dag.py:3096} INFO - Sync 1 DAGs
[2024-04-26T12:38:48.923+0000] {logging_mixin.py:188} INFO - [2024-04-26T12:38:48.923+0000] {dag.py:3954} INFO - Setting next_dagrun for example_kubernetes_executor to None, run_after=None
[2024-04-26T12:38:48.937+0000] {processor.py:183} INFO - Processing /home/airflow/.local/lib/python3.12/site-packages/airflow/example_dags/example_kubernetes_executor.py took 0.072 seconds
[2024-04-26T12:39:19.307+0000] {processor.py:161} INFO - Started process (PID=588) to work on /home/airflow/.local/lib/python3.12/site-packages/airflow/example_dags/example_kubernetes_executor.py
[2024-04-26T12:39:19.308+0000] {processor.py:830} INFO - Processing file /home/airflow/.local/lib/python3.12/site-packages/airflow/example_dags/example_kubernetes_executor.py for tasks to queue
[2024-04-26T12:39:19.310+0000] {logging_mixin.py:188} INFO - [2024-04-26T12:39:19.309+0000] {dagbag.py:540} INFO - Filling up the DagBag from /home/airflow/.local/lib/python3.12/site-packages/airflow/example_dags/example_kubernetes_executor.py
[2024-04-26T12:39:19.319+0000] {processor.py:840} INFO - DAG(s) 'example_kubernetes_executor' retrieved from /home/airflow/.local/lib/python3.12/site-packages/airflow/example_dags/example_kubernetes_executor.py
[2024-04-26T12:39:19.353+0000] {logging_mixin.py:188} INFO - [2024-04-26T12:39:19.353+0000] {dag.py:3096} INFO - Sync 1 DAGs
[2024-04-26T12:39:19.365+0000] {logging_mixin.py:188} INFO - [2024-04-26T12:39:19.365+0000] {dag.py:3954} INFO - Setting next_dagrun for example_kubernetes_executor to None, run_after=None
[2024-04-26T12:39:19.381+0000] {processor.py:183} INFO - Processing /home/airflow/.local/lib/python3.12/site-packages/airflow/example_dags/example_kubernetes_executor.py took 0.078 seconds
[2024-04-26T12:39:49.804+0000] {processor.py:161} INFO - Started process (PID=646) to work on /home/airflow/.local/lib/python3.12/site-packages/airflow/example_dags/example_kubernetes_executor.py
[2024-04-26T12:39:49.805+0000] {processor.py:830} INFO - Processing file /home/airflow/.local/lib/python3.12/site-packages/airflow/example_dags/example_kubernetes_executor.py for tasks to queue
[2024-04-26T12:39:49.807+0000] {logging_mixin.py:188} INFO - [2024-04-26T12:39:49.806+0000] {dagbag.py:540} INFO - Filling up the DagBag from /home/airflow/.local/lib/python3.12/site-packages/airflow/example_dags/example_kubernetes_executor.py
[2024-04-26T12:39:49.816+0000] {processor.py:840} INFO - DAG(s) 'example_kubernetes_executor' retrieved from /home/airflow/.local/lib/python3.12/site-packages/airflow/example_dags/example_kubernetes_executor.py
[2024-04-26T12:39:49.848+0000] {logging_mixin.py:188} INFO - [2024-04-26T12:39:49.848+0000] {dag.py:3096} INFO - Sync 1 DAGs
[2024-04-26T12:39:49.857+0000] {logging_mixin.py:188} INFO - [2024-04-26T12:39:49.857+0000] {dag.py:3954} INFO - Setting next_dagrun for example_kubernetes_executor to None, run_after=None
[2024-04-26T12:39:49.872+0000] {processor.py:183} INFO - Processing /home/airflow/.local/lib/python3.12/site-packages/airflow/example_dags/example_kubernetes_executor.py took 0.072 seconds
[2024-04-26T12:40:20.236+0000] {processor.py:161} INFO - Started process (PID=704) to work on /home/airflow/.local/lib/python3.12/site-packages/airflow/example_dags/example_kubernetes_executor.py
[2024-04-26T12:40:20.237+0000] {processor.py:830} INFO - Processing file /home/airflow/.local/lib/python3.12/site-packages/airflow/example_dags/example_kubernetes_executor.py for tasks to queue
[2024-04-26T12:40:20.238+0000] {logging_mixin.py:188} INFO - [2024-04-26T12:40:20.238+0000] {dagbag.py:540} INFO - Filling up the DagBag from /home/airflow/.local/lib/python3.12/site-packages/airflow/example_dags/example_kubernetes_executor.py
[2024-04-26T12:40:20.249+0000] {processor.py:840} INFO - DAG(s) 'example_kubernetes_executor' retrieved from /home/airflow/.local/lib/python3.12/site-packages/airflow/example_dags/example_kubernetes_executor.py
[2024-04-26T12:40:20.280+0000] {logging_mixin.py:188} INFO - [2024-04-26T12:40:20.279+0000] {dag.py:3096} INFO - Sync 1 DAGs
[2024-04-26T12:40:20.289+0000] {logging_mixin.py:188} INFO - [2024-04-26T12:40:20.289+0000] {dag.py:3954} INFO - Setting next_dagrun for example_kubernetes_executor to None, run_after=None
[2024-04-26T12:40:20.305+0000] {processor.py:183} INFO - Processing /home/airflow/.local/lib/python3.12/site-packages/airflow/example_dags/example_kubernetes_executor.py took 0.074 seconds
[2024-04-26T12:40:50.780+0000] {processor.py:161} INFO - Started process (PID=762) to work on /home/airflow/.local/lib/python3.12/site-packages/airflow/example_dags/example_kubernetes_executor.py
[2024-04-26T12:40:50.781+0000] {processor.py:830} INFO - Processing file /home/airflow/.local/lib/python3.12/site-packages/airflow/example_dags/example_kubernetes_executor.py for tasks to queue
[2024-04-26T12:40:50.782+0000] {logging_mixin.py:188} INFO - [2024-04-26T12:40:50.782+0000] {dagbag.py:540} INFO - Filling up the DagBag from /home/airflow/.local/lib/python3.12/site-packages/airflow/example_dags/example_kubernetes_executor.py
[2024-04-26T12:40:50.793+0000] {processor.py:840} INFO - DAG(s) 'example_kubernetes_executor' retrieved from /home/airflow/.local/lib/python3.12/site-packages/airflow/example_dags/example_kubernetes_executor.py
[2024-04-26T12:40:50.822+0000] {logging_mixin.py:188} INFO - [2024-04-26T12:40:50.822+0000] {dag.py:3096} INFO - Sync 1 DAGs
[2024-04-26T12:40:50.831+0000] {logging_mixin.py:188} INFO - [2024-04-26T12:40:50.831+0000] {dag.py:3954} INFO - Setting next_dagrun for example_kubernetes_executor to None, run_after=None
[2024-04-26T12:40:50.846+0000] {processor.py:183} INFO - Processing /home/airflow/.local/lib/python3.12/site-packages/airflow/example_dags/example_kubernetes_executor.py took 0.071 seconds
[2024-04-26T12:41:21.709+0000] {processor.py:161} INFO - Started process (PID=820) to work on /home/airflow/.local/lib/python3.12/site-packages/airflow/example_dags/example_kubernetes_executor.py
[2024-04-26T12:41:21.710+0000] {processor.py:830} INFO - Processing file /home/airflow/.local/lib/python3.12/site-packages/airflow/example_dags/example_kubernetes_executor.py for tasks to queue
[2024-04-26T12:41:21.712+0000] {logging_mixin.py:188} INFO - [2024-04-26T12:41:21.711+0000] {dagbag.py:540} INFO - Filling up the DagBag from /home/airflow/.local/lib/python3.12/site-packages/airflow/example_dags/example_kubernetes_executor.py
[2024-04-26T12:41:21.722+0000] {processor.py:840} INFO - DAG(s) 'example_kubernetes_executor' retrieved from /home/airflow/.local/lib/python3.12/site-packages/airflow/example_dags/example_kubernetes_executor.py
[2024-04-26T12:41:21.752+0000] {logging_mixin.py:188} INFO - [2024-04-26T12:41:21.752+0000] {dag.py:3096} INFO - Sync 1 DAGs
[2024-04-26T12:41:21.761+0000] {logging_mixin.py:188} INFO - [2024-04-26T12:41:21.761+0000] {dag.py:3954} INFO - Setting next_dagrun for example_kubernetes_executor to None, run_after=None
[2024-04-26T12:41:21.775+0000] {processor.py:183} INFO - Processing /home/airflow/.local/lib/python3.12/site-packages/airflow/example_dags/example_kubernetes_executor.py took 0.071 seconds
[2024-04-26T12:41:53.012+0000] {processor.py:161} INFO - Started process (PID=878) to work on /home/airflow/.local/lib/python3.12/site-packages/airflow/example_dags/example_kubernetes_executor.py
[2024-04-26T12:41:53.013+0000] {processor.py:830} INFO - Processing file /home/airflow/.local/lib/python3.12/site-packages/airflow/example_dags/example_kubernetes_executor.py for tasks to queue
[2024-04-26T12:41:53.015+0000] {logging_mixin.py:188} INFO - [2024-04-26T12:41:53.014+0000] {dagbag.py:540} INFO - Filling up the DagBag from /home/airflow/.local/lib/python3.12/site-packages/airflow/example_dags/example_kubernetes_executor.py
[2024-04-26T12:41:53.024+0000] {processor.py:840} INFO - DAG(s) 'example_kubernetes_executor' retrieved from /home/airflow/.local/lib/python3.12/site-packages/airflow/example_dags/example_kubernetes_executor.py
[2024-04-26T12:41:53.058+0000] {logging_mixin.py:188} INFO - [2024-04-26T12:41:53.058+0000] {dag.py:3096} INFO - Sync 1 DAGs
[2024-04-26T12:41:53.176+0000] {logging_mixin.py:188} INFO - [2024-04-26T12:41:53.176+0000] {dag.py:3954} INFO - Setting next_dagrun for example_kubernetes_executor to None, run_after=None
[2024-04-26T12:41:53.190+0000] {processor.py:183} INFO - Processing /home/airflow/.local/lib/python3.12/site-packages/airflow/example_dags/example_kubernetes_executor.py took 0.182 seconds
[2024-04-26T12:42:23.504+0000] {processor.py:161} INFO - Started process (PID=936) to work on /home/airflow/.local/lib/python3.12/site-packages/airflow/example_dags/example_kubernetes_executor.py
[2024-04-26T12:42:23.505+0000] {processor.py:830} INFO - Processing file /home/airflow/.local/lib/python3.12/site-packages/airflow/example_dags/example_kubernetes_executor.py for tasks to queue
[2024-04-26T12:42:23.507+0000] {logging_mixin.py:188} INFO - [2024-04-26T12:42:23.507+0000] {dagbag.py:540} INFO - Filling up the DagBag from /home/airflow/.local/lib/python3.12/site-packages/airflow/example_dags/example_kubernetes_executor.py
[2024-04-26T12:42:23.517+0000] {processor.py:840} INFO - DAG(s) 'example_kubernetes_executor' retrieved from /home/airflow/.local/lib/python3.12/site-packages/airflow/example_dags/example_kubernetes_executor.py
[2024-04-26T12:42:23.547+0000] {logging_mixin.py:188} INFO - [2024-04-26T12:42:23.546+0000] {dag.py:3096} INFO - Sync 1 DAGs
[2024-04-26T12:42:23.556+0000] {logging_mixin.py:188} INFO - [2024-04-26T12:42:23.555+0000] {dag.py:3954} INFO - Setting next_dagrun for example_kubernetes_executor to None, run_after=None
[2024-04-26T12:42:23.570+0000] {processor.py:183} INFO - Processing /home/airflow/.local/lib/python3.12/site-packages/airflow/example_dags/example_kubernetes_executor.py took 0.071 seconds
[2024-04-26T12:42:54.209+0000] {processor.py:161} INFO - Started process (PID=994) to work on /home/airflow/.local/lib/python3.12/site-packages/airflow/example_dags/example_kubernetes_executor.py
[2024-04-26T12:42:54.210+0000] {processor.py:830} INFO - Processing file /home/airflow/.local/lib/python3.12/site-packages/airflow/example_dags/example_kubernetes_executor.py for tasks to queue
[2024-04-26T12:42:54.212+0000] {logging_mixin.py:188} INFO - [2024-04-26T12:42:54.212+0000] {dagbag.py:540} INFO - Filling up the DagBag from /home/airflow/.local/lib/python3.12/site-packages/airflow/example_dags/example_kubernetes_executor.py
[2024-04-26T12:42:54.223+0000] {processor.py:840} INFO - DAG(s) 'example_kubernetes_executor' retrieved from /home/airflow/.local/lib/python3.12/site-packages/airflow/example_dags/example_kubernetes_executor.py
[2024-04-26T12:42:54.253+0000] {logging_mixin.py:188} INFO - [2024-04-26T12:42:54.253+0000] {dag.py:3096} INFO - Sync 1 DAGs
[2024-04-26T12:42:54.264+0000] {logging_mixin.py:188} INFO - [2024-04-26T12:42:54.264+0000] {dag.py:3954} INFO - Setting next_dagrun for example_kubernetes_executor to None, run_after=None
[2024-04-26T12:42:54.279+0000] {processor.py:183} INFO - Processing /home/airflow/.local/lib/python3.12/site-packages/airflow/example_dags/example_kubernetes_executor.py took 0.076 seconds
[2024-04-26T12:43:25.366+0000] {processor.py:161} INFO - Started process (PID=1052) to work on /home/airflow/.local/lib/python3.12/site-packages/airflow/example_dags/example_kubernetes_executor.py
[2024-04-26T12:43:25.367+0000] {processor.py:830} INFO - Processing file /home/airflow/.local/lib/python3.12/site-packages/airflow/example_dags/example_kubernetes_executor.py for tasks to queue
[2024-04-26T12:43:25.368+0000] {logging_mixin.py:188} INFO - [2024-04-26T12:43:25.368+0000] {dagbag.py:540} INFO - Filling up the DagBag from /home/airflow/.local/lib/python3.12/site-packages/airflow/example_dags/example_kubernetes_executor.py
[2024-04-26T12:43:25.378+0000] {processor.py:840} INFO - DAG(s) 'example_kubernetes_executor' retrieved from /home/airflow/.local/lib/python3.12/site-packages/airflow/example_dags/example_kubernetes_executor.py
[2024-04-26T12:43:25.410+0000] {logging_mixin.py:188} INFO - [2024-04-26T12:43:25.410+0000] {dag.py:3096} INFO - Sync 1 DAGs
[2024-04-26T12:43:25.422+0000] {logging_mixin.py:188} INFO - [2024-04-26T12:43:25.421+0000] {dag.py:3954} INFO - Setting next_dagrun for example_kubernetes_executor to None, run_after=None
[2024-04-26T12:43:25.440+0000] {processor.py:183} INFO - Processing /home/airflow/.local/lib/python3.12/site-packages/airflow/example_dags/example_kubernetes_executor.py took 0.078 seconds
[2024-04-26T12:43:55.790+0000] {processor.py:161} INFO - Started process (PID=1110) to work on /home/airflow/.local/lib/python3.12/site-packages/airflow/example_dags/example_kubernetes_executor.py
[2024-04-26T12:43:55.791+0000] {processor.py:830} INFO - Processing file /home/airflow/.local/lib/python3.12/site-packages/airflow/example_dags/example_kubernetes_executor.py for tasks to queue
[2024-04-26T12:43:55.793+0000] {logging_mixin.py:188} INFO - [2024-04-26T12:43:55.793+0000] {dagbag.py:540} INFO - Filling up the DagBag from /home/airflow/.local/lib/python3.12/site-packages/airflow/example_dags/example_kubernetes_executor.py
[2024-04-26T12:43:55.803+0000] {processor.py:840} INFO - DAG(s) 'example_kubernetes_executor' retrieved from /home/airflow/.local/lib/python3.12/site-packages/airflow/example_dags/example_kubernetes_executor.py
[2024-04-26T12:43:55.834+0000] {logging_mixin.py:188} INFO - [2024-04-26T12:43:55.834+0000] {dag.py:3096} INFO - Sync 1 DAGs
[2024-04-26T12:43:55.952+0000] {logging_mixin.py:188} INFO - [2024-04-26T12:43:55.952+0000] {dag.py:3954} INFO - Setting next_dagrun for example_kubernetes_executor to None, run_after=None
[2024-04-26T12:43:55.969+0000] {processor.py:183} INFO - Processing /home/airflow/.local/lib/python3.12/site-packages/airflow/example_dags/example_kubernetes_executor.py took 0.184 seconds
[2024-04-26T12:44:26.582+0000] {processor.py:161} INFO - Started process (PID=1168) to work on /home/airflow/.local/lib/python3.12/site-packages/airflow/example_dags/example_kubernetes_executor.py
[2024-04-26T12:44:26.583+0000] {processor.py:830} INFO - Processing file /home/airflow/.local/lib/python3.12/site-packages/airflow/example_dags/example_kubernetes_executor.py for tasks to queue
[2024-04-26T12:44:26.585+0000] {logging_mixin.py:188} INFO - [2024-04-26T12:44:26.584+0000] {dagbag.py:540} INFO - Filling up the DagBag from /home/airflow/.local/lib/python3.12/site-packages/airflow/example_dags/example_kubernetes_executor.py
[2024-04-26T12:44:26.594+0000] {processor.py:840} INFO - DAG(s) 'example_kubernetes_executor' retrieved from /home/airflow/.local/lib/python3.12/site-packages/airflow/example_dags/example_kubernetes_executor.py
[2024-04-26T12:44:26.626+0000] {logging_mixin.py:188} INFO - [2024-04-26T12:44:26.626+0000] {dag.py:3096} INFO - Sync 1 DAGs
[2024-04-26T12:44:26.636+0000] {logging_mixin.py:188} INFO - [2024-04-26T12:44:26.636+0000] {dag.py:3954} INFO - Setting next_dagrun for example_kubernetes_executor to None, run_after=None
[2024-04-26T12:44:26.651+0000] {processor.py:183} INFO - Processing /home/airflow/.local/lib/python3.12/site-packages/airflow/example_dags/example_kubernetes_executor.py took 0.073 seconds
[2024-04-26T12:44:57.217+0000] {processor.py:161} INFO - Started process (PID=1228) to work on /home/airflow/.local/lib/python3.12/site-packages/airflow/example_dags/example_kubernetes_executor.py
[2024-04-26T12:44:57.218+0000] {processor.py:830} INFO - Processing file /home/airflow/.local/lib/python3.12/site-packages/airflow/example_dags/example_kubernetes_executor.py for tasks to queue
[2024-04-26T12:44:57.219+0000] {logging_mixin.py:188} INFO - [2024-04-26T12:44:57.219+0000] {dagbag.py:540} INFO - Filling up the DagBag from /home/airflow/.local/lib/python3.12/site-packages/airflow/example_dags/example_kubernetes_executor.py
[2024-04-26T12:44:57.229+0000] {processor.py:840} INFO - DAG(s) 'example_kubernetes_executor' retrieved from /home/airflow/.local/lib/python3.12/site-packages/airflow/example_dags/example_kubernetes_executor.py
[2024-04-26T12:44:57.262+0000] {logging_mixin.py:188} INFO - [2024-04-26T12:44:57.261+0000] {dag.py:3096} INFO - Sync 1 DAGs
[2024-04-26T12:44:57.274+0000] {logging_mixin.py:188} INFO - [2024-04-26T12:44:57.273+0000] {dag.py:3954} INFO - Setting next_dagrun for example_kubernetes_executor to None, run_after=None
[2024-04-26T12:44:57.290+0000] {processor.py:183} INFO - Processing /home/airflow/.local/lib/python3.12/site-packages/airflow/example_dags/example_kubernetes_executor.py took 0.078 seconds
[2024-04-26T12:45:27.697+0000] {processor.py:161} INFO - Started process (PID=1288) to work on /home/airflow/.local/lib/python3.12/site-packages/airflow/example_dags/example_kubernetes_executor.py
[2024-04-26T12:45:27.698+0000] {processor.py:830} INFO - Processing file /home/airflow/.local/lib/python3.12/site-packages/airflow/example_dags/example_kubernetes_executor.py for tasks to queue
[2024-04-26T12:45:27.699+0000] {logging_mixin.py:188} INFO - [2024-04-26T12:45:27.699+0000] {dagbag.py:540} INFO - Filling up the DagBag from /home/airflow/.local/lib/python3.12/site-packages/airflow/example_dags/example_kubernetes_executor.py
[2024-04-26T12:45:27.709+0000] {processor.py:840} INFO - DAG(s) 'example_kubernetes_executor' retrieved from /home/airflow/.local/lib/python3.12/site-packages/airflow/example_dags/example_kubernetes_executor.py
[2024-04-26T12:45:27.742+0000] {logging_mixin.py:188} INFO - [2024-04-26T12:45:27.742+0000] {dag.py:3096} INFO - Sync 1 DAGs
[2024-04-26T12:45:27.752+0000] {logging_mixin.py:188} INFO - [2024-04-26T12:45:27.752+0000] {dag.py:3954} INFO - Setting next_dagrun for example_kubernetes_executor to None, run_after=None
[2024-04-26T12:45:27.766+0000] {processor.py:183} INFO - Processing /home/airflow/.local/lib/python3.12/site-packages/airflow/example_dags/example_kubernetes_executor.py took 0.074 seconds
[2024-04-26T12:45:58.306+0000] {processor.py:161} INFO - Started process (PID=1350) to work on /home/airflow/.local/lib/python3.12/site-packages/airflow/example_dags/example_kubernetes_executor.py
[2024-04-26T12:45:58.307+0000] {processor.py:830} INFO - Processing file /home/airflow/.local/lib/python3.12/site-packages/airflow/example_dags/example_kubernetes_executor.py for tasks to queue
[2024-04-26T12:45:58.309+0000] {logging_mixin.py:188} INFO - [2024-04-26T12:45:58.308+0000] {dagbag.py:540} INFO - Filling up the DagBag from /home/airflow/.local/lib/python3.12/site-packages/airflow/example_dags/example_kubernetes_executor.py
[2024-04-26T12:45:58.318+0000] {processor.py:840} INFO - DAG(s) 'example_kubernetes_executor' retrieved from /home/airflow/.local/lib/python3.12/site-packages/airflow/example_dags/example_kubernetes_executor.py
[2024-04-26T12:45:58.353+0000] {logging_mixin.py:188} INFO - [2024-04-26T12:45:58.352+0000] {dag.py:3096} INFO - Sync 1 DAGs
[2024-04-26T12:45:58.364+0000] {logging_mixin.py:188} INFO - [2024-04-26T12:45:58.364+0000] {dag.py:3954} INFO - Setting next_dagrun for example_kubernetes_executor to None, run_after=None
[2024-04-26T12:45:58.381+0000] {processor.py:183} INFO - Processing /home/airflow/.local/lib/python3.12/site-packages/airflow/example_dags/example_kubernetes_executor.py took 0.081 seconds
[2024-04-26T12:46:29.008+0000] {processor.py:161} INFO - Started process (PID=1412) to work on /home/airflow/.local/lib/python3.12/site-packages/airflow/example_dags/example_kubernetes_executor.py
[2024-04-26T12:46:29.009+0000] {processor.py:830} INFO - Processing file /home/airflow/.local/lib/python3.12/site-packages/airflow/example_dags/example_kubernetes_executor.py for tasks to queue
[2024-04-26T12:46:29.011+0000] {logging_mixin.py:188} INFO - [2024-04-26T12:46:29.010+0000] {dagbag.py:540} INFO - Filling up the DagBag from /home/airflow/.local/lib/python3.12/site-packages/airflow/example_dags/example_kubernetes_executor.py
[2024-04-26T12:46:29.022+0000] {processor.py:840} INFO - DAG(s) 'example_kubernetes_executor' retrieved from /home/airflow/.local/lib/python3.12/site-packages/airflow/example_dags/example_kubernetes_executor.py
[2024-04-26T12:46:29.056+0000] {logging_mixin.py:188} INFO - [2024-04-26T12:46:29.056+0000] {dag.py:3096} INFO - Sync 1 DAGs
[2024-04-26T12:46:29.067+0000] {logging_mixin.py:188} INFO - [2024-04-26T12:46:29.066+0000] {dag.py:3954} INFO - Setting next_dagrun for example_kubernetes_executor to None, run_after=None
[2024-04-26T12:46:29.088+0000] {processor.py:183} INFO - Processing /home/airflow/.local/lib/python3.12/site-packages/airflow/example_dags/example_kubernetes_executor.py took 0.086 seconds
[2024-04-26T12:46:59.438+0000] {processor.py:161} INFO - Started process (PID=1472) to work on /home/airflow/.local/lib/python3.12/site-packages/airflow/example_dags/example_kubernetes_executor.py
[2024-04-26T12:46:59.439+0000] {processor.py:830} INFO - Processing file /home/airflow/.local/lib/python3.12/site-packages/airflow/example_dags/example_kubernetes_executor.py for tasks to queue
[2024-04-26T12:46:59.440+0000] {logging_mixin.py:188} INFO - [2024-04-26T12:46:59.440+0000] {dagbag.py:540} INFO - Filling up the DagBag from /home/airflow/.local/lib/python3.12/site-packages/airflow/example_dags/example_kubernetes_executor.py
[2024-04-26T12:46:59.450+0000] {processor.py:840} INFO - DAG(s) 'example_kubernetes_executor' retrieved from /home/airflow/.local/lib/python3.12/site-packages/airflow/example_dags/example_kubernetes_executor.py
[2024-04-26T12:46:59.480+0000] {logging_mixin.py:188} INFO - [2024-04-26T12:46:59.479+0000] {dag.py:3096} INFO - Sync 1 DAGs
[2024-04-26T12:46:59.490+0000] {logging_mixin.py:188} INFO - [2024-04-26T12:46:59.490+0000] {dag.py:3954} INFO - Setting next_dagrun for example_kubernetes_executor to None, run_after=None
[2024-04-26T12:46:59.505+0000] {processor.py:183} INFO - Processing /home/airflow/.local/lib/python3.12/site-packages/airflow/example_dags/example_kubernetes_executor.py took 0.072 seconds
[2024-04-26T12:47:29.796+0000] {processor.py:161} INFO - Started process (PID=1538) to work on /home/airflow/.local/lib/python3.12/site-packages/airflow/example_dags/example_kubernetes_executor.py
[2024-04-26T12:47:29.797+0000] {processor.py:830} INFO - Processing file /home/airflow/.local/lib/python3.12/site-packages/airflow/example_dags/example_kubernetes_executor.py for tasks to queue
[2024-04-26T12:47:29.798+0000] {logging_mixin.py:188} INFO - [2024-04-26T12:47:29.798+0000] {dagbag.py:540} INFO - Filling up the DagBag from /home/airflow/.local/lib/python3.12/site-packages/airflow/example_dags/example_kubernetes_executor.py
[2024-04-26T12:47:29.808+0000] {processor.py:840} INFO - DAG(s) 'example_kubernetes_executor' retrieved from /home/airflow/.local/lib/python3.12/site-packages/airflow/example_dags/example_kubernetes_executor.py
[2024-04-26T12:47:29.843+0000] {logging_mixin.py:188} INFO - [2024-04-26T12:47:29.842+0000] {dag.py:3096} INFO - Sync 1 DAGs
[2024-04-26T12:47:29.853+0000] {logging_mixin.py:188} INFO - [2024-04-26T12:47:29.853+0000] {dag.py:3954} INFO - Setting next_dagrun for example_kubernetes_executor to None, run_after=None
[2024-04-26T12:47:29.867+0000] {processor.py:183} INFO - Processing /home/airflow/.local/lib/python3.12/site-packages/airflow/example_dags/example_kubernetes_executor.py took 0.076 seconds
[2024-04-26T12:48:00.182+0000] {processor.py:161} INFO - Started process (PID=1598) to work on /home/airflow/.local/lib/python3.12/site-packages/airflow/example_dags/example_kubernetes_executor.py
[2024-04-26T12:48:00.183+0000] {processor.py:830} INFO - Processing file /home/airflow/.local/lib/python3.12/site-packages/airflow/example_dags/example_kubernetes_executor.py for tasks to queue
[2024-04-26T12:48:00.184+0000] {logging_mixin.py:188} INFO - [2024-04-26T12:48:00.184+0000] {dagbag.py:540} INFO - Filling up the DagBag from /home/airflow/.local/lib/python3.12/site-packages/airflow/example_dags/example_kubernetes_executor.py
[2024-04-26T12:48:00.194+0000] {processor.py:840} INFO - DAG(s) 'example_kubernetes_executor' retrieved from /home/airflow/.local/lib/python3.12/site-packages/airflow/example_dags/example_kubernetes_executor.py
[2024-04-26T12:48:00.225+0000] {logging_mixin.py:188} INFO - [2024-04-26T12:48:00.224+0000] {dag.py:3096} INFO - Sync 1 DAGs
[2024-04-26T12:48:00.236+0000] {logging_mixin.py:188} INFO - [2024-04-26T12:48:00.236+0000] {dag.py:3954} INFO - Setting next_dagrun for example_kubernetes_executor to None, run_after=None
[2024-04-26T12:48:00.250+0000] {processor.py:183} INFO - Processing /home/airflow/.local/lib/python3.12/site-packages/airflow/example_dags/example_kubernetes_executor.py took 0.073 seconds
[2024-04-26T12:48:30.562+0000] {processor.py:161} INFO - Started process (PID=1658) to work on /home/airflow/.local/lib/python3.12/site-packages/airflow/example_dags/example_kubernetes_executor.py
[2024-04-26T12:48:30.563+0000] {processor.py:830} INFO - Processing file /home/airflow/.local/lib/python3.12/site-packages/airflow/example_dags/example_kubernetes_executor.py for tasks to queue
[2024-04-26T12:48:30.564+0000] {logging_mixin.py:188} INFO - [2024-04-26T12:48:30.564+0000] {dagbag.py:540} INFO - Filling up the DagBag from /home/airflow/.local/lib/python3.12/site-packages/airflow/example_dags/example_kubernetes_executor.py
[2024-04-26T12:48:30.573+0000] {processor.py:840} INFO - DAG(s) 'example_kubernetes_executor' retrieved from /home/airflow/.local/lib/python3.12/site-packages/airflow/example_dags/example_kubernetes_executor.py
[2024-04-26T12:48:30.603+0000] {logging_mixin.py:188} INFO - [2024-04-26T12:48:30.603+0000] {dag.py:3096} INFO - Sync 1 DAGs
[2024-04-26T12:48:30.613+0000] {logging_mixin.py:188} INFO - [2024-04-26T12:48:30.613+0000] {dag.py:3954} INFO - Setting next_dagrun for example_kubernetes_executor to None, run_after=None
[2024-04-26T12:48:30.628+0000] {processor.py:183} INFO - Processing /home/airflow/.local/lib/python3.12/site-packages/airflow/example_dags/example_kubernetes_executor.py took 0.070 seconds
[2024-04-26T12:49:01.044+0000] {processor.py:161} INFO - Started process (PID=1718) to work on /home/airflow/.local/lib/python3.12/site-packages/airflow/example_dags/example_kubernetes_executor.py
[2024-04-26T12:49:01.045+0000] {processor.py:830} INFO - Processing file /home/airflow/.local/lib/python3.12/site-packages/airflow/example_dags/example_kubernetes_executor.py for tasks to queue
[2024-04-26T12:49:01.046+0000] {logging_mixin.py:188} INFO - [2024-04-26T12:49:01.046+0000] {dagbag.py:540} INFO - Filling up the DagBag from /home/airflow/.local/lib/python3.12/site-packages/airflow/example_dags/example_kubernetes_executor.py
[2024-04-26T12:49:01.056+0000] {processor.py:840} INFO - DAG(s) 'example_kubernetes_executor' retrieved from /home/airflow/.local/lib/python3.12/site-packages/airflow/example_dags/example_kubernetes_executor.py
[2024-04-26T12:49:01.089+0000] {logging_mixin.py:188} INFO - [2024-04-26T12:49:01.089+0000] {dag.py:3096} INFO - Sync 1 DAGs
[2024-04-26T12:49:01.099+0000] {logging_mixin.py:188} INFO - [2024-04-26T12:49:01.099+0000] {dag.py:3954} INFO - Setting next_dagrun for example_kubernetes_executor to None, run_after=None
[2024-04-26T12:49:01.114+0000] {processor.py:183} INFO - Processing /home/airflow/.local/lib/python3.12/site-packages/airflow/example_dags/example_kubernetes_executor.py took 0.075 seconds
[2024-04-26T12:49:31.793+0000] {processor.py:161} INFO - Started process (PID=1820) to work on /home/airflow/.local/lib/python3.12/site-packages/airflow/example_dags/example_kubernetes_executor.py
[2024-04-26T12:49:31.795+0000] {processor.py:830} INFO - Processing file /home/airflow/.local/lib/python3.12/site-packages/airflow/example_dags/example_kubernetes_executor.py for tasks to queue
[2024-04-26T12:49:31.797+0000] {logging_mixin.py:188} INFO - [2024-04-26T12:49:31.797+0000] {dagbag.py:540} INFO - Filling up the DagBag from /home/airflow/.local/lib/python3.12/site-packages/airflow/example_dags/example_kubernetes_executor.py
[2024-04-26T12:49:31.813+0000] {processor.py:840} INFO - DAG(s) 'example_kubernetes_executor' retrieved from /home/airflow/.local/lib/python3.12/site-packages/airflow/example_dags/example_kubernetes_executor.py
[2024-04-26T12:49:31.856+0000] {logging_mixin.py:188} INFO - [2024-04-26T12:49:31.855+0000] {dag.py:3096} INFO - Sync 1 DAGs
[2024-04-26T12:49:31.870+0000] {logging_mixin.py:188} INFO - [2024-04-26T12:49:31.870+0000] {dag.py:3954} INFO - Setting next_dagrun for example_kubernetes_executor to None, run_after=None
[2024-04-26T12:49:31.892+0000] {processor.py:183} INFO - Processing /home/airflow/.local/lib/python3.12/site-packages/airflow/example_dags/example_kubernetes_executor.py took 0.104 seconds
[2024-04-26T12:50:02.650+0000] {processor.py:161} INFO - Started process (PID=2052) to work on /home/airflow/.local/lib/python3.12/site-packages/airflow/example_dags/example_kubernetes_executor.py
[2024-04-26T12:50:02.651+0000] {processor.py:830} INFO - Processing file /home/airflow/.local/lib/python3.12/site-packages/airflow/example_dags/example_kubernetes_executor.py for tasks to queue
[2024-04-26T12:50:02.653+0000] {logging_mixin.py:188} INFO - [2024-04-26T12:50:02.653+0000] {dagbag.py:540} INFO - Filling up the DagBag from /home/airflow/.local/lib/python3.12/site-packages/airflow/example_dags/example_kubernetes_executor.py
[2024-04-26T12:50:02.662+0000] {processor.py:840} INFO - DAG(s) 'example_kubernetes_executor' retrieved from /home/airflow/.local/lib/python3.12/site-packages/airflow/example_dags/example_kubernetes_executor.py
[2024-04-26T12:50:02.698+0000] {logging_mixin.py:188} INFO - [2024-04-26T12:50:02.698+0000] {dag.py:3096} INFO - Sync 1 DAGs
[2024-04-26T12:50:02.708+0000] {logging_mixin.py:188} INFO - [2024-04-26T12:50:02.708+0000] {dag.py:3954} INFO - Setting next_dagrun for example_kubernetes_executor to None, run_after=None
[2024-04-26T12:50:02.725+0000] {processor.py:183} INFO - Processing /home/airflow/.local/lib/python3.12/site-packages/airflow/example_dags/example_kubernetes_executor.py took 0.079 seconds
[2024-04-26T12:50:33.608+0000] {processor.py:161} INFO - Started process (PID=2332) to work on /home/airflow/.local/lib/python3.12/site-packages/airflow/example_dags/example_kubernetes_executor.py
[2024-04-26T12:50:33.611+0000] {processor.py:830} INFO - Processing file /home/airflow/.local/lib/python3.12/site-packages/airflow/example_dags/example_kubernetes_executor.py for tasks to queue
[2024-04-26T12:50:33.614+0000] {logging_mixin.py:188} INFO - [2024-04-26T12:50:33.614+0000] {dagbag.py:540} INFO - Filling up the DagBag from /home/airflow/.local/lib/python3.12/site-packages/airflow/example_dags/example_kubernetes_executor.py
[2024-04-26T12:50:33.637+0000] {processor.py:840} INFO - DAG(s) 'example_kubernetes_executor' retrieved from /home/airflow/.local/lib/python3.12/site-packages/airflow/example_dags/example_kubernetes_executor.py
[2024-04-26T12:50:33.700+0000] {logging_mixin.py:188} INFO - [2024-04-26T12:50:33.700+0000] {dag.py:3096} INFO - Sync 1 DAGs
[2024-04-26T12:50:33.719+0000] {logging_mixin.py:188} INFO - [2024-04-26T12:50:33.718+0000] {dag.py:3954} INFO - Setting next_dagrun for example_kubernetes_executor to None, run_after=None
[2024-04-26T12:50:33.748+0000] {processor.py:183} INFO - Processing /home/airflow/.local/lib/python3.12/site-packages/airflow/example_dags/example_kubernetes_executor.py took 0.148 seconds
[2024-04-26T12:51:03.943+0000] {processor.py:161} INFO - Started process (PID=2577) to work on /home/airflow/.local/lib/python3.12/site-packages/airflow/example_dags/example_kubernetes_executor.py
[2024-04-26T12:51:03.944+0000] {processor.py:830} INFO - Processing file /home/airflow/.local/lib/python3.12/site-packages/airflow/example_dags/example_kubernetes_executor.py for tasks to queue
[2024-04-26T12:51:03.948+0000] {logging_mixin.py:188} INFO - [2024-04-26T12:51:03.948+0000] {dagbag.py:540} INFO - Filling up the DagBag from /home/airflow/.local/lib/python3.12/site-packages/airflow/example_dags/example_kubernetes_executor.py
[2024-04-26T12:51:03.969+0000] {processor.py:840} INFO - DAG(s) 'example_kubernetes_executor' retrieved from /home/airflow/.local/lib/python3.12/site-packages/airflow/example_dags/example_kubernetes_executor.py
[2024-04-26T12:51:04.022+0000] {logging_mixin.py:188} INFO - [2024-04-26T12:51:04.021+0000] {dag.py:3096} INFO - Sync 1 DAGs
[2024-04-26T12:51:04.040+0000] {logging_mixin.py:188} INFO - [2024-04-26T12:51:04.039+0000] {dag.py:3954} INFO - Setting next_dagrun for example_kubernetes_executor to None, run_after=None
[2024-04-26T12:51:04.072+0000] {processor.py:183} INFO - Processing /home/airflow/.local/lib/python3.12/site-packages/airflow/example_dags/example_kubernetes_executor.py took 0.138 seconds
[2024-04-26T12:51:34.470+0000] {processor.py:161} INFO - Started process (PID=2813) to work on /home/airflow/.local/lib/python3.12/site-packages/airflow/example_dags/example_kubernetes_executor.py
[2024-04-26T12:51:34.471+0000] {processor.py:830} INFO - Processing file /home/airflow/.local/lib/python3.12/site-packages/airflow/example_dags/example_kubernetes_executor.py for tasks to queue
[2024-04-26T12:51:34.473+0000] {logging_mixin.py:188} INFO - [2024-04-26T12:51:34.473+0000] {dagbag.py:540} INFO - Filling up the DagBag from /home/airflow/.local/lib/python3.12/site-packages/airflow/example_dags/example_kubernetes_executor.py
[2024-04-26T12:51:34.487+0000] {processor.py:840} INFO - DAG(s) 'example_kubernetes_executor' retrieved from /home/airflow/.local/lib/python3.12/site-packages/airflow/example_dags/example_kubernetes_executor.py
[2024-04-26T12:51:34.526+0000] {logging_mixin.py:188} INFO - [2024-04-26T12:51:34.526+0000] {dag.py:3096} INFO - Sync 1 DAGs
[2024-04-26T12:51:34.539+0000] {logging_mixin.py:188} INFO - [2024-04-26T12:51:34.539+0000] {dag.py:3954} INFO - Setting next_dagrun for example_kubernetes_executor to None, run_after=None
[2024-04-26T12:51:34.561+0000] {processor.py:183} INFO - Processing /home/airflow/.local/lib/python3.12/site-packages/airflow/example_dags/example_kubernetes_executor.py took 0.098 seconds
[2024-04-26T12:52:04.868+0000] {processor.py:161} INFO - Started process (PID=3056) to work on /home/airflow/.local/lib/python3.12/site-packages/airflow/example_dags/example_kubernetes_executor.py
[2024-04-26T12:52:04.869+0000] {processor.py:830} INFO - Processing file /home/airflow/.local/lib/python3.12/site-packages/airflow/example_dags/example_kubernetes_executor.py for tasks to queue
[2024-04-26T12:52:04.871+0000] {logging_mixin.py:188} INFO - [2024-04-26T12:52:04.870+0000] {dagbag.py:540} INFO - Filling up the DagBag from /home/airflow/.local/lib/python3.12/site-packages/airflow/example_dags/example_kubernetes_executor.py
[2024-04-26T12:52:04.887+0000] {processor.py:840} INFO - DAG(s) 'example_kubernetes_executor' retrieved from /home/airflow/.local/lib/python3.12/site-packages/airflow/example_dags/example_kubernetes_executor.py
[2024-04-26T12:52:04.924+0000] {logging_mixin.py:188} INFO - [2024-04-26T12:52:04.923+0000] {dag.py:3096} INFO - Sync 1 DAGs
[2024-04-26T12:52:04.935+0000] {logging_mixin.py:188} INFO - [2024-04-26T12:52:04.935+0000] {dag.py:3954} INFO - Setting next_dagrun for example_kubernetes_executor to None, run_after=None
[2024-04-26T12:52:04.953+0000] {processor.py:183} INFO - Processing /home/airflow/.local/lib/python3.12/site-packages/airflow/example_dags/example_kubernetes_executor.py took 0.091 seconds
[2024-04-26T12:52:35.030+0000] {processor.py:161} INFO - Started process (PID=3312) to work on /home/airflow/.local/lib/python3.12/site-packages/airflow/example_dags/example_kubernetes_executor.py
[2024-04-26T12:52:35.031+0000] {processor.py:830} INFO - Processing file /home/airflow/.local/lib/python3.12/site-packages/airflow/example_dags/example_kubernetes_executor.py for tasks to queue
[2024-04-26T12:52:35.033+0000] {logging_mixin.py:188} INFO - [2024-04-26T12:52:35.033+0000] {dagbag.py:540} INFO - Filling up the DagBag from /home/airflow/.local/lib/python3.12/site-packages/airflow/example_dags/example_kubernetes_executor.py
[2024-04-26T12:52:35.043+0000] {processor.py:840} INFO - DAG(s) 'example_kubernetes_executor' retrieved from /home/airflow/.local/lib/python3.12/site-packages/airflow/example_dags/example_kubernetes_executor.py
[2024-04-26T12:52:35.075+0000] {logging_mixin.py:188} INFO - [2024-04-26T12:52:35.074+0000] {dag.py:3096} INFO - Sync 1 DAGs
[2024-04-26T12:52:35.085+0000] {logging_mixin.py:188} INFO - [2024-04-26T12:52:35.085+0000] {dag.py:3954} INFO - Setting next_dagrun for example_kubernetes_executor to None, run_after=None
[2024-04-26T12:52:35.102+0000] {processor.py:183} INFO - Processing /home/airflow/.local/lib/python3.12/site-packages/airflow/example_dags/example_kubernetes_executor.py took 0.077 seconds
[2024-04-26T12:53:05.440+0000] {processor.py:161} INFO - Started process (PID=3568) to work on /home/airflow/.local/lib/python3.12/site-packages/airflow/example_dags/example_kubernetes_executor.py
[2024-04-26T12:53:05.441+0000] {processor.py:830} INFO - Processing file /home/airflow/.local/lib/python3.12/site-packages/airflow/example_dags/example_kubernetes_executor.py for tasks to queue
[2024-04-26T12:53:05.444+0000] {logging_mixin.py:188} INFO - [2024-04-26T12:53:05.443+0000] {dagbag.py:540} INFO - Filling up the DagBag from /home/airflow/.local/lib/python3.12/site-packages/airflow/example_dags/example_kubernetes_executor.py
[2024-04-26T12:53:05.461+0000] {processor.py:840} INFO - DAG(s) 'example_kubernetes_executor' retrieved from /home/airflow/.local/lib/python3.12/site-packages/airflow/example_dags/example_kubernetes_executor.py
[2024-04-26T12:53:05.508+0000] {logging_mixin.py:188} INFO - [2024-04-26T12:53:05.508+0000] {dag.py:3096} INFO - Sync 1 DAGs
[2024-04-26T12:53:05.523+0000] {logging_mixin.py:188} INFO - [2024-04-26T12:53:05.522+0000] {dag.py:3954} INFO - Setting next_dagrun for example_kubernetes_executor to None, run_after=None
[2024-04-26T12:53:05.548+0000] {processor.py:183} INFO - Processing /home/airflow/.local/lib/python3.12/site-packages/airflow/example_dags/example_kubernetes_executor.py took 0.115 seconds
[2024-04-26T12:53:35.595+0000] {processor.py:161} INFO - Started process (PID=3796) to work on /home/airflow/.local/lib/python3.12/site-packages/airflow/example_dags/example_kubernetes_executor.py
[2024-04-26T12:53:35.596+0000] {processor.py:830} INFO - Processing file /home/airflow/.local/lib/python3.12/site-packages/airflow/example_dags/example_kubernetes_executor.py for tasks to queue
[2024-04-26T12:53:35.598+0000] {logging_mixin.py:188} INFO - [2024-04-26T12:53:35.598+0000] {dagbag.py:540} INFO - Filling up the DagBag from /home/airflow/.local/lib/python3.12/site-packages/airflow/example_dags/example_kubernetes_executor.py
[2024-04-26T12:53:35.613+0000] {processor.py:840} INFO - DAG(s) 'example_kubernetes_executor' retrieved from /home/airflow/.local/lib/python3.12/site-packages/airflow/example_dags/example_kubernetes_executor.py
[2024-04-26T12:53:35.647+0000] {logging_mixin.py:188} INFO - [2024-04-26T12:53:35.646+0000] {dag.py:3096} INFO - Sync 1 DAGs
[2024-04-26T12:53:35.659+0000] {logging_mixin.py:188} INFO - [2024-04-26T12:53:35.658+0000] {dag.py:3954} INFO - Setting next_dagrun for example_kubernetes_executor to None, run_after=None
[2024-04-26T12:53:35.679+0000] {processor.py:183} INFO - Processing /home/airflow/.local/lib/python3.12/site-packages/airflow/example_dags/example_kubernetes_executor.py took 0.089 seconds
[2024-04-26T12:54:06.017+0000] {processor.py:161} INFO - Started process (PID=3860) to work on /home/airflow/.local/lib/python3.12/site-packages/airflow/example_dags/example_kubernetes_executor.py
[2024-04-26T12:54:06.018+0000] {processor.py:830} INFO - Processing file /home/airflow/.local/lib/python3.12/site-packages/airflow/example_dags/example_kubernetes_executor.py for tasks to queue
[2024-04-26T12:54:06.020+0000] {logging_mixin.py:188} INFO - [2024-04-26T12:54:06.019+0000] {dagbag.py:540} INFO - Filling up the DagBag from /home/airflow/.local/lib/python3.12/site-packages/airflow/example_dags/example_kubernetes_executor.py
[2024-04-26T12:54:06.030+0000] {processor.py:840} INFO - DAG(s) 'example_kubernetes_executor' retrieved from /home/airflow/.local/lib/python3.12/site-packages/airflow/example_dags/example_kubernetes_executor.py
[2024-04-26T12:54:06.060+0000] {logging_mixin.py:188} INFO - [2024-04-26T12:54:06.060+0000] {dag.py:3096} INFO - Sync 1 DAGs
[2024-04-26T12:54:06.070+0000] {logging_mixin.py:188} INFO - [2024-04-26T12:54:06.070+0000] {dag.py:3954} INFO - Setting next_dagrun for example_kubernetes_executor to None, run_after=None
[2024-04-26T12:54:06.085+0000] {processor.py:183} INFO - Processing /home/airflow/.local/lib/python3.12/site-packages/airflow/example_dags/example_kubernetes_executor.py took 0.072 seconds
[2024-04-26T12:54:36.333+0000] {processor.py:161} INFO - Started process (PID=3920) to work on /home/airflow/.local/lib/python3.12/site-packages/airflow/example_dags/example_kubernetes_executor.py
[2024-04-26T12:54:36.334+0000] {processor.py:830} INFO - Processing file /home/airflow/.local/lib/python3.12/site-packages/airflow/example_dags/example_kubernetes_executor.py for tasks to queue
[2024-04-26T12:54:36.336+0000] {logging_mixin.py:188} INFO - [2024-04-26T12:54:36.336+0000] {dagbag.py:540} INFO - Filling up the DagBag from /home/airflow/.local/lib/python3.12/site-packages/airflow/example_dags/example_kubernetes_executor.py
[2024-04-26T12:54:36.345+0000] {processor.py:840} INFO - DAG(s) 'example_kubernetes_executor' retrieved from /home/airflow/.local/lib/python3.12/site-packages/airflow/example_dags/example_kubernetes_executor.py
[2024-04-26T12:54:36.378+0000] {logging_mixin.py:188} INFO - [2024-04-26T12:54:36.377+0000] {dag.py:3096} INFO - Sync 1 DAGs
[2024-04-26T12:54:36.387+0000] {logging_mixin.py:188} INFO - [2024-04-26T12:54:36.387+0000] {dag.py:3954} INFO - Setting next_dagrun for example_kubernetes_executor to None, run_after=None
[2024-04-26T12:54:36.402+0000] {processor.py:183} INFO - Processing /home/airflow/.local/lib/python3.12/site-packages/airflow/example_dags/example_kubernetes_executor.py took 0.073 seconds
[2024-04-26T12:55:06.872+0000] {processor.py:161} INFO - Started process (PID=3980) to work on /home/airflow/.local/lib/python3.12/site-packages/airflow/example_dags/example_kubernetes_executor.py
[2024-04-26T12:55:06.873+0000] {processor.py:830} INFO - Processing file /home/airflow/.local/lib/python3.12/site-packages/airflow/example_dags/example_kubernetes_executor.py for tasks to queue
[2024-04-26T12:55:06.875+0000] {logging_mixin.py:188} INFO - [2024-04-26T12:55:06.875+0000] {dagbag.py:540} INFO - Filling up the DagBag from /home/airflow/.local/lib/python3.12/site-packages/airflow/example_dags/example_kubernetes_executor.py
[2024-04-26T12:55:06.885+0000] {processor.py:840} INFO - DAG(s) 'example_kubernetes_executor' retrieved from /home/airflow/.local/lib/python3.12/site-packages/airflow/example_dags/example_kubernetes_executor.py
[2024-04-26T12:55:06.918+0000] {logging_mixin.py:188} INFO - [2024-04-26T12:55:06.918+0000] {dag.py:3096} INFO - Sync 1 DAGs
[2024-04-26T12:55:06.928+0000] {logging_mixin.py:188} INFO - [2024-04-26T12:55:06.927+0000] {dag.py:3954} INFO - Setting next_dagrun for example_kubernetes_executor to None, run_after=None
[2024-04-26T12:55:06.942+0000] {processor.py:183} INFO - Processing /home/airflow/.local/lib/python3.12/site-packages/airflow/example_dags/example_kubernetes_executor.py took 0.075 seconds
[2024-04-26T12:55:37.337+0000] {processor.py:161} INFO - Started process (PID=4040) to work on /home/airflow/.local/lib/python3.12/site-packages/airflow/example_dags/example_kubernetes_executor.py
[2024-04-26T12:55:37.338+0000] {processor.py:830} INFO - Processing file /home/airflow/.local/lib/python3.12/site-packages/airflow/example_dags/example_kubernetes_executor.py for tasks to queue
[2024-04-26T12:55:37.340+0000] {logging_mixin.py:188} INFO - [2024-04-26T12:55:37.340+0000] {dagbag.py:540} INFO - Filling up the DagBag from /home/airflow/.local/lib/python3.12/site-packages/airflow/example_dags/example_kubernetes_executor.py
[2024-04-26T12:55:37.350+0000] {processor.py:840} INFO - DAG(s) 'example_kubernetes_executor' retrieved from /home/airflow/.local/lib/python3.12/site-packages/airflow/example_dags/example_kubernetes_executor.py
[2024-04-26T12:55:37.380+0000] {logging_mixin.py:188} INFO - [2024-04-26T12:55:37.380+0000] {dag.py:3096} INFO - Sync 1 DAGs
[2024-04-26T12:55:37.390+0000] {logging_mixin.py:188} INFO - [2024-04-26T12:55:37.390+0000] {dag.py:3954} INFO - Setting next_dagrun for example_kubernetes_executor to None, run_after=None
[2024-04-26T12:55:37.405+0000] {processor.py:183} INFO - Processing /home/airflow/.local/lib/python3.12/site-packages/airflow/example_dags/example_kubernetes_executor.py took 0.073 seconds
[2024-04-26T12:56:07.782+0000] {processor.py:161} INFO - Started process (PID=4104) to work on /home/airflow/.local/lib/python3.12/site-packages/airflow/example_dags/example_kubernetes_executor.py
[2024-04-26T12:56:07.783+0000] {processor.py:830} INFO - Processing file /home/airflow/.local/lib/python3.12/site-packages/airflow/example_dags/example_kubernetes_executor.py for tasks to queue
[2024-04-26T12:56:07.784+0000] {logging_mixin.py:188} INFO - [2024-04-26T12:56:07.784+0000] {dagbag.py:540} INFO - Filling up the DagBag from /home/airflow/.local/lib/python3.12/site-packages/airflow/example_dags/example_kubernetes_executor.py
[2024-04-26T12:56:07.794+0000] {processor.py:840} INFO - DAG(s) 'example_kubernetes_executor' retrieved from /home/airflow/.local/lib/python3.12/site-packages/airflow/example_dags/example_kubernetes_executor.py
[2024-04-26T12:56:07.825+0000] {logging_mixin.py:188} INFO - [2024-04-26T12:56:07.825+0000] {dag.py:3096} INFO - Sync 1 DAGs
[2024-04-26T12:56:07.836+0000] {logging_mixin.py:188} INFO - [2024-04-26T12:56:07.836+0000] {dag.py:3954} INFO - Setting next_dagrun for example_kubernetes_executor to None, run_after=None
[2024-04-26T12:56:07.851+0000] {processor.py:183} INFO - Processing /home/airflow/.local/lib/python3.12/site-packages/airflow/example_dags/example_kubernetes_executor.py took 0.073 seconds
[2024-04-26T12:56:38.191+0000] {processor.py:161} INFO - Started process (PID=4164) to work on /home/airflow/.local/lib/python3.12/site-packages/airflow/example_dags/example_kubernetes_executor.py
[2024-04-26T12:56:38.192+0000] {processor.py:830} INFO - Processing file /home/airflow/.local/lib/python3.12/site-packages/airflow/example_dags/example_kubernetes_executor.py for tasks to queue
[2024-04-26T12:56:38.193+0000] {logging_mixin.py:188} INFO - [2024-04-26T12:56:38.193+0000] {dagbag.py:540} INFO - Filling up the DagBag from /home/airflow/.local/lib/python3.12/site-packages/airflow/example_dags/example_kubernetes_executor.py
[2024-04-26T12:56:38.202+0000] {processor.py:840} INFO - DAG(s) 'example_kubernetes_executor' retrieved from /home/airflow/.local/lib/python3.12/site-packages/airflow/example_dags/example_kubernetes_executor.py
[2024-04-26T12:56:38.236+0000] {logging_mixin.py:188} INFO - [2024-04-26T12:56:38.236+0000] {dag.py:3096} INFO - Sync 1 DAGs
[2024-04-26T12:56:38.246+0000] {logging_mixin.py:188} INFO - [2024-04-26T12:56:38.246+0000] {dag.py:3954} INFO - Setting next_dagrun for example_kubernetes_executor to None, run_after=None
[2024-04-26T12:56:38.261+0000] {processor.py:183} INFO - Processing /home/airflow/.local/lib/python3.12/site-packages/airflow/example_dags/example_kubernetes_executor.py took 0.075 seconds
[2024-04-26T12:57:08.680+0000] {processor.py:161} INFO - Started process (PID=4224) to work on /home/airflow/.local/lib/python3.12/site-packages/airflow/example_dags/example_kubernetes_executor.py
[2024-04-26T12:57:08.681+0000] {processor.py:830} INFO - Processing file /home/airflow/.local/lib/python3.12/site-packages/airflow/example_dags/example_kubernetes_executor.py for tasks to queue
[2024-04-26T12:57:08.683+0000] {logging_mixin.py:188} INFO - [2024-04-26T12:57:08.682+0000] {dagbag.py:540} INFO - Filling up the DagBag from /home/airflow/.local/lib/python3.12/site-packages/airflow/example_dags/example_kubernetes_executor.py
[2024-04-26T12:57:08.693+0000] {processor.py:840} INFO - DAG(s) 'example_kubernetes_executor' retrieved from /home/airflow/.local/lib/python3.12/site-packages/airflow/example_dags/example_kubernetes_executor.py
[2024-04-26T12:57:08.725+0000] {logging_mixin.py:188} INFO - [2024-04-26T12:57:08.725+0000] {dag.py:3096} INFO - Sync 1 DAGs
[2024-04-26T12:57:08.736+0000] {logging_mixin.py:188} INFO - [2024-04-26T12:57:08.736+0000] {dag.py:3954} INFO - Setting next_dagrun for example_kubernetes_executor to None, run_after=None
[2024-04-26T12:57:08.750+0000] {processor.py:183} INFO - Processing /home/airflow/.local/lib/python3.12/site-packages/airflow/example_dags/example_kubernetes_executor.py took 0.075 seconds
[2024-04-26T12:57:39.025+0000] {processor.py:161} INFO - Started process (PID=4284) to work on /home/airflow/.local/lib/python3.12/site-packages/airflow/example_dags/example_kubernetes_executor.py
[2024-04-26T12:57:39.026+0000] {processor.py:830} INFO - Processing file /home/airflow/.local/lib/python3.12/site-packages/airflow/example_dags/example_kubernetes_executor.py for tasks to queue
[2024-04-26T12:57:39.028+0000] {logging_mixin.py:188} INFO - [2024-04-26T12:57:39.028+0000] {dagbag.py:540} INFO - Filling up the DagBag from /home/airflow/.local/lib/python3.12/site-packages/airflow/example_dags/example_kubernetes_executor.py
[2024-04-26T12:57:39.038+0000] {processor.py:840} INFO - DAG(s) 'example_kubernetes_executor' retrieved from /home/airflow/.local/lib/python3.12/site-packages/airflow/example_dags/example_kubernetes_executor.py
[2024-04-26T12:57:39.068+0000] {logging_mixin.py:188} INFO - [2024-04-26T12:57:39.068+0000] {dag.py:3096} INFO - Sync 1 DAGs
[2024-04-26T12:57:39.078+0000] {logging_mixin.py:188} INFO - [2024-04-26T12:57:39.077+0000] {dag.py:3954} INFO - Setting next_dagrun for example_kubernetes_executor to None, run_after=None
[2024-04-26T12:57:39.093+0000] {processor.py:183} INFO - Processing /home/airflow/.local/lib/python3.12/site-packages/airflow/example_dags/example_kubernetes_executor.py took 0.072 seconds
[2024-04-26T12:58:09.374+0000] {processor.py:161} INFO - Started process (PID=4348) to work on /home/airflow/.local/lib/python3.12/site-packages/airflow/example_dags/example_kubernetes_executor.py
[2024-04-26T12:58:09.375+0000] {processor.py:830} INFO - Processing file /home/airflow/.local/lib/python3.12/site-packages/airflow/example_dags/example_kubernetes_executor.py for tasks to queue
[2024-04-26T12:58:09.376+0000] {logging_mixin.py:188} INFO - [2024-04-26T12:58:09.376+0000] {dagbag.py:540} INFO - Filling up the DagBag from /home/airflow/.local/lib/python3.12/site-packages/airflow/example_dags/example_kubernetes_executor.py
[2024-04-26T12:58:09.387+0000] {processor.py:840} INFO - DAG(s) 'example_kubernetes_executor' retrieved from /home/airflow/.local/lib/python3.12/site-packages/airflow/example_dags/example_kubernetes_executor.py
[2024-04-26T12:58:09.420+0000] {logging_mixin.py:188} INFO - [2024-04-26T12:58:09.420+0000] {dag.py:3096} INFO - Sync 1 DAGs
[2024-04-26T12:58:09.431+0000] {logging_mixin.py:188} INFO - [2024-04-26T12:58:09.431+0000] {dag.py:3954} INFO - Setting next_dagrun for example_kubernetes_executor to None, run_after=None
[2024-04-26T12:58:09.448+0000] {processor.py:183} INFO - Processing /home/airflow/.local/lib/python3.12/site-packages/airflow/example_dags/example_kubernetes_executor.py took 0.078 seconds
