[2024-04-26T12:34:46.600+0000] {processor.py:161} INFO - Started process (PID=80) to work on /home/airflow/.local/lib/python3.12/site-packages/airflow/example_dags/example_bash_operator.py
[2024-04-26T12:34:46.601+0000] {processor.py:830} INFO - Processing file /home/airflow/.local/lib/python3.12/site-packages/airflow/example_dags/example_bash_operator.py for tasks to queue
[2024-04-26T12:34:46.603+0000] {logging_mixin.py:188} INFO - [2024-04-26T12:34:46.602+0000] {dagbag.py:540} INFO - Filling up the DagBag from /home/airflow/.local/lib/python3.12/site-packages/airflow/example_dags/example_bash_operator.py
[2024-04-26T12:34:46.612+0000] {processor.py:840} INFO - DAG(s) 'example_bash_operator' retrieved from /home/airflow/.local/lib/python3.12/site-packages/airflow/example_dags/example_bash_operator.py
[2024-04-26T12:34:46.773+0000] {logging_mixin.py:188} INFO - [2024-04-26T12:34:46.772+0000] {override.py:1829} INFO - Created Permission View: can delete on DAG:example_bash_operator
[2024-04-26T12:34:46.781+0000] {logging_mixin.py:188} INFO - [2024-04-26T12:34:46.781+0000] {override.py:1829} INFO - Created Permission View: can edit on DAG:example_bash_operator
[2024-04-26T12:34:46.788+0000] {logging_mixin.py:188} INFO - [2024-04-26T12:34:46.787+0000] {override.py:1829} INFO - Created Permission View: can read on DAG:example_bash_operator
[2024-04-26T12:34:46.788+0000] {logging_mixin.py:188} INFO - [2024-04-26T12:34:46.788+0000] {dag.py:3096} INFO - Sync 1 DAGs
[2024-04-26T12:34:46.798+0000] {logging_mixin.py:188} INFO - [2024-04-26T12:34:46.797+0000] {dag.py:3118} INFO - Creating ORM DAG for example_bash_operator
[2024-04-26T12:34:46.806+0000] {logging_mixin.py:188} INFO - [2024-04-26T12:34:46.805+0000] {dag.py:3954} INFO - Setting next_dagrun for example_bash_operator to 2024-04-25 00:00:00+00:00, run_after=2024-04-26 00:00:00+00:00
[2024-04-26T12:34:46.823+0000] {processor.py:183} INFO - Processing /home/airflow/.local/lib/python3.12/site-packages/airflow/example_dags/example_bash_operator.py took 0.227 seconds
[2024-04-26T12:35:17.696+0000] {processor.py:161} INFO - Started process (PID=138) to work on /home/airflow/.local/lib/python3.12/site-packages/airflow/example_dags/example_bash_operator.py
[2024-04-26T12:35:17.697+0000] {processor.py:830} INFO - Processing file /home/airflow/.local/lib/python3.12/site-packages/airflow/example_dags/example_bash_operator.py for tasks to queue
[2024-04-26T12:35:17.698+0000] {logging_mixin.py:188} INFO - [2024-04-26T12:35:17.698+0000] {dagbag.py:540} INFO - Filling up the DagBag from /home/airflow/.local/lib/python3.12/site-packages/airflow/example_dags/example_bash_operator.py
[2024-04-26T12:35:17.707+0000] {processor.py:840} INFO - DAG(s) 'example_bash_operator' retrieved from /home/airflow/.local/lib/python3.12/site-packages/airflow/example_dags/example_bash_operator.py
[2024-04-26T12:35:17.726+0000] {logging_mixin.py:188} INFO - [2024-04-26T12:35:17.726+0000] {dag.py:3096} INFO - Sync 1 DAGs
[2024-04-26T12:35:17.742+0000] {logging_mixin.py:188} INFO - [2024-04-26T12:35:17.742+0000] {dag.py:3954} INFO - Setting next_dagrun for example_bash_operator to 2024-04-25 00:00:00+00:00, run_after=2024-04-26 00:00:00+00:00
[2024-04-26T12:35:17.758+0000] {processor.py:183} INFO - Processing /home/airflow/.local/lib/python3.12/site-packages/airflow/example_dags/example_bash_operator.py took 0.066 seconds
[2024-04-26T12:35:47.783+0000] {processor.py:161} INFO - Started process (PID=196) to work on /home/airflow/.local/lib/python3.12/site-packages/airflow/example_dags/example_bash_operator.py
[2024-04-26T12:35:47.784+0000] {processor.py:830} INFO - Processing file /home/airflow/.local/lib/python3.12/site-packages/airflow/example_dags/example_bash_operator.py for tasks to queue
[2024-04-26T12:35:47.786+0000] {logging_mixin.py:188} INFO - [2024-04-26T12:35:47.785+0000] {dagbag.py:540} INFO - Filling up the DagBag from /home/airflow/.local/lib/python3.12/site-packages/airflow/example_dags/example_bash_operator.py
[2024-04-26T12:35:47.797+0000] {processor.py:840} INFO - DAG(s) 'example_bash_operator' retrieved from /home/airflow/.local/lib/python3.12/site-packages/airflow/example_dags/example_bash_operator.py
[2024-04-26T12:35:47.820+0000] {logging_mixin.py:188} INFO - [2024-04-26T12:35:47.820+0000] {dag.py:3096} INFO - Sync 1 DAGs
[2024-04-26T12:35:47.839+0000] {logging_mixin.py:188} INFO - [2024-04-26T12:35:47.839+0000] {dag.py:3954} INFO - Setting next_dagrun for example_bash_operator to 2024-04-25 00:00:00+00:00, run_after=2024-04-26 00:00:00+00:00
[2024-04-26T12:35:47.856+0000] {processor.py:183} INFO - Processing /home/airflow/.local/lib/python3.12/site-packages/airflow/example_dags/example_bash_operator.py took 0.077 seconds
[2024-04-26T12:36:18.543+0000] {processor.py:161} INFO - Started process (PID=254) to work on /home/airflow/.local/lib/python3.12/site-packages/airflow/example_dags/example_bash_operator.py
[2024-04-26T12:36:18.544+0000] {processor.py:830} INFO - Processing file /home/airflow/.local/lib/python3.12/site-packages/airflow/example_dags/example_bash_operator.py for tasks to queue
[2024-04-26T12:36:18.546+0000] {logging_mixin.py:188} INFO - [2024-04-26T12:36:18.545+0000] {dagbag.py:540} INFO - Filling up the DagBag from /home/airflow/.local/lib/python3.12/site-packages/airflow/example_dags/example_bash_operator.py
[2024-04-26T12:36:18.554+0000] {processor.py:840} INFO - DAG(s) 'example_bash_operator' retrieved from /home/airflow/.local/lib/python3.12/site-packages/airflow/example_dags/example_bash_operator.py
[2024-04-26T12:36:18.575+0000] {logging_mixin.py:188} INFO - [2024-04-26T12:36:18.575+0000] {dag.py:3096} INFO - Sync 1 DAGs
[2024-04-26T12:36:18.593+0000] {logging_mixin.py:188} INFO - [2024-04-26T12:36:18.593+0000] {dag.py:3954} INFO - Setting next_dagrun for example_bash_operator to 2024-04-25 00:00:00+00:00, run_after=2024-04-26 00:00:00+00:00
[2024-04-26T12:36:18.609+0000] {processor.py:183} INFO - Processing /home/airflow/.local/lib/python3.12/site-packages/airflow/example_dags/example_bash_operator.py took 0.070 seconds
[2024-04-26T12:36:48.893+0000] {processor.py:161} INFO - Started process (PID=312) to work on /home/airflow/.local/lib/python3.12/site-packages/airflow/example_dags/example_bash_operator.py
[2024-04-26T12:36:48.893+0000] {processor.py:830} INFO - Processing file /home/airflow/.local/lib/python3.12/site-packages/airflow/example_dags/example_bash_operator.py for tasks to queue
[2024-04-26T12:36:48.895+0000] {logging_mixin.py:188} INFO - [2024-04-26T12:36:48.895+0000] {dagbag.py:540} INFO - Filling up the DagBag from /home/airflow/.local/lib/python3.12/site-packages/airflow/example_dags/example_bash_operator.py
[2024-04-26T12:36:48.903+0000] {processor.py:840} INFO - DAG(s) 'example_bash_operator' retrieved from /home/airflow/.local/lib/python3.12/site-packages/airflow/example_dags/example_bash_operator.py
[2024-04-26T12:36:48.924+0000] {logging_mixin.py:188} INFO - [2024-04-26T12:36:48.924+0000] {dag.py:3096} INFO - Sync 1 DAGs
[2024-04-26T12:36:48.942+0000] {logging_mixin.py:188} INFO - [2024-04-26T12:36:48.942+0000] {dag.py:3954} INFO - Setting next_dagrun for example_bash_operator to 2024-04-25 00:00:00+00:00, run_after=2024-04-26 00:00:00+00:00
[2024-04-26T12:36:48.958+0000] {processor.py:183} INFO - Processing /home/airflow/.local/lib/python3.12/site-packages/airflow/example_dags/example_bash_operator.py took 0.069 seconds
[2024-04-26T12:37:19.291+0000] {processor.py:161} INFO - Started process (PID=370) to work on /home/airflow/.local/lib/python3.12/site-packages/airflow/example_dags/example_bash_operator.py
[2024-04-26T12:37:19.292+0000] {processor.py:830} INFO - Processing file /home/airflow/.local/lib/python3.12/site-packages/airflow/example_dags/example_bash_operator.py for tasks to queue
[2024-04-26T12:37:19.293+0000] {logging_mixin.py:188} INFO - [2024-04-26T12:37:19.293+0000] {dagbag.py:540} INFO - Filling up the DagBag from /home/airflow/.local/lib/python3.12/site-packages/airflow/example_dags/example_bash_operator.py
[2024-04-26T12:37:19.302+0000] {processor.py:840} INFO - DAG(s) 'example_bash_operator' retrieved from /home/airflow/.local/lib/python3.12/site-packages/airflow/example_dags/example_bash_operator.py
[2024-04-26T12:37:19.324+0000] {logging_mixin.py:188} INFO - [2024-04-26T12:37:19.323+0000] {dag.py:3096} INFO - Sync 1 DAGs
[2024-04-26T12:37:19.341+0000] {logging_mixin.py:188} INFO - [2024-04-26T12:37:19.341+0000] {dag.py:3954} INFO - Setting next_dagrun for example_bash_operator to 2024-04-25 00:00:00+00:00, run_after=2024-04-26 00:00:00+00:00
[2024-04-26T12:37:19.359+0000] {processor.py:183} INFO - Processing /home/airflow/.local/lib/python3.12/site-packages/airflow/example_dags/example_bash_operator.py took 0.072 seconds
[2024-04-26T12:37:49.742+0000] {processor.py:161} INFO - Started process (PID=428) to work on /home/airflow/.local/lib/python3.12/site-packages/airflow/example_dags/example_bash_operator.py
[2024-04-26T12:37:49.743+0000] {processor.py:830} INFO - Processing file /home/airflow/.local/lib/python3.12/site-packages/airflow/example_dags/example_bash_operator.py for tasks to queue
[2024-04-26T12:37:49.745+0000] {logging_mixin.py:188} INFO - [2024-04-26T12:37:49.744+0000] {dagbag.py:540} INFO - Filling up the DagBag from /home/airflow/.local/lib/python3.12/site-packages/airflow/example_dags/example_bash_operator.py
[2024-04-26T12:37:49.753+0000] {processor.py:840} INFO - DAG(s) 'example_bash_operator' retrieved from /home/airflow/.local/lib/python3.12/site-packages/airflow/example_dags/example_bash_operator.py
[2024-04-26T12:37:49.773+0000] {logging_mixin.py:188} INFO - [2024-04-26T12:37:49.773+0000] {dag.py:3096} INFO - Sync 1 DAGs
[2024-04-26T12:37:49.790+0000] {logging_mixin.py:188} INFO - [2024-04-26T12:37:49.790+0000] {dag.py:3954} INFO - Setting next_dagrun for example_bash_operator to 2024-04-25 00:00:00+00:00, run_after=2024-04-26 00:00:00+00:00
[2024-04-26T12:37:49.805+0000] {processor.py:183} INFO - Processing /home/airflow/.local/lib/python3.12/site-packages/airflow/example_dags/example_bash_operator.py took 0.067 seconds
[2024-04-26T12:38:20.113+0000] {processor.py:161} INFO - Started process (PID=486) to work on /home/airflow/.local/lib/python3.12/site-packages/airflow/example_dags/example_bash_operator.py
[2024-04-26T12:38:20.114+0000] {processor.py:830} INFO - Processing file /home/airflow/.local/lib/python3.12/site-packages/airflow/example_dags/example_bash_operator.py for tasks to queue
[2024-04-26T12:38:20.116+0000] {logging_mixin.py:188} INFO - [2024-04-26T12:38:20.115+0000] {dagbag.py:540} INFO - Filling up the DagBag from /home/airflow/.local/lib/python3.12/site-packages/airflow/example_dags/example_bash_operator.py
[2024-04-26T12:38:20.124+0000] {processor.py:840} INFO - DAG(s) 'example_bash_operator' retrieved from /home/airflow/.local/lib/python3.12/site-packages/airflow/example_dags/example_bash_operator.py
[2024-04-26T12:38:20.144+0000] {logging_mixin.py:188} INFO - [2024-04-26T12:38:20.144+0000] {dag.py:3096} INFO - Sync 1 DAGs
[2024-04-26T12:38:20.160+0000] {logging_mixin.py:188} INFO - [2024-04-26T12:38:20.159+0000] {dag.py:3954} INFO - Setting next_dagrun for example_bash_operator to 2024-04-25 00:00:00+00:00, run_after=2024-04-26 00:00:00+00:00
[2024-04-26T12:38:20.175+0000] {processor.py:183} INFO - Processing /home/airflow/.local/lib/python3.12/site-packages/airflow/example_dags/example_bash_operator.py took 0.066 seconds
[2024-04-26T12:38:50.527+0000] {processor.py:161} INFO - Started process (PID=544) to work on /home/airflow/.local/lib/python3.12/site-packages/airflow/example_dags/example_bash_operator.py
[2024-04-26T12:38:50.528+0000] {processor.py:830} INFO - Processing file /home/airflow/.local/lib/python3.12/site-packages/airflow/example_dags/example_bash_operator.py for tasks to queue
[2024-04-26T12:38:50.530+0000] {logging_mixin.py:188} INFO - [2024-04-26T12:38:50.530+0000] {dagbag.py:540} INFO - Filling up the DagBag from /home/airflow/.local/lib/python3.12/site-packages/airflow/example_dags/example_bash_operator.py
[2024-04-26T12:38:50.538+0000] {processor.py:840} INFO - DAG(s) 'example_bash_operator' retrieved from /home/airflow/.local/lib/python3.12/site-packages/airflow/example_dags/example_bash_operator.py
[2024-04-26T12:38:50.560+0000] {logging_mixin.py:188} INFO - [2024-04-26T12:38:50.559+0000] {dag.py:3096} INFO - Sync 1 DAGs
[2024-04-26T12:38:50.576+0000] {logging_mixin.py:188} INFO - [2024-04-26T12:38:50.576+0000] {dag.py:3954} INFO - Setting next_dagrun for example_bash_operator to 2024-04-25 00:00:00+00:00, run_after=2024-04-26 00:00:00+00:00
[2024-04-26T12:38:50.593+0000] {processor.py:183} INFO - Processing /home/airflow/.local/lib/python3.12/site-packages/airflow/example_dags/example_bash_operator.py took 0.070 seconds
[2024-04-26T12:39:21.000+0000] {processor.py:161} INFO - Started process (PID=602) to work on /home/airflow/.local/lib/python3.12/site-packages/airflow/example_dags/example_bash_operator.py
[2024-04-26T12:39:21.001+0000] {processor.py:830} INFO - Processing file /home/airflow/.local/lib/python3.12/site-packages/airflow/example_dags/example_bash_operator.py for tasks to queue
[2024-04-26T12:39:21.003+0000] {logging_mixin.py:188} INFO - [2024-04-26T12:39:21.003+0000] {dagbag.py:540} INFO - Filling up the DagBag from /home/airflow/.local/lib/python3.12/site-packages/airflow/example_dags/example_bash_operator.py
[2024-04-26T12:39:21.012+0000] {processor.py:840} INFO - DAG(s) 'example_bash_operator' retrieved from /home/airflow/.local/lib/python3.12/site-packages/airflow/example_dags/example_bash_operator.py
[2024-04-26T12:39:21.032+0000] {logging_mixin.py:188} INFO - [2024-04-26T12:39:21.032+0000] {dag.py:3096} INFO - Sync 1 DAGs
[2024-04-26T12:39:21.049+0000] {logging_mixin.py:188} INFO - [2024-04-26T12:39:21.049+0000] {dag.py:3954} INFO - Setting next_dagrun for example_bash_operator to 2024-04-25 00:00:00+00:00, run_after=2024-04-26 00:00:00+00:00
[2024-04-26T12:39:21.064+0000] {processor.py:183} INFO - Processing /home/airflow/.local/lib/python3.12/site-packages/airflow/example_dags/example_bash_operator.py took 0.068 seconds
[2024-04-26T12:39:51.476+0000] {processor.py:161} INFO - Started process (PID=660) to work on /home/airflow/.local/lib/python3.12/site-packages/airflow/example_dags/example_bash_operator.py
[2024-04-26T12:39:51.477+0000] {processor.py:830} INFO - Processing file /home/airflow/.local/lib/python3.12/site-packages/airflow/example_dags/example_bash_operator.py for tasks to queue
[2024-04-26T12:39:51.478+0000] {logging_mixin.py:188} INFO - [2024-04-26T12:39:51.478+0000] {dagbag.py:540} INFO - Filling up the DagBag from /home/airflow/.local/lib/python3.12/site-packages/airflow/example_dags/example_bash_operator.py
[2024-04-26T12:39:51.486+0000] {processor.py:840} INFO - DAG(s) 'example_bash_operator' retrieved from /home/airflow/.local/lib/python3.12/site-packages/airflow/example_dags/example_bash_operator.py
[2024-04-26T12:39:51.506+0000] {logging_mixin.py:188} INFO - [2024-04-26T12:39:51.506+0000] {dag.py:3096} INFO - Sync 1 DAGs
[2024-04-26T12:39:51.522+0000] {logging_mixin.py:188} INFO - [2024-04-26T12:39:51.522+0000] {dag.py:3954} INFO - Setting next_dagrun for example_bash_operator to 2024-04-25 00:00:00+00:00, run_after=2024-04-26 00:00:00+00:00
[2024-04-26T12:39:51.538+0000] {processor.py:183} INFO - Processing /home/airflow/.local/lib/python3.12/site-packages/airflow/example_dags/example_bash_operator.py took 0.066 seconds
[2024-04-26T12:40:22.027+0000] {processor.py:161} INFO - Started process (PID=718) to work on /home/airflow/.local/lib/python3.12/site-packages/airflow/example_dags/example_bash_operator.py
[2024-04-26T12:40:22.028+0000] {processor.py:830} INFO - Processing file /home/airflow/.local/lib/python3.12/site-packages/airflow/example_dags/example_bash_operator.py for tasks to queue
[2024-04-26T12:40:22.030+0000] {logging_mixin.py:188} INFO - [2024-04-26T12:40:22.030+0000] {dagbag.py:540} INFO - Filling up the DagBag from /home/airflow/.local/lib/python3.12/site-packages/airflow/example_dags/example_bash_operator.py
[2024-04-26T12:40:22.039+0000] {processor.py:840} INFO - DAG(s) 'example_bash_operator' retrieved from /home/airflow/.local/lib/python3.12/site-packages/airflow/example_dags/example_bash_operator.py
[2024-04-26T12:40:22.059+0000] {logging_mixin.py:188} INFO - [2024-04-26T12:40:22.059+0000] {dag.py:3096} INFO - Sync 1 DAGs
[2024-04-26T12:40:22.077+0000] {logging_mixin.py:188} INFO - [2024-04-26T12:40:22.077+0000] {dag.py:3954} INFO - Setting next_dagrun for example_bash_operator to 2024-04-25 00:00:00+00:00, run_after=2024-04-26 00:00:00+00:00
[2024-04-26T12:40:22.092+0000] {processor.py:183} INFO - Processing /home/airflow/.local/lib/python3.12/site-packages/airflow/example_dags/example_bash_operator.py took 0.069 seconds
[2024-04-26T12:40:52.547+0000] {processor.py:161} INFO - Started process (PID=776) to work on /home/airflow/.local/lib/python3.12/site-packages/airflow/example_dags/example_bash_operator.py
[2024-04-26T12:40:52.548+0000] {processor.py:830} INFO - Processing file /home/airflow/.local/lib/python3.12/site-packages/airflow/example_dags/example_bash_operator.py for tasks to queue
[2024-04-26T12:40:52.550+0000] {logging_mixin.py:188} INFO - [2024-04-26T12:40:52.549+0000] {dagbag.py:540} INFO - Filling up the DagBag from /home/airflow/.local/lib/python3.12/site-packages/airflow/example_dags/example_bash_operator.py
[2024-04-26T12:40:52.560+0000] {processor.py:840} INFO - DAG(s) 'example_bash_operator' retrieved from /home/airflow/.local/lib/python3.12/site-packages/airflow/example_dags/example_bash_operator.py
[2024-04-26T12:40:52.582+0000] {logging_mixin.py:188} INFO - [2024-04-26T12:40:52.581+0000] {dag.py:3096} INFO - Sync 1 DAGs
[2024-04-26T12:40:52.601+0000] {logging_mixin.py:188} INFO - [2024-04-26T12:40:52.601+0000] {dag.py:3954} INFO - Setting next_dagrun for example_bash_operator to 2024-04-25 00:00:00+00:00, run_after=2024-04-26 00:00:00+00:00
[2024-04-26T12:40:52.620+0000] {processor.py:183} INFO - Processing /home/airflow/.local/lib/python3.12/site-packages/airflow/example_dags/example_bash_operator.py took 0.078 seconds
[2024-04-26T12:41:23.359+0000] {processor.py:161} INFO - Started process (PID=834) to work on /home/airflow/.local/lib/python3.12/site-packages/airflow/example_dags/example_bash_operator.py
[2024-04-26T12:41:23.360+0000] {processor.py:830} INFO - Processing file /home/airflow/.local/lib/python3.12/site-packages/airflow/example_dags/example_bash_operator.py for tasks to queue
[2024-04-26T12:41:23.361+0000] {logging_mixin.py:188} INFO - [2024-04-26T12:41:23.361+0000] {dagbag.py:540} INFO - Filling up the DagBag from /home/airflow/.local/lib/python3.12/site-packages/airflow/example_dags/example_bash_operator.py
[2024-04-26T12:41:23.370+0000] {processor.py:840} INFO - DAG(s) 'example_bash_operator' retrieved from /home/airflow/.local/lib/python3.12/site-packages/airflow/example_dags/example_bash_operator.py
[2024-04-26T12:41:23.391+0000] {logging_mixin.py:188} INFO - [2024-04-26T12:41:23.391+0000] {dag.py:3096} INFO - Sync 1 DAGs
[2024-04-26T12:41:23.409+0000] {logging_mixin.py:188} INFO - [2024-04-26T12:41:23.409+0000] {dag.py:3954} INFO - Setting next_dagrun for example_bash_operator to 2024-04-25 00:00:00+00:00, run_after=2024-04-26 00:00:00+00:00
[2024-04-26T12:41:23.425+0000] {processor.py:183} INFO - Processing /home/airflow/.local/lib/python3.12/site-packages/airflow/example_dags/example_bash_operator.py took 0.071 seconds
[2024-04-26T12:41:54.434+0000] {processor.py:161} INFO - Started process (PID=892) to work on /home/airflow/.local/lib/python3.12/site-packages/airflow/example_dags/example_bash_operator.py
[2024-04-26T12:41:54.435+0000] {processor.py:830} INFO - Processing file /home/airflow/.local/lib/python3.12/site-packages/airflow/example_dags/example_bash_operator.py for tasks to queue
[2024-04-26T12:41:54.437+0000] {logging_mixin.py:188} INFO - [2024-04-26T12:41:54.437+0000] {dagbag.py:540} INFO - Filling up the DagBag from /home/airflow/.local/lib/python3.12/site-packages/airflow/example_dags/example_bash_operator.py
[2024-04-26T12:41:54.447+0000] {processor.py:840} INFO - DAG(s) 'example_bash_operator' retrieved from /home/airflow/.local/lib/python3.12/site-packages/airflow/example_dags/example_bash_operator.py
[2024-04-26T12:41:54.473+0000] {logging_mixin.py:188} INFO - [2024-04-26T12:41:54.472+0000] {dag.py:3096} INFO - Sync 1 DAGs
[2024-04-26T12:41:54.597+0000] {logging_mixin.py:188} INFO - [2024-04-26T12:41:54.597+0000] {dag.py:3954} INFO - Setting next_dagrun for example_bash_operator to 2024-04-25 00:00:00+00:00, run_after=2024-04-26 00:00:00+00:00
[2024-04-26T12:41:54.613+0000] {processor.py:183} INFO - Processing /home/airflow/.local/lib/python3.12/site-packages/airflow/example_dags/example_bash_operator.py took 0.185 seconds
[2024-04-26T12:42:25.407+0000] {processor.py:161} INFO - Started process (PID=950) to work on /home/airflow/.local/lib/python3.12/site-packages/airflow/example_dags/example_bash_operator.py
[2024-04-26T12:42:25.408+0000] {processor.py:830} INFO - Processing file /home/airflow/.local/lib/python3.12/site-packages/airflow/example_dags/example_bash_operator.py for tasks to queue
[2024-04-26T12:42:25.409+0000] {logging_mixin.py:188} INFO - [2024-04-26T12:42:25.409+0000] {dagbag.py:540} INFO - Filling up the DagBag from /home/airflow/.local/lib/python3.12/site-packages/airflow/example_dags/example_bash_operator.py
[2024-04-26T12:42:25.418+0000] {processor.py:840} INFO - DAG(s) 'example_bash_operator' retrieved from /home/airflow/.local/lib/python3.12/site-packages/airflow/example_dags/example_bash_operator.py
[2024-04-26T12:42:25.439+0000] {logging_mixin.py:188} INFO - [2024-04-26T12:42:25.439+0000] {dag.py:3096} INFO - Sync 1 DAGs
[2024-04-26T12:42:25.461+0000] {logging_mixin.py:188} INFO - [2024-04-26T12:42:25.461+0000] {dag.py:3954} INFO - Setting next_dagrun for example_bash_operator to 2024-04-25 00:00:00+00:00, run_after=2024-04-26 00:00:00+00:00
[2024-04-26T12:42:25.583+0000] {processor.py:183} INFO - Processing /home/airflow/.local/lib/python3.12/site-packages/airflow/example_dags/example_bash_operator.py took 0.180 seconds
[2024-04-26T12:42:56.048+0000] {processor.py:161} INFO - Started process (PID=1008) to work on /home/airflow/.local/lib/python3.12/site-packages/airflow/example_dags/example_bash_operator.py
[2024-04-26T12:42:56.049+0000] {processor.py:830} INFO - Processing file /home/airflow/.local/lib/python3.12/site-packages/airflow/example_dags/example_bash_operator.py for tasks to queue
[2024-04-26T12:42:56.050+0000] {logging_mixin.py:188} INFO - [2024-04-26T12:42:56.050+0000] {dagbag.py:540} INFO - Filling up the DagBag from /home/airflow/.local/lib/python3.12/site-packages/airflow/example_dags/example_bash_operator.py
[2024-04-26T12:42:56.060+0000] {processor.py:840} INFO - DAG(s) 'example_bash_operator' retrieved from /home/airflow/.local/lib/python3.12/site-packages/airflow/example_dags/example_bash_operator.py
[2024-04-26T12:42:56.081+0000] {logging_mixin.py:188} INFO - [2024-04-26T12:42:56.080+0000] {dag.py:3096} INFO - Sync 1 DAGs
[2024-04-26T12:42:56.098+0000] {logging_mixin.py:188} INFO - [2024-04-26T12:42:56.098+0000] {dag.py:3954} INFO - Setting next_dagrun for example_bash_operator to 2024-04-25 00:00:00+00:00, run_after=2024-04-26 00:00:00+00:00
[2024-04-26T12:42:56.114+0000] {processor.py:183} INFO - Processing /home/airflow/.local/lib/python3.12/site-packages/airflow/example_dags/example_bash_operator.py took 0.071 seconds
[2024-04-26T12:43:27.044+0000] {processor.py:161} INFO - Started process (PID=1066) to work on /home/airflow/.local/lib/python3.12/site-packages/airflow/example_dags/example_bash_operator.py
[2024-04-26T12:43:27.045+0000] {processor.py:830} INFO - Processing file /home/airflow/.local/lib/python3.12/site-packages/airflow/example_dags/example_bash_operator.py for tasks to queue
[2024-04-26T12:43:27.046+0000] {logging_mixin.py:188} INFO - [2024-04-26T12:43:27.046+0000] {dagbag.py:540} INFO - Filling up the DagBag from /home/airflow/.local/lib/python3.12/site-packages/airflow/example_dags/example_bash_operator.py
[2024-04-26T12:43:27.055+0000] {processor.py:840} INFO - DAG(s) 'example_bash_operator' retrieved from /home/airflow/.local/lib/python3.12/site-packages/airflow/example_dags/example_bash_operator.py
[2024-04-26T12:43:27.076+0000] {logging_mixin.py:188} INFO - [2024-04-26T12:43:27.076+0000] {dag.py:3096} INFO - Sync 1 DAGs
[2024-04-26T12:43:27.095+0000] {logging_mixin.py:188} INFO - [2024-04-26T12:43:27.095+0000] {dag.py:3954} INFO - Setting next_dagrun for example_bash_operator to 2024-04-25 00:00:00+00:00, run_after=2024-04-26 00:00:00+00:00
[2024-04-26T12:43:27.111+0000] {processor.py:183} INFO - Processing /home/airflow/.local/lib/python3.12/site-packages/airflow/example_dags/example_bash_operator.py took 0.072 seconds
[2024-04-26T12:43:58.171+0000] {processor.py:161} INFO - Started process (PID=1124) to work on /home/airflow/.local/lib/python3.12/site-packages/airflow/example_dags/example_bash_operator.py
[2024-04-26T12:43:58.172+0000] {processor.py:830} INFO - Processing file /home/airflow/.local/lib/python3.12/site-packages/airflow/example_dags/example_bash_operator.py for tasks to queue
[2024-04-26T12:43:58.173+0000] {logging_mixin.py:188} INFO - [2024-04-26T12:43:58.173+0000] {dagbag.py:540} INFO - Filling up the DagBag from /home/airflow/.local/lib/python3.12/site-packages/airflow/example_dags/example_bash_operator.py
[2024-04-26T12:43:58.182+0000] {processor.py:840} INFO - DAG(s) 'example_bash_operator' retrieved from /home/airflow/.local/lib/python3.12/site-packages/airflow/example_dags/example_bash_operator.py
[2024-04-26T12:43:58.204+0000] {logging_mixin.py:188} INFO - [2024-04-26T12:43:58.203+0000] {dag.py:3096} INFO - Sync 1 DAGs
[2024-04-26T12:43:58.325+0000] {logging_mixin.py:188} INFO - [2024-04-26T12:43:58.324+0000] {dag.py:3954} INFO - Setting next_dagrun for example_bash_operator to 2024-04-25 00:00:00+00:00, run_after=2024-04-26 00:00:00+00:00
[2024-04-26T12:43:58.339+0000] {processor.py:183} INFO - Processing /home/airflow/.local/lib/python3.12/site-packages/airflow/example_dags/example_bash_operator.py took 0.172 seconds
[2024-04-26T12:44:29.245+0000] {processor.py:161} INFO - Started process (PID=1182) to work on /home/airflow/.local/lib/python3.12/site-packages/airflow/example_dags/example_bash_operator.py
[2024-04-26T12:44:29.246+0000] {processor.py:830} INFO - Processing file /home/airflow/.local/lib/python3.12/site-packages/airflow/example_dags/example_bash_operator.py for tasks to queue
[2024-04-26T12:44:29.247+0000] {logging_mixin.py:188} INFO - [2024-04-26T12:44:29.247+0000] {dagbag.py:540} INFO - Filling up the DagBag from /home/airflow/.local/lib/python3.12/site-packages/airflow/example_dags/example_bash_operator.py
[2024-04-26T12:44:29.256+0000] {processor.py:840} INFO - DAG(s) 'example_bash_operator' retrieved from /home/airflow/.local/lib/python3.12/site-packages/airflow/example_dags/example_bash_operator.py
[2024-04-26T12:44:29.277+0000] {logging_mixin.py:188} INFO - [2024-04-26T12:44:29.277+0000] {dag.py:3096} INFO - Sync 1 DAGs
[2024-04-26T12:44:29.294+0000] {logging_mixin.py:188} INFO - [2024-04-26T12:44:29.294+0000] {dag.py:3954} INFO - Setting next_dagrun for example_bash_operator to 2024-04-25 00:00:00+00:00, run_after=2024-04-26 00:00:00+00:00
[2024-04-26T12:44:29.403+0000] {processor.py:183} INFO - Processing /home/airflow/.local/lib/python3.12/site-packages/airflow/example_dags/example_bash_operator.py took 0.162 seconds
[2024-04-26T12:44:59.868+0000] {processor.py:161} INFO - Started process (PID=1248) to work on /home/airflow/.local/lib/python3.12/site-packages/airflow/example_dags/example_bash_operator.py
[2024-04-26T12:44:59.869+0000] {processor.py:830} INFO - Processing file /home/airflow/.local/lib/python3.12/site-packages/airflow/example_dags/example_bash_operator.py for tasks to queue
[2024-04-26T12:44:59.870+0000] {logging_mixin.py:188} INFO - [2024-04-26T12:44:59.870+0000] {dagbag.py:540} INFO - Filling up the DagBag from /home/airflow/.local/lib/python3.12/site-packages/airflow/example_dags/example_bash_operator.py
[2024-04-26T12:44:59.879+0000] {processor.py:840} INFO - DAG(s) 'example_bash_operator' retrieved from /home/airflow/.local/lib/python3.12/site-packages/airflow/example_dags/example_bash_operator.py
[2024-04-26T12:44:59.900+0000] {logging_mixin.py:188} INFO - [2024-04-26T12:44:59.899+0000] {dag.py:3096} INFO - Sync 1 DAGs
[2024-04-26T12:44:59.917+0000] {logging_mixin.py:188} INFO - [2024-04-26T12:44:59.917+0000] {dag.py:3954} INFO - Setting next_dagrun for example_bash_operator to 2024-04-25 00:00:00+00:00, run_after=2024-04-26 00:00:00+00:00
[2024-04-26T12:44:59.934+0000] {processor.py:183} INFO - Processing /home/airflow/.local/lib/python3.12/site-packages/airflow/example_dags/example_bash_operator.py took 0.071 seconds
[2024-04-26T12:45:30.263+0000] {processor.py:161} INFO - Started process (PID=1308) to work on /home/airflow/.local/lib/python3.12/site-packages/airflow/example_dags/example_bash_operator.py
[2024-04-26T12:45:30.264+0000] {processor.py:830} INFO - Processing file /home/airflow/.local/lib/python3.12/site-packages/airflow/example_dags/example_bash_operator.py for tasks to queue
[2024-04-26T12:45:30.265+0000] {logging_mixin.py:188} INFO - [2024-04-26T12:45:30.265+0000] {dagbag.py:540} INFO - Filling up the DagBag from /home/airflow/.local/lib/python3.12/site-packages/airflow/example_dags/example_bash_operator.py
[2024-04-26T12:45:30.274+0000] {processor.py:840} INFO - DAG(s) 'example_bash_operator' retrieved from /home/airflow/.local/lib/python3.12/site-packages/airflow/example_dags/example_bash_operator.py
[2024-04-26T12:45:30.294+0000] {logging_mixin.py:188} INFO - [2024-04-26T12:45:30.294+0000] {dag.py:3096} INFO - Sync 1 DAGs
[2024-04-26T12:45:30.311+0000] {logging_mixin.py:188} INFO - [2024-04-26T12:45:30.310+0000] {dag.py:3954} INFO - Setting next_dagrun for example_bash_operator to 2024-04-25 00:00:00+00:00, run_after=2024-04-26 00:00:00+00:00
[2024-04-26T12:45:30.327+0000] {processor.py:183} INFO - Processing /home/airflow/.local/lib/python3.12/site-packages/airflow/example_dags/example_bash_operator.py took 0.069 seconds
[2024-04-26T12:46:00.847+0000] {processor.py:161} INFO - Started process (PID=1370) to work on /home/airflow/.local/lib/python3.12/site-packages/airflow/example_dags/example_bash_operator.py
[2024-04-26T12:46:00.847+0000] {processor.py:830} INFO - Processing file /home/airflow/.local/lib/python3.12/site-packages/airflow/example_dags/example_bash_operator.py for tasks to queue
[2024-04-26T12:46:00.849+0000] {logging_mixin.py:188} INFO - [2024-04-26T12:46:00.848+0000] {dagbag.py:540} INFO - Filling up the DagBag from /home/airflow/.local/lib/python3.12/site-packages/airflow/example_dags/example_bash_operator.py
[2024-04-26T12:46:00.858+0000] {processor.py:840} INFO - DAG(s) 'example_bash_operator' retrieved from /home/airflow/.local/lib/python3.12/site-packages/airflow/example_dags/example_bash_operator.py
[2024-04-26T12:46:00.881+0000] {logging_mixin.py:188} INFO - [2024-04-26T12:46:00.881+0000] {dag.py:3096} INFO - Sync 1 DAGs
[2024-04-26T12:46:00.899+0000] {logging_mixin.py:188} INFO - [2024-04-26T12:46:00.899+0000] {dag.py:3954} INFO - Setting next_dagrun for example_bash_operator to 2024-04-25 00:00:00+00:00, run_after=2024-04-26 00:00:00+00:00
[2024-04-26T12:46:00.916+0000] {processor.py:183} INFO - Processing /home/airflow/.local/lib/python3.12/site-packages/airflow/example_dags/example_bash_operator.py took 0.074 seconds
[2024-04-26T12:46:31.665+0000] {processor.py:161} INFO - Started process (PID=1432) to work on /home/airflow/.local/lib/python3.12/site-packages/airflow/example_dags/example_bash_operator.py
[2024-04-26T12:46:31.666+0000] {processor.py:830} INFO - Processing file /home/airflow/.local/lib/python3.12/site-packages/airflow/example_dags/example_bash_operator.py for tasks to queue
[2024-04-26T12:46:31.667+0000] {logging_mixin.py:188} INFO - [2024-04-26T12:46:31.667+0000] {dagbag.py:540} INFO - Filling up the DagBag from /home/airflow/.local/lib/python3.12/site-packages/airflow/example_dags/example_bash_operator.py
[2024-04-26T12:46:31.676+0000] {processor.py:840} INFO - DAG(s) 'example_bash_operator' retrieved from /home/airflow/.local/lib/python3.12/site-packages/airflow/example_dags/example_bash_operator.py
[2024-04-26T12:46:31.698+0000] {logging_mixin.py:188} INFO - [2024-04-26T12:46:31.698+0000] {dag.py:3096} INFO - Sync 1 DAGs
[2024-04-26T12:46:31.716+0000] {logging_mixin.py:188} INFO - [2024-04-26T12:46:31.716+0000] {dag.py:3954} INFO - Setting next_dagrun for example_bash_operator to 2024-04-25 00:00:00+00:00, run_after=2024-04-26 00:00:00+00:00
[2024-04-26T12:46:31.732+0000] {processor.py:183} INFO - Processing /home/airflow/.local/lib/python3.12/site-packages/airflow/example_dags/example_bash_operator.py took 0.072 seconds
[2024-04-26T12:47:02.048+0000] {processor.py:161} INFO - Started process (PID=1492) to work on /home/airflow/.local/lib/python3.12/site-packages/airflow/example_dags/example_bash_operator.py
[2024-04-26T12:47:02.049+0000] {processor.py:830} INFO - Processing file /home/airflow/.local/lib/python3.12/site-packages/airflow/example_dags/example_bash_operator.py for tasks to queue
[2024-04-26T12:47:02.050+0000] {logging_mixin.py:188} INFO - [2024-04-26T12:47:02.050+0000] {dagbag.py:540} INFO - Filling up the DagBag from /home/airflow/.local/lib/python3.12/site-packages/airflow/example_dags/example_bash_operator.py
[2024-04-26T12:47:02.059+0000] {processor.py:840} INFO - DAG(s) 'example_bash_operator' retrieved from /home/airflow/.local/lib/python3.12/site-packages/airflow/example_dags/example_bash_operator.py
[2024-04-26T12:47:02.079+0000] {logging_mixin.py:188} INFO - [2024-04-26T12:47:02.079+0000] {dag.py:3096} INFO - Sync 1 DAGs
[2024-04-26T12:47:02.096+0000] {logging_mixin.py:188} INFO - [2024-04-26T12:47:02.096+0000] {dag.py:3954} INFO - Setting next_dagrun for example_bash_operator to 2024-04-25 00:00:00+00:00, run_after=2024-04-26 00:00:00+00:00
[2024-04-26T12:47:02.113+0000] {processor.py:183} INFO - Processing /home/airflow/.local/lib/python3.12/site-packages/airflow/example_dags/example_bash_operator.py took 0.069 seconds
[2024-04-26T12:47:32.390+0000] {processor.py:161} INFO - Started process (PID=1552) to work on /home/airflow/.local/lib/python3.12/site-packages/airflow/example_dags/example_bash_operator.py
[2024-04-26T12:47:32.391+0000] {processor.py:830} INFO - Processing file /home/airflow/.local/lib/python3.12/site-packages/airflow/example_dags/example_bash_operator.py for tasks to queue
[2024-04-26T12:47:32.392+0000] {logging_mixin.py:188} INFO - [2024-04-26T12:47:32.392+0000] {dagbag.py:540} INFO - Filling up the DagBag from /home/airflow/.local/lib/python3.12/site-packages/airflow/example_dags/example_bash_operator.py
[2024-04-26T12:47:32.401+0000] {processor.py:840} INFO - DAG(s) 'example_bash_operator' retrieved from /home/airflow/.local/lib/python3.12/site-packages/airflow/example_dags/example_bash_operator.py
[2024-04-26T12:47:32.422+0000] {logging_mixin.py:188} INFO - [2024-04-26T12:47:32.422+0000] {dag.py:3096} INFO - Sync 1 DAGs
[2024-04-26T12:47:32.439+0000] {logging_mixin.py:188} INFO - [2024-04-26T12:47:32.438+0000] {dag.py:3954} INFO - Setting next_dagrun for example_bash_operator to 2024-04-25 00:00:00+00:00, run_after=2024-04-26 00:00:00+00:00
[2024-04-26T12:47:32.455+0000] {processor.py:183} INFO - Processing /home/airflow/.local/lib/python3.12/site-packages/airflow/example_dags/example_bash_operator.py took 0.069 seconds
[2024-04-26T12:48:02.792+0000] {processor.py:161} INFO - Started process (PID=1612) to work on /home/airflow/.local/lib/python3.12/site-packages/airflow/example_dags/example_bash_operator.py
[2024-04-26T12:48:02.793+0000] {processor.py:830} INFO - Processing file /home/airflow/.local/lib/python3.12/site-packages/airflow/example_dags/example_bash_operator.py for tasks to queue
[2024-04-26T12:48:02.794+0000] {logging_mixin.py:188} INFO - [2024-04-26T12:48:02.794+0000] {dagbag.py:540} INFO - Filling up the DagBag from /home/airflow/.local/lib/python3.12/site-packages/airflow/example_dags/example_bash_operator.py
[2024-04-26T12:48:02.803+0000] {processor.py:840} INFO - DAG(s) 'example_bash_operator' retrieved from /home/airflow/.local/lib/python3.12/site-packages/airflow/example_dags/example_bash_operator.py
[2024-04-26T12:48:02.824+0000] {logging_mixin.py:188} INFO - [2024-04-26T12:48:02.824+0000] {dag.py:3096} INFO - Sync 1 DAGs
[2024-04-26T12:48:02.844+0000] {logging_mixin.py:188} INFO - [2024-04-26T12:48:02.844+0000] {dag.py:3954} INFO - Setting next_dagrun for example_bash_operator to 2024-04-25 00:00:00+00:00, run_after=2024-04-26 00:00:00+00:00
[2024-04-26T12:48:02.859+0000] {processor.py:183} INFO - Processing /home/airflow/.local/lib/python3.12/site-packages/airflow/example_dags/example_bash_operator.py took 0.072 seconds
[2024-04-26T12:48:33.193+0000] {processor.py:161} INFO - Started process (PID=1672) to work on /home/airflow/.local/lib/python3.12/site-packages/airflow/example_dags/example_bash_operator.py
[2024-04-26T12:48:33.194+0000] {processor.py:830} INFO - Processing file /home/airflow/.local/lib/python3.12/site-packages/airflow/example_dags/example_bash_operator.py for tasks to queue
[2024-04-26T12:48:33.195+0000] {logging_mixin.py:188} INFO - [2024-04-26T12:48:33.195+0000] {dagbag.py:540} INFO - Filling up the DagBag from /home/airflow/.local/lib/python3.12/site-packages/airflow/example_dags/example_bash_operator.py
[2024-04-26T12:48:33.203+0000] {processor.py:840} INFO - DAG(s) 'example_bash_operator' retrieved from /home/airflow/.local/lib/python3.12/site-packages/airflow/example_dags/example_bash_operator.py
[2024-04-26T12:48:33.223+0000] {logging_mixin.py:188} INFO - [2024-04-26T12:48:33.223+0000] {dag.py:3096} INFO - Sync 1 DAGs
[2024-04-26T12:48:33.241+0000] {logging_mixin.py:188} INFO - [2024-04-26T12:48:33.241+0000] {dag.py:3954} INFO - Setting next_dagrun for example_bash_operator to 2024-04-25 00:00:00+00:00, run_after=2024-04-26 00:00:00+00:00
[2024-04-26T12:48:33.257+0000] {processor.py:183} INFO - Processing /home/airflow/.local/lib/python3.12/site-packages/airflow/example_dags/example_bash_operator.py took 0.068 seconds
[2024-04-26T12:49:03.649+0000] {processor.py:161} INFO - Started process (PID=1732) to work on /home/airflow/.local/lib/python3.12/site-packages/airflow/example_dags/example_bash_operator.py
[2024-04-26T12:49:03.650+0000] {processor.py:830} INFO - Processing file /home/airflow/.local/lib/python3.12/site-packages/airflow/example_dags/example_bash_operator.py for tasks to queue
[2024-04-26T12:49:03.652+0000] {logging_mixin.py:188} INFO - [2024-04-26T12:49:03.652+0000] {dagbag.py:540} INFO - Filling up the DagBag from /home/airflow/.local/lib/python3.12/site-packages/airflow/example_dags/example_bash_operator.py
[2024-04-26T12:49:03.660+0000] {processor.py:840} INFO - DAG(s) 'example_bash_operator' retrieved from /home/airflow/.local/lib/python3.12/site-packages/airflow/example_dags/example_bash_operator.py
[2024-04-26T12:49:03.681+0000] {logging_mixin.py:188} INFO - [2024-04-26T12:49:03.681+0000] {dag.py:3096} INFO - Sync 1 DAGs
[2024-04-26T12:49:03.698+0000] {logging_mixin.py:188} INFO - [2024-04-26T12:49:03.697+0000] {dag.py:3954} INFO - Setting next_dagrun for example_bash_operator to 2024-04-25 00:00:00+00:00, run_after=2024-04-26 00:00:00+00:00
[2024-04-26T12:49:03.712+0000] {processor.py:183} INFO - Processing /home/airflow/.local/lib/python3.12/site-packages/airflow/example_dags/example_bash_operator.py took 0.067 seconds
[2024-04-26T12:49:34.443+0000] {processor.py:161} INFO - Started process (PID=1838) to work on /home/airflow/.local/lib/python3.12/site-packages/airflow/example_dags/example_bash_operator.py
[2024-04-26T12:49:34.443+0000] {processor.py:830} INFO - Processing file /home/airflow/.local/lib/python3.12/site-packages/airflow/example_dags/example_bash_operator.py for tasks to queue
[2024-04-26T12:49:34.445+0000] {logging_mixin.py:188} INFO - [2024-04-26T12:49:34.445+0000] {dagbag.py:540} INFO - Filling up the DagBag from /home/airflow/.local/lib/python3.12/site-packages/airflow/example_dags/example_bash_operator.py
[2024-04-26T12:49:34.454+0000] {processor.py:840} INFO - DAG(s) 'example_bash_operator' retrieved from /home/airflow/.local/lib/python3.12/site-packages/airflow/example_dags/example_bash_operator.py
[2024-04-26T12:49:34.476+0000] {logging_mixin.py:188} INFO - [2024-04-26T12:49:34.476+0000] {dag.py:3096} INFO - Sync 1 DAGs
[2024-04-26T12:49:34.495+0000] {logging_mixin.py:188} INFO - [2024-04-26T12:49:34.495+0000] {dag.py:3954} INFO - Setting next_dagrun for example_bash_operator to 2024-04-25 00:00:00+00:00, run_after=2024-04-26 00:00:00+00:00
[2024-04-26T12:49:34.512+0000] {processor.py:183} INFO - Processing /home/airflow/.local/lib/python3.12/site-packages/airflow/example_dags/example_bash_operator.py took 0.075 seconds
[2024-04-26T12:50:05.382+0000] {processor.py:161} INFO - Started process (PID=2086) to work on /home/airflow/.local/lib/python3.12/site-packages/airflow/example_dags/example_bash_operator.py
[2024-04-26T12:50:05.383+0000] {processor.py:830} INFO - Processing file /home/airflow/.local/lib/python3.12/site-packages/airflow/example_dags/example_bash_operator.py for tasks to queue
[2024-04-26T12:50:05.386+0000] {logging_mixin.py:188} INFO - [2024-04-26T12:50:05.385+0000] {dagbag.py:540} INFO - Filling up the DagBag from /home/airflow/.local/lib/python3.12/site-packages/airflow/example_dags/example_bash_operator.py
[2024-04-26T12:50:05.400+0000] {processor.py:840} INFO - DAG(s) 'example_bash_operator' retrieved from /home/airflow/.local/lib/python3.12/site-packages/airflow/example_dags/example_bash_operator.py
[2024-04-26T12:50:05.436+0000] {logging_mixin.py:188} INFO - [2024-04-26T12:50:05.436+0000] {dag.py:3096} INFO - Sync 1 DAGs
[2024-04-26T12:50:05.460+0000] {logging_mixin.py:188} INFO - [2024-04-26T12:50:05.459+0000] {dag.py:3954} INFO - Setting next_dagrun for example_bash_operator to 2024-04-25 00:00:00+00:00, run_after=2024-04-26 00:00:00+00:00
[2024-04-26T12:50:05.487+0000] {processor.py:183} INFO - Processing /home/airflow/.local/lib/python3.12/site-packages/airflow/example_dags/example_bash_operator.py took 0.111 seconds
[2024-04-26T12:50:35.568+0000] {processor.py:161} INFO - Started process (PID=2346) to work on /home/airflow/.local/lib/python3.12/site-packages/airflow/example_dags/example_bash_operator.py
[2024-04-26T12:50:35.569+0000] {processor.py:830} INFO - Processing file /home/airflow/.local/lib/python3.12/site-packages/airflow/example_dags/example_bash_operator.py for tasks to queue
[2024-04-26T12:50:35.571+0000] {logging_mixin.py:188} INFO - [2024-04-26T12:50:35.570+0000] {dagbag.py:540} INFO - Filling up the DagBag from /home/airflow/.local/lib/python3.12/site-packages/airflow/example_dags/example_bash_operator.py
[2024-04-26T12:50:35.579+0000] {processor.py:840} INFO - DAG(s) 'example_bash_operator' retrieved from /home/airflow/.local/lib/python3.12/site-packages/airflow/example_dags/example_bash_operator.py
[2024-04-26T12:50:35.600+0000] {logging_mixin.py:188} INFO - [2024-04-26T12:50:35.600+0000] {dag.py:3096} INFO - Sync 1 DAGs
[2024-04-26T12:50:35.619+0000] {logging_mixin.py:188} INFO - [2024-04-26T12:50:35.618+0000] {dag.py:3954} INFO - Setting next_dagrun for example_bash_operator to 2024-04-25 00:00:00+00:00, run_after=2024-04-26 00:00:00+00:00
[2024-04-26T12:50:35.634+0000] {processor.py:183} INFO - Processing /home/airflow/.local/lib/python3.12/site-packages/airflow/example_dags/example_bash_operator.py took 0.070 seconds
[2024-04-26T12:51:05.912+0000] {processor.py:161} INFO - Started process (PID=2590) to work on /home/airflow/.local/lib/python3.12/site-packages/airflow/example_dags/example_bash_operator.py
[2024-04-26T12:51:05.913+0000] {processor.py:830} INFO - Processing file /home/airflow/.local/lib/python3.12/site-packages/airflow/example_dags/example_bash_operator.py for tasks to queue
[2024-04-26T12:51:05.914+0000] {logging_mixin.py:188} INFO - [2024-04-26T12:51:05.914+0000] {dagbag.py:540} INFO - Filling up the DagBag from /home/airflow/.local/lib/python3.12/site-packages/airflow/example_dags/example_bash_operator.py
[2024-04-26T12:51:05.923+0000] {processor.py:840} INFO - DAG(s) 'example_bash_operator' retrieved from /home/airflow/.local/lib/python3.12/site-packages/airflow/example_dags/example_bash_operator.py
[2024-04-26T12:51:05.943+0000] {logging_mixin.py:188} INFO - [2024-04-26T12:51:05.943+0000] {dag.py:3096} INFO - Sync 1 DAGs
[2024-04-26T12:51:05.959+0000] {logging_mixin.py:188} INFO - [2024-04-26T12:51:05.959+0000] {dag.py:3954} INFO - Setting next_dagrun for example_bash_operator to 2024-04-25 00:00:00+00:00, run_after=2024-04-26 00:00:00+00:00
[2024-04-26T12:51:05.974+0000] {processor.py:183} INFO - Processing /home/airflow/.local/lib/python3.12/site-packages/airflow/example_dags/example_bash_operator.py took 0.066 seconds
[2024-04-26T12:51:36.307+0000] {processor.py:161} INFO - Started process (PID=2826) to work on /home/airflow/.local/lib/python3.12/site-packages/airflow/example_dags/example_bash_operator.py
[2024-04-26T12:51:36.308+0000] {processor.py:830} INFO - Processing file /home/airflow/.local/lib/python3.12/site-packages/airflow/example_dags/example_bash_operator.py for tasks to queue
[2024-04-26T12:51:36.309+0000] {logging_mixin.py:188} INFO - [2024-04-26T12:51:36.309+0000] {dagbag.py:540} INFO - Filling up the DagBag from /home/airflow/.local/lib/python3.12/site-packages/airflow/example_dags/example_bash_operator.py
[2024-04-26T12:51:36.318+0000] {processor.py:840} INFO - DAG(s) 'example_bash_operator' retrieved from /home/airflow/.local/lib/python3.12/site-packages/airflow/example_dags/example_bash_operator.py
[2024-04-26T12:51:36.338+0000] {logging_mixin.py:188} INFO - [2024-04-26T12:51:36.338+0000] {dag.py:3096} INFO - Sync 1 DAGs
[2024-04-26T12:51:36.354+0000] {logging_mixin.py:188} INFO - [2024-04-26T12:51:36.354+0000] {dag.py:3954} INFO - Setting next_dagrun for example_bash_operator to 2024-04-25 00:00:00+00:00, run_after=2024-04-26 00:00:00+00:00
[2024-04-26T12:51:36.367+0000] {processor.py:183} INFO - Processing /home/airflow/.local/lib/python3.12/site-packages/airflow/example_dags/example_bash_operator.py took 0.064 seconds
[2024-04-26T12:52:06.676+0000] {processor.py:161} INFO - Started process (PID=3070) to work on /home/airflow/.local/lib/python3.12/site-packages/airflow/example_dags/example_bash_operator.py
[2024-04-26T12:52:06.677+0000] {processor.py:830} INFO - Processing file /home/airflow/.local/lib/python3.12/site-packages/airflow/example_dags/example_bash_operator.py for tasks to queue
[2024-04-26T12:52:06.679+0000] {logging_mixin.py:188} INFO - [2024-04-26T12:52:06.678+0000] {dagbag.py:540} INFO - Filling up the DagBag from /home/airflow/.local/lib/python3.12/site-packages/airflow/example_dags/example_bash_operator.py
[2024-04-26T12:52:06.691+0000] {processor.py:840} INFO - DAG(s) 'example_bash_operator' retrieved from /home/airflow/.local/lib/python3.12/site-packages/airflow/example_dags/example_bash_operator.py
[2024-04-26T12:52:06.715+0000] {logging_mixin.py:188} INFO - [2024-04-26T12:52:06.715+0000] {dag.py:3096} INFO - Sync 1 DAGs
[2024-04-26T12:52:06.735+0000] {logging_mixin.py:188} INFO - [2024-04-26T12:52:06.734+0000] {dag.py:3954} INFO - Setting next_dagrun for example_bash_operator to 2024-04-25 00:00:00+00:00, run_after=2024-04-26 00:00:00+00:00
[2024-04-26T12:52:06.749+0000] {processor.py:183} INFO - Processing /home/airflow/.local/lib/python3.12/site-packages/airflow/example_dags/example_bash_operator.py took 0.081 seconds
[2024-04-26T12:52:37.706+0000] {processor.py:161} INFO - Started process (PID=3338) to work on /home/airflow/.local/lib/python3.12/site-packages/airflow/example_dags/example_bash_operator.py
[2024-04-26T12:52:37.706+0000] {processor.py:830} INFO - Processing file /home/airflow/.local/lib/python3.12/site-packages/airflow/example_dags/example_bash_operator.py for tasks to queue
[2024-04-26T12:52:37.708+0000] {logging_mixin.py:188} INFO - [2024-04-26T12:52:37.708+0000] {dagbag.py:540} INFO - Filling up the DagBag from /home/airflow/.local/lib/python3.12/site-packages/airflow/example_dags/example_bash_operator.py
[2024-04-26T12:52:37.718+0000] {processor.py:840} INFO - DAG(s) 'example_bash_operator' retrieved from /home/airflow/.local/lib/python3.12/site-packages/airflow/example_dags/example_bash_operator.py
[2024-04-26T12:52:37.740+0000] {logging_mixin.py:188} INFO - [2024-04-26T12:52:37.740+0000] {dag.py:3096} INFO - Sync 1 DAGs
[2024-04-26T12:52:37.759+0000] {logging_mixin.py:188} INFO - [2024-04-26T12:52:37.758+0000] {dag.py:3954} INFO - Setting next_dagrun for example_bash_operator to 2024-04-25 00:00:00+00:00, run_after=2024-04-26 00:00:00+00:00
[2024-04-26T12:52:37.774+0000] {processor.py:183} INFO - Processing /home/airflow/.local/lib/python3.12/site-packages/airflow/example_dags/example_bash_operator.py took 0.073 seconds
[2024-04-26T12:53:08.215+0000] {processor.py:161} INFO - Started process (PID=3582) to work on /home/airflow/.local/lib/python3.12/site-packages/airflow/example_dags/example_bash_operator.py
[2024-04-26T12:53:08.216+0000] {processor.py:830} INFO - Processing file /home/airflow/.local/lib/python3.12/site-packages/airflow/example_dags/example_bash_operator.py for tasks to queue
[2024-04-26T12:53:08.218+0000] {logging_mixin.py:188} INFO - [2024-04-26T12:53:08.217+0000] {dagbag.py:540} INFO - Filling up the DagBag from /home/airflow/.local/lib/python3.12/site-packages/airflow/example_dags/example_bash_operator.py
[2024-04-26T12:53:08.226+0000] {processor.py:840} INFO - DAG(s) 'example_bash_operator' retrieved from /home/airflow/.local/lib/python3.12/site-packages/airflow/example_dags/example_bash_operator.py
[2024-04-26T12:53:08.250+0000] {logging_mixin.py:188} INFO - [2024-04-26T12:53:08.249+0000] {dag.py:3096} INFO - Sync 1 DAGs
[2024-04-26T12:53:08.268+0000] {logging_mixin.py:188} INFO - [2024-04-26T12:53:08.267+0000] {dag.py:3954} INFO - Setting next_dagrun for example_bash_operator to 2024-04-25 00:00:00+00:00, run_after=2024-04-26 00:00:00+00:00
[2024-04-26T12:53:08.285+0000] {processor.py:183} INFO - Processing /home/airflow/.local/lib/python3.12/site-packages/airflow/example_dags/example_bash_operator.py took 0.074 seconds
[2024-04-26T12:53:39.191+0000] {processor.py:161} INFO - Started process (PID=3810) to work on /home/airflow/.local/lib/python3.12/site-packages/airflow/example_dags/example_bash_operator.py
[2024-04-26T12:53:39.192+0000] {processor.py:830} INFO - Processing file /home/airflow/.local/lib/python3.12/site-packages/airflow/example_dags/example_bash_operator.py for tasks to queue
[2024-04-26T12:53:39.194+0000] {logging_mixin.py:188} INFO - [2024-04-26T12:53:39.193+0000] {dagbag.py:540} INFO - Filling up the DagBag from /home/airflow/.local/lib/python3.12/site-packages/airflow/example_dags/example_bash_operator.py
[2024-04-26T12:53:39.202+0000] {processor.py:840} INFO - DAG(s) 'example_bash_operator' retrieved from /home/airflow/.local/lib/python3.12/site-packages/airflow/example_dags/example_bash_operator.py
[2024-04-26T12:53:39.223+0000] {logging_mixin.py:188} INFO - [2024-04-26T12:53:39.223+0000] {dag.py:3096} INFO - Sync 1 DAGs
[2024-04-26T12:53:39.240+0000] {logging_mixin.py:188} INFO - [2024-04-26T12:53:39.240+0000] {dag.py:3954} INFO - Setting next_dagrun for example_bash_operator to 2024-04-25 00:00:00+00:00, run_after=2024-04-26 00:00:00+00:00
[2024-04-26T12:53:39.256+0000] {processor.py:183} INFO - Processing /home/airflow/.local/lib/python3.12/site-packages/airflow/example_dags/example_bash_operator.py took 0.069 seconds
[2024-04-26T12:54:09.636+0000] {processor.py:161} INFO - Started process (PID=3874) to work on /home/airflow/.local/lib/python3.12/site-packages/airflow/example_dags/example_bash_operator.py
[2024-04-26T12:54:09.636+0000] {processor.py:830} INFO - Processing file /home/airflow/.local/lib/python3.12/site-packages/airflow/example_dags/example_bash_operator.py for tasks to queue
[2024-04-26T12:54:09.638+0000] {logging_mixin.py:188} INFO - [2024-04-26T12:54:09.638+0000] {dagbag.py:540} INFO - Filling up the DagBag from /home/airflow/.local/lib/python3.12/site-packages/airflow/example_dags/example_bash_operator.py
[2024-04-26T12:54:09.646+0000] {processor.py:840} INFO - DAG(s) 'example_bash_operator' retrieved from /home/airflow/.local/lib/python3.12/site-packages/airflow/example_dags/example_bash_operator.py
[2024-04-26T12:54:09.667+0000] {logging_mixin.py:188} INFO - [2024-04-26T12:54:09.667+0000] {dag.py:3096} INFO - Sync 1 DAGs
[2024-04-26T12:54:09.688+0000] {logging_mixin.py:188} INFO - [2024-04-26T12:54:09.687+0000] {dag.py:3954} INFO - Setting next_dagrun for example_bash_operator to 2024-04-25 00:00:00+00:00, run_after=2024-04-26 00:00:00+00:00
[2024-04-26T12:54:09.707+0000] {processor.py:183} INFO - Processing /home/airflow/.local/lib/python3.12/site-packages/airflow/example_dags/example_bash_operator.py took 0.076 seconds
[2024-04-26T12:54:39.915+0000] {processor.py:161} INFO - Started process (PID=3934) to work on /home/airflow/.local/lib/python3.12/site-packages/airflow/example_dags/example_bash_operator.py
[2024-04-26T12:54:39.916+0000] {processor.py:830} INFO - Processing file /home/airflow/.local/lib/python3.12/site-packages/airflow/example_dags/example_bash_operator.py for tasks to queue
[2024-04-26T12:54:39.917+0000] {logging_mixin.py:188} INFO - [2024-04-26T12:54:39.917+0000] {dagbag.py:540} INFO - Filling up the DagBag from /home/airflow/.local/lib/python3.12/site-packages/airflow/example_dags/example_bash_operator.py
[2024-04-26T12:54:39.926+0000] {processor.py:840} INFO - DAG(s) 'example_bash_operator' retrieved from /home/airflow/.local/lib/python3.12/site-packages/airflow/example_dags/example_bash_operator.py
[2024-04-26T12:54:39.946+0000] {logging_mixin.py:188} INFO - [2024-04-26T12:54:39.946+0000] {dag.py:3096} INFO - Sync 1 DAGs
[2024-04-26T12:54:39.962+0000] {logging_mixin.py:188} INFO - [2024-04-26T12:54:39.962+0000] {dag.py:3954} INFO - Setting next_dagrun for example_bash_operator to 2024-04-25 00:00:00+00:00, run_after=2024-04-26 00:00:00+00:00
[2024-04-26T12:54:39.976+0000] {processor.py:183} INFO - Processing /home/airflow/.local/lib/python3.12/site-packages/airflow/example_dags/example_bash_operator.py took 0.065 seconds
[2024-04-26T12:55:10.483+0000] {processor.py:161} INFO - Started process (PID=3994) to work on /home/airflow/.local/lib/python3.12/site-packages/airflow/example_dags/example_bash_operator.py
[2024-04-26T12:55:10.484+0000] {processor.py:830} INFO - Processing file /home/airflow/.local/lib/python3.12/site-packages/airflow/example_dags/example_bash_operator.py for tasks to queue
[2024-04-26T12:55:10.486+0000] {logging_mixin.py:188} INFO - [2024-04-26T12:55:10.485+0000] {dagbag.py:540} INFO - Filling up the DagBag from /home/airflow/.local/lib/python3.12/site-packages/airflow/example_dags/example_bash_operator.py
[2024-04-26T12:55:10.494+0000] {processor.py:840} INFO - DAG(s) 'example_bash_operator' retrieved from /home/airflow/.local/lib/python3.12/site-packages/airflow/example_dags/example_bash_operator.py
[2024-04-26T12:55:10.515+0000] {logging_mixin.py:188} INFO - [2024-04-26T12:55:10.515+0000] {dag.py:3096} INFO - Sync 1 DAGs
[2024-04-26T12:55:10.531+0000] {logging_mixin.py:188} INFO - [2024-04-26T12:55:10.531+0000] {dag.py:3954} INFO - Setting next_dagrun for example_bash_operator to 2024-04-25 00:00:00+00:00, run_after=2024-04-26 00:00:00+00:00
[2024-04-26T12:55:10.548+0000] {processor.py:183} INFO - Processing /home/airflow/.local/lib/python3.12/site-packages/airflow/example_dags/example_bash_operator.py took 0.069 seconds
[2024-04-26T12:55:40.979+0000] {processor.py:161} INFO - Started process (PID=4054) to work on /home/airflow/.local/lib/python3.12/site-packages/airflow/example_dags/example_bash_operator.py
[2024-04-26T12:55:40.980+0000] {processor.py:830} INFO - Processing file /home/airflow/.local/lib/python3.12/site-packages/airflow/example_dags/example_bash_operator.py for tasks to queue
[2024-04-26T12:55:40.983+0000] {logging_mixin.py:188} INFO - [2024-04-26T12:55:40.982+0000] {dagbag.py:540} INFO - Filling up the DagBag from /home/airflow/.local/lib/python3.12/site-packages/airflow/example_dags/example_bash_operator.py
[2024-04-26T12:55:40.992+0000] {processor.py:840} INFO - DAG(s) 'example_bash_operator' retrieved from /home/airflow/.local/lib/python3.12/site-packages/airflow/example_dags/example_bash_operator.py
[2024-04-26T12:55:41.015+0000] {logging_mixin.py:188} INFO - [2024-04-26T12:55:41.014+0000] {dag.py:3096} INFO - Sync 1 DAGs
[2024-04-26T12:55:41.032+0000] {logging_mixin.py:188} INFO - [2024-04-26T12:55:41.032+0000] {dag.py:3954} INFO - Setting next_dagrun for example_bash_operator to 2024-04-25 00:00:00+00:00, run_after=2024-04-26 00:00:00+00:00
[2024-04-26T12:55:41.052+0000] {processor.py:183} INFO - Processing /home/airflow/.local/lib/python3.12/site-packages/airflow/example_dags/example_bash_operator.py took 0.077 seconds
[2024-04-26T12:56:11.407+0000] {processor.py:161} INFO - Started process (PID=4118) to work on /home/airflow/.local/lib/python3.12/site-packages/airflow/example_dags/example_bash_operator.py
[2024-04-26T12:56:11.407+0000] {processor.py:830} INFO - Processing file /home/airflow/.local/lib/python3.12/site-packages/airflow/example_dags/example_bash_operator.py for tasks to queue
[2024-04-26T12:56:11.409+0000] {logging_mixin.py:188} INFO - [2024-04-26T12:56:11.409+0000] {dagbag.py:540} INFO - Filling up the DagBag from /home/airflow/.local/lib/python3.12/site-packages/airflow/example_dags/example_bash_operator.py
[2024-04-26T12:56:11.417+0000] {processor.py:840} INFO - DAG(s) 'example_bash_operator' retrieved from /home/airflow/.local/lib/python3.12/site-packages/airflow/example_dags/example_bash_operator.py
[2024-04-26T12:56:11.437+0000] {logging_mixin.py:188} INFO - [2024-04-26T12:56:11.437+0000] {dag.py:3096} INFO - Sync 1 DAGs
[2024-04-26T12:56:11.453+0000] {logging_mixin.py:188} INFO - [2024-04-26T12:56:11.453+0000] {dag.py:3954} INFO - Setting next_dagrun for example_bash_operator to 2024-04-25 00:00:00+00:00, run_after=2024-04-26 00:00:00+00:00
[2024-04-26T12:56:11.467+0000] {processor.py:183} INFO - Processing /home/airflow/.local/lib/python3.12/site-packages/airflow/example_dags/example_bash_operator.py took 0.065 seconds
[2024-04-26T12:56:41.825+0000] {processor.py:161} INFO - Started process (PID=4178) to work on /home/airflow/.local/lib/python3.12/site-packages/airflow/example_dags/example_bash_operator.py
[2024-04-26T12:56:41.826+0000] {processor.py:830} INFO - Processing file /home/airflow/.local/lib/python3.12/site-packages/airflow/example_dags/example_bash_operator.py for tasks to queue
[2024-04-26T12:56:41.827+0000] {logging_mixin.py:188} INFO - [2024-04-26T12:56:41.827+0000] {dagbag.py:540} INFO - Filling up the DagBag from /home/airflow/.local/lib/python3.12/site-packages/airflow/example_dags/example_bash_operator.py
[2024-04-26T12:56:41.835+0000] {processor.py:840} INFO - DAG(s) 'example_bash_operator' retrieved from /home/airflow/.local/lib/python3.12/site-packages/airflow/example_dags/example_bash_operator.py
[2024-04-26T12:56:41.856+0000] {logging_mixin.py:188} INFO - [2024-04-26T12:56:41.855+0000] {dag.py:3096} INFO - Sync 1 DAGs
[2024-04-26T12:56:41.872+0000] {logging_mixin.py:188} INFO - [2024-04-26T12:56:41.872+0000] {dag.py:3954} INFO - Setting next_dagrun for example_bash_operator to 2024-04-25 00:00:00+00:00, run_after=2024-04-26 00:00:00+00:00
[2024-04-26T12:56:41.887+0000] {processor.py:183} INFO - Processing /home/airflow/.local/lib/python3.12/site-packages/airflow/example_dags/example_bash_operator.py took 0.066 seconds
[2024-04-26T12:57:12.306+0000] {processor.py:161} INFO - Started process (PID=4238) to work on /home/airflow/.local/lib/python3.12/site-packages/airflow/example_dags/example_bash_operator.py
[2024-04-26T12:57:12.307+0000] {processor.py:830} INFO - Processing file /home/airflow/.local/lib/python3.12/site-packages/airflow/example_dags/example_bash_operator.py for tasks to queue
[2024-04-26T12:57:12.308+0000] {logging_mixin.py:188} INFO - [2024-04-26T12:57:12.308+0000] {dagbag.py:540} INFO - Filling up the DagBag from /home/airflow/.local/lib/python3.12/site-packages/airflow/example_dags/example_bash_operator.py
[2024-04-26T12:57:12.317+0000] {processor.py:840} INFO - DAG(s) 'example_bash_operator' retrieved from /home/airflow/.local/lib/python3.12/site-packages/airflow/example_dags/example_bash_operator.py
[2024-04-26T12:57:12.337+0000] {logging_mixin.py:188} INFO - [2024-04-26T12:57:12.337+0000] {dag.py:3096} INFO - Sync 1 DAGs
[2024-04-26T12:57:12.354+0000] {logging_mixin.py:188} INFO - [2024-04-26T12:57:12.353+0000] {dag.py:3954} INFO - Setting next_dagrun for example_bash_operator to 2024-04-25 00:00:00+00:00, run_after=2024-04-26 00:00:00+00:00
[2024-04-26T12:57:12.371+0000] {processor.py:183} INFO - Processing /home/airflow/.local/lib/python3.12/site-packages/airflow/example_dags/example_bash_operator.py took 0.070 seconds
[2024-04-26T12:57:42.646+0000] {processor.py:161} INFO - Started process (PID=4298) to work on /home/airflow/.local/lib/python3.12/site-packages/airflow/example_dags/example_bash_operator.py
[2024-04-26T12:57:42.647+0000] {processor.py:830} INFO - Processing file /home/airflow/.local/lib/python3.12/site-packages/airflow/example_dags/example_bash_operator.py for tasks to queue
[2024-04-26T12:57:42.648+0000] {logging_mixin.py:188} INFO - [2024-04-26T12:57:42.648+0000] {dagbag.py:540} INFO - Filling up the DagBag from /home/airflow/.local/lib/python3.12/site-packages/airflow/example_dags/example_bash_operator.py
[2024-04-26T12:57:42.657+0000] {processor.py:840} INFO - DAG(s) 'example_bash_operator' retrieved from /home/airflow/.local/lib/python3.12/site-packages/airflow/example_dags/example_bash_operator.py
[2024-04-26T12:57:42.677+0000] {logging_mixin.py:188} INFO - [2024-04-26T12:57:42.676+0000] {dag.py:3096} INFO - Sync 1 DAGs
[2024-04-26T12:57:42.692+0000] {logging_mixin.py:188} INFO - [2024-04-26T12:57:42.692+0000] {dag.py:3954} INFO - Setting next_dagrun for example_bash_operator to 2024-04-25 00:00:00+00:00, run_after=2024-04-26 00:00:00+00:00
[2024-04-26T12:57:42.705+0000] {processor.py:183} INFO - Processing /home/airflow/.local/lib/python3.12/site-packages/airflow/example_dags/example_bash_operator.py took 0.063 seconds
[2024-04-26T12:58:12.967+0000] {processor.py:161} INFO - Started process (PID=4362) to work on /home/airflow/.local/lib/python3.12/site-packages/airflow/example_dags/example_bash_operator.py
[2024-04-26T12:58:12.968+0000] {processor.py:830} INFO - Processing file /home/airflow/.local/lib/python3.12/site-packages/airflow/example_dags/example_bash_operator.py for tasks to queue
[2024-04-26T12:58:12.970+0000] {logging_mixin.py:188} INFO - [2024-04-26T12:58:12.969+0000] {dagbag.py:540} INFO - Filling up the DagBag from /home/airflow/.local/lib/python3.12/site-packages/airflow/example_dags/example_bash_operator.py
[2024-04-26T12:58:12.980+0000] {processor.py:840} INFO - DAG(s) 'example_bash_operator' retrieved from /home/airflow/.local/lib/python3.12/site-packages/airflow/example_dags/example_bash_operator.py
[2024-04-26T12:58:13.003+0000] {logging_mixin.py:188} INFO - [2024-04-26T12:58:13.003+0000] {dag.py:3096} INFO - Sync 1 DAGs
[2024-04-26T12:58:13.021+0000] {logging_mixin.py:188} INFO - [2024-04-26T12:58:13.021+0000] {dag.py:3954} INFO - Setting next_dagrun for example_bash_operator to 2024-04-25 00:00:00+00:00, run_after=2024-04-26 00:00:00+00:00
[2024-04-26T12:58:13.038+0000] {processor.py:183} INFO - Processing /home/airflow/.local/lib/python3.12/site-packages/airflow/example_dags/example_bash_operator.py took 0.076 seconds
