[2024-04-26T12:34:44.785+0000] {processor.py:161} INFO - Started process (PID=59) to work on /home/airflow/.local/lib/python3.12/site-packages/airflow/example_dags/example_external_task_marker_dag.py
[2024-04-26T12:34:44.786+0000] {processor.py:830} INFO - Processing file /home/airflow/.local/lib/python3.12/site-packages/airflow/example_dags/example_external_task_marker_dag.py for tasks to queue
[2024-04-26T12:34:44.788+0000] {logging_mixin.py:188} INFO - [2024-04-26T12:34:44.788+0000] {dagbag.py:540} INFO - Filling up the DagBag from /home/airflow/.local/lib/python3.12/site-packages/airflow/example_dags/example_external_task_marker_dag.py
[2024-04-26T12:34:44.796+0000] {processor.py:840} INFO - DAG(s) 'example_external_task_marker_parent', 'example_external_task_marker_child' retrieved from /home/airflow/.local/lib/python3.12/site-packages/airflow/example_dags/example_external_task_marker_dag.py
[2024-04-26T12:34:44.879+0000] {logging_mixin.py:188} INFO - [2024-04-26T12:34:44.879+0000] {override.py:1829} INFO - Created Permission View: can delete on DAG:example_external_task_marker_parent
[2024-04-26T12:34:44.887+0000] {logging_mixin.py:188} INFO - [2024-04-26T12:34:44.887+0000] {override.py:1829} INFO - Created Permission View: can edit on DAG:example_external_task_marker_parent
[2024-04-26T12:34:44.893+0000] {logging_mixin.py:188} INFO - [2024-04-26T12:34:44.893+0000] {override.py:1829} INFO - Created Permission View: can read on DAG:example_external_task_marker_parent
[2024-04-26T12:34:44.906+0000] {logging_mixin.py:188} INFO - [2024-04-26T12:34:44.905+0000] {override.py:1829} INFO - Created Permission View: can delete on DAG:example_external_task_marker_child
[2024-04-26T12:34:44.912+0000] {logging_mixin.py:188} INFO - [2024-04-26T12:34:44.911+0000] {override.py:1829} INFO - Created Permission View: can edit on DAG:example_external_task_marker_child
[2024-04-26T12:34:44.917+0000] {logging_mixin.py:188} INFO - [2024-04-26T12:34:44.917+0000] {override.py:1829} INFO - Created Permission View: can read on DAG:example_external_task_marker_child
[2024-04-26T12:34:44.918+0000] {logging_mixin.py:188} INFO - [2024-04-26T12:34:44.918+0000] {dag.py:3096} INFO - Sync 2 DAGs
[2024-04-26T12:34:44.927+0000] {logging_mixin.py:188} INFO - [2024-04-26T12:34:44.926+0000] {dag.py:3118} INFO - Creating ORM DAG for example_external_task_marker_child
[2024-04-26T12:34:44.927+0000] {logging_mixin.py:188} INFO - [2024-04-26T12:34:44.927+0000] {dag.py:3118} INFO - Creating ORM DAG for example_external_task_marker_parent
[2024-04-26T12:34:44.928+0000] {logging_mixin.py:188} INFO - [2024-04-26T12:34:44.928+0000] {dag.py:3954} INFO - Setting next_dagrun for example_external_task_marker_child to None, run_after=None
[2024-04-26T12:34:44.929+0000] {logging_mixin.py:188} INFO - [2024-04-26T12:34:44.929+0000] {dag.py:3954} INFO - Setting next_dagrun for example_external_task_marker_parent to None, run_after=None
[2024-04-26T12:34:44.943+0000] {processor.py:183} INFO - Processing /home/airflow/.local/lib/python3.12/site-packages/airflow/example_dags/example_external_task_marker_dag.py took 0.164 seconds
[2024-04-26T12:35:15.542+0000] {processor.py:161} INFO - Started process (PID=117) to work on /home/airflow/.local/lib/python3.12/site-packages/airflow/example_dags/example_external_task_marker_dag.py
[2024-04-26T12:35:15.543+0000] {processor.py:830} INFO - Processing file /home/airflow/.local/lib/python3.12/site-packages/airflow/example_dags/example_external_task_marker_dag.py for tasks to queue
[2024-04-26T12:35:15.545+0000] {logging_mixin.py:188} INFO - [2024-04-26T12:35:15.545+0000] {dagbag.py:540} INFO - Filling up the DagBag from /home/airflow/.local/lib/python3.12/site-packages/airflow/example_dags/example_external_task_marker_dag.py
[2024-04-26T12:35:15.550+0000] {processor.py:840} INFO - DAG(s) 'example_external_task_marker_parent', 'example_external_task_marker_child' retrieved from /home/airflow/.local/lib/python3.12/site-packages/airflow/example_dags/example_external_task_marker_dag.py
[2024-04-26T12:35:15.569+0000] {logging_mixin.py:188} INFO - [2024-04-26T12:35:15.569+0000] {dag.py:3096} INFO - Sync 2 DAGs
[2024-04-26T12:35:15.579+0000] {logging_mixin.py:188} INFO - [2024-04-26T12:35:15.579+0000] {dag.py:3954} INFO - Setting next_dagrun for example_external_task_marker_child to None, run_after=None
[2024-04-26T12:35:15.583+0000] {logging_mixin.py:188} INFO - [2024-04-26T12:35:15.582+0000] {dag.py:3954} INFO - Setting next_dagrun for example_external_task_marker_parent to None, run_after=None
[2024-04-26T12:35:15.595+0000] {processor.py:183} INFO - Processing /home/airflow/.local/lib/python3.12/site-packages/airflow/example_dags/example_external_task_marker_dag.py took 0.057 seconds
[2024-04-26T12:35:45.708+0000] {processor.py:161} INFO - Started process (PID=175) to work on /home/airflow/.local/lib/python3.12/site-packages/airflow/example_dags/example_external_task_marker_dag.py
[2024-04-26T12:35:45.710+0000] {processor.py:830} INFO - Processing file /home/airflow/.local/lib/python3.12/site-packages/airflow/example_dags/example_external_task_marker_dag.py for tasks to queue
[2024-04-26T12:35:45.712+0000] {logging_mixin.py:188} INFO - [2024-04-26T12:35:45.712+0000] {dagbag.py:540} INFO - Filling up the DagBag from /home/airflow/.local/lib/python3.12/site-packages/airflow/example_dags/example_external_task_marker_dag.py
[2024-04-26T12:35:45.718+0000] {processor.py:840} INFO - DAG(s) 'example_external_task_marker_child', 'example_external_task_marker_parent' retrieved from /home/airflow/.local/lib/python3.12/site-packages/airflow/example_dags/example_external_task_marker_dag.py
[2024-04-26T12:35:45.737+0000] {logging_mixin.py:188} INFO - [2024-04-26T12:35:45.737+0000] {dag.py:3096} INFO - Sync 2 DAGs
[2024-04-26T12:35:45.748+0000] {logging_mixin.py:188} INFO - [2024-04-26T12:35:45.748+0000] {dag.py:3954} INFO - Setting next_dagrun for example_external_task_marker_child to None, run_after=None
[2024-04-26T12:35:45.752+0000] {logging_mixin.py:188} INFO - [2024-04-26T12:35:45.752+0000] {dag.py:3954} INFO - Setting next_dagrun for example_external_task_marker_parent to None, run_after=None
[2024-04-26T12:35:45.765+0000] {processor.py:183} INFO - Processing /home/airflow/.local/lib/python3.12/site-packages/airflow/example_dags/example_external_task_marker_dag.py took 0.062 seconds
[2024-04-26T12:36:16.594+0000] {processor.py:161} INFO - Started process (PID=233) to work on /home/airflow/.local/lib/python3.12/site-packages/airflow/example_dags/example_external_task_marker_dag.py
[2024-04-26T12:36:16.595+0000] {processor.py:830} INFO - Processing file /home/airflow/.local/lib/python3.12/site-packages/airflow/example_dags/example_external_task_marker_dag.py for tasks to queue
[2024-04-26T12:36:16.597+0000] {logging_mixin.py:188} INFO - [2024-04-26T12:36:16.596+0000] {dagbag.py:540} INFO - Filling up the DagBag from /home/airflow/.local/lib/python3.12/site-packages/airflow/example_dags/example_external_task_marker_dag.py
[2024-04-26T12:36:16.601+0000] {processor.py:840} INFO - DAG(s) 'example_external_task_marker_parent', 'example_external_task_marker_child' retrieved from /home/airflow/.local/lib/python3.12/site-packages/airflow/example_dags/example_external_task_marker_dag.py
[2024-04-26T12:36:16.620+0000] {logging_mixin.py:188} INFO - [2024-04-26T12:36:16.619+0000] {dag.py:3096} INFO - Sync 2 DAGs
[2024-04-26T12:36:16.629+0000] {logging_mixin.py:188} INFO - [2024-04-26T12:36:16.629+0000] {dag.py:3954} INFO - Setting next_dagrun for example_external_task_marker_child to None, run_after=None
[2024-04-26T12:36:16.633+0000] {logging_mixin.py:188} INFO - [2024-04-26T12:36:16.632+0000] {dag.py:3954} INFO - Setting next_dagrun for example_external_task_marker_parent to None, run_after=None
[2024-04-26T12:36:16.645+0000] {processor.py:183} INFO - Processing /home/airflow/.local/lib/python3.12/site-packages/airflow/example_dags/example_external_task_marker_dag.py took 0.055 seconds
[2024-04-26T12:36:46.974+0000] {processor.py:161} INFO - Started process (PID=291) to work on /home/airflow/.local/lib/python3.12/site-packages/airflow/example_dags/example_external_task_marker_dag.py
[2024-04-26T12:36:46.975+0000] {processor.py:830} INFO - Processing file /home/airflow/.local/lib/python3.12/site-packages/airflow/example_dags/example_external_task_marker_dag.py for tasks to queue
[2024-04-26T12:36:46.976+0000] {logging_mixin.py:188} INFO - [2024-04-26T12:36:46.976+0000] {dagbag.py:540} INFO - Filling up the DagBag from /home/airflow/.local/lib/python3.12/site-packages/airflow/example_dags/example_external_task_marker_dag.py
[2024-04-26T12:36:46.981+0000] {processor.py:840} INFO - DAG(s) 'example_external_task_marker_child', 'example_external_task_marker_parent' retrieved from /home/airflow/.local/lib/python3.12/site-packages/airflow/example_dags/example_external_task_marker_dag.py
[2024-04-26T12:36:47.000+0000] {logging_mixin.py:188} INFO - [2024-04-26T12:36:47.000+0000] {dag.py:3096} INFO - Sync 2 DAGs
[2024-04-26T12:36:47.011+0000] {logging_mixin.py:188} INFO - [2024-04-26T12:36:47.011+0000] {dag.py:3954} INFO - Setting next_dagrun for example_external_task_marker_child to None, run_after=None
[2024-04-26T12:36:47.015+0000] {logging_mixin.py:188} INFO - [2024-04-26T12:36:47.014+0000] {dag.py:3954} INFO - Setting next_dagrun for example_external_task_marker_parent to None, run_after=None
[2024-04-26T12:36:47.030+0000] {processor.py:183} INFO - Processing /home/airflow/.local/lib/python3.12/site-packages/airflow/example_dags/example_external_task_marker_dag.py took 0.061 seconds
[2024-04-26T12:37:17.367+0000] {processor.py:161} INFO - Started process (PID=349) to work on /home/airflow/.local/lib/python3.12/site-packages/airflow/example_dags/example_external_task_marker_dag.py
[2024-04-26T12:37:17.368+0000] {processor.py:830} INFO - Processing file /home/airflow/.local/lib/python3.12/site-packages/airflow/example_dags/example_external_task_marker_dag.py for tasks to queue
[2024-04-26T12:37:17.369+0000] {logging_mixin.py:188} INFO - [2024-04-26T12:37:17.369+0000] {dagbag.py:540} INFO - Filling up the DagBag from /home/airflow/.local/lib/python3.12/site-packages/airflow/example_dags/example_external_task_marker_dag.py
[2024-04-26T12:37:17.374+0000] {processor.py:840} INFO - DAG(s) 'example_external_task_marker_child', 'example_external_task_marker_parent' retrieved from /home/airflow/.local/lib/python3.12/site-packages/airflow/example_dags/example_external_task_marker_dag.py
[2024-04-26T12:37:17.392+0000] {logging_mixin.py:188} INFO - [2024-04-26T12:37:17.392+0000] {dag.py:3096} INFO - Sync 2 DAGs
[2024-04-26T12:37:17.402+0000] {logging_mixin.py:188} INFO - [2024-04-26T12:37:17.402+0000] {dag.py:3954} INFO - Setting next_dagrun for example_external_task_marker_child to None, run_after=None
[2024-04-26T12:37:17.405+0000] {logging_mixin.py:188} INFO - [2024-04-26T12:37:17.405+0000] {dag.py:3954} INFO - Setting next_dagrun for example_external_task_marker_parent to None, run_after=None
[2024-04-26T12:37:17.417+0000] {processor.py:183} INFO - Processing /home/airflow/.local/lib/python3.12/site-packages/airflow/example_dags/example_external_task_marker_dag.py took 0.055 seconds
[2024-04-26T12:37:47.778+0000] {processor.py:161} INFO - Started process (PID=407) to work on /home/airflow/.local/lib/python3.12/site-packages/airflow/example_dags/example_external_task_marker_dag.py
[2024-04-26T12:37:47.780+0000] {processor.py:830} INFO - Processing file /home/airflow/.local/lib/python3.12/site-packages/airflow/example_dags/example_external_task_marker_dag.py for tasks to queue
[2024-04-26T12:37:47.782+0000] {logging_mixin.py:188} INFO - [2024-04-26T12:37:47.781+0000] {dagbag.py:540} INFO - Filling up the DagBag from /home/airflow/.local/lib/python3.12/site-packages/airflow/example_dags/example_external_task_marker_dag.py
[2024-04-26T12:37:47.786+0000] {processor.py:840} INFO - DAG(s) 'example_external_task_marker_child', 'example_external_task_marker_parent' retrieved from /home/airflow/.local/lib/python3.12/site-packages/airflow/example_dags/example_external_task_marker_dag.py
[2024-04-26T12:37:47.805+0000] {logging_mixin.py:188} INFO - [2024-04-26T12:37:47.804+0000] {dag.py:3096} INFO - Sync 2 DAGs
[2024-04-26T12:37:47.816+0000] {logging_mixin.py:188} INFO - [2024-04-26T12:37:47.816+0000] {dag.py:3954} INFO - Setting next_dagrun for example_external_task_marker_child to None, run_after=None
[2024-04-26T12:37:47.820+0000] {logging_mixin.py:188} INFO - [2024-04-26T12:37:47.820+0000] {dag.py:3954} INFO - Setting next_dagrun for example_external_task_marker_parent to None, run_after=None
[2024-04-26T12:37:47.834+0000] {processor.py:183} INFO - Processing /home/airflow/.local/lib/python3.12/site-packages/airflow/example_dags/example_external_task_marker_dag.py took 0.062 seconds
[2024-04-26T12:38:18.210+0000] {processor.py:161} INFO - Started process (PID=465) to work on /home/airflow/.local/lib/python3.12/site-packages/airflow/example_dags/example_external_task_marker_dag.py
[2024-04-26T12:38:18.210+0000] {processor.py:830} INFO - Processing file /home/airflow/.local/lib/python3.12/site-packages/airflow/example_dags/example_external_task_marker_dag.py for tasks to queue
[2024-04-26T12:38:18.212+0000] {logging_mixin.py:188} INFO - [2024-04-26T12:38:18.212+0000] {dagbag.py:540} INFO - Filling up the DagBag from /home/airflow/.local/lib/python3.12/site-packages/airflow/example_dags/example_external_task_marker_dag.py
[2024-04-26T12:38:18.217+0000] {processor.py:840} INFO - DAG(s) 'example_external_task_marker_parent', 'example_external_task_marker_child' retrieved from /home/airflow/.local/lib/python3.12/site-packages/airflow/example_dags/example_external_task_marker_dag.py
[2024-04-26T12:38:18.236+0000] {logging_mixin.py:188} INFO - [2024-04-26T12:38:18.236+0000] {dag.py:3096} INFO - Sync 2 DAGs
[2024-04-26T12:38:18.247+0000] {logging_mixin.py:188} INFO - [2024-04-26T12:38:18.246+0000] {dag.py:3954} INFO - Setting next_dagrun for example_external_task_marker_child to None, run_after=None
[2024-04-26T12:38:18.250+0000] {logging_mixin.py:188} INFO - [2024-04-26T12:38:18.249+0000] {dag.py:3954} INFO - Setting next_dagrun for example_external_task_marker_parent to None, run_after=None
[2024-04-26T12:38:18.262+0000] {processor.py:183} INFO - Processing /home/airflow/.local/lib/python3.12/site-packages/airflow/example_dags/example_external_task_marker_dag.py took 0.057 seconds
[2024-04-26T12:38:48.589+0000] {processor.py:161} INFO - Started process (PID=523) to work on /home/airflow/.local/lib/python3.12/site-packages/airflow/example_dags/example_external_task_marker_dag.py
[2024-04-26T12:38:48.590+0000] {processor.py:830} INFO - Processing file /home/airflow/.local/lib/python3.12/site-packages/airflow/example_dags/example_external_task_marker_dag.py for tasks to queue
[2024-04-26T12:38:48.591+0000] {logging_mixin.py:188} INFO - [2024-04-26T12:38:48.591+0000] {dagbag.py:540} INFO - Filling up the DagBag from /home/airflow/.local/lib/python3.12/site-packages/airflow/example_dags/example_external_task_marker_dag.py
[2024-04-26T12:38:48.596+0000] {processor.py:840} INFO - DAG(s) 'example_external_task_marker_parent', 'example_external_task_marker_child' retrieved from /home/airflow/.local/lib/python3.12/site-packages/airflow/example_dags/example_external_task_marker_dag.py
[2024-04-26T12:38:48.614+0000] {logging_mixin.py:188} INFO - [2024-04-26T12:38:48.614+0000] {dag.py:3096} INFO - Sync 2 DAGs
[2024-04-26T12:38:48.625+0000] {logging_mixin.py:188} INFO - [2024-04-26T12:38:48.624+0000] {dag.py:3954} INFO - Setting next_dagrun for example_external_task_marker_child to None, run_after=None
[2024-04-26T12:38:48.628+0000] {logging_mixin.py:188} INFO - [2024-04-26T12:38:48.628+0000] {dag.py:3954} INFO - Setting next_dagrun for example_external_task_marker_parent to None, run_after=None
[2024-04-26T12:38:48.640+0000] {processor.py:183} INFO - Processing /home/airflow/.local/lib/python3.12/site-packages/airflow/example_dags/example_external_task_marker_dag.py took 0.056 seconds
[2024-04-26T12:39:19.030+0000] {processor.py:161} INFO - Started process (PID=581) to work on /home/airflow/.local/lib/python3.12/site-packages/airflow/example_dags/example_external_task_marker_dag.py
[2024-04-26T12:39:19.031+0000] {processor.py:830} INFO - Processing file /home/airflow/.local/lib/python3.12/site-packages/airflow/example_dags/example_external_task_marker_dag.py for tasks to queue
[2024-04-26T12:39:19.032+0000] {logging_mixin.py:188} INFO - [2024-04-26T12:39:19.032+0000] {dagbag.py:540} INFO - Filling up the DagBag from /home/airflow/.local/lib/python3.12/site-packages/airflow/example_dags/example_external_task_marker_dag.py
[2024-04-26T12:39:19.037+0000] {processor.py:840} INFO - DAG(s) 'example_external_task_marker_parent', 'example_external_task_marker_child' retrieved from /home/airflow/.local/lib/python3.12/site-packages/airflow/example_dags/example_external_task_marker_dag.py
[2024-04-26T12:39:19.056+0000] {logging_mixin.py:188} INFO - [2024-04-26T12:39:19.056+0000] {dag.py:3096} INFO - Sync 2 DAGs
[2024-04-26T12:39:19.067+0000] {logging_mixin.py:188} INFO - [2024-04-26T12:39:19.067+0000] {dag.py:3954} INFO - Setting next_dagrun for example_external_task_marker_child to None, run_after=None
[2024-04-26T12:39:19.071+0000] {logging_mixin.py:188} INFO - [2024-04-26T12:39:19.071+0000] {dag.py:3954} INFO - Setting next_dagrun for example_external_task_marker_parent to None, run_after=None
[2024-04-26T12:39:19.086+0000] {processor.py:183} INFO - Processing /home/airflow/.local/lib/python3.12/site-packages/airflow/example_dags/example_external_task_marker_dag.py took 0.061 seconds
[2024-04-26T12:39:49.523+0000] {processor.py:161} INFO - Started process (PID=639) to work on /home/airflow/.local/lib/python3.12/site-packages/airflow/example_dags/example_external_task_marker_dag.py
[2024-04-26T12:39:49.523+0000] {processor.py:830} INFO - Processing file /home/airflow/.local/lib/python3.12/site-packages/airflow/example_dags/example_external_task_marker_dag.py for tasks to queue
[2024-04-26T12:39:49.525+0000] {logging_mixin.py:188} INFO - [2024-04-26T12:39:49.525+0000] {dagbag.py:540} INFO - Filling up the DagBag from /home/airflow/.local/lib/python3.12/site-packages/airflow/example_dags/example_external_task_marker_dag.py
[2024-04-26T12:39:49.530+0000] {processor.py:840} INFO - DAG(s) 'example_external_task_marker_parent', 'example_external_task_marker_child' retrieved from /home/airflow/.local/lib/python3.12/site-packages/airflow/example_dags/example_external_task_marker_dag.py
[2024-04-26T12:39:49.551+0000] {logging_mixin.py:188} INFO - [2024-04-26T12:39:49.551+0000] {dag.py:3096} INFO - Sync 2 DAGs
[2024-04-26T12:39:49.561+0000] {logging_mixin.py:188} INFO - [2024-04-26T12:39:49.561+0000] {dag.py:3954} INFO - Setting next_dagrun for example_external_task_marker_child to None, run_after=None
[2024-04-26T12:39:49.565+0000] {logging_mixin.py:188} INFO - [2024-04-26T12:39:49.565+0000] {dag.py:3954} INFO - Setting next_dagrun for example_external_task_marker_parent to None, run_after=None
[2024-04-26T12:39:49.578+0000] {processor.py:183} INFO - Processing /home/airflow/.local/lib/python3.12/site-packages/airflow/example_dags/example_external_task_marker_dag.py took 0.060 seconds
[2024-04-26T12:40:19.930+0000] {processor.py:161} INFO - Started process (PID=697) to work on /home/airflow/.local/lib/python3.12/site-packages/airflow/example_dags/example_external_task_marker_dag.py
[2024-04-26T12:40:19.931+0000] {processor.py:830} INFO - Processing file /home/airflow/.local/lib/python3.12/site-packages/airflow/example_dags/example_external_task_marker_dag.py for tasks to queue
[2024-04-26T12:40:19.933+0000] {logging_mixin.py:188} INFO - [2024-04-26T12:40:19.932+0000] {dagbag.py:540} INFO - Filling up the DagBag from /home/airflow/.local/lib/python3.12/site-packages/airflow/example_dags/example_external_task_marker_dag.py
[2024-04-26T12:40:19.938+0000] {processor.py:840} INFO - DAG(s) 'example_external_task_marker_parent', 'example_external_task_marker_child' retrieved from /home/airflow/.local/lib/python3.12/site-packages/airflow/example_dags/example_external_task_marker_dag.py
[2024-04-26T12:40:19.959+0000] {logging_mixin.py:188} INFO - [2024-04-26T12:40:19.959+0000] {dag.py:3096} INFO - Sync 2 DAGs
[2024-04-26T12:40:19.970+0000] {logging_mixin.py:188} INFO - [2024-04-26T12:40:19.970+0000] {dag.py:3954} INFO - Setting next_dagrun for example_external_task_marker_child to None, run_after=None
[2024-04-26T12:40:19.974+0000] {logging_mixin.py:188} INFO - [2024-04-26T12:40:19.974+0000] {dag.py:3954} INFO - Setting next_dagrun for example_external_task_marker_parent to None, run_after=None
[2024-04-26T12:40:19.988+0000] {processor.py:183} INFO - Processing /home/airflow/.local/lib/python3.12/site-packages/airflow/example_dags/example_external_task_marker_dag.py took 0.063 seconds
[2024-04-26T12:40:50.484+0000] {processor.py:161} INFO - Started process (PID=755) to work on /home/airflow/.local/lib/python3.12/site-packages/airflow/example_dags/example_external_task_marker_dag.py
[2024-04-26T12:40:50.485+0000] {processor.py:830} INFO - Processing file /home/airflow/.local/lib/python3.12/site-packages/airflow/example_dags/example_external_task_marker_dag.py for tasks to queue
[2024-04-26T12:40:50.487+0000] {logging_mixin.py:188} INFO - [2024-04-26T12:40:50.486+0000] {dagbag.py:540} INFO - Filling up the DagBag from /home/airflow/.local/lib/python3.12/site-packages/airflow/example_dags/example_external_task_marker_dag.py
[2024-04-26T12:40:50.491+0000] {processor.py:840} INFO - DAG(s) 'example_external_task_marker_child', 'example_external_task_marker_parent' retrieved from /home/airflow/.local/lib/python3.12/site-packages/airflow/example_dags/example_external_task_marker_dag.py
[2024-04-26T12:40:50.512+0000] {logging_mixin.py:188} INFO - [2024-04-26T12:40:50.512+0000] {dag.py:3096} INFO - Sync 2 DAGs
[2024-04-26T12:40:50.522+0000] {logging_mixin.py:188} INFO - [2024-04-26T12:40:50.522+0000] {dag.py:3954} INFO - Setting next_dagrun for example_external_task_marker_child to None, run_after=None
[2024-04-26T12:40:50.526+0000] {logging_mixin.py:188} INFO - [2024-04-26T12:40:50.525+0000] {dag.py:3954} INFO - Setting next_dagrun for example_external_task_marker_parent to None, run_after=None
[2024-04-26T12:40:50.540+0000] {processor.py:183} INFO - Processing /home/airflow/.local/lib/python3.12/site-packages/airflow/example_dags/example_external_task_marker_dag.py took 0.060 seconds
[2024-04-26T12:41:21.427+0000] {processor.py:161} INFO - Started process (PID=813) to work on /home/airflow/.local/lib/python3.12/site-packages/airflow/example_dags/example_external_task_marker_dag.py
[2024-04-26T12:41:21.428+0000] {processor.py:830} INFO - Processing file /home/airflow/.local/lib/python3.12/site-packages/airflow/example_dags/example_external_task_marker_dag.py for tasks to queue
[2024-04-26T12:41:21.429+0000] {logging_mixin.py:188} INFO - [2024-04-26T12:41:21.429+0000] {dagbag.py:540} INFO - Filling up the DagBag from /home/airflow/.local/lib/python3.12/site-packages/airflow/example_dags/example_external_task_marker_dag.py
[2024-04-26T12:41:21.434+0000] {processor.py:840} INFO - DAG(s) 'example_external_task_marker_child', 'example_external_task_marker_parent' retrieved from /home/airflow/.local/lib/python3.12/site-packages/airflow/example_dags/example_external_task_marker_dag.py
[2024-04-26T12:41:21.453+0000] {logging_mixin.py:188} INFO - [2024-04-26T12:41:21.453+0000] {dag.py:3096} INFO - Sync 2 DAGs
[2024-04-26T12:41:21.463+0000] {logging_mixin.py:188} INFO - [2024-04-26T12:41:21.463+0000] {dag.py:3954} INFO - Setting next_dagrun for example_external_task_marker_child to None, run_after=None
[2024-04-26T12:41:21.466+0000] {logging_mixin.py:188} INFO - [2024-04-26T12:41:21.466+0000] {dag.py:3954} INFO - Setting next_dagrun for example_external_task_marker_parent to None, run_after=None
[2024-04-26T12:41:21.479+0000] {processor.py:183} INFO - Processing /home/airflow/.local/lib/python3.12/site-packages/airflow/example_dags/example_external_task_marker_dag.py took 0.058 seconds
[2024-04-26T12:41:52.398+0000] {processor.py:161} INFO - Started process (PID=871) to work on /home/airflow/.local/lib/python3.12/site-packages/airflow/example_dags/example_external_task_marker_dag.py
[2024-04-26T12:41:52.399+0000] {processor.py:830} INFO - Processing file /home/airflow/.local/lib/python3.12/site-packages/airflow/example_dags/example_external_task_marker_dag.py for tasks to queue
[2024-04-26T12:41:52.400+0000] {logging_mixin.py:188} INFO - [2024-04-26T12:41:52.400+0000] {dagbag.py:540} INFO - Filling up the DagBag from /home/airflow/.local/lib/python3.12/site-packages/airflow/example_dags/example_external_task_marker_dag.py
[2024-04-26T12:41:52.405+0000] {processor.py:840} INFO - DAG(s) 'example_external_task_marker_parent', 'example_external_task_marker_child' retrieved from /home/airflow/.local/lib/python3.12/site-packages/airflow/example_dags/example_external_task_marker_dag.py
[2024-04-26T12:41:52.422+0000] {logging_mixin.py:188} INFO - [2024-04-26T12:41:52.422+0000] {dag.py:3096} INFO - Sync 2 DAGs
[2024-04-26T12:41:52.433+0000] {logging_mixin.py:188} INFO - [2024-04-26T12:41:52.433+0000] {dag.py:3954} INFO - Setting next_dagrun for example_external_task_marker_child to None, run_after=None
[2024-04-26T12:41:52.436+0000] {logging_mixin.py:188} INFO - [2024-04-26T12:41:52.436+0000] {dag.py:3954} INFO - Setting next_dagrun for example_external_task_marker_parent to None, run_after=None
[2024-04-26T12:41:52.568+0000] {processor.py:183} INFO - Processing /home/airflow/.local/lib/python3.12/site-packages/airflow/example_dags/example_external_task_marker_dag.py took 0.174 seconds
[2024-04-26T12:42:23.222+0000] {processor.py:161} INFO - Started process (PID=929) to work on /home/airflow/.local/lib/python3.12/site-packages/airflow/example_dags/example_external_task_marker_dag.py
[2024-04-26T12:42:23.223+0000] {processor.py:830} INFO - Processing file /home/airflow/.local/lib/python3.12/site-packages/airflow/example_dags/example_external_task_marker_dag.py for tasks to queue
[2024-04-26T12:42:23.224+0000] {logging_mixin.py:188} INFO - [2024-04-26T12:42:23.224+0000] {dagbag.py:540} INFO - Filling up the DagBag from /home/airflow/.local/lib/python3.12/site-packages/airflow/example_dags/example_external_task_marker_dag.py
[2024-04-26T12:42:23.229+0000] {processor.py:840} INFO - DAG(s) 'example_external_task_marker_child', 'example_external_task_marker_parent' retrieved from /home/airflow/.local/lib/python3.12/site-packages/airflow/example_dags/example_external_task_marker_dag.py
[2024-04-26T12:42:23.248+0000] {logging_mixin.py:188} INFO - [2024-04-26T12:42:23.248+0000] {dag.py:3096} INFO - Sync 2 DAGs
[2024-04-26T12:42:23.258+0000] {logging_mixin.py:188} INFO - [2024-04-26T12:42:23.258+0000] {dag.py:3954} INFO - Setting next_dagrun for example_external_task_marker_child to None, run_after=None
[2024-04-26T12:42:23.261+0000] {logging_mixin.py:188} INFO - [2024-04-26T12:42:23.261+0000] {dag.py:3954} INFO - Setting next_dagrun for example_external_task_marker_parent to None, run_after=None
[2024-04-26T12:42:23.274+0000] {processor.py:183} INFO - Processing /home/airflow/.local/lib/python3.12/site-packages/airflow/example_dags/example_external_task_marker_dag.py took 0.057 seconds
[2024-04-26T12:42:53.880+0000] {processor.py:161} INFO - Started process (PID=987) to work on /home/airflow/.local/lib/python3.12/site-packages/airflow/example_dags/example_external_task_marker_dag.py
[2024-04-26T12:42:53.881+0000] {processor.py:830} INFO - Processing file /home/airflow/.local/lib/python3.12/site-packages/airflow/example_dags/example_external_task_marker_dag.py for tasks to queue
[2024-04-26T12:42:53.883+0000] {logging_mixin.py:188} INFO - [2024-04-26T12:42:53.882+0000] {dagbag.py:540} INFO - Filling up the DagBag from /home/airflow/.local/lib/python3.12/site-packages/airflow/example_dags/example_external_task_marker_dag.py
[2024-04-26T12:42:53.888+0000] {processor.py:840} INFO - DAG(s) 'example_external_task_marker_parent', 'example_external_task_marker_child' retrieved from /home/airflow/.local/lib/python3.12/site-packages/airflow/example_dags/example_external_task_marker_dag.py
[2024-04-26T12:42:53.909+0000] {logging_mixin.py:188} INFO - [2024-04-26T12:42:53.908+0000] {dag.py:3096} INFO - Sync 2 DAGs
[2024-04-26T12:42:53.919+0000] {logging_mixin.py:188} INFO - [2024-04-26T12:42:53.919+0000] {dag.py:3954} INFO - Setting next_dagrun for example_external_task_marker_child to None, run_after=None
[2024-04-26T12:42:53.924+0000] {logging_mixin.py:188} INFO - [2024-04-26T12:42:53.923+0000] {dag.py:3954} INFO - Setting next_dagrun for example_external_task_marker_parent to None, run_after=None
[2024-04-26T12:42:53.937+0000] {processor.py:183} INFO - Processing /home/airflow/.local/lib/python3.12/site-packages/airflow/example_dags/example_external_task_marker_dag.py took 0.062 seconds
[2024-04-26T12:43:24.666+0000] {processor.py:161} INFO - Started process (PID=1045) to work on /home/airflow/.local/lib/python3.12/site-packages/airflow/example_dags/example_external_task_marker_dag.py
[2024-04-26T12:43:24.667+0000] {processor.py:830} INFO - Processing file /home/airflow/.local/lib/python3.12/site-packages/airflow/example_dags/example_external_task_marker_dag.py for tasks to queue
[2024-04-26T12:43:24.668+0000] {logging_mixin.py:188} INFO - [2024-04-26T12:43:24.668+0000] {dagbag.py:540} INFO - Filling up the DagBag from /home/airflow/.local/lib/python3.12/site-packages/airflow/example_dags/example_external_task_marker_dag.py
[2024-04-26T12:43:24.673+0000] {processor.py:840} INFO - DAG(s) 'example_external_task_marker_child', 'example_external_task_marker_parent' retrieved from /home/airflow/.local/lib/python3.12/site-packages/airflow/example_dags/example_external_task_marker_dag.py
[2024-04-26T12:43:24.793+0000] {logging_mixin.py:188} INFO - [2024-04-26T12:43:24.793+0000] {dag.py:3096} INFO - Sync 2 DAGs
[2024-04-26T12:43:24.802+0000] {logging_mixin.py:188} INFO - [2024-04-26T12:43:24.801+0000] {dag.py:3954} INFO - Setting next_dagrun for example_external_task_marker_child to None, run_after=None
[2024-04-26T12:43:24.805+0000] {logging_mixin.py:188} INFO - [2024-04-26T12:43:24.805+0000] {dag.py:3954} INFO - Setting next_dagrun for example_external_task_marker_parent to None, run_after=None
[2024-04-26T12:43:24.817+0000] {processor.py:183} INFO - Processing /home/airflow/.local/lib/python3.12/site-packages/airflow/example_dags/example_external_task_marker_dag.py took 0.155 seconds
[2024-04-26T12:43:55.232+0000] {processor.py:161} INFO - Started process (PID=1103) to work on /home/airflow/.local/lib/python3.12/site-packages/airflow/example_dags/example_external_task_marker_dag.py
[2024-04-26T12:43:55.233+0000] {processor.py:830} INFO - Processing file /home/airflow/.local/lib/python3.12/site-packages/airflow/example_dags/example_external_task_marker_dag.py for tasks to queue
[2024-04-26T12:43:55.235+0000] {logging_mixin.py:188} INFO - [2024-04-26T12:43:55.235+0000] {dagbag.py:540} INFO - Filling up the DagBag from /home/airflow/.local/lib/python3.12/site-packages/airflow/example_dags/example_external_task_marker_dag.py
[2024-04-26T12:43:55.240+0000] {processor.py:840} INFO - DAG(s) 'example_external_task_marker_child', 'example_external_task_marker_parent' retrieved from /home/airflow/.local/lib/python3.12/site-packages/airflow/example_dags/example_external_task_marker_dag.py
[2024-04-26T12:43:55.257+0000] {logging_mixin.py:188} INFO - [2024-04-26T12:43:55.257+0000] {dag.py:3096} INFO - Sync 2 DAGs
[2024-04-26T12:43:55.267+0000] {logging_mixin.py:188} INFO - [2024-04-26T12:43:55.267+0000] {dag.py:3954} INFO - Setting next_dagrun for example_external_task_marker_child to None, run_after=None
[2024-04-26T12:43:55.270+0000] {logging_mixin.py:188} INFO - [2024-04-26T12:43:55.270+0000] {dag.py:3954} INFO - Setting next_dagrun for example_external_task_marker_parent to None, run_after=None
[2024-04-26T12:43:55.381+0000] {processor.py:183} INFO - Processing /home/airflow/.local/lib/python3.12/site-packages/airflow/example_dags/example_external_task_marker_dag.py took 0.153 seconds
[2024-04-26T12:44:26.330+0000] {processor.py:161} INFO - Started process (PID=1161) to work on /home/airflow/.local/lib/python3.12/site-packages/airflow/example_dags/example_external_task_marker_dag.py
[2024-04-26T12:44:26.331+0000] {processor.py:830} INFO - Processing file /home/airflow/.local/lib/python3.12/site-packages/airflow/example_dags/example_external_task_marker_dag.py for tasks to queue
[2024-04-26T12:44:26.332+0000] {logging_mixin.py:188} INFO - [2024-04-26T12:44:26.332+0000] {dagbag.py:540} INFO - Filling up the DagBag from /home/airflow/.local/lib/python3.12/site-packages/airflow/example_dags/example_external_task_marker_dag.py
[2024-04-26T12:44:26.337+0000] {processor.py:840} INFO - DAG(s) 'example_external_task_marker_parent', 'example_external_task_marker_child' retrieved from /home/airflow/.local/lib/python3.12/site-packages/airflow/example_dags/example_external_task_marker_dag.py
[2024-04-26T12:44:26.355+0000] {logging_mixin.py:188} INFO - [2024-04-26T12:44:26.355+0000] {dag.py:3096} INFO - Sync 2 DAGs
[2024-04-26T12:44:26.365+0000] {logging_mixin.py:188} INFO - [2024-04-26T12:44:26.365+0000] {dag.py:3954} INFO - Setting next_dagrun for example_external_task_marker_child to None, run_after=None
[2024-04-26T12:44:26.368+0000] {logging_mixin.py:188} INFO - [2024-04-26T12:44:26.367+0000] {dag.py:3954} INFO - Setting next_dagrun for example_external_task_marker_parent to None, run_after=None
[2024-04-26T12:44:26.381+0000] {processor.py:183} INFO - Processing /home/airflow/.local/lib/python3.12/site-packages/airflow/example_dags/example_external_task_marker_dag.py took 0.055 seconds
[2024-04-26T12:44:56.942+0000] {processor.py:161} INFO - Started process (PID=1221) to work on /home/airflow/.local/lib/python3.12/site-packages/airflow/example_dags/example_external_task_marker_dag.py
[2024-04-26T12:44:56.943+0000] {processor.py:830} INFO - Processing file /home/airflow/.local/lib/python3.12/site-packages/airflow/example_dags/example_external_task_marker_dag.py for tasks to queue
[2024-04-26T12:44:56.946+0000] {logging_mixin.py:188} INFO - [2024-04-26T12:44:56.945+0000] {dagbag.py:540} INFO - Filling up the DagBag from /home/airflow/.local/lib/python3.12/site-packages/airflow/example_dags/example_external_task_marker_dag.py
[2024-04-26T12:44:56.951+0000] {processor.py:840} INFO - DAG(s) 'example_external_task_marker_child', 'example_external_task_marker_parent' retrieved from /home/airflow/.local/lib/python3.12/site-packages/airflow/example_dags/example_external_task_marker_dag.py
[2024-04-26T12:44:56.972+0000] {logging_mixin.py:188} INFO - [2024-04-26T12:44:56.972+0000] {dag.py:3096} INFO - Sync 2 DAGs
[2024-04-26T12:44:56.983+0000] {logging_mixin.py:188} INFO - [2024-04-26T12:44:56.983+0000] {dag.py:3954} INFO - Setting next_dagrun for example_external_task_marker_child to None, run_after=None
[2024-04-26T12:44:56.987+0000] {logging_mixin.py:188} INFO - [2024-04-26T12:44:56.987+0000] {dag.py:3954} INFO - Setting next_dagrun for example_external_task_marker_parent to None, run_after=None
[2024-04-26T12:44:57.006+0000] {processor.py:183} INFO - Processing /home/airflow/.local/lib/python3.12/site-packages/airflow/example_dags/example_external_task_marker_dag.py took 0.070 seconds
[2024-04-26T12:45:27.441+0000] {processor.py:161} INFO - Started process (PID=1281) to work on /home/airflow/.local/lib/python3.12/site-packages/airflow/example_dags/example_external_task_marker_dag.py
[2024-04-26T12:45:27.442+0000] {processor.py:830} INFO - Processing file /home/airflow/.local/lib/python3.12/site-packages/airflow/example_dags/example_external_task_marker_dag.py for tasks to queue
[2024-04-26T12:45:27.444+0000] {logging_mixin.py:188} INFO - [2024-04-26T12:45:27.444+0000] {dagbag.py:540} INFO - Filling up the DagBag from /home/airflow/.local/lib/python3.12/site-packages/airflow/example_dags/example_external_task_marker_dag.py
[2024-04-26T12:45:27.449+0000] {processor.py:840} INFO - DAG(s) 'example_external_task_marker_parent', 'example_external_task_marker_child' retrieved from /home/airflow/.local/lib/python3.12/site-packages/airflow/example_dags/example_external_task_marker_dag.py
[2024-04-26T12:45:27.467+0000] {logging_mixin.py:188} INFO - [2024-04-26T12:45:27.467+0000] {dag.py:3096} INFO - Sync 2 DAGs
[2024-04-26T12:45:27.478+0000] {logging_mixin.py:188} INFO - [2024-04-26T12:45:27.477+0000] {dag.py:3954} INFO - Setting next_dagrun for example_external_task_marker_child to None, run_after=None
[2024-04-26T12:45:27.481+0000] {logging_mixin.py:188} INFO - [2024-04-26T12:45:27.481+0000] {dag.py:3954} INFO - Setting next_dagrun for example_external_task_marker_parent to None, run_after=None
[2024-04-26T12:45:27.499+0000] {processor.py:183} INFO - Processing /home/airflow/.local/lib/python3.12/site-packages/airflow/example_dags/example_external_task_marker_dag.py took 0.062 seconds
[2024-04-26T12:45:57.984+0000] {processor.py:161} INFO - Started process (PID=1343) to work on /home/airflow/.local/lib/python3.12/site-packages/airflow/example_dags/example_external_task_marker_dag.py
[2024-04-26T12:45:57.985+0000] {processor.py:830} INFO - Processing file /home/airflow/.local/lib/python3.12/site-packages/airflow/example_dags/example_external_task_marker_dag.py for tasks to queue
[2024-04-26T12:45:57.986+0000] {logging_mixin.py:188} INFO - [2024-04-26T12:45:57.986+0000] {dagbag.py:540} INFO - Filling up the DagBag from /home/airflow/.local/lib/python3.12/site-packages/airflow/example_dags/example_external_task_marker_dag.py
[2024-04-26T12:45:57.991+0000] {processor.py:840} INFO - DAG(s) 'example_external_task_marker_parent', 'example_external_task_marker_child' retrieved from /home/airflow/.local/lib/python3.12/site-packages/airflow/example_dags/example_external_task_marker_dag.py
[2024-04-26T12:45:58.010+0000] {logging_mixin.py:188} INFO - [2024-04-26T12:45:58.010+0000] {dag.py:3096} INFO - Sync 2 DAGs
[2024-04-26T12:45:58.020+0000] {logging_mixin.py:188} INFO - [2024-04-26T12:45:58.020+0000] {dag.py:3954} INFO - Setting next_dagrun for example_external_task_marker_child to None, run_after=None
[2024-04-26T12:45:58.024+0000] {logging_mixin.py:188} INFO - [2024-04-26T12:45:58.024+0000] {dag.py:3954} INFO - Setting next_dagrun for example_external_task_marker_parent to None, run_after=None
[2024-04-26T12:45:58.037+0000] {processor.py:183} INFO - Processing /home/airflow/.local/lib/python3.12/site-packages/airflow/example_dags/example_external_task_marker_dag.py took 0.058 seconds
[2024-04-26T12:46:28.710+0000] {processor.py:161} INFO - Started process (PID=1405) to work on /home/airflow/.local/lib/python3.12/site-packages/airflow/example_dags/example_external_task_marker_dag.py
[2024-04-26T12:46:28.711+0000] {processor.py:830} INFO - Processing file /home/airflow/.local/lib/python3.12/site-packages/airflow/example_dags/example_external_task_marker_dag.py for tasks to queue
[2024-04-26T12:46:28.712+0000] {logging_mixin.py:188} INFO - [2024-04-26T12:46:28.712+0000] {dagbag.py:540} INFO - Filling up the DagBag from /home/airflow/.local/lib/python3.12/site-packages/airflow/example_dags/example_external_task_marker_dag.py
[2024-04-26T12:46:28.717+0000] {processor.py:840} INFO - DAG(s) 'example_external_task_marker_parent', 'example_external_task_marker_child' retrieved from /home/airflow/.local/lib/python3.12/site-packages/airflow/example_dags/example_external_task_marker_dag.py
[2024-04-26T12:46:28.738+0000] {logging_mixin.py:188} INFO - [2024-04-26T12:46:28.737+0000] {dag.py:3096} INFO - Sync 2 DAGs
[2024-04-26T12:46:28.748+0000] {logging_mixin.py:188} INFO - [2024-04-26T12:46:28.748+0000] {dag.py:3954} INFO - Setting next_dagrun for example_external_task_marker_child to None, run_after=None
[2024-04-26T12:46:28.752+0000] {logging_mixin.py:188} INFO - [2024-04-26T12:46:28.751+0000] {dag.py:3954} INFO - Setting next_dagrun for example_external_task_marker_parent to None, run_after=None
[2024-04-26T12:46:28.768+0000] {processor.py:183} INFO - Processing /home/airflow/.local/lib/python3.12/site-packages/airflow/example_dags/example_external_task_marker_dag.py took 0.063 seconds
[2024-04-26T12:46:59.184+0000] {processor.py:161} INFO - Started process (PID=1465) to work on /home/airflow/.local/lib/python3.12/site-packages/airflow/example_dags/example_external_task_marker_dag.py
[2024-04-26T12:46:59.185+0000] {processor.py:830} INFO - Processing file /home/airflow/.local/lib/python3.12/site-packages/airflow/example_dags/example_external_task_marker_dag.py for tasks to queue
[2024-04-26T12:46:59.187+0000] {logging_mixin.py:188} INFO - [2024-04-26T12:46:59.187+0000] {dagbag.py:540} INFO - Filling up the DagBag from /home/airflow/.local/lib/python3.12/site-packages/airflow/example_dags/example_external_task_marker_dag.py
[2024-04-26T12:46:59.192+0000] {processor.py:840} INFO - DAG(s) 'example_external_task_marker_parent', 'example_external_task_marker_child' retrieved from /home/airflow/.local/lib/python3.12/site-packages/airflow/example_dags/example_external_task_marker_dag.py
[2024-04-26T12:46:59.210+0000] {logging_mixin.py:188} INFO - [2024-04-26T12:46:59.210+0000] {dag.py:3096} INFO - Sync 2 DAGs
[2024-04-26T12:46:59.220+0000] {logging_mixin.py:188} INFO - [2024-04-26T12:46:59.220+0000] {dag.py:3954} INFO - Setting next_dagrun for example_external_task_marker_child to None, run_after=None
[2024-04-26T12:46:59.223+0000] {logging_mixin.py:188} INFO - [2024-04-26T12:46:59.223+0000] {dag.py:3954} INFO - Setting next_dagrun for example_external_task_marker_parent to None, run_after=None
[2024-04-26T12:46:59.236+0000] {processor.py:183} INFO - Processing /home/airflow/.local/lib/python3.12/site-packages/airflow/example_dags/example_external_task_marker_dag.py took 0.056 seconds
[2024-04-26T12:47:29.542+0000] {processor.py:161} INFO - Started process (PID=1525) to work on /home/airflow/.local/lib/python3.12/site-packages/airflow/example_dags/example_external_task_marker_dag.py
[2024-04-26T12:47:29.543+0000] {processor.py:830} INFO - Processing file /home/airflow/.local/lib/python3.12/site-packages/airflow/example_dags/example_external_task_marker_dag.py for tasks to queue
[2024-04-26T12:47:29.545+0000] {logging_mixin.py:188} INFO - [2024-04-26T12:47:29.544+0000] {dagbag.py:540} INFO - Filling up the DagBag from /home/airflow/.local/lib/python3.12/site-packages/airflow/example_dags/example_external_task_marker_dag.py
[2024-04-26T12:47:29.549+0000] {processor.py:840} INFO - DAG(s) 'example_external_task_marker_parent', 'example_external_task_marker_child' retrieved from /home/airflow/.local/lib/python3.12/site-packages/airflow/example_dags/example_external_task_marker_dag.py
[2024-04-26T12:47:29.567+0000] {logging_mixin.py:188} INFO - [2024-04-26T12:47:29.567+0000] {dag.py:3096} INFO - Sync 2 DAGs
[2024-04-26T12:47:29.577+0000] {logging_mixin.py:188} INFO - [2024-04-26T12:47:29.577+0000] {dag.py:3954} INFO - Setting next_dagrun for example_external_task_marker_child to None, run_after=None
[2024-04-26T12:47:29.580+0000] {logging_mixin.py:188} INFO - [2024-04-26T12:47:29.580+0000] {dag.py:3954} INFO - Setting next_dagrun for example_external_task_marker_parent to None, run_after=None
[2024-04-26T12:47:29.592+0000] {processor.py:183} INFO - Processing /home/airflow/.local/lib/python3.12/site-packages/airflow/example_dags/example_external_task_marker_dag.py took 0.054 seconds
[2024-04-26T12:47:59.929+0000] {processor.py:161} INFO - Started process (PID=1591) to work on /home/airflow/.local/lib/python3.12/site-packages/airflow/example_dags/example_external_task_marker_dag.py
[2024-04-26T12:47:59.930+0000] {processor.py:830} INFO - Processing file /home/airflow/.local/lib/python3.12/site-packages/airflow/example_dags/example_external_task_marker_dag.py for tasks to queue
[2024-04-26T12:47:59.931+0000] {logging_mixin.py:188} INFO - [2024-04-26T12:47:59.931+0000] {dagbag.py:540} INFO - Filling up the DagBag from /home/airflow/.local/lib/python3.12/site-packages/airflow/example_dags/example_external_task_marker_dag.py
[2024-04-26T12:47:59.936+0000] {processor.py:840} INFO - DAG(s) 'example_external_task_marker_parent', 'example_external_task_marker_child' retrieved from /home/airflow/.local/lib/python3.12/site-packages/airflow/example_dags/example_external_task_marker_dag.py
[2024-04-26T12:47:59.955+0000] {logging_mixin.py:188} INFO - [2024-04-26T12:47:59.954+0000] {dag.py:3096} INFO - Sync 2 DAGs
[2024-04-26T12:47:59.964+0000] {logging_mixin.py:188} INFO - [2024-04-26T12:47:59.964+0000] {dag.py:3954} INFO - Setting next_dagrun for example_external_task_marker_child to None, run_after=None
[2024-04-26T12:47:59.968+0000] {logging_mixin.py:188} INFO - [2024-04-26T12:47:59.967+0000] {dag.py:3954} INFO - Setting next_dagrun for example_external_task_marker_parent to None, run_after=None
[2024-04-26T12:47:59.981+0000] {processor.py:183} INFO - Processing /home/airflow/.local/lib/python3.12/site-packages/airflow/example_dags/example_external_task_marker_dag.py took 0.057 seconds
[2024-04-26T12:48:30.308+0000] {processor.py:161} INFO - Started process (PID=1651) to work on /home/airflow/.local/lib/python3.12/site-packages/airflow/example_dags/example_external_task_marker_dag.py
[2024-04-26T12:48:30.309+0000] {processor.py:830} INFO - Processing file /home/airflow/.local/lib/python3.12/site-packages/airflow/example_dags/example_external_task_marker_dag.py for tasks to queue
[2024-04-26T12:48:30.310+0000] {logging_mixin.py:188} INFO - [2024-04-26T12:48:30.310+0000] {dagbag.py:540} INFO - Filling up the DagBag from /home/airflow/.local/lib/python3.12/site-packages/airflow/example_dags/example_external_task_marker_dag.py
[2024-04-26T12:48:30.315+0000] {processor.py:840} INFO - DAG(s) 'example_external_task_marker_parent', 'example_external_task_marker_child' retrieved from /home/airflow/.local/lib/python3.12/site-packages/airflow/example_dags/example_external_task_marker_dag.py
[2024-04-26T12:48:30.333+0000] {logging_mixin.py:188} INFO - [2024-04-26T12:48:30.333+0000] {dag.py:3096} INFO - Sync 2 DAGs
[2024-04-26T12:48:30.342+0000] {logging_mixin.py:188} INFO - [2024-04-26T12:48:30.342+0000] {dag.py:3954} INFO - Setting next_dagrun for example_external_task_marker_child to None, run_after=None
[2024-04-26T12:48:30.345+0000] {logging_mixin.py:188} INFO - [2024-04-26T12:48:30.345+0000] {dag.py:3954} INFO - Setting next_dagrun for example_external_task_marker_parent to None, run_after=None
[2024-04-26T12:48:30.361+0000] {processor.py:183} INFO - Processing /home/airflow/.local/lib/python3.12/site-packages/airflow/example_dags/example_external_task_marker_dag.py took 0.058 seconds
[2024-04-26T12:49:00.786+0000] {processor.py:161} INFO - Started process (PID=1711) to work on /home/airflow/.local/lib/python3.12/site-packages/airflow/example_dags/example_external_task_marker_dag.py
[2024-04-26T12:49:00.787+0000] {processor.py:830} INFO - Processing file /home/airflow/.local/lib/python3.12/site-packages/airflow/example_dags/example_external_task_marker_dag.py for tasks to queue
[2024-04-26T12:49:00.788+0000] {logging_mixin.py:188} INFO - [2024-04-26T12:49:00.788+0000] {dagbag.py:540} INFO - Filling up the DagBag from /home/airflow/.local/lib/python3.12/site-packages/airflow/example_dags/example_external_task_marker_dag.py
[2024-04-26T12:49:00.793+0000] {processor.py:840} INFO - DAG(s) 'example_external_task_marker_parent', 'example_external_task_marker_child' retrieved from /home/airflow/.local/lib/python3.12/site-packages/airflow/example_dags/example_external_task_marker_dag.py
[2024-04-26T12:49:00.813+0000] {logging_mixin.py:188} INFO - [2024-04-26T12:49:00.813+0000] {dag.py:3096} INFO - Sync 2 DAGs
[2024-04-26T12:49:00.824+0000] {logging_mixin.py:188} INFO - [2024-04-26T12:49:00.823+0000] {dag.py:3954} INFO - Setting next_dagrun for example_external_task_marker_child to None, run_after=None
[2024-04-26T12:49:00.827+0000] {logging_mixin.py:188} INFO - [2024-04-26T12:49:00.827+0000] {dag.py:3954} INFO - Setting next_dagrun for example_external_task_marker_parent to None, run_after=None
[2024-04-26T12:49:00.845+0000] {processor.py:183} INFO - Processing /home/airflow/.local/lib/python3.12/site-packages/airflow/example_dags/example_external_task_marker_dag.py took 0.064 seconds
[2024-04-26T12:49:31.344+0000] {processor.py:161} INFO - Started process (PID=1813) to work on /home/airflow/.local/lib/python3.12/site-packages/airflow/example_dags/example_external_task_marker_dag.py
[2024-04-26T12:49:31.345+0000] {processor.py:830} INFO - Processing file /home/airflow/.local/lib/python3.12/site-packages/airflow/example_dags/example_external_task_marker_dag.py for tasks to queue
[2024-04-26T12:49:31.347+0000] {logging_mixin.py:188} INFO - [2024-04-26T12:49:31.347+0000] {dagbag.py:540} INFO - Filling up the DagBag from /home/airflow/.local/lib/python3.12/site-packages/airflow/example_dags/example_external_task_marker_dag.py
[2024-04-26T12:49:31.353+0000] {processor.py:840} INFO - DAG(s) 'example_external_task_marker_parent', 'example_external_task_marker_child' retrieved from /home/airflow/.local/lib/python3.12/site-packages/airflow/example_dags/example_external_task_marker_dag.py
[2024-04-26T12:49:31.381+0000] {logging_mixin.py:188} INFO - [2024-04-26T12:49:31.380+0000] {dag.py:3096} INFO - Sync 2 DAGs
[2024-04-26T12:49:31.398+0000] {logging_mixin.py:188} INFO - [2024-04-26T12:49:31.398+0000] {dag.py:3954} INFO - Setting next_dagrun for example_external_task_marker_child to None, run_after=None
[2024-04-26T12:49:31.404+0000] {logging_mixin.py:188} INFO - [2024-04-26T12:49:31.404+0000] {dag.py:3954} INFO - Setting next_dagrun for example_external_task_marker_parent to None, run_after=None
[2024-04-26T12:49:31.421+0000] {processor.py:183} INFO - Processing /home/airflow/.local/lib/python3.12/site-packages/airflow/example_dags/example_external_task_marker_dag.py took 0.083 seconds
[2024-04-26T12:50:02.380+0000] {processor.py:161} INFO - Started process (PID=2045) to work on /home/airflow/.local/lib/python3.12/site-packages/airflow/example_dags/example_external_task_marker_dag.py
[2024-04-26T12:50:02.380+0000] {processor.py:830} INFO - Processing file /home/airflow/.local/lib/python3.12/site-packages/airflow/example_dags/example_external_task_marker_dag.py for tasks to queue
[2024-04-26T12:50:02.382+0000] {logging_mixin.py:188} INFO - [2024-04-26T12:50:02.382+0000] {dagbag.py:540} INFO - Filling up the DagBag from /home/airflow/.local/lib/python3.12/site-packages/airflow/example_dags/example_external_task_marker_dag.py
[2024-04-26T12:50:02.387+0000] {processor.py:840} INFO - DAG(s) 'example_external_task_marker_parent', 'example_external_task_marker_child' retrieved from /home/airflow/.local/lib/python3.12/site-packages/airflow/example_dags/example_external_task_marker_dag.py
[2024-04-26T12:50:02.406+0000] {logging_mixin.py:188} INFO - [2024-04-26T12:50:02.406+0000] {dag.py:3096} INFO - Sync 2 DAGs
[2024-04-26T12:50:02.417+0000] {logging_mixin.py:188} INFO - [2024-04-26T12:50:02.416+0000] {dag.py:3954} INFO - Setting next_dagrun for example_external_task_marker_child to None, run_after=None
[2024-04-26T12:50:02.420+0000] {logging_mixin.py:188} INFO - [2024-04-26T12:50:02.420+0000] {dag.py:3954} INFO - Setting next_dagrun for example_external_task_marker_parent to None, run_after=None
[2024-04-26T12:50:02.436+0000] {processor.py:183} INFO - Processing /home/airflow/.local/lib/python3.12/site-packages/airflow/example_dags/example_external_task_marker_dag.py took 0.061 seconds
[2024-04-26T12:50:32.908+0000] {processor.py:161} INFO - Started process (PID=2317) to work on /home/airflow/.local/lib/python3.12/site-packages/airflow/example_dags/example_external_task_marker_dag.py
[2024-04-26T12:50:32.911+0000] {processor.py:830} INFO - Processing file /home/airflow/.local/lib/python3.12/site-packages/airflow/example_dags/example_external_task_marker_dag.py for tasks to queue
[2024-04-26T12:50:32.915+0000] {logging_mixin.py:188} INFO - [2024-04-26T12:50:32.914+0000] {dagbag.py:540} INFO - Filling up the DagBag from /home/airflow/.local/lib/python3.12/site-packages/airflow/example_dags/example_external_task_marker_dag.py
[2024-04-26T12:50:32.926+0000] {processor.py:840} INFO - DAG(s) 'example_external_task_marker_parent', 'example_external_task_marker_child' retrieved from /home/airflow/.local/lib/python3.12/site-packages/airflow/example_dags/example_external_task_marker_dag.py
[2024-04-26T12:50:32.964+0000] {logging_mixin.py:188} INFO - [2024-04-26T12:50:32.964+0000] {dag.py:3096} INFO - Sync 2 DAGs
[2024-04-26T12:50:32.986+0000] {logging_mixin.py:188} INFO - [2024-04-26T12:50:32.985+0000] {dag.py:3954} INFO - Setting next_dagrun for example_external_task_marker_child to None, run_after=None
[2024-04-26T12:50:32.994+0000] {logging_mixin.py:188} INFO - [2024-04-26T12:50:32.994+0000] {dag.py:3954} INFO - Setting next_dagrun for example_external_task_marker_parent to None, run_after=None
[2024-04-26T12:50:33.031+0000] {processor.py:183} INFO - Processing /home/airflow/.local/lib/python3.12/site-packages/airflow/example_dags/example_external_task_marker_dag.py took 0.134 seconds
[2024-04-26T12:51:03.198+0000] {processor.py:161} INFO - Started process (PID=2561) to work on /home/airflow/.local/lib/python3.12/site-packages/airflow/example_dags/example_external_task_marker_dag.py
[2024-04-26T12:51:03.199+0000] {processor.py:830} INFO - Processing file /home/airflow/.local/lib/python3.12/site-packages/airflow/example_dags/example_external_task_marker_dag.py for tasks to queue
[2024-04-26T12:51:03.203+0000] {logging_mixin.py:188} INFO - [2024-04-26T12:51:03.202+0000] {dagbag.py:540} INFO - Filling up the DagBag from /home/airflow/.local/lib/python3.12/site-packages/airflow/example_dags/example_external_task_marker_dag.py
[2024-04-26T12:51:03.214+0000] {processor.py:840} INFO - DAG(s) 'example_external_task_marker_child', 'example_external_task_marker_parent' retrieved from /home/airflow/.local/lib/python3.12/site-packages/airflow/example_dags/example_external_task_marker_dag.py
[2024-04-26T12:51:03.245+0000] {logging_mixin.py:188} INFO - [2024-04-26T12:51:03.245+0000] {dag.py:3096} INFO - Sync 2 DAGs
[2024-04-26T12:51:03.263+0000] {logging_mixin.py:188} INFO - [2024-04-26T12:51:03.263+0000] {dag.py:3954} INFO - Setting next_dagrun for example_external_task_marker_child to None, run_after=None
[2024-04-26T12:51:03.269+0000] {logging_mixin.py:188} INFO - [2024-04-26T12:51:03.269+0000] {dag.py:3954} INFO - Setting next_dagrun for example_external_task_marker_parent to None, run_after=None
[2024-04-26T12:51:03.296+0000] {processor.py:183} INFO - Processing /home/airflow/.local/lib/python3.12/site-packages/airflow/example_dags/example_external_task_marker_dag.py took 0.108 seconds
[2024-04-26T12:51:33.953+0000] {processor.py:161} INFO - Started process (PID=2805) to work on /home/airflow/.local/lib/python3.12/site-packages/airflow/example_dags/example_external_task_marker_dag.py
[2024-04-26T12:51:33.954+0000] {processor.py:830} INFO - Processing file /home/airflow/.local/lib/python3.12/site-packages/airflow/example_dags/example_external_task_marker_dag.py for tasks to queue
[2024-04-26T12:51:33.957+0000] {logging_mixin.py:188} INFO - [2024-04-26T12:51:33.956+0000] {dagbag.py:540} INFO - Filling up the DagBag from /home/airflow/.local/lib/python3.12/site-packages/airflow/example_dags/example_external_task_marker_dag.py
[2024-04-26T12:51:33.965+0000] {processor.py:840} INFO - DAG(s) 'example_external_task_marker_parent', 'example_external_task_marker_child' retrieved from /home/airflow/.local/lib/python3.12/site-packages/airflow/example_dags/example_external_task_marker_dag.py
[2024-04-26T12:51:34.000+0000] {logging_mixin.py:188} INFO - [2024-04-26T12:51:34.000+0000] {dag.py:3096} INFO - Sync 2 DAGs
[2024-04-26T12:51:34.020+0000] {logging_mixin.py:188} INFO - [2024-04-26T12:51:34.020+0000] {dag.py:3954} INFO - Setting next_dagrun for example_external_task_marker_child to None, run_after=None
[2024-04-26T12:51:34.027+0000] {logging_mixin.py:188} INFO - [2024-04-26T12:51:34.026+0000] {dag.py:3954} INFO - Setting next_dagrun for example_external_task_marker_parent to None, run_after=None
[2024-04-26T12:51:34.053+0000] {processor.py:183} INFO - Processing /home/airflow/.local/lib/python3.12/site-packages/airflow/example_dags/example_external_task_marker_dag.py took 0.109 seconds
[2024-04-26T12:52:04.459+0000] {processor.py:161} INFO - Started process (PID=3049) to work on /home/airflow/.local/lib/python3.12/site-packages/airflow/example_dags/example_external_task_marker_dag.py
[2024-04-26T12:52:04.460+0000] {processor.py:830} INFO - Processing file /home/airflow/.local/lib/python3.12/site-packages/airflow/example_dags/example_external_task_marker_dag.py for tasks to queue
[2024-04-26T12:52:04.463+0000] {logging_mixin.py:188} INFO - [2024-04-26T12:52:04.462+0000] {dagbag.py:540} INFO - Filling up the DagBag from /home/airflow/.local/lib/python3.12/site-packages/airflow/example_dags/example_external_task_marker_dag.py
[2024-04-26T12:52:04.472+0000] {processor.py:840} INFO - DAG(s) 'example_external_task_marker_child', 'example_external_task_marker_parent' retrieved from /home/airflow/.local/lib/python3.12/site-packages/airflow/example_dags/example_external_task_marker_dag.py
[2024-04-26T12:52:04.505+0000] {logging_mixin.py:188} INFO - [2024-04-26T12:52:04.504+0000] {dag.py:3096} INFO - Sync 2 DAGs
[2024-04-26T12:52:04.520+0000] {logging_mixin.py:188} INFO - [2024-04-26T12:52:04.520+0000] {dag.py:3954} INFO - Setting next_dagrun for example_external_task_marker_child to None, run_after=None
[2024-04-26T12:52:04.526+0000] {logging_mixin.py:188} INFO - [2024-04-26T12:52:04.526+0000] {dag.py:3954} INFO - Setting next_dagrun for example_external_task_marker_parent to None, run_after=None
[2024-04-26T12:52:04.548+0000] {processor.py:183} INFO - Processing /home/airflow/.local/lib/python3.12/site-packages/airflow/example_dags/example_external_task_marker_dag.py took 0.098 seconds
[2024-04-26T12:52:34.669+0000] {processor.py:161} INFO - Started process (PID=3301) to work on /home/airflow/.local/lib/python3.12/site-packages/airflow/example_dags/example_external_task_marker_dag.py
[2024-04-26T12:52:34.670+0000] {processor.py:830} INFO - Processing file /home/airflow/.local/lib/python3.12/site-packages/airflow/example_dags/example_external_task_marker_dag.py for tasks to queue
[2024-04-26T12:52:34.672+0000] {logging_mixin.py:188} INFO - [2024-04-26T12:52:34.671+0000] {dagbag.py:540} INFO - Filling up the DagBag from /home/airflow/.local/lib/python3.12/site-packages/airflow/example_dags/example_external_task_marker_dag.py
[2024-04-26T12:52:34.679+0000] {processor.py:840} INFO - DAG(s) 'example_external_task_marker_parent', 'example_external_task_marker_child' retrieved from /home/airflow/.local/lib/python3.12/site-packages/airflow/example_dags/example_external_task_marker_dag.py
[2024-04-26T12:52:34.700+0000] {logging_mixin.py:188} INFO - [2024-04-26T12:52:34.700+0000] {dag.py:3096} INFO - Sync 2 DAGs
[2024-04-26T12:52:34.713+0000] {logging_mixin.py:188} INFO - [2024-04-26T12:52:34.713+0000] {dag.py:3954} INFO - Setting next_dagrun for example_external_task_marker_child to None, run_after=None
[2024-04-26T12:52:34.718+0000] {logging_mixin.py:188} INFO - [2024-04-26T12:52:34.718+0000] {dag.py:3954} INFO - Setting next_dagrun for example_external_task_marker_parent to None, run_after=None
[2024-04-26T12:52:34.733+0000] {processor.py:183} INFO - Processing /home/airflow/.local/lib/python3.12/site-packages/airflow/example_dags/example_external_task_marker_dag.py took 0.070 seconds
[2024-04-26T12:53:04.798+0000] {processor.py:161} INFO - Started process (PID=3561) to work on /home/airflow/.local/lib/python3.12/site-packages/airflow/example_dags/example_external_task_marker_dag.py
[2024-04-26T12:53:04.799+0000] {processor.py:830} INFO - Processing file /home/airflow/.local/lib/python3.12/site-packages/airflow/example_dags/example_external_task_marker_dag.py for tasks to queue
[2024-04-26T12:53:04.802+0000] {logging_mixin.py:188} INFO - [2024-04-26T12:53:04.801+0000] {dagbag.py:540} INFO - Filling up the DagBag from /home/airflow/.local/lib/python3.12/site-packages/airflow/example_dags/example_external_task_marker_dag.py
[2024-04-26T12:53:04.812+0000] {processor.py:840} INFO - DAG(s) 'example_external_task_marker_child', 'example_external_task_marker_parent' retrieved from /home/airflow/.local/lib/python3.12/site-packages/airflow/example_dags/example_external_task_marker_dag.py
[2024-04-26T12:53:04.868+0000] {logging_mixin.py:188} INFO - [2024-04-26T12:53:04.868+0000] {dag.py:3096} INFO - Sync 2 DAGs
[2024-04-26T12:53:04.890+0000] {logging_mixin.py:188} INFO - [2024-04-26T12:53:04.890+0000] {dag.py:3954} INFO - Setting next_dagrun for example_external_task_marker_child to None, run_after=None
[2024-04-26T12:53:04.897+0000] {logging_mixin.py:188} INFO - [2024-04-26T12:53:04.897+0000] {dag.py:3954} INFO - Setting next_dagrun for example_external_task_marker_parent to None, run_after=None
[2024-04-26T12:53:04.932+0000] {processor.py:183} INFO - Processing /home/airflow/.local/lib/python3.12/site-packages/airflow/example_dags/example_external_task_marker_dag.py took 0.141 seconds
[2024-04-26T12:53:35.185+0000] {processor.py:161} INFO - Started process (PID=3789) to work on /home/airflow/.local/lib/python3.12/site-packages/airflow/example_dags/example_external_task_marker_dag.py
[2024-04-26T12:53:35.186+0000] {processor.py:830} INFO - Processing file /home/airflow/.local/lib/python3.12/site-packages/airflow/example_dags/example_external_task_marker_dag.py for tasks to queue
[2024-04-26T12:53:35.188+0000] {logging_mixin.py:188} INFO - [2024-04-26T12:53:35.188+0000] {dagbag.py:540} INFO - Filling up the DagBag from /home/airflow/.local/lib/python3.12/site-packages/airflow/example_dags/example_external_task_marker_dag.py
[2024-04-26T12:53:35.196+0000] {processor.py:840} INFO - DAG(s) 'example_external_task_marker_child', 'example_external_task_marker_parent' retrieved from /home/airflow/.local/lib/python3.12/site-packages/airflow/example_dags/example_external_task_marker_dag.py
[2024-04-26T12:53:35.227+0000] {logging_mixin.py:188} INFO - [2024-04-26T12:53:35.226+0000] {dag.py:3096} INFO - Sync 2 DAGs
[2024-04-26T12:53:35.243+0000] {logging_mixin.py:188} INFO - [2024-04-26T12:53:35.243+0000] {dag.py:3954} INFO - Setting next_dagrun for example_external_task_marker_child to None, run_after=None
[2024-04-26T12:53:35.248+0000] {logging_mixin.py:188} INFO - [2024-04-26T12:53:35.248+0000] {dag.py:3954} INFO - Setting next_dagrun for example_external_task_marker_parent to None, run_after=None
[2024-04-26T12:53:35.273+0000] {processor.py:183} INFO - Processing /home/airflow/.local/lib/python3.12/site-packages/airflow/example_dags/example_external_task_marker_dag.py took 0.095 seconds
[2024-04-26T12:54:05.725+0000] {processor.py:161} INFO - Started process (PID=3853) to work on /home/airflow/.local/lib/python3.12/site-packages/airflow/example_dags/example_external_task_marker_dag.py
[2024-04-26T12:54:05.726+0000] {processor.py:830} INFO - Processing file /home/airflow/.local/lib/python3.12/site-packages/airflow/example_dags/example_external_task_marker_dag.py for tasks to queue
[2024-04-26T12:54:05.727+0000] {logging_mixin.py:188} INFO - [2024-04-26T12:54:05.727+0000] {dagbag.py:540} INFO - Filling up the DagBag from /home/airflow/.local/lib/python3.12/site-packages/airflow/example_dags/example_external_task_marker_dag.py
[2024-04-26T12:54:05.733+0000] {processor.py:840} INFO - DAG(s) 'example_external_task_marker_child', 'example_external_task_marker_parent' retrieved from /home/airflow/.local/lib/python3.12/site-packages/airflow/example_dags/example_external_task_marker_dag.py
[2024-04-26T12:54:05.752+0000] {logging_mixin.py:188} INFO - [2024-04-26T12:54:05.752+0000] {dag.py:3096} INFO - Sync 2 DAGs
[2024-04-26T12:54:05.762+0000] {logging_mixin.py:188} INFO - [2024-04-26T12:54:05.762+0000] {dag.py:3954} INFO - Setting next_dagrun for example_external_task_marker_child to None, run_after=None
[2024-04-26T12:54:05.765+0000] {logging_mixin.py:188} INFO - [2024-04-26T12:54:05.765+0000] {dag.py:3954} INFO - Setting next_dagrun for example_external_task_marker_parent to None, run_after=None
[2024-04-26T12:54:05.778+0000] {processor.py:183} INFO - Processing /home/airflow/.local/lib/python3.12/site-packages/airflow/example_dags/example_external_task_marker_dag.py took 0.058 seconds
[2024-04-26T12:54:36.049+0000] {processor.py:161} INFO - Started process (PID=3913) to work on /home/airflow/.local/lib/python3.12/site-packages/airflow/example_dags/example_external_task_marker_dag.py
[2024-04-26T12:54:36.050+0000] {processor.py:830} INFO - Processing file /home/airflow/.local/lib/python3.12/site-packages/airflow/example_dags/example_external_task_marker_dag.py for tasks to queue
[2024-04-26T12:54:36.051+0000] {logging_mixin.py:188} INFO - [2024-04-26T12:54:36.051+0000] {dagbag.py:540} INFO - Filling up the DagBag from /home/airflow/.local/lib/python3.12/site-packages/airflow/example_dags/example_external_task_marker_dag.py
[2024-04-26T12:54:36.058+0000] {processor.py:840} INFO - DAG(s) 'example_external_task_marker_child', 'example_external_task_marker_parent' retrieved from /home/airflow/.local/lib/python3.12/site-packages/airflow/example_dags/example_external_task_marker_dag.py
[2024-04-26T12:54:36.077+0000] {logging_mixin.py:188} INFO - [2024-04-26T12:54:36.076+0000] {dag.py:3096} INFO - Sync 2 DAGs
[2024-04-26T12:54:36.087+0000] {logging_mixin.py:188} INFO - [2024-04-26T12:54:36.087+0000] {dag.py:3954} INFO - Setting next_dagrun for example_external_task_marker_child to None, run_after=None
[2024-04-26T12:54:36.090+0000] {logging_mixin.py:188} INFO - [2024-04-26T12:54:36.090+0000] {dag.py:3954} INFO - Setting next_dagrun for example_external_task_marker_parent to None, run_after=None
[2024-04-26T12:54:36.103+0000] {processor.py:183} INFO - Processing /home/airflow/.local/lib/python3.12/site-packages/airflow/example_dags/example_external_task_marker_dag.py took 0.059 seconds
[2024-04-26T12:55:06.573+0000] {processor.py:161} INFO - Started process (PID=3973) to work on /home/airflow/.local/lib/python3.12/site-packages/airflow/example_dags/example_external_task_marker_dag.py
[2024-04-26T12:55:06.574+0000] {processor.py:830} INFO - Processing file /home/airflow/.local/lib/python3.12/site-packages/airflow/example_dags/example_external_task_marker_dag.py for tasks to queue
[2024-04-26T12:55:06.576+0000] {logging_mixin.py:188} INFO - [2024-04-26T12:55:06.575+0000] {dagbag.py:540} INFO - Filling up the DagBag from /home/airflow/.local/lib/python3.12/site-packages/airflow/example_dags/example_external_task_marker_dag.py
[2024-04-26T12:55:06.581+0000] {processor.py:840} INFO - DAG(s) 'example_external_task_marker_child', 'example_external_task_marker_parent' retrieved from /home/airflow/.local/lib/python3.12/site-packages/airflow/example_dags/example_external_task_marker_dag.py
[2024-04-26T12:55:06.600+0000] {logging_mixin.py:188} INFO - [2024-04-26T12:55:06.600+0000] {dag.py:3096} INFO - Sync 2 DAGs
[2024-04-26T12:55:06.610+0000] {logging_mixin.py:188} INFO - [2024-04-26T12:55:06.610+0000] {dag.py:3954} INFO - Setting next_dagrun for example_external_task_marker_child to None, run_after=None
[2024-04-26T12:55:06.614+0000] {logging_mixin.py:188} INFO - [2024-04-26T12:55:06.614+0000] {dag.py:3954} INFO - Setting next_dagrun for example_external_task_marker_parent to None, run_after=None
[2024-04-26T12:55:06.627+0000] {processor.py:183} INFO - Processing /home/airflow/.local/lib/python3.12/site-packages/airflow/example_dags/example_external_task_marker_dag.py took 0.059 seconds
[2024-04-26T12:55:37.051+0000] {processor.py:161} INFO - Started process (PID=4033) to work on /home/airflow/.local/lib/python3.12/site-packages/airflow/example_dags/example_external_task_marker_dag.py
[2024-04-26T12:55:37.052+0000] {processor.py:830} INFO - Processing file /home/airflow/.local/lib/python3.12/site-packages/airflow/example_dags/example_external_task_marker_dag.py for tasks to queue
[2024-04-26T12:55:37.054+0000] {logging_mixin.py:188} INFO - [2024-04-26T12:55:37.054+0000] {dagbag.py:540} INFO - Filling up the DagBag from /home/airflow/.local/lib/python3.12/site-packages/airflow/example_dags/example_external_task_marker_dag.py
[2024-04-26T12:55:37.059+0000] {processor.py:840} INFO - DAG(s) 'example_external_task_marker_parent', 'example_external_task_marker_child' retrieved from /home/airflow/.local/lib/python3.12/site-packages/airflow/example_dags/example_external_task_marker_dag.py
[2024-04-26T12:55:37.077+0000] {logging_mixin.py:188} INFO - [2024-04-26T12:55:37.077+0000] {dag.py:3096} INFO - Sync 2 DAGs
[2024-04-26T12:55:37.087+0000] {logging_mixin.py:188} INFO - [2024-04-26T12:55:37.087+0000] {dag.py:3954} INFO - Setting next_dagrun for example_external_task_marker_child to None, run_after=None
[2024-04-26T12:55:37.091+0000] {logging_mixin.py:188} INFO - [2024-04-26T12:55:37.091+0000] {dag.py:3954} INFO - Setting next_dagrun for example_external_task_marker_parent to None, run_after=None
[2024-04-26T12:55:37.103+0000] {processor.py:183} INFO - Processing /home/airflow/.local/lib/python3.12/site-packages/airflow/example_dags/example_external_task_marker_dag.py took 0.057 seconds
[2024-04-26T12:56:07.478+0000] {processor.py:161} INFO - Started process (PID=4097) to work on /home/airflow/.local/lib/python3.12/site-packages/airflow/example_dags/example_external_task_marker_dag.py
[2024-04-26T12:56:07.479+0000] {processor.py:830} INFO - Processing file /home/airflow/.local/lib/python3.12/site-packages/airflow/example_dags/example_external_task_marker_dag.py for tasks to queue
[2024-04-26T12:56:07.482+0000] {logging_mixin.py:188} INFO - [2024-04-26T12:56:07.481+0000] {dagbag.py:540} INFO - Filling up the DagBag from /home/airflow/.local/lib/python3.12/site-packages/airflow/example_dags/example_external_task_marker_dag.py
[2024-04-26T12:56:07.490+0000] {processor.py:840} INFO - DAG(s) 'example_external_task_marker_parent', 'example_external_task_marker_child' retrieved from /home/airflow/.local/lib/python3.12/site-packages/airflow/example_dags/example_external_task_marker_dag.py
[2024-04-26T12:56:07.515+0000] {logging_mixin.py:188} INFO - [2024-04-26T12:56:07.515+0000] {dag.py:3096} INFO - Sync 2 DAGs
[2024-04-26T12:56:07.527+0000] {logging_mixin.py:188} INFO - [2024-04-26T12:56:07.527+0000] {dag.py:3954} INFO - Setting next_dagrun for example_external_task_marker_child to None, run_after=None
[2024-04-26T12:56:07.532+0000] {logging_mixin.py:188} INFO - [2024-04-26T12:56:07.531+0000] {dag.py:3954} INFO - Setting next_dagrun for example_external_task_marker_parent to None, run_after=None
[2024-04-26T12:56:07.548+0000] {processor.py:183} INFO - Processing /home/airflow/.local/lib/python3.12/site-packages/airflow/example_dags/example_external_task_marker_dag.py took 0.075 seconds
[2024-04-26T12:56:37.910+0000] {processor.py:161} INFO - Started process (PID=4157) to work on /home/airflow/.local/lib/python3.12/site-packages/airflow/example_dags/example_external_task_marker_dag.py
[2024-04-26T12:56:37.911+0000] {processor.py:830} INFO - Processing file /home/airflow/.local/lib/python3.12/site-packages/airflow/example_dags/example_external_task_marker_dag.py for tasks to queue
[2024-04-26T12:56:37.913+0000] {logging_mixin.py:188} INFO - [2024-04-26T12:56:37.912+0000] {dagbag.py:540} INFO - Filling up the DagBag from /home/airflow/.local/lib/python3.12/site-packages/airflow/example_dags/example_external_task_marker_dag.py
[2024-04-26T12:56:37.918+0000] {processor.py:840} INFO - DAG(s) 'example_external_task_marker_parent', 'example_external_task_marker_child' retrieved from /home/airflow/.local/lib/python3.12/site-packages/airflow/example_dags/example_external_task_marker_dag.py
[2024-04-26T12:56:37.936+0000] {logging_mixin.py:188} INFO - [2024-04-26T12:56:37.936+0000] {dag.py:3096} INFO - Sync 2 DAGs
[2024-04-26T12:56:37.947+0000] {logging_mixin.py:188} INFO - [2024-04-26T12:56:37.947+0000] {dag.py:3954} INFO - Setting next_dagrun for example_external_task_marker_child to None, run_after=None
[2024-04-26T12:56:37.950+0000] {logging_mixin.py:188} INFO - [2024-04-26T12:56:37.950+0000] {dag.py:3954} INFO - Setting next_dagrun for example_external_task_marker_parent to None, run_after=None
[2024-04-26T12:56:37.962+0000] {processor.py:183} INFO - Processing /home/airflow/.local/lib/python3.12/site-packages/airflow/example_dags/example_external_task_marker_dag.py took 0.057 seconds
[2024-04-26T12:57:08.397+0000] {processor.py:161} INFO - Started process (PID=4217) to work on /home/airflow/.local/lib/python3.12/site-packages/airflow/example_dags/example_external_task_marker_dag.py
[2024-04-26T12:57:08.398+0000] {processor.py:830} INFO - Processing file /home/airflow/.local/lib/python3.12/site-packages/airflow/example_dags/example_external_task_marker_dag.py for tasks to queue
[2024-04-26T12:57:08.399+0000] {logging_mixin.py:188} INFO - [2024-04-26T12:57:08.399+0000] {dagbag.py:540} INFO - Filling up the DagBag from /home/airflow/.local/lib/python3.12/site-packages/airflow/example_dags/example_external_task_marker_dag.py
[2024-04-26T12:57:08.404+0000] {processor.py:840} INFO - DAG(s) 'example_external_task_marker_parent', 'example_external_task_marker_child' retrieved from /home/airflow/.local/lib/python3.12/site-packages/airflow/example_dags/example_external_task_marker_dag.py
[2024-04-26T12:57:08.424+0000] {logging_mixin.py:188} INFO - [2024-04-26T12:57:08.424+0000] {dag.py:3096} INFO - Sync 2 DAGs
[2024-04-26T12:57:08.435+0000] {logging_mixin.py:188} INFO - [2024-04-26T12:57:08.435+0000] {dag.py:3954} INFO - Setting next_dagrun for example_external_task_marker_child to None, run_after=None
[2024-04-26T12:57:08.439+0000] {logging_mixin.py:188} INFO - [2024-04-26T12:57:08.438+0000] {dag.py:3954} INFO - Setting next_dagrun for example_external_task_marker_parent to None, run_after=None
[2024-04-26T12:57:08.451+0000] {processor.py:183} INFO - Processing /home/airflow/.local/lib/python3.12/site-packages/airflow/example_dags/example_external_task_marker_dag.py took 0.059 seconds
[2024-04-26T12:57:38.736+0000] {processor.py:161} INFO - Started process (PID=4277) to work on /home/airflow/.local/lib/python3.12/site-packages/airflow/example_dags/example_external_task_marker_dag.py
[2024-04-26T12:57:38.737+0000] {processor.py:830} INFO - Processing file /home/airflow/.local/lib/python3.12/site-packages/airflow/example_dags/example_external_task_marker_dag.py for tasks to queue
[2024-04-26T12:57:38.739+0000] {logging_mixin.py:188} INFO - [2024-04-26T12:57:38.738+0000] {dagbag.py:540} INFO - Filling up the DagBag from /home/airflow/.local/lib/python3.12/site-packages/airflow/example_dags/example_external_task_marker_dag.py
[2024-04-26T12:57:38.743+0000] {processor.py:840} INFO - DAG(s) 'example_external_task_marker_parent', 'example_external_task_marker_child' retrieved from /home/airflow/.local/lib/python3.12/site-packages/airflow/example_dags/example_external_task_marker_dag.py
[2024-04-26T12:57:38.762+0000] {logging_mixin.py:188} INFO - [2024-04-26T12:57:38.762+0000] {dag.py:3096} INFO - Sync 2 DAGs
[2024-04-26T12:57:38.772+0000] {logging_mixin.py:188} INFO - [2024-04-26T12:57:38.772+0000] {dag.py:3954} INFO - Setting next_dagrun for example_external_task_marker_child to None, run_after=None
[2024-04-26T12:57:38.775+0000] {logging_mixin.py:188} INFO - [2024-04-26T12:57:38.775+0000] {dag.py:3954} INFO - Setting next_dagrun for example_external_task_marker_parent to None, run_after=None
[2024-04-26T12:57:38.788+0000] {processor.py:183} INFO - Processing /home/airflow/.local/lib/python3.12/site-packages/airflow/example_dags/example_external_task_marker_dag.py took 0.056 seconds
[2024-04-26T12:58:09.072+0000] {processor.py:161} INFO - Started process (PID=4341) to work on /home/airflow/.local/lib/python3.12/site-packages/airflow/example_dags/example_external_task_marker_dag.py
[2024-04-26T12:58:09.073+0000] {processor.py:830} INFO - Processing file /home/airflow/.local/lib/python3.12/site-packages/airflow/example_dags/example_external_task_marker_dag.py for tasks to queue
[2024-04-26T12:58:09.075+0000] {logging_mixin.py:188} INFO - [2024-04-26T12:58:09.074+0000] {dagbag.py:540} INFO - Filling up the DagBag from /home/airflow/.local/lib/python3.12/site-packages/airflow/example_dags/example_external_task_marker_dag.py
[2024-04-26T12:58:09.080+0000] {processor.py:840} INFO - DAG(s) 'example_external_task_marker_child', 'example_external_task_marker_parent' retrieved from /home/airflow/.local/lib/python3.12/site-packages/airflow/example_dags/example_external_task_marker_dag.py
[2024-04-26T12:58:09.100+0000] {logging_mixin.py:188} INFO - [2024-04-26T12:58:09.100+0000] {dag.py:3096} INFO - Sync 2 DAGs
[2024-04-26T12:58:09.111+0000] {logging_mixin.py:188} INFO - [2024-04-26T12:58:09.111+0000] {dag.py:3954} INFO - Setting next_dagrun for example_external_task_marker_child to None, run_after=None
[2024-04-26T12:58:09.115+0000] {logging_mixin.py:188} INFO - [2024-04-26T12:58:09.114+0000] {dag.py:3954} INFO - Setting next_dagrun for example_external_task_marker_parent to None, run_after=None
[2024-04-26T12:58:09.130+0000] {processor.py:183} INFO - Processing /home/airflow/.local/lib/python3.12/site-packages/airflow/example_dags/example_external_task_marker_dag.py took 0.063 seconds
