[2024-04-26T12:34:45.171+0000] {processor.py:161} INFO - Started process (PID=64) to work on /home/airflow/.local/lib/python3.12/site-packages/airflow/example_dags/example_display_name.py
[2024-04-26T12:34:45.172+0000] {processor.py:830} INFO - Processing file /home/airflow/.local/lib/python3.12/site-packages/airflow/example_dags/example_display_name.py for tasks to queue
[2024-04-26T12:34:45.174+0000] {logging_mixin.py:188} INFO - [2024-04-26T12:34:45.173+0000] {dagbag.py:540} INFO - Filling up the DagBag from /home/airflow/.local/lib/python3.12/site-packages/airflow/example_dags/example_display_name.py
[2024-04-26T12:34:45.180+0000] {processor.py:840} INFO - DAG(s) 'example_display_name' retrieved from /home/airflow/.local/lib/python3.12/site-packages/airflow/example_dags/example_display_name.py
[2024-04-26T12:34:45.259+0000] {logging_mixin.py:188} INFO - [2024-04-26T12:34:45.258+0000] {override.py:1829} INFO - Created Permission View: can delete on DAG:example_display_name
[2024-04-26T12:34:45.267+0000] {logging_mixin.py:188} INFO - [2024-04-26T12:34:45.267+0000] {override.py:1829} INFO - Created Permission View: can edit on DAG:example_display_name
[2024-04-26T12:34:45.274+0000] {logging_mixin.py:188} INFO - [2024-04-26T12:34:45.273+0000] {override.py:1829} INFO - Created Permission View: can read on DAG:example_display_name
[2024-04-26T12:34:45.274+0000] {logging_mixin.py:188} INFO - [2024-04-26T12:34:45.274+0000] {dag.py:3096} INFO - Sync 1 DAGs
[2024-04-26T12:34:45.284+0000] {logging_mixin.py:188} INFO - [2024-04-26T12:34:45.284+0000] {dag.py:3118} INFO - Creating ORM DAG for example_display_name
[2024-04-26T12:34:45.285+0000] {logging_mixin.py:188} INFO - [2024-04-26T12:34:45.285+0000] {dag.py:3954} INFO - Setting next_dagrun for example_display_name to None, run_after=None
[2024-04-26T12:34:45.298+0000] {processor.py:183} INFO - Processing /home/airflow/.local/lib/python3.12/site-packages/airflow/example_dags/example_display_name.py took 0.131 seconds
[2024-04-26T12:35:15.757+0000] {processor.py:161} INFO - Started process (PID=122) to work on /home/airflow/.local/lib/python3.12/site-packages/airflow/example_dags/example_display_name.py
[2024-04-26T12:35:15.758+0000] {processor.py:830} INFO - Processing file /home/airflow/.local/lib/python3.12/site-packages/airflow/example_dags/example_display_name.py for tasks to queue
[2024-04-26T12:35:15.760+0000] {logging_mixin.py:188} INFO - [2024-04-26T12:35:15.759+0000] {dagbag.py:540} INFO - Filling up the DagBag from /home/airflow/.local/lib/python3.12/site-packages/airflow/example_dags/example_display_name.py
[2024-04-26T12:35:15.765+0000] {processor.py:840} INFO - DAG(s) 'example_display_name' retrieved from /home/airflow/.local/lib/python3.12/site-packages/airflow/example_dags/example_display_name.py
[2024-04-26T12:35:15.781+0000] {logging_mixin.py:188} INFO - [2024-04-26T12:35:15.780+0000] {dag.py:3096} INFO - Sync 1 DAGs
[2024-04-26T12:35:15.790+0000] {logging_mixin.py:188} INFO - [2024-04-26T12:35:15.790+0000] {dag.py:3954} INFO - Setting next_dagrun for example_display_name to None, run_after=None
[2024-04-26T12:35:15.807+0000] {processor.py:183} INFO - Processing /home/airflow/.local/lib/python3.12/site-packages/airflow/example_dags/example_display_name.py took 0.054 seconds
[2024-04-26T12:35:45.923+0000] {processor.py:161} INFO - Started process (PID=180) to work on /home/airflow/.local/lib/python3.12/site-packages/airflow/example_dags/example_display_name.py
[2024-04-26T12:35:45.923+0000] {processor.py:830} INFO - Processing file /home/airflow/.local/lib/python3.12/site-packages/airflow/example_dags/example_display_name.py for tasks to queue
[2024-04-26T12:35:45.925+0000] {logging_mixin.py:188} INFO - [2024-04-26T12:35:45.925+0000] {dagbag.py:540} INFO - Filling up the DagBag from /home/airflow/.local/lib/python3.12/site-packages/airflow/example_dags/example_display_name.py
[2024-04-26T12:35:45.930+0000] {processor.py:840} INFO - DAG(s) 'example_display_name' retrieved from /home/airflow/.local/lib/python3.12/site-packages/airflow/example_dags/example_display_name.py
[2024-04-26T12:35:45.945+0000] {logging_mixin.py:188} INFO - [2024-04-26T12:35:45.945+0000] {dag.py:3096} INFO - Sync 1 DAGs
[2024-04-26T12:35:45.957+0000] {logging_mixin.py:188} INFO - [2024-04-26T12:35:45.956+0000] {dag.py:3954} INFO - Setting next_dagrun for example_display_name to None, run_after=None
[2024-04-26T12:35:45.973+0000] {processor.py:183} INFO - Processing /home/airflow/.local/lib/python3.12/site-packages/airflow/example_dags/example_display_name.py took 0.054 seconds
[2024-04-26T12:36:16.799+0000] {processor.py:161} INFO - Started process (PID=238) to work on /home/airflow/.local/lib/python3.12/site-packages/airflow/example_dags/example_display_name.py
[2024-04-26T12:36:16.799+0000] {processor.py:830} INFO - Processing file /home/airflow/.local/lib/python3.12/site-packages/airflow/example_dags/example_display_name.py for tasks to queue
[2024-04-26T12:36:16.801+0000] {logging_mixin.py:188} INFO - [2024-04-26T12:36:16.801+0000] {dagbag.py:540} INFO - Filling up the DagBag from /home/airflow/.local/lib/python3.12/site-packages/airflow/example_dags/example_display_name.py
[2024-04-26T12:36:16.805+0000] {processor.py:840} INFO - DAG(s) 'example_display_name' retrieved from /home/airflow/.local/lib/python3.12/site-packages/airflow/example_dags/example_display_name.py
[2024-04-26T12:36:16.820+0000] {logging_mixin.py:188} INFO - [2024-04-26T12:36:16.820+0000] {dag.py:3096} INFO - Sync 1 DAGs
[2024-04-26T12:36:16.832+0000] {logging_mixin.py:188} INFO - [2024-04-26T12:36:16.832+0000] {dag.py:3954} INFO - Setting next_dagrun for example_display_name to None, run_after=None
[2024-04-26T12:36:16.846+0000] {processor.py:183} INFO - Processing /home/airflow/.local/lib/python3.12/site-packages/airflow/example_dags/example_display_name.py took 0.052 seconds
[2024-04-26T12:36:47.184+0000] {processor.py:161} INFO - Started process (PID=296) to work on /home/airflow/.local/lib/python3.12/site-packages/airflow/example_dags/example_display_name.py
[2024-04-26T12:36:47.185+0000] {processor.py:830} INFO - Processing file /home/airflow/.local/lib/python3.12/site-packages/airflow/example_dags/example_display_name.py for tasks to queue
[2024-04-26T12:36:47.186+0000] {logging_mixin.py:188} INFO - [2024-04-26T12:36:47.186+0000] {dagbag.py:540} INFO - Filling up the DagBag from /home/airflow/.local/lib/python3.12/site-packages/airflow/example_dags/example_display_name.py
[2024-04-26T12:36:47.190+0000] {processor.py:840} INFO - DAG(s) 'example_display_name' retrieved from /home/airflow/.local/lib/python3.12/site-packages/airflow/example_dags/example_display_name.py
[2024-04-26T12:36:47.204+0000] {logging_mixin.py:188} INFO - [2024-04-26T12:36:47.204+0000] {dag.py:3096} INFO - Sync 1 DAGs
[2024-04-26T12:36:47.214+0000] {logging_mixin.py:188} INFO - [2024-04-26T12:36:47.214+0000] {dag.py:3954} INFO - Setting next_dagrun for example_display_name to None, run_after=None
[2024-04-26T12:36:47.229+0000] {processor.py:183} INFO - Processing /home/airflow/.local/lib/python3.12/site-packages/airflow/example_dags/example_display_name.py took 0.049 seconds
[2024-04-26T12:37:17.573+0000] {processor.py:161} INFO - Started process (PID=354) to work on /home/airflow/.local/lib/python3.12/site-packages/airflow/example_dags/example_display_name.py
[2024-04-26T12:37:17.574+0000] {processor.py:830} INFO - Processing file /home/airflow/.local/lib/python3.12/site-packages/airflow/example_dags/example_display_name.py for tasks to queue
[2024-04-26T12:37:17.575+0000] {logging_mixin.py:188} INFO - [2024-04-26T12:37:17.575+0000] {dagbag.py:540} INFO - Filling up the DagBag from /home/airflow/.local/lib/python3.12/site-packages/airflow/example_dags/example_display_name.py
[2024-04-26T12:37:17.580+0000] {processor.py:840} INFO - DAG(s) 'example_display_name' retrieved from /home/airflow/.local/lib/python3.12/site-packages/airflow/example_dags/example_display_name.py
[2024-04-26T12:37:17.595+0000] {logging_mixin.py:188} INFO - [2024-04-26T12:37:17.595+0000] {dag.py:3096} INFO - Sync 1 DAGs
[2024-04-26T12:37:17.605+0000] {logging_mixin.py:188} INFO - [2024-04-26T12:37:17.605+0000] {dag.py:3954} INFO - Setting next_dagrun for example_display_name to None, run_after=None
[2024-04-26T12:37:17.620+0000] {processor.py:183} INFO - Processing /home/airflow/.local/lib/python3.12/site-packages/airflow/example_dags/example_display_name.py took 0.051 seconds
[2024-04-26T12:37:47.988+0000] {processor.py:161} INFO - Started process (PID=412) to work on /home/airflow/.local/lib/python3.12/site-packages/airflow/example_dags/example_display_name.py
[2024-04-26T12:37:47.989+0000] {processor.py:830} INFO - Processing file /home/airflow/.local/lib/python3.12/site-packages/airflow/example_dags/example_display_name.py for tasks to queue
[2024-04-26T12:37:47.991+0000] {logging_mixin.py:188} INFO - [2024-04-26T12:37:47.990+0000] {dagbag.py:540} INFO - Filling up the DagBag from /home/airflow/.local/lib/python3.12/site-packages/airflow/example_dags/example_display_name.py
[2024-04-26T12:37:47.996+0000] {processor.py:840} INFO - DAG(s) 'example_display_name' retrieved from /home/airflow/.local/lib/python3.12/site-packages/airflow/example_dags/example_display_name.py
[2024-04-26T12:37:48.011+0000] {logging_mixin.py:188} INFO - [2024-04-26T12:37:48.011+0000] {dag.py:3096} INFO - Sync 1 DAGs
[2024-04-26T12:37:48.022+0000] {logging_mixin.py:188} INFO - [2024-04-26T12:37:48.021+0000] {dag.py:3954} INFO - Setting next_dagrun for example_display_name to None, run_after=None
[2024-04-26T12:37:48.036+0000] {processor.py:183} INFO - Processing /home/airflow/.local/lib/python3.12/site-packages/airflow/example_dags/example_display_name.py took 0.052 seconds
[2024-04-26T12:38:18.407+0000] {processor.py:161} INFO - Started process (PID=470) to work on /home/airflow/.local/lib/python3.12/site-packages/airflow/example_dags/example_display_name.py
[2024-04-26T12:38:18.408+0000] {processor.py:830} INFO - Processing file /home/airflow/.local/lib/python3.12/site-packages/airflow/example_dags/example_display_name.py for tasks to queue
[2024-04-26T12:38:18.409+0000] {logging_mixin.py:188} INFO - [2024-04-26T12:38:18.409+0000] {dagbag.py:540} INFO - Filling up the DagBag from /home/airflow/.local/lib/python3.12/site-packages/airflow/example_dags/example_display_name.py
[2024-04-26T12:38:18.414+0000] {processor.py:840} INFO - DAG(s) 'example_display_name' retrieved from /home/airflow/.local/lib/python3.12/site-packages/airflow/example_dags/example_display_name.py
[2024-04-26T12:38:18.428+0000] {logging_mixin.py:188} INFO - [2024-04-26T12:38:18.428+0000] {dag.py:3096} INFO - Sync 1 DAGs
[2024-04-26T12:38:18.439+0000] {logging_mixin.py:188} INFO - [2024-04-26T12:38:18.438+0000] {dag.py:3954} INFO - Setting next_dagrun for example_display_name to None, run_after=None
[2024-04-26T12:38:18.454+0000] {processor.py:183} INFO - Processing /home/airflow/.local/lib/python3.12/site-packages/airflow/example_dags/example_display_name.py took 0.051 seconds
[2024-04-26T12:38:48.793+0000] {processor.py:161} INFO - Started process (PID=528) to work on /home/airflow/.local/lib/python3.12/site-packages/airflow/example_dags/example_display_name.py
[2024-04-26T12:38:48.794+0000] {processor.py:830} INFO - Processing file /home/airflow/.local/lib/python3.12/site-packages/airflow/example_dags/example_display_name.py for tasks to queue
[2024-04-26T12:38:48.796+0000] {logging_mixin.py:188} INFO - [2024-04-26T12:38:48.795+0000] {dagbag.py:540} INFO - Filling up the DagBag from /home/airflow/.local/lib/python3.12/site-packages/airflow/example_dags/example_display_name.py
[2024-04-26T12:38:48.800+0000] {processor.py:840} INFO - DAG(s) 'example_display_name' retrieved from /home/airflow/.local/lib/python3.12/site-packages/airflow/example_dags/example_display_name.py
[2024-04-26T12:38:48.817+0000] {logging_mixin.py:188} INFO - [2024-04-26T12:38:48.817+0000] {dag.py:3096} INFO - Sync 1 DAGs
[2024-04-26T12:38:48.829+0000] {logging_mixin.py:188} INFO - [2024-04-26T12:38:48.829+0000] {dag.py:3954} INFO - Setting next_dagrun for example_display_name to None, run_after=None
[2024-04-26T12:38:48.846+0000] {processor.py:183} INFO - Processing /home/airflow/.local/lib/python3.12/site-packages/airflow/example_dags/example_display_name.py took 0.058 seconds
[2024-04-26T12:39:19.235+0000] {processor.py:161} INFO - Started process (PID=586) to work on /home/airflow/.local/lib/python3.12/site-packages/airflow/example_dags/example_display_name.py
[2024-04-26T12:39:19.236+0000] {processor.py:830} INFO - Processing file /home/airflow/.local/lib/python3.12/site-packages/airflow/example_dags/example_display_name.py for tasks to queue
[2024-04-26T12:39:19.237+0000] {logging_mixin.py:188} INFO - [2024-04-26T12:39:19.237+0000] {dagbag.py:540} INFO - Filling up the DagBag from /home/airflow/.local/lib/python3.12/site-packages/airflow/example_dags/example_display_name.py
[2024-04-26T12:39:19.242+0000] {processor.py:840} INFO - DAG(s) 'example_display_name' retrieved from /home/airflow/.local/lib/python3.12/site-packages/airflow/example_dags/example_display_name.py
[2024-04-26T12:39:19.257+0000] {logging_mixin.py:188} INFO - [2024-04-26T12:39:19.257+0000] {dag.py:3096} INFO - Sync 1 DAGs
[2024-04-26T12:39:19.268+0000] {logging_mixin.py:188} INFO - [2024-04-26T12:39:19.267+0000] {dag.py:3954} INFO - Setting next_dagrun for example_display_name to None, run_after=None
[2024-04-26T12:39:19.284+0000] {processor.py:183} INFO - Processing /home/airflow/.local/lib/python3.12/site-packages/airflow/example_dags/example_display_name.py took 0.053 seconds
[2024-04-26T12:39:49.732+0000] {processor.py:161} INFO - Started process (PID=644) to work on /home/airflow/.local/lib/python3.12/site-packages/airflow/example_dags/example_display_name.py
[2024-04-26T12:39:49.733+0000] {processor.py:830} INFO - Processing file /home/airflow/.local/lib/python3.12/site-packages/airflow/example_dags/example_display_name.py for tasks to queue
[2024-04-26T12:39:49.735+0000] {logging_mixin.py:188} INFO - [2024-04-26T12:39:49.735+0000] {dagbag.py:540} INFO - Filling up the DagBag from /home/airflow/.local/lib/python3.12/site-packages/airflow/example_dags/example_display_name.py
[2024-04-26T12:39:49.739+0000] {processor.py:840} INFO - DAG(s) 'example_display_name' retrieved from /home/airflow/.local/lib/python3.12/site-packages/airflow/example_dags/example_display_name.py
[2024-04-26T12:39:49.754+0000] {logging_mixin.py:188} INFO - [2024-04-26T12:39:49.754+0000] {dag.py:3096} INFO - Sync 1 DAGs
[2024-04-26T12:39:49.765+0000] {logging_mixin.py:188} INFO - [2024-04-26T12:39:49.765+0000] {dag.py:3954} INFO - Setting next_dagrun for example_display_name to None, run_after=None
[2024-04-26T12:39:49.780+0000] {processor.py:183} INFO - Processing /home/airflow/.local/lib/python3.12/site-packages/airflow/example_dags/example_display_name.py took 0.052 seconds
[2024-04-26T12:40:20.159+0000] {processor.py:161} INFO - Started process (PID=702) to work on /home/airflow/.local/lib/python3.12/site-packages/airflow/example_dags/example_display_name.py
[2024-04-26T12:40:20.160+0000] {processor.py:830} INFO - Processing file /home/airflow/.local/lib/python3.12/site-packages/airflow/example_dags/example_display_name.py for tasks to queue
[2024-04-26T12:40:20.161+0000] {logging_mixin.py:188} INFO - [2024-04-26T12:40:20.161+0000] {dagbag.py:540} INFO - Filling up the DagBag from /home/airflow/.local/lib/python3.12/site-packages/airflow/example_dags/example_display_name.py
[2024-04-26T12:40:20.166+0000] {processor.py:840} INFO - DAG(s) 'example_display_name' retrieved from /home/airflow/.local/lib/python3.12/site-packages/airflow/example_dags/example_display_name.py
[2024-04-26T12:40:20.183+0000] {logging_mixin.py:188} INFO - [2024-04-26T12:40:20.183+0000] {dag.py:3096} INFO - Sync 1 DAGs
[2024-04-26T12:40:20.196+0000] {logging_mixin.py:188} INFO - [2024-04-26T12:40:20.195+0000] {dag.py:3954} INFO - Setting next_dagrun for example_display_name to None, run_after=None
[2024-04-26T12:40:20.211+0000] {processor.py:183} INFO - Processing /home/airflow/.local/lib/python3.12/site-packages/airflow/example_dags/example_display_name.py took 0.057 seconds
[2024-04-26T12:40:50.701+0000] {processor.py:161} INFO - Started process (PID=760) to work on /home/airflow/.local/lib/python3.12/site-packages/airflow/example_dags/example_display_name.py
[2024-04-26T12:40:50.702+0000] {processor.py:830} INFO - Processing file /home/airflow/.local/lib/python3.12/site-packages/airflow/example_dags/example_display_name.py for tasks to queue
[2024-04-26T12:40:50.704+0000] {logging_mixin.py:188} INFO - [2024-04-26T12:40:50.704+0000] {dagbag.py:540} INFO - Filling up the DagBag from /home/airflow/.local/lib/python3.12/site-packages/airflow/example_dags/example_display_name.py
[2024-04-26T12:40:50.710+0000] {processor.py:840} INFO - DAG(s) 'example_display_name' retrieved from /home/airflow/.local/lib/python3.12/site-packages/airflow/example_dags/example_display_name.py
[2024-04-26T12:40:50.726+0000] {logging_mixin.py:188} INFO - [2024-04-26T12:40:50.726+0000] {dag.py:3096} INFO - Sync 1 DAGs
[2024-04-26T12:40:50.737+0000] {logging_mixin.py:188} INFO - [2024-04-26T12:40:50.737+0000] {dag.py:3954} INFO - Setting next_dagrun for example_display_name to None, run_after=None
[2024-04-26T12:40:50.753+0000] {processor.py:183} INFO - Processing /home/airflow/.local/lib/python3.12/site-packages/airflow/example_dags/example_display_name.py took 0.056 seconds
[2024-04-26T12:41:21.638+0000] {processor.py:161} INFO - Started process (PID=818) to work on /home/airflow/.local/lib/python3.12/site-packages/airflow/example_dags/example_display_name.py
[2024-04-26T12:41:21.638+0000] {processor.py:830} INFO - Processing file /home/airflow/.local/lib/python3.12/site-packages/airflow/example_dags/example_display_name.py for tasks to queue
[2024-04-26T12:41:21.640+0000] {logging_mixin.py:188} INFO - [2024-04-26T12:41:21.640+0000] {dagbag.py:540} INFO - Filling up the DagBag from /home/airflow/.local/lib/python3.12/site-packages/airflow/example_dags/example_display_name.py
[2024-04-26T12:41:21.645+0000] {processor.py:840} INFO - DAG(s) 'example_display_name' retrieved from /home/airflow/.local/lib/python3.12/site-packages/airflow/example_dags/example_display_name.py
[2024-04-26T12:41:21.661+0000] {logging_mixin.py:188} INFO - [2024-04-26T12:41:21.660+0000] {dag.py:3096} INFO - Sync 1 DAGs
[2024-04-26T12:41:21.671+0000] {logging_mixin.py:188} INFO - [2024-04-26T12:41:21.670+0000] {dag.py:3954} INFO - Setting next_dagrun for example_display_name to None, run_after=None
[2024-04-26T12:41:21.684+0000] {processor.py:183} INFO - Processing /home/airflow/.local/lib/python3.12/site-packages/airflow/example_dags/example_display_name.py took 0.051 seconds
[2024-04-26T12:41:52.828+0000] {processor.py:161} INFO - Started process (PID=876) to work on /home/airflow/.local/lib/python3.12/site-packages/airflow/example_dags/example_display_name.py
[2024-04-26T12:41:52.829+0000] {processor.py:830} INFO - Processing file /home/airflow/.local/lib/python3.12/site-packages/airflow/example_dags/example_display_name.py for tasks to queue
[2024-04-26T12:41:52.830+0000] {logging_mixin.py:188} INFO - [2024-04-26T12:41:52.830+0000] {dagbag.py:540} INFO - Filling up the DagBag from /home/airflow/.local/lib/python3.12/site-packages/airflow/example_dags/example_display_name.py
[2024-04-26T12:41:52.836+0000] {processor.py:840} INFO - DAG(s) 'example_display_name' retrieved from /home/airflow/.local/lib/python3.12/site-packages/airflow/example_dags/example_display_name.py
[2024-04-26T12:41:52.853+0000] {logging_mixin.py:188} INFO - [2024-04-26T12:41:52.852+0000] {dag.py:3096} INFO - Sync 1 DAGs
[2024-04-26T12:41:52.865+0000] {logging_mixin.py:188} INFO - [2024-04-26T12:41:52.865+0000] {dag.py:3954} INFO - Setting next_dagrun for example_display_name to None, run_after=None
[2024-04-26T12:41:52.986+0000] {processor.py:183} INFO - Processing /home/airflow/.local/lib/python3.12/site-packages/airflow/example_dags/example_display_name.py took 0.163 seconds
[2024-04-26T12:42:23.431+0000] {processor.py:161} INFO - Started process (PID=934) to work on /home/airflow/.local/lib/python3.12/site-packages/airflow/example_dags/example_display_name.py
[2024-04-26T12:42:23.432+0000] {processor.py:830} INFO - Processing file /home/airflow/.local/lib/python3.12/site-packages/airflow/example_dags/example_display_name.py for tasks to queue
[2024-04-26T12:42:23.434+0000] {logging_mixin.py:188} INFO - [2024-04-26T12:42:23.434+0000] {dagbag.py:540} INFO - Filling up the DagBag from /home/airflow/.local/lib/python3.12/site-packages/airflow/example_dags/example_display_name.py
[2024-04-26T12:42:23.438+0000] {processor.py:840} INFO - DAG(s) 'example_display_name' retrieved from /home/airflow/.local/lib/python3.12/site-packages/airflow/example_dags/example_display_name.py
[2024-04-26T12:42:23.454+0000] {logging_mixin.py:188} INFO - [2024-04-26T12:42:23.454+0000] {dag.py:3096} INFO - Sync 1 DAGs
[2024-04-26T12:42:23.464+0000] {logging_mixin.py:188} INFO - [2024-04-26T12:42:23.464+0000] {dag.py:3954} INFO - Setting next_dagrun for example_display_name to None, run_after=None
[2024-04-26T12:42:23.479+0000] {processor.py:183} INFO - Processing /home/airflow/.local/lib/python3.12/site-packages/airflow/example_dags/example_display_name.py took 0.052 seconds
[2024-04-26T12:42:54.108+0000] {processor.py:161} INFO - Started process (PID=992) to work on /home/airflow/.local/lib/python3.12/site-packages/airflow/example_dags/example_display_name.py
[2024-04-26T12:42:54.121+0000] {processor.py:830} INFO - Processing file /home/airflow/.local/lib/python3.12/site-packages/airflow/example_dags/example_display_name.py for tasks to queue
[2024-04-26T12:42:54.123+0000] {logging_mixin.py:188} INFO - [2024-04-26T12:42:54.122+0000] {dagbag.py:540} INFO - Filling up the DagBag from /home/airflow/.local/lib/python3.12/site-packages/airflow/example_dags/example_display_name.py
[2024-04-26T12:42:54.130+0000] {processor.py:840} INFO - DAG(s) 'example_display_name' retrieved from /home/airflow/.local/lib/python3.12/site-packages/airflow/example_dags/example_display_name.py
[2024-04-26T12:42:54.148+0000] {logging_mixin.py:188} INFO - [2024-04-26T12:42:54.148+0000] {dag.py:3096} INFO - Sync 1 DAGs
[2024-04-26T12:42:54.162+0000] {logging_mixin.py:188} INFO - [2024-04-26T12:42:54.161+0000] {dag.py:3954} INFO - Setting next_dagrun for example_display_name to None, run_after=None
[2024-04-26T12:42:54.183+0000] {processor.py:183} INFO - Processing /home/airflow/.local/lib/python3.12/site-packages/airflow/example_dags/example_display_name.py took 0.081 seconds
[2024-04-26T12:43:25.045+0000] {processor.py:161} INFO - Started process (PID=1050) to work on /home/airflow/.local/lib/python3.12/site-packages/airflow/example_dags/example_display_name.py
[2024-04-26T12:43:25.046+0000] {processor.py:830} INFO - Processing file /home/airflow/.local/lib/python3.12/site-packages/airflow/example_dags/example_display_name.py for tasks to queue
[2024-04-26T12:43:25.048+0000] {logging_mixin.py:188} INFO - [2024-04-26T12:43:25.048+0000] {dagbag.py:540} INFO - Filling up the DagBag from /home/airflow/.local/lib/python3.12/site-packages/airflow/example_dags/example_display_name.py
[2024-04-26T12:43:25.052+0000] {processor.py:840} INFO - DAG(s) 'example_display_name' retrieved from /home/airflow/.local/lib/python3.12/site-packages/airflow/example_dags/example_display_name.py
[2024-04-26T12:43:25.162+0000] {logging_mixin.py:188} INFO - [2024-04-26T12:43:25.162+0000] {dag.py:3096} INFO - Sync 1 DAGs
[2024-04-26T12:43:25.171+0000] {logging_mixin.py:188} INFO - [2024-04-26T12:43:25.171+0000] {dag.py:3954} INFO - Setting next_dagrun for example_display_name to None, run_after=None
[2024-04-26T12:43:25.184+0000] {processor.py:183} INFO - Processing /home/airflow/.local/lib/python3.12/site-packages/airflow/example_dags/example_display_name.py took 0.143 seconds
[2024-04-26T12:43:55.622+0000] {processor.py:161} INFO - Started process (PID=1108) to work on /home/airflow/.local/lib/python3.12/site-packages/airflow/example_dags/example_display_name.py
[2024-04-26T12:43:55.623+0000] {processor.py:830} INFO - Processing file /home/airflow/.local/lib/python3.12/site-packages/airflow/example_dags/example_display_name.py for tasks to queue
[2024-04-26T12:43:55.624+0000] {logging_mixin.py:188} INFO - [2024-04-26T12:43:55.624+0000] {dagbag.py:540} INFO - Filling up the DagBag from /home/airflow/.local/lib/python3.12/site-packages/airflow/example_dags/example_display_name.py
[2024-04-26T12:43:55.629+0000] {processor.py:840} INFO - DAG(s) 'example_display_name' retrieved from /home/airflow/.local/lib/python3.12/site-packages/airflow/example_dags/example_display_name.py
[2024-04-26T12:43:55.643+0000] {logging_mixin.py:188} INFO - [2024-04-26T12:43:55.643+0000] {dag.py:3096} INFO - Sync 1 DAGs
[2024-04-26T12:43:55.652+0000] {logging_mixin.py:188} INFO - [2024-04-26T12:43:55.652+0000] {dag.py:3954} INFO - Setting next_dagrun for example_display_name to None, run_after=None
[2024-04-26T12:43:55.761+0000] {processor.py:183} INFO - Processing /home/airflow/.local/lib/python3.12/site-packages/airflow/example_dags/example_display_name.py took 0.144 seconds
[2024-04-26T12:44:26.507+0000] {processor.py:161} INFO - Started process (PID=1166) to work on /home/airflow/.local/lib/python3.12/site-packages/airflow/example_dags/example_display_name.py
[2024-04-26T12:44:26.508+0000] {processor.py:830} INFO - Processing file /home/airflow/.local/lib/python3.12/site-packages/airflow/example_dags/example_display_name.py for tasks to queue
[2024-04-26T12:44:26.510+0000] {logging_mixin.py:188} INFO - [2024-04-26T12:44:26.509+0000] {dagbag.py:540} INFO - Filling up the DagBag from /home/airflow/.local/lib/python3.12/site-packages/airflow/example_dags/example_display_name.py
[2024-04-26T12:44:26.515+0000] {processor.py:840} INFO - DAG(s) 'example_display_name' retrieved from /home/airflow/.local/lib/python3.12/site-packages/airflow/example_dags/example_display_name.py
[2024-04-26T12:44:26.531+0000] {logging_mixin.py:188} INFO - [2024-04-26T12:44:26.530+0000] {dag.py:3096} INFO - Sync 1 DAGs
[2024-04-26T12:44:26.542+0000] {logging_mixin.py:188} INFO - [2024-04-26T12:44:26.542+0000] {dag.py:3954} INFO - Setting next_dagrun for example_display_name to None, run_after=None
[2024-04-26T12:44:26.558+0000] {processor.py:183} INFO - Processing /home/airflow/.local/lib/python3.12/site-packages/airflow/example_dags/example_display_name.py took 0.056 seconds
[2024-04-26T12:44:57.143+0000] {processor.py:161} INFO - Started process (PID=1226) to work on /home/airflow/.local/lib/python3.12/site-packages/airflow/example_dags/example_display_name.py
[2024-04-26T12:44:57.144+0000] {processor.py:830} INFO - Processing file /home/airflow/.local/lib/python3.12/site-packages/airflow/example_dags/example_display_name.py for tasks to queue
[2024-04-26T12:44:57.145+0000] {logging_mixin.py:188} INFO - [2024-04-26T12:44:57.145+0000] {dagbag.py:540} INFO - Filling up the DagBag from /home/airflow/.local/lib/python3.12/site-packages/airflow/example_dags/example_display_name.py
[2024-04-26T12:44:57.150+0000] {processor.py:840} INFO - DAG(s) 'example_display_name' retrieved from /home/airflow/.local/lib/python3.12/site-packages/airflow/example_dags/example_display_name.py
[2024-04-26T12:44:57.164+0000] {logging_mixin.py:188} INFO - [2024-04-26T12:44:57.164+0000] {dag.py:3096} INFO - Sync 1 DAGs
[2024-04-26T12:44:57.175+0000] {logging_mixin.py:188} INFO - [2024-04-26T12:44:57.175+0000] {dag.py:3954} INFO - Setting next_dagrun for example_display_name to None, run_after=None
[2024-04-26T12:44:57.192+0000] {processor.py:183} INFO - Processing /home/airflow/.local/lib/python3.12/site-packages/airflow/example_dags/example_display_name.py took 0.055 seconds
[2024-04-26T12:45:27.623+0000] {processor.py:161} INFO - Started process (PID=1286) to work on /home/airflow/.local/lib/python3.12/site-packages/airflow/example_dags/example_display_name.py
[2024-04-26T12:45:27.624+0000] {processor.py:830} INFO - Processing file /home/airflow/.local/lib/python3.12/site-packages/airflow/example_dags/example_display_name.py for tasks to queue
[2024-04-26T12:45:27.625+0000] {logging_mixin.py:188} INFO - [2024-04-26T12:45:27.625+0000] {dagbag.py:540} INFO - Filling up the DagBag from /home/airflow/.local/lib/python3.12/site-packages/airflow/example_dags/example_display_name.py
[2024-04-26T12:45:27.629+0000] {processor.py:840} INFO - DAG(s) 'example_display_name' retrieved from /home/airflow/.local/lib/python3.12/site-packages/airflow/example_dags/example_display_name.py
[2024-04-26T12:45:27.645+0000] {logging_mixin.py:188} INFO - [2024-04-26T12:45:27.644+0000] {dag.py:3096} INFO - Sync 1 DAGs
[2024-04-26T12:45:27.655+0000] {logging_mixin.py:188} INFO - [2024-04-26T12:45:27.655+0000] {dag.py:3954} INFO - Setting next_dagrun for example_display_name to None, run_after=None
[2024-04-26T12:45:27.671+0000] {processor.py:183} INFO - Processing /home/airflow/.local/lib/python3.12/site-packages/airflow/example_dags/example_display_name.py took 0.054 seconds
[2024-04-26T12:45:58.164+0000] {processor.py:161} INFO - Started process (PID=1348) to work on /home/airflow/.local/lib/python3.12/site-packages/airflow/example_dags/example_display_name.py
[2024-04-26T12:45:58.165+0000] {processor.py:830} INFO - Processing file /home/airflow/.local/lib/python3.12/site-packages/airflow/example_dags/example_display_name.py for tasks to queue
[2024-04-26T12:45:58.167+0000] {logging_mixin.py:188} INFO - [2024-04-26T12:45:58.166+0000] {dagbag.py:540} INFO - Filling up the DagBag from /home/airflow/.local/lib/python3.12/site-packages/airflow/example_dags/example_display_name.py
[2024-04-26T12:45:58.171+0000] {processor.py:840} INFO - DAG(s) 'example_display_name' retrieved from /home/airflow/.local/lib/python3.12/site-packages/airflow/example_dags/example_display_name.py
[2024-04-26T12:45:58.185+0000] {logging_mixin.py:188} INFO - [2024-04-26T12:45:58.185+0000] {dag.py:3096} INFO - Sync 1 DAGs
[2024-04-26T12:45:58.196+0000] {logging_mixin.py:188} INFO - [2024-04-26T12:45:58.196+0000] {dag.py:3954} INFO - Setting next_dagrun for example_display_name to None, run_after=None
[2024-04-26T12:45:58.212+0000] {processor.py:183} INFO - Processing /home/airflow/.local/lib/python3.12/site-packages/airflow/example_dags/example_display_name.py took 0.052 seconds
[2024-04-26T12:46:28.910+0000] {processor.py:161} INFO - Started process (PID=1410) to work on /home/airflow/.local/lib/python3.12/site-packages/airflow/example_dags/example_display_name.py
[2024-04-26T12:46:28.911+0000] {processor.py:830} INFO - Processing file /home/airflow/.local/lib/python3.12/site-packages/airflow/example_dags/example_display_name.py for tasks to queue
[2024-04-26T12:46:28.913+0000] {logging_mixin.py:188} INFO - [2024-04-26T12:46:28.913+0000] {dagbag.py:540} INFO - Filling up the DagBag from /home/airflow/.local/lib/python3.12/site-packages/airflow/example_dags/example_display_name.py
[2024-04-26T12:46:28.917+0000] {processor.py:840} INFO - DAG(s) 'example_display_name' retrieved from /home/airflow/.local/lib/python3.12/site-packages/airflow/example_dags/example_display_name.py
[2024-04-26T12:46:28.935+0000] {logging_mixin.py:188} INFO - [2024-04-26T12:46:28.935+0000] {dag.py:3096} INFO - Sync 1 DAGs
[2024-04-26T12:46:28.949+0000] {logging_mixin.py:188} INFO - [2024-04-26T12:46:28.949+0000] {dag.py:3954} INFO - Setting next_dagrun for example_display_name to None, run_after=None
[2024-04-26T12:46:28.975+0000] {processor.py:183} INFO - Processing /home/airflow/.local/lib/python3.12/site-packages/airflow/example_dags/example_display_name.py took 0.070 seconds
[2024-04-26T12:46:59.366+0000] {processor.py:161} INFO - Started process (PID=1470) to work on /home/airflow/.local/lib/python3.12/site-packages/airflow/example_dags/example_display_name.py
[2024-04-26T12:46:59.367+0000] {processor.py:830} INFO - Processing file /home/airflow/.local/lib/python3.12/site-packages/airflow/example_dags/example_display_name.py for tasks to queue
[2024-04-26T12:46:59.368+0000] {logging_mixin.py:188} INFO - [2024-04-26T12:46:59.368+0000] {dagbag.py:540} INFO - Filling up the DagBag from /home/airflow/.local/lib/python3.12/site-packages/airflow/example_dags/example_display_name.py
[2024-04-26T12:46:59.372+0000] {processor.py:840} INFO - DAG(s) 'example_display_name' retrieved from /home/airflow/.local/lib/python3.12/site-packages/airflow/example_dags/example_display_name.py
[2024-04-26T12:46:59.388+0000] {logging_mixin.py:188} INFO - [2024-04-26T12:46:59.388+0000] {dag.py:3096} INFO - Sync 1 DAGs
[2024-04-26T12:46:59.399+0000] {logging_mixin.py:188} INFO - [2024-04-26T12:46:59.398+0000] {dag.py:3954} INFO - Setting next_dagrun for example_display_name to None, run_after=None
[2024-04-26T12:46:59.414+0000] {processor.py:183} INFO - Processing /home/airflow/.local/lib/python3.12/site-packages/airflow/example_dags/example_display_name.py took 0.053 seconds
[2024-04-26T12:47:29.719+0000] {processor.py:161} INFO - Started process (PID=1530) to work on /home/airflow/.local/lib/python3.12/site-packages/airflow/example_dags/example_display_name.py
[2024-04-26T12:47:29.720+0000] {processor.py:830} INFO - Processing file /home/airflow/.local/lib/python3.12/site-packages/airflow/example_dags/example_display_name.py for tasks to queue
[2024-04-26T12:47:29.722+0000] {logging_mixin.py:188} INFO - [2024-04-26T12:47:29.721+0000] {dagbag.py:540} INFO - Filling up the DagBag from /home/airflow/.local/lib/python3.12/site-packages/airflow/example_dags/example_display_name.py
[2024-04-26T12:47:29.727+0000] {processor.py:840} INFO - DAG(s) 'example_display_name' retrieved from /home/airflow/.local/lib/python3.12/site-packages/airflow/example_dags/example_display_name.py
[2024-04-26T12:47:29.744+0000] {logging_mixin.py:188} INFO - [2024-04-26T12:47:29.744+0000] {dag.py:3096} INFO - Sync 1 DAGs
[2024-04-26T12:47:29.756+0000] {logging_mixin.py:188} INFO - [2024-04-26T12:47:29.756+0000] {dag.py:3954} INFO - Setting next_dagrun for example_display_name to None, run_after=None
[2024-04-26T12:47:29.773+0000] {processor.py:183} INFO - Processing /home/airflow/.local/lib/python3.12/site-packages/airflow/example_dags/example_display_name.py took 0.058 seconds
[2024-04-26T12:48:00.110+0000] {processor.py:161} INFO - Started process (PID=1596) to work on /home/airflow/.local/lib/python3.12/site-packages/airflow/example_dags/example_display_name.py
[2024-04-26T12:48:00.111+0000] {processor.py:830} INFO - Processing file /home/airflow/.local/lib/python3.12/site-packages/airflow/example_dags/example_display_name.py for tasks to queue
[2024-04-26T12:48:00.112+0000] {logging_mixin.py:188} INFO - [2024-04-26T12:48:00.112+0000] {dagbag.py:540} INFO - Filling up the DagBag from /home/airflow/.local/lib/python3.12/site-packages/airflow/example_dags/example_display_name.py
[2024-04-26T12:48:00.116+0000] {processor.py:840} INFO - DAG(s) 'example_display_name' retrieved from /home/airflow/.local/lib/python3.12/site-packages/airflow/example_dags/example_display_name.py
[2024-04-26T12:48:00.131+0000] {logging_mixin.py:188} INFO - [2024-04-26T12:48:00.131+0000] {dag.py:3096} INFO - Sync 1 DAGs
[2024-04-26T12:48:00.141+0000] {logging_mixin.py:188} INFO - [2024-04-26T12:48:00.141+0000] {dag.py:3954} INFO - Setting next_dagrun for example_display_name to None, run_after=None
[2024-04-26T12:48:00.156+0000] {processor.py:183} INFO - Processing /home/airflow/.local/lib/python3.12/site-packages/airflow/example_dags/example_display_name.py took 0.051 seconds
[2024-04-26T12:48:30.487+0000] {processor.py:161} INFO - Started process (PID=1656) to work on /home/airflow/.local/lib/python3.12/site-packages/airflow/example_dags/example_display_name.py
[2024-04-26T12:48:30.488+0000] {processor.py:830} INFO - Processing file /home/airflow/.local/lib/python3.12/site-packages/airflow/example_dags/example_display_name.py for tasks to queue
[2024-04-26T12:48:30.489+0000] {logging_mixin.py:188} INFO - [2024-04-26T12:48:30.489+0000] {dagbag.py:540} INFO - Filling up the DagBag from /home/airflow/.local/lib/python3.12/site-packages/airflow/example_dags/example_display_name.py
[2024-04-26T12:48:30.494+0000] {processor.py:840} INFO - DAG(s) 'example_display_name' retrieved from /home/airflow/.local/lib/python3.12/site-packages/airflow/example_dags/example_display_name.py
[2024-04-26T12:48:30.509+0000] {logging_mixin.py:188} INFO - [2024-04-26T12:48:30.509+0000] {dag.py:3096} INFO - Sync 1 DAGs
[2024-04-26T12:48:30.519+0000] {logging_mixin.py:188} INFO - [2024-04-26T12:48:30.518+0000] {dag.py:3954} INFO - Setting next_dagrun for example_display_name to None, run_after=None
[2024-04-26T12:48:30.535+0000] {processor.py:183} INFO - Processing /home/airflow/.local/lib/python3.12/site-packages/airflow/example_dags/example_display_name.py took 0.052 seconds
[2024-04-26T12:49:00.969+0000] {processor.py:161} INFO - Started process (PID=1716) to work on /home/airflow/.local/lib/python3.12/site-packages/airflow/example_dags/example_display_name.py
[2024-04-26T12:49:00.970+0000] {processor.py:830} INFO - Processing file /home/airflow/.local/lib/python3.12/site-packages/airflow/example_dags/example_display_name.py for tasks to queue
[2024-04-26T12:49:00.971+0000] {logging_mixin.py:188} INFO - [2024-04-26T12:49:00.971+0000] {dagbag.py:540} INFO - Filling up the DagBag from /home/airflow/.local/lib/python3.12/site-packages/airflow/example_dags/example_display_name.py
[2024-04-26T12:49:00.976+0000] {processor.py:840} INFO - DAG(s) 'example_display_name' retrieved from /home/airflow/.local/lib/python3.12/site-packages/airflow/example_dags/example_display_name.py
[2024-04-26T12:49:00.991+0000] {logging_mixin.py:188} INFO - [2024-04-26T12:49:00.991+0000] {dag.py:3096} INFO - Sync 1 DAGs
[2024-04-26T12:49:01.002+0000] {logging_mixin.py:188} INFO - [2024-04-26T12:49:01.001+0000] {dag.py:3954} INFO - Setting next_dagrun for example_display_name to None, run_after=None
[2024-04-26T12:49:01.019+0000] {processor.py:183} INFO - Processing /home/airflow/.local/lib/python3.12/site-packages/airflow/example_dags/example_display_name.py took 0.055 seconds
[2024-04-26T12:49:31.578+0000] {processor.py:161} INFO - Started process (PID=1818) to work on /home/airflow/.local/lib/python3.12/site-packages/airflow/example_dags/example_display_name.py
[2024-04-26T12:49:31.579+0000] {processor.py:830} INFO - Processing file /home/airflow/.local/lib/python3.12/site-packages/airflow/example_dags/example_display_name.py for tasks to queue
[2024-04-26T12:49:31.581+0000] {logging_mixin.py:188} INFO - [2024-04-26T12:49:31.581+0000] {dagbag.py:540} INFO - Filling up the DagBag from /home/airflow/.local/lib/python3.12/site-packages/airflow/example_dags/example_display_name.py
[2024-04-26T12:49:31.587+0000] {processor.py:840} INFO - DAG(s) 'example_display_name' retrieved from /home/airflow/.local/lib/python3.12/site-packages/airflow/example_dags/example_display_name.py
[2024-04-26T12:49:31.607+0000] {logging_mixin.py:188} INFO - [2024-04-26T12:49:31.606+0000] {dag.py:3096} INFO - Sync 1 DAGs
[2024-04-26T12:49:31.625+0000] {logging_mixin.py:188} INFO - [2024-04-26T12:49:31.625+0000] {dag.py:3954} INFO - Setting next_dagrun for example_display_name to None, run_after=None
[2024-04-26T12:49:31.649+0000] {processor.py:183} INFO - Processing /home/airflow/.local/lib/python3.12/site-packages/airflow/example_dags/example_display_name.py took 0.076 seconds
[2024-04-26T12:50:02.572+0000] {processor.py:161} INFO - Started process (PID=2050) to work on /home/airflow/.local/lib/python3.12/site-packages/airflow/example_dags/example_display_name.py
[2024-04-26T12:50:02.573+0000] {processor.py:830} INFO - Processing file /home/airflow/.local/lib/python3.12/site-packages/airflow/example_dags/example_display_name.py for tasks to queue
[2024-04-26T12:50:02.575+0000] {logging_mixin.py:188} INFO - [2024-04-26T12:50:02.575+0000] {dagbag.py:540} INFO - Filling up the DagBag from /home/airflow/.local/lib/python3.12/site-packages/airflow/example_dags/example_display_name.py
[2024-04-26T12:50:02.579+0000] {processor.py:840} INFO - DAG(s) 'example_display_name' retrieved from /home/airflow/.local/lib/python3.12/site-packages/airflow/example_dags/example_display_name.py
[2024-04-26T12:50:02.594+0000] {logging_mixin.py:188} INFO - [2024-04-26T12:50:02.594+0000] {dag.py:3096} INFO - Sync 1 DAGs
[2024-04-26T12:50:02.605+0000] {logging_mixin.py:188} INFO - [2024-04-26T12:50:02.604+0000] {dag.py:3954} INFO - Setting next_dagrun for example_display_name to None, run_after=None
[2024-04-26T12:50:02.621+0000] {processor.py:183} INFO - Processing /home/airflow/.local/lib/python3.12/site-packages/airflow/example_dags/example_display_name.py took 0.054 seconds
[2024-04-26T12:50:33.309+0000] {processor.py:161} INFO - Started process (PID=2330) to work on /home/airflow/.local/lib/python3.12/site-packages/airflow/example_dags/example_display_name.py
[2024-04-26T12:50:33.311+0000] {processor.py:830} INFO - Processing file /home/airflow/.local/lib/python3.12/site-packages/airflow/example_dags/example_display_name.py for tasks to queue
[2024-04-26T12:50:33.315+0000] {logging_mixin.py:188} INFO - [2024-04-26T12:50:33.314+0000] {dagbag.py:540} INFO - Filling up the DagBag from /home/airflow/.local/lib/python3.12/site-packages/airflow/example_dags/example_display_name.py
[2024-04-26T12:50:33.323+0000] {processor.py:840} INFO - DAG(s) 'example_display_name' retrieved from /home/airflow/.local/lib/python3.12/site-packages/airflow/example_dags/example_display_name.py
[2024-04-26T12:50:33.349+0000] {logging_mixin.py:188} INFO - [2024-04-26T12:50:33.348+0000] {dag.py:3096} INFO - Sync 1 DAGs
[2024-04-26T12:50:33.368+0000] {logging_mixin.py:188} INFO - [2024-04-26T12:50:33.368+0000] {dag.py:3954} INFO - Setting next_dagrun for example_display_name to None, run_after=None
[2024-04-26T12:50:33.396+0000] {processor.py:183} INFO - Processing /home/airflow/.local/lib/python3.12/site-packages/airflow/example_dags/example_display_name.py took 0.097 seconds
[2024-04-26T12:51:03.528+0000] {processor.py:161} INFO - Started process (PID=2570) to work on /home/airflow/.local/lib/python3.12/site-packages/airflow/example_dags/example_display_name.py
[2024-04-26T12:51:03.529+0000] {processor.py:830} INFO - Processing file /home/airflow/.local/lib/python3.12/site-packages/airflow/example_dags/example_display_name.py for tasks to queue
[2024-04-26T12:51:03.531+0000] {logging_mixin.py:188} INFO - [2024-04-26T12:51:03.531+0000] {dagbag.py:540} INFO - Filling up the DagBag from /home/airflow/.local/lib/python3.12/site-packages/airflow/example_dags/example_display_name.py
[2024-04-26T12:51:03.538+0000] {processor.py:840} INFO - DAG(s) 'example_display_name' retrieved from /home/airflow/.local/lib/python3.12/site-packages/airflow/example_dags/example_display_name.py
[2024-04-26T12:51:03.569+0000] {logging_mixin.py:188} INFO - [2024-04-26T12:51:03.569+0000] {dag.py:3096} INFO - Sync 1 DAGs
[2024-04-26T12:51:03.590+0000] {logging_mixin.py:188} INFO - [2024-04-26T12:51:03.590+0000] {dag.py:3954} INFO - Setting next_dagrun for example_display_name to None, run_after=None
[2024-04-26T12:51:03.629+0000] {processor.py:183} INFO - Processing /home/airflow/.local/lib/python3.12/site-packages/airflow/example_dags/example_display_name.py took 0.108 seconds
[2024-04-26T12:51:34.270+0000] {processor.py:161} INFO - Started process (PID=2810) to work on /home/airflow/.local/lib/python3.12/site-packages/airflow/example_dags/example_display_name.py
[2024-04-26T12:51:34.272+0000] {processor.py:830} INFO - Processing file /home/airflow/.local/lib/python3.12/site-packages/airflow/example_dags/example_display_name.py for tasks to queue
[2024-04-26T12:51:34.274+0000] {logging_mixin.py:188} INFO - [2024-04-26T12:51:34.274+0000] {dagbag.py:540} INFO - Filling up the DagBag from /home/airflow/.local/lib/python3.12/site-packages/airflow/example_dags/example_display_name.py
[2024-04-26T12:51:34.283+0000] {processor.py:840} INFO - DAG(s) 'example_display_name' retrieved from /home/airflow/.local/lib/python3.12/site-packages/airflow/example_dags/example_display_name.py
[2024-04-26T12:51:34.309+0000] {logging_mixin.py:188} INFO - [2024-04-26T12:51:34.309+0000] {dag.py:3096} INFO - Sync 1 DAGs
[2024-04-26T12:51:34.328+0000] {logging_mixin.py:188} INFO - [2024-04-26T12:51:34.327+0000] {dag.py:3954} INFO - Setting next_dagrun for example_display_name to None, run_after=None
[2024-04-26T12:51:34.354+0000] {processor.py:183} INFO - Processing /home/airflow/.local/lib/python3.12/site-packages/airflow/example_dags/example_display_name.py took 0.092 seconds
[2024-04-26T12:52:04.753+0000] {processor.py:161} INFO - Started process (PID=3054) to work on /home/airflow/.local/lib/python3.12/site-packages/airflow/example_dags/example_display_name.py
[2024-04-26T12:52:04.754+0000] {processor.py:830} INFO - Processing file /home/airflow/.local/lib/python3.12/site-packages/airflow/example_dags/example_display_name.py for tasks to queue
[2024-04-26T12:52:04.757+0000] {logging_mixin.py:188} INFO - [2024-04-26T12:52:04.756+0000] {dagbag.py:540} INFO - Filling up the DagBag from /home/airflow/.local/lib/python3.12/site-packages/airflow/example_dags/example_display_name.py
[2024-04-26T12:52:04.764+0000] {processor.py:840} INFO - DAG(s) 'example_display_name' retrieved from /home/airflow/.local/lib/python3.12/site-packages/airflow/example_dags/example_display_name.py
[2024-04-26T12:52:04.787+0000] {logging_mixin.py:188} INFO - [2024-04-26T12:52:04.787+0000] {dag.py:3096} INFO - Sync 1 DAGs
[2024-04-26T12:52:04.805+0000] {logging_mixin.py:188} INFO - [2024-04-26T12:52:04.805+0000] {dag.py:3954} INFO - Setting next_dagrun for example_display_name to None, run_after=None
[2024-04-26T12:52:04.832+0000] {processor.py:183} INFO - Processing /home/airflow/.local/lib/python3.12/site-packages/airflow/example_dags/example_display_name.py took 0.086 seconds
[2024-04-26T12:52:34.891+0000] {processor.py:161} INFO - Started process (PID=3310) to work on /home/airflow/.local/lib/python3.12/site-packages/airflow/example_dags/example_display_name.py
[2024-04-26T12:52:34.892+0000] {processor.py:830} INFO - Processing file /home/airflow/.local/lib/python3.12/site-packages/airflow/example_dags/example_display_name.py for tasks to queue
[2024-04-26T12:52:34.894+0000] {logging_mixin.py:188} INFO - [2024-04-26T12:52:34.893+0000] {dagbag.py:540} INFO - Filling up the DagBag from /home/airflow/.local/lib/python3.12/site-packages/airflow/example_dags/example_display_name.py
[2024-04-26T12:52:34.899+0000] {processor.py:840} INFO - DAG(s) 'example_display_name' retrieved from /home/airflow/.local/lib/python3.12/site-packages/airflow/example_dags/example_display_name.py
[2024-04-26T12:52:34.918+0000] {logging_mixin.py:188} INFO - [2024-04-26T12:52:34.918+0000] {dag.py:3096} INFO - Sync 1 DAGs
[2024-04-26T12:52:34.930+0000] {logging_mixin.py:188} INFO - [2024-04-26T12:52:34.929+0000] {dag.py:3954} INFO - Setting next_dagrun for example_display_name to None, run_after=None
[2024-04-26T12:52:34.945+0000] {processor.py:183} INFO - Processing /home/airflow/.local/lib/python3.12/site-packages/airflow/example_dags/example_display_name.py took 0.060 seconds
[2024-04-26T12:53:05.313+0000] {processor.py:161} INFO - Started process (PID=3566) to work on /home/airflow/.local/lib/python3.12/site-packages/airflow/example_dags/example_display_name.py
[2024-04-26T12:53:05.315+0000] {processor.py:830} INFO - Processing file /home/airflow/.local/lib/python3.12/site-packages/airflow/example_dags/example_display_name.py for tasks to queue
[2024-04-26T12:53:05.317+0000] {logging_mixin.py:188} INFO - [2024-04-26T12:53:05.317+0000] {dagbag.py:540} INFO - Filling up the DagBag from /home/airflow/.local/lib/python3.12/site-packages/airflow/example_dags/example_display_name.py
[2024-04-26T12:53:05.325+0000] {processor.py:840} INFO - DAG(s) 'example_display_name' retrieved from /home/airflow/.local/lib/python3.12/site-packages/airflow/example_dags/example_display_name.py
[2024-04-26T12:53:05.348+0000] {logging_mixin.py:188} INFO - [2024-04-26T12:53:05.347+0000] {dag.py:3096} INFO - Sync 1 DAGs
[2024-04-26T12:53:05.367+0000] {logging_mixin.py:188} INFO - [2024-04-26T12:53:05.367+0000] {dag.py:3954} INFO - Setting next_dagrun for example_display_name to None, run_after=None
[2024-04-26T12:53:05.398+0000] {processor.py:183} INFO - Processing /home/airflow/.local/lib/python3.12/site-packages/airflow/example_dags/example_display_name.py took 0.093 seconds
[2024-04-26T12:53:35.502+0000] {processor.py:161} INFO - Started process (PID=3794) to work on /home/airflow/.local/lib/python3.12/site-packages/airflow/example_dags/example_display_name.py
[2024-04-26T12:53:35.502+0000] {processor.py:830} INFO - Processing file /home/airflow/.local/lib/python3.12/site-packages/airflow/example_dags/example_display_name.py for tasks to queue
[2024-04-26T12:53:35.504+0000] {logging_mixin.py:188} INFO - [2024-04-26T12:53:35.504+0000] {dagbag.py:540} INFO - Filling up the DagBag from /home/airflow/.local/lib/python3.12/site-packages/airflow/example_dags/example_display_name.py
[2024-04-26T12:53:35.510+0000] {processor.py:840} INFO - DAG(s) 'example_display_name' retrieved from /home/airflow/.local/lib/python3.12/site-packages/airflow/example_dags/example_display_name.py
[2024-04-26T12:53:35.531+0000] {logging_mixin.py:188} INFO - [2024-04-26T12:53:35.530+0000] {dag.py:3096} INFO - Sync 1 DAGs
[2024-04-26T12:53:35.546+0000] {logging_mixin.py:188} INFO - [2024-04-26T12:53:35.545+0000] {dag.py:3954} INFO - Setting next_dagrun for example_display_name to None, run_after=None
[2024-04-26T12:53:35.567+0000] {processor.py:183} INFO - Processing /home/airflow/.local/lib/python3.12/site-packages/airflow/example_dags/example_display_name.py took 0.071 seconds
[2024-04-26T12:54:05.941+0000] {processor.py:161} INFO - Started process (PID=3858) to work on /home/airflow/.local/lib/python3.12/site-packages/airflow/example_dags/example_display_name.py
[2024-04-26T12:54:05.941+0000] {processor.py:830} INFO - Processing file /home/airflow/.local/lib/python3.12/site-packages/airflow/example_dags/example_display_name.py for tasks to queue
[2024-04-26T12:54:05.943+0000] {logging_mixin.py:188} INFO - [2024-04-26T12:54:05.943+0000] {dagbag.py:540} INFO - Filling up the DagBag from /home/airflow/.local/lib/python3.12/site-packages/airflow/example_dags/example_display_name.py
[2024-04-26T12:54:05.948+0000] {processor.py:840} INFO - DAG(s) 'example_display_name' retrieved from /home/airflow/.local/lib/python3.12/site-packages/airflow/example_dags/example_display_name.py
[2024-04-26T12:54:05.964+0000] {logging_mixin.py:188} INFO - [2024-04-26T12:54:05.964+0000] {dag.py:3096} INFO - Sync 1 DAGs
[2024-04-26T12:54:05.974+0000] {logging_mixin.py:188} INFO - [2024-04-26T12:54:05.973+0000] {dag.py:3954} INFO - Setting next_dagrun for example_display_name to None, run_after=None
[2024-04-26T12:54:05.989+0000] {processor.py:183} INFO - Processing /home/airflow/.local/lib/python3.12/site-packages/airflow/example_dags/example_display_name.py took 0.053 seconds
[2024-04-26T12:54:36.255+0000] {processor.py:161} INFO - Started process (PID=3918) to work on /home/airflow/.local/lib/python3.12/site-packages/airflow/example_dags/example_display_name.py
[2024-04-26T12:54:36.256+0000] {processor.py:830} INFO - Processing file /home/airflow/.local/lib/python3.12/site-packages/airflow/example_dags/example_display_name.py for tasks to queue
[2024-04-26T12:54:36.258+0000] {logging_mixin.py:188} INFO - [2024-04-26T12:54:36.258+0000] {dagbag.py:540} INFO - Filling up the DagBag from /home/airflow/.local/lib/python3.12/site-packages/airflow/example_dags/example_display_name.py
[2024-04-26T12:54:36.262+0000] {processor.py:840} INFO - DAG(s) 'example_display_name' retrieved from /home/airflow/.local/lib/python3.12/site-packages/airflow/example_dags/example_display_name.py
[2024-04-26T12:54:36.278+0000] {logging_mixin.py:188} INFO - [2024-04-26T12:54:36.277+0000] {dag.py:3096} INFO - Sync 1 DAGs
[2024-04-26T12:54:36.289+0000] {logging_mixin.py:188} INFO - [2024-04-26T12:54:36.288+0000] {dag.py:3954} INFO - Setting next_dagrun for example_display_name to None, run_after=None
[2024-04-26T12:54:36.304+0000] {processor.py:183} INFO - Processing /home/airflow/.local/lib/python3.12/site-packages/airflow/example_dags/example_display_name.py took 0.053 seconds
[2024-04-26T12:55:06.798+0000] {processor.py:161} INFO - Started process (PID=3978) to work on /home/airflow/.local/lib/python3.12/site-packages/airflow/example_dags/example_display_name.py
[2024-04-26T12:55:06.799+0000] {processor.py:830} INFO - Processing file /home/airflow/.local/lib/python3.12/site-packages/airflow/example_dags/example_display_name.py for tasks to queue
[2024-04-26T12:55:06.801+0000] {logging_mixin.py:188} INFO - [2024-04-26T12:55:06.800+0000] {dagbag.py:540} INFO - Filling up the DagBag from /home/airflow/.local/lib/python3.12/site-packages/airflow/example_dags/example_display_name.py
[2024-04-26T12:55:06.805+0000] {processor.py:840} INFO - DAG(s) 'example_display_name' retrieved from /home/airflow/.local/lib/python3.12/site-packages/airflow/example_dags/example_display_name.py
[2024-04-26T12:55:06.820+0000] {logging_mixin.py:188} INFO - [2024-04-26T12:55:06.820+0000] {dag.py:3096} INFO - Sync 1 DAGs
[2024-04-26T12:55:06.832+0000] {logging_mixin.py:188} INFO - [2024-04-26T12:55:06.831+0000] {dag.py:3954} INFO - Setting next_dagrun for example_display_name to None, run_after=None
[2024-04-26T12:55:06.846+0000] {processor.py:183} INFO - Processing /home/airflow/.local/lib/python3.12/site-packages/airflow/example_dags/example_display_name.py took 0.052 seconds
[2024-04-26T12:55:37.261+0000] {processor.py:161} INFO - Started process (PID=4038) to work on /home/airflow/.local/lib/python3.12/site-packages/airflow/example_dags/example_display_name.py
[2024-04-26T12:55:37.262+0000] {processor.py:830} INFO - Processing file /home/airflow/.local/lib/python3.12/site-packages/airflow/example_dags/example_display_name.py for tasks to queue
[2024-04-26T12:55:37.264+0000] {logging_mixin.py:188} INFO - [2024-04-26T12:55:37.264+0000] {dagbag.py:540} INFO - Filling up the DagBag from /home/airflow/.local/lib/python3.12/site-packages/airflow/example_dags/example_display_name.py
[2024-04-26T12:55:37.269+0000] {processor.py:840} INFO - DAG(s) 'example_display_name' retrieved from /home/airflow/.local/lib/python3.12/site-packages/airflow/example_dags/example_display_name.py
[2024-04-26T12:55:37.284+0000] {logging_mixin.py:188} INFO - [2024-04-26T12:55:37.284+0000] {dag.py:3096} INFO - Sync 1 DAGs
[2024-04-26T12:55:37.295+0000] {logging_mixin.py:188} INFO - [2024-04-26T12:55:37.295+0000] {dag.py:3954} INFO - Setting next_dagrun for example_display_name to None, run_after=None
[2024-04-26T12:55:37.310+0000] {processor.py:183} INFO - Processing /home/airflow/.local/lib/python3.12/site-packages/airflow/example_dags/example_display_name.py took 0.054 seconds
[2024-04-26T12:56:07.707+0000] {processor.py:161} INFO - Started process (PID=4102) to work on /home/airflow/.local/lib/python3.12/site-packages/airflow/example_dags/example_display_name.py
[2024-04-26T12:56:07.707+0000] {processor.py:830} INFO - Processing file /home/airflow/.local/lib/python3.12/site-packages/airflow/example_dags/example_display_name.py for tasks to queue
[2024-04-26T12:56:07.709+0000] {logging_mixin.py:188} INFO - [2024-04-26T12:56:07.709+0000] {dagbag.py:540} INFO - Filling up the DagBag from /home/airflow/.local/lib/python3.12/site-packages/airflow/example_dags/example_display_name.py
[2024-04-26T12:56:07.713+0000] {processor.py:840} INFO - DAG(s) 'example_display_name' retrieved from /home/airflow/.local/lib/python3.12/site-packages/airflow/example_dags/example_display_name.py
[2024-04-26T12:56:07.730+0000] {logging_mixin.py:188} INFO - [2024-04-26T12:56:07.730+0000] {dag.py:3096} INFO - Sync 1 DAGs
[2024-04-26T12:56:07.741+0000] {logging_mixin.py:188} INFO - [2024-04-26T12:56:07.741+0000] {dag.py:3954} INFO - Setting next_dagrun for example_display_name to None, run_after=None
[2024-04-26T12:56:07.756+0000] {processor.py:183} INFO - Processing /home/airflow/.local/lib/python3.12/site-packages/airflow/example_dags/example_display_name.py took 0.054 seconds
[2024-04-26T12:56:38.114+0000] {processor.py:161} INFO - Started process (PID=4162) to work on /home/airflow/.local/lib/python3.12/site-packages/airflow/example_dags/example_display_name.py
[2024-04-26T12:56:38.115+0000] {processor.py:830} INFO - Processing file /home/airflow/.local/lib/python3.12/site-packages/airflow/example_dags/example_display_name.py for tasks to queue
[2024-04-26T12:56:38.117+0000] {logging_mixin.py:188} INFO - [2024-04-26T12:56:38.116+0000] {dagbag.py:540} INFO - Filling up the DagBag from /home/airflow/.local/lib/python3.12/site-packages/airflow/example_dags/example_display_name.py
[2024-04-26T12:56:38.121+0000] {processor.py:840} INFO - DAG(s) 'example_display_name' retrieved from /home/airflow/.local/lib/python3.12/site-packages/airflow/example_dags/example_display_name.py
[2024-04-26T12:56:38.138+0000] {logging_mixin.py:188} INFO - [2024-04-26T12:56:38.138+0000] {dag.py:3096} INFO - Sync 1 DAGs
[2024-04-26T12:56:38.149+0000] {logging_mixin.py:188} INFO - [2024-04-26T12:56:38.149+0000] {dag.py:3954} INFO - Setting next_dagrun for example_display_name to None, run_after=None
[2024-04-26T12:56:38.165+0000] {processor.py:183} INFO - Processing /home/airflow/.local/lib/python3.12/site-packages/airflow/example_dags/example_display_name.py took 0.055 seconds
[2024-04-26T12:57:08.602+0000] {processor.py:161} INFO - Started process (PID=4222) to work on /home/airflow/.local/lib/python3.12/site-packages/airflow/example_dags/example_display_name.py
[2024-04-26T12:57:08.603+0000] {processor.py:830} INFO - Processing file /home/airflow/.local/lib/python3.12/site-packages/airflow/example_dags/example_display_name.py for tasks to queue
[2024-04-26T12:57:08.605+0000] {logging_mixin.py:188} INFO - [2024-04-26T12:57:08.604+0000] {dagbag.py:540} INFO - Filling up the DagBag from /home/airflow/.local/lib/python3.12/site-packages/airflow/example_dags/example_display_name.py
[2024-04-26T12:57:08.609+0000] {processor.py:840} INFO - DAG(s) 'example_display_name' retrieved from /home/airflow/.local/lib/python3.12/site-packages/airflow/example_dags/example_display_name.py
[2024-04-26T12:57:08.626+0000] {logging_mixin.py:188} INFO - [2024-04-26T12:57:08.625+0000] {dag.py:3096} INFO - Sync 1 DAGs
[2024-04-26T12:57:08.640+0000] {logging_mixin.py:188} INFO - [2024-04-26T12:57:08.640+0000] {dag.py:3954} INFO - Setting next_dagrun for example_display_name to None, run_after=None
[2024-04-26T12:57:08.654+0000] {processor.py:183} INFO - Processing /home/airflow/.local/lib/python3.12/site-packages/airflow/example_dags/example_display_name.py took 0.057 seconds
[2024-04-26T12:57:38.949+0000] {processor.py:161} INFO - Started process (PID=4282) to work on /home/airflow/.local/lib/python3.12/site-packages/airflow/example_dags/example_display_name.py
[2024-04-26T12:57:38.950+0000] {processor.py:830} INFO - Processing file /home/airflow/.local/lib/python3.12/site-packages/airflow/example_dags/example_display_name.py for tasks to queue
[2024-04-26T12:57:38.951+0000] {logging_mixin.py:188} INFO - [2024-04-26T12:57:38.951+0000] {dagbag.py:540} INFO - Filling up the DagBag from /home/airflow/.local/lib/python3.12/site-packages/airflow/example_dags/example_display_name.py
[2024-04-26T12:57:38.956+0000] {processor.py:840} INFO - DAG(s) 'example_display_name' retrieved from /home/airflow/.local/lib/python3.12/site-packages/airflow/example_dags/example_display_name.py
[2024-04-26T12:57:38.971+0000] {logging_mixin.py:188} INFO - [2024-04-26T12:57:38.971+0000] {dag.py:3096} INFO - Sync 1 DAGs
[2024-04-26T12:57:38.981+0000] {logging_mixin.py:188} INFO - [2024-04-26T12:57:38.981+0000] {dag.py:3954} INFO - Setting next_dagrun for example_display_name to None, run_after=None
[2024-04-26T12:57:38.996+0000] {processor.py:183} INFO - Processing /home/airflow/.local/lib/python3.12/site-packages/airflow/example_dags/example_display_name.py took 0.051 seconds
[2024-04-26T12:58:09.297+0000] {processor.py:161} INFO - Started process (PID=4346) to work on /home/airflow/.local/lib/python3.12/site-packages/airflow/example_dags/example_display_name.py
[2024-04-26T12:58:09.299+0000] {processor.py:830} INFO - Processing file /home/airflow/.local/lib/python3.12/site-packages/airflow/example_dags/example_display_name.py for tasks to queue
[2024-04-26T12:58:09.300+0000] {logging_mixin.py:188} INFO - [2024-04-26T12:58:09.300+0000] {dagbag.py:540} INFO - Filling up the DagBag from /home/airflow/.local/lib/python3.12/site-packages/airflow/example_dags/example_display_name.py
[2024-04-26T12:58:09.305+0000] {processor.py:840} INFO - DAG(s) 'example_display_name' retrieved from /home/airflow/.local/lib/python3.12/site-packages/airflow/example_dags/example_display_name.py
[2024-04-26T12:58:09.321+0000] {logging_mixin.py:188} INFO - [2024-04-26T12:58:09.321+0000] {dag.py:3096} INFO - Sync 1 DAGs
[2024-04-26T12:58:09.331+0000] {logging_mixin.py:188} INFO - [2024-04-26T12:58:09.331+0000] {dag.py:3954} INFO - Setting next_dagrun for example_display_name to None, run_after=None
[2024-04-26T12:58:09.346+0000] {processor.py:183} INFO - Processing /home/airflow/.local/lib/python3.12/site-packages/airflow/example_dags/example_display_name.py took 0.054 seconds
