[2024-04-26T12:34:45.495+0000] {processor.py:161} INFO - Started process (PID=68) to work on /home/airflow/.local/lib/python3.12/site-packages/airflow/example_dags/example_dag_decorator.py
[2024-04-26T12:34:45.496+0000] {processor.py:830} INFO - Processing file /home/airflow/.local/lib/python3.12/site-packages/airflow/example_dags/example_dag_decorator.py for tasks to queue
[2024-04-26T12:34:45.498+0000] {logging_mixin.py:188} INFO - [2024-04-26T12:34:45.498+0000] {dagbag.py:540} INFO - Filling up the DagBag from /home/airflow/.local/lib/python3.12/site-packages/airflow/example_dags/example_dag_decorator.py
[2024-04-26T12:34:45.678+0000] {processor.py:840} INFO - DAG(s) 'example_dag_decorator' retrieved from /home/airflow/.local/lib/python3.12/site-packages/airflow/example_dags/example_dag_decorator.py
[2024-04-26T12:34:45.783+0000] {logging_mixin.py:188} INFO - [2024-04-26T12:34:45.782+0000] {override.py:1829} INFO - Created Permission View: can delete on DAG:example_dag_decorator
[2024-04-26T12:34:45.791+0000] {logging_mixin.py:188} INFO - [2024-04-26T12:34:45.790+0000] {override.py:1829} INFO - Created Permission View: can edit on DAG:example_dag_decorator
[2024-04-26T12:34:45.796+0000] {logging_mixin.py:188} INFO - [2024-04-26T12:34:45.795+0000] {override.py:1829} INFO - Created Permission View: can read on DAG:example_dag_decorator
[2024-04-26T12:34:45.796+0000] {logging_mixin.py:188} INFO - [2024-04-26T12:34:45.796+0000] {dag.py:3096} INFO - Sync 1 DAGs
[2024-04-26T12:34:45.804+0000] {logging_mixin.py:188} INFO - [2024-04-26T12:34:45.804+0000] {dag.py:3118} INFO - Creating ORM DAG for example_dag_decorator
[2024-04-26T12:34:45.805+0000] {logging_mixin.py:188} INFO - [2024-04-26T12:34:45.805+0000] {dag.py:3954} INFO - Setting next_dagrun for example_dag_decorator to None, run_after=None
[2024-04-26T12:34:45.818+0000] {processor.py:183} INFO - Processing /home/airflow/.local/lib/python3.12/site-packages/airflow/example_dags/example_dag_decorator.py took 0.327 seconds
[2024-04-26T12:35:15.921+0000] {processor.py:161} INFO - Started process (PID=126) to work on /home/airflow/.local/lib/python3.12/site-packages/airflow/example_dags/example_dag_decorator.py
[2024-04-26T12:35:15.922+0000] {processor.py:830} INFO - Processing file /home/airflow/.local/lib/python3.12/site-packages/airflow/example_dags/example_dag_decorator.py for tasks to queue
[2024-04-26T12:35:15.924+0000] {logging_mixin.py:188} INFO - [2024-04-26T12:35:15.923+0000] {dagbag.py:540} INFO - Filling up the DagBag from /home/airflow/.local/lib/python3.12/site-packages/airflow/example_dags/example_dag_decorator.py
[2024-04-26T12:35:15.999+0000] {processor.py:840} INFO - DAG(s) 'example_dag_decorator' retrieved from /home/airflow/.local/lib/python3.12/site-packages/airflow/example_dags/example_dag_decorator.py
[2024-04-26T12:35:16.017+0000] {logging_mixin.py:188} INFO - [2024-04-26T12:35:16.017+0000] {dag.py:3096} INFO - Sync 1 DAGs
[2024-04-26T12:35:16.027+0000] {logging_mixin.py:188} INFO - [2024-04-26T12:35:16.027+0000] {dag.py:3954} INFO - Setting next_dagrun for example_dag_decorator to None, run_after=None
[2024-04-26T12:35:16.041+0000] {processor.py:183} INFO - Processing /home/airflow/.local/lib/python3.12/site-packages/airflow/example_dags/example_dag_decorator.py took 0.124 seconds
[2024-04-26T12:35:46.095+0000] {processor.py:161} INFO - Started process (PID=184) to work on /home/airflow/.local/lib/python3.12/site-packages/airflow/example_dags/example_dag_decorator.py
[2024-04-26T12:35:46.096+0000] {processor.py:830} INFO - Processing file /home/airflow/.local/lib/python3.12/site-packages/airflow/example_dags/example_dag_decorator.py for tasks to queue
[2024-04-26T12:35:46.098+0000] {logging_mixin.py:188} INFO - [2024-04-26T12:35:46.098+0000] {dagbag.py:540} INFO - Filling up the DagBag from /home/airflow/.local/lib/python3.12/site-packages/airflow/example_dags/example_dag_decorator.py
[2024-04-26T12:35:46.174+0000] {processor.py:840} INFO - DAG(s) 'example_dag_decorator' retrieved from /home/airflow/.local/lib/python3.12/site-packages/airflow/example_dags/example_dag_decorator.py
[2024-04-26T12:35:46.192+0000] {logging_mixin.py:188} INFO - [2024-04-26T12:35:46.192+0000] {dag.py:3096} INFO - Sync 1 DAGs
[2024-04-26T12:35:46.203+0000] {logging_mixin.py:188} INFO - [2024-04-26T12:35:46.203+0000] {dag.py:3954} INFO - Setting next_dagrun for example_dag_decorator to None, run_after=None
[2024-04-26T12:35:46.219+0000] {processor.py:183} INFO - Processing /home/airflow/.local/lib/python3.12/site-packages/airflow/example_dags/example_dag_decorator.py took 0.129 seconds
[2024-04-26T12:36:16.961+0000] {processor.py:161} INFO - Started process (PID=242) to work on /home/airflow/.local/lib/python3.12/site-packages/airflow/example_dags/example_dag_decorator.py
[2024-04-26T12:36:16.962+0000] {processor.py:830} INFO - Processing file /home/airflow/.local/lib/python3.12/site-packages/airflow/example_dags/example_dag_decorator.py for tasks to queue
[2024-04-26T12:36:16.964+0000] {logging_mixin.py:188} INFO - [2024-04-26T12:36:16.964+0000] {dagbag.py:540} INFO - Filling up the DagBag from /home/airflow/.local/lib/python3.12/site-packages/airflow/example_dags/example_dag_decorator.py
[2024-04-26T12:36:17.039+0000] {processor.py:840} INFO - DAG(s) 'example_dag_decorator' retrieved from /home/airflow/.local/lib/python3.12/site-packages/airflow/example_dags/example_dag_decorator.py
[2024-04-26T12:36:17.120+0000] {logging_mixin.py:188} INFO - [2024-04-26T12:36:17.120+0000] {dag.py:3096} INFO - Sync 1 DAGs
[2024-04-26T12:36:17.129+0000] {logging_mixin.py:188} INFO - [2024-04-26T12:36:17.129+0000] {dag.py:3954} INFO - Setting next_dagrun for example_dag_decorator to None, run_after=None
[2024-04-26T12:36:17.245+0000] {processor.py:183} INFO - Processing /home/airflow/.local/lib/python3.12/site-packages/airflow/example_dags/example_dag_decorator.py took 0.288 seconds
[2024-04-26T12:36:47.344+0000] {processor.py:161} INFO - Started process (PID=300) to work on /home/airflow/.local/lib/python3.12/site-packages/airflow/example_dags/example_dag_decorator.py
[2024-04-26T12:36:47.345+0000] {processor.py:830} INFO - Processing file /home/airflow/.local/lib/python3.12/site-packages/airflow/example_dags/example_dag_decorator.py for tasks to queue
[2024-04-26T12:36:47.346+0000] {logging_mixin.py:188} INFO - [2024-04-26T12:36:47.346+0000] {dagbag.py:540} INFO - Filling up the DagBag from /home/airflow/.local/lib/python3.12/site-packages/airflow/example_dags/example_dag_decorator.py
[2024-04-26T12:36:47.420+0000] {processor.py:840} INFO - DAG(s) 'example_dag_decorator' retrieved from /home/airflow/.local/lib/python3.12/site-packages/airflow/example_dags/example_dag_decorator.py
[2024-04-26T12:36:47.632+0000] {logging_mixin.py:188} INFO - [2024-04-26T12:36:47.632+0000] {dag.py:3096} INFO - Sync 1 DAGs
[2024-04-26T12:36:47.643+0000] {logging_mixin.py:188} INFO - [2024-04-26T12:36:47.642+0000] {dag.py:3954} INFO - Setting next_dagrun for example_dag_decorator to None, run_after=None
[2024-04-26T12:36:47.663+0000] {processor.py:183} INFO - Processing /home/airflow/.local/lib/python3.12/site-packages/airflow/example_dags/example_dag_decorator.py took 0.324 seconds
[2024-04-26T12:37:17.736+0000] {processor.py:161} INFO - Started process (PID=358) to work on /home/airflow/.local/lib/python3.12/site-packages/airflow/example_dags/example_dag_decorator.py
[2024-04-26T12:37:17.736+0000] {processor.py:830} INFO - Processing file /home/airflow/.local/lib/python3.12/site-packages/airflow/example_dags/example_dag_decorator.py for tasks to queue
[2024-04-26T12:37:17.738+0000] {logging_mixin.py:188} INFO - [2024-04-26T12:37:17.738+0000] {dagbag.py:540} INFO - Filling up the DagBag from /home/airflow/.local/lib/python3.12/site-packages/airflow/example_dags/example_dag_decorator.py
[2024-04-26T12:37:17.810+0000] {processor.py:840} INFO - DAG(s) 'example_dag_decorator' retrieved from /home/airflow/.local/lib/python3.12/site-packages/airflow/example_dags/example_dag_decorator.py
[2024-04-26T12:37:17.998+0000] {logging_mixin.py:188} INFO - [2024-04-26T12:37:17.998+0000] {dag.py:3096} INFO - Sync 1 DAGs
[2024-04-26T12:37:18.006+0000] {logging_mixin.py:188} INFO - [2024-04-26T12:37:18.006+0000] {dag.py:3954} INFO - Setting next_dagrun for example_dag_decorator to None, run_after=None
[2024-04-26T12:37:18.020+0000] {processor.py:183} INFO - Processing /home/airflow/.local/lib/python3.12/site-packages/airflow/example_dags/example_dag_decorator.py took 0.289 seconds
[2024-04-26T12:37:48.176+0000] {processor.py:161} INFO - Started process (PID=417) to work on /home/airflow/.local/lib/python3.12/site-packages/airflow/example_dags/example_dag_decorator.py
[2024-04-26T12:37:48.177+0000] {processor.py:830} INFO - Processing file /home/airflow/.local/lib/python3.12/site-packages/airflow/example_dags/example_dag_decorator.py for tasks to queue
[2024-04-26T12:37:48.179+0000] {logging_mixin.py:188} INFO - [2024-04-26T12:37:48.179+0000] {dagbag.py:540} INFO - Filling up the DagBag from /home/airflow/.local/lib/python3.12/site-packages/airflow/example_dags/example_dag_decorator.py
[2024-04-26T12:37:48.252+0000] {processor.py:840} INFO - DAG(s) 'example_dag_decorator' retrieved from /home/airflow/.local/lib/python3.12/site-packages/airflow/example_dags/example_dag_decorator.py
[2024-04-26T12:37:48.433+0000] {logging_mixin.py:188} INFO - [2024-04-26T12:37:48.433+0000] {dag.py:3096} INFO - Sync 1 DAGs
[2024-04-26T12:37:48.441+0000] {logging_mixin.py:188} INFO - [2024-04-26T12:37:48.441+0000] {dag.py:3954} INFO - Setting next_dagrun for example_dag_decorator to None, run_after=None
[2024-04-26T12:37:48.456+0000] {processor.py:183} INFO - Processing /home/airflow/.local/lib/python3.12/site-packages/airflow/example_dags/example_dag_decorator.py took 0.284 seconds
[2024-04-26T12:38:18.651+0000] {processor.py:161} INFO - Started process (PID=476) to work on /home/airflow/.local/lib/python3.12/site-packages/airflow/example_dags/example_dag_decorator.py
[2024-04-26T12:38:18.652+0000] {processor.py:830} INFO - Processing file /home/airflow/.local/lib/python3.12/site-packages/airflow/example_dags/example_dag_decorator.py for tasks to queue
[2024-04-26T12:38:18.654+0000] {logging_mixin.py:188} INFO - [2024-04-26T12:38:18.654+0000] {dagbag.py:540} INFO - Filling up the DagBag from /home/airflow/.local/lib/python3.12/site-packages/airflow/example_dags/example_dag_decorator.py
[2024-04-26T12:38:18.726+0000] {processor.py:840} INFO - DAG(s) 'example_dag_decorator' retrieved from /home/airflow/.local/lib/python3.12/site-packages/airflow/example_dags/example_dag_decorator.py
[2024-04-26T12:38:18.900+0000] {logging_mixin.py:188} INFO - [2024-04-26T12:38:18.899+0000] {dag.py:3096} INFO - Sync 1 DAGs
[2024-04-26T12:38:18.907+0000] {logging_mixin.py:188} INFO - [2024-04-26T12:38:18.907+0000] {dag.py:3954} INFO - Setting next_dagrun for example_dag_decorator to None, run_after=None
[2024-04-26T12:38:18.921+0000] {processor.py:183} INFO - Processing /home/airflow/.local/lib/python3.12/site-packages/airflow/example_dags/example_dag_decorator.py took 0.275 seconds
[2024-04-26T12:38:48.962+0000] {processor.py:161} INFO - Started process (PID=532) to work on /home/airflow/.local/lib/python3.12/site-packages/airflow/example_dags/example_dag_decorator.py
[2024-04-26T12:38:48.963+0000] {processor.py:830} INFO - Processing file /home/airflow/.local/lib/python3.12/site-packages/airflow/example_dags/example_dag_decorator.py for tasks to queue
[2024-04-26T12:38:48.965+0000] {logging_mixin.py:188} INFO - [2024-04-26T12:38:48.965+0000] {dagbag.py:540} INFO - Filling up the DagBag from /home/airflow/.local/lib/python3.12/site-packages/airflow/example_dags/example_dag_decorator.py
[2024-04-26T12:38:49.039+0000] {processor.py:840} INFO - DAG(s) 'example_dag_decorator' retrieved from /home/airflow/.local/lib/python3.12/site-packages/airflow/example_dags/example_dag_decorator.py
[2024-04-26T12:38:49.215+0000] {logging_mixin.py:188} INFO - [2024-04-26T12:38:49.214+0000] {dag.py:3096} INFO - Sync 1 DAGs
[2024-04-26T12:38:49.223+0000] {logging_mixin.py:188} INFO - [2024-04-26T12:38:49.223+0000] {dag.py:3954} INFO - Setting next_dagrun for example_dag_decorator to None, run_after=None
[2024-04-26T12:38:49.237+0000] {processor.py:183} INFO - Processing /home/airflow/.local/lib/python3.12/site-packages/airflow/example_dags/example_dag_decorator.py took 0.279 seconds
[2024-04-26T12:39:19.483+0000] {processor.py:161} INFO - Started process (PID=592) to work on /home/airflow/.local/lib/python3.12/site-packages/airflow/example_dags/example_dag_decorator.py
[2024-04-26T12:39:19.484+0000] {processor.py:830} INFO - Processing file /home/airflow/.local/lib/python3.12/site-packages/airflow/example_dags/example_dag_decorator.py for tasks to queue
[2024-04-26T12:39:19.485+0000] {logging_mixin.py:188} INFO - [2024-04-26T12:39:19.485+0000] {dagbag.py:540} INFO - Filling up the DagBag from /home/airflow/.local/lib/python3.12/site-packages/airflow/example_dags/example_dag_decorator.py
[2024-04-26T12:39:19.560+0000] {processor.py:840} INFO - DAG(s) 'example_dag_decorator' retrieved from /home/airflow/.local/lib/python3.12/site-packages/airflow/example_dags/example_dag_decorator.py
[2024-04-26T12:39:19.755+0000] {logging_mixin.py:188} INFO - [2024-04-26T12:39:19.754+0000] {dag.py:3096} INFO - Sync 1 DAGs
[2024-04-26T12:39:19.763+0000] {logging_mixin.py:188} INFO - [2024-04-26T12:39:19.763+0000] {dag.py:3954} INFO - Setting next_dagrun for example_dag_decorator to None, run_after=None
[2024-04-26T12:39:19.780+0000] {processor.py:183} INFO - Processing /home/airflow/.local/lib/python3.12/site-packages/airflow/example_dags/example_dag_decorator.py took 0.302 seconds
[2024-04-26T12:39:50.062+0000] {processor.py:161} INFO - Started process (PID=652) to work on /home/airflow/.local/lib/python3.12/site-packages/airflow/example_dags/example_dag_decorator.py
[2024-04-26T12:39:50.062+0000] {processor.py:830} INFO - Processing file /home/airflow/.local/lib/python3.12/site-packages/airflow/example_dags/example_dag_decorator.py for tasks to queue
[2024-04-26T12:39:50.064+0000] {logging_mixin.py:188} INFO - [2024-04-26T12:39:50.064+0000] {dagbag.py:540} INFO - Filling up the DagBag from /home/airflow/.local/lib/python3.12/site-packages/airflow/example_dags/example_dag_decorator.py
[2024-04-26T12:39:50.135+0000] {processor.py:840} INFO - DAG(s) 'example_dag_decorator' retrieved from /home/airflow/.local/lib/python3.12/site-packages/airflow/example_dags/example_dag_decorator.py
[2024-04-26T12:39:50.324+0000] {logging_mixin.py:188} INFO - [2024-04-26T12:39:50.323+0000] {dag.py:3096} INFO - Sync 1 DAGs
[2024-04-26T12:39:50.332+0000] {logging_mixin.py:188} INFO - [2024-04-26T12:39:50.332+0000] {dag.py:3954} INFO - Setting next_dagrun for example_dag_decorator to None, run_after=None
[2024-04-26T12:39:50.350+0000] {processor.py:183} INFO - Processing /home/airflow/.local/lib/python3.12/site-packages/airflow/example_dags/example_dag_decorator.py took 0.293 seconds
[2024-04-26T12:40:20.584+0000] {processor.py:161} INFO - Started process (PID=712) to work on /home/airflow/.local/lib/python3.12/site-packages/airflow/example_dags/example_dag_decorator.py
[2024-04-26T12:40:20.585+0000] {processor.py:830} INFO - Processing file /home/airflow/.local/lib/python3.12/site-packages/airflow/example_dags/example_dag_decorator.py for tasks to queue
[2024-04-26T12:40:20.586+0000] {logging_mixin.py:188} INFO - [2024-04-26T12:40:20.586+0000] {dagbag.py:540} INFO - Filling up the DagBag from /home/airflow/.local/lib/python3.12/site-packages/airflow/example_dags/example_dag_decorator.py
[2024-04-26T12:40:20.780+0000] {processor.py:840} INFO - DAG(s) 'example_dag_decorator' retrieved from /home/airflow/.local/lib/python3.12/site-packages/airflow/example_dags/example_dag_decorator.py
[2024-04-26T12:40:20.797+0000] {logging_mixin.py:188} INFO - [2024-04-26T12:40:20.797+0000] {dag.py:3096} INFO - Sync 1 DAGs
[2024-04-26T12:40:20.805+0000] {logging_mixin.py:188} INFO - [2024-04-26T12:40:20.805+0000] {dag.py:3954} INFO - Setting next_dagrun for example_dag_decorator to None, run_after=None
[2024-04-26T12:40:20.819+0000] {processor.py:183} INFO - Processing /home/airflow/.local/lib/python3.12/site-packages/airflow/example_dags/example_dag_decorator.py took 0.241 seconds
[2024-04-26T12:40:51.190+0000] {processor.py:161} INFO - Started process (PID=770) to work on /home/airflow/.local/lib/python3.12/site-packages/airflow/example_dags/example_dag_decorator.py
[2024-04-26T12:40:51.191+0000] {processor.py:830} INFO - Processing file /home/airflow/.local/lib/python3.12/site-packages/airflow/example_dags/example_dag_decorator.py for tasks to queue
[2024-04-26T12:40:51.193+0000] {logging_mixin.py:188} INFO - [2024-04-26T12:40:51.192+0000] {dagbag.py:540} INFO - Filling up the DagBag from /home/airflow/.local/lib/python3.12/site-packages/airflow/example_dags/example_dag_decorator.py
[2024-04-26T12:40:51.267+0000] {processor.py:840} INFO - DAG(s) 'example_dag_decorator' retrieved from /home/airflow/.local/lib/python3.12/site-packages/airflow/example_dags/example_dag_decorator.py
[2024-04-26T12:40:51.486+0000] {logging_mixin.py:188} INFO - [2024-04-26T12:40:51.486+0000] {dag.py:3096} INFO - Sync 1 DAGs
[2024-04-26T12:40:51.496+0000] {logging_mixin.py:188} INFO - [2024-04-26T12:40:51.495+0000] {dag.py:3954} INFO - Setting next_dagrun for example_dag_decorator to None, run_after=None
[2024-04-26T12:40:51.513+0000] {processor.py:183} INFO - Processing /home/airflow/.local/lib/python3.12/site-packages/airflow/example_dags/example_dag_decorator.py took 0.328 seconds
[2024-04-26T12:41:21.955+0000] {processor.py:161} INFO - Started process (PID=826) to work on /home/airflow/.local/lib/python3.12/site-packages/airflow/example_dags/example_dag_decorator.py
[2024-04-26T12:41:21.956+0000] {processor.py:830} INFO - Processing file /home/airflow/.local/lib/python3.12/site-packages/airflow/example_dags/example_dag_decorator.py for tasks to queue
[2024-04-26T12:41:21.958+0000] {logging_mixin.py:188} INFO - [2024-04-26T12:41:21.958+0000] {dagbag.py:540} INFO - Filling up the DagBag from /home/airflow/.local/lib/python3.12/site-packages/airflow/example_dags/example_dag_decorator.py
[2024-04-26T12:41:22.035+0000] {processor.py:840} INFO - DAG(s) 'example_dag_decorator' retrieved from /home/airflow/.local/lib/python3.12/site-packages/airflow/example_dags/example_dag_decorator.py
[2024-04-26T12:41:22.222+0000] {logging_mixin.py:188} INFO - [2024-04-26T12:41:22.222+0000] {dag.py:3096} INFO - Sync 1 DAGs
[2024-04-26T12:41:22.230+0000] {logging_mixin.py:188} INFO - [2024-04-26T12:41:22.230+0000] {dag.py:3954} INFO - Setting next_dagrun for example_dag_decorator to None, run_after=None
[2024-04-26T12:41:22.243+0000] {processor.py:183} INFO - Processing /home/airflow/.local/lib/python3.12/site-packages/airflow/example_dags/example_dag_decorator.py took 0.293 seconds
[2024-04-26T12:41:53.215+0000] {processor.py:161} INFO - Started process (PID=880) to work on /home/airflow/.local/lib/python3.12/site-packages/airflow/example_dags/example_dag_decorator.py
[2024-04-26T12:41:53.216+0000] {processor.py:830} INFO - Processing file /home/airflow/.local/lib/python3.12/site-packages/airflow/example_dags/example_dag_decorator.py for tasks to queue
[2024-04-26T12:41:53.217+0000] {logging_mixin.py:188} INFO - [2024-04-26T12:41:53.217+0000] {dagbag.py:540} INFO - Filling up the DagBag from /home/airflow/.local/lib/python3.12/site-packages/airflow/example_dags/example_dag_decorator.py
[2024-04-26T12:41:53.398+0000] {processor.py:840} INFO - DAG(s) 'example_dag_decorator' retrieved from /home/airflow/.local/lib/python3.12/site-packages/airflow/example_dags/example_dag_decorator.py
[2024-04-26T12:41:53.479+0000] {logging_mixin.py:188} INFO - [2024-04-26T12:41:53.478+0000] {dag.py:3096} INFO - Sync 1 DAGs
[2024-04-26T12:41:53.488+0000] {logging_mixin.py:188} INFO - [2024-04-26T12:41:53.488+0000] {dag.py:3954} INFO - Setting next_dagrun for example_dag_decorator to None, run_after=None
[2024-04-26T12:41:53.504+0000] {processor.py:183} INFO - Processing /home/airflow/.local/lib/python3.12/site-packages/airflow/example_dags/example_dag_decorator.py took 0.293 seconds
[2024-04-26T12:42:23.595+0000] {processor.py:161} INFO - Started process (PID=938) to work on /home/airflow/.local/lib/python3.12/site-packages/airflow/example_dags/example_dag_decorator.py
[2024-04-26T12:42:23.596+0000] {processor.py:830} INFO - Processing file /home/airflow/.local/lib/python3.12/site-packages/airflow/example_dags/example_dag_decorator.py for tasks to queue
[2024-04-26T12:42:23.597+0000] {logging_mixin.py:188} INFO - [2024-04-26T12:42:23.597+0000] {dagbag.py:540} INFO - Filling up the DagBag from /home/airflow/.local/lib/python3.12/site-packages/airflow/example_dags/example_dag_decorator.py
[2024-04-26T12:42:23.795+0000] {processor.py:840} INFO - DAG(s) 'example_dag_decorator' retrieved from /home/airflow/.local/lib/python3.12/site-packages/airflow/example_dags/example_dag_decorator.py
[2024-04-26T12:42:23.882+0000] {logging_mixin.py:188} INFO - [2024-04-26T12:42:23.882+0000] {dag.py:3096} INFO - Sync 1 DAGs
[2024-04-26T12:42:23.891+0000] {logging_mixin.py:188} INFO - [2024-04-26T12:42:23.890+0000] {dag.py:3954} INFO - Setting next_dagrun for example_dag_decorator to None, run_after=None
[2024-04-26T12:42:23.906+0000] {processor.py:183} INFO - Processing /home/airflow/.local/lib/python3.12/site-packages/airflow/example_dags/example_dag_decorator.py took 0.315 seconds
[2024-04-26T12:42:54.308+0000] {processor.py:161} INFO - Started process (PID=996) to work on /home/airflow/.local/lib/python3.12/site-packages/airflow/example_dags/example_dag_decorator.py
[2024-04-26T12:42:54.308+0000] {processor.py:830} INFO - Processing file /home/airflow/.local/lib/python3.12/site-packages/airflow/example_dags/example_dag_decorator.py for tasks to queue
[2024-04-26T12:42:54.310+0000] {logging_mixin.py:188} INFO - [2024-04-26T12:42:54.310+0000] {dagbag.py:540} INFO - Filling up the DagBag from /home/airflow/.local/lib/python3.12/site-packages/airflow/example_dags/example_dag_decorator.py
[2024-04-26T12:42:54.471+0000] {processor.py:840} INFO - DAG(s) 'example_dag_decorator' retrieved from /home/airflow/.local/lib/python3.12/site-packages/airflow/example_dags/example_dag_decorator.py
[2024-04-26T12:42:54.486+0000] {logging_mixin.py:188} INFO - [2024-04-26T12:42:54.485+0000] {dag.py:3096} INFO - Sync 1 DAGs
[2024-04-26T12:42:54.494+0000] {logging_mixin.py:188} INFO - [2024-04-26T12:42:54.493+0000] {dag.py:3954} INFO - Setting next_dagrun for example_dag_decorator to None, run_after=None
[2024-04-26T12:42:54.507+0000] {processor.py:183} INFO - Processing /home/airflow/.local/lib/python3.12/site-packages/airflow/example_dags/example_dag_decorator.py took 0.204 seconds
[2024-04-26T12:43:25.444+0000] {processor.py:161} INFO - Started process (PID=1054) to work on /home/airflow/.local/lib/python3.12/site-packages/airflow/example_dags/example_dag_decorator.py
[2024-04-26T12:43:25.445+0000] {processor.py:830} INFO - Processing file /home/airflow/.local/lib/python3.12/site-packages/airflow/example_dags/example_dag_decorator.py for tasks to queue
[2024-04-26T12:43:25.446+0000] {logging_mixin.py:188} INFO - [2024-04-26T12:43:25.446+0000] {dagbag.py:540} INFO - Filling up the DagBag from /home/airflow/.local/lib/python3.12/site-packages/airflow/example_dags/example_dag_decorator.py
[2024-04-26T12:43:25.518+0000] {processor.py:840} INFO - DAG(s) 'example_dag_decorator' retrieved from /home/airflow/.local/lib/python3.12/site-packages/airflow/example_dags/example_dag_decorator.py
[2024-04-26T12:43:25.697+0000] {logging_mixin.py:188} INFO - [2024-04-26T12:43:25.697+0000] {dag.py:3096} INFO - Sync 1 DAGs
[2024-04-26T12:43:25.705+0000] {logging_mixin.py:188} INFO - [2024-04-26T12:43:25.704+0000] {dag.py:3954} INFO - Setting next_dagrun for example_dag_decorator to None, run_after=None
[2024-04-26T12:43:25.718+0000] {processor.py:183} INFO - Processing /home/airflow/.local/lib/python3.12/site-packages/airflow/example_dags/example_dag_decorator.py took 0.280 seconds
[2024-04-26T12:43:56.151+0000] {processor.py:161} INFO - Started process (PID=1113) to work on /home/airflow/.local/lib/python3.12/site-packages/airflow/example_dags/example_dag_decorator.py
[2024-04-26T12:43:56.152+0000] {processor.py:830} INFO - Processing file /home/airflow/.local/lib/python3.12/site-packages/airflow/example_dags/example_dag_decorator.py for tasks to queue
[2024-04-26T12:43:56.154+0000] {logging_mixin.py:188} INFO - [2024-04-26T12:43:56.154+0000] {dagbag.py:540} INFO - Filling up the DagBag from /home/airflow/.local/lib/python3.12/site-packages/airflow/example_dags/example_dag_decorator.py
[2024-04-26T12:43:56.320+0000] {processor.py:840} INFO - DAG(s) 'example_dag_decorator' retrieved from /home/airflow/.local/lib/python3.12/site-packages/airflow/example_dags/example_dag_decorator.py
[2024-04-26T12:43:56.391+0000] {logging_mixin.py:188} INFO - [2024-04-26T12:43:56.391+0000] {dag.py:3096} INFO - Sync 1 DAGs
[2024-04-26T12:43:56.399+0000] {logging_mixin.py:188} INFO - [2024-04-26T12:43:56.398+0000] {dag.py:3954} INFO - Setting next_dagrun for example_dag_decorator to None, run_after=None
[2024-04-26T12:43:56.412+0000] {processor.py:183} INFO - Processing /home/airflow/.local/lib/python3.12/site-packages/airflow/example_dags/example_dag_decorator.py took 0.265 seconds
[2024-04-26T12:44:26.708+0000] {processor.py:161} INFO - Started process (PID=1171) to work on /home/airflow/.local/lib/python3.12/site-packages/airflow/example_dags/example_dag_decorator.py
[2024-04-26T12:44:26.709+0000] {processor.py:830} INFO - Processing file /home/airflow/.local/lib/python3.12/site-packages/airflow/example_dags/example_dag_decorator.py for tasks to queue
[2024-04-26T12:44:26.710+0000] {logging_mixin.py:188} INFO - [2024-04-26T12:44:26.710+0000] {dagbag.py:540} INFO - Filling up the DagBag from /home/airflow/.local/lib/python3.12/site-packages/airflow/example_dags/example_dag_decorator.py
[2024-04-26T12:44:26.887+0000] {processor.py:840} INFO - DAG(s) 'example_dag_decorator' retrieved from /home/airflow/.local/lib/python3.12/site-packages/airflow/example_dags/example_dag_decorator.py
[2024-04-26T12:44:26.995+0000] {logging_mixin.py:188} INFO - [2024-04-26T12:44:26.995+0000] {dag.py:3096} INFO - Sync 1 DAGs
[2024-04-26T12:44:27.006+0000] {logging_mixin.py:188} INFO - [2024-04-26T12:44:27.006+0000] {dag.py:3954} INFO - Setting next_dagrun for example_dag_decorator to None, run_after=None
[2024-04-26T12:44:27.025+0000] {processor.py:183} INFO - Processing /home/airflow/.local/lib/python3.12/site-packages/airflow/example_dags/example_dag_decorator.py took 0.322 seconds
[2024-04-26T12:44:57.439+0000] {processor.py:161} INFO - Started process (PID=1233) to work on /home/airflow/.local/lib/python3.12/site-packages/airflow/example_dags/example_dag_decorator.py
[2024-04-26T12:44:57.440+0000] {processor.py:830} INFO - Processing file /home/airflow/.local/lib/python3.12/site-packages/airflow/example_dags/example_dag_decorator.py for tasks to queue
[2024-04-26T12:44:57.442+0000] {logging_mixin.py:188} INFO - [2024-04-26T12:44:57.441+0000] {dagbag.py:540} INFO - Filling up the DagBag from /home/airflow/.local/lib/python3.12/site-packages/airflow/example_dags/example_dag_decorator.py
[2024-04-26T12:44:57.522+0000] {processor.py:840} INFO - DAG(s) 'example_dag_decorator' retrieved from /home/airflow/.local/lib/python3.12/site-packages/airflow/example_dags/example_dag_decorator.py
[2024-04-26T12:44:57.614+0000] {logging_mixin.py:188} INFO - [2024-04-26T12:44:57.614+0000] {dag.py:3096} INFO - Sync 1 DAGs
[2024-04-26T12:44:57.625+0000] {logging_mixin.py:188} INFO - [2024-04-26T12:44:57.625+0000] {dag.py:3954} INFO - Setting next_dagrun for example_dag_decorator to None, run_after=None
[2024-04-26T12:44:57.645+0000] {processor.py:183} INFO - Processing /home/airflow/.local/lib/python3.12/site-packages/airflow/example_dags/example_dag_decorator.py took 0.212 seconds
[2024-04-26T12:45:27.874+0000] {processor.py:161} INFO - Started process (PID=1292) to work on /home/airflow/.local/lib/python3.12/site-packages/airflow/example_dags/example_dag_decorator.py
[2024-04-26T12:45:27.875+0000] {processor.py:830} INFO - Processing file /home/airflow/.local/lib/python3.12/site-packages/airflow/example_dags/example_dag_decorator.py for tasks to queue
[2024-04-26T12:45:27.876+0000] {logging_mixin.py:188} INFO - [2024-04-26T12:45:27.876+0000] {dagbag.py:540} INFO - Filling up the DagBag from /home/airflow/.local/lib/python3.12/site-packages/airflow/example_dags/example_dag_decorator.py
[2024-04-26T12:45:27.950+0000] {processor.py:840} INFO - DAG(s) 'example_dag_decorator' retrieved from /home/airflow/.local/lib/python3.12/site-packages/airflow/example_dags/example_dag_decorator.py
[2024-04-26T12:45:27.966+0000] {logging_mixin.py:188} INFO - [2024-04-26T12:45:27.966+0000] {dag.py:3096} INFO - Sync 1 DAGs
[2024-04-26T12:45:27.975+0000] {logging_mixin.py:188} INFO - [2024-04-26T12:45:27.975+0000] {dag.py:3954} INFO - Setting next_dagrun for example_dag_decorator to None, run_after=None
[2024-04-26T12:45:27.990+0000] {processor.py:183} INFO - Processing /home/airflow/.local/lib/python3.12/site-packages/airflow/example_dags/example_dag_decorator.py took 0.121 seconds
[2024-04-26T12:45:58.463+0000] {processor.py:161} INFO - Started process (PID=1354) to work on /home/airflow/.local/lib/python3.12/site-packages/airflow/example_dags/example_dag_decorator.py
[2024-04-26T12:45:58.464+0000] {processor.py:830} INFO - Processing file /home/airflow/.local/lib/python3.12/site-packages/airflow/example_dags/example_dag_decorator.py for tasks to queue
[2024-04-26T12:45:58.465+0000] {logging_mixin.py:188} INFO - [2024-04-26T12:45:58.465+0000] {dagbag.py:540} INFO - Filling up the DagBag from /home/airflow/.local/lib/python3.12/site-packages/airflow/example_dags/example_dag_decorator.py
[2024-04-26T12:45:58.540+0000] {processor.py:840} INFO - DAG(s) 'example_dag_decorator' retrieved from /home/airflow/.local/lib/python3.12/site-packages/airflow/example_dags/example_dag_decorator.py
[2024-04-26T12:45:58.561+0000] {logging_mixin.py:188} INFO - [2024-04-26T12:45:58.561+0000] {dag.py:3096} INFO - Sync 1 DAGs
[2024-04-26T12:45:58.573+0000] {logging_mixin.py:188} INFO - [2024-04-26T12:45:58.573+0000] {dag.py:3954} INFO - Setting next_dagrun for example_dag_decorator to None, run_after=None
[2024-04-26T12:45:58.590+0000] {processor.py:183} INFO - Processing /home/airflow/.local/lib/python3.12/site-packages/airflow/example_dags/example_dag_decorator.py took 0.132 seconds
[2024-04-26T12:46:29.117+0000] {processor.py:161} INFO - Started process (PID=1414) to work on /home/airflow/.local/lib/python3.12/site-packages/airflow/example_dags/example_dag_decorator.py
[2024-04-26T12:46:29.118+0000] {processor.py:830} INFO - Processing file /home/airflow/.local/lib/python3.12/site-packages/airflow/example_dags/example_dag_decorator.py for tasks to queue
[2024-04-26T12:46:29.119+0000] {logging_mixin.py:188} INFO - [2024-04-26T12:46:29.119+0000] {dagbag.py:540} INFO - Filling up the DagBag from /home/airflow/.local/lib/python3.12/site-packages/airflow/example_dags/example_dag_decorator.py
[2024-04-26T12:46:29.199+0000] {processor.py:840} INFO - DAG(s) 'example_dag_decorator' retrieved from /home/airflow/.local/lib/python3.12/site-packages/airflow/example_dags/example_dag_decorator.py
[2024-04-26T12:46:29.295+0000] {logging_mixin.py:188} INFO - [2024-04-26T12:46:29.294+0000] {dag.py:3096} INFO - Sync 1 DAGs
[2024-04-26T12:46:29.305+0000] {logging_mixin.py:188} INFO - [2024-04-26T12:46:29.304+0000] {dag.py:3954} INFO - Setting next_dagrun for example_dag_decorator to None, run_after=None
[2024-04-26T12:46:29.326+0000] {processor.py:183} INFO - Processing /home/airflow/.local/lib/python3.12/site-packages/airflow/example_dags/example_dag_decorator.py took 0.215 seconds
[2024-04-26T12:46:59.529+0000] {processor.py:161} INFO - Started process (PID=1474) to work on /home/airflow/.local/lib/python3.12/site-packages/airflow/example_dags/example_dag_decorator.py
[2024-04-26T12:46:59.530+0000] {processor.py:830} INFO - Processing file /home/airflow/.local/lib/python3.12/site-packages/airflow/example_dags/example_dag_decorator.py for tasks to queue
[2024-04-26T12:46:59.532+0000] {logging_mixin.py:188} INFO - [2024-04-26T12:46:59.532+0000] {dagbag.py:540} INFO - Filling up the DagBag from /home/airflow/.local/lib/python3.12/site-packages/airflow/example_dags/example_dag_decorator.py
[2024-04-26T12:46:59.605+0000] {processor.py:840} INFO - DAG(s) 'example_dag_decorator' retrieved from /home/airflow/.local/lib/python3.12/site-packages/airflow/example_dags/example_dag_decorator.py
[2024-04-26T12:46:59.696+0000] {logging_mixin.py:188} INFO - [2024-04-26T12:46:59.696+0000] {dag.py:3096} INFO - Sync 1 DAGs
[2024-04-26T12:46:59.705+0000] {logging_mixin.py:188} INFO - [2024-04-26T12:46:59.705+0000] {dag.py:3954} INFO - Setting next_dagrun for example_dag_decorator to None, run_after=None
[2024-04-26T12:46:59.723+0000] {processor.py:183} INFO - Processing /home/airflow/.local/lib/python3.12/site-packages/airflow/example_dags/example_dag_decorator.py took 0.198 seconds
[2024-04-26T12:47:29.891+0000] {processor.py:161} INFO - Started process (PID=1540) to work on /home/airflow/.local/lib/python3.12/site-packages/airflow/example_dags/example_dag_decorator.py
[2024-04-26T12:47:29.892+0000] {processor.py:830} INFO - Processing file /home/airflow/.local/lib/python3.12/site-packages/airflow/example_dags/example_dag_decorator.py for tasks to queue
[2024-04-26T12:47:29.893+0000] {logging_mixin.py:188} INFO - [2024-04-26T12:47:29.893+0000] {dagbag.py:540} INFO - Filling up the DagBag from /home/airflow/.local/lib/python3.12/site-packages/airflow/example_dags/example_dag_decorator.py
[2024-04-26T12:47:29.968+0000] {processor.py:840} INFO - DAG(s) 'example_dag_decorator' retrieved from /home/airflow/.local/lib/python3.12/site-packages/airflow/example_dags/example_dag_decorator.py
[2024-04-26T12:47:30.052+0000] {logging_mixin.py:188} INFO - [2024-04-26T12:47:30.052+0000] {dag.py:3096} INFO - Sync 1 DAGs
[2024-04-26T12:47:30.060+0000] {logging_mixin.py:188} INFO - [2024-04-26T12:47:30.060+0000] {dag.py:3954} INFO - Setting next_dagrun for example_dag_decorator to None, run_after=None
[2024-04-26T12:47:30.076+0000] {processor.py:183} INFO - Processing /home/airflow/.local/lib/python3.12/site-packages/airflow/example_dags/example_dag_decorator.py took 0.189 seconds
[2024-04-26T12:48:00.276+0000] {processor.py:161} INFO - Started process (PID=1600) to work on /home/airflow/.local/lib/python3.12/site-packages/airflow/example_dags/example_dag_decorator.py
[2024-04-26T12:48:00.277+0000] {processor.py:830} INFO - Processing file /home/airflow/.local/lib/python3.12/site-packages/airflow/example_dags/example_dag_decorator.py for tasks to queue
[2024-04-26T12:48:00.279+0000] {logging_mixin.py:188} INFO - [2024-04-26T12:48:00.279+0000] {dagbag.py:540} INFO - Filling up the DagBag from /home/airflow/.local/lib/python3.12/site-packages/airflow/example_dags/example_dag_decorator.py
[2024-04-26T12:48:00.354+0000] {processor.py:840} INFO - DAG(s) 'example_dag_decorator' retrieved from /home/airflow/.local/lib/python3.12/site-packages/airflow/example_dags/example_dag_decorator.py
[2024-04-26T12:48:00.438+0000] {logging_mixin.py:188} INFO - [2024-04-26T12:48:00.437+0000] {dag.py:3096} INFO - Sync 1 DAGs
[2024-04-26T12:48:00.446+0000] {logging_mixin.py:188} INFO - [2024-04-26T12:48:00.445+0000] {dag.py:3954} INFO - Setting next_dagrun for example_dag_decorator to None, run_after=None
[2024-04-26T12:48:00.463+0000] {processor.py:183} INFO - Processing /home/airflow/.local/lib/python3.12/site-packages/airflow/example_dags/example_dag_decorator.py took 0.191 seconds
[2024-04-26T12:48:30.653+0000] {processor.py:161} INFO - Started process (PID=1660) to work on /home/airflow/.local/lib/python3.12/site-packages/airflow/example_dags/example_dag_decorator.py
[2024-04-26T12:48:30.654+0000] {processor.py:830} INFO - Processing file /home/airflow/.local/lib/python3.12/site-packages/airflow/example_dags/example_dag_decorator.py for tasks to queue
[2024-04-26T12:48:30.655+0000] {logging_mixin.py:188} INFO - [2024-04-26T12:48:30.655+0000] {dagbag.py:540} INFO - Filling up the DagBag from /home/airflow/.local/lib/python3.12/site-packages/airflow/example_dags/example_dag_decorator.py
[2024-04-26T12:48:30.730+0000] {processor.py:840} INFO - DAG(s) 'example_dag_decorator' retrieved from /home/airflow/.local/lib/python3.12/site-packages/airflow/example_dags/example_dag_decorator.py
[2024-04-26T12:48:30.815+0000] {logging_mixin.py:188} INFO - [2024-04-26T12:48:30.814+0000] {dag.py:3096} INFO - Sync 1 DAGs
[2024-04-26T12:48:30.823+0000] {logging_mixin.py:188} INFO - [2024-04-26T12:48:30.823+0000] {dag.py:3954} INFO - Setting next_dagrun for example_dag_decorator to None, run_after=None
[2024-04-26T12:48:30.842+0000] {processor.py:183} INFO - Processing /home/airflow/.local/lib/python3.12/site-packages/airflow/example_dags/example_dag_decorator.py took 0.193 seconds
[2024-04-26T12:49:01.185+0000] {processor.py:161} INFO - Started process (PID=1721) to work on /home/airflow/.local/lib/python3.12/site-packages/airflow/example_dags/example_dag_decorator.py
[2024-04-26T12:49:01.185+0000] {processor.py:830} INFO - Processing file /home/airflow/.local/lib/python3.12/site-packages/airflow/example_dags/example_dag_decorator.py for tasks to queue
[2024-04-26T12:49:01.187+0000] {logging_mixin.py:188} INFO - [2024-04-26T12:49:01.187+0000] {dagbag.py:540} INFO - Filling up the DagBag from /home/airflow/.local/lib/python3.12/site-packages/airflow/example_dags/example_dag_decorator.py
[2024-04-26T12:49:01.260+0000] {processor.py:840} INFO - DAG(s) 'example_dag_decorator' retrieved from /home/airflow/.local/lib/python3.12/site-packages/airflow/example_dags/example_dag_decorator.py
[2024-04-26T12:49:01.278+0000] {logging_mixin.py:188} INFO - [2024-04-26T12:49:01.278+0000] {dag.py:3096} INFO - Sync 1 DAGs
[2024-04-26T12:49:01.289+0000] {logging_mixin.py:188} INFO - [2024-04-26T12:49:01.288+0000] {dag.py:3954} INFO - Setting next_dagrun for example_dag_decorator to None, run_after=None
[2024-04-26T12:49:01.305+0000] {processor.py:183} INFO - Processing /home/airflow/.local/lib/python3.12/site-packages/airflow/example_dags/example_dag_decorator.py took 0.125 seconds
[2024-04-26T12:49:31.903+0000] {processor.py:161} INFO - Started process (PID=1822) to work on /home/airflow/.local/lib/python3.12/site-packages/airflow/example_dags/example_dag_decorator.py
[2024-04-26T12:49:31.905+0000] {processor.py:830} INFO - Processing file /home/airflow/.local/lib/python3.12/site-packages/airflow/example_dags/example_dag_decorator.py for tasks to queue
[2024-04-26T12:49:31.907+0000] {logging_mixin.py:188} INFO - [2024-04-26T12:49:31.907+0000] {dagbag.py:540} INFO - Filling up the DagBag from /home/airflow/.local/lib/python3.12/site-packages/airflow/example_dags/example_dag_decorator.py
[2024-04-26T12:49:31.998+0000] {processor.py:840} INFO - DAG(s) 'example_dag_decorator' retrieved from /home/airflow/.local/lib/python3.12/site-packages/airflow/example_dags/example_dag_decorator.py
[2024-04-26T12:49:32.020+0000] {logging_mixin.py:188} INFO - [2024-04-26T12:49:32.020+0000] {dag.py:3096} INFO - Sync 1 DAGs
[2024-04-26T12:49:32.031+0000] {logging_mixin.py:188} INFO - [2024-04-26T12:49:32.030+0000] {dag.py:3954} INFO - Setting next_dagrun for example_dag_decorator to None, run_after=None
[2024-04-26T12:49:32.047+0000] {processor.py:183} INFO - Processing /home/airflow/.local/lib/python3.12/site-packages/airflow/example_dags/example_dag_decorator.py took 0.152 seconds
[2024-04-26T12:50:02.752+0000] {processor.py:161} INFO - Started process (PID=2054) to work on /home/airflow/.local/lib/python3.12/site-packages/airflow/example_dags/example_dag_decorator.py
[2024-04-26T12:50:02.752+0000] {processor.py:830} INFO - Processing file /home/airflow/.local/lib/python3.12/site-packages/airflow/example_dags/example_dag_decorator.py for tasks to queue
[2024-04-26T12:50:02.754+0000] {logging_mixin.py:188} INFO - [2024-04-26T12:50:02.754+0000] {dagbag.py:540} INFO - Filling up the DagBag from /home/airflow/.local/lib/python3.12/site-packages/airflow/example_dags/example_dag_decorator.py
[2024-04-26T12:50:02.830+0000] {processor.py:840} INFO - DAG(s) 'example_dag_decorator' retrieved from /home/airflow/.local/lib/python3.12/site-packages/airflow/example_dags/example_dag_decorator.py
[2024-04-26T12:50:02.920+0000] {logging_mixin.py:188} INFO - [2024-04-26T12:50:02.920+0000] {dag.py:3096} INFO - Sync 1 DAGs
[2024-04-26T12:50:02.929+0000] {logging_mixin.py:188} INFO - [2024-04-26T12:50:02.928+0000] {dag.py:3954} INFO - Setting next_dagrun for example_dag_decorator to None, run_after=None
[2024-04-26T12:50:02.946+0000] {processor.py:183} INFO - Processing /home/airflow/.local/lib/python3.12/site-packages/airflow/example_dags/example_dag_decorator.py took 0.199 seconds
[2024-04-26T12:50:33.794+0000] {processor.py:161} INFO - Started process (PID=2335) to work on /home/airflow/.local/lib/python3.12/site-packages/airflow/example_dags/example_dag_decorator.py
[2024-04-26T12:50:33.795+0000] {processor.py:830} INFO - Processing file /home/airflow/.local/lib/python3.12/site-packages/airflow/example_dags/example_dag_decorator.py for tasks to queue
[2024-04-26T12:50:33.798+0000] {logging_mixin.py:188} INFO - [2024-04-26T12:50:33.797+0000] {dagbag.py:540} INFO - Filling up the DagBag from /home/airflow/.local/lib/python3.12/site-packages/airflow/example_dags/example_dag_decorator.py
[2024-04-26T12:50:33.917+0000] {processor.py:840} INFO - DAG(s) 'example_dag_decorator' retrieved from /home/airflow/.local/lib/python3.12/site-packages/airflow/example_dags/example_dag_decorator.py
[2024-04-26T12:50:34.062+0000] {logging_mixin.py:188} INFO - [2024-04-26T12:50:34.061+0000] {dag.py:3096} INFO - Sync 1 DAGs
[2024-04-26T12:50:34.075+0000] {logging_mixin.py:188} INFO - [2024-04-26T12:50:34.075+0000] {dag.py:3954} INFO - Setting next_dagrun for example_dag_decorator to None, run_after=None
[2024-04-26T12:50:34.103+0000] {processor.py:183} INFO - Processing /home/airflow/.local/lib/python3.12/site-packages/airflow/example_dags/example_dag_decorator.py took 0.316 seconds
[2024-04-26T12:51:04.268+0000] {processor.py:161} INFO - Started process (PID=2580) to work on /home/airflow/.local/lib/python3.12/site-packages/airflow/example_dags/example_dag_decorator.py
[2024-04-26T12:51:04.269+0000] {processor.py:830} INFO - Processing file /home/airflow/.local/lib/python3.12/site-packages/airflow/example_dags/example_dag_decorator.py for tasks to queue
[2024-04-26T12:51:04.271+0000] {logging_mixin.py:188} INFO - [2024-04-26T12:51:04.270+0000] {dagbag.py:540} INFO - Filling up the DagBag from /home/airflow/.local/lib/python3.12/site-packages/airflow/example_dags/example_dag_decorator.py
[2024-04-26T12:51:04.385+0000] {processor.py:840} INFO - DAG(s) 'example_dag_decorator' retrieved from /home/airflow/.local/lib/python3.12/site-packages/airflow/example_dags/example_dag_decorator.py
[2024-04-26T12:51:04.523+0000] {logging_mixin.py:188} INFO - [2024-04-26T12:51:04.522+0000] {dag.py:3096} INFO - Sync 1 DAGs
[2024-04-26T12:51:04.534+0000] {logging_mixin.py:188} INFO - [2024-04-26T12:51:04.533+0000] {dag.py:3954} INFO - Setting next_dagrun for example_dag_decorator to None, run_after=None
[2024-04-26T12:51:04.553+0000] {processor.py:183} INFO - Processing /home/airflow/.local/lib/python3.12/site-packages/airflow/example_dags/example_dag_decorator.py took 0.293 seconds
[2024-04-26T12:51:34.812+0000] {processor.py:161} INFO - Started process (PID=2817) to work on /home/airflow/.local/lib/python3.12/site-packages/airflow/example_dags/example_dag_decorator.py
[2024-04-26T12:51:34.813+0000] {processor.py:830} INFO - Processing file /home/airflow/.local/lib/python3.12/site-packages/airflow/example_dags/example_dag_decorator.py for tasks to queue
[2024-04-26T12:51:34.816+0000] {logging_mixin.py:188} INFO - [2024-04-26T12:51:34.815+0000] {dagbag.py:540} INFO - Filling up the DagBag from /home/airflow/.local/lib/python3.12/site-packages/airflow/example_dags/example_dag_decorator.py
[2024-04-26T12:51:34.905+0000] {processor.py:840} INFO - DAG(s) 'example_dag_decorator' retrieved from /home/airflow/.local/lib/python3.12/site-packages/airflow/example_dags/example_dag_decorator.py
[2024-04-26T12:51:35.019+0000] {logging_mixin.py:188} INFO - [2024-04-26T12:51:35.019+0000] {dag.py:3096} INFO - Sync 1 DAGs
[2024-04-26T12:51:35.030+0000] {logging_mixin.py:188} INFO - [2024-04-26T12:51:35.030+0000] {dag.py:3954} INFO - Setting next_dagrun for example_dag_decorator to None, run_after=None
[2024-04-26T12:51:35.050+0000] {processor.py:183} INFO - Processing /home/airflow/.local/lib/python3.12/site-packages/airflow/example_dags/example_dag_decorator.py took 0.244 seconds
[2024-04-26T12:52:05.146+0000] {processor.py:161} INFO - Started process (PID=3061) to work on /home/airflow/.local/lib/python3.12/site-packages/airflow/example_dags/example_dag_decorator.py
[2024-04-26T12:52:05.147+0000] {processor.py:830} INFO - Processing file /home/airflow/.local/lib/python3.12/site-packages/airflow/example_dags/example_dag_decorator.py for tasks to queue
[2024-04-26T12:52:05.149+0000] {logging_mixin.py:188} INFO - [2024-04-26T12:52:05.149+0000] {dagbag.py:540} INFO - Filling up the DagBag from /home/airflow/.local/lib/python3.12/site-packages/airflow/example_dags/example_dag_decorator.py
[2024-04-26T12:52:05.241+0000] {processor.py:840} INFO - DAG(s) 'example_dag_decorator' retrieved from /home/airflow/.local/lib/python3.12/site-packages/airflow/example_dags/example_dag_decorator.py
[2024-04-26T12:52:05.355+0000] {logging_mixin.py:188} INFO - [2024-04-26T12:52:05.354+0000] {dag.py:3096} INFO - Sync 1 DAGs
[2024-04-26T12:52:05.364+0000] {logging_mixin.py:188} INFO - [2024-04-26T12:52:05.364+0000] {dag.py:3954} INFO - Setting next_dagrun for example_dag_decorator to None, run_after=None
[2024-04-26T12:52:05.383+0000] {processor.py:183} INFO - Processing /home/airflow/.local/lib/python3.12/site-packages/airflow/example_dags/example_dag_decorator.py took 0.242 seconds
[2024-04-26T12:52:36.295+0000] {processor.py:161} INFO - Started process (PID=3322) to work on /home/airflow/.local/lib/python3.12/site-packages/airflow/example_dags/example_dag_decorator.py
[2024-04-26T12:52:36.296+0000] {processor.py:830} INFO - Processing file /home/airflow/.local/lib/python3.12/site-packages/airflow/example_dags/example_dag_decorator.py for tasks to queue
[2024-04-26T12:52:36.299+0000] {logging_mixin.py:188} INFO - [2024-04-26T12:52:36.298+0000] {dagbag.py:540} INFO - Filling up the DagBag from /home/airflow/.local/lib/python3.12/site-packages/airflow/example_dags/example_dag_decorator.py
[2024-04-26T12:52:36.377+0000] {processor.py:840} INFO - DAG(s) 'example_dag_decorator' retrieved from /home/airflow/.local/lib/python3.12/site-packages/airflow/example_dags/example_dag_decorator.py
[2024-04-26T12:52:36.475+0000] {logging_mixin.py:188} INFO - [2024-04-26T12:52:36.475+0000] {dag.py:3096} INFO - Sync 1 DAGs
[2024-04-26T12:52:36.485+0000] {logging_mixin.py:188} INFO - [2024-04-26T12:52:36.485+0000] {dag.py:3954} INFO - Setting next_dagrun for example_dag_decorator to None, run_after=None
[2024-04-26T12:52:36.503+0000] {processor.py:183} INFO - Processing /home/airflow/.local/lib/python3.12/site-packages/airflow/example_dags/example_dag_decorator.py took 0.213 seconds
[2024-04-26T12:53:06.830+0000] {processor.py:161} INFO - Started process (PID=3574) to work on /home/airflow/.local/lib/python3.12/site-packages/airflow/example_dags/example_dag_decorator.py
[2024-04-26T12:53:06.831+0000] {processor.py:830} INFO - Processing file /home/airflow/.local/lib/python3.12/site-packages/airflow/example_dags/example_dag_decorator.py for tasks to queue
[2024-04-26T12:53:06.833+0000] {logging_mixin.py:188} INFO - [2024-04-26T12:53:06.832+0000] {dagbag.py:540} INFO - Filling up the DagBag from /home/airflow/.local/lib/python3.12/site-packages/airflow/example_dags/example_dag_decorator.py
[2024-04-26T12:53:06.908+0000] {processor.py:840} INFO - DAG(s) 'example_dag_decorator' retrieved from /home/airflow/.local/lib/python3.12/site-packages/airflow/example_dags/example_dag_decorator.py
[2024-04-26T12:53:06.996+0000] {logging_mixin.py:188} INFO - [2024-04-26T12:53:06.995+0000] {dag.py:3096} INFO - Sync 1 DAGs
[2024-04-26T12:53:07.005+0000] {logging_mixin.py:188} INFO - [2024-04-26T12:53:07.005+0000] {dag.py:3954} INFO - Setting next_dagrun for example_dag_decorator to None, run_after=None
[2024-04-26T12:53:07.021+0000] {processor.py:183} INFO - Processing /home/airflow/.local/lib/python3.12/site-packages/airflow/example_dags/example_dag_decorator.py took 0.196 seconds
[2024-04-26T12:53:37.831+0000] {processor.py:161} INFO - Started process (PID=3802) to work on /home/airflow/.local/lib/python3.12/site-packages/airflow/example_dags/example_dag_decorator.py
[2024-04-26T12:53:37.832+0000] {processor.py:830} INFO - Processing file /home/airflow/.local/lib/python3.12/site-packages/airflow/example_dags/example_dag_decorator.py for tasks to queue
[2024-04-26T12:53:37.833+0000] {logging_mixin.py:188} INFO - [2024-04-26T12:53:37.833+0000] {dagbag.py:540} INFO - Filling up the DagBag from /home/airflow/.local/lib/python3.12/site-packages/airflow/example_dags/example_dag_decorator.py
[2024-04-26T12:53:37.908+0000] {processor.py:840} INFO - DAG(s) 'example_dag_decorator' retrieved from /home/airflow/.local/lib/python3.12/site-packages/airflow/example_dags/example_dag_decorator.py
[2024-04-26T12:53:37.992+0000] {logging_mixin.py:188} INFO - [2024-04-26T12:53:37.992+0000] {dag.py:3096} INFO - Sync 1 DAGs
[2024-04-26T12:53:38.001+0000] {logging_mixin.py:188} INFO - [2024-04-26T12:53:38.001+0000] {dag.py:3954} INFO - Setting next_dagrun for example_dag_decorator to None, run_after=None
[2024-04-26T12:53:38.017+0000] {processor.py:183} INFO - Processing /home/airflow/.local/lib/python3.12/site-packages/airflow/example_dags/example_dag_decorator.py took 0.191 seconds
[2024-04-26T12:54:08.251+0000] {processor.py:161} INFO - Started process (PID=3866) to work on /home/airflow/.local/lib/python3.12/site-packages/airflow/example_dags/example_dag_decorator.py
[2024-04-26T12:54:08.252+0000] {processor.py:830} INFO - Processing file /home/airflow/.local/lib/python3.12/site-packages/airflow/example_dags/example_dag_decorator.py for tasks to queue
[2024-04-26T12:54:08.254+0000] {logging_mixin.py:188} INFO - [2024-04-26T12:54:08.254+0000] {dagbag.py:540} INFO - Filling up the DagBag from /home/airflow/.local/lib/python3.12/site-packages/airflow/example_dags/example_dag_decorator.py
[2024-04-26T12:54:08.325+0000] {processor.py:840} INFO - DAG(s) 'example_dag_decorator' retrieved from /home/airflow/.local/lib/python3.12/site-packages/airflow/example_dags/example_dag_decorator.py
[2024-04-26T12:54:08.407+0000] {logging_mixin.py:188} INFO - [2024-04-26T12:54:08.406+0000] {dag.py:3096} INFO - Sync 1 DAGs
[2024-04-26T12:54:08.415+0000] {logging_mixin.py:188} INFO - [2024-04-26T12:54:08.415+0000] {dag.py:3954} INFO - Setting next_dagrun for example_dag_decorator to None, run_after=None
[2024-04-26T12:54:08.429+0000] {processor.py:183} INFO - Processing /home/airflow/.local/lib/python3.12/site-packages/airflow/example_dags/example_dag_decorator.py took 0.182 seconds
[2024-04-26T12:54:38.569+0000] {processor.py:161} INFO - Started process (PID=3926) to work on /home/airflow/.local/lib/python3.12/site-packages/airflow/example_dags/example_dag_decorator.py
[2024-04-26T12:54:38.570+0000] {processor.py:830} INFO - Processing file /home/airflow/.local/lib/python3.12/site-packages/airflow/example_dags/example_dag_decorator.py for tasks to queue
[2024-04-26T12:54:38.571+0000] {logging_mixin.py:188} INFO - [2024-04-26T12:54:38.571+0000] {dagbag.py:540} INFO - Filling up the DagBag from /home/airflow/.local/lib/python3.12/site-packages/airflow/example_dags/example_dag_decorator.py
[2024-04-26T12:54:38.643+0000] {processor.py:840} INFO - DAG(s) 'example_dag_decorator' retrieved from /home/airflow/.local/lib/python3.12/site-packages/airflow/example_dags/example_dag_decorator.py
[2024-04-26T12:54:38.663+0000] {logging_mixin.py:188} INFO - [2024-04-26T12:54:38.662+0000] {dag.py:3096} INFO - Sync 1 DAGs
[2024-04-26T12:54:38.673+0000] {logging_mixin.py:188} INFO - [2024-04-26T12:54:38.673+0000] {dag.py:3954} INFO - Setting next_dagrun for example_dag_decorator to None, run_after=None
[2024-04-26T12:54:38.688+0000] {processor.py:183} INFO - Processing /home/airflow/.local/lib/python3.12/site-packages/airflow/example_dags/example_dag_decorator.py took 0.124 seconds
[2024-04-26T12:55:09.093+0000] {processor.py:161} INFO - Started process (PID=3986) to work on /home/airflow/.local/lib/python3.12/site-packages/airflow/example_dags/example_dag_decorator.py
[2024-04-26T12:55:09.094+0000] {processor.py:830} INFO - Processing file /home/airflow/.local/lib/python3.12/site-packages/airflow/example_dags/example_dag_decorator.py for tasks to queue
[2024-04-26T12:55:09.095+0000] {logging_mixin.py:188} INFO - [2024-04-26T12:55:09.095+0000] {dagbag.py:540} INFO - Filling up the DagBag from /home/airflow/.local/lib/python3.12/site-packages/airflow/example_dags/example_dag_decorator.py
[2024-04-26T12:55:09.169+0000] {processor.py:840} INFO - DAG(s) 'example_dag_decorator' retrieved from /home/airflow/.local/lib/python3.12/site-packages/airflow/example_dags/example_dag_decorator.py
[2024-04-26T12:55:09.254+0000] {logging_mixin.py:188} INFO - [2024-04-26T12:55:09.254+0000] {dag.py:3096} INFO - Sync 1 DAGs
[2024-04-26T12:55:09.266+0000] {logging_mixin.py:188} INFO - [2024-04-26T12:55:09.265+0000] {dag.py:3954} INFO - Setting next_dagrun for example_dag_decorator to None, run_after=None
[2024-04-26T12:55:09.283+0000] {processor.py:183} INFO - Processing /home/airflow/.local/lib/python3.12/site-packages/airflow/example_dags/example_dag_decorator.py took 0.195 seconds
[2024-04-26T12:55:39.569+0000] {processor.py:161} INFO - Started process (PID=4046) to work on /home/airflow/.local/lib/python3.12/site-packages/airflow/example_dags/example_dag_decorator.py
[2024-04-26T12:55:39.570+0000] {processor.py:830} INFO - Processing file /home/airflow/.local/lib/python3.12/site-packages/airflow/example_dags/example_dag_decorator.py for tasks to queue
[2024-04-26T12:55:39.572+0000] {logging_mixin.py:188} INFO - [2024-04-26T12:55:39.571+0000] {dagbag.py:540} INFO - Filling up the DagBag from /home/airflow/.local/lib/python3.12/site-packages/airflow/example_dags/example_dag_decorator.py
[2024-04-26T12:55:39.649+0000] {processor.py:840} INFO - DAG(s) 'example_dag_decorator' retrieved from /home/airflow/.local/lib/python3.12/site-packages/airflow/example_dags/example_dag_decorator.py
[2024-04-26T12:55:39.745+0000] {logging_mixin.py:188} INFO - [2024-04-26T12:55:39.744+0000] {dag.py:3096} INFO - Sync 1 DAGs
[2024-04-26T12:55:39.756+0000] {logging_mixin.py:188} INFO - [2024-04-26T12:55:39.756+0000] {dag.py:3954} INFO - Setting next_dagrun for example_dag_decorator to None, run_after=None
[2024-04-26T12:55:39.776+0000] {processor.py:183} INFO - Processing /home/airflow/.local/lib/python3.12/site-packages/airflow/example_dags/example_dag_decorator.py took 0.213 seconds
[2024-04-26T12:56:10.027+0000] {processor.py:161} INFO - Started process (PID=4110) to work on /home/airflow/.local/lib/python3.12/site-packages/airflow/example_dags/example_dag_decorator.py
[2024-04-26T12:56:10.028+0000] {processor.py:830} INFO - Processing file /home/airflow/.local/lib/python3.12/site-packages/airflow/example_dags/example_dag_decorator.py for tasks to queue
[2024-04-26T12:56:10.030+0000] {logging_mixin.py:188} INFO - [2024-04-26T12:56:10.030+0000] {dagbag.py:540} INFO - Filling up the DagBag from /home/airflow/.local/lib/python3.12/site-packages/airflow/example_dags/example_dag_decorator.py
[2024-04-26T12:56:10.104+0000] {processor.py:840} INFO - DAG(s) 'example_dag_decorator' retrieved from /home/airflow/.local/lib/python3.12/site-packages/airflow/example_dags/example_dag_decorator.py
[2024-04-26T12:56:10.190+0000] {logging_mixin.py:188} INFO - [2024-04-26T12:56:10.190+0000] {dag.py:3096} INFO - Sync 1 DAGs
[2024-04-26T12:56:10.198+0000] {logging_mixin.py:188} INFO - [2024-04-26T12:56:10.198+0000] {dag.py:3954} INFO - Setting next_dagrun for example_dag_decorator to None, run_after=None
[2024-04-26T12:56:10.212+0000] {processor.py:183} INFO - Processing /home/airflow/.local/lib/python3.12/site-packages/airflow/example_dags/example_dag_decorator.py took 0.189 seconds
[2024-04-26T12:56:40.433+0000] {processor.py:161} INFO - Started process (PID=4170) to work on /home/airflow/.local/lib/python3.12/site-packages/airflow/example_dags/example_dag_decorator.py
[2024-04-26T12:56:40.434+0000] {processor.py:830} INFO - Processing file /home/airflow/.local/lib/python3.12/site-packages/airflow/example_dags/example_dag_decorator.py for tasks to queue
[2024-04-26T12:56:40.435+0000] {logging_mixin.py:188} INFO - [2024-04-26T12:56:40.435+0000] {dagbag.py:540} INFO - Filling up the DagBag from /home/airflow/.local/lib/python3.12/site-packages/airflow/example_dags/example_dag_decorator.py
[2024-04-26T12:56:40.508+0000] {processor.py:840} INFO - DAG(s) 'example_dag_decorator' retrieved from /home/airflow/.local/lib/python3.12/site-packages/airflow/example_dags/example_dag_decorator.py
[2024-04-26T12:56:40.598+0000] {logging_mixin.py:188} INFO - [2024-04-26T12:56:40.598+0000] {dag.py:3096} INFO - Sync 1 DAGs
[2024-04-26T12:56:40.606+0000] {logging_mixin.py:188} INFO - [2024-04-26T12:56:40.606+0000] {dag.py:3954} INFO - Setting next_dagrun for example_dag_decorator to None, run_after=None
[2024-04-26T12:56:40.621+0000] {processor.py:183} INFO - Processing /home/airflow/.local/lib/python3.12/site-packages/airflow/example_dags/example_dag_decorator.py took 0.193 seconds
[2024-04-26T12:57:10.911+0000] {processor.py:161} INFO - Started process (PID=4230) to work on /home/airflow/.local/lib/python3.12/site-packages/airflow/example_dags/example_dag_decorator.py
[2024-04-26T12:57:10.912+0000] {processor.py:830} INFO - Processing file /home/airflow/.local/lib/python3.12/site-packages/airflow/example_dags/example_dag_decorator.py for tasks to queue
[2024-04-26T12:57:10.913+0000] {logging_mixin.py:188} INFO - [2024-04-26T12:57:10.913+0000] {dagbag.py:540} INFO - Filling up the DagBag from /home/airflow/.local/lib/python3.12/site-packages/airflow/example_dags/example_dag_decorator.py
[2024-04-26T12:57:10.991+0000] {processor.py:840} INFO - DAG(s) 'example_dag_decorator' retrieved from /home/airflow/.local/lib/python3.12/site-packages/airflow/example_dags/example_dag_decorator.py
[2024-04-26T12:57:11.075+0000] {logging_mixin.py:188} INFO - [2024-04-26T12:57:11.074+0000] {dag.py:3096} INFO - Sync 1 DAGs
[2024-04-26T12:57:11.083+0000] {logging_mixin.py:188} INFO - [2024-04-26T12:57:11.083+0000] {dag.py:3954} INFO - Setting next_dagrun for example_dag_decorator to None, run_after=None
[2024-04-26T12:57:11.098+0000] {processor.py:183} INFO - Processing /home/airflow/.local/lib/python3.12/site-packages/airflow/example_dags/example_dag_decorator.py took 0.192 seconds
[2024-04-26T12:57:41.254+0000] {processor.py:161} INFO - Started process (PID=4290) to work on /home/airflow/.local/lib/python3.12/site-packages/airflow/example_dags/example_dag_decorator.py
[2024-04-26T12:57:41.254+0000] {processor.py:830} INFO - Processing file /home/airflow/.local/lib/python3.12/site-packages/airflow/example_dags/example_dag_decorator.py for tasks to queue
[2024-04-26T12:57:41.256+0000] {logging_mixin.py:188} INFO - [2024-04-26T12:57:41.256+0000] {dagbag.py:540} INFO - Filling up the DagBag from /home/airflow/.local/lib/python3.12/site-packages/airflow/example_dags/example_dag_decorator.py
[2024-04-26T12:57:41.330+0000] {processor.py:840} INFO - DAG(s) 'example_dag_decorator' retrieved from /home/airflow/.local/lib/python3.12/site-packages/airflow/example_dags/example_dag_decorator.py
[2024-04-26T12:57:41.412+0000] {logging_mixin.py:188} INFO - [2024-04-26T12:57:41.412+0000] {dag.py:3096} INFO - Sync 1 DAGs
[2024-04-26T12:57:41.420+0000] {logging_mixin.py:188} INFO - [2024-04-26T12:57:41.420+0000] {dag.py:3954} INFO - Setting next_dagrun for example_dag_decorator to None, run_after=None
[2024-04-26T12:57:41.436+0000] {processor.py:183} INFO - Processing /home/airflow/.local/lib/python3.12/site-packages/airflow/example_dags/example_dag_decorator.py took 0.187 seconds
[2024-04-26T12:58:11.585+0000] {processor.py:161} INFO - Started process (PID=4354) to work on /home/airflow/.local/lib/python3.12/site-packages/airflow/example_dags/example_dag_decorator.py
[2024-04-26T12:58:11.586+0000] {processor.py:830} INFO - Processing file /home/airflow/.local/lib/python3.12/site-packages/airflow/example_dags/example_dag_decorator.py for tasks to queue
[2024-04-26T12:58:11.587+0000] {logging_mixin.py:188} INFO - [2024-04-26T12:58:11.587+0000] {dagbag.py:540} INFO - Filling up the DagBag from /home/airflow/.local/lib/python3.12/site-packages/airflow/example_dags/example_dag_decorator.py
[2024-04-26T12:58:11.660+0000] {processor.py:840} INFO - DAG(s) 'example_dag_decorator' retrieved from /home/airflow/.local/lib/python3.12/site-packages/airflow/example_dags/example_dag_decorator.py
[2024-04-26T12:58:11.745+0000] {logging_mixin.py:188} INFO - [2024-04-26T12:58:11.745+0000] {dag.py:3096} INFO - Sync 1 DAGs
[2024-04-26T12:58:11.754+0000] {logging_mixin.py:188} INFO - [2024-04-26T12:58:11.754+0000] {dag.py:3954} INFO - Setting next_dagrun for example_dag_decorator to None, run_after=None
[2024-04-26T12:58:11.770+0000] {processor.py:183} INFO - Processing /home/airflow/.local/lib/python3.12/site-packages/airflow/example_dags/example_dag_decorator.py took 0.190 seconds
