[2024-04-26T12:34:45.591+0000] {processor.py:161} INFO - Started process (PID=69) to work on /home/airflow/.local/lib/python3.12/site-packages/airflow/example_dags/example_latest_only.py
[2024-04-26T12:34:45.592+0000] {processor.py:830} INFO - Processing file /home/airflow/.local/lib/python3.12/site-packages/airflow/example_dags/example_latest_only.py for tasks to queue
[2024-04-26T12:34:45.594+0000] {logging_mixin.py:188} INFO - [2024-04-26T12:34:45.593+0000] {dagbag.py:540} INFO - Filling up the DagBag from /home/airflow/.local/lib/python3.12/site-packages/airflow/example_dags/example_latest_only.py
[2024-04-26T12:34:45.599+0000] {processor.py:840} INFO - DAG(s) 'latest_only' retrieved from /home/airflow/.local/lib/python3.12/site-packages/airflow/example_dags/example_latest_only.py
[2024-04-26T12:34:45.683+0000] {logging_mixin.py:188} INFO - [2024-04-26T12:34:45.682+0000] {override.py:1829} INFO - Created Permission View: can delete on DAG:latest_only
[2024-04-26T12:34:45.693+0000] {logging_mixin.py:188} INFO - [2024-04-26T12:34:45.692+0000] {override.py:1829} INFO - Created Permission View: can edit on DAG:latest_only
[2024-04-26T12:34:45.698+0000] {logging_mixin.py:188} INFO - [2024-04-26T12:34:45.698+0000] {override.py:1829} INFO - Created Permission View: can read on DAG:latest_only
[2024-04-26T12:34:45.699+0000] {logging_mixin.py:188} INFO - [2024-04-26T12:34:45.699+0000] {dag.py:3096} INFO - Sync 1 DAGs
[2024-04-26T12:34:45.709+0000] {logging_mixin.py:188} INFO - [2024-04-26T12:34:45.709+0000] {dag.py:3118} INFO - Creating ORM DAG for latest_only
[2024-04-26T12:34:45.720+0000] {logging_mixin.py:188} INFO - [2024-04-26T12:34:45.719+0000] {dag.py:3954} INFO - Setting next_dagrun for latest_only to 2024-04-26 08:00:00+00:00, run_after=2024-04-26 12:00:00+00:00
[2024-04-26T12:34:45.743+0000] {processor.py:183} INFO - Processing /home/airflow/.local/lib/python3.12/site-packages/airflow/example_dags/example_latest_only.py took 0.157 seconds
[2024-04-26T12:35:15.929+0000] {processor.py:161} INFO - Started process (PID=127) to work on /home/airflow/.local/lib/python3.12/site-packages/airflow/example_dags/example_latest_only.py
[2024-04-26T12:35:15.930+0000] {processor.py:830} INFO - Processing file /home/airflow/.local/lib/python3.12/site-packages/airflow/example_dags/example_latest_only.py for tasks to queue
[2024-04-26T12:35:15.932+0000] {logging_mixin.py:188} INFO - [2024-04-26T12:35:15.931+0000] {dagbag.py:540} INFO - Filling up the DagBag from /home/airflow/.local/lib/python3.12/site-packages/airflow/example_dags/example_latest_only.py
[2024-04-26T12:35:15.935+0000] {processor.py:840} INFO - DAG(s) 'latest_only' retrieved from /home/airflow/.local/lib/python3.12/site-packages/airflow/example_dags/example_latest_only.py
[2024-04-26T12:35:15.951+0000] {logging_mixin.py:188} INFO - [2024-04-26T12:35:15.950+0000] {dag.py:3096} INFO - Sync 1 DAGs
[2024-04-26T12:35:15.967+0000] {logging_mixin.py:188} INFO - [2024-04-26T12:35:15.966+0000] {dag.py:3954} INFO - Setting next_dagrun for latest_only to 2024-04-26 08:00:00+00:00, run_after=2024-04-26 12:00:00+00:00
[2024-04-26T12:35:15.980+0000] {processor.py:183} INFO - Processing /home/airflow/.local/lib/python3.12/site-packages/airflow/example_dags/example_latest_only.py took 0.055 seconds
[2024-04-26T12:35:46.109+0000] {processor.py:161} INFO - Started process (PID=185) to work on /home/airflow/.local/lib/python3.12/site-packages/airflow/example_dags/example_latest_only.py
[2024-04-26T12:35:46.110+0000] {processor.py:830} INFO - Processing file /home/airflow/.local/lib/python3.12/site-packages/airflow/example_dags/example_latest_only.py for tasks to queue
[2024-04-26T12:35:46.112+0000] {logging_mixin.py:188} INFO - [2024-04-26T12:35:46.112+0000] {dagbag.py:540} INFO - Filling up the DagBag from /home/airflow/.local/lib/python3.12/site-packages/airflow/example_dags/example_latest_only.py
[2024-04-26T12:35:46.116+0000] {processor.py:840} INFO - DAG(s) 'latest_only' retrieved from /home/airflow/.local/lib/python3.12/site-packages/airflow/example_dags/example_latest_only.py
[2024-04-26T12:35:46.133+0000] {logging_mixin.py:188} INFO - [2024-04-26T12:35:46.133+0000] {dag.py:3096} INFO - Sync 1 DAGs
[2024-04-26T12:35:46.152+0000] {logging_mixin.py:188} INFO - [2024-04-26T12:35:46.152+0000] {dag.py:3954} INFO - Setting next_dagrun for latest_only to 2024-04-26 08:00:00+00:00, run_after=2024-04-26 12:00:00+00:00
[2024-04-26T12:35:46.167+0000] {processor.py:183} INFO - Processing /home/airflow/.local/lib/python3.12/site-packages/airflow/example_dags/example_latest_only.py took 0.062 seconds
[2024-04-26T12:36:16.973+0000] {processor.py:161} INFO - Started process (PID=243) to work on /home/airflow/.local/lib/python3.12/site-packages/airflow/example_dags/example_latest_only.py
[2024-04-26T12:36:16.974+0000] {processor.py:830} INFO - Processing file /home/airflow/.local/lib/python3.12/site-packages/airflow/example_dags/example_latest_only.py for tasks to queue
[2024-04-26T12:36:16.976+0000] {logging_mixin.py:188} INFO - [2024-04-26T12:36:16.976+0000] {dagbag.py:540} INFO - Filling up the DagBag from /home/airflow/.local/lib/python3.12/site-packages/airflow/example_dags/example_latest_only.py
[2024-04-26T12:36:16.980+0000] {processor.py:840} INFO - DAG(s) 'latest_only' retrieved from /home/airflow/.local/lib/python3.12/site-packages/airflow/example_dags/example_latest_only.py
[2024-04-26T12:36:16.995+0000] {logging_mixin.py:188} INFO - [2024-04-26T12:36:16.994+0000] {dag.py:3096} INFO - Sync 1 DAGs
[2024-04-26T12:36:17.011+0000] {logging_mixin.py:188} INFO - [2024-04-26T12:36:17.010+0000] {dag.py:3954} INFO - Setting next_dagrun for latest_only to 2024-04-26 08:00:00+00:00, run_after=2024-04-26 12:00:00+00:00
[2024-04-26T12:36:17.027+0000] {processor.py:183} INFO - Processing /home/airflow/.local/lib/python3.12/site-packages/airflow/example_dags/example_latest_only.py took 0.058 seconds
[2024-04-26T12:36:47.366+0000] {processor.py:161} INFO - Started process (PID=301) to work on /home/airflow/.local/lib/python3.12/site-packages/airflow/example_dags/example_latest_only.py
[2024-04-26T12:36:47.367+0000] {processor.py:830} INFO - Processing file /home/airflow/.local/lib/python3.12/site-packages/airflow/example_dags/example_latest_only.py for tasks to queue
[2024-04-26T12:36:47.369+0000] {logging_mixin.py:188} INFO - [2024-04-26T12:36:47.368+0000] {dagbag.py:540} INFO - Filling up the DagBag from /home/airflow/.local/lib/python3.12/site-packages/airflow/example_dags/example_latest_only.py
[2024-04-26T12:36:47.372+0000] {processor.py:840} INFO - DAG(s) 'latest_only' retrieved from /home/airflow/.local/lib/python3.12/site-packages/airflow/example_dags/example_latest_only.py
[2024-04-26T12:36:47.388+0000] {logging_mixin.py:188} INFO - [2024-04-26T12:36:47.388+0000] {dag.py:3096} INFO - Sync 1 DAGs
[2024-04-26T12:36:47.404+0000] {logging_mixin.py:188} INFO - [2024-04-26T12:36:47.404+0000] {dag.py:3954} INFO - Setting next_dagrun for latest_only to 2024-04-26 08:00:00+00:00, run_after=2024-04-26 12:00:00+00:00
[2024-04-26T12:36:47.417+0000] {processor.py:183} INFO - Processing /home/airflow/.local/lib/python3.12/site-packages/airflow/example_dags/example_latest_only.py took 0.055 seconds
[2024-04-26T12:37:17.746+0000] {processor.py:161} INFO - Started process (PID=359) to work on /home/airflow/.local/lib/python3.12/site-packages/airflow/example_dags/example_latest_only.py
[2024-04-26T12:37:17.747+0000] {processor.py:830} INFO - Processing file /home/airflow/.local/lib/python3.12/site-packages/airflow/example_dags/example_latest_only.py for tasks to queue
[2024-04-26T12:37:17.749+0000] {logging_mixin.py:188} INFO - [2024-04-26T12:37:17.749+0000] {dagbag.py:540} INFO - Filling up the DagBag from /home/airflow/.local/lib/python3.12/site-packages/airflow/example_dags/example_latest_only.py
[2024-04-26T12:37:17.753+0000] {processor.py:840} INFO - DAG(s) 'latest_only' retrieved from /home/airflow/.local/lib/python3.12/site-packages/airflow/example_dags/example_latest_only.py
[2024-04-26T12:37:17.768+0000] {logging_mixin.py:188} INFO - [2024-04-26T12:37:17.767+0000] {dag.py:3096} INFO - Sync 1 DAGs
[2024-04-26T12:37:17.783+0000] {logging_mixin.py:188} INFO - [2024-04-26T12:37:17.783+0000] {dag.py:3954} INFO - Setting next_dagrun for latest_only to 2024-04-26 08:00:00+00:00, run_after=2024-04-26 12:00:00+00:00
[2024-04-26T12:37:17.796+0000] {processor.py:183} INFO - Processing /home/airflow/.local/lib/python3.12/site-packages/airflow/example_dags/example_latest_only.py took 0.054 seconds
[2024-04-26T12:37:48.153+0000] {processor.py:161} INFO - Started process (PID=416) to work on /home/airflow/.local/lib/python3.12/site-packages/airflow/example_dags/example_latest_only.py
[2024-04-26T12:37:48.154+0000] {processor.py:830} INFO - Processing file /home/airflow/.local/lib/python3.12/site-packages/airflow/example_dags/example_latest_only.py for tasks to queue
[2024-04-26T12:37:48.156+0000] {logging_mixin.py:188} INFO - [2024-04-26T12:37:48.156+0000] {dagbag.py:540} INFO - Filling up the DagBag from /home/airflow/.local/lib/python3.12/site-packages/airflow/example_dags/example_latest_only.py
[2024-04-26T12:37:48.160+0000] {processor.py:840} INFO - DAG(s) 'latest_only' retrieved from /home/airflow/.local/lib/python3.12/site-packages/airflow/example_dags/example_latest_only.py
[2024-04-26T12:37:48.176+0000] {logging_mixin.py:188} INFO - [2024-04-26T12:37:48.176+0000] {dag.py:3096} INFO - Sync 1 DAGs
[2024-04-26T12:37:48.193+0000] {logging_mixin.py:188} INFO - [2024-04-26T12:37:48.193+0000] {dag.py:3954} INFO - Setting next_dagrun for latest_only to 2024-04-26 08:00:00+00:00, run_after=2024-04-26 12:00:00+00:00
[2024-04-26T12:37:48.208+0000] {processor.py:183} INFO - Processing /home/airflow/.local/lib/python3.12/site-packages/airflow/example_dags/example_latest_only.py took 0.060 seconds
[2024-04-26T12:38:18.568+0000] {processor.py:161} INFO - Started process (PID=474) to work on /home/airflow/.local/lib/python3.12/site-packages/airflow/example_dags/example_latest_only.py
[2024-04-26T12:38:18.569+0000] {processor.py:830} INFO - Processing file /home/airflow/.local/lib/python3.12/site-packages/airflow/example_dags/example_latest_only.py for tasks to queue
[2024-04-26T12:38:18.571+0000] {logging_mixin.py:188} INFO - [2024-04-26T12:38:18.571+0000] {dagbag.py:540} INFO - Filling up the DagBag from /home/airflow/.local/lib/python3.12/site-packages/airflow/example_dags/example_latest_only.py
[2024-04-26T12:38:18.575+0000] {processor.py:840} INFO - DAG(s) 'latest_only' retrieved from /home/airflow/.local/lib/python3.12/site-packages/airflow/example_dags/example_latest_only.py
[2024-04-26T12:38:18.591+0000] {logging_mixin.py:188} INFO - [2024-04-26T12:38:18.590+0000] {dag.py:3096} INFO - Sync 1 DAGs
[2024-04-26T12:38:18.612+0000] {logging_mixin.py:188} INFO - [2024-04-26T12:38:18.611+0000] {dag.py:3954} INFO - Setting next_dagrun for latest_only to 2024-04-26 08:00:00+00:00, run_after=2024-04-26 12:00:00+00:00
[2024-04-26T12:38:18.626+0000] {processor.py:183} INFO - Processing /home/airflow/.local/lib/python3.12/site-packages/airflow/example_dags/example_latest_only.py took 0.062 seconds
[2024-04-26T12:38:48.973+0000] {processor.py:161} INFO - Started process (PID=533) to work on /home/airflow/.local/lib/python3.12/site-packages/airflow/example_dags/example_latest_only.py
[2024-04-26T12:38:48.974+0000] {processor.py:830} INFO - Processing file /home/airflow/.local/lib/python3.12/site-packages/airflow/example_dags/example_latest_only.py for tasks to queue
[2024-04-26T12:38:48.976+0000] {logging_mixin.py:188} INFO - [2024-04-26T12:38:48.976+0000] {dagbag.py:540} INFO - Filling up the DagBag from /home/airflow/.local/lib/python3.12/site-packages/airflow/example_dags/example_latest_only.py
[2024-04-26T12:38:48.980+0000] {processor.py:840} INFO - DAG(s) 'latest_only' retrieved from /home/airflow/.local/lib/python3.12/site-packages/airflow/example_dags/example_latest_only.py
[2024-04-26T12:38:48.995+0000] {logging_mixin.py:188} INFO - [2024-04-26T12:38:48.995+0000] {dag.py:3096} INFO - Sync 1 DAGs
[2024-04-26T12:38:49.011+0000] {logging_mixin.py:188} INFO - [2024-04-26T12:38:49.011+0000] {dag.py:3954} INFO - Setting next_dagrun for latest_only to 2024-04-26 08:00:00+00:00, run_after=2024-04-26 12:00:00+00:00
[2024-04-26T12:38:49.027+0000] {processor.py:183} INFO - Processing /home/airflow/.local/lib/python3.12/site-packages/airflow/example_dags/example_latest_only.py took 0.058 seconds
[2024-04-26T12:39:19.402+0000] {processor.py:161} INFO - Started process (PID=590) to work on /home/airflow/.local/lib/python3.12/site-packages/airflow/example_dags/example_latest_only.py
[2024-04-26T12:39:19.403+0000] {processor.py:830} INFO - Processing file /home/airflow/.local/lib/python3.12/site-packages/airflow/example_dags/example_latest_only.py for tasks to queue
[2024-04-26T12:39:19.405+0000] {logging_mixin.py:188} INFO - [2024-04-26T12:39:19.405+0000] {dagbag.py:540} INFO - Filling up the DagBag from /home/airflow/.local/lib/python3.12/site-packages/airflow/example_dags/example_latest_only.py
[2024-04-26T12:39:19.409+0000] {processor.py:840} INFO - DAG(s) 'latest_only' retrieved from /home/airflow/.local/lib/python3.12/site-packages/airflow/example_dags/example_latest_only.py
[2024-04-26T12:39:19.425+0000] {logging_mixin.py:188} INFO - [2024-04-26T12:39:19.425+0000] {dag.py:3096} INFO - Sync 1 DAGs
[2024-04-26T12:39:19.442+0000] {logging_mixin.py:188} INFO - [2024-04-26T12:39:19.442+0000] {dag.py:3954} INFO - Setting next_dagrun for latest_only to 2024-04-26 08:00:00+00:00, run_after=2024-04-26 12:00:00+00:00
[2024-04-26T12:39:19.459+0000] {processor.py:183} INFO - Processing /home/airflow/.local/lib/python3.12/site-packages/airflow/example_dags/example_latest_only.py took 0.062 seconds
[2024-04-26T12:39:49.898+0000] {processor.py:161} INFO - Started process (PID=648) to work on /home/airflow/.local/lib/python3.12/site-packages/airflow/example_dags/example_latest_only.py
[2024-04-26T12:39:49.899+0000] {processor.py:830} INFO - Processing file /home/airflow/.local/lib/python3.12/site-packages/airflow/example_dags/example_latest_only.py for tasks to queue
[2024-04-26T12:39:49.900+0000] {logging_mixin.py:188} INFO - [2024-04-26T12:39:49.900+0000] {dagbag.py:540} INFO - Filling up the DagBag from /home/airflow/.local/lib/python3.12/site-packages/airflow/example_dags/example_latest_only.py
[2024-04-26T12:39:49.904+0000] {processor.py:840} INFO - DAG(s) 'latest_only' retrieved from /home/airflow/.local/lib/python3.12/site-packages/airflow/example_dags/example_latest_only.py
[2024-04-26T12:39:49.920+0000] {logging_mixin.py:188} INFO - [2024-04-26T12:39:49.920+0000] {dag.py:3096} INFO - Sync 1 DAGs
[2024-04-26T12:39:49.936+0000] {logging_mixin.py:188} INFO - [2024-04-26T12:39:49.936+0000] {dag.py:3954} INFO - Setting next_dagrun for latest_only to 2024-04-26 08:00:00+00:00, run_after=2024-04-26 12:00:00+00:00
[2024-04-26T12:39:49.949+0000] {processor.py:183} INFO - Processing /home/airflow/.local/lib/python3.12/site-packages/airflow/example_dags/example_latest_only.py took 0.056 seconds
[2024-04-26T12:40:20.329+0000] {processor.py:161} INFO - Started process (PID=706) to work on /home/airflow/.local/lib/python3.12/site-packages/airflow/example_dags/example_latest_only.py
[2024-04-26T12:40:20.330+0000] {processor.py:830} INFO - Processing file /home/airflow/.local/lib/python3.12/site-packages/airflow/example_dags/example_latest_only.py for tasks to queue
[2024-04-26T12:40:20.332+0000] {logging_mixin.py:188} INFO - [2024-04-26T12:40:20.331+0000] {dagbag.py:540} INFO - Filling up the DagBag from /home/airflow/.local/lib/python3.12/site-packages/airflow/example_dags/example_latest_only.py
[2024-04-26T12:40:20.335+0000] {processor.py:840} INFO - DAG(s) 'latest_only' retrieved from /home/airflow/.local/lib/python3.12/site-packages/airflow/example_dags/example_latest_only.py
[2024-04-26T12:40:20.350+0000] {logging_mixin.py:188} INFO - [2024-04-26T12:40:20.350+0000] {dag.py:3096} INFO - Sync 1 DAGs
[2024-04-26T12:40:20.367+0000] {logging_mixin.py:188} INFO - [2024-04-26T12:40:20.367+0000] {dag.py:3954} INFO - Setting next_dagrun for latest_only to 2024-04-26 08:00:00+00:00, run_after=2024-04-26 12:00:00+00:00
[2024-04-26T12:40:20.383+0000] {processor.py:183} INFO - Processing /home/airflow/.local/lib/python3.12/site-packages/airflow/example_dags/example_latest_only.py took 0.058 seconds
[2024-04-26T12:40:50.870+0000] {processor.py:161} INFO - Started process (PID=764) to work on /home/airflow/.local/lib/python3.12/site-packages/airflow/example_dags/example_latest_only.py
[2024-04-26T12:40:50.871+0000] {processor.py:830} INFO - Processing file /home/airflow/.local/lib/python3.12/site-packages/airflow/example_dags/example_latest_only.py for tasks to queue
[2024-04-26T12:40:50.872+0000] {logging_mixin.py:188} INFO - [2024-04-26T12:40:50.872+0000] {dagbag.py:540} INFO - Filling up the DagBag from /home/airflow/.local/lib/python3.12/site-packages/airflow/example_dags/example_latest_only.py
[2024-04-26T12:40:50.876+0000] {processor.py:840} INFO - DAG(s) 'latest_only' retrieved from /home/airflow/.local/lib/python3.12/site-packages/airflow/example_dags/example_latest_only.py
[2024-04-26T12:40:50.890+0000] {logging_mixin.py:188} INFO - [2024-04-26T12:40:50.890+0000] {dag.py:3096} INFO - Sync 1 DAGs
[2024-04-26T12:40:50.906+0000] {logging_mixin.py:188} INFO - [2024-04-26T12:40:50.906+0000] {dag.py:3954} INFO - Setting next_dagrun for latest_only to 2024-04-26 08:00:00+00:00, run_after=2024-04-26 12:00:00+00:00
[2024-04-26T12:40:50.920+0000] {processor.py:183} INFO - Processing /home/airflow/.local/lib/python3.12/site-packages/airflow/example_dags/example_latest_only.py took 0.054 seconds
[2024-04-26T12:41:21.799+0000] {processor.py:161} INFO - Started process (PID=822) to work on /home/airflow/.local/lib/python3.12/site-packages/airflow/example_dags/example_latest_only.py
[2024-04-26T12:41:21.800+0000] {processor.py:830} INFO - Processing file /home/airflow/.local/lib/python3.12/site-packages/airflow/example_dags/example_latest_only.py for tasks to queue
[2024-04-26T12:41:21.801+0000] {logging_mixin.py:188} INFO - [2024-04-26T12:41:21.801+0000] {dagbag.py:540} INFO - Filling up the DagBag from /home/airflow/.local/lib/python3.12/site-packages/airflow/example_dags/example_latest_only.py
[2024-04-26T12:41:21.805+0000] {processor.py:840} INFO - DAG(s) 'latest_only' retrieved from /home/airflow/.local/lib/python3.12/site-packages/airflow/example_dags/example_latest_only.py
[2024-04-26T12:41:21.820+0000] {logging_mixin.py:188} INFO - [2024-04-26T12:41:21.820+0000] {dag.py:3096} INFO - Sync 1 DAGs
[2024-04-26T12:41:21.837+0000] {logging_mixin.py:188} INFO - [2024-04-26T12:41:21.837+0000] {dag.py:3954} INFO - Setting next_dagrun for latest_only to 2024-04-26 08:00:00+00:00, run_after=2024-04-26 12:00:00+00:00
[2024-04-26T12:41:21.853+0000] {processor.py:183} INFO - Processing /home/airflow/.local/lib/python3.12/site-packages/airflow/example_dags/example_latest_only.py took 0.058 seconds
[2024-04-26T12:41:53.369+0000] {processor.py:161} INFO - Started process (PID=881) to work on /home/airflow/.local/lib/python3.12/site-packages/airflow/example_dags/example_latest_only.py
[2024-04-26T12:41:53.370+0000] {processor.py:830} INFO - Processing file /home/airflow/.local/lib/python3.12/site-packages/airflow/example_dags/example_latest_only.py for tasks to queue
[2024-04-26T12:41:53.371+0000] {logging_mixin.py:188} INFO - [2024-04-26T12:41:53.371+0000] {dagbag.py:540} INFO - Filling up the DagBag from /home/airflow/.local/lib/python3.12/site-packages/airflow/example_dags/example_latest_only.py
[2024-04-26T12:41:53.376+0000] {processor.py:840} INFO - DAG(s) 'latest_only' retrieved from /home/airflow/.local/lib/python3.12/site-packages/airflow/example_dags/example_latest_only.py
[2024-04-26T12:41:53.394+0000] {logging_mixin.py:188} INFO - [2024-04-26T12:41:53.393+0000] {dag.py:3096} INFO - Sync 1 DAGs
[2024-04-26T12:41:53.515+0000] {logging_mixin.py:188} INFO - [2024-04-26T12:41:53.515+0000] {dag.py:3954} INFO - Setting next_dagrun for latest_only to 2024-04-26 08:00:00+00:00, run_after=2024-04-26 12:00:00+00:00
[2024-04-26T12:41:53.530+0000] {processor.py:183} INFO - Processing /home/airflow/.local/lib/python3.12/site-packages/airflow/example_dags/example_latest_only.py took 0.166 seconds
[2024-04-26T12:42:23.605+0000] {processor.py:161} INFO - Started process (PID=939) to work on /home/airflow/.local/lib/python3.12/site-packages/airflow/example_dags/example_latest_only.py
[2024-04-26T12:42:23.606+0000] {processor.py:830} INFO - Processing file /home/airflow/.local/lib/python3.12/site-packages/airflow/example_dags/example_latest_only.py for tasks to queue
[2024-04-26T12:42:23.608+0000] {logging_mixin.py:188} INFO - [2024-04-26T12:42:23.608+0000] {dagbag.py:540} INFO - Filling up the DagBag from /home/airflow/.local/lib/python3.12/site-packages/airflow/example_dags/example_latest_only.py
[2024-04-26T12:42:23.612+0000] {processor.py:840} INFO - DAG(s) 'latest_only' retrieved from /home/airflow/.local/lib/python3.12/site-packages/airflow/example_dags/example_latest_only.py
[2024-04-26T12:42:23.626+0000] {logging_mixin.py:188} INFO - [2024-04-26T12:42:23.626+0000] {dag.py:3096} INFO - Sync 1 DAGs
[2024-04-26T12:42:23.643+0000] {logging_mixin.py:188} INFO - [2024-04-26T12:42:23.643+0000] {dag.py:3954} INFO - Setting next_dagrun for latest_only to 2024-04-26 08:00:00+00:00, run_after=2024-04-26 12:00:00+00:00
[2024-04-26T12:42:23.661+0000] {processor.py:183} INFO - Processing /home/airflow/.local/lib/python3.12/site-packages/airflow/example_dags/example_latest_only.py took 0.061 seconds
[2024-04-26T12:42:54.537+0000] {processor.py:161} INFO - Started process (PID=997) to work on /home/airflow/.local/lib/python3.12/site-packages/airflow/example_dags/example_latest_only.py
[2024-04-26T12:42:54.538+0000] {processor.py:830} INFO - Processing file /home/airflow/.local/lib/python3.12/site-packages/airflow/example_dags/example_latest_only.py for tasks to queue
[2024-04-26T12:42:54.540+0000] {logging_mixin.py:188} INFO - [2024-04-26T12:42:54.539+0000] {dagbag.py:540} INFO - Filling up the DagBag from /home/airflow/.local/lib/python3.12/site-packages/airflow/example_dags/example_latest_only.py
[2024-04-26T12:42:54.543+0000] {processor.py:840} INFO - DAG(s) 'latest_only' retrieved from /home/airflow/.local/lib/python3.12/site-packages/airflow/example_dags/example_latest_only.py
[2024-04-26T12:42:54.559+0000] {logging_mixin.py:188} INFO - [2024-04-26T12:42:54.559+0000] {dag.py:3096} INFO - Sync 1 DAGs
[2024-04-26T12:42:54.575+0000] {logging_mixin.py:188} INFO - [2024-04-26T12:42:54.575+0000] {dag.py:3954} INFO - Setting next_dagrun for latest_only to 2024-04-26 08:00:00+00:00, run_after=2024-04-26 12:00:00+00:00
[2024-04-26T12:42:54.590+0000] {processor.py:183} INFO - Processing /home/airflow/.local/lib/python3.12/site-packages/airflow/example_dags/example_latest_only.py took 0.057 seconds
[2024-04-26T12:43:25.464+0000] {processor.py:161} INFO - Started process (PID=1055) to work on /home/airflow/.local/lib/python3.12/site-packages/airflow/example_dags/example_latest_only.py
[2024-04-26T12:43:25.465+0000] {processor.py:830} INFO - Processing file /home/airflow/.local/lib/python3.12/site-packages/airflow/example_dags/example_latest_only.py for tasks to queue
[2024-04-26T12:43:25.466+0000] {logging_mixin.py:188} INFO - [2024-04-26T12:43:25.466+0000] {dagbag.py:540} INFO - Filling up the DagBag from /home/airflow/.local/lib/python3.12/site-packages/airflow/example_dags/example_latest_only.py
[2024-04-26T12:43:25.470+0000] {processor.py:840} INFO - DAG(s) 'latest_only' retrieved from /home/airflow/.local/lib/python3.12/site-packages/airflow/example_dags/example_latest_only.py
[2024-04-26T12:43:25.486+0000] {logging_mixin.py:188} INFO - [2024-04-26T12:43:25.485+0000] {dag.py:3096} INFO - Sync 1 DAGs
[2024-04-26T12:43:25.502+0000] {logging_mixin.py:188} INFO - [2024-04-26T12:43:25.502+0000] {dag.py:3954} INFO - Setting next_dagrun for latest_only to 2024-04-26 08:00:00+00:00, run_after=2024-04-26 12:00:00+00:00
[2024-04-26T12:43:25.517+0000] {processor.py:183} INFO - Processing /home/airflow/.local/lib/python3.12/site-packages/airflow/example_dags/example_latest_only.py took 0.058 seconds
[2024-04-26T12:43:55.995+0000] {processor.py:161} INFO - Started process (PID=1112) to work on /home/airflow/.local/lib/python3.12/site-packages/airflow/example_dags/example_latest_only.py
[2024-04-26T12:43:55.997+0000] {processor.py:830} INFO - Processing file /home/airflow/.local/lib/python3.12/site-packages/airflow/example_dags/example_latest_only.py for tasks to queue
[2024-04-26T12:43:55.999+0000] {logging_mixin.py:188} INFO - [2024-04-26T12:43:55.998+0000] {dagbag.py:540} INFO - Filling up the DagBag from /home/airflow/.local/lib/python3.12/site-packages/airflow/example_dags/example_latest_only.py
[2024-04-26T12:43:56.003+0000] {processor.py:840} INFO - DAG(s) 'latest_only' retrieved from /home/airflow/.local/lib/python3.12/site-packages/airflow/example_dags/example_latest_only.py
[2024-04-26T12:43:56.019+0000] {logging_mixin.py:188} INFO - [2024-04-26T12:43:56.019+0000] {dag.py:3096} INFO - Sync 1 DAGs
[2024-04-26T12:43:56.157+0000] {logging_mixin.py:188} INFO - [2024-04-26T12:43:56.157+0000] {dag.py:3954} INFO - Setting next_dagrun for latest_only to 2024-04-26 08:00:00+00:00, run_after=2024-04-26 12:00:00+00:00
[2024-04-26T12:43:56.171+0000] {processor.py:183} INFO - Processing /home/airflow/.local/lib/python3.12/site-packages/airflow/example_dags/example_latest_only.py took 0.180 seconds
[2024-04-26T12:44:26.674+0000] {processor.py:161} INFO - Started process (PID=1170) to work on /home/airflow/.local/lib/python3.12/site-packages/airflow/example_dags/example_latest_only.py
[2024-04-26T12:44:26.675+0000] {processor.py:830} INFO - Processing file /home/airflow/.local/lib/python3.12/site-packages/airflow/example_dags/example_latest_only.py for tasks to queue
[2024-04-26T12:44:26.676+0000] {logging_mixin.py:188} INFO - [2024-04-26T12:44:26.676+0000] {dagbag.py:540} INFO - Filling up the DagBag from /home/airflow/.local/lib/python3.12/site-packages/airflow/example_dags/example_latest_only.py
[2024-04-26T12:44:26.680+0000] {processor.py:840} INFO - DAG(s) 'latest_only' retrieved from /home/airflow/.local/lib/python3.12/site-packages/airflow/example_dags/example_latest_only.py
[2024-04-26T12:44:26.696+0000] {logging_mixin.py:188} INFO - [2024-04-26T12:44:26.696+0000] {dag.py:3096} INFO - Sync 1 DAGs
[2024-04-26T12:44:26.714+0000] {logging_mixin.py:188} INFO - [2024-04-26T12:44:26.714+0000] {dag.py:3954} INFO - Setting next_dagrun for latest_only to 2024-04-26 08:00:00+00:00, run_after=2024-04-26 12:00:00+00:00
[2024-04-26T12:44:26.729+0000] {processor.py:183} INFO - Processing /home/airflow/.local/lib/python3.12/site-packages/airflow/example_dags/example_latest_only.py took 0.060 seconds
[2024-04-26T12:44:57.316+0000] {processor.py:161} INFO - Started process (PID=1230) to work on /home/airflow/.local/lib/python3.12/site-packages/airflow/example_dags/example_latest_only.py
[2024-04-26T12:44:57.317+0000] {processor.py:830} INFO - Processing file /home/airflow/.local/lib/python3.12/site-packages/airflow/example_dags/example_latest_only.py for tasks to queue
[2024-04-26T12:44:57.318+0000] {logging_mixin.py:188} INFO - [2024-04-26T12:44:57.318+0000] {dagbag.py:540} INFO - Filling up the DagBag from /home/airflow/.local/lib/python3.12/site-packages/airflow/example_dags/example_latest_only.py
[2024-04-26T12:44:57.322+0000] {processor.py:840} INFO - DAG(s) 'latest_only' retrieved from /home/airflow/.local/lib/python3.12/site-packages/airflow/example_dags/example_latest_only.py
[2024-04-26T12:44:57.339+0000] {logging_mixin.py:188} INFO - [2024-04-26T12:44:57.339+0000] {dag.py:3096} INFO - Sync 1 DAGs
[2024-04-26T12:44:57.358+0000] {logging_mixin.py:188} INFO - [2024-04-26T12:44:57.358+0000] {dag.py:3954} INFO - Setting next_dagrun for latest_only to 2024-04-26 08:00:00+00:00, run_after=2024-04-26 12:00:00+00:00
[2024-04-26T12:44:57.372+0000] {processor.py:183} INFO - Processing /home/airflow/.local/lib/python3.12/site-packages/airflow/example_dags/example_latest_only.py took 0.061 seconds
[2024-04-26T12:45:27.791+0000] {processor.py:161} INFO - Started process (PID=1290) to work on /home/airflow/.local/lib/python3.12/site-packages/airflow/example_dags/example_latest_only.py
[2024-04-26T12:45:27.792+0000] {processor.py:830} INFO - Processing file /home/airflow/.local/lib/python3.12/site-packages/airflow/example_dags/example_latest_only.py for tasks to queue
[2024-04-26T12:45:27.794+0000] {logging_mixin.py:188} INFO - [2024-04-26T12:45:27.793+0000] {dagbag.py:540} INFO - Filling up the DagBag from /home/airflow/.local/lib/python3.12/site-packages/airflow/example_dags/example_latest_only.py
[2024-04-26T12:45:27.798+0000] {processor.py:840} INFO - DAG(s) 'latest_only' retrieved from /home/airflow/.local/lib/python3.12/site-packages/airflow/example_dags/example_latest_only.py
[2024-04-26T12:45:27.813+0000] {logging_mixin.py:188} INFO - [2024-04-26T12:45:27.813+0000] {dag.py:3096} INFO - Sync 1 DAGs
[2024-04-26T12:45:27.832+0000] {logging_mixin.py:188} INFO - [2024-04-26T12:45:27.832+0000] {dag.py:3954} INFO - Setting next_dagrun for latest_only to 2024-04-26 08:00:00+00:00, run_after=2024-04-26 12:00:00+00:00
[2024-04-26T12:45:27.847+0000] {processor.py:183} INFO - Processing /home/airflow/.local/lib/python3.12/site-packages/airflow/example_dags/example_latest_only.py took 0.061 seconds
[2024-04-26T12:45:58.382+0000] {processor.py:161} INFO - Started process (PID=1352) to work on /home/airflow/.local/lib/python3.12/site-packages/airflow/example_dags/example_latest_only.py
[2024-04-26T12:45:58.383+0000] {processor.py:830} INFO - Processing file /home/airflow/.local/lib/python3.12/site-packages/airflow/example_dags/example_latest_only.py for tasks to queue
[2024-04-26T12:45:58.384+0000] {logging_mixin.py:188} INFO - [2024-04-26T12:45:58.384+0000] {dagbag.py:540} INFO - Filling up the DagBag from /home/airflow/.local/lib/python3.12/site-packages/airflow/example_dags/example_latest_only.py
[2024-04-26T12:45:58.389+0000] {processor.py:840} INFO - DAG(s) 'latest_only' retrieved from /home/airflow/.local/lib/python3.12/site-packages/airflow/example_dags/example_latest_only.py
[2024-04-26T12:45:58.405+0000] {logging_mixin.py:188} INFO - [2024-04-26T12:45:58.405+0000] {dag.py:3096} INFO - Sync 1 DAGs
[2024-04-26T12:45:58.422+0000] {logging_mixin.py:188} INFO - [2024-04-26T12:45:58.422+0000] {dag.py:3954} INFO - Setting next_dagrun for latest_only to 2024-04-26 08:00:00+00:00, run_after=2024-04-26 12:00:00+00:00
[2024-04-26T12:45:58.436+0000] {processor.py:183} INFO - Processing /home/airflow/.local/lib/python3.12/site-packages/airflow/example_dags/example_latest_only.py took 0.059 seconds
[2024-04-26T12:46:29.152+0000] {processor.py:161} INFO - Started process (PID=1415) to work on /home/airflow/.local/lib/python3.12/site-packages/airflow/example_dags/example_latest_only.py
[2024-04-26T12:46:29.153+0000] {processor.py:830} INFO - Processing file /home/airflow/.local/lib/python3.12/site-packages/airflow/example_dags/example_latest_only.py for tasks to queue
[2024-04-26T12:46:29.155+0000] {logging_mixin.py:188} INFO - [2024-04-26T12:46:29.155+0000] {dagbag.py:540} INFO - Filling up the DagBag from /home/airflow/.local/lib/python3.12/site-packages/airflow/example_dags/example_latest_only.py
[2024-04-26T12:46:29.159+0000] {processor.py:840} INFO - DAG(s) 'latest_only' retrieved from /home/airflow/.local/lib/python3.12/site-packages/airflow/example_dags/example_latest_only.py
[2024-04-26T12:46:29.176+0000] {logging_mixin.py:188} INFO - [2024-04-26T12:46:29.176+0000] {dag.py:3096} INFO - Sync 1 DAGs
[2024-04-26T12:46:29.197+0000] {logging_mixin.py:188} INFO - [2024-04-26T12:46:29.197+0000] {dag.py:3954} INFO - Setting next_dagrun for latest_only to 2024-04-26 08:00:00+00:00, run_after=2024-04-26 12:00:00+00:00
[2024-04-26T12:46:29.215+0000] {processor.py:183} INFO - Processing /home/airflow/.local/lib/python3.12/site-packages/airflow/example_dags/example_latest_only.py took 0.067 seconds
[2024-04-26T12:46:59.559+0000] {processor.py:161} INFO - Started process (PID=1475) to work on /home/airflow/.local/lib/python3.12/site-packages/airflow/example_dags/example_latest_only.py
[2024-04-26T12:46:59.560+0000] {processor.py:830} INFO - Processing file /home/airflow/.local/lib/python3.12/site-packages/airflow/example_dags/example_latest_only.py for tasks to queue
[2024-04-26T12:46:59.561+0000] {logging_mixin.py:188} INFO - [2024-04-26T12:46:59.561+0000] {dagbag.py:540} INFO - Filling up the DagBag from /home/airflow/.local/lib/python3.12/site-packages/airflow/example_dags/example_latest_only.py
[2024-04-26T12:46:59.565+0000] {processor.py:840} INFO - DAG(s) 'latest_only' retrieved from /home/airflow/.local/lib/python3.12/site-packages/airflow/example_dags/example_latest_only.py
[2024-04-26T12:46:59.581+0000] {logging_mixin.py:188} INFO - [2024-04-26T12:46:59.581+0000] {dag.py:3096} INFO - Sync 1 DAGs
[2024-04-26T12:46:59.597+0000] {logging_mixin.py:188} INFO - [2024-04-26T12:46:59.597+0000] {dag.py:3954} INFO - Setting next_dagrun for latest_only to 2024-04-26 08:00:00+00:00, run_after=2024-04-26 12:00:00+00:00
[2024-04-26T12:46:59.612+0000] {processor.py:183} INFO - Processing /home/airflow/.local/lib/python3.12/site-packages/airflow/example_dags/example_latest_only.py took 0.058 seconds
[2024-04-26T12:47:29.927+0000] {processor.py:161} INFO - Started process (PID=1541) to work on /home/airflow/.local/lib/python3.12/site-packages/airflow/example_dags/example_latest_only.py
[2024-04-26T12:47:29.928+0000] {processor.py:830} INFO - Processing file /home/airflow/.local/lib/python3.12/site-packages/airflow/example_dags/example_latest_only.py for tasks to queue
[2024-04-26T12:47:29.930+0000] {logging_mixin.py:188} INFO - [2024-04-26T12:47:29.930+0000] {dagbag.py:540} INFO - Filling up the DagBag from /home/airflow/.local/lib/python3.12/site-packages/airflow/example_dags/example_latest_only.py
[2024-04-26T12:47:29.934+0000] {processor.py:840} INFO - DAG(s) 'latest_only' retrieved from /home/airflow/.local/lib/python3.12/site-packages/airflow/example_dags/example_latest_only.py
[2024-04-26T12:47:29.949+0000] {logging_mixin.py:188} INFO - [2024-04-26T12:47:29.949+0000] {dag.py:3096} INFO - Sync 1 DAGs
[2024-04-26T12:47:29.966+0000] {logging_mixin.py:188} INFO - [2024-04-26T12:47:29.966+0000] {dag.py:3954} INFO - Setting next_dagrun for latest_only to 2024-04-26 08:00:00+00:00, run_after=2024-04-26 12:00:00+00:00
[2024-04-26T12:47:29.981+0000] {processor.py:183} INFO - Processing /home/airflow/.local/lib/python3.12/site-packages/airflow/example_dags/example_latest_only.py took 0.059 seconds
[2024-04-26T12:48:00.317+0000] {processor.py:161} INFO - Started process (PID=1601) to work on /home/airflow/.local/lib/python3.12/site-packages/airflow/example_dags/example_latest_only.py
[2024-04-26T12:48:00.318+0000] {processor.py:830} INFO - Processing file /home/airflow/.local/lib/python3.12/site-packages/airflow/example_dags/example_latest_only.py for tasks to queue
[2024-04-26T12:48:00.319+0000] {logging_mixin.py:188} INFO - [2024-04-26T12:48:00.319+0000] {dagbag.py:540} INFO - Filling up the DagBag from /home/airflow/.local/lib/python3.12/site-packages/airflow/example_dags/example_latest_only.py
[2024-04-26T12:48:00.323+0000] {processor.py:840} INFO - DAG(s) 'latest_only' retrieved from /home/airflow/.local/lib/python3.12/site-packages/airflow/example_dags/example_latest_only.py
[2024-04-26T12:48:00.338+0000] {logging_mixin.py:188} INFO - [2024-04-26T12:48:00.338+0000] {dag.py:3096} INFO - Sync 1 DAGs
[2024-04-26T12:48:00.355+0000] {logging_mixin.py:188} INFO - [2024-04-26T12:48:00.355+0000] {dag.py:3954} INFO - Setting next_dagrun for latest_only to 2024-04-26 08:00:00+00:00, run_after=2024-04-26 12:00:00+00:00
[2024-04-26T12:48:00.372+0000] {processor.py:183} INFO - Processing /home/airflow/.local/lib/python3.12/site-packages/airflow/example_dags/example_latest_only.py took 0.060 seconds
[2024-04-26T12:48:30.688+0000] {processor.py:161} INFO - Started process (PID=1661) to work on /home/airflow/.local/lib/python3.12/site-packages/airflow/example_dags/example_latest_only.py
[2024-04-26T12:48:30.689+0000] {processor.py:830} INFO - Processing file /home/airflow/.local/lib/python3.12/site-packages/airflow/example_dags/example_latest_only.py for tasks to queue
[2024-04-26T12:48:30.690+0000] {logging_mixin.py:188} INFO - [2024-04-26T12:48:30.690+0000] {dagbag.py:540} INFO - Filling up the DagBag from /home/airflow/.local/lib/python3.12/site-packages/airflow/example_dags/example_latest_only.py
[2024-04-26T12:48:30.694+0000] {processor.py:840} INFO - DAG(s) 'latest_only' retrieved from /home/airflow/.local/lib/python3.12/site-packages/airflow/example_dags/example_latest_only.py
[2024-04-26T12:48:30.709+0000] {logging_mixin.py:188} INFO - [2024-04-26T12:48:30.709+0000] {dag.py:3096} INFO - Sync 1 DAGs
[2024-04-26T12:48:30.726+0000] {logging_mixin.py:188} INFO - [2024-04-26T12:48:30.726+0000] {dag.py:3954} INFO - Setting next_dagrun for latest_only to 2024-04-26 08:00:00+00:00, run_after=2024-04-26 12:00:00+00:00
[2024-04-26T12:48:30.740+0000] {processor.py:183} INFO - Processing /home/airflow/.local/lib/python3.12/site-packages/airflow/example_dags/example_latest_only.py took 0.057 seconds
[2024-04-26T12:49:01.141+0000] {processor.py:161} INFO - Started process (PID=1720) to work on /home/airflow/.local/lib/python3.12/site-packages/airflow/example_dags/example_latest_only.py
[2024-04-26T12:49:01.142+0000] {processor.py:830} INFO - Processing file /home/airflow/.local/lib/python3.12/site-packages/airflow/example_dags/example_latest_only.py for tasks to queue
[2024-04-26T12:49:01.143+0000] {logging_mixin.py:188} INFO - [2024-04-26T12:49:01.143+0000] {dagbag.py:540} INFO - Filling up the DagBag from /home/airflow/.local/lib/python3.12/site-packages/airflow/example_dags/example_latest_only.py
[2024-04-26T12:49:01.146+0000] {processor.py:840} INFO - DAG(s) 'latest_only' retrieved from /home/airflow/.local/lib/python3.12/site-packages/airflow/example_dags/example_latest_only.py
[2024-04-26T12:49:01.162+0000] {logging_mixin.py:188} INFO - [2024-04-26T12:49:01.162+0000] {dag.py:3096} INFO - Sync 1 DAGs
[2024-04-26T12:49:01.180+0000] {logging_mixin.py:188} INFO - [2024-04-26T12:49:01.180+0000] {dag.py:3954} INFO - Setting next_dagrun for latest_only to 2024-04-26 08:00:00+00:00, run_after=2024-04-26 12:00:00+00:00
[2024-04-26T12:49:01.194+0000] {processor.py:183} INFO - Processing /home/airflow/.local/lib/python3.12/site-packages/airflow/example_dags/example_latest_only.py took 0.058 seconds
[2024-04-26T12:49:31.924+0000] {processor.py:161} INFO - Started process (PID=1823) to work on /home/airflow/.local/lib/python3.12/site-packages/airflow/example_dags/example_latest_only.py
[2024-04-26T12:49:31.925+0000] {processor.py:830} INFO - Processing file /home/airflow/.local/lib/python3.12/site-packages/airflow/example_dags/example_latest_only.py for tasks to queue
[2024-04-26T12:49:31.927+0000] {logging_mixin.py:188} INFO - [2024-04-26T12:49:31.926+0000] {dagbag.py:540} INFO - Filling up the DagBag from /home/airflow/.local/lib/python3.12/site-packages/airflow/example_dags/example_latest_only.py
[2024-04-26T12:49:31.931+0000] {processor.py:840} INFO - DAG(s) 'latest_only' retrieved from /home/airflow/.local/lib/python3.12/site-packages/airflow/example_dags/example_latest_only.py
[2024-04-26T12:49:31.950+0000] {logging_mixin.py:188} INFO - [2024-04-26T12:49:31.950+0000] {dag.py:3096} INFO - Sync 1 DAGs
[2024-04-26T12:49:31.975+0000] {logging_mixin.py:188} INFO - [2024-04-26T12:49:31.974+0000] {dag.py:3954} INFO - Setting next_dagrun for latest_only to 2024-04-26 08:00:00+00:00, run_after=2024-04-26 12:00:00+00:00
[2024-04-26T12:49:31.995+0000] {processor.py:183} INFO - Processing /home/airflow/.local/lib/python3.12/site-packages/airflow/example_dags/example_latest_only.py took 0.077 seconds
[2024-04-26T12:50:02.784+0000] {processor.py:161} INFO - Started process (PID=2055) to work on /home/airflow/.local/lib/python3.12/site-packages/airflow/example_dags/example_latest_only.py
[2024-04-26T12:50:02.785+0000] {processor.py:830} INFO - Processing file /home/airflow/.local/lib/python3.12/site-packages/airflow/example_dags/example_latest_only.py for tasks to queue
[2024-04-26T12:50:02.787+0000] {logging_mixin.py:188} INFO - [2024-04-26T12:50:02.787+0000] {dagbag.py:540} INFO - Filling up the DagBag from /home/airflow/.local/lib/python3.12/site-packages/airflow/example_dags/example_latest_only.py
[2024-04-26T12:50:02.791+0000] {processor.py:840} INFO - DAG(s) 'latest_only' retrieved from /home/airflow/.local/lib/python3.12/site-packages/airflow/example_dags/example_latest_only.py
[2024-04-26T12:50:02.808+0000] {logging_mixin.py:188} INFO - [2024-04-26T12:50:02.807+0000] {dag.py:3096} INFO - Sync 1 DAGs
[2024-04-26T12:50:02.825+0000] {logging_mixin.py:188} INFO - [2024-04-26T12:50:02.825+0000] {dag.py:3954} INFO - Setting next_dagrun for latest_only to 2024-04-26 08:00:00+00:00, run_after=2024-04-26 12:00:00+00:00
[2024-04-26T12:50:02.842+0000] {processor.py:183} INFO - Processing /home/airflow/.local/lib/python3.12/site-packages/airflow/example_dags/example_latest_only.py took 0.062 seconds
[2024-04-26T12:50:33.744+0000] {processor.py:161} INFO - Started process (PID=2334) to work on /home/airflow/.local/lib/python3.12/site-packages/airflow/example_dags/example_latest_only.py
[2024-04-26T12:50:33.745+0000] {processor.py:830} INFO - Processing file /home/airflow/.local/lib/python3.12/site-packages/airflow/example_dags/example_latest_only.py for tasks to queue
[2024-04-26T12:50:33.748+0000] {logging_mixin.py:188} INFO - [2024-04-26T12:50:33.747+0000] {dagbag.py:540} INFO - Filling up the DagBag from /home/airflow/.local/lib/python3.12/site-packages/airflow/example_dags/example_latest_only.py
[2024-04-26T12:50:33.755+0000] {processor.py:840} INFO - DAG(s) 'latest_only' retrieved from /home/airflow/.local/lib/python3.12/site-packages/airflow/example_dags/example_latest_only.py
[2024-04-26T12:50:33.783+0000] {logging_mixin.py:188} INFO - [2024-04-26T12:50:33.782+0000] {dag.py:3096} INFO - Sync 1 DAGs
[2024-04-26T12:50:33.812+0000] {logging_mixin.py:188} INFO - [2024-04-26T12:50:33.812+0000] {dag.py:3954} INFO - Setting next_dagrun for latest_only to 2024-04-26 08:00:00+00:00, run_after=2024-04-26 12:00:00+00:00
[2024-04-26T12:50:33.850+0000] {processor.py:183} INFO - Processing /home/airflow/.local/lib/python3.12/site-packages/airflow/example_dags/example_latest_only.py took 0.114 seconds
[2024-04-26T12:51:03.947+0000] {processor.py:161} INFO - Started process (PID=2578) to work on /home/airflow/.local/lib/python3.12/site-packages/airflow/example_dags/example_latest_only.py
[2024-04-26T12:51:03.949+0000] {processor.py:830} INFO - Processing file /home/airflow/.local/lib/python3.12/site-packages/airflow/example_dags/example_latest_only.py for tasks to queue
[2024-04-26T12:51:03.953+0000] {logging_mixin.py:188} INFO - [2024-04-26T12:51:03.952+0000] {dagbag.py:540} INFO - Filling up the DagBag from /home/airflow/.local/lib/python3.12/site-packages/airflow/example_dags/example_latest_only.py
[2024-04-26T12:51:03.961+0000] {processor.py:840} INFO - DAG(s) 'latest_only' retrieved from /home/airflow/.local/lib/python3.12/site-packages/airflow/example_dags/example_latest_only.py
[2024-04-26T12:51:03.993+0000] {logging_mixin.py:188} INFO - [2024-04-26T12:51:03.993+0000] {dag.py:3096} INFO - Sync 1 DAGs
[2024-04-26T12:51:04.033+0000] {logging_mixin.py:188} INFO - [2024-04-26T12:51:04.033+0000] {dag.py:3954} INFO - Setting next_dagrun for latest_only to 2024-04-26 08:00:00+00:00, run_after=2024-04-26 12:00:00+00:00
[2024-04-26T12:51:04.062+0000] {processor.py:183} INFO - Processing /home/airflow/.local/lib/python3.12/site-packages/airflow/example_dags/example_latest_only.py took 0.124 seconds
[2024-04-26T12:51:34.498+0000] {processor.py:161} INFO - Started process (PID=2814) to work on /home/airflow/.local/lib/python3.12/site-packages/airflow/example_dags/example_latest_only.py
[2024-04-26T12:51:34.500+0000] {processor.py:830} INFO - Processing file /home/airflow/.local/lib/python3.12/site-packages/airflow/example_dags/example_latest_only.py for tasks to queue
[2024-04-26T12:51:34.502+0000] {logging_mixin.py:188} INFO - [2024-04-26T12:51:34.501+0000] {dagbag.py:540} INFO - Filling up the DagBag from /home/airflow/.local/lib/python3.12/site-packages/airflow/example_dags/example_latest_only.py
[2024-04-26T12:51:34.507+0000] {processor.py:840} INFO - DAG(s) 'latest_only' retrieved from /home/airflow/.local/lib/python3.12/site-packages/airflow/example_dags/example_latest_only.py
[2024-04-26T12:51:34.526+0000] {logging_mixin.py:188} INFO - [2024-04-26T12:51:34.525+0000] {dag.py:3096} INFO - Sync 1 DAGs
[2024-04-26T12:51:34.553+0000] {logging_mixin.py:188} INFO - [2024-04-26T12:51:34.553+0000] {dag.py:3954} INFO - Setting next_dagrun for latest_only to 2024-04-26 08:00:00+00:00, run_after=2024-04-26 12:00:00+00:00
[2024-04-26T12:51:34.571+0000] {processor.py:183} INFO - Processing /home/airflow/.local/lib/python3.12/site-packages/airflow/example_dags/example_latest_only.py took 0.078 seconds
[2024-04-26T12:52:04.985+0000] {processor.py:161} INFO - Started process (PID=3058) to work on /home/airflow/.local/lib/python3.12/site-packages/airflow/example_dags/example_latest_only.py
[2024-04-26T12:52:04.986+0000] {processor.py:830} INFO - Processing file /home/airflow/.local/lib/python3.12/site-packages/airflow/example_dags/example_latest_only.py for tasks to queue
[2024-04-26T12:52:04.988+0000] {logging_mixin.py:188} INFO - [2024-04-26T12:52:04.988+0000] {dagbag.py:540} INFO - Filling up the DagBag from /home/airflow/.local/lib/python3.12/site-packages/airflow/example_dags/example_latest_only.py
[2024-04-26T12:52:04.993+0000] {processor.py:840} INFO - DAG(s) 'latest_only' retrieved from /home/airflow/.local/lib/python3.12/site-packages/airflow/example_dags/example_latest_only.py
[2024-04-26T12:52:05.017+0000] {logging_mixin.py:188} INFO - [2024-04-26T12:52:05.017+0000] {dag.py:3096} INFO - Sync 1 DAGs
[2024-04-26T12:52:05.041+0000] {logging_mixin.py:188} INFO - [2024-04-26T12:52:05.040+0000] {dag.py:3954} INFO - Setting next_dagrun for latest_only to 2024-04-26 08:00:00+00:00, run_after=2024-04-26 12:00:00+00:00
[2024-04-26T12:52:05.060+0000] {processor.py:183} INFO - Processing /home/airflow/.local/lib/python3.12/site-packages/airflow/example_dags/example_latest_only.py took 0.082 seconds
[2024-04-26T12:52:35.110+0000] {processor.py:161} INFO - Started process (PID=3314) to work on /home/airflow/.local/lib/python3.12/site-packages/airflow/example_dags/example_latest_only.py
[2024-04-26T12:52:35.111+0000] {processor.py:830} INFO - Processing file /home/airflow/.local/lib/python3.12/site-packages/airflow/example_dags/example_latest_only.py for tasks to queue
[2024-04-26T12:52:35.112+0000] {logging_mixin.py:188} INFO - [2024-04-26T12:52:35.112+0000] {dagbag.py:540} INFO - Filling up the DagBag from /home/airflow/.local/lib/python3.12/site-packages/airflow/example_dags/example_latest_only.py
[2024-04-26T12:52:35.116+0000] {processor.py:840} INFO - DAG(s) 'latest_only' retrieved from /home/airflow/.local/lib/python3.12/site-packages/airflow/example_dags/example_latest_only.py
[2024-04-26T12:52:35.133+0000] {logging_mixin.py:188} INFO - [2024-04-26T12:52:35.133+0000] {dag.py:3096} INFO - Sync 1 DAGs
[2024-04-26T12:52:35.152+0000] {logging_mixin.py:188} INFO - [2024-04-26T12:52:35.152+0000] {dag.py:3954} INFO - Setting next_dagrun for latest_only to 2024-04-26 08:00:00+00:00, run_after=2024-04-26 12:00:00+00:00
[2024-04-26T12:52:35.169+0000] {processor.py:183} INFO - Processing /home/airflow/.local/lib/python3.12/site-packages/airflow/example_dags/example_latest_only.py took 0.064 seconds
[2024-04-26T12:53:05.583+0000] {processor.py:161} INFO - Started process (PID=3570) to work on /home/airflow/.local/lib/python3.12/site-packages/airflow/example_dags/example_latest_only.py
[2024-04-26T12:53:05.584+0000] {processor.py:830} INFO - Processing file /home/airflow/.local/lib/python3.12/site-packages/airflow/example_dags/example_latest_only.py for tasks to queue
[2024-04-26T12:53:05.586+0000] {logging_mixin.py:188} INFO - [2024-04-26T12:53:05.586+0000] {dagbag.py:540} INFO - Filling up the DagBag from /home/airflow/.local/lib/python3.12/site-packages/airflow/example_dags/example_latest_only.py
[2024-04-26T12:53:05.591+0000] {processor.py:840} INFO - DAG(s) 'latest_only' retrieved from /home/airflow/.local/lib/python3.12/site-packages/airflow/example_dags/example_latest_only.py
[2024-04-26T12:53:05.611+0000] {logging_mixin.py:188} INFO - [2024-04-26T12:53:05.610+0000] {dag.py:3096} INFO - Sync 1 DAGs
[2024-04-26T12:53:05.640+0000] {logging_mixin.py:188} INFO - [2024-04-26T12:53:05.640+0000] {dag.py:3954} INFO - Setting next_dagrun for latest_only to 2024-04-26 08:00:00+00:00, run_after=2024-04-26 12:00:00+00:00
[2024-04-26T12:53:05.663+0000] {processor.py:183} INFO - Processing /home/airflow/.local/lib/python3.12/site-packages/airflow/example_dags/example_latest_only.py took 0.086 seconds
[2024-04-26T12:53:35.710+0000] {processor.py:161} INFO - Started process (PID=3798) to work on /home/airflow/.local/lib/python3.12/site-packages/airflow/example_dags/example_latest_only.py
[2024-04-26T12:53:35.711+0000] {processor.py:830} INFO - Processing file /home/airflow/.local/lib/python3.12/site-packages/airflow/example_dags/example_latest_only.py for tasks to queue
[2024-04-26T12:53:35.712+0000] {logging_mixin.py:188} INFO - [2024-04-26T12:53:35.712+0000] {dagbag.py:540} INFO - Filling up the DagBag from /home/airflow/.local/lib/python3.12/site-packages/airflow/example_dags/example_latest_only.py
[2024-04-26T12:53:35.716+0000] {processor.py:840} INFO - DAG(s) 'latest_only' retrieved from /home/airflow/.local/lib/python3.12/site-packages/airflow/example_dags/example_latest_only.py
[2024-04-26T12:53:35.734+0000] {logging_mixin.py:188} INFO - [2024-04-26T12:53:35.734+0000] {dag.py:3096} INFO - Sync 1 DAGs
[2024-04-26T12:53:35.756+0000] {logging_mixin.py:188} INFO - [2024-04-26T12:53:35.756+0000] {dag.py:3954} INFO - Setting next_dagrun for latest_only to 2024-04-26 08:00:00+00:00, run_after=2024-04-26 12:00:00+00:00
[2024-04-26T12:53:35.773+0000] {processor.py:183} INFO - Processing /home/airflow/.local/lib/python3.12/site-packages/airflow/example_dags/example_latest_only.py took 0.069 seconds
[2024-04-26T12:54:06.107+0000] {processor.py:161} INFO - Started process (PID=3862) to work on /home/airflow/.local/lib/python3.12/site-packages/airflow/example_dags/example_latest_only.py
[2024-04-26T12:54:06.108+0000] {processor.py:830} INFO - Processing file /home/airflow/.local/lib/python3.12/site-packages/airflow/example_dags/example_latest_only.py for tasks to queue
[2024-04-26T12:54:06.109+0000] {logging_mixin.py:188} INFO - [2024-04-26T12:54:06.109+0000] {dagbag.py:540} INFO - Filling up the DagBag from /home/airflow/.local/lib/python3.12/site-packages/airflow/example_dags/example_latest_only.py
[2024-04-26T12:54:06.113+0000] {processor.py:840} INFO - DAG(s) 'latest_only' retrieved from /home/airflow/.local/lib/python3.12/site-packages/airflow/example_dags/example_latest_only.py
[2024-04-26T12:54:06.128+0000] {logging_mixin.py:188} INFO - [2024-04-26T12:54:06.128+0000] {dag.py:3096} INFO - Sync 1 DAGs
[2024-04-26T12:54:06.143+0000] {logging_mixin.py:188} INFO - [2024-04-26T12:54:06.143+0000] {dag.py:3954} INFO - Setting next_dagrun for latest_only to 2024-04-26 08:00:00+00:00, run_after=2024-04-26 12:00:00+00:00
[2024-04-26T12:54:06.158+0000] {processor.py:183} INFO - Processing /home/airflow/.local/lib/python3.12/site-packages/airflow/example_dags/example_latest_only.py took 0.055 seconds
[2024-04-26T12:54:36.428+0000] {processor.py:161} INFO - Started process (PID=3922) to work on /home/airflow/.local/lib/python3.12/site-packages/airflow/example_dags/example_latest_only.py
[2024-04-26T12:54:36.429+0000] {processor.py:830} INFO - Processing file /home/airflow/.local/lib/python3.12/site-packages/airflow/example_dags/example_latest_only.py for tasks to queue
[2024-04-26T12:54:36.430+0000] {logging_mixin.py:188} INFO - [2024-04-26T12:54:36.430+0000] {dagbag.py:540} INFO - Filling up the DagBag from /home/airflow/.local/lib/python3.12/site-packages/airflow/example_dags/example_latest_only.py
[2024-04-26T12:54:36.434+0000] {processor.py:840} INFO - DAG(s) 'latest_only' retrieved from /home/airflow/.local/lib/python3.12/site-packages/airflow/example_dags/example_latest_only.py
[2024-04-26T12:54:36.450+0000] {logging_mixin.py:188} INFO - [2024-04-26T12:54:36.450+0000] {dag.py:3096} INFO - Sync 1 DAGs
[2024-04-26T12:54:36.466+0000] {logging_mixin.py:188} INFO - [2024-04-26T12:54:36.466+0000] {dag.py:3954} INFO - Setting next_dagrun for latest_only to 2024-04-26 08:00:00+00:00, run_after=2024-04-26 12:00:00+00:00
[2024-04-26T12:54:36.480+0000] {processor.py:183} INFO - Processing /home/airflow/.local/lib/python3.12/site-packages/airflow/example_dags/example_latest_only.py took 0.057 seconds
[2024-04-26T12:55:06.969+0000] {processor.py:161} INFO - Started process (PID=3982) to work on /home/airflow/.local/lib/python3.12/site-packages/airflow/example_dags/example_latest_only.py
[2024-04-26T12:55:06.970+0000] {processor.py:830} INFO - Processing file /home/airflow/.local/lib/python3.12/site-packages/airflow/example_dags/example_latest_only.py for tasks to queue
[2024-04-26T12:55:06.971+0000] {logging_mixin.py:188} INFO - [2024-04-26T12:55:06.971+0000] {dagbag.py:540} INFO - Filling up the DagBag from /home/airflow/.local/lib/python3.12/site-packages/airflow/example_dags/example_latest_only.py
[2024-04-26T12:55:06.975+0000] {processor.py:840} INFO - DAG(s) 'latest_only' retrieved from /home/airflow/.local/lib/python3.12/site-packages/airflow/example_dags/example_latest_only.py
[2024-04-26T12:55:06.991+0000] {logging_mixin.py:188} INFO - [2024-04-26T12:55:06.990+0000] {dag.py:3096} INFO - Sync 1 DAGs
[2024-04-26T12:55:07.008+0000] {logging_mixin.py:188} INFO - [2024-04-26T12:55:07.008+0000] {dag.py:3954} INFO - Setting next_dagrun for latest_only to 2024-04-26 08:00:00+00:00, run_after=2024-04-26 12:00:00+00:00
[2024-04-26T12:55:07.024+0000] {processor.py:183} INFO - Processing /home/airflow/.local/lib/python3.12/site-packages/airflow/example_dags/example_latest_only.py took 0.059 seconds
[2024-04-26T12:55:37.437+0000] {processor.py:161} INFO - Started process (PID=4042) to work on /home/airflow/.local/lib/python3.12/site-packages/airflow/example_dags/example_latest_only.py
[2024-04-26T12:55:37.438+0000] {processor.py:830} INFO - Processing file /home/airflow/.local/lib/python3.12/site-packages/airflow/example_dags/example_latest_only.py for tasks to queue
[2024-04-26T12:55:37.439+0000] {logging_mixin.py:188} INFO - [2024-04-26T12:55:37.439+0000] {dagbag.py:540} INFO - Filling up the DagBag from /home/airflow/.local/lib/python3.12/site-packages/airflow/example_dags/example_latest_only.py
[2024-04-26T12:55:37.443+0000] {processor.py:840} INFO - DAG(s) 'latest_only' retrieved from /home/airflow/.local/lib/python3.12/site-packages/airflow/example_dags/example_latest_only.py
[2024-04-26T12:55:37.458+0000] {logging_mixin.py:188} INFO - [2024-04-26T12:55:37.458+0000] {dag.py:3096} INFO - Sync 1 DAGs
[2024-04-26T12:55:37.479+0000] {logging_mixin.py:188} INFO - [2024-04-26T12:55:37.479+0000] {dag.py:3954} INFO - Setting next_dagrun for latest_only to 2024-04-26 08:00:00+00:00, run_after=2024-04-26 12:00:00+00:00
[2024-04-26T12:55:37.497+0000] {processor.py:183} INFO - Processing /home/airflow/.local/lib/python3.12/site-packages/airflow/example_dags/example_latest_only.py took 0.066 seconds
[2024-04-26T12:56:07.877+0000] {processor.py:161} INFO - Started process (PID=4106) to work on /home/airflow/.local/lib/python3.12/site-packages/airflow/example_dags/example_latest_only.py
[2024-04-26T12:56:07.878+0000] {processor.py:830} INFO - Processing file /home/airflow/.local/lib/python3.12/site-packages/airflow/example_dags/example_latest_only.py for tasks to queue
[2024-04-26T12:56:07.880+0000] {logging_mixin.py:188} INFO - [2024-04-26T12:56:07.880+0000] {dagbag.py:540} INFO - Filling up the DagBag from /home/airflow/.local/lib/python3.12/site-packages/airflow/example_dags/example_latest_only.py
[2024-04-26T12:56:07.883+0000] {processor.py:840} INFO - DAG(s) 'latest_only' retrieved from /home/airflow/.local/lib/python3.12/site-packages/airflow/example_dags/example_latest_only.py
[2024-04-26T12:56:07.898+0000] {logging_mixin.py:188} INFO - [2024-04-26T12:56:07.898+0000] {dag.py:3096} INFO - Sync 1 DAGs
[2024-04-26T12:56:07.914+0000] {logging_mixin.py:188} INFO - [2024-04-26T12:56:07.914+0000] {dag.py:3954} INFO - Setting next_dagrun for latest_only to 2024-04-26 08:00:00+00:00, run_after=2024-04-26 12:00:00+00:00
[2024-04-26T12:56:07.928+0000] {processor.py:183} INFO - Processing /home/airflow/.local/lib/python3.12/site-packages/airflow/example_dags/example_latest_only.py took 0.056 seconds
[2024-04-26T12:56:38.288+0000] {processor.py:161} INFO - Started process (PID=4166) to work on /home/airflow/.local/lib/python3.12/site-packages/airflow/example_dags/example_latest_only.py
[2024-04-26T12:56:38.289+0000] {processor.py:830} INFO - Processing file /home/airflow/.local/lib/python3.12/site-packages/airflow/example_dags/example_latest_only.py for tasks to queue
[2024-04-26T12:56:38.290+0000] {logging_mixin.py:188} INFO - [2024-04-26T12:56:38.290+0000] {dagbag.py:540} INFO - Filling up the DagBag from /home/airflow/.local/lib/python3.12/site-packages/airflow/example_dags/example_latest_only.py
[2024-04-26T12:56:38.294+0000] {processor.py:840} INFO - DAG(s) 'latest_only' retrieved from /home/airflow/.local/lib/python3.12/site-packages/airflow/example_dags/example_latest_only.py
[2024-04-26T12:56:38.310+0000] {logging_mixin.py:188} INFO - [2024-04-26T12:56:38.310+0000] {dag.py:3096} INFO - Sync 1 DAGs
[2024-04-26T12:56:38.326+0000] {logging_mixin.py:188} INFO - [2024-04-26T12:56:38.326+0000] {dag.py:3954} INFO - Setting next_dagrun for latest_only to 2024-04-26 08:00:00+00:00, run_after=2024-04-26 12:00:00+00:00
[2024-04-26T12:56:38.340+0000] {processor.py:183} INFO - Processing /home/airflow/.local/lib/python3.12/site-packages/airflow/example_dags/example_latest_only.py took 0.057 seconds
[2024-04-26T12:57:08.774+0000] {processor.py:161} INFO - Started process (PID=4226) to work on /home/airflow/.local/lib/python3.12/site-packages/airflow/example_dags/example_latest_only.py
[2024-04-26T12:57:08.775+0000] {processor.py:830} INFO - Processing file /home/airflow/.local/lib/python3.12/site-packages/airflow/example_dags/example_latest_only.py for tasks to queue
[2024-04-26T12:57:08.776+0000] {logging_mixin.py:188} INFO - [2024-04-26T12:57:08.776+0000] {dagbag.py:540} INFO - Filling up the DagBag from /home/airflow/.local/lib/python3.12/site-packages/airflow/example_dags/example_latest_only.py
[2024-04-26T12:57:08.780+0000] {processor.py:840} INFO - DAG(s) 'latest_only' retrieved from /home/airflow/.local/lib/python3.12/site-packages/airflow/example_dags/example_latest_only.py
[2024-04-26T12:57:08.795+0000] {logging_mixin.py:188} INFO - [2024-04-26T12:57:08.794+0000] {dag.py:3096} INFO - Sync 1 DAGs
[2024-04-26T12:57:08.810+0000] {logging_mixin.py:188} INFO - [2024-04-26T12:57:08.810+0000] {dag.py:3954} INFO - Setting next_dagrun for latest_only to 2024-04-26 08:00:00+00:00, run_after=2024-04-26 12:00:00+00:00
[2024-04-26T12:57:08.824+0000] {processor.py:183} INFO - Processing /home/airflow/.local/lib/python3.12/site-packages/airflow/example_dags/example_latest_only.py took 0.054 seconds
[2024-04-26T12:57:39.122+0000] {processor.py:161} INFO - Started process (PID=4286) to work on /home/airflow/.local/lib/python3.12/site-packages/airflow/example_dags/example_latest_only.py
[2024-04-26T12:57:39.123+0000] {processor.py:830} INFO - Processing file /home/airflow/.local/lib/python3.12/site-packages/airflow/example_dags/example_latest_only.py for tasks to queue
[2024-04-26T12:57:39.124+0000] {logging_mixin.py:188} INFO - [2024-04-26T12:57:39.124+0000] {dagbag.py:540} INFO - Filling up the DagBag from /home/airflow/.local/lib/python3.12/site-packages/airflow/example_dags/example_latest_only.py
[2024-04-26T12:57:39.128+0000] {processor.py:840} INFO - DAG(s) 'latest_only' retrieved from /home/airflow/.local/lib/python3.12/site-packages/airflow/example_dags/example_latest_only.py
[2024-04-26T12:57:39.143+0000] {logging_mixin.py:188} INFO - [2024-04-26T12:57:39.143+0000] {dag.py:3096} INFO - Sync 1 DAGs
[2024-04-26T12:57:39.158+0000] {logging_mixin.py:188} INFO - [2024-04-26T12:57:39.158+0000] {dag.py:3954} INFO - Setting next_dagrun for latest_only to 2024-04-26 08:00:00+00:00, run_after=2024-04-26 12:00:00+00:00
[2024-04-26T12:57:39.173+0000] {processor.py:183} INFO - Processing /home/airflow/.local/lib/python3.12/site-packages/airflow/example_dags/example_latest_only.py took 0.056 seconds
[2024-04-26T12:58:09.476+0000] {processor.py:161} INFO - Started process (PID=4350) to work on /home/airflow/.local/lib/python3.12/site-packages/airflow/example_dags/example_latest_only.py
[2024-04-26T12:58:09.478+0000] {processor.py:830} INFO - Processing file /home/airflow/.local/lib/python3.12/site-packages/airflow/example_dags/example_latest_only.py for tasks to queue
[2024-04-26T12:58:09.479+0000] {logging_mixin.py:188} INFO - [2024-04-26T12:58:09.479+0000] {dagbag.py:540} INFO - Filling up the DagBag from /home/airflow/.local/lib/python3.12/site-packages/airflow/example_dags/example_latest_only.py
[2024-04-26T12:58:09.483+0000] {processor.py:840} INFO - DAG(s) 'latest_only' retrieved from /home/airflow/.local/lib/python3.12/site-packages/airflow/example_dags/example_latest_only.py
[2024-04-26T12:58:09.499+0000] {logging_mixin.py:188} INFO - [2024-04-26T12:58:09.499+0000] {dag.py:3096} INFO - Sync 1 DAGs
[2024-04-26T12:58:09.517+0000] {logging_mixin.py:188} INFO - [2024-04-26T12:58:09.516+0000] {dag.py:3954} INFO - Setting next_dagrun for latest_only to 2024-04-26 08:00:00+00:00, run_after=2024-04-26 12:00:00+00:00
[2024-04-26T12:58:09.531+0000] {processor.py:183} INFO - Processing /home/airflow/.local/lib/python3.12/site-packages/airflow/example_dags/example_latest_only.py took 0.060 seconds
