[2024-04-26T12:34:45.292+0000] {processor.py:161} INFO - Started process (PID=65) to work on /home/airflow/.local/lib/python3.12/site-packages/airflow/example_dags/example_trigger_target_dag.py
[2024-04-26T12:34:45.293+0000] {processor.py:830} INFO - Processing file /home/airflow/.local/lib/python3.12/site-packages/airflow/example_dags/example_trigger_target_dag.py for tasks to queue
[2024-04-26T12:34:45.295+0000] {logging_mixin.py:188} INFO - [2024-04-26T12:34:45.295+0000] {dagbag.py:540} INFO - Filling up the DagBag from /home/airflow/.local/lib/python3.12/site-packages/airflow/example_dags/example_trigger_target_dag.py
[2024-04-26T12:34:45.301+0000] {processor.py:840} INFO - DAG(s) 'example_trigger_target_dag' retrieved from /home/airflow/.local/lib/python3.12/site-packages/airflow/example_dags/example_trigger_target_dag.py
[2024-04-26T12:34:45.378+0000] {logging_mixin.py:188} INFO - [2024-04-26T12:34:45.377+0000] {override.py:1829} INFO - Created Permission View: can delete on DAG:example_trigger_target_dag
[2024-04-26T12:34:45.385+0000] {logging_mixin.py:188} INFO - [2024-04-26T12:34:45.385+0000] {override.py:1829} INFO - Created Permission View: can edit on DAG:example_trigger_target_dag
[2024-04-26T12:34:45.390+0000] {logging_mixin.py:188} INFO - [2024-04-26T12:34:45.390+0000] {override.py:1829} INFO - Created Permission View: can read on DAG:example_trigger_target_dag
[2024-04-26T12:34:45.391+0000] {logging_mixin.py:188} INFO - [2024-04-26T12:34:45.391+0000] {dag.py:3096} INFO - Sync 1 DAGs
[2024-04-26T12:34:45.400+0000] {logging_mixin.py:188} INFO - [2024-04-26T12:34:45.400+0000] {dag.py:3118} INFO - Creating ORM DAG for example_trigger_target_dag
[2024-04-26T12:34:45.401+0000] {logging_mixin.py:188} INFO - [2024-04-26T12:34:45.401+0000] {dag.py:3954} INFO - Setting next_dagrun for example_trigger_target_dag to None, run_after=None
[2024-04-26T12:34:45.416+0000] {processor.py:183} INFO - Processing /home/airflow/.local/lib/python3.12/site-packages/airflow/example_dags/example_trigger_target_dag.py took 0.129 seconds
[2024-04-26T12:35:15.787+0000] {processor.py:161} INFO - Started process (PID=123) to work on /home/airflow/.local/lib/python3.12/site-packages/airflow/example_dags/example_trigger_target_dag.py
[2024-04-26T12:35:15.788+0000] {processor.py:830} INFO - Processing file /home/airflow/.local/lib/python3.12/site-packages/airflow/example_dags/example_trigger_target_dag.py for tasks to queue
[2024-04-26T12:35:15.789+0000] {logging_mixin.py:188} INFO - [2024-04-26T12:35:15.789+0000] {dagbag.py:540} INFO - Filling up the DagBag from /home/airflow/.local/lib/python3.12/site-packages/airflow/example_dags/example_trigger_target_dag.py
[2024-04-26T12:35:15.794+0000] {processor.py:840} INFO - DAG(s) 'example_trigger_target_dag' retrieved from /home/airflow/.local/lib/python3.12/site-packages/airflow/example_dags/example_trigger_target_dag.py
[2024-04-26T12:35:15.810+0000] {logging_mixin.py:188} INFO - [2024-04-26T12:35:15.810+0000] {dag.py:3096} INFO - Sync 1 DAGs
[2024-04-26T12:35:15.821+0000] {logging_mixin.py:188} INFO - [2024-04-26T12:35:15.821+0000] {dag.py:3954} INFO - Setting next_dagrun for example_trigger_target_dag to None, run_after=None
[2024-04-26T12:35:15.837+0000] {processor.py:183} INFO - Processing /home/airflow/.local/lib/python3.12/site-packages/airflow/example_dags/example_trigger_target_dag.py took 0.055 seconds
[2024-04-26T12:35:45.956+0000] {processor.py:161} INFO - Started process (PID=181) to work on /home/airflow/.local/lib/python3.12/site-packages/airflow/example_dags/example_trigger_target_dag.py
[2024-04-26T12:35:45.957+0000] {processor.py:830} INFO - Processing file /home/airflow/.local/lib/python3.12/site-packages/airflow/example_dags/example_trigger_target_dag.py for tasks to queue
[2024-04-26T12:35:45.959+0000] {logging_mixin.py:188} INFO - [2024-04-26T12:35:45.958+0000] {dagbag.py:540} INFO - Filling up the DagBag from /home/airflow/.local/lib/python3.12/site-packages/airflow/example_dags/example_trigger_target_dag.py
[2024-04-26T12:35:45.964+0000] {processor.py:840} INFO - DAG(s) 'example_trigger_target_dag' retrieved from /home/airflow/.local/lib/python3.12/site-packages/airflow/example_dags/example_trigger_target_dag.py
[2024-04-26T12:35:45.980+0000] {logging_mixin.py:188} INFO - [2024-04-26T12:35:45.980+0000] {dag.py:3096} INFO - Sync 1 DAGs
[2024-04-26T12:35:45.991+0000] {logging_mixin.py:188} INFO - [2024-04-26T12:35:45.991+0000] {dag.py:3954} INFO - Setting next_dagrun for example_trigger_target_dag to None, run_after=None
[2024-04-26T12:35:46.007+0000] {processor.py:183} INFO - Processing /home/airflow/.local/lib/python3.12/site-packages/airflow/example_dags/example_trigger_target_dag.py took 0.055 seconds
[2024-04-26T12:36:16.832+0000] {processor.py:161} INFO - Started process (PID=239) to work on /home/airflow/.local/lib/python3.12/site-packages/airflow/example_dags/example_trigger_target_dag.py
[2024-04-26T12:36:16.833+0000] {processor.py:830} INFO - Processing file /home/airflow/.local/lib/python3.12/site-packages/airflow/example_dags/example_trigger_target_dag.py for tasks to queue
[2024-04-26T12:36:16.834+0000] {logging_mixin.py:188} INFO - [2024-04-26T12:36:16.834+0000] {dagbag.py:540} INFO - Filling up the DagBag from /home/airflow/.local/lib/python3.12/site-packages/airflow/example_dags/example_trigger_target_dag.py
[2024-04-26T12:36:16.839+0000] {processor.py:840} INFO - DAG(s) 'example_trigger_target_dag' retrieved from /home/airflow/.local/lib/python3.12/site-packages/airflow/example_dags/example_trigger_target_dag.py
[2024-04-26T12:36:16.855+0000] {logging_mixin.py:188} INFO - [2024-04-26T12:36:16.855+0000] {dag.py:3096} INFO - Sync 1 DAGs
[2024-04-26T12:36:16.865+0000] {logging_mixin.py:188} INFO - [2024-04-26T12:36:16.865+0000] {dag.py:3954} INFO - Setting next_dagrun for example_trigger_target_dag to None, run_after=None
[2024-04-26T12:36:16.880+0000] {processor.py:183} INFO - Processing /home/airflow/.local/lib/python3.12/site-packages/airflow/example_dags/example_trigger_target_dag.py took 0.053 seconds
[2024-04-26T12:36:47.228+0000] {processor.py:161} INFO - Started process (PID=297) to work on /home/airflow/.local/lib/python3.12/site-packages/airflow/example_dags/example_trigger_target_dag.py
[2024-04-26T12:36:47.229+0000] {processor.py:830} INFO - Processing file /home/airflow/.local/lib/python3.12/site-packages/airflow/example_dags/example_trigger_target_dag.py for tasks to queue
[2024-04-26T12:36:47.231+0000] {logging_mixin.py:188} INFO - [2024-04-26T12:36:47.231+0000] {dagbag.py:540} INFO - Filling up the DagBag from /home/airflow/.local/lib/python3.12/site-packages/airflow/example_dags/example_trigger_target_dag.py
[2024-04-26T12:36:47.237+0000] {processor.py:840} INFO - DAG(s) 'example_trigger_target_dag' retrieved from /home/airflow/.local/lib/python3.12/site-packages/airflow/example_dags/example_trigger_target_dag.py
[2024-04-26T12:36:47.252+0000] {logging_mixin.py:188} INFO - [2024-04-26T12:36:47.252+0000] {dag.py:3096} INFO - Sync 1 DAGs
[2024-04-26T12:36:47.262+0000] {logging_mixin.py:188} INFO - [2024-04-26T12:36:47.262+0000] {dag.py:3954} INFO - Setting next_dagrun for example_trigger_target_dag to None, run_after=None
[2024-04-26T12:36:47.278+0000] {processor.py:183} INFO - Processing /home/airflow/.local/lib/python3.12/site-packages/airflow/example_dags/example_trigger_target_dag.py took 0.055 seconds
[2024-04-26T12:37:17.602+0000] {processor.py:161} INFO - Started process (PID=355) to work on /home/airflow/.local/lib/python3.12/site-packages/airflow/example_dags/example_trigger_target_dag.py
[2024-04-26T12:37:17.603+0000] {processor.py:830} INFO - Processing file /home/airflow/.local/lib/python3.12/site-packages/airflow/example_dags/example_trigger_target_dag.py for tasks to queue
[2024-04-26T12:37:17.604+0000] {logging_mixin.py:188} INFO - [2024-04-26T12:37:17.604+0000] {dagbag.py:540} INFO - Filling up the DagBag from /home/airflow/.local/lib/python3.12/site-packages/airflow/example_dags/example_trigger_target_dag.py
[2024-04-26T12:37:17.609+0000] {processor.py:840} INFO - DAG(s) 'example_trigger_target_dag' retrieved from /home/airflow/.local/lib/python3.12/site-packages/airflow/example_dags/example_trigger_target_dag.py
[2024-04-26T12:37:17.624+0000] {logging_mixin.py:188} INFO - [2024-04-26T12:37:17.624+0000] {dag.py:3096} INFO - Sync 1 DAGs
[2024-04-26T12:37:17.635+0000] {logging_mixin.py:188} INFO - [2024-04-26T12:37:17.635+0000] {dag.py:3954} INFO - Setting next_dagrun for example_trigger_target_dag to None, run_after=None
[2024-04-26T12:37:17.651+0000] {processor.py:183} INFO - Processing /home/airflow/.local/lib/python3.12/site-packages/airflow/example_dags/example_trigger_target_dag.py took 0.053 seconds
[2024-04-26T12:37:48.027+0000] {processor.py:161} INFO - Started process (PID=413) to work on /home/airflow/.local/lib/python3.12/site-packages/airflow/example_dags/example_trigger_target_dag.py
[2024-04-26T12:37:48.028+0000] {processor.py:830} INFO - Processing file /home/airflow/.local/lib/python3.12/site-packages/airflow/example_dags/example_trigger_target_dag.py for tasks to queue
[2024-04-26T12:37:48.029+0000] {logging_mixin.py:188} INFO - [2024-04-26T12:37:48.029+0000] {dagbag.py:540} INFO - Filling up the DagBag from /home/airflow/.local/lib/python3.12/site-packages/airflow/example_dags/example_trigger_target_dag.py
[2024-04-26T12:37:48.034+0000] {processor.py:840} INFO - DAG(s) 'example_trigger_target_dag' retrieved from /home/airflow/.local/lib/python3.12/site-packages/airflow/example_dags/example_trigger_target_dag.py
[2024-04-26T12:37:48.050+0000] {logging_mixin.py:188} INFO - [2024-04-26T12:37:48.050+0000] {dag.py:3096} INFO - Sync 1 DAGs
[2024-04-26T12:37:48.060+0000] {logging_mixin.py:188} INFO - [2024-04-26T12:37:48.060+0000] {dag.py:3954} INFO - Setting next_dagrun for example_trigger_target_dag to None, run_after=None
[2024-04-26T12:37:48.076+0000] {processor.py:183} INFO - Processing /home/airflow/.local/lib/python3.12/site-packages/airflow/example_dags/example_trigger_target_dag.py took 0.054 seconds
[2024-04-26T12:38:18.448+0000] {processor.py:161} INFO - Started process (PID=471) to work on /home/airflow/.local/lib/python3.12/site-packages/airflow/example_dags/example_trigger_target_dag.py
[2024-04-26T12:38:18.449+0000] {processor.py:830} INFO - Processing file /home/airflow/.local/lib/python3.12/site-packages/airflow/example_dags/example_trigger_target_dag.py for tasks to queue
[2024-04-26T12:38:18.450+0000] {logging_mixin.py:188} INFO - [2024-04-26T12:38:18.450+0000] {dagbag.py:540} INFO - Filling up the DagBag from /home/airflow/.local/lib/python3.12/site-packages/airflow/example_dags/example_trigger_target_dag.py
[2024-04-26T12:38:18.455+0000] {processor.py:840} INFO - DAG(s) 'example_trigger_target_dag' retrieved from /home/airflow/.local/lib/python3.12/site-packages/airflow/example_dags/example_trigger_target_dag.py
[2024-04-26T12:38:18.471+0000] {logging_mixin.py:188} INFO - [2024-04-26T12:38:18.471+0000] {dag.py:3096} INFO - Sync 1 DAGs
[2024-04-26T12:38:18.480+0000] {logging_mixin.py:188} INFO - [2024-04-26T12:38:18.480+0000] {dag.py:3954} INFO - Setting next_dagrun for example_trigger_target_dag to None, run_after=None
[2024-04-26T12:38:18.495+0000] {processor.py:183} INFO - Processing /home/airflow/.local/lib/python3.12/site-packages/airflow/example_dags/example_trigger_target_dag.py took 0.051 seconds
[2024-04-26T12:38:48.829+0000] {processor.py:161} INFO - Started process (PID=529) to work on /home/airflow/.local/lib/python3.12/site-packages/airflow/example_dags/example_trigger_target_dag.py
[2024-04-26T12:38:48.830+0000] {processor.py:830} INFO - Processing file /home/airflow/.local/lib/python3.12/site-packages/airflow/example_dags/example_trigger_target_dag.py for tasks to queue
[2024-04-26T12:38:48.832+0000] {logging_mixin.py:188} INFO - [2024-04-26T12:38:48.831+0000] {dagbag.py:540} INFO - Filling up the DagBag from /home/airflow/.local/lib/python3.12/site-packages/airflow/example_dags/example_trigger_target_dag.py
[2024-04-26T12:38:48.837+0000] {processor.py:840} INFO - DAG(s) 'example_trigger_target_dag' retrieved from /home/airflow/.local/lib/python3.12/site-packages/airflow/example_dags/example_trigger_target_dag.py
[2024-04-26T12:38:48.853+0000] {logging_mixin.py:188} INFO - [2024-04-26T12:38:48.852+0000] {dag.py:3096} INFO - Sync 1 DAGs
[2024-04-26T12:38:48.863+0000] {logging_mixin.py:188} INFO - [2024-04-26T12:38:48.863+0000] {dag.py:3954} INFO - Setting next_dagrun for example_trigger_target_dag to None, run_after=None
[2024-04-26T12:38:48.877+0000] {processor.py:183} INFO - Processing /home/airflow/.local/lib/python3.12/site-packages/airflow/example_dags/example_trigger_target_dag.py took 0.054 seconds
[2024-04-26T12:39:19.282+0000] {processor.py:161} INFO - Started process (PID=587) to work on /home/airflow/.local/lib/python3.12/site-packages/airflow/example_dags/example_trigger_target_dag.py
[2024-04-26T12:39:19.283+0000] {processor.py:830} INFO - Processing file /home/airflow/.local/lib/python3.12/site-packages/airflow/example_dags/example_trigger_target_dag.py for tasks to queue
[2024-04-26T12:39:19.285+0000] {logging_mixin.py:188} INFO - [2024-04-26T12:39:19.284+0000] {dagbag.py:540} INFO - Filling up the DagBag from /home/airflow/.local/lib/python3.12/site-packages/airflow/example_dags/example_trigger_target_dag.py
[2024-04-26T12:39:19.290+0000] {processor.py:840} INFO - DAG(s) 'example_trigger_target_dag' retrieved from /home/airflow/.local/lib/python3.12/site-packages/airflow/example_dags/example_trigger_target_dag.py
[2024-04-26T12:39:19.305+0000] {logging_mixin.py:188} INFO - [2024-04-26T12:39:19.305+0000] {dag.py:3096} INFO - Sync 1 DAGs
[2024-04-26T12:39:19.316+0000] {logging_mixin.py:188} INFO - [2024-04-26T12:39:19.316+0000] {dag.py:3954} INFO - Setting next_dagrun for example_trigger_target_dag to None, run_after=None
[2024-04-26T12:39:19.331+0000] {processor.py:183} INFO - Processing /home/airflow/.local/lib/python3.12/site-packages/airflow/example_dags/example_trigger_target_dag.py took 0.053 seconds
[2024-04-26T12:39:49.770+0000] {processor.py:161} INFO - Started process (PID=645) to work on /home/airflow/.local/lib/python3.12/site-packages/airflow/example_dags/example_trigger_target_dag.py
[2024-04-26T12:39:49.771+0000] {processor.py:830} INFO - Processing file /home/airflow/.local/lib/python3.12/site-packages/airflow/example_dags/example_trigger_target_dag.py for tasks to queue
[2024-04-26T12:39:49.772+0000] {logging_mixin.py:188} INFO - [2024-04-26T12:39:49.772+0000] {dagbag.py:540} INFO - Filling up the DagBag from /home/airflow/.local/lib/python3.12/site-packages/airflow/example_dags/example_trigger_target_dag.py
[2024-04-26T12:39:49.777+0000] {processor.py:840} INFO - DAG(s) 'example_trigger_target_dag' retrieved from /home/airflow/.local/lib/python3.12/site-packages/airflow/example_dags/example_trigger_target_dag.py
[2024-04-26T12:39:49.793+0000] {logging_mixin.py:188} INFO - [2024-04-26T12:39:49.793+0000] {dag.py:3096} INFO - Sync 1 DAGs
[2024-04-26T12:39:49.804+0000] {logging_mixin.py:188} INFO - [2024-04-26T12:39:49.803+0000] {dag.py:3954} INFO - Setting next_dagrun for example_trigger_target_dag to None, run_after=None
[2024-04-26T12:39:49.818+0000] {processor.py:183} INFO - Processing /home/airflow/.local/lib/python3.12/site-packages/airflow/example_dags/example_trigger_target_dag.py took 0.053 seconds
[2024-04-26T12:40:20.195+0000] {processor.py:161} INFO - Started process (PID=703) to work on /home/airflow/.local/lib/python3.12/site-packages/airflow/example_dags/example_trigger_target_dag.py
[2024-04-26T12:40:20.196+0000] {processor.py:830} INFO - Processing file /home/airflow/.local/lib/python3.12/site-packages/airflow/example_dags/example_trigger_target_dag.py for tasks to queue
[2024-04-26T12:40:20.198+0000] {logging_mixin.py:188} INFO - [2024-04-26T12:40:20.197+0000] {dagbag.py:540} INFO - Filling up the DagBag from /home/airflow/.local/lib/python3.12/site-packages/airflow/example_dags/example_trigger_target_dag.py
[2024-04-26T12:40:20.203+0000] {processor.py:840} INFO - DAG(s) 'example_trigger_target_dag' retrieved from /home/airflow/.local/lib/python3.12/site-packages/airflow/example_dags/example_trigger_target_dag.py
[2024-04-26T12:40:20.219+0000] {logging_mixin.py:188} INFO - [2024-04-26T12:40:20.219+0000] {dag.py:3096} INFO - Sync 1 DAGs
[2024-04-26T12:40:20.231+0000] {logging_mixin.py:188} INFO - [2024-04-26T12:40:20.231+0000] {dag.py:3954} INFO - Setting next_dagrun for example_trigger_target_dag to None, run_after=None
[2024-04-26T12:40:20.248+0000] {processor.py:183} INFO - Processing /home/airflow/.local/lib/python3.12/site-packages/airflow/example_dags/example_trigger_target_dag.py took 0.057 seconds
[2024-04-26T12:40:50.727+0000] {processor.py:161} INFO - Started process (PID=761) to work on /home/airflow/.local/lib/python3.12/site-packages/airflow/example_dags/example_trigger_target_dag.py
[2024-04-26T12:40:50.728+0000] {processor.py:830} INFO - Processing file /home/airflow/.local/lib/python3.12/site-packages/airflow/example_dags/example_trigger_target_dag.py for tasks to queue
[2024-04-26T12:40:50.729+0000] {logging_mixin.py:188} INFO - [2024-04-26T12:40:50.729+0000] {dagbag.py:540} INFO - Filling up the DagBag from /home/airflow/.local/lib/python3.12/site-packages/airflow/example_dags/example_trigger_target_dag.py
[2024-04-26T12:40:50.734+0000] {processor.py:840} INFO - DAG(s) 'example_trigger_target_dag' retrieved from /home/airflow/.local/lib/python3.12/site-packages/airflow/example_dags/example_trigger_target_dag.py
[2024-04-26T12:40:50.748+0000] {logging_mixin.py:188} INFO - [2024-04-26T12:40:50.748+0000] {dag.py:3096} INFO - Sync 1 DAGs
[2024-04-26T12:40:50.759+0000] {logging_mixin.py:188} INFO - [2024-04-26T12:40:50.758+0000] {dag.py:3954} INFO - Setting next_dagrun for example_trigger_target_dag to None, run_after=None
[2024-04-26T12:40:50.774+0000] {processor.py:183} INFO - Processing /home/airflow/.local/lib/python3.12/site-packages/airflow/example_dags/example_trigger_target_dag.py took 0.052 seconds
[2024-04-26T12:41:21.668+0000] {processor.py:161} INFO - Started process (PID=819) to work on /home/airflow/.local/lib/python3.12/site-packages/airflow/example_dags/example_trigger_target_dag.py
[2024-04-26T12:41:21.669+0000] {processor.py:830} INFO - Processing file /home/airflow/.local/lib/python3.12/site-packages/airflow/example_dags/example_trigger_target_dag.py for tasks to queue
[2024-04-26T12:41:21.670+0000] {logging_mixin.py:188} INFO - [2024-04-26T12:41:21.670+0000] {dagbag.py:540} INFO - Filling up the DagBag from /home/airflow/.local/lib/python3.12/site-packages/airflow/example_dags/example_trigger_target_dag.py
[2024-04-26T12:41:21.675+0000] {processor.py:840} INFO - DAG(s) 'example_trigger_target_dag' retrieved from /home/airflow/.local/lib/python3.12/site-packages/airflow/example_dags/example_trigger_target_dag.py
[2024-04-26T12:41:21.690+0000] {logging_mixin.py:188} INFO - [2024-04-26T12:41:21.690+0000] {dag.py:3096} INFO - Sync 1 DAGs
[2024-04-26T12:41:21.701+0000] {logging_mixin.py:188} INFO - [2024-04-26T12:41:21.701+0000] {dag.py:3954} INFO - Setting next_dagrun for example_trigger_target_dag to None, run_after=None
[2024-04-26T12:41:21.715+0000] {processor.py:183} INFO - Processing /home/airflow/.local/lib/python3.12/site-packages/airflow/example_dags/example_trigger_target_dag.py took 0.052 seconds
[2024-04-26T12:41:52.994+0000] {processor.py:161} INFO - Started process (PID=877) to work on /home/airflow/.local/lib/python3.12/site-packages/airflow/example_dags/example_trigger_target_dag.py
[2024-04-26T12:41:52.995+0000] {processor.py:830} INFO - Processing file /home/airflow/.local/lib/python3.12/site-packages/airflow/example_dags/example_trigger_target_dag.py for tasks to queue
[2024-04-26T12:41:52.997+0000] {logging_mixin.py:188} INFO - [2024-04-26T12:41:52.996+0000] {dagbag.py:540} INFO - Filling up the DagBag from /home/airflow/.local/lib/python3.12/site-packages/airflow/example_dags/example_trigger_target_dag.py
[2024-04-26T12:41:53.001+0000] {processor.py:840} INFO - DAG(s) 'example_trigger_target_dag' retrieved from /home/airflow/.local/lib/python3.12/site-packages/airflow/example_dags/example_trigger_target_dag.py
[2024-04-26T12:41:53.017+0000] {logging_mixin.py:188} INFO - [2024-04-26T12:41:53.017+0000] {dag.py:3096} INFO - Sync 1 DAGs
[2024-04-26T12:41:53.027+0000] {logging_mixin.py:188} INFO - [2024-04-26T12:41:53.027+0000] {dag.py:3954} INFO - Setting next_dagrun for example_trigger_target_dag to None, run_after=None
[2024-04-26T12:41:53.153+0000] {processor.py:183} INFO - Processing /home/airflow/.local/lib/python3.12/site-packages/airflow/example_dags/example_trigger_target_dag.py took 0.164 seconds
[2024-04-26T12:42:23.463+0000] {processor.py:161} INFO - Started process (PID=935) to work on /home/airflow/.local/lib/python3.12/site-packages/airflow/example_dags/example_trigger_target_dag.py
[2024-04-26T12:42:23.464+0000] {processor.py:830} INFO - Processing file /home/airflow/.local/lib/python3.12/site-packages/airflow/example_dags/example_trigger_target_dag.py for tasks to queue
[2024-04-26T12:42:23.465+0000] {logging_mixin.py:188} INFO - [2024-04-26T12:42:23.465+0000] {dagbag.py:540} INFO - Filling up the DagBag from /home/airflow/.local/lib/python3.12/site-packages/airflow/example_dags/example_trigger_target_dag.py
[2024-04-26T12:42:23.470+0000] {processor.py:840} INFO - DAG(s) 'example_trigger_target_dag' retrieved from /home/airflow/.local/lib/python3.12/site-packages/airflow/example_dags/example_trigger_target_dag.py
[2024-04-26T12:42:23.485+0000] {logging_mixin.py:188} INFO - [2024-04-26T12:42:23.485+0000] {dag.py:3096} INFO - Sync 1 DAGs
[2024-04-26T12:42:23.496+0000] {logging_mixin.py:188} INFO - [2024-04-26T12:42:23.496+0000] {dag.py:3954} INFO - Setting next_dagrun for example_trigger_target_dag to None, run_after=None
[2024-04-26T12:42:23.512+0000] {processor.py:183} INFO - Processing /home/airflow/.local/lib/python3.12/site-packages/airflow/example_dags/example_trigger_target_dag.py took 0.054 seconds
[2024-04-26T12:42:54.149+0000] {processor.py:161} INFO - Started process (PID=993) to work on /home/airflow/.local/lib/python3.12/site-packages/airflow/example_dags/example_trigger_target_dag.py
[2024-04-26T12:42:54.150+0000] {processor.py:830} INFO - Processing file /home/airflow/.local/lib/python3.12/site-packages/airflow/example_dags/example_trigger_target_dag.py for tasks to queue
[2024-04-26T12:42:54.152+0000] {logging_mixin.py:188} INFO - [2024-04-26T12:42:54.152+0000] {dagbag.py:540} INFO - Filling up the DagBag from /home/airflow/.local/lib/python3.12/site-packages/airflow/example_dags/example_trigger_target_dag.py
[2024-04-26T12:42:54.157+0000] {processor.py:840} INFO - DAG(s) 'example_trigger_target_dag' retrieved from /home/airflow/.local/lib/python3.12/site-packages/airflow/example_dags/example_trigger_target_dag.py
[2024-04-26T12:42:54.175+0000] {logging_mixin.py:188} INFO - [2024-04-26T12:42:54.175+0000] {dag.py:3096} INFO - Sync 1 DAGs
[2024-04-26T12:42:54.188+0000] {logging_mixin.py:188} INFO - [2024-04-26T12:42:54.187+0000] {dag.py:3954} INFO - Setting next_dagrun for example_trigger_target_dag to None, run_after=None
[2024-04-26T12:42:54.206+0000] {processor.py:183} INFO - Processing /home/airflow/.local/lib/python3.12/site-packages/airflow/example_dags/example_trigger_target_dag.py took 0.062 seconds
[2024-04-26T12:43:25.210+0000] {processor.py:161} INFO - Started process (PID=1051) to work on /home/airflow/.local/lib/python3.12/site-packages/airflow/example_dags/example_trigger_target_dag.py
[2024-04-26T12:43:25.211+0000] {processor.py:830} INFO - Processing file /home/airflow/.local/lib/python3.12/site-packages/airflow/example_dags/example_trigger_target_dag.py for tasks to queue
[2024-04-26T12:43:25.213+0000] {logging_mixin.py:188} INFO - [2024-04-26T12:43:25.212+0000] {dagbag.py:540} INFO - Filling up the DagBag from /home/airflow/.local/lib/python3.12/site-packages/airflow/example_dags/example_trigger_target_dag.py
[2024-04-26T12:43:25.217+0000] {processor.py:840} INFO - DAG(s) 'example_trigger_target_dag' retrieved from /home/airflow/.local/lib/python3.12/site-packages/airflow/example_dags/example_trigger_target_dag.py
[2024-04-26T12:43:25.318+0000] {logging_mixin.py:188} INFO - [2024-04-26T12:43:25.318+0000] {dag.py:3096} INFO - Sync 1 DAGs
[2024-04-26T12:43:25.326+0000] {logging_mixin.py:188} INFO - [2024-04-26T12:43:25.326+0000] {dag.py:3954} INFO - Setting next_dagrun for example_trigger_target_dag to None, run_after=None
[2024-04-26T12:43:25.338+0000] {processor.py:183} INFO - Processing /home/airflow/.local/lib/python3.12/site-packages/airflow/example_dags/example_trigger_target_dag.py took 0.132 seconds
[2024-04-26T12:43:55.773+0000] {processor.py:161} INFO - Started process (PID=1109) to work on /home/airflow/.local/lib/python3.12/site-packages/airflow/example_dags/example_trigger_target_dag.py
[2024-04-26T12:43:55.774+0000] {processor.py:830} INFO - Processing file /home/airflow/.local/lib/python3.12/site-packages/airflow/example_dags/example_trigger_target_dag.py for tasks to queue
[2024-04-26T12:43:55.776+0000] {logging_mixin.py:188} INFO - [2024-04-26T12:43:55.776+0000] {dagbag.py:540} INFO - Filling up the DagBag from /home/airflow/.local/lib/python3.12/site-packages/airflow/example_dags/example_trigger_target_dag.py
[2024-04-26T12:43:55.781+0000] {processor.py:840} INFO - DAG(s) 'example_trigger_target_dag' retrieved from /home/airflow/.local/lib/python3.12/site-packages/airflow/example_dags/example_trigger_target_dag.py
[2024-04-26T12:43:55.796+0000] {logging_mixin.py:188} INFO - [2024-04-26T12:43:55.796+0000] {dag.py:3096} INFO - Sync 1 DAGs
[2024-04-26T12:43:55.807+0000] {logging_mixin.py:188} INFO - [2024-04-26T12:43:55.807+0000] {dag.py:3954} INFO - Setting next_dagrun for example_trigger_target_dag to None, run_after=None
[2024-04-26T12:43:55.928+0000] {processor.py:183} INFO - Processing /home/airflow/.local/lib/python3.12/site-packages/airflow/example_dags/example_trigger_target_dag.py took 0.160 seconds
[2024-04-26T12:44:26.566+0000] {processor.py:161} INFO - Started process (PID=1167) to work on /home/airflow/.local/lib/python3.12/site-packages/airflow/example_dags/example_trigger_target_dag.py
[2024-04-26T12:44:26.567+0000] {processor.py:830} INFO - Processing file /home/airflow/.local/lib/python3.12/site-packages/airflow/example_dags/example_trigger_target_dag.py for tasks to queue
[2024-04-26T12:44:26.568+0000] {logging_mixin.py:188} INFO - [2024-04-26T12:44:26.568+0000] {dagbag.py:540} INFO - Filling up the DagBag from /home/airflow/.local/lib/python3.12/site-packages/airflow/example_dags/example_trigger_target_dag.py
[2024-04-26T12:44:26.573+0000] {processor.py:840} INFO - DAG(s) 'example_trigger_target_dag' retrieved from /home/airflow/.local/lib/python3.12/site-packages/airflow/example_dags/example_trigger_target_dag.py
[2024-04-26T12:44:26.587+0000] {logging_mixin.py:188} INFO - [2024-04-26T12:44:26.587+0000] {dag.py:3096} INFO - Sync 1 DAGs
[2024-04-26T12:44:26.598+0000] {logging_mixin.py:188} INFO - [2024-04-26T12:44:26.598+0000] {dag.py:3954} INFO - Setting next_dagrun for example_trigger_target_dag to None, run_after=None
[2024-04-26T12:44:26.614+0000] {processor.py:183} INFO - Processing /home/airflow/.local/lib/python3.12/site-packages/airflow/example_dags/example_trigger_target_dag.py took 0.053 seconds
[2024-04-26T12:44:57.200+0000] {processor.py:161} INFO - Started process (PID=1227) to work on /home/airflow/.local/lib/python3.12/site-packages/airflow/example_dags/example_trigger_target_dag.py
[2024-04-26T12:44:57.201+0000] {processor.py:830} INFO - Processing file /home/airflow/.local/lib/python3.12/site-packages/airflow/example_dags/example_trigger_target_dag.py for tasks to queue
[2024-04-26T12:44:57.202+0000] {logging_mixin.py:188} INFO - [2024-04-26T12:44:57.202+0000] {dagbag.py:540} INFO - Filling up the DagBag from /home/airflow/.local/lib/python3.12/site-packages/airflow/example_dags/example_trigger_target_dag.py
[2024-04-26T12:44:57.207+0000] {processor.py:840} INFO - DAG(s) 'example_trigger_target_dag' retrieved from /home/airflow/.local/lib/python3.12/site-packages/airflow/example_dags/example_trigger_target_dag.py
[2024-04-26T12:44:57.222+0000] {logging_mixin.py:188} INFO - [2024-04-26T12:44:57.221+0000] {dag.py:3096} INFO - Sync 1 DAGs
[2024-04-26T12:44:57.232+0000] {logging_mixin.py:188} INFO - [2024-04-26T12:44:57.232+0000] {dag.py:3954} INFO - Setting next_dagrun for example_trigger_target_dag to None, run_after=None
[2024-04-26T12:44:57.251+0000] {processor.py:183} INFO - Processing /home/airflow/.local/lib/python3.12/site-packages/airflow/example_dags/example_trigger_target_dag.py took 0.056 seconds
[2024-04-26T12:45:27.680+0000] {processor.py:161} INFO - Started process (PID=1287) to work on /home/airflow/.local/lib/python3.12/site-packages/airflow/example_dags/example_trigger_target_dag.py
[2024-04-26T12:45:27.681+0000] {processor.py:830} INFO - Processing file /home/airflow/.local/lib/python3.12/site-packages/airflow/example_dags/example_trigger_target_dag.py for tasks to queue
[2024-04-26T12:45:27.683+0000] {logging_mixin.py:188} INFO - [2024-04-26T12:45:27.683+0000] {dagbag.py:540} INFO - Filling up the DagBag from /home/airflow/.local/lib/python3.12/site-packages/airflow/example_dags/example_trigger_target_dag.py
[2024-04-26T12:45:27.688+0000] {processor.py:840} INFO - DAG(s) 'example_trigger_target_dag' retrieved from /home/airflow/.local/lib/python3.12/site-packages/airflow/example_dags/example_trigger_target_dag.py
[2024-04-26T12:45:27.703+0000] {logging_mixin.py:188} INFO - [2024-04-26T12:45:27.703+0000] {dag.py:3096} INFO - Sync 1 DAGs
[2024-04-26T12:45:27.714+0000] {logging_mixin.py:188} INFO - [2024-04-26T12:45:27.714+0000] {dag.py:3954} INFO - Setting next_dagrun for example_trigger_target_dag to None, run_after=None
[2024-04-26T12:45:27.729+0000] {processor.py:183} INFO - Processing /home/airflow/.local/lib/python3.12/site-packages/airflow/example_dags/example_trigger_target_dag.py took 0.054 seconds
[2024-04-26T12:45:58.231+0000] {processor.py:161} INFO - Started process (PID=1349) to work on /home/airflow/.local/lib/python3.12/site-packages/airflow/example_dags/example_trigger_target_dag.py
[2024-04-26T12:45:58.231+0000] {processor.py:830} INFO - Processing file /home/airflow/.local/lib/python3.12/site-packages/airflow/example_dags/example_trigger_target_dag.py for tasks to queue
[2024-04-26T12:45:58.233+0000] {logging_mixin.py:188} INFO - [2024-04-26T12:45:58.233+0000] {dagbag.py:540} INFO - Filling up the DagBag from /home/airflow/.local/lib/python3.12/site-packages/airflow/example_dags/example_trigger_target_dag.py
[2024-04-26T12:45:58.238+0000] {processor.py:840} INFO - DAG(s) 'example_trigger_target_dag' retrieved from /home/airflow/.local/lib/python3.12/site-packages/airflow/example_dags/example_trigger_target_dag.py
[2024-04-26T12:45:58.252+0000] {logging_mixin.py:188} INFO - [2024-04-26T12:45:58.252+0000] {dag.py:3096} INFO - Sync 1 DAGs
[2024-04-26T12:45:58.262+0000] {logging_mixin.py:188} INFO - [2024-04-26T12:45:58.262+0000] {dag.py:3954} INFO - Setting next_dagrun for example_trigger_target_dag to None, run_after=None
[2024-04-26T12:45:58.276+0000] {processor.py:183} INFO - Processing /home/airflow/.local/lib/python3.12/site-packages/airflow/example_dags/example_trigger_target_dag.py took 0.050 seconds
[2024-04-26T12:46:28.990+0000] {processor.py:161} INFO - Started process (PID=1411) to work on /home/airflow/.local/lib/python3.12/site-packages/airflow/example_dags/example_trigger_target_dag.py
[2024-04-26T12:46:28.991+0000] {processor.py:830} INFO - Processing file /home/airflow/.local/lib/python3.12/site-packages/airflow/example_dags/example_trigger_target_dag.py for tasks to queue
[2024-04-26T12:46:28.993+0000] {logging_mixin.py:188} INFO - [2024-04-26T12:46:28.993+0000] {dagbag.py:540} INFO - Filling up the DagBag from /home/airflow/.local/lib/python3.12/site-packages/airflow/example_dags/example_trigger_target_dag.py
[2024-04-26T12:46:28.999+0000] {processor.py:840} INFO - DAG(s) 'example_trigger_target_dag' retrieved from /home/airflow/.local/lib/python3.12/site-packages/airflow/example_dags/example_trigger_target_dag.py
[2024-04-26T12:46:29.015+0000] {logging_mixin.py:188} INFO - [2024-04-26T12:46:29.015+0000] {dag.py:3096} INFO - Sync 1 DAGs
[2024-04-26T12:46:29.028+0000] {logging_mixin.py:188} INFO - [2024-04-26T12:46:29.027+0000] {dag.py:3954} INFO - Setting next_dagrun for example_trigger_target_dag to None, run_after=None
[2024-04-26T12:46:29.046+0000] {processor.py:183} INFO - Processing /home/airflow/.local/lib/python3.12/site-packages/airflow/example_dags/example_trigger_target_dag.py took 0.064 seconds
[2024-04-26T12:46:59.422+0000] {processor.py:161} INFO - Started process (PID=1471) to work on /home/airflow/.local/lib/python3.12/site-packages/airflow/example_dags/example_trigger_target_dag.py
[2024-04-26T12:46:59.423+0000] {processor.py:830} INFO - Processing file /home/airflow/.local/lib/python3.12/site-packages/airflow/example_dags/example_trigger_target_dag.py for tasks to queue
[2024-04-26T12:46:59.424+0000] {logging_mixin.py:188} INFO - [2024-04-26T12:46:59.424+0000] {dagbag.py:540} INFO - Filling up the DagBag from /home/airflow/.local/lib/python3.12/site-packages/airflow/example_dags/example_trigger_target_dag.py
[2024-04-26T12:46:59.429+0000] {processor.py:840} INFO - DAG(s) 'example_trigger_target_dag' retrieved from /home/airflow/.local/lib/python3.12/site-packages/airflow/example_dags/example_trigger_target_dag.py
[2024-04-26T12:46:59.444+0000] {logging_mixin.py:188} INFO - [2024-04-26T12:46:59.443+0000] {dag.py:3096} INFO - Sync 1 DAGs
[2024-04-26T12:46:59.454+0000] {logging_mixin.py:188} INFO - [2024-04-26T12:46:59.454+0000] {dag.py:3954} INFO - Setting next_dagrun for example_trigger_target_dag to None, run_after=None
[2024-04-26T12:46:59.468+0000] {processor.py:183} INFO - Processing /home/airflow/.local/lib/python3.12/site-packages/airflow/example_dags/example_trigger_target_dag.py took 0.051 seconds
[2024-04-26T12:47:29.784+0000] {processor.py:161} INFO - Started process (PID=1537) to work on /home/airflow/.local/lib/python3.12/site-packages/airflow/example_dags/example_trigger_target_dag.py
[2024-04-26T12:47:29.785+0000] {processor.py:830} INFO - Processing file /home/airflow/.local/lib/python3.12/site-packages/airflow/example_dags/example_trigger_target_dag.py for tasks to queue
[2024-04-26T12:47:29.787+0000] {logging_mixin.py:188} INFO - [2024-04-26T12:47:29.786+0000] {dagbag.py:540} INFO - Filling up the DagBag from /home/airflow/.local/lib/python3.12/site-packages/airflow/example_dags/example_trigger_target_dag.py
[2024-04-26T12:47:29.791+0000] {processor.py:840} INFO - DAG(s) 'example_trigger_target_dag' retrieved from /home/airflow/.local/lib/python3.12/site-packages/airflow/example_dags/example_trigger_target_dag.py
[2024-04-26T12:47:29.805+0000] {logging_mixin.py:188} INFO - [2024-04-26T12:47:29.805+0000] {dag.py:3096} INFO - Sync 1 DAGs
[2024-04-26T12:47:29.816+0000] {logging_mixin.py:188} INFO - [2024-04-26T12:47:29.816+0000] {dag.py:3954} INFO - Setting next_dagrun for example_trigger_target_dag to None, run_after=None
[2024-04-26T12:47:29.833+0000] {processor.py:183} INFO - Processing /home/airflow/.local/lib/python3.12/site-packages/airflow/example_dags/example_trigger_target_dag.py took 0.054 seconds
[2024-04-26T12:48:00.172+0000] {processor.py:161} INFO - Started process (PID=1597) to work on /home/airflow/.local/lib/python3.12/site-packages/airflow/example_dags/example_trigger_target_dag.py
[2024-04-26T12:48:00.173+0000] {processor.py:830} INFO - Processing file /home/airflow/.local/lib/python3.12/site-packages/airflow/example_dags/example_trigger_target_dag.py for tasks to queue
[2024-04-26T12:48:00.175+0000] {logging_mixin.py:188} INFO - [2024-04-26T12:48:00.174+0000] {dagbag.py:540} INFO - Filling up the DagBag from /home/airflow/.local/lib/python3.12/site-packages/airflow/example_dags/example_trigger_target_dag.py
[2024-04-26T12:48:00.179+0000] {processor.py:840} INFO - DAG(s) 'example_trigger_target_dag' retrieved from /home/airflow/.local/lib/python3.12/site-packages/airflow/example_dags/example_trigger_target_dag.py
[2024-04-26T12:48:00.194+0000] {logging_mixin.py:188} INFO - [2024-04-26T12:48:00.194+0000] {dag.py:3096} INFO - Sync 1 DAGs
[2024-04-26T12:48:00.204+0000] {logging_mixin.py:188} INFO - [2024-04-26T12:48:00.204+0000] {dag.py:3954} INFO - Setting next_dagrun for example_trigger_target_dag to None, run_after=None
[2024-04-26T12:48:00.219+0000] {processor.py:183} INFO - Processing /home/airflow/.local/lib/python3.12/site-packages/airflow/example_dags/example_trigger_target_dag.py took 0.051 seconds
[2024-04-26T12:48:30.547+0000] {processor.py:161} INFO - Started process (PID=1657) to work on /home/airflow/.local/lib/python3.12/site-packages/airflow/example_dags/example_trigger_target_dag.py
[2024-04-26T12:48:30.548+0000] {processor.py:830} INFO - Processing file /home/airflow/.local/lib/python3.12/site-packages/airflow/example_dags/example_trigger_target_dag.py for tasks to queue
[2024-04-26T12:48:30.550+0000] {logging_mixin.py:188} INFO - [2024-04-26T12:48:30.549+0000] {dagbag.py:540} INFO - Filling up the DagBag from /home/airflow/.local/lib/python3.12/site-packages/airflow/example_dags/example_trigger_target_dag.py
[2024-04-26T12:48:30.554+0000] {processor.py:840} INFO - DAG(s) 'example_trigger_target_dag' retrieved from /home/airflow/.local/lib/python3.12/site-packages/airflow/example_dags/example_trigger_target_dag.py
[2024-04-26T12:48:30.568+0000] {logging_mixin.py:188} INFO - [2024-04-26T12:48:30.568+0000] {dag.py:3096} INFO - Sync 1 DAGs
[2024-04-26T12:48:30.577+0000] {logging_mixin.py:188} INFO - [2024-04-26T12:48:30.577+0000] {dag.py:3954} INFO - Setting next_dagrun for example_trigger_target_dag to None, run_after=None
[2024-04-26T12:48:30.591+0000] {processor.py:183} INFO - Processing /home/airflow/.local/lib/python3.12/site-packages/airflow/example_dags/example_trigger_target_dag.py took 0.049 seconds
[2024-04-26T12:49:01.031+0000] {processor.py:161} INFO - Started process (PID=1717) to work on /home/airflow/.local/lib/python3.12/site-packages/airflow/example_dags/example_trigger_target_dag.py
[2024-04-26T12:49:01.032+0000] {processor.py:830} INFO - Processing file /home/airflow/.local/lib/python3.12/site-packages/airflow/example_dags/example_trigger_target_dag.py for tasks to queue
[2024-04-26T12:49:01.034+0000] {logging_mixin.py:188} INFO - [2024-04-26T12:49:01.034+0000] {dagbag.py:540} INFO - Filling up the DagBag from /home/airflow/.local/lib/python3.12/site-packages/airflow/example_dags/example_trigger_target_dag.py
[2024-04-26T12:49:01.039+0000] {processor.py:840} INFO - DAG(s) 'example_trigger_target_dag' retrieved from /home/airflow/.local/lib/python3.12/site-packages/airflow/example_dags/example_trigger_target_dag.py
[2024-04-26T12:49:01.054+0000] {logging_mixin.py:188} INFO - [2024-04-26T12:49:01.053+0000] {dag.py:3096} INFO - Sync 1 DAGs
[2024-04-26T12:49:01.064+0000] {logging_mixin.py:188} INFO - [2024-04-26T12:49:01.064+0000] {dag.py:3954} INFO - Setting next_dagrun for example_trigger_target_dag to None, run_after=None
[2024-04-26T12:49:01.081+0000] {processor.py:183} INFO - Processing /home/airflow/.local/lib/python3.12/site-packages/airflow/example_dags/example_trigger_target_dag.py took 0.054 seconds
[2024-04-26T12:49:31.677+0000] {processor.py:161} INFO - Started process (PID=1819) to work on /home/airflow/.local/lib/python3.12/site-packages/airflow/example_dags/example_trigger_target_dag.py
[2024-04-26T12:49:31.678+0000] {processor.py:830} INFO - Processing file /home/airflow/.local/lib/python3.12/site-packages/airflow/example_dags/example_trigger_target_dag.py for tasks to queue
[2024-04-26T12:49:31.681+0000] {logging_mixin.py:188} INFO - [2024-04-26T12:49:31.681+0000] {dagbag.py:540} INFO - Filling up the DagBag from /home/airflow/.local/lib/python3.12/site-packages/airflow/example_dags/example_trigger_target_dag.py
[2024-04-26T12:49:31.691+0000] {processor.py:840} INFO - DAG(s) 'example_trigger_target_dag' retrieved from /home/airflow/.local/lib/python3.12/site-packages/airflow/example_dags/example_trigger_target_dag.py
[2024-04-26T12:49:31.716+0000] {logging_mixin.py:188} INFO - [2024-04-26T12:49:31.715+0000] {dag.py:3096} INFO - Sync 1 DAGs
[2024-04-26T12:49:31.732+0000] {logging_mixin.py:188} INFO - [2024-04-26T12:49:31.732+0000] {dag.py:3954} INFO - Setting next_dagrun for example_trigger_target_dag to None, run_after=None
[2024-04-26T12:49:31.757+0000] {processor.py:183} INFO - Processing /home/airflow/.local/lib/python3.12/site-packages/airflow/example_dags/example_trigger_target_dag.py took 0.085 seconds
[2024-04-26T12:50:02.633+0000] {processor.py:161} INFO - Started process (PID=2051) to work on /home/airflow/.local/lib/python3.12/site-packages/airflow/example_dags/example_trigger_target_dag.py
[2024-04-26T12:50:02.633+0000] {processor.py:830} INFO - Processing file /home/airflow/.local/lib/python3.12/site-packages/airflow/example_dags/example_trigger_target_dag.py for tasks to queue
[2024-04-26T12:50:02.635+0000] {logging_mixin.py:188} INFO - [2024-04-26T12:50:02.635+0000] {dagbag.py:540} INFO - Filling up the DagBag from /home/airflow/.local/lib/python3.12/site-packages/airflow/example_dags/example_trigger_target_dag.py
[2024-04-26T12:50:02.639+0000] {processor.py:840} INFO - DAG(s) 'example_trigger_target_dag' retrieved from /home/airflow/.local/lib/python3.12/site-packages/airflow/example_dags/example_trigger_target_dag.py
[2024-04-26T12:50:02.654+0000] {logging_mixin.py:188} INFO - [2024-04-26T12:50:02.654+0000] {dag.py:3096} INFO - Sync 1 DAGs
[2024-04-26T12:50:02.665+0000] {logging_mixin.py:188} INFO - [2024-04-26T12:50:02.664+0000] {dag.py:3954} INFO - Setting next_dagrun for example_trigger_target_dag to None, run_after=None
[2024-04-26T12:50:02.681+0000] {processor.py:183} INFO - Processing /home/airflow/.local/lib/python3.12/site-packages/airflow/example_dags/example_trigger_target_dag.py took 0.053 seconds
[2024-04-26T12:50:33.450+0000] {processor.py:161} INFO - Started process (PID=2331) to work on /home/airflow/.local/lib/python3.12/site-packages/airflow/example_dags/example_trigger_target_dag.py
[2024-04-26T12:50:33.451+0000] {processor.py:830} INFO - Processing file /home/airflow/.local/lib/python3.12/site-packages/airflow/example_dags/example_trigger_target_dag.py for tasks to queue
[2024-04-26T12:50:33.454+0000] {logging_mixin.py:188} INFO - [2024-04-26T12:50:33.454+0000] {dagbag.py:540} INFO - Filling up the DagBag from /home/airflow/.local/lib/python3.12/site-packages/airflow/example_dags/example_trigger_target_dag.py
[2024-04-26T12:50:33.462+0000] {processor.py:840} INFO - DAG(s) 'example_trigger_target_dag' retrieved from /home/airflow/.local/lib/python3.12/site-packages/airflow/example_dags/example_trigger_target_dag.py
[2024-04-26T12:50:33.487+0000] {logging_mixin.py:188} INFO - [2024-04-26T12:50:33.487+0000] {dag.py:3096} INFO - Sync 1 DAGs
[2024-04-26T12:50:33.507+0000] {logging_mixin.py:188} INFO - [2024-04-26T12:50:33.507+0000] {dag.py:3954} INFO - Setting next_dagrun for example_trigger_target_dag to None, run_after=None
[2024-04-26T12:50:33.538+0000] {processor.py:183} INFO - Processing /home/airflow/.local/lib/python3.12/site-packages/airflow/example_dags/example_trigger_target_dag.py took 0.096 seconds
[2024-04-26T12:51:03.630+0000] {processor.py:161} INFO - Started process (PID=2571) to work on /home/airflow/.local/lib/python3.12/site-packages/airflow/example_dags/example_trigger_target_dag.py
[2024-04-26T12:51:03.633+0000] {processor.py:830} INFO - Processing file /home/airflow/.local/lib/python3.12/site-packages/airflow/example_dags/example_trigger_target_dag.py for tasks to queue
[2024-04-26T12:51:03.636+0000] {logging_mixin.py:188} INFO - [2024-04-26T12:51:03.636+0000] {dagbag.py:540} INFO - Filling up the DagBag from /home/airflow/.local/lib/python3.12/site-packages/airflow/example_dags/example_trigger_target_dag.py
[2024-04-26T12:51:03.648+0000] {processor.py:840} INFO - DAG(s) 'example_trigger_target_dag' retrieved from /home/airflow/.local/lib/python3.12/site-packages/airflow/example_dags/example_trigger_target_dag.py
[2024-04-26T12:51:03.676+0000] {logging_mixin.py:188} INFO - [2024-04-26T12:51:03.675+0000] {dag.py:3096} INFO - Sync 1 DAGs
[2024-04-26T12:51:03.696+0000] {logging_mixin.py:188} INFO - [2024-04-26T12:51:03.695+0000] {dag.py:3954} INFO - Setting next_dagrun for example_trigger_target_dag to None, run_after=None
[2024-04-26T12:51:03.722+0000] {processor.py:183} INFO - Processing /home/airflow/.local/lib/python3.12/site-packages/airflow/example_dags/example_trigger_target_dag.py took 0.101 seconds
[2024-04-26T12:51:34.359+0000] {processor.py:161} INFO - Started process (PID=2811) to work on /home/airflow/.local/lib/python3.12/site-packages/airflow/example_dags/example_trigger_target_dag.py
[2024-04-26T12:51:34.360+0000] {processor.py:830} INFO - Processing file /home/airflow/.local/lib/python3.12/site-packages/airflow/example_dags/example_trigger_target_dag.py for tasks to queue
[2024-04-26T12:51:34.363+0000] {logging_mixin.py:188} INFO - [2024-04-26T12:51:34.362+0000] {dagbag.py:540} INFO - Filling up the DagBag from /home/airflow/.local/lib/python3.12/site-packages/airflow/example_dags/example_trigger_target_dag.py
[2024-04-26T12:51:34.372+0000] {processor.py:840} INFO - DAG(s) 'example_trigger_target_dag' retrieved from /home/airflow/.local/lib/python3.12/site-packages/airflow/example_dags/example_trigger_target_dag.py
[2024-04-26T12:51:34.393+0000] {logging_mixin.py:188} INFO - [2024-04-26T12:51:34.393+0000] {dag.py:3096} INFO - Sync 1 DAGs
[2024-04-26T12:51:34.409+0000] {logging_mixin.py:188} INFO - [2024-04-26T12:51:34.409+0000] {dag.py:3954} INFO - Setting next_dagrun for example_trigger_target_dag to None, run_after=None
[2024-04-26T12:51:34.432+0000] {processor.py:183} INFO - Processing /home/airflow/.local/lib/python3.12/site-packages/airflow/example_dags/example_trigger_target_dag.py took 0.082 seconds
[2024-04-26T12:52:04.840+0000] {processor.py:161} INFO - Started process (PID=3055) to work on /home/airflow/.local/lib/python3.12/site-packages/airflow/example_dags/example_trigger_target_dag.py
[2024-04-26T12:52:04.841+0000] {processor.py:830} INFO - Processing file /home/airflow/.local/lib/python3.12/site-packages/airflow/example_dags/example_trigger_target_dag.py for tasks to queue
[2024-04-26T12:52:04.844+0000] {logging_mixin.py:188} INFO - [2024-04-26T12:52:04.844+0000] {dagbag.py:540} INFO - Filling up the DagBag from /home/airflow/.local/lib/python3.12/site-packages/airflow/example_dags/example_trigger_target_dag.py
[2024-04-26T12:52:04.851+0000] {processor.py:840} INFO - DAG(s) 'example_trigger_target_dag' retrieved from /home/airflow/.local/lib/python3.12/site-packages/airflow/example_dags/example_trigger_target_dag.py
[2024-04-26T12:52:04.872+0000] {logging_mixin.py:188} INFO - [2024-04-26T12:52:04.872+0000] {dag.py:3096} INFO - Sync 1 DAGs
[2024-04-26T12:52:04.886+0000] {logging_mixin.py:188} INFO - [2024-04-26T12:52:04.885+0000] {dag.py:3954} INFO - Setting next_dagrun for example_trigger_target_dag to None, run_after=None
[2024-04-26T12:52:04.905+0000] {processor.py:183} INFO - Processing /home/airflow/.local/lib/python3.12/site-packages/airflow/example_dags/example_trigger_target_dag.py took 0.074 seconds
[2024-04-26T12:52:34.954+0000] {processor.py:161} INFO - Started process (PID=3311) to work on /home/airflow/.local/lib/python3.12/site-packages/airflow/example_dags/example_trigger_target_dag.py
[2024-04-26T12:52:34.955+0000] {processor.py:830} INFO - Processing file /home/airflow/.local/lib/python3.12/site-packages/airflow/example_dags/example_trigger_target_dag.py for tasks to queue
[2024-04-26T12:52:34.956+0000] {logging_mixin.py:188} INFO - [2024-04-26T12:52:34.956+0000] {dagbag.py:540} INFO - Filling up the DagBag from /home/airflow/.local/lib/python3.12/site-packages/airflow/example_dags/example_trigger_target_dag.py
[2024-04-26T12:52:34.961+0000] {processor.py:840} INFO - DAG(s) 'example_trigger_target_dag' retrieved from /home/airflow/.local/lib/python3.12/site-packages/airflow/example_dags/example_trigger_target_dag.py
[2024-04-26T12:52:34.976+0000] {logging_mixin.py:188} INFO - [2024-04-26T12:52:34.976+0000] {dag.py:3096} INFO - Sync 1 DAGs
[2024-04-26T12:52:34.987+0000] {logging_mixin.py:188} INFO - [2024-04-26T12:52:34.987+0000] {dag.py:3954} INFO - Setting next_dagrun for example_trigger_target_dag to None, run_after=None
[2024-04-26T12:52:35.002+0000] {processor.py:183} INFO - Processing /home/airflow/.local/lib/python3.12/site-packages/airflow/example_dags/example_trigger_target_dag.py took 0.054 seconds
[2024-04-26T12:53:05.346+0000] {processor.py:161} INFO - Started process (PID=3567) to work on /home/airflow/.local/lib/python3.12/site-packages/airflow/example_dags/example_trigger_target_dag.py
[2024-04-26T12:53:05.347+0000] {processor.py:830} INFO - Processing file /home/airflow/.local/lib/python3.12/site-packages/airflow/example_dags/example_trigger_target_dag.py for tasks to queue
[2024-04-26T12:53:05.350+0000] {logging_mixin.py:188} INFO - [2024-04-26T12:53:05.349+0000] {dagbag.py:540} INFO - Filling up the DagBag from /home/airflow/.local/lib/python3.12/site-packages/airflow/example_dags/example_trigger_target_dag.py
[2024-04-26T12:53:05.359+0000] {processor.py:840} INFO - DAG(s) 'example_trigger_target_dag' retrieved from /home/airflow/.local/lib/python3.12/site-packages/airflow/example_dags/example_trigger_target_dag.py
[2024-04-26T12:53:05.386+0000] {logging_mixin.py:188} INFO - [2024-04-26T12:53:05.385+0000] {dag.py:3096} INFO - Sync 1 DAGs
[2024-04-26T12:53:05.404+0000] {logging_mixin.py:188} INFO - [2024-04-26T12:53:05.403+0000] {dag.py:3954} INFO - Setting next_dagrun for example_trigger_target_dag to None, run_after=None
[2024-04-26T12:53:05.433+0000] {processor.py:183} INFO - Processing /home/airflow/.local/lib/python3.12/site-packages/airflow/example_dags/example_trigger_target_dag.py took 0.095 seconds
[2024-04-26T12:53:35.537+0000] {processor.py:161} INFO - Started process (PID=3795) to work on /home/airflow/.local/lib/python3.12/site-packages/airflow/example_dags/example_trigger_target_dag.py
[2024-04-26T12:53:35.538+0000] {processor.py:830} INFO - Processing file /home/airflow/.local/lib/python3.12/site-packages/airflow/example_dags/example_trigger_target_dag.py for tasks to queue
[2024-04-26T12:53:35.541+0000] {logging_mixin.py:188} INFO - [2024-04-26T12:53:35.540+0000] {dagbag.py:540} INFO - Filling up the DagBag from /home/airflow/.local/lib/python3.12/site-packages/airflow/example_dags/example_trigger_target_dag.py
[2024-04-26T12:53:35.548+0000] {processor.py:840} INFO - DAG(s) 'example_trigger_target_dag' retrieved from /home/airflow/.local/lib/python3.12/site-packages/airflow/example_dags/example_trigger_target_dag.py
[2024-04-26T12:53:35.568+0000] {logging_mixin.py:188} INFO - [2024-04-26T12:53:35.567+0000] {dag.py:3096} INFO - Sync 1 DAGs
[2024-04-26T12:53:35.581+0000] {logging_mixin.py:188} INFO - [2024-04-26T12:53:35.581+0000] {dag.py:3954} INFO - Setting next_dagrun for example_trigger_target_dag to None, run_after=None
[2024-04-26T12:53:35.598+0000] {processor.py:183} INFO - Processing /home/airflow/.local/lib/python3.12/site-packages/airflow/example_dags/example_trigger_target_dag.py took 0.068 seconds
[2024-04-26T12:54:05.969+0000] {processor.py:161} INFO - Started process (PID=3859) to work on /home/airflow/.local/lib/python3.12/site-packages/airflow/example_dags/example_trigger_target_dag.py
[2024-04-26T12:54:05.970+0000] {processor.py:830} INFO - Processing file /home/airflow/.local/lib/python3.12/site-packages/airflow/example_dags/example_trigger_target_dag.py for tasks to queue
[2024-04-26T12:54:05.971+0000] {logging_mixin.py:188} INFO - [2024-04-26T12:54:05.971+0000] {dagbag.py:540} INFO - Filling up the DagBag from /home/airflow/.local/lib/python3.12/site-packages/airflow/example_dags/example_trigger_target_dag.py
[2024-04-26T12:54:05.976+0000] {processor.py:840} INFO - DAG(s) 'example_trigger_target_dag' retrieved from /home/airflow/.local/lib/python3.12/site-packages/airflow/example_dags/example_trigger_target_dag.py
[2024-04-26T12:54:05.992+0000] {logging_mixin.py:188} INFO - [2024-04-26T12:54:05.992+0000] {dag.py:3096} INFO - Sync 1 DAGs
[2024-04-26T12:54:06.003+0000] {logging_mixin.py:188} INFO - [2024-04-26T12:54:06.003+0000] {dag.py:3954} INFO - Setting next_dagrun for example_trigger_target_dag to None, run_after=None
[2024-04-26T12:54:06.020+0000] {processor.py:183} INFO - Processing /home/airflow/.local/lib/python3.12/site-packages/airflow/example_dags/example_trigger_target_dag.py took 0.055 seconds
[2024-04-26T12:54:36.306+0000] {processor.py:161} INFO - Started process (PID=3919) to work on /home/airflow/.local/lib/python3.12/site-packages/airflow/example_dags/example_trigger_target_dag.py
[2024-04-26T12:54:36.307+0000] {processor.py:830} INFO - Processing file /home/airflow/.local/lib/python3.12/site-packages/airflow/example_dags/example_trigger_target_dag.py for tasks to queue
[2024-04-26T12:54:36.308+0000] {logging_mixin.py:188} INFO - [2024-04-26T12:54:36.308+0000] {dagbag.py:540} INFO - Filling up the DagBag from /home/airflow/.local/lib/python3.12/site-packages/airflow/example_dags/example_trigger_target_dag.py
[2024-04-26T12:54:36.314+0000] {processor.py:840} INFO - DAG(s) 'example_trigger_target_dag' retrieved from /home/airflow/.local/lib/python3.12/site-packages/airflow/example_dags/example_trigger_target_dag.py
[2024-04-26T12:54:36.330+0000] {logging_mixin.py:188} INFO - [2024-04-26T12:54:36.329+0000] {dag.py:3096} INFO - Sync 1 DAGs
[2024-04-26T12:54:36.340+0000] {logging_mixin.py:188} INFO - [2024-04-26T12:54:36.339+0000] {dag.py:3954} INFO - Setting next_dagrun for example_trigger_target_dag to None, run_after=None
[2024-04-26T12:54:36.354+0000] {processor.py:183} INFO - Processing /home/airflow/.local/lib/python3.12/site-packages/airflow/example_dags/example_trigger_target_dag.py took 0.053 seconds
[2024-04-26T12:55:06.830+0000] {processor.py:161} INFO - Started process (PID=3979) to work on /home/airflow/.local/lib/python3.12/site-packages/airflow/example_dags/example_trigger_target_dag.py
[2024-04-26T12:55:06.831+0000] {processor.py:830} INFO - Processing file /home/airflow/.local/lib/python3.12/site-packages/airflow/example_dags/example_trigger_target_dag.py for tasks to queue
[2024-04-26T12:55:06.833+0000] {logging_mixin.py:188} INFO - [2024-04-26T12:55:06.832+0000] {dagbag.py:540} INFO - Filling up the DagBag from /home/airflow/.local/lib/python3.12/site-packages/airflow/example_dags/example_trigger_target_dag.py
[2024-04-26T12:55:06.838+0000] {processor.py:840} INFO - DAG(s) 'example_trigger_target_dag' retrieved from /home/airflow/.local/lib/python3.12/site-packages/airflow/example_dags/example_trigger_target_dag.py
[2024-04-26T12:55:06.853+0000] {logging_mixin.py:188} INFO - [2024-04-26T12:55:06.853+0000] {dag.py:3096} INFO - Sync 1 DAGs
[2024-04-26T12:55:06.864+0000] {logging_mixin.py:188} INFO - [2024-04-26T12:55:06.864+0000] {dag.py:3954} INFO - Setting next_dagrun for example_trigger_target_dag to None, run_after=None
[2024-04-26T12:55:06.879+0000] {processor.py:183} INFO - Processing /home/airflow/.local/lib/python3.12/site-packages/airflow/example_dags/example_trigger_target_dag.py took 0.054 seconds
[2024-04-26T12:55:37.297+0000] {processor.py:161} INFO - Started process (PID=4039) to work on /home/airflow/.local/lib/python3.12/site-packages/airflow/example_dags/example_trigger_target_dag.py
[2024-04-26T12:55:37.298+0000] {processor.py:830} INFO - Processing file /home/airflow/.local/lib/python3.12/site-packages/airflow/example_dags/example_trigger_target_dag.py for tasks to queue
[2024-04-26T12:55:37.299+0000] {logging_mixin.py:188} INFO - [2024-04-26T12:55:37.299+0000] {dagbag.py:540} INFO - Filling up the DagBag from /home/airflow/.local/lib/python3.12/site-packages/airflow/example_dags/example_trigger_target_dag.py
[2024-04-26T12:55:37.304+0000] {processor.py:840} INFO - DAG(s) 'example_trigger_target_dag' retrieved from /home/airflow/.local/lib/python3.12/site-packages/airflow/example_dags/example_trigger_target_dag.py
[2024-04-26T12:55:37.320+0000] {logging_mixin.py:188} INFO - [2024-04-26T12:55:37.320+0000] {dag.py:3096} INFO - Sync 1 DAGs
[2024-04-26T12:55:37.330+0000] {logging_mixin.py:188} INFO - [2024-04-26T12:55:37.330+0000] {dag.py:3954} INFO - Setting next_dagrun for example_trigger_target_dag to None, run_after=None
[2024-04-26T12:55:37.345+0000] {processor.py:183} INFO - Processing /home/airflow/.local/lib/python3.12/site-packages/airflow/example_dags/example_trigger_target_dag.py took 0.052 seconds
[2024-04-26T12:56:07.746+0000] {processor.py:161} INFO - Started process (PID=4103) to work on /home/airflow/.local/lib/python3.12/site-packages/airflow/example_dags/example_trigger_target_dag.py
[2024-04-26T12:56:07.747+0000] {processor.py:830} INFO - Processing file /home/airflow/.local/lib/python3.12/site-packages/airflow/example_dags/example_trigger_target_dag.py for tasks to queue
[2024-04-26T12:56:07.748+0000] {logging_mixin.py:188} INFO - [2024-04-26T12:56:07.748+0000] {dagbag.py:540} INFO - Filling up the DagBag from /home/airflow/.local/lib/python3.12/site-packages/airflow/example_dags/example_trigger_target_dag.py
[2024-04-26T12:56:07.753+0000] {processor.py:840} INFO - DAG(s) 'example_trigger_target_dag' retrieved from /home/airflow/.local/lib/python3.12/site-packages/airflow/example_dags/example_trigger_target_dag.py
[2024-04-26T12:56:07.768+0000] {logging_mixin.py:188} INFO - [2024-04-26T12:56:07.768+0000] {dag.py:3096} INFO - Sync 1 DAGs
[2024-04-26T12:56:07.779+0000] {logging_mixin.py:188} INFO - [2024-04-26T12:56:07.778+0000] {dag.py:3954} INFO - Setting next_dagrun for example_trigger_target_dag to None, run_after=None
[2024-04-26T12:56:07.793+0000] {processor.py:183} INFO - Processing /home/airflow/.local/lib/python3.12/site-packages/airflow/example_dags/example_trigger_target_dag.py took 0.051 seconds
[2024-04-26T12:56:38.162+0000] {processor.py:161} INFO - Started process (PID=4163) to work on /home/airflow/.local/lib/python3.12/site-packages/airflow/example_dags/example_trigger_target_dag.py
[2024-04-26T12:56:38.163+0000] {processor.py:830} INFO - Processing file /home/airflow/.local/lib/python3.12/site-packages/airflow/example_dags/example_trigger_target_dag.py for tasks to queue
[2024-04-26T12:56:38.164+0000] {logging_mixin.py:188} INFO - [2024-04-26T12:56:38.164+0000] {dagbag.py:540} INFO - Filling up the DagBag from /home/airflow/.local/lib/python3.12/site-packages/airflow/example_dags/example_trigger_target_dag.py
[2024-04-26T12:56:38.169+0000] {processor.py:840} INFO - DAG(s) 'example_trigger_target_dag' retrieved from /home/airflow/.local/lib/python3.12/site-packages/airflow/example_dags/example_trigger_target_dag.py
[2024-04-26T12:56:38.185+0000] {logging_mixin.py:188} INFO - [2024-04-26T12:56:38.185+0000] {dag.py:3096} INFO - Sync 1 DAGs
[2024-04-26T12:56:38.195+0000] {logging_mixin.py:188} INFO - [2024-04-26T12:56:38.195+0000] {dag.py:3954} INFO - Setting next_dagrun for example_trigger_target_dag to None, run_after=None
[2024-04-26T12:56:38.210+0000] {processor.py:183} INFO - Processing /home/airflow/.local/lib/python3.12/site-packages/airflow/example_dags/example_trigger_target_dag.py took 0.053 seconds
[2024-04-26T12:57:08.642+0000] {processor.py:161} INFO - Started process (PID=4223) to work on /home/airflow/.local/lib/python3.12/site-packages/airflow/example_dags/example_trigger_target_dag.py
[2024-04-26T12:57:08.643+0000] {processor.py:830} INFO - Processing file /home/airflow/.local/lib/python3.12/site-packages/airflow/example_dags/example_trigger_target_dag.py for tasks to queue
[2024-04-26T12:57:08.644+0000] {logging_mixin.py:188} INFO - [2024-04-26T12:57:08.644+0000] {dagbag.py:540} INFO - Filling up the DagBag from /home/airflow/.local/lib/python3.12/site-packages/airflow/example_dags/example_trigger_target_dag.py
[2024-04-26T12:57:08.649+0000] {processor.py:840} INFO - DAG(s) 'example_trigger_target_dag' retrieved from /home/airflow/.local/lib/python3.12/site-packages/airflow/example_dags/example_trigger_target_dag.py
[2024-04-26T12:57:08.666+0000] {logging_mixin.py:188} INFO - [2024-04-26T12:57:08.665+0000] {dag.py:3096} INFO - Sync 1 DAGs
[2024-04-26T12:57:08.676+0000] {logging_mixin.py:188} INFO - [2024-04-26T12:57:08.676+0000] {dag.py:3954} INFO - Setting next_dagrun for example_trigger_target_dag to None, run_after=None
[2024-04-26T12:57:08.691+0000] {processor.py:183} INFO - Processing /home/airflow/.local/lib/python3.12/site-packages/airflow/example_dags/example_trigger_target_dag.py took 0.053 seconds
[2024-04-26T12:57:38.977+0000] {processor.py:161} INFO - Started process (PID=4283) to work on /home/airflow/.local/lib/python3.12/site-packages/airflow/example_dags/example_trigger_target_dag.py
[2024-04-26T12:57:38.978+0000] {processor.py:830} INFO - Processing file /home/airflow/.local/lib/python3.12/site-packages/airflow/example_dags/example_trigger_target_dag.py for tasks to queue
[2024-04-26T12:57:38.980+0000] {logging_mixin.py:188} INFO - [2024-04-26T12:57:38.980+0000] {dagbag.py:540} INFO - Filling up the DagBag from /home/airflow/.local/lib/python3.12/site-packages/airflow/example_dags/example_trigger_target_dag.py
[2024-04-26T12:57:38.985+0000] {processor.py:840} INFO - DAG(s) 'example_trigger_target_dag' retrieved from /home/airflow/.local/lib/python3.12/site-packages/airflow/example_dags/example_trigger_target_dag.py
[2024-04-26T12:57:39.001+0000] {logging_mixin.py:188} INFO - [2024-04-26T12:57:39.001+0000] {dag.py:3096} INFO - Sync 1 DAGs
[2024-04-26T12:57:39.012+0000] {logging_mixin.py:188} INFO - [2024-04-26T12:57:39.012+0000] {dag.py:3954} INFO - Setting next_dagrun for example_trigger_target_dag to None, run_after=None
[2024-04-26T12:57:39.027+0000] {processor.py:183} INFO - Processing /home/airflow/.local/lib/python3.12/site-packages/airflow/example_dags/example_trigger_target_dag.py took 0.054 seconds
[2024-04-26T12:58:09.325+0000] {processor.py:161} INFO - Started process (PID=4347) to work on /home/airflow/.local/lib/python3.12/site-packages/airflow/example_dags/example_trigger_target_dag.py
[2024-04-26T12:58:09.326+0000] {processor.py:830} INFO - Processing file /home/airflow/.local/lib/python3.12/site-packages/airflow/example_dags/example_trigger_target_dag.py for tasks to queue
[2024-04-26T12:58:09.328+0000] {logging_mixin.py:188} INFO - [2024-04-26T12:58:09.327+0000] {dagbag.py:540} INFO - Filling up the DagBag from /home/airflow/.local/lib/python3.12/site-packages/airflow/example_dags/example_trigger_target_dag.py
[2024-04-26T12:58:09.333+0000] {processor.py:840} INFO - DAG(s) 'example_trigger_target_dag' retrieved from /home/airflow/.local/lib/python3.12/site-packages/airflow/example_dags/example_trigger_target_dag.py
[2024-04-26T12:58:09.348+0000] {logging_mixin.py:188} INFO - [2024-04-26T12:58:09.348+0000] {dag.py:3096} INFO - Sync 1 DAGs
[2024-04-26T12:58:09.359+0000] {logging_mixin.py:188} INFO - [2024-04-26T12:58:09.359+0000] {dag.py:3954} INFO - Setting next_dagrun for example_trigger_target_dag to None, run_after=None
[2024-04-26T12:58:09.375+0000] {processor.py:183} INFO - Processing /home/airflow/.local/lib/python3.12/site-packages/airflow/example_dags/example_trigger_target_dag.py took 0.054 seconds
