[2024-04-26T12:34:46.224+0000] {processor.py:161} INFO - Started process (PID=75) to work on /home/airflow/.local/lib/python3.12/site-packages/airflow/example_dags/example_setup_teardown.py
[2024-04-26T12:34:46.225+0000] {processor.py:830} INFO - Processing file /home/airflow/.local/lib/python3.12/site-packages/airflow/example_dags/example_setup_teardown.py for tasks to queue
[2024-04-26T12:34:46.227+0000] {logging_mixin.py:188} INFO - [2024-04-26T12:34:46.226+0000] {dagbag.py:540} INFO - Filling up the DagBag from /home/airflow/.local/lib/python3.12/site-packages/airflow/example_dags/example_setup_teardown.py
[2024-04-26T12:34:46.233+0000] {processor.py:840} INFO - DAG(s) 'example_setup_teardown' retrieved from /home/airflow/.local/lib/python3.12/site-packages/airflow/example_dags/example_setup_teardown.py
[2024-04-26T12:34:46.321+0000] {logging_mixin.py:188} INFO - [2024-04-26T12:34:46.320+0000] {override.py:1829} INFO - Created Permission View: can delete on DAG:example_setup_teardown
[2024-04-26T12:34:46.329+0000] {logging_mixin.py:188} INFO - [2024-04-26T12:34:46.329+0000] {override.py:1829} INFO - Created Permission View: can edit on DAG:example_setup_teardown
[2024-04-26T12:34:46.335+0000] {logging_mixin.py:188} INFO - [2024-04-26T12:34:46.335+0000] {override.py:1829} INFO - Created Permission View: can read on DAG:example_setup_teardown
[2024-04-26T12:34:46.335+0000] {logging_mixin.py:188} INFO - [2024-04-26T12:34:46.335+0000] {dag.py:3096} INFO - Sync 1 DAGs
[2024-04-26T12:34:46.345+0000] {logging_mixin.py:188} INFO - [2024-04-26T12:34:46.345+0000] {dag.py:3118} INFO - Creating ORM DAG for example_setup_teardown
[2024-04-26T12:34:46.355+0000] {logging_mixin.py:188} INFO - [2024-04-26T12:34:46.355+0000] {dag.py:3954} INFO - Setting next_dagrun for example_setup_teardown to 2024-04-25 00:00:00+00:00, run_after=2024-04-26 00:00:00+00:00
[2024-04-26T12:34:46.371+0000] {processor.py:183} INFO - Processing /home/airflow/.local/lib/python3.12/site-packages/airflow/example_dags/example_setup_teardown.py took 0.152 seconds
[2024-04-26T12:35:16.430+0000] {processor.py:161} INFO - Started process (PID=133) to work on /home/airflow/.local/lib/python3.12/site-packages/airflow/example_dags/example_setup_teardown.py
[2024-04-26T12:35:16.431+0000] {processor.py:830} INFO - Processing file /home/airflow/.local/lib/python3.12/site-packages/airflow/example_dags/example_setup_teardown.py for tasks to queue
[2024-04-26T12:35:16.433+0000] {logging_mixin.py:188} INFO - [2024-04-26T12:35:16.433+0000] {dagbag.py:540} INFO - Filling up the DagBag from /home/airflow/.local/lib/python3.12/site-packages/airflow/example_dags/example_setup_teardown.py
[2024-04-26T12:35:16.438+0000] {processor.py:840} INFO - DAG(s) 'example_setup_teardown' retrieved from /home/airflow/.local/lib/python3.12/site-packages/airflow/example_dags/example_setup_teardown.py
[2024-04-26T12:35:16.455+0000] {logging_mixin.py:188} INFO - [2024-04-26T12:35:16.455+0000] {dag.py:3096} INFO - Sync 1 DAGs
[2024-04-26T12:35:16.474+0000] {logging_mixin.py:188} INFO - [2024-04-26T12:35:16.474+0000] {dag.py:3954} INFO - Setting next_dagrun for example_setup_teardown to 2024-04-25 00:00:00+00:00, run_after=2024-04-26 00:00:00+00:00
[2024-04-26T12:35:16.491+0000] {processor.py:183} INFO - Processing /home/airflow/.local/lib/python3.12/site-packages/airflow/example_dags/example_setup_teardown.py took 0.066 seconds
[2024-04-26T12:35:46.537+0000] {processor.py:161} INFO - Started process (PID=191) to work on /home/airflow/.local/lib/python3.12/site-packages/airflow/example_dags/example_setup_teardown.py
[2024-04-26T12:35:46.538+0000] {processor.py:830} INFO - Processing file /home/airflow/.local/lib/python3.12/site-packages/airflow/example_dags/example_setup_teardown.py for tasks to queue
[2024-04-26T12:35:46.540+0000] {logging_mixin.py:188} INFO - [2024-04-26T12:35:46.539+0000] {dagbag.py:540} INFO - Filling up the DagBag from /home/airflow/.local/lib/python3.12/site-packages/airflow/example_dags/example_setup_teardown.py
[2024-04-26T12:35:46.545+0000] {processor.py:840} INFO - DAG(s) 'example_setup_teardown' retrieved from /home/airflow/.local/lib/python3.12/site-packages/airflow/example_dags/example_setup_teardown.py
[2024-04-26T12:35:46.559+0000] {logging_mixin.py:188} INFO - [2024-04-26T12:35:46.559+0000] {dag.py:3096} INFO - Sync 1 DAGs
[2024-04-26T12:35:46.577+0000] {logging_mixin.py:188} INFO - [2024-04-26T12:35:46.577+0000] {dag.py:3954} INFO - Setting next_dagrun for example_setup_teardown to 2024-04-25 00:00:00+00:00, run_after=2024-04-26 00:00:00+00:00
[2024-04-26T12:35:46.592+0000] {processor.py:183} INFO - Processing /home/airflow/.local/lib/python3.12/site-packages/airflow/example_dags/example_setup_teardown.py took 0.059 seconds
[2024-04-26T12:36:17.364+0000] {processor.py:161} INFO - Started process (PID=249) to work on /home/airflow/.local/lib/python3.12/site-packages/airflow/example_dags/example_setup_teardown.py
[2024-04-26T12:36:17.365+0000] {processor.py:830} INFO - Processing file /home/airflow/.local/lib/python3.12/site-packages/airflow/example_dags/example_setup_teardown.py for tasks to queue
[2024-04-26T12:36:17.366+0000] {logging_mixin.py:188} INFO - [2024-04-26T12:36:17.366+0000] {dagbag.py:540} INFO - Filling up the DagBag from /home/airflow/.local/lib/python3.12/site-packages/airflow/example_dags/example_setup_teardown.py
[2024-04-26T12:36:17.371+0000] {processor.py:840} INFO - DAG(s) 'example_setup_teardown' retrieved from /home/airflow/.local/lib/python3.12/site-packages/airflow/example_dags/example_setup_teardown.py
[2024-04-26T12:36:17.386+0000] {logging_mixin.py:188} INFO - [2024-04-26T12:36:17.385+0000] {dag.py:3096} INFO - Sync 1 DAGs
[2024-04-26T12:36:17.400+0000] {logging_mixin.py:188} INFO - [2024-04-26T12:36:17.400+0000] {dag.py:3954} INFO - Setting next_dagrun for example_setup_teardown to 2024-04-25 00:00:00+00:00, run_after=2024-04-26 00:00:00+00:00
[2024-04-26T12:36:17.416+0000] {processor.py:183} INFO - Processing /home/airflow/.local/lib/python3.12/site-packages/airflow/example_dags/example_setup_teardown.py took 0.056 seconds
[2024-04-26T12:36:47.778+0000] {processor.py:161} INFO - Started process (PID=307) to work on /home/airflow/.local/lib/python3.12/site-packages/airflow/example_dags/example_setup_teardown.py
[2024-04-26T12:36:47.779+0000] {processor.py:830} INFO - Processing file /home/airflow/.local/lib/python3.12/site-packages/airflow/example_dags/example_setup_teardown.py for tasks to queue
[2024-04-26T12:36:47.781+0000] {logging_mixin.py:188} INFO - [2024-04-26T12:36:47.780+0000] {dagbag.py:540} INFO - Filling up the DagBag from /home/airflow/.local/lib/python3.12/site-packages/airflow/example_dags/example_setup_teardown.py
[2024-04-26T12:36:47.787+0000] {processor.py:840} INFO - DAG(s) 'example_setup_teardown' retrieved from /home/airflow/.local/lib/python3.12/site-packages/airflow/example_dags/example_setup_teardown.py
[2024-04-26T12:36:47.806+0000] {logging_mixin.py:188} INFO - [2024-04-26T12:36:47.806+0000] {dag.py:3096} INFO - Sync 1 DAGs
[2024-04-26T12:36:47.826+0000] {logging_mixin.py:188} INFO - [2024-04-26T12:36:47.825+0000] {dag.py:3954} INFO - Setting next_dagrun for example_setup_teardown to 2024-04-25 00:00:00+00:00, run_after=2024-04-26 00:00:00+00:00
[2024-04-26T12:36:47.842+0000] {processor.py:183} INFO - Processing /home/airflow/.local/lib/python3.12/site-packages/airflow/example_dags/example_setup_teardown.py took 0.069 seconds
[2024-04-26T12:37:18.131+0000] {processor.py:161} INFO - Started process (PID=365) to work on /home/airflow/.local/lib/python3.12/site-packages/airflow/example_dags/example_setup_teardown.py
[2024-04-26T12:37:18.132+0000] {processor.py:830} INFO - Processing file /home/airflow/.local/lib/python3.12/site-packages/airflow/example_dags/example_setup_teardown.py for tasks to queue
[2024-04-26T12:37:18.133+0000] {logging_mixin.py:188} INFO - [2024-04-26T12:37:18.133+0000] {dagbag.py:540} INFO - Filling up the DagBag from /home/airflow/.local/lib/python3.12/site-packages/airflow/example_dags/example_setup_teardown.py
[2024-04-26T12:37:18.138+0000] {processor.py:840} INFO - DAG(s) 'example_setup_teardown' retrieved from /home/airflow/.local/lib/python3.12/site-packages/airflow/example_dags/example_setup_teardown.py
[2024-04-26T12:37:18.152+0000] {logging_mixin.py:188} INFO - [2024-04-26T12:37:18.152+0000] {dag.py:3096} INFO - Sync 1 DAGs
[2024-04-26T12:37:18.168+0000] {logging_mixin.py:188} INFO - [2024-04-26T12:37:18.168+0000] {dag.py:3954} INFO - Setting next_dagrun for example_setup_teardown to 2024-04-25 00:00:00+00:00, run_after=2024-04-26 00:00:00+00:00
[2024-04-26T12:37:18.182+0000] {processor.py:183} INFO - Processing /home/airflow/.local/lib/python3.12/site-packages/airflow/example_dags/example_setup_teardown.py took 0.055 seconds
[2024-04-26T12:37:48.557+0000] {processor.py:161} INFO - Started process (PID=423) to work on /home/airflow/.local/lib/python3.12/site-packages/airflow/example_dags/example_setup_teardown.py
[2024-04-26T12:37:48.558+0000] {processor.py:830} INFO - Processing file /home/airflow/.local/lib/python3.12/site-packages/airflow/example_dags/example_setup_teardown.py for tasks to queue
[2024-04-26T12:37:48.560+0000] {logging_mixin.py:188} INFO - [2024-04-26T12:37:48.559+0000] {dagbag.py:540} INFO - Filling up the DagBag from /home/airflow/.local/lib/python3.12/site-packages/airflow/example_dags/example_setup_teardown.py
[2024-04-26T12:37:48.565+0000] {processor.py:840} INFO - DAG(s) 'example_setup_teardown' retrieved from /home/airflow/.local/lib/python3.12/site-packages/airflow/example_dags/example_setup_teardown.py
[2024-04-26T12:37:48.581+0000] {logging_mixin.py:188} INFO - [2024-04-26T12:37:48.580+0000] {dag.py:3096} INFO - Sync 1 DAGs
[2024-04-26T12:37:48.596+0000] {logging_mixin.py:188} INFO - [2024-04-26T12:37:48.596+0000] {dag.py:3954} INFO - Setting next_dagrun for example_setup_teardown to 2024-04-25 00:00:00+00:00, run_after=2024-04-26 00:00:00+00:00
[2024-04-26T12:37:48.611+0000] {processor.py:183} INFO - Processing /home/airflow/.local/lib/python3.12/site-packages/airflow/example_dags/example_setup_teardown.py took 0.058 seconds
[2024-04-26T12:38:18.948+0000] {processor.py:161} INFO - Started process (PID=481) to work on /home/airflow/.local/lib/python3.12/site-packages/airflow/example_dags/example_setup_teardown.py
[2024-04-26T12:38:18.949+0000] {processor.py:830} INFO - Processing file /home/airflow/.local/lib/python3.12/site-packages/airflow/example_dags/example_setup_teardown.py for tasks to queue
[2024-04-26T12:38:18.950+0000] {logging_mixin.py:188} INFO - [2024-04-26T12:38:18.950+0000] {dagbag.py:540} INFO - Filling up the DagBag from /home/airflow/.local/lib/python3.12/site-packages/airflow/example_dags/example_setup_teardown.py
[2024-04-26T12:38:18.955+0000] {processor.py:840} INFO - DAG(s) 'example_setup_teardown' retrieved from /home/airflow/.local/lib/python3.12/site-packages/airflow/example_dags/example_setup_teardown.py
[2024-04-26T12:38:18.970+0000] {logging_mixin.py:188} INFO - [2024-04-26T12:38:18.970+0000] {dag.py:3096} INFO - Sync 1 DAGs
[2024-04-26T12:38:18.987+0000] {logging_mixin.py:188} INFO - [2024-04-26T12:38:18.987+0000] {dag.py:3954} INFO - Setting next_dagrun for example_setup_teardown to 2024-04-25 00:00:00+00:00, run_after=2024-04-26 00:00:00+00:00
[2024-04-26T12:38:19.001+0000] {processor.py:183} INFO - Processing /home/airflow/.local/lib/python3.12/site-packages/airflow/example_dags/example_setup_teardown.py took 0.057 seconds
[2024-04-26T12:38:49.353+0000] {processor.py:161} INFO - Started process (PID=539) to work on /home/airflow/.local/lib/python3.12/site-packages/airflow/example_dags/example_setup_teardown.py
[2024-04-26T12:38:49.354+0000] {processor.py:830} INFO - Processing file /home/airflow/.local/lib/python3.12/site-packages/airflow/example_dags/example_setup_teardown.py for tasks to queue
[2024-04-26T12:38:49.355+0000] {logging_mixin.py:188} INFO - [2024-04-26T12:38:49.355+0000] {dagbag.py:540} INFO - Filling up the DagBag from /home/airflow/.local/lib/python3.12/site-packages/airflow/example_dags/example_setup_teardown.py
[2024-04-26T12:38:49.360+0000] {processor.py:840} INFO - DAG(s) 'example_setup_teardown' retrieved from /home/airflow/.local/lib/python3.12/site-packages/airflow/example_dags/example_setup_teardown.py
[2024-04-26T12:38:49.375+0000] {logging_mixin.py:188} INFO - [2024-04-26T12:38:49.375+0000] {dag.py:3096} INFO - Sync 1 DAGs
[2024-04-26T12:38:49.391+0000] {logging_mixin.py:188} INFO - [2024-04-26T12:38:49.390+0000] {dag.py:3954} INFO - Setting next_dagrun for example_setup_teardown to 2024-04-25 00:00:00+00:00, run_after=2024-04-26 00:00:00+00:00
[2024-04-26T12:38:49.405+0000] {processor.py:183} INFO - Processing /home/airflow/.local/lib/python3.12/site-packages/airflow/example_dags/example_setup_teardown.py took 0.056 seconds
[2024-04-26T12:39:19.808+0000] {processor.py:161} INFO - Started process (PID=597) to work on /home/airflow/.local/lib/python3.12/site-packages/airflow/example_dags/example_setup_teardown.py
[2024-04-26T12:39:19.809+0000] {processor.py:830} INFO - Processing file /home/airflow/.local/lib/python3.12/site-packages/airflow/example_dags/example_setup_teardown.py for tasks to queue
[2024-04-26T12:39:19.811+0000] {logging_mixin.py:188} INFO - [2024-04-26T12:39:19.810+0000] {dagbag.py:540} INFO - Filling up the DagBag from /home/airflow/.local/lib/python3.12/site-packages/airflow/example_dags/example_setup_teardown.py
[2024-04-26T12:39:19.816+0000] {processor.py:840} INFO - DAG(s) 'example_setup_teardown' retrieved from /home/airflow/.local/lib/python3.12/site-packages/airflow/example_dags/example_setup_teardown.py
[2024-04-26T12:39:19.836+0000] {logging_mixin.py:188} INFO - [2024-04-26T12:39:19.835+0000] {dag.py:3096} INFO - Sync 1 DAGs
[2024-04-26T12:39:19.854+0000] {logging_mixin.py:188} INFO - [2024-04-26T12:39:19.854+0000] {dag.py:3954} INFO - Setting next_dagrun for example_setup_teardown to 2024-04-25 00:00:00+00:00, run_after=2024-04-26 00:00:00+00:00
[2024-04-26T12:39:19.871+0000] {processor.py:183} INFO - Processing /home/airflow/.local/lib/python3.12/site-packages/airflow/example_dags/example_setup_teardown.py took 0.069 seconds
[2024-04-26T12:39:50.251+0000] {processor.py:161} INFO - Started process (PID=655) to work on /home/airflow/.local/lib/python3.12/site-packages/airflow/example_dags/example_setup_teardown.py
[2024-04-26T12:39:50.252+0000] {processor.py:830} INFO - Processing file /home/airflow/.local/lib/python3.12/site-packages/airflow/example_dags/example_setup_teardown.py for tasks to queue
[2024-04-26T12:39:50.253+0000] {logging_mixin.py:188} INFO - [2024-04-26T12:39:50.253+0000] {dagbag.py:540} INFO - Filling up the DagBag from /home/airflow/.local/lib/python3.12/site-packages/airflow/example_dags/example_setup_teardown.py
[2024-04-26T12:39:50.259+0000] {processor.py:840} INFO - DAG(s) 'example_setup_teardown' retrieved from /home/airflow/.local/lib/python3.12/site-packages/airflow/example_dags/example_setup_teardown.py
[2024-04-26T12:39:50.276+0000] {logging_mixin.py:188} INFO - [2024-04-26T12:39:50.276+0000] {dag.py:3096} INFO - Sync 1 DAGs
[2024-04-26T12:39:50.295+0000] {logging_mixin.py:188} INFO - [2024-04-26T12:39:50.295+0000] {dag.py:3954} INFO - Setting next_dagrun for example_setup_teardown to 2024-04-25 00:00:00+00:00, run_after=2024-04-26 00:00:00+00:00
[2024-04-26T12:39:50.310+0000] {processor.py:183} INFO - Processing /home/airflow/.local/lib/python3.12/site-packages/airflow/example_dags/example_setup_teardown.py took 0.065 seconds
[2024-04-26T12:40:20.849+0000] {processor.py:161} INFO - Started process (PID=713) to work on /home/airflow/.local/lib/python3.12/site-packages/airflow/example_dags/example_setup_teardown.py
[2024-04-26T12:40:20.850+0000] {processor.py:830} INFO - Processing file /home/airflow/.local/lib/python3.12/site-packages/airflow/example_dags/example_setup_teardown.py for tasks to queue
[2024-04-26T12:40:20.851+0000] {logging_mixin.py:188} INFO - [2024-04-26T12:40:20.851+0000] {dagbag.py:540} INFO - Filling up the DagBag from /home/airflow/.local/lib/python3.12/site-packages/airflow/example_dags/example_setup_teardown.py
[2024-04-26T12:40:20.857+0000] {processor.py:840} INFO - DAG(s) 'example_setup_teardown' retrieved from /home/airflow/.local/lib/python3.12/site-packages/airflow/example_dags/example_setup_teardown.py
[2024-04-26T12:40:20.873+0000] {logging_mixin.py:188} INFO - [2024-04-26T12:40:20.873+0000] {dag.py:3096} INFO - Sync 1 DAGs
[2024-04-26T12:40:20.892+0000] {logging_mixin.py:188} INFO - [2024-04-26T12:40:20.891+0000] {dag.py:3954} INFO - Setting next_dagrun for example_setup_teardown to 2024-04-25 00:00:00+00:00, run_after=2024-04-26 00:00:00+00:00
[2024-04-26T12:40:20.910+0000] {processor.py:183} INFO - Processing /home/airflow/.local/lib/python3.12/site-packages/airflow/example_dags/example_setup_teardown.py took 0.065 seconds
[2024-04-26T12:40:51.208+0000] {processor.py:161} INFO - Started process (PID=771) to work on /home/airflow/.local/lib/python3.12/site-packages/airflow/example_dags/example_setup_teardown.py
[2024-04-26T12:40:51.209+0000] {processor.py:830} INFO - Processing file /home/airflow/.local/lib/python3.12/site-packages/airflow/example_dags/example_setup_teardown.py for tasks to queue
[2024-04-26T12:40:51.211+0000] {logging_mixin.py:188} INFO - [2024-04-26T12:40:51.211+0000] {dagbag.py:540} INFO - Filling up the DagBag from /home/airflow/.local/lib/python3.12/site-packages/airflow/example_dags/example_setup_teardown.py
[2024-04-26T12:40:51.217+0000] {processor.py:840} INFO - DAG(s) 'example_setup_teardown' retrieved from /home/airflow/.local/lib/python3.12/site-packages/airflow/example_dags/example_setup_teardown.py
[2024-04-26T12:40:51.233+0000] {logging_mixin.py:188} INFO - [2024-04-26T12:40:51.233+0000] {dag.py:3096} INFO - Sync 1 DAGs
[2024-04-26T12:40:51.250+0000] {logging_mixin.py:188} INFO - [2024-04-26T12:40:51.250+0000] {dag.py:3954} INFO - Setting next_dagrun for example_setup_teardown to 2024-04-25 00:00:00+00:00, run_after=2024-04-26 00:00:00+00:00
[2024-04-26T12:40:51.266+0000] {processor.py:183} INFO - Processing /home/airflow/.local/lib/python3.12/site-packages/airflow/example_dags/example_setup_teardown.py took 0.062 seconds
[2024-04-26T12:41:22.153+0000] {processor.py:161} INFO - Started process (PID=829) to work on /home/airflow/.local/lib/python3.12/site-packages/airflow/example_dags/example_setup_teardown.py
[2024-04-26T12:41:22.154+0000] {processor.py:830} INFO - Processing file /home/airflow/.local/lib/python3.12/site-packages/airflow/example_dags/example_setup_teardown.py for tasks to queue
[2024-04-26T12:41:22.156+0000] {logging_mixin.py:188} INFO - [2024-04-26T12:41:22.156+0000] {dagbag.py:540} INFO - Filling up the DagBag from /home/airflow/.local/lib/python3.12/site-packages/airflow/example_dags/example_setup_teardown.py
[2024-04-26T12:41:22.161+0000] {processor.py:840} INFO - DAG(s) 'example_setup_teardown' retrieved from /home/airflow/.local/lib/python3.12/site-packages/airflow/example_dags/example_setup_teardown.py
[2024-04-26T12:41:22.177+0000] {logging_mixin.py:188} INFO - [2024-04-26T12:41:22.177+0000] {dag.py:3096} INFO - Sync 1 DAGs
[2024-04-26T12:41:22.192+0000] {logging_mixin.py:188} INFO - [2024-04-26T12:41:22.192+0000] {dag.py:3954} INFO - Setting next_dagrun for example_setup_teardown to 2024-04-25 00:00:00+00:00, run_after=2024-04-26 00:00:00+00:00
[2024-04-26T12:41:22.206+0000] {processor.py:183} INFO - Processing /home/airflow/.local/lib/python3.12/site-packages/airflow/example_dags/example_setup_teardown.py took 0.058 seconds
[2024-04-26T12:41:53.937+0000] {processor.py:161} INFO - Started process (PID=887) to work on /home/airflow/.local/lib/python3.12/site-packages/airflow/example_dags/example_setup_teardown.py
[2024-04-26T12:41:53.938+0000] {processor.py:830} INFO - Processing file /home/airflow/.local/lib/python3.12/site-packages/airflow/example_dags/example_setup_teardown.py for tasks to queue
[2024-04-26T12:41:53.940+0000] {logging_mixin.py:188} INFO - [2024-04-26T12:41:53.940+0000] {dagbag.py:540} INFO - Filling up the DagBag from /home/airflow/.local/lib/python3.12/site-packages/airflow/example_dags/example_setup_teardown.py
[2024-04-26T12:41:53.946+0000] {processor.py:840} INFO - DAG(s) 'example_setup_teardown' retrieved from /home/airflow/.local/lib/python3.12/site-packages/airflow/example_dags/example_setup_teardown.py
[2024-04-26T12:41:53.963+0000] {logging_mixin.py:188} INFO - [2024-04-26T12:41:53.963+0000] {dag.py:3096} INFO - Sync 1 DAGs
[2024-04-26T12:41:54.090+0000] {logging_mixin.py:188} INFO - [2024-04-26T12:41:54.090+0000] {dag.py:3954} INFO - Setting next_dagrun for example_setup_teardown to 2024-04-25 00:00:00+00:00, run_after=2024-04-26 00:00:00+00:00
[2024-04-26T12:41:54.104+0000] {processor.py:183} INFO - Processing /home/airflow/.local/lib/python3.12/site-packages/airflow/example_dags/example_setup_teardown.py took 0.171 seconds
[2024-04-26T12:42:24.210+0000] {processor.py:161} INFO - Started process (PID=945) to work on /home/airflow/.local/lib/python3.12/site-packages/airflow/example_dags/example_setup_teardown.py
[2024-04-26T12:42:24.211+0000] {processor.py:830} INFO - Processing file /home/airflow/.local/lib/python3.12/site-packages/airflow/example_dags/example_setup_teardown.py for tasks to queue
[2024-04-26T12:42:24.213+0000] {logging_mixin.py:188} INFO - [2024-04-26T12:42:24.212+0000] {dagbag.py:540} INFO - Filling up the DagBag from /home/airflow/.local/lib/python3.12/site-packages/airflow/example_dags/example_setup_teardown.py
[2024-04-26T12:42:24.219+0000] {processor.py:840} INFO - DAG(s) 'example_setup_teardown' retrieved from /home/airflow/.local/lib/python3.12/site-packages/airflow/example_dags/example_setup_teardown.py
[2024-04-26T12:42:24.234+0000] {logging_mixin.py:188} INFO - [2024-04-26T12:42:24.234+0000] {dag.py:3096} INFO - Sync 1 DAGs
[2024-04-26T12:42:24.251+0000] {logging_mixin.py:188} INFO - [2024-04-26T12:42:24.250+0000] {dag.py:3954} INFO - Setting next_dagrun for example_setup_teardown to 2024-04-25 00:00:00+00:00, run_after=2024-04-26 00:00:00+00:00
[2024-04-26T12:42:24.266+0000] {processor.py:183} INFO - Processing /home/airflow/.local/lib/python3.12/site-packages/airflow/example_dags/example_setup_teardown.py took 0.061 seconds
[2024-04-26T12:42:54.880+0000] {processor.py:161} INFO - Started process (PID=1003) to work on /home/airflow/.local/lib/python3.12/site-packages/airflow/example_dags/example_setup_teardown.py
[2024-04-26T12:42:54.881+0000] {processor.py:830} INFO - Processing file /home/airflow/.local/lib/python3.12/site-packages/airflow/example_dags/example_setup_teardown.py for tasks to queue
[2024-04-26T12:42:54.883+0000] {logging_mixin.py:188} INFO - [2024-04-26T12:42:54.883+0000] {dagbag.py:540} INFO - Filling up the DagBag from /home/airflow/.local/lib/python3.12/site-packages/airflow/example_dags/example_setup_teardown.py
[2024-04-26T12:42:54.889+0000] {processor.py:840} INFO - DAG(s) 'example_setup_teardown' retrieved from /home/airflow/.local/lib/python3.12/site-packages/airflow/example_dags/example_setup_teardown.py
[2024-04-26T12:42:54.909+0000] {logging_mixin.py:188} INFO - [2024-04-26T12:42:54.909+0000] {dag.py:3096} INFO - Sync 1 DAGs
[2024-04-26T12:42:54.929+0000] {logging_mixin.py:188} INFO - [2024-04-26T12:42:54.929+0000] {dag.py:3954} INFO - Setting next_dagrun for example_setup_teardown to 2024-04-25 00:00:00+00:00, run_after=2024-04-26 00:00:00+00:00
[2024-04-26T12:42:54.943+0000] {processor.py:183} INFO - Processing /home/airflow/.local/lib/python3.12/site-packages/airflow/example_dags/example_setup_teardown.py took 0.072 seconds
[2024-04-26T12:43:25.837+0000] {processor.py:161} INFO - Started process (PID=1061) to work on /home/airflow/.local/lib/python3.12/site-packages/airflow/example_dags/example_setup_teardown.py
[2024-04-26T12:43:25.837+0000] {processor.py:830} INFO - Processing file /home/airflow/.local/lib/python3.12/site-packages/airflow/example_dags/example_setup_teardown.py for tasks to queue
[2024-04-26T12:43:25.839+0000] {logging_mixin.py:188} INFO - [2024-04-26T12:43:25.839+0000] {dagbag.py:540} INFO - Filling up the DagBag from /home/airflow/.local/lib/python3.12/site-packages/airflow/example_dags/example_setup_teardown.py
[2024-04-26T12:43:25.845+0000] {processor.py:840} INFO - DAG(s) 'example_setup_teardown' retrieved from /home/airflow/.local/lib/python3.12/site-packages/airflow/example_dags/example_setup_teardown.py
[2024-04-26T12:43:25.859+0000] {logging_mixin.py:188} INFO - [2024-04-26T12:43:25.859+0000] {dag.py:3096} INFO - Sync 1 DAGs
[2024-04-26T12:43:25.876+0000] {logging_mixin.py:188} INFO - [2024-04-26T12:43:25.875+0000] {dag.py:3954} INFO - Setting next_dagrun for example_setup_teardown to 2024-04-25 00:00:00+00:00, run_after=2024-04-26 00:00:00+00:00
[2024-04-26T12:43:25.890+0000] {processor.py:183} INFO - Processing /home/airflow/.local/lib/python3.12/site-packages/airflow/example_dags/example_setup_teardown.py took 0.058 seconds
[2024-04-26T12:43:56.739+0000] {processor.py:161} INFO - Started process (PID=1119) to work on /home/airflow/.local/lib/python3.12/site-packages/airflow/example_dags/example_setup_teardown.py
[2024-04-26T12:43:56.740+0000] {processor.py:830} INFO - Processing file /home/airflow/.local/lib/python3.12/site-packages/airflow/example_dags/example_setup_teardown.py for tasks to queue
[2024-04-26T12:43:56.742+0000] {logging_mixin.py:188} INFO - [2024-04-26T12:43:56.741+0000] {dagbag.py:540} INFO - Filling up the DagBag from /home/airflow/.local/lib/python3.12/site-packages/airflow/example_dags/example_setup_teardown.py
[2024-04-26T12:43:56.747+0000] {processor.py:840} INFO - DAG(s) 'example_setup_teardown' retrieved from /home/airflow/.local/lib/python3.12/site-packages/airflow/example_dags/example_setup_teardown.py
[2024-04-26T12:43:56.762+0000] {logging_mixin.py:188} INFO - [2024-04-26T12:43:56.762+0000] {dag.py:3096} INFO - Sync 1 DAGs
[2024-04-26T12:43:56.868+0000] {logging_mixin.py:188} INFO - [2024-04-26T12:43:56.868+0000] {dag.py:3954} INFO - Setting next_dagrun for example_setup_teardown to 2024-04-25 00:00:00+00:00, run_after=2024-04-26 00:00:00+00:00
[2024-04-26T12:43:56.885+0000] {processor.py:183} INFO - Processing /home/airflow/.local/lib/python3.12/site-packages/airflow/example_dags/example_setup_teardown.py took 0.150 seconds
[2024-04-26T12:44:27.118+0000] {processor.py:161} INFO - Started process (PID=1177) to work on /home/airflow/.local/lib/python3.12/site-packages/airflow/example_dags/example_setup_teardown.py
[2024-04-26T12:44:27.119+0000] {processor.py:830} INFO - Processing file /home/airflow/.local/lib/python3.12/site-packages/airflow/example_dags/example_setup_teardown.py for tasks to queue
[2024-04-26T12:44:27.121+0000] {logging_mixin.py:188} INFO - [2024-04-26T12:44:27.121+0000] {dagbag.py:540} INFO - Filling up the DagBag from /home/airflow/.local/lib/python3.12/site-packages/airflow/example_dags/example_setup_teardown.py
[2024-04-26T12:44:27.127+0000] {processor.py:840} INFO - DAG(s) 'example_setup_teardown' retrieved from /home/airflow/.local/lib/python3.12/site-packages/airflow/example_dags/example_setup_teardown.py
[2024-04-26T12:44:27.142+0000] {logging_mixin.py:188} INFO - [2024-04-26T12:44:27.141+0000] {dag.py:3096} INFO - Sync 1 DAGs
[2024-04-26T12:44:27.160+0000] {logging_mixin.py:188} INFO - [2024-04-26T12:44:27.160+0000] {dag.py:3954} INFO - Setting next_dagrun for example_setup_teardown to 2024-04-25 00:00:00+00:00, run_after=2024-04-26 00:00:00+00:00
[2024-04-26T12:44:27.174+0000] {processor.py:183} INFO - Processing /home/airflow/.local/lib/python3.12/site-packages/airflow/example_dags/example_setup_teardown.py took 0.061 seconds
[2024-04-26T12:44:57.757+0000] {processor.py:161} INFO - Started process (PID=1237) to work on /home/airflow/.local/lib/python3.12/site-packages/airflow/example_dags/example_setup_teardown.py
[2024-04-26T12:44:57.758+0000] {processor.py:830} INFO - Processing file /home/airflow/.local/lib/python3.12/site-packages/airflow/example_dags/example_setup_teardown.py for tasks to queue
[2024-04-26T12:44:57.759+0000] {logging_mixin.py:188} INFO - [2024-04-26T12:44:57.759+0000] {dagbag.py:540} INFO - Filling up the DagBag from /home/airflow/.local/lib/python3.12/site-packages/airflow/example_dags/example_setup_teardown.py
[2024-04-26T12:44:57.765+0000] {processor.py:840} INFO - DAG(s) 'example_setup_teardown' retrieved from /home/airflow/.local/lib/python3.12/site-packages/airflow/example_dags/example_setup_teardown.py
[2024-04-26T12:44:57.780+0000] {logging_mixin.py:188} INFO - [2024-04-26T12:44:57.780+0000] {dag.py:3096} INFO - Sync 1 DAGs
[2024-04-26T12:44:57.798+0000] {logging_mixin.py:188} INFO - [2024-04-26T12:44:57.798+0000] {dag.py:3954} INFO - Setting next_dagrun for example_setup_teardown to 2024-04-25 00:00:00+00:00, run_after=2024-04-26 00:00:00+00:00
[2024-04-26T12:44:57.816+0000] {processor.py:183} INFO - Processing /home/airflow/.local/lib/python3.12/site-packages/airflow/example_dags/example_setup_teardown.py took 0.064 seconds
[2024-04-26T12:45:28.109+0000] {processor.py:161} INFO - Started process (PID=1297) to work on /home/airflow/.local/lib/python3.12/site-packages/airflow/example_dags/example_setup_teardown.py
[2024-04-26T12:45:28.110+0000] {processor.py:830} INFO - Processing file /home/airflow/.local/lib/python3.12/site-packages/airflow/example_dags/example_setup_teardown.py for tasks to queue
[2024-04-26T12:45:28.111+0000] {logging_mixin.py:188} INFO - [2024-04-26T12:45:28.111+0000] {dagbag.py:540} INFO - Filling up the DagBag from /home/airflow/.local/lib/python3.12/site-packages/airflow/example_dags/example_setup_teardown.py
[2024-04-26T12:45:28.116+0000] {processor.py:840} INFO - DAG(s) 'example_setup_teardown' retrieved from /home/airflow/.local/lib/python3.12/site-packages/airflow/example_dags/example_setup_teardown.py
[2024-04-26T12:45:28.132+0000] {logging_mixin.py:188} INFO - [2024-04-26T12:45:28.132+0000] {dag.py:3096} INFO - Sync 1 DAGs
[2024-04-26T12:45:28.149+0000] {logging_mixin.py:188} INFO - [2024-04-26T12:45:28.149+0000] {dag.py:3954} INFO - Setting next_dagrun for example_setup_teardown to 2024-04-25 00:00:00+00:00, run_after=2024-04-26 00:00:00+00:00
[2024-04-26T12:45:28.164+0000] {processor.py:183} INFO - Processing /home/airflow/.local/lib/python3.12/site-packages/airflow/example_dags/example_setup_teardown.py took 0.059 seconds
[2024-04-26T12:45:58.714+0000] {processor.py:161} INFO - Started process (PID=1359) to work on /home/airflow/.local/lib/python3.12/site-packages/airflow/example_dags/example_setup_teardown.py
[2024-04-26T12:45:58.715+0000] {processor.py:830} INFO - Processing file /home/airflow/.local/lib/python3.12/site-packages/airflow/example_dags/example_setup_teardown.py for tasks to queue
[2024-04-26T12:45:58.716+0000] {logging_mixin.py:188} INFO - [2024-04-26T12:45:58.716+0000] {dagbag.py:540} INFO - Filling up the DagBag from /home/airflow/.local/lib/python3.12/site-packages/airflow/example_dags/example_setup_teardown.py
[2024-04-26T12:45:58.722+0000] {processor.py:840} INFO - DAG(s) 'example_setup_teardown' retrieved from /home/airflow/.local/lib/python3.12/site-packages/airflow/example_dags/example_setup_teardown.py
[2024-04-26T12:45:58.737+0000] {logging_mixin.py:188} INFO - [2024-04-26T12:45:58.737+0000] {dag.py:3096} INFO - Sync 1 DAGs
[2024-04-26T12:45:58.756+0000] {logging_mixin.py:188} INFO - [2024-04-26T12:45:58.755+0000] {dag.py:3954} INFO - Setting next_dagrun for example_setup_teardown to 2024-04-25 00:00:00+00:00, run_after=2024-04-26 00:00:00+00:00
[2024-04-26T12:45:58.771+0000] {processor.py:183} INFO - Processing /home/airflow/.local/lib/python3.12/site-packages/airflow/example_dags/example_setup_teardown.py took 0.063 seconds
[2024-04-26T12:46:29.533+0000] {processor.py:161} INFO - Started process (PID=1421) to work on /home/airflow/.local/lib/python3.12/site-packages/airflow/example_dags/example_setup_teardown.py
[2024-04-26T12:46:29.534+0000] {processor.py:830} INFO - Processing file /home/airflow/.local/lib/python3.12/site-packages/airflow/example_dags/example_setup_teardown.py for tasks to queue
[2024-04-26T12:46:29.535+0000] {logging_mixin.py:188} INFO - [2024-04-26T12:46:29.535+0000] {dagbag.py:540} INFO - Filling up the DagBag from /home/airflow/.local/lib/python3.12/site-packages/airflow/example_dags/example_setup_teardown.py
[2024-04-26T12:46:29.541+0000] {processor.py:840} INFO - DAG(s) 'example_setup_teardown' retrieved from /home/airflow/.local/lib/python3.12/site-packages/airflow/example_dags/example_setup_teardown.py
[2024-04-26T12:46:29.559+0000] {logging_mixin.py:188} INFO - [2024-04-26T12:46:29.559+0000] {dag.py:3096} INFO - Sync 1 DAGs
[2024-04-26T12:46:29.579+0000] {logging_mixin.py:188} INFO - [2024-04-26T12:46:29.579+0000] {dag.py:3954} INFO - Setting next_dagrun for example_setup_teardown to 2024-04-25 00:00:00+00:00, run_after=2024-04-26 00:00:00+00:00
[2024-04-26T12:46:29.596+0000] {processor.py:183} INFO - Processing /home/airflow/.local/lib/python3.12/site-packages/airflow/example_dags/example_setup_teardown.py took 0.069 seconds
[2024-04-26T12:46:59.893+0000] {processor.py:161} INFO - Started process (PID=1487) to work on /home/airflow/.local/lib/python3.12/site-packages/airflow/example_dags/example_setup_teardown.py
[2024-04-26T12:46:59.893+0000] {processor.py:830} INFO - Processing file /home/airflow/.local/lib/python3.12/site-packages/airflow/example_dags/example_setup_teardown.py for tasks to queue
[2024-04-26T12:46:59.895+0000] {logging_mixin.py:188} INFO - [2024-04-26T12:46:59.895+0000] {dagbag.py:540} INFO - Filling up the DagBag from /home/airflow/.local/lib/python3.12/site-packages/airflow/example_dags/example_setup_teardown.py
[2024-04-26T12:46:59.900+0000] {processor.py:840} INFO - DAG(s) 'example_setup_teardown' retrieved from /home/airflow/.local/lib/python3.12/site-packages/airflow/example_dags/example_setup_teardown.py
[2024-04-26T12:46:59.916+0000] {logging_mixin.py:188} INFO - [2024-04-26T12:46:59.916+0000] {dag.py:3096} INFO - Sync 1 DAGs
[2024-04-26T12:46:59.933+0000] {logging_mixin.py:188} INFO - [2024-04-26T12:46:59.933+0000] {dag.py:3954} INFO - Setting next_dagrun for example_setup_teardown to 2024-04-25 00:00:00+00:00, run_after=2024-04-26 00:00:00+00:00
[2024-04-26T12:46:59.947+0000] {processor.py:183} INFO - Processing /home/airflow/.local/lib/python3.12/site-packages/airflow/example_dags/example_setup_teardown.py took 0.059 seconds
[2024-04-26T12:47:30.249+0000] {processor.py:161} INFO - Started process (PID=1547) to work on /home/airflow/.local/lib/python3.12/site-packages/airflow/example_dags/example_setup_teardown.py
[2024-04-26T12:47:30.250+0000] {processor.py:830} INFO - Processing file /home/airflow/.local/lib/python3.12/site-packages/airflow/example_dags/example_setup_teardown.py for tasks to queue
[2024-04-26T12:47:30.252+0000] {logging_mixin.py:188} INFO - [2024-04-26T12:47:30.251+0000] {dagbag.py:540} INFO - Filling up the DagBag from /home/airflow/.local/lib/python3.12/site-packages/airflow/example_dags/example_setup_teardown.py
[2024-04-26T12:47:30.257+0000] {processor.py:840} INFO - DAG(s) 'example_setup_teardown' retrieved from /home/airflow/.local/lib/python3.12/site-packages/airflow/example_dags/example_setup_teardown.py
[2024-04-26T12:47:30.272+0000] {logging_mixin.py:188} INFO - [2024-04-26T12:47:30.272+0000] {dag.py:3096} INFO - Sync 1 DAGs
[2024-04-26T12:47:30.287+0000] {logging_mixin.py:188} INFO - [2024-04-26T12:47:30.287+0000] {dag.py:3954} INFO - Setting next_dagrun for example_setup_teardown to 2024-04-25 00:00:00+00:00, run_after=2024-04-26 00:00:00+00:00
[2024-04-26T12:47:30.302+0000] {processor.py:183} INFO - Processing /home/airflow/.local/lib/python3.12/site-packages/airflow/example_dags/example_setup_teardown.py took 0.057 seconds
[2024-04-26T12:48:00.646+0000] {processor.py:161} INFO - Started process (PID=1607) to work on /home/airflow/.local/lib/python3.12/site-packages/airflow/example_dags/example_setup_teardown.py
[2024-04-26T12:48:00.647+0000] {processor.py:830} INFO - Processing file /home/airflow/.local/lib/python3.12/site-packages/airflow/example_dags/example_setup_teardown.py for tasks to queue
[2024-04-26T12:48:00.649+0000] {logging_mixin.py:188} INFO - [2024-04-26T12:48:00.648+0000] {dagbag.py:540} INFO - Filling up the DagBag from /home/airflow/.local/lib/python3.12/site-packages/airflow/example_dags/example_setup_teardown.py
[2024-04-26T12:48:00.655+0000] {processor.py:840} INFO - DAG(s) 'example_setup_teardown' retrieved from /home/airflow/.local/lib/python3.12/site-packages/airflow/example_dags/example_setup_teardown.py
[2024-04-26T12:48:00.671+0000] {logging_mixin.py:188} INFO - [2024-04-26T12:48:00.671+0000] {dag.py:3096} INFO - Sync 1 DAGs
[2024-04-26T12:48:00.688+0000] {logging_mixin.py:188} INFO - [2024-04-26T12:48:00.688+0000] {dag.py:3954} INFO - Setting next_dagrun for example_setup_teardown to 2024-04-25 00:00:00+00:00, run_after=2024-04-26 00:00:00+00:00
[2024-04-26T12:48:00.704+0000] {processor.py:183} INFO - Processing /home/airflow/.local/lib/python3.12/site-packages/airflow/example_dags/example_setup_teardown.py took 0.062 seconds
[2024-04-26T12:48:31.023+0000] {processor.py:161} INFO - Started process (PID=1667) to work on /home/airflow/.local/lib/python3.12/site-packages/airflow/example_dags/example_setup_teardown.py
[2024-04-26T12:48:31.024+0000] {processor.py:830} INFO - Processing file /home/airflow/.local/lib/python3.12/site-packages/airflow/example_dags/example_setup_teardown.py for tasks to queue
[2024-04-26T12:48:31.025+0000] {logging_mixin.py:188} INFO - [2024-04-26T12:48:31.025+0000] {dagbag.py:540} INFO - Filling up the DagBag from /home/airflow/.local/lib/python3.12/site-packages/airflow/example_dags/example_setup_teardown.py
[2024-04-26T12:48:31.030+0000] {processor.py:840} INFO - DAG(s) 'example_setup_teardown' retrieved from /home/airflow/.local/lib/python3.12/site-packages/airflow/example_dags/example_setup_teardown.py
[2024-04-26T12:48:31.046+0000] {logging_mixin.py:188} INFO - [2024-04-26T12:48:31.046+0000] {dag.py:3096} INFO - Sync 1 DAGs
[2024-04-26T12:48:31.065+0000] {logging_mixin.py:188} INFO - [2024-04-26T12:48:31.064+0000] {dag.py:3954} INFO - Setting next_dagrun for example_setup_teardown to 2024-04-25 00:00:00+00:00, run_after=2024-04-26 00:00:00+00:00
[2024-04-26T12:48:31.081+0000] {processor.py:183} INFO - Processing /home/airflow/.local/lib/python3.12/site-packages/airflow/example_dags/example_setup_teardown.py took 0.062 seconds
[2024-04-26T12:49:01.481+0000] {processor.py:161} INFO - Started process (PID=1727) to work on /home/airflow/.local/lib/python3.12/site-packages/airflow/example_dags/example_setup_teardown.py
[2024-04-26T12:49:01.482+0000] {processor.py:830} INFO - Processing file /home/airflow/.local/lib/python3.12/site-packages/airflow/example_dags/example_setup_teardown.py for tasks to queue
[2024-04-26T12:49:01.483+0000] {logging_mixin.py:188} INFO - [2024-04-26T12:49:01.483+0000] {dagbag.py:540} INFO - Filling up the DagBag from /home/airflow/.local/lib/python3.12/site-packages/airflow/example_dags/example_setup_teardown.py
[2024-04-26T12:49:01.489+0000] {processor.py:840} INFO - DAG(s) 'example_setup_teardown' retrieved from /home/airflow/.local/lib/python3.12/site-packages/airflow/example_dags/example_setup_teardown.py
[2024-04-26T12:49:01.504+0000] {logging_mixin.py:188} INFO - [2024-04-26T12:49:01.504+0000] {dag.py:3096} INFO - Sync 1 DAGs
[2024-04-26T12:49:01.519+0000] {logging_mixin.py:188} INFO - [2024-04-26T12:49:01.519+0000] {dag.py:3954} INFO - Setting next_dagrun for example_setup_teardown to 2024-04-25 00:00:00+00:00, run_after=2024-04-26 00:00:00+00:00
[2024-04-26T12:49:01.533+0000] {processor.py:183} INFO - Processing /home/airflow/.local/lib/python3.12/site-packages/airflow/example_dags/example_setup_teardown.py took 0.057 seconds
[2024-04-26T12:49:32.268+0000] {processor.py:161} INFO - Started process (PID=1829) to work on /home/airflow/.local/lib/python3.12/site-packages/airflow/example_dags/example_setup_teardown.py
[2024-04-26T12:49:32.269+0000] {processor.py:830} INFO - Processing file /home/airflow/.local/lib/python3.12/site-packages/airflow/example_dags/example_setup_teardown.py for tasks to queue
[2024-04-26T12:49:32.271+0000] {logging_mixin.py:188} INFO - [2024-04-26T12:49:32.271+0000] {dagbag.py:540} INFO - Filling up the DagBag from /home/airflow/.local/lib/python3.12/site-packages/airflow/example_dags/example_setup_teardown.py
[2024-04-26T12:49:32.276+0000] {processor.py:840} INFO - DAG(s) 'example_setup_teardown' retrieved from /home/airflow/.local/lib/python3.12/site-packages/airflow/example_dags/example_setup_teardown.py
[2024-04-26T12:49:32.293+0000] {logging_mixin.py:188} INFO - [2024-04-26T12:49:32.292+0000] {dag.py:3096} INFO - Sync 1 DAGs
[2024-04-26T12:49:32.310+0000] {logging_mixin.py:188} INFO - [2024-04-26T12:49:32.310+0000] {dag.py:3954} INFO - Setting next_dagrun for example_setup_teardown to 2024-04-25 00:00:00+00:00, run_after=2024-04-26 00:00:00+00:00
[2024-04-26T12:49:32.325+0000] {processor.py:183} INFO - Processing /home/airflow/.local/lib/python3.12/site-packages/airflow/example_dags/example_setup_teardown.py took 0.062 seconds
[2024-04-26T12:50:03.151+0000] {processor.py:161} INFO - Started process (PID=2061) to work on /home/airflow/.local/lib/python3.12/site-packages/airflow/example_dags/example_setup_teardown.py
[2024-04-26T12:50:03.152+0000] {processor.py:830} INFO - Processing file /home/airflow/.local/lib/python3.12/site-packages/airflow/example_dags/example_setup_teardown.py for tasks to queue
[2024-04-26T12:50:03.154+0000] {logging_mixin.py:188} INFO - [2024-04-26T12:50:03.154+0000] {dagbag.py:540} INFO - Filling up the DagBag from /home/airflow/.local/lib/python3.12/site-packages/airflow/example_dags/example_setup_teardown.py
[2024-04-26T12:50:03.160+0000] {processor.py:840} INFO - DAG(s) 'example_setup_teardown' retrieved from /home/airflow/.local/lib/python3.12/site-packages/airflow/example_dags/example_setup_teardown.py
[2024-04-26T12:50:03.177+0000] {logging_mixin.py:188} INFO - [2024-04-26T12:50:03.177+0000] {dag.py:3096} INFO - Sync 1 DAGs
[2024-04-26T12:50:03.195+0000] {logging_mixin.py:188} INFO - [2024-04-26T12:50:03.195+0000] {dag.py:3954} INFO - Setting next_dagrun for example_setup_teardown to 2024-04-25 00:00:00+00:00, run_after=2024-04-26 00:00:00+00:00
[2024-04-26T12:50:03.211+0000] {processor.py:183} INFO - Processing /home/airflow/.local/lib/python3.12/site-packages/airflow/example_dags/example_setup_teardown.py took 0.064 seconds
[2024-04-26T12:50:34.309+0000] {processor.py:161} INFO - Started process (PID=2341) to work on /home/airflow/.local/lib/python3.12/site-packages/airflow/example_dags/example_setup_teardown.py
[2024-04-26T12:50:34.310+0000] {processor.py:830} INFO - Processing file /home/airflow/.local/lib/python3.12/site-packages/airflow/example_dags/example_setup_teardown.py for tasks to queue
[2024-04-26T12:50:34.314+0000] {logging_mixin.py:188} INFO - [2024-04-26T12:50:34.313+0000] {dagbag.py:540} INFO - Filling up the DagBag from /home/airflow/.local/lib/python3.12/site-packages/airflow/example_dags/example_setup_teardown.py
[2024-04-26T12:50:34.323+0000] {processor.py:840} INFO - DAG(s) 'example_setup_teardown' retrieved from /home/airflow/.local/lib/python3.12/site-packages/airflow/example_dags/example_setup_teardown.py
[2024-04-26T12:50:34.344+0000] {logging_mixin.py:188} INFO - [2024-04-26T12:50:34.344+0000] {dag.py:3096} INFO - Sync 1 DAGs
[2024-04-26T12:50:34.372+0000] {logging_mixin.py:188} INFO - [2024-04-26T12:50:34.371+0000] {dag.py:3954} INFO - Setting next_dagrun for example_setup_teardown to 2024-04-25 00:00:00+00:00, run_after=2024-04-26 00:00:00+00:00
[2024-04-26T12:50:34.394+0000] {processor.py:183} INFO - Processing /home/airflow/.local/lib/python3.12/site-packages/airflow/example_dags/example_setup_teardown.py took 0.092 seconds
[2024-04-26T12:51:04.632+0000] {processor.py:161} INFO - Started process (PID=2585) to work on /home/airflow/.local/lib/python3.12/site-packages/airflow/example_dags/example_setup_teardown.py
[2024-04-26T12:51:04.633+0000] {processor.py:830} INFO - Processing file /home/airflow/.local/lib/python3.12/site-packages/airflow/example_dags/example_setup_teardown.py for tasks to queue
[2024-04-26T12:51:04.635+0000] {logging_mixin.py:188} INFO - [2024-04-26T12:51:04.634+0000] {dagbag.py:540} INFO - Filling up the DagBag from /home/airflow/.local/lib/python3.12/site-packages/airflow/example_dags/example_setup_teardown.py
[2024-04-26T12:51:04.641+0000] {processor.py:840} INFO - DAG(s) 'example_setup_teardown' retrieved from /home/airflow/.local/lib/python3.12/site-packages/airflow/example_dags/example_setup_teardown.py
[2024-04-26T12:51:04.659+0000] {logging_mixin.py:188} INFO - [2024-04-26T12:51:04.659+0000] {dag.py:3096} INFO - Sync 1 DAGs
[2024-04-26T12:51:04.686+0000] {logging_mixin.py:188} INFO - [2024-04-26T12:51:04.686+0000] {dag.py:3954} INFO - Setting next_dagrun for example_setup_teardown to 2024-04-25 00:00:00+00:00, run_after=2024-04-26 00:00:00+00:00
[2024-04-26T12:51:04.710+0000] {processor.py:183} INFO - Processing /home/airflow/.local/lib/python3.12/site-packages/airflow/example_dags/example_setup_teardown.py took 0.084 seconds
[2024-04-26T12:51:35.078+0000] {processor.py:161} INFO - Started process (PID=2821) to work on /home/airflow/.local/lib/python3.12/site-packages/airflow/example_dags/example_setup_teardown.py
[2024-04-26T12:51:35.079+0000] {processor.py:830} INFO - Processing file /home/airflow/.local/lib/python3.12/site-packages/airflow/example_dags/example_setup_teardown.py for tasks to queue
[2024-04-26T12:51:35.081+0000] {logging_mixin.py:188} INFO - [2024-04-26T12:51:35.080+0000] {dagbag.py:540} INFO - Filling up the DagBag from /home/airflow/.local/lib/python3.12/site-packages/airflow/example_dags/example_setup_teardown.py
[2024-04-26T12:51:35.088+0000] {processor.py:840} INFO - DAG(s) 'example_setup_teardown' retrieved from /home/airflow/.local/lib/python3.12/site-packages/airflow/example_dags/example_setup_teardown.py
[2024-04-26T12:51:35.108+0000] {logging_mixin.py:188} INFO - [2024-04-26T12:51:35.108+0000] {dag.py:3096} INFO - Sync 1 DAGs
[2024-04-26T12:51:35.129+0000] {logging_mixin.py:188} INFO - [2024-04-26T12:51:35.128+0000] {dag.py:3954} INFO - Setting next_dagrun for example_setup_teardown to 2024-04-25 00:00:00+00:00, run_after=2024-04-26 00:00:00+00:00
[2024-04-26T12:51:35.146+0000] {processor.py:183} INFO - Processing /home/airflow/.local/lib/python3.12/site-packages/airflow/example_dags/example_setup_teardown.py took 0.073 seconds
[2024-04-26T12:52:05.412+0000] {processor.py:161} INFO - Started process (PID=3065) to work on /home/airflow/.local/lib/python3.12/site-packages/airflow/example_dags/example_setup_teardown.py
[2024-04-26T12:52:05.413+0000] {processor.py:830} INFO - Processing file /home/airflow/.local/lib/python3.12/site-packages/airflow/example_dags/example_setup_teardown.py for tasks to queue
[2024-04-26T12:52:05.416+0000] {logging_mixin.py:188} INFO - [2024-04-26T12:52:05.415+0000] {dagbag.py:540} INFO - Filling up the DagBag from /home/airflow/.local/lib/python3.12/site-packages/airflow/example_dags/example_setup_teardown.py
[2024-04-26T12:52:05.423+0000] {processor.py:840} INFO - DAG(s) 'example_setup_teardown' retrieved from /home/airflow/.local/lib/python3.12/site-packages/airflow/example_dags/example_setup_teardown.py
[2024-04-26T12:52:05.442+0000] {logging_mixin.py:188} INFO - [2024-04-26T12:52:05.441+0000] {dag.py:3096} INFO - Sync 1 DAGs
[2024-04-26T12:52:05.462+0000] {logging_mixin.py:188} INFO - [2024-04-26T12:52:05.462+0000] {dag.py:3954} INFO - Setting next_dagrun for example_setup_teardown to 2024-04-25 00:00:00+00:00, run_after=2024-04-26 00:00:00+00:00
[2024-04-26T12:52:05.479+0000] {processor.py:183} INFO - Processing /home/airflow/.local/lib/python3.12/site-packages/airflow/example_dags/example_setup_teardown.py took 0.072 seconds
[2024-04-26T12:52:36.493+0000] {processor.py:161} INFO - Started process (PID=3325) to work on /home/airflow/.local/lib/python3.12/site-packages/airflow/example_dags/example_setup_teardown.py
[2024-04-26T12:52:36.494+0000] {processor.py:830} INFO - Processing file /home/airflow/.local/lib/python3.12/site-packages/airflow/example_dags/example_setup_teardown.py for tasks to queue
[2024-04-26T12:52:36.496+0000] {logging_mixin.py:188} INFO - [2024-04-26T12:52:36.496+0000] {dagbag.py:540} INFO - Filling up the DagBag from /home/airflow/.local/lib/python3.12/site-packages/airflow/example_dags/example_setup_teardown.py
[2024-04-26T12:52:36.502+0000] {processor.py:840} INFO - DAG(s) 'example_setup_teardown' retrieved from /home/airflow/.local/lib/python3.12/site-packages/airflow/example_dags/example_setup_teardown.py
[2024-04-26T12:52:36.521+0000] {logging_mixin.py:188} INFO - [2024-04-26T12:52:36.521+0000] {dag.py:3096} INFO - Sync 1 DAGs
[2024-04-26T12:52:36.542+0000] {logging_mixin.py:188} INFO - [2024-04-26T12:52:36.541+0000] {dag.py:3954} INFO - Setting next_dagrun for example_setup_teardown to 2024-04-25 00:00:00+00:00, run_after=2024-04-26 00:00:00+00:00
[2024-04-26T12:52:36.561+0000] {processor.py:183} INFO - Processing /home/airflow/.local/lib/python3.12/site-packages/airflow/example_dags/example_setup_teardown.py took 0.073 seconds
[2024-04-26T12:53:07.006+0000] {processor.py:161} INFO - Started process (PID=3577) to work on /home/airflow/.local/lib/python3.12/site-packages/airflow/example_dags/example_setup_teardown.py
[2024-04-26T12:53:07.007+0000] {processor.py:830} INFO - Processing file /home/airflow/.local/lib/python3.12/site-packages/airflow/example_dags/example_setup_teardown.py for tasks to queue
[2024-04-26T12:53:07.009+0000] {logging_mixin.py:188} INFO - [2024-04-26T12:53:07.008+0000] {dagbag.py:540} INFO - Filling up the DagBag from /home/airflow/.local/lib/python3.12/site-packages/airflow/example_dags/example_setup_teardown.py
[2024-04-26T12:53:07.015+0000] {processor.py:840} INFO - DAG(s) 'example_setup_teardown' retrieved from /home/airflow/.local/lib/python3.12/site-packages/airflow/example_dags/example_setup_teardown.py
[2024-04-26T12:53:07.031+0000] {logging_mixin.py:188} INFO - [2024-04-26T12:53:07.031+0000] {dag.py:3096} INFO - Sync 1 DAGs
[2024-04-26T12:53:07.049+0000] {logging_mixin.py:188} INFO - [2024-04-26T12:53:07.049+0000] {dag.py:3954} INFO - Setting next_dagrun for example_setup_teardown to 2024-04-25 00:00:00+00:00, run_after=2024-04-26 00:00:00+00:00
[2024-04-26T12:53:07.065+0000] {processor.py:183} INFO - Processing /home/airflow/.local/lib/python3.12/site-packages/airflow/example_dags/example_setup_teardown.py took 0.063 seconds
[2024-04-26T12:53:38.000+0000] {processor.py:161} INFO - Started process (PID=3805) to work on /home/airflow/.local/lib/python3.12/site-packages/airflow/example_dags/example_setup_teardown.py
[2024-04-26T12:53:38.001+0000] {processor.py:830} INFO - Processing file /home/airflow/.local/lib/python3.12/site-packages/airflow/example_dags/example_setup_teardown.py for tasks to queue
[2024-04-26T12:53:38.003+0000] {logging_mixin.py:188} INFO - [2024-04-26T12:53:38.002+0000] {dagbag.py:540} INFO - Filling up the DagBag from /home/airflow/.local/lib/python3.12/site-packages/airflow/example_dags/example_setup_teardown.py
[2024-04-26T12:53:38.008+0000] {processor.py:840} INFO - DAG(s) 'example_setup_teardown' retrieved from /home/airflow/.local/lib/python3.12/site-packages/airflow/example_dags/example_setup_teardown.py
[2024-04-26T12:53:38.025+0000] {logging_mixin.py:188} INFO - [2024-04-26T12:53:38.024+0000] {dag.py:3096} INFO - Sync 1 DAGs
[2024-04-26T12:53:38.042+0000] {logging_mixin.py:188} INFO - [2024-04-26T12:53:38.042+0000] {dag.py:3954} INFO - Setting next_dagrun for example_setup_teardown to 2024-04-25 00:00:00+00:00, run_after=2024-04-26 00:00:00+00:00
[2024-04-26T12:53:38.056+0000] {processor.py:183} INFO - Processing /home/airflow/.local/lib/python3.12/site-packages/airflow/example_dags/example_setup_teardown.py took 0.061 seconds
[2024-04-26T12:54:08.421+0000] {processor.py:161} INFO - Started process (PID=3869) to work on /home/airflow/.local/lib/python3.12/site-packages/airflow/example_dags/example_setup_teardown.py
[2024-04-26T12:54:08.422+0000] {processor.py:830} INFO - Processing file /home/airflow/.local/lib/python3.12/site-packages/airflow/example_dags/example_setup_teardown.py for tasks to queue
[2024-04-26T12:54:08.423+0000] {logging_mixin.py:188} INFO - [2024-04-26T12:54:08.423+0000] {dagbag.py:540} INFO - Filling up the DagBag from /home/airflow/.local/lib/python3.12/site-packages/airflow/example_dags/example_setup_teardown.py
[2024-04-26T12:54:08.428+0000] {processor.py:840} INFO - DAG(s) 'example_setup_teardown' retrieved from /home/airflow/.local/lib/python3.12/site-packages/airflow/example_dags/example_setup_teardown.py
[2024-04-26T12:54:08.446+0000] {logging_mixin.py:188} INFO - [2024-04-26T12:54:08.446+0000] {dag.py:3096} INFO - Sync 1 DAGs
[2024-04-26T12:54:08.463+0000] {logging_mixin.py:188} INFO - [2024-04-26T12:54:08.463+0000] {dag.py:3954} INFO - Setting next_dagrun for example_setup_teardown to 2024-04-25 00:00:00+00:00, run_after=2024-04-26 00:00:00+00:00
[2024-04-26T12:54:08.476+0000] {processor.py:183} INFO - Processing /home/airflow/.local/lib/python3.12/site-packages/airflow/example_dags/example_setup_teardown.py took 0.060 seconds
[2024-04-26T12:54:38.716+0000] {processor.py:161} INFO - Started process (PID=3929) to work on /home/airflow/.local/lib/python3.12/site-packages/airflow/example_dags/example_setup_teardown.py
[2024-04-26T12:54:38.717+0000] {processor.py:830} INFO - Processing file /home/airflow/.local/lib/python3.12/site-packages/airflow/example_dags/example_setup_teardown.py for tasks to queue
[2024-04-26T12:54:38.718+0000] {logging_mixin.py:188} INFO - [2024-04-26T12:54:38.718+0000] {dagbag.py:540} INFO - Filling up the DagBag from /home/airflow/.local/lib/python3.12/site-packages/airflow/example_dags/example_setup_teardown.py
[2024-04-26T12:54:38.724+0000] {processor.py:840} INFO - DAG(s) 'example_setup_teardown' retrieved from /home/airflow/.local/lib/python3.12/site-packages/airflow/example_dags/example_setup_teardown.py
[2024-04-26T12:54:38.741+0000] {logging_mixin.py:188} INFO - [2024-04-26T12:54:38.741+0000] {dag.py:3096} INFO - Sync 1 DAGs
[2024-04-26T12:54:38.758+0000] {logging_mixin.py:188} INFO - [2024-04-26T12:54:38.758+0000] {dag.py:3954} INFO - Setting next_dagrun for example_setup_teardown to 2024-04-25 00:00:00+00:00, run_after=2024-04-26 00:00:00+00:00
[2024-04-26T12:54:38.773+0000] {processor.py:183} INFO - Processing /home/airflow/.local/lib/python3.12/site-packages/airflow/example_dags/example_setup_teardown.py took 0.062 seconds
[2024-04-26T12:55:09.268+0000] {processor.py:161} INFO - Started process (PID=3989) to work on /home/airflow/.local/lib/python3.12/site-packages/airflow/example_dags/example_setup_teardown.py
[2024-04-26T12:55:09.269+0000] {processor.py:830} INFO - Processing file /home/airflow/.local/lib/python3.12/site-packages/airflow/example_dags/example_setup_teardown.py for tasks to queue
[2024-04-26T12:55:09.271+0000] {logging_mixin.py:188} INFO - [2024-04-26T12:55:09.271+0000] {dagbag.py:540} INFO - Filling up the DagBag from /home/airflow/.local/lib/python3.12/site-packages/airflow/example_dags/example_setup_teardown.py
[2024-04-26T12:55:09.277+0000] {processor.py:840} INFO - DAG(s) 'example_setup_teardown' retrieved from /home/airflow/.local/lib/python3.12/site-packages/airflow/example_dags/example_setup_teardown.py
[2024-04-26T12:55:09.296+0000] {logging_mixin.py:188} INFO - [2024-04-26T12:55:09.295+0000] {dag.py:3096} INFO - Sync 1 DAGs
[2024-04-26T12:55:09.315+0000] {logging_mixin.py:188} INFO - [2024-04-26T12:55:09.315+0000] {dag.py:3954} INFO - Setting next_dagrun for example_setup_teardown to 2024-04-25 00:00:00+00:00, run_after=2024-04-26 00:00:00+00:00
[2024-04-26T12:55:09.330+0000] {processor.py:183} INFO - Processing /home/airflow/.local/lib/python3.12/site-packages/airflow/example_dags/example_setup_teardown.py took 0.068 seconds
[2024-04-26T12:55:39.748+0000] {processor.py:161} INFO - Started process (PID=4049) to work on /home/airflow/.local/lib/python3.12/site-packages/airflow/example_dags/example_setup_teardown.py
[2024-04-26T12:55:39.749+0000] {processor.py:830} INFO - Processing file /home/airflow/.local/lib/python3.12/site-packages/airflow/example_dags/example_setup_teardown.py for tasks to queue
[2024-04-26T12:55:39.751+0000] {logging_mixin.py:188} INFO - [2024-04-26T12:55:39.751+0000] {dagbag.py:540} INFO - Filling up the DagBag from /home/airflow/.local/lib/python3.12/site-packages/airflow/example_dags/example_setup_teardown.py
[2024-04-26T12:55:39.757+0000] {processor.py:840} INFO - DAG(s) 'example_setup_teardown' retrieved from /home/airflow/.local/lib/python3.12/site-packages/airflow/example_dags/example_setup_teardown.py
[2024-04-26T12:55:39.776+0000] {logging_mixin.py:188} INFO - [2024-04-26T12:55:39.776+0000] {dag.py:3096} INFO - Sync 1 DAGs
[2024-04-26T12:55:39.797+0000] {logging_mixin.py:188} INFO - [2024-04-26T12:55:39.797+0000] {dag.py:3954} INFO - Setting next_dagrun for example_setup_teardown to 2024-04-25 00:00:00+00:00, run_after=2024-04-26 00:00:00+00:00
[2024-04-26T12:55:39.811+0000] {processor.py:183} INFO - Processing /home/airflow/.local/lib/python3.12/site-packages/airflow/example_dags/example_setup_teardown.py took 0.069 seconds
[2024-04-26T12:56:10.200+0000] {processor.py:161} INFO - Started process (PID=4113) to work on /home/airflow/.local/lib/python3.12/site-packages/airflow/example_dags/example_setup_teardown.py
[2024-04-26T12:56:10.201+0000] {processor.py:830} INFO - Processing file /home/airflow/.local/lib/python3.12/site-packages/airflow/example_dags/example_setup_teardown.py for tasks to queue
[2024-04-26T12:56:10.203+0000] {logging_mixin.py:188} INFO - [2024-04-26T12:56:10.202+0000] {dagbag.py:540} INFO - Filling up the DagBag from /home/airflow/.local/lib/python3.12/site-packages/airflow/example_dags/example_setup_teardown.py
[2024-04-26T12:56:10.208+0000] {processor.py:840} INFO - DAG(s) 'example_setup_teardown' retrieved from /home/airflow/.local/lib/python3.12/site-packages/airflow/example_dags/example_setup_teardown.py
[2024-04-26T12:56:10.224+0000] {logging_mixin.py:188} INFO - [2024-04-26T12:56:10.224+0000] {dag.py:3096} INFO - Sync 1 DAGs
[2024-04-26T12:56:10.241+0000] {logging_mixin.py:188} INFO - [2024-04-26T12:56:10.241+0000] {dag.py:3954} INFO - Setting next_dagrun for example_setup_teardown to 2024-04-25 00:00:00+00:00, run_after=2024-04-26 00:00:00+00:00
[2024-04-26T12:56:10.255+0000] {processor.py:183} INFO - Processing /home/airflow/.local/lib/python3.12/site-packages/airflow/example_dags/example_setup_teardown.py took 0.059 seconds
[2024-04-26T12:56:40.612+0000] {processor.py:161} INFO - Started process (PID=4173) to work on /home/airflow/.local/lib/python3.12/site-packages/airflow/example_dags/example_setup_teardown.py
[2024-04-26T12:56:40.613+0000] {processor.py:830} INFO - Processing file /home/airflow/.local/lib/python3.12/site-packages/airflow/example_dags/example_setup_teardown.py for tasks to queue
[2024-04-26T12:56:40.615+0000] {logging_mixin.py:188} INFO - [2024-04-26T12:56:40.615+0000] {dagbag.py:540} INFO - Filling up the DagBag from /home/airflow/.local/lib/python3.12/site-packages/airflow/example_dags/example_setup_teardown.py
[2024-04-26T12:56:40.621+0000] {processor.py:840} INFO - DAG(s) 'example_setup_teardown' retrieved from /home/airflow/.local/lib/python3.12/site-packages/airflow/example_dags/example_setup_teardown.py
[2024-04-26T12:56:40.637+0000] {logging_mixin.py:188} INFO - [2024-04-26T12:56:40.637+0000] {dag.py:3096} INFO - Sync 1 DAGs
[2024-04-26T12:56:40.654+0000] {logging_mixin.py:188} INFO - [2024-04-26T12:56:40.654+0000] {dag.py:3954} INFO - Setting next_dagrun for example_setup_teardown to 2024-04-25 00:00:00+00:00, run_after=2024-04-26 00:00:00+00:00
[2024-04-26T12:56:40.669+0000] {processor.py:183} INFO - Processing /home/airflow/.local/lib/python3.12/site-packages/airflow/example_dags/example_setup_teardown.py took 0.061 seconds
[2024-04-26T12:57:11.082+0000] {processor.py:161} INFO - Started process (PID=4233) to work on /home/airflow/.local/lib/python3.12/site-packages/airflow/example_dags/example_setup_teardown.py
[2024-04-26T12:57:11.083+0000] {processor.py:830} INFO - Processing file /home/airflow/.local/lib/python3.12/site-packages/airflow/example_dags/example_setup_teardown.py for tasks to queue
[2024-04-26T12:57:11.085+0000] {logging_mixin.py:188} INFO - [2024-04-26T12:57:11.084+0000] {dagbag.py:540} INFO - Filling up the DagBag from /home/airflow/.local/lib/python3.12/site-packages/airflow/example_dags/example_setup_teardown.py
[2024-04-26T12:57:11.090+0000] {processor.py:840} INFO - DAG(s) 'example_setup_teardown' retrieved from /home/airflow/.local/lib/python3.12/site-packages/airflow/example_dags/example_setup_teardown.py
[2024-04-26T12:57:11.106+0000] {logging_mixin.py:188} INFO - [2024-04-26T12:57:11.106+0000] {dag.py:3096} INFO - Sync 1 DAGs
[2024-04-26T12:57:11.123+0000] {logging_mixin.py:188} INFO - [2024-04-26T12:57:11.123+0000] {dag.py:3954} INFO - Setting next_dagrun for example_setup_teardown to 2024-04-25 00:00:00+00:00, run_after=2024-04-26 00:00:00+00:00
[2024-04-26T12:57:11.137+0000] {processor.py:183} INFO - Processing /home/airflow/.local/lib/python3.12/site-packages/airflow/example_dags/example_setup_teardown.py took 0.060 seconds
[2024-04-26T12:57:41.418+0000] {processor.py:161} INFO - Started process (PID=4293) to work on /home/airflow/.local/lib/python3.12/site-packages/airflow/example_dags/example_setup_teardown.py
[2024-04-26T12:57:41.419+0000] {processor.py:830} INFO - Processing file /home/airflow/.local/lib/python3.12/site-packages/airflow/example_dags/example_setup_teardown.py for tasks to queue
[2024-04-26T12:57:41.421+0000] {logging_mixin.py:188} INFO - [2024-04-26T12:57:41.420+0000] {dagbag.py:540} INFO - Filling up the DagBag from /home/airflow/.local/lib/python3.12/site-packages/airflow/example_dags/example_setup_teardown.py
[2024-04-26T12:57:41.426+0000] {processor.py:840} INFO - DAG(s) 'example_setup_teardown' retrieved from /home/airflow/.local/lib/python3.12/site-packages/airflow/example_dags/example_setup_teardown.py
[2024-04-26T12:57:41.442+0000] {logging_mixin.py:188} INFO - [2024-04-26T12:57:41.442+0000] {dag.py:3096} INFO - Sync 1 DAGs
[2024-04-26T12:57:41.460+0000] {logging_mixin.py:188} INFO - [2024-04-26T12:57:41.459+0000] {dag.py:3954} INFO - Setting next_dagrun for example_setup_teardown to 2024-04-25 00:00:00+00:00, run_after=2024-04-26 00:00:00+00:00
[2024-04-26T12:57:41.474+0000] {processor.py:183} INFO - Processing /home/airflow/.local/lib/python3.12/site-packages/airflow/example_dags/example_setup_teardown.py took 0.060 seconds
[2024-04-26T12:58:11.756+0000] {processor.py:161} INFO - Started process (PID=4357) to work on /home/airflow/.local/lib/python3.12/site-packages/airflow/example_dags/example_setup_teardown.py
[2024-04-26T12:58:11.757+0000] {processor.py:830} INFO - Processing file /home/airflow/.local/lib/python3.12/site-packages/airflow/example_dags/example_setup_teardown.py for tasks to queue
[2024-04-26T12:58:11.758+0000] {logging_mixin.py:188} INFO - [2024-04-26T12:58:11.758+0000] {dagbag.py:540} INFO - Filling up the DagBag from /home/airflow/.local/lib/python3.12/site-packages/airflow/example_dags/example_setup_teardown.py
[2024-04-26T12:58:11.764+0000] {processor.py:840} INFO - DAG(s) 'example_setup_teardown' retrieved from /home/airflow/.local/lib/python3.12/site-packages/airflow/example_dags/example_setup_teardown.py
[2024-04-26T12:58:11.781+0000] {logging_mixin.py:188} INFO - [2024-04-26T12:58:11.781+0000] {dag.py:3096} INFO - Sync 1 DAGs
[2024-04-26T12:58:11.799+0000] {logging_mixin.py:188} INFO - [2024-04-26T12:58:11.799+0000] {dag.py:3954} INFO - Setting next_dagrun for example_setup_teardown to 2024-04-25 00:00:00+00:00, run_after=2024-04-26 00:00:00+00:00
[2024-04-26T12:58:11.813+0000] {processor.py:183} INFO - Processing /home/airflow/.local/lib/python3.12/site-packages/airflow/example_dags/example_setup_teardown.py took 0.062 seconds
