[2024-04-26T12:34:44.649+0000] {processor.py:161} INFO - Started process (PID=58) to work on /home/airflow/.local/lib/python3.12/site-packages/airflow/example_dags/example_task_group.py
[2024-04-26T12:34:44.650+0000] {processor.py:830} INFO - Processing file /home/airflow/.local/lib/python3.12/site-packages/airflow/example_dags/example_task_group.py for tasks to queue
[2024-04-26T12:34:44.652+0000] {logging_mixin.py:188} INFO - [2024-04-26T12:34:44.651+0000] {dagbag.py:540} INFO - Filling up the DagBag from /home/airflow/.local/lib/python3.12/site-packages/airflow/example_dags/example_task_group.py
[2024-04-26T12:34:44.661+0000] {processor.py:840} INFO - DAG(s) 'example_task_group' retrieved from /home/airflow/.local/lib/python3.12/site-packages/airflow/example_dags/example_task_group.py
[2024-04-26T12:34:44.754+0000] {logging_mixin.py:188} INFO - [2024-04-26T12:34:44.753+0000] {override.py:1829} INFO - Created Permission View: can delete on DAG:example_task_group
[2024-04-26T12:34:44.763+0000] {logging_mixin.py:188} INFO - [2024-04-26T12:34:44.763+0000] {override.py:1829} INFO - Created Permission View: can edit on DAG:example_task_group
[2024-04-26T12:34:44.769+0000] {logging_mixin.py:188} INFO - [2024-04-26T12:34:44.769+0000] {override.py:1829} INFO - Created Permission View: can read on DAG:example_task_group
[2024-04-26T12:34:44.770+0000] {logging_mixin.py:188} INFO - [2024-04-26T12:34:44.770+0000] {dag.py:3096} INFO - Sync 1 DAGs
[2024-04-26T12:34:44.780+0000] {logging_mixin.py:188} INFO - [2024-04-26T12:34:44.780+0000] {dag.py:3118} INFO - Creating ORM DAG for example_task_group
[2024-04-26T12:34:44.790+0000] {logging_mixin.py:188} INFO - [2024-04-26T12:34:44.789+0000] {dag.py:3954} INFO - Setting next_dagrun for example_task_group to 2024-04-25 00:00:00+00:00, run_after=2024-04-26 00:00:00+00:00
[2024-04-26T12:34:44.802+0000] {processor.py:183} INFO - Processing /home/airflow/.local/lib/python3.12/site-packages/airflow/example_dags/example_task_group.py took 0.158 seconds
[2024-04-26T12:35:15.499+0000] {processor.py:161} INFO - Started process (PID=116) to work on /home/airflow/.local/lib/python3.12/site-packages/airflow/example_dags/example_task_group.py
[2024-04-26T12:35:15.499+0000] {processor.py:830} INFO - Processing file /home/airflow/.local/lib/python3.12/site-packages/airflow/example_dags/example_task_group.py for tasks to queue
[2024-04-26T12:35:15.501+0000] {logging_mixin.py:188} INFO - [2024-04-26T12:35:15.501+0000] {dagbag.py:540} INFO - Filling up the DagBag from /home/airflow/.local/lib/python3.12/site-packages/airflow/example_dags/example_task_group.py
[2024-04-26T12:35:15.506+0000] {processor.py:840} INFO - DAG(s) 'example_task_group' retrieved from /home/airflow/.local/lib/python3.12/site-packages/airflow/example_dags/example_task_group.py
[2024-04-26T12:35:15.523+0000] {logging_mixin.py:188} INFO - [2024-04-26T12:35:15.523+0000] {dag.py:3096} INFO - Sync 1 DAGs
[2024-04-26T12:35:15.541+0000] {logging_mixin.py:188} INFO - [2024-04-26T12:35:15.541+0000] {dag.py:3954} INFO - Setting next_dagrun for example_task_group to 2024-04-25 00:00:00+00:00, run_after=2024-04-26 00:00:00+00:00
[2024-04-26T12:35:15.557+0000] {processor.py:183} INFO - Processing /home/airflow/.local/lib/python3.12/site-packages/airflow/example_dags/example_task_group.py took 0.063 seconds
[2024-04-26T12:35:45.655+0000] {processor.py:161} INFO - Started process (PID=174) to work on /home/airflow/.local/lib/python3.12/site-packages/airflow/example_dags/example_task_group.py
[2024-04-26T12:35:45.656+0000] {processor.py:830} INFO - Processing file /home/airflow/.local/lib/python3.12/site-packages/airflow/example_dags/example_task_group.py for tasks to queue
[2024-04-26T12:35:45.657+0000] {logging_mixin.py:188} INFO - [2024-04-26T12:35:45.657+0000] {dagbag.py:540} INFO - Filling up the DagBag from /home/airflow/.local/lib/python3.12/site-packages/airflow/example_dags/example_task_group.py
[2024-04-26T12:35:45.663+0000] {processor.py:840} INFO - DAG(s) 'example_task_group' retrieved from /home/airflow/.local/lib/python3.12/site-packages/airflow/example_dags/example_task_group.py
[2024-04-26T12:35:45.679+0000] {logging_mixin.py:188} INFO - [2024-04-26T12:35:45.679+0000] {dag.py:3096} INFO - Sync 1 DAGs
[2024-04-26T12:35:45.697+0000] {logging_mixin.py:188} INFO - [2024-04-26T12:35:45.697+0000] {dag.py:3954} INFO - Setting next_dagrun for example_task_group to 2024-04-25 00:00:00+00:00, run_after=2024-04-26 00:00:00+00:00
[2024-04-26T12:35:45.716+0000] {processor.py:183} INFO - Processing /home/airflow/.local/lib/python3.12/site-packages/airflow/example_dags/example_task_group.py took 0.065 seconds
[2024-04-26T12:36:16.544+0000] {processor.py:161} INFO - Started process (PID=232) to work on /home/airflow/.local/lib/python3.12/site-packages/airflow/example_dags/example_task_group.py
[2024-04-26T12:36:16.545+0000] {processor.py:830} INFO - Processing file /home/airflow/.local/lib/python3.12/site-packages/airflow/example_dags/example_task_group.py for tasks to queue
[2024-04-26T12:36:16.546+0000] {logging_mixin.py:188} INFO - [2024-04-26T12:36:16.546+0000] {dagbag.py:540} INFO - Filling up the DagBag from /home/airflow/.local/lib/python3.12/site-packages/airflow/example_dags/example_task_group.py
[2024-04-26T12:36:16.552+0000] {processor.py:840} INFO - DAG(s) 'example_task_group' retrieved from /home/airflow/.local/lib/python3.12/site-packages/airflow/example_dags/example_task_group.py
[2024-04-26T12:36:16.568+0000] {logging_mixin.py:188} INFO - [2024-04-26T12:36:16.567+0000] {dag.py:3096} INFO - Sync 1 DAGs
[2024-04-26T12:36:16.584+0000] {logging_mixin.py:188} INFO - [2024-04-26T12:36:16.584+0000] {dag.py:3954} INFO - Setting next_dagrun for example_task_group to 2024-04-25 00:00:00+00:00, run_after=2024-04-26 00:00:00+00:00
[2024-04-26T12:36:16.599+0000] {processor.py:183} INFO - Processing /home/airflow/.local/lib/python3.12/site-packages/airflow/example_dags/example_task_group.py took 0.060 seconds
[2024-04-26T12:36:46.914+0000] {processor.py:161} INFO - Started process (PID=290) to work on /home/airflow/.local/lib/python3.12/site-packages/airflow/example_dags/example_task_group.py
[2024-04-26T12:36:46.915+0000] {processor.py:830} INFO - Processing file /home/airflow/.local/lib/python3.12/site-packages/airflow/example_dags/example_task_group.py for tasks to queue
[2024-04-26T12:36:46.917+0000] {logging_mixin.py:188} INFO - [2024-04-26T12:36:46.917+0000] {dagbag.py:540} INFO - Filling up the DagBag from /home/airflow/.local/lib/python3.12/site-packages/airflow/example_dags/example_task_group.py
[2024-04-26T12:36:46.923+0000] {processor.py:840} INFO - DAG(s) 'example_task_group' retrieved from /home/airflow/.local/lib/python3.12/site-packages/airflow/example_dags/example_task_group.py
[2024-04-26T12:36:46.939+0000] {logging_mixin.py:188} INFO - [2024-04-26T12:36:46.938+0000] {dag.py:3096} INFO - Sync 1 DAGs
[2024-04-26T12:36:46.954+0000] {logging_mixin.py:188} INFO - [2024-04-26T12:36:46.954+0000] {dag.py:3954} INFO - Setting next_dagrun for example_task_group to 2024-04-25 00:00:00+00:00, run_after=2024-04-26 00:00:00+00:00
[2024-04-26T12:36:46.970+0000] {processor.py:183} INFO - Processing /home/airflow/.local/lib/python3.12/site-packages/airflow/example_dags/example_task_group.py took 0.060 seconds
[2024-04-26T12:37:17.315+0000] {processor.py:161} INFO - Started process (PID=348) to work on /home/airflow/.local/lib/python3.12/site-packages/airflow/example_dags/example_task_group.py
[2024-04-26T12:37:17.315+0000] {processor.py:830} INFO - Processing file /home/airflow/.local/lib/python3.12/site-packages/airflow/example_dags/example_task_group.py for tasks to queue
[2024-04-26T12:37:17.317+0000] {logging_mixin.py:188} INFO - [2024-04-26T12:37:17.317+0000] {dagbag.py:540} INFO - Filling up the DagBag from /home/airflow/.local/lib/python3.12/site-packages/airflow/example_dags/example_task_group.py
[2024-04-26T12:37:17.322+0000] {processor.py:840} INFO - DAG(s) 'example_task_group' retrieved from /home/airflow/.local/lib/python3.12/site-packages/airflow/example_dags/example_task_group.py
[2024-04-26T12:37:17.339+0000] {logging_mixin.py:188} INFO - [2024-04-26T12:37:17.339+0000] {dag.py:3096} INFO - Sync 1 DAGs
[2024-04-26T12:37:17.358+0000] {logging_mixin.py:188} INFO - [2024-04-26T12:37:17.358+0000] {dag.py:3954} INFO - Setting next_dagrun for example_task_group to 2024-04-25 00:00:00+00:00, run_after=2024-04-26 00:00:00+00:00
[2024-04-26T12:37:17.373+0000] {processor.py:183} INFO - Processing /home/airflow/.local/lib/python3.12/site-packages/airflow/example_dags/example_task_group.py took 0.063 seconds
[2024-04-26T12:37:47.721+0000] {processor.py:161} INFO - Started process (PID=406) to work on /home/airflow/.local/lib/python3.12/site-packages/airflow/example_dags/example_task_group.py
[2024-04-26T12:37:47.722+0000] {processor.py:830} INFO - Processing file /home/airflow/.local/lib/python3.12/site-packages/airflow/example_dags/example_task_group.py for tasks to queue
[2024-04-26T12:37:47.724+0000] {logging_mixin.py:188} INFO - [2024-04-26T12:37:47.723+0000] {dagbag.py:540} INFO - Filling up the DagBag from /home/airflow/.local/lib/python3.12/site-packages/airflow/example_dags/example_task_group.py
[2024-04-26T12:37:47.730+0000] {processor.py:840} INFO - DAG(s) 'example_task_group' retrieved from /home/airflow/.local/lib/python3.12/site-packages/airflow/example_dags/example_task_group.py
[2024-04-26T12:37:47.747+0000] {logging_mixin.py:188} INFO - [2024-04-26T12:37:47.747+0000] {dag.py:3096} INFO - Sync 1 DAGs
[2024-04-26T12:37:47.766+0000] {logging_mixin.py:188} INFO - [2024-04-26T12:37:47.765+0000] {dag.py:3954} INFO - Setting next_dagrun for example_task_group to 2024-04-25 00:00:00+00:00, run_after=2024-04-26 00:00:00+00:00
[2024-04-26T12:37:47.782+0000] {processor.py:183} INFO - Processing /home/airflow/.local/lib/python3.12/site-packages/airflow/example_dags/example_task_group.py took 0.065 seconds
[2024-04-26T12:38:18.156+0000] {processor.py:161} INFO - Started process (PID=464) to work on /home/airflow/.local/lib/python3.12/site-packages/airflow/example_dags/example_task_group.py
[2024-04-26T12:38:18.157+0000] {processor.py:830} INFO - Processing file /home/airflow/.local/lib/python3.12/site-packages/airflow/example_dags/example_task_group.py for tasks to queue
[2024-04-26T12:38:18.158+0000] {logging_mixin.py:188} INFO - [2024-04-26T12:38:18.158+0000] {dagbag.py:540} INFO - Filling up the DagBag from /home/airflow/.local/lib/python3.12/site-packages/airflow/example_dags/example_task_group.py
[2024-04-26T12:38:18.163+0000] {processor.py:840} INFO - DAG(s) 'example_task_group' retrieved from /home/airflow/.local/lib/python3.12/site-packages/airflow/example_dags/example_task_group.py
[2024-04-26T12:38:18.180+0000] {logging_mixin.py:188} INFO - [2024-04-26T12:38:18.180+0000] {dag.py:3096} INFO - Sync 1 DAGs
[2024-04-26T12:38:18.196+0000] {logging_mixin.py:188} INFO - [2024-04-26T12:38:18.196+0000] {dag.py:3954} INFO - Setting next_dagrun for example_task_group to 2024-04-25 00:00:00+00:00, run_after=2024-04-26 00:00:00+00:00
[2024-04-26T12:38:18.210+0000] {processor.py:183} INFO - Processing /home/airflow/.local/lib/python3.12/site-packages/airflow/example_dags/example_task_group.py took 0.059 seconds
[2024-04-26T12:38:48.537+0000] {processor.py:161} INFO - Started process (PID=522) to work on /home/airflow/.local/lib/python3.12/site-packages/airflow/example_dags/example_task_group.py
[2024-04-26T12:38:48.538+0000] {processor.py:830} INFO - Processing file /home/airflow/.local/lib/python3.12/site-packages/airflow/example_dags/example_task_group.py for tasks to queue
[2024-04-26T12:38:48.539+0000] {logging_mixin.py:188} INFO - [2024-04-26T12:38:48.539+0000] {dagbag.py:540} INFO - Filling up the DagBag from /home/airflow/.local/lib/python3.12/site-packages/airflow/example_dags/example_task_group.py
[2024-04-26T12:38:48.544+0000] {processor.py:840} INFO - DAG(s) 'example_task_group' retrieved from /home/airflow/.local/lib/python3.12/site-packages/airflow/example_dags/example_task_group.py
[2024-04-26T12:38:48.561+0000] {logging_mixin.py:188} INFO - [2024-04-26T12:38:48.560+0000] {dag.py:3096} INFO - Sync 1 DAGs
[2024-04-26T12:38:48.578+0000] {logging_mixin.py:188} INFO - [2024-04-26T12:38:48.578+0000] {dag.py:3954} INFO - Setting next_dagrun for example_task_group to 2024-04-25 00:00:00+00:00, run_after=2024-04-26 00:00:00+00:00
[2024-04-26T12:38:48.592+0000] {processor.py:183} INFO - Processing /home/airflow/.local/lib/python3.12/site-packages/airflow/example_dags/example_task_group.py took 0.059 seconds
[2024-04-26T12:39:18.971+0000] {processor.py:161} INFO - Started process (PID=580) to work on /home/airflow/.local/lib/python3.12/site-packages/airflow/example_dags/example_task_group.py
[2024-04-26T12:39:18.972+0000] {processor.py:830} INFO - Processing file /home/airflow/.local/lib/python3.12/site-packages/airflow/example_dags/example_task_group.py for tasks to queue
[2024-04-26T12:39:18.973+0000] {logging_mixin.py:188} INFO - [2024-04-26T12:39:18.973+0000] {dagbag.py:540} INFO - Filling up the DagBag from /home/airflow/.local/lib/python3.12/site-packages/airflow/example_dags/example_task_group.py
[2024-04-26T12:39:18.979+0000] {processor.py:840} INFO - DAG(s) 'example_task_group' retrieved from /home/airflow/.local/lib/python3.12/site-packages/airflow/example_dags/example_task_group.py
[2024-04-26T12:39:18.996+0000] {logging_mixin.py:188} INFO - [2024-04-26T12:39:18.996+0000] {dag.py:3096} INFO - Sync 1 DAGs
[2024-04-26T12:39:19.014+0000] {logging_mixin.py:188} INFO - [2024-04-26T12:39:19.013+0000] {dag.py:3954} INFO - Setting next_dagrun for example_task_group to 2024-04-25 00:00:00+00:00, run_after=2024-04-26 00:00:00+00:00
[2024-04-26T12:39:19.030+0000] {processor.py:183} INFO - Processing /home/airflow/.local/lib/python3.12/site-packages/airflow/example_dags/example_task_group.py took 0.063 seconds
[2024-04-26T12:39:49.474+0000] {processor.py:161} INFO - Started process (PID=638) to work on /home/airflow/.local/lib/python3.12/site-packages/airflow/example_dags/example_task_group.py
[2024-04-26T12:39:49.474+0000] {processor.py:830} INFO - Processing file /home/airflow/.local/lib/python3.12/site-packages/airflow/example_dags/example_task_group.py for tasks to queue
[2024-04-26T12:39:49.476+0000] {logging_mixin.py:188} INFO - [2024-04-26T12:39:49.476+0000] {dagbag.py:540} INFO - Filling up the DagBag from /home/airflow/.local/lib/python3.12/site-packages/airflow/example_dags/example_task_group.py
[2024-04-26T12:39:49.481+0000] {processor.py:840} INFO - DAG(s) 'example_task_group' retrieved from /home/airflow/.local/lib/python3.12/site-packages/airflow/example_dags/example_task_group.py
[2024-04-26T12:39:49.498+0000] {logging_mixin.py:188} INFO - [2024-04-26T12:39:49.498+0000] {dag.py:3096} INFO - Sync 1 DAGs
[2024-04-26T12:39:49.516+0000] {logging_mixin.py:188} INFO - [2024-04-26T12:39:49.515+0000] {dag.py:3954} INFO - Setting next_dagrun for example_task_group to 2024-04-25 00:00:00+00:00, run_after=2024-04-26 00:00:00+00:00
[2024-04-26T12:39:49.531+0000] {processor.py:183} INFO - Processing /home/airflow/.local/lib/python3.12/site-packages/airflow/example_dags/example_task_group.py took 0.062 seconds
[2024-04-26T12:40:19.866+0000] {processor.py:161} INFO - Started process (PID=696) to work on /home/airflow/.local/lib/python3.12/site-packages/airflow/example_dags/example_task_group.py
[2024-04-26T12:40:19.867+0000] {processor.py:830} INFO - Processing file /home/airflow/.local/lib/python3.12/site-packages/airflow/example_dags/example_task_group.py for tasks to queue
[2024-04-26T12:40:19.869+0000] {logging_mixin.py:188} INFO - [2024-04-26T12:40:19.869+0000] {dagbag.py:540} INFO - Filling up the DagBag from /home/airflow/.local/lib/python3.12/site-packages/airflow/example_dags/example_task_group.py
[2024-04-26T12:40:19.875+0000] {processor.py:840} INFO - DAG(s) 'example_task_group' retrieved from /home/airflow/.local/lib/python3.12/site-packages/airflow/example_dags/example_task_group.py
[2024-04-26T12:40:19.896+0000] {logging_mixin.py:188} INFO - [2024-04-26T12:40:19.896+0000] {dag.py:3096} INFO - Sync 1 DAGs
[2024-04-26T12:40:19.916+0000] {logging_mixin.py:188} INFO - [2024-04-26T12:40:19.916+0000] {dag.py:3954} INFO - Setting next_dagrun for example_task_group to 2024-04-25 00:00:00+00:00, run_after=2024-04-26 00:00:00+00:00
[2024-04-26T12:40:19.934+0000] {processor.py:183} INFO - Processing /home/airflow/.local/lib/python3.12/site-packages/airflow/example_dags/example_task_group.py took 0.072 seconds
[2024-04-26T12:40:50.431+0000] {processor.py:161} INFO - Started process (PID=754) to work on /home/airflow/.local/lib/python3.12/site-packages/airflow/example_dags/example_task_group.py
[2024-04-26T12:40:50.432+0000] {processor.py:830} INFO - Processing file /home/airflow/.local/lib/python3.12/site-packages/airflow/example_dags/example_task_group.py for tasks to queue
[2024-04-26T12:40:50.433+0000] {logging_mixin.py:188} INFO - [2024-04-26T12:40:50.433+0000] {dagbag.py:540} INFO - Filling up the DagBag from /home/airflow/.local/lib/python3.12/site-packages/airflow/example_dags/example_task_group.py
[2024-04-26T12:40:50.439+0000] {processor.py:840} INFO - DAG(s) 'example_task_group' retrieved from /home/airflow/.local/lib/python3.12/site-packages/airflow/example_dags/example_task_group.py
[2024-04-26T12:40:50.457+0000] {logging_mixin.py:188} INFO - [2024-04-26T12:40:50.456+0000] {dag.py:3096} INFO - Sync 1 DAGs
[2024-04-26T12:40:50.475+0000] {logging_mixin.py:188} INFO - [2024-04-26T12:40:50.475+0000] {dag.py:3954} INFO - Setting next_dagrun for example_task_group to 2024-04-25 00:00:00+00:00, run_after=2024-04-26 00:00:00+00:00
[2024-04-26T12:40:50.491+0000] {processor.py:183} INFO - Processing /home/airflow/.local/lib/python3.12/site-packages/airflow/example_dags/example_task_group.py took 0.064 seconds
[2024-04-26T12:41:21.378+0000] {processor.py:161} INFO - Started process (PID=812) to work on /home/airflow/.local/lib/python3.12/site-packages/airflow/example_dags/example_task_group.py
[2024-04-26T12:41:21.379+0000] {processor.py:830} INFO - Processing file /home/airflow/.local/lib/python3.12/site-packages/airflow/example_dags/example_task_group.py for tasks to queue
[2024-04-26T12:41:21.380+0000] {logging_mixin.py:188} INFO - [2024-04-26T12:41:21.380+0000] {dagbag.py:540} INFO - Filling up the DagBag from /home/airflow/.local/lib/python3.12/site-packages/airflow/example_dags/example_task_group.py
[2024-04-26T12:41:21.386+0000] {processor.py:840} INFO - DAG(s) 'example_task_group' retrieved from /home/airflow/.local/lib/python3.12/site-packages/airflow/example_dags/example_task_group.py
[2024-04-26T12:41:21.403+0000] {logging_mixin.py:188} INFO - [2024-04-26T12:41:21.402+0000] {dag.py:3096} INFO - Sync 1 DAGs
[2024-04-26T12:41:21.421+0000] {logging_mixin.py:188} INFO - [2024-04-26T12:41:21.420+0000] {dag.py:3954} INFO - Setting next_dagrun for example_task_group to 2024-04-25 00:00:00+00:00, run_after=2024-04-26 00:00:00+00:00
[2024-04-26T12:41:21.436+0000] {processor.py:183} INFO - Processing /home/airflow/.local/lib/python3.12/site-packages/airflow/example_dags/example_task_group.py took 0.063 seconds
[2024-04-26T12:41:52.224+0000] {processor.py:161} INFO - Started process (PID=870) to work on /home/airflow/.local/lib/python3.12/site-packages/airflow/example_dags/example_task_group.py
[2024-04-26T12:41:52.225+0000] {processor.py:830} INFO - Processing file /home/airflow/.local/lib/python3.12/site-packages/airflow/example_dags/example_task_group.py for tasks to queue
[2024-04-26T12:41:52.227+0000] {logging_mixin.py:188} INFO - [2024-04-26T12:41:52.226+0000] {dagbag.py:540} INFO - Filling up the DagBag from /home/airflow/.local/lib/python3.12/site-packages/airflow/example_dags/example_task_group.py
[2024-04-26T12:41:52.232+0000] {processor.py:840} INFO - DAG(s) 'example_task_group' retrieved from /home/airflow/.local/lib/python3.12/site-packages/airflow/example_dags/example_task_group.py
[2024-04-26T12:41:52.249+0000] {logging_mixin.py:188} INFO - [2024-04-26T12:41:52.249+0000] {dag.py:3096} INFO - Sync 1 DAGs
[2024-04-26T12:41:52.267+0000] {logging_mixin.py:188} INFO - [2024-04-26T12:41:52.267+0000] {dag.py:3954} INFO - Setting next_dagrun for example_task_group to 2024-04-25 00:00:00+00:00, run_after=2024-04-26 00:00:00+00:00
[2024-04-26T12:41:52.385+0000] {processor.py:183} INFO - Processing /home/airflow/.local/lib/python3.12/site-packages/airflow/example_dags/example_task_group.py took 0.166 seconds
[2024-04-26T12:42:23.179+0000] {processor.py:161} INFO - Started process (PID=928) to work on /home/airflow/.local/lib/python3.12/site-packages/airflow/example_dags/example_task_group.py
[2024-04-26T12:42:23.180+0000] {processor.py:830} INFO - Processing file /home/airflow/.local/lib/python3.12/site-packages/airflow/example_dags/example_task_group.py for tasks to queue
[2024-04-26T12:42:23.181+0000] {logging_mixin.py:188} INFO - [2024-04-26T12:42:23.181+0000] {dagbag.py:540} INFO - Filling up the DagBag from /home/airflow/.local/lib/python3.12/site-packages/airflow/example_dags/example_task_group.py
[2024-04-26T12:42:23.187+0000] {processor.py:840} INFO - DAG(s) 'example_task_group' retrieved from /home/airflow/.local/lib/python3.12/site-packages/airflow/example_dags/example_task_group.py
[2024-04-26T12:42:23.204+0000] {logging_mixin.py:188} INFO - [2024-04-26T12:42:23.204+0000] {dag.py:3096} INFO - Sync 1 DAGs
[2024-04-26T12:42:23.221+0000] {logging_mixin.py:188} INFO - [2024-04-26T12:42:23.221+0000] {dag.py:3954} INFO - Setting next_dagrun for example_task_group to 2024-04-25 00:00:00+00:00, run_after=2024-04-26 00:00:00+00:00
[2024-04-26T12:42:23.235+0000] {processor.py:183} INFO - Processing /home/airflow/.local/lib/python3.12/site-packages/airflow/example_dags/example_task_group.py took 0.060 seconds
[2024-04-26T12:42:53.828+0000] {processor.py:161} INFO - Started process (PID=986) to work on /home/airflow/.local/lib/python3.12/site-packages/airflow/example_dags/example_task_group.py
[2024-04-26T12:42:53.829+0000] {processor.py:830} INFO - Processing file /home/airflow/.local/lib/python3.12/site-packages/airflow/example_dags/example_task_group.py for tasks to queue
[2024-04-26T12:42:53.830+0000] {logging_mixin.py:188} INFO - [2024-04-26T12:42:53.830+0000] {dagbag.py:540} INFO - Filling up the DagBag from /home/airflow/.local/lib/python3.12/site-packages/airflow/example_dags/example_task_group.py
[2024-04-26T12:42:53.836+0000] {processor.py:840} INFO - DAG(s) 'example_task_group' retrieved from /home/airflow/.local/lib/python3.12/site-packages/airflow/example_dags/example_task_group.py
[2024-04-26T12:42:53.855+0000] {logging_mixin.py:188} INFO - [2024-04-26T12:42:53.854+0000] {dag.py:3096} INFO - Sync 1 DAGs
[2024-04-26T12:42:53.876+0000] {logging_mixin.py:188} INFO - [2024-04-26T12:42:53.875+0000] {dag.py:3954} INFO - Setting next_dagrun for example_task_group to 2024-04-25 00:00:00+00:00, run_after=2024-04-26 00:00:00+00:00
[2024-04-26T12:42:53.892+0000] {processor.py:183} INFO - Processing /home/airflow/.local/lib/python3.12/site-packages/airflow/example_dags/example_task_group.py took 0.069 seconds
[2024-04-26T12:43:24.497+0000] {processor.py:161} INFO - Started process (PID=1044) to work on /home/airflow/.local/lib/python3.12/site-packages/airflow/example_dags/example_task_group.py
[2024-04-26T12:43:24.498+0000] {processor.py:830} INFO - Processing file /home/airflow/.local/lib/python3.12/site-packages/airflow/example_dags/example_task_group.py for tasks to queue
[2024-04-26T12:43:24.500+0000] {logging_mixin.py:188} INFO - [2024-04-26T12:43:24.499+0000] {dagbag.py:540} INFO - Filling up the DagBag from /home/airflow/.local/lib/python3.12/site-packages/airflow/example_dags/example_task_group.py
[2024-04-26T12:43:24.505+0000] {processor.py:840} INFO - DAG(s) 'example_task_group' retrieved from /home/airflow/.local/lib/python3.12/site-packages/airflow/example_dags/example_task_group.py
[2024-04-26T12:43:24.623+0000] {logging_mixin.py:188} INFO - [2024-04-26T12:43:24.623+0000] {dag.py:3096} INFO - Sync 1 DAGs
[2024-04-26T12:43:24.637+0000] {logging_mixin.py:188} INFO - [2024-04-26T12:43:24.637+0000] {dag.py:3954} INFO - Setting next_dagrun for example_task_group to 2024-04-25 00:00:00+00:00, run_after=2024-04-26 00:00:00+00:00
[2024-04-26T12:43:24.652+0000] {processor.py:183} INFO - Processing /home/airflow/.local/lib/python3.12/site-packages/airflow/example_dags/example_task_group.py took 0.159 seconds
[2024-04-26T12:43:55.074+0000] {processor.py:161} INFO - Started process (PID=1102) to work on /home/airflow/.local/lib/python3.12/site-packages/airflow/example_dags/example_task_group.py
[2024-04-26T12:43:55.074+0000] {processor.py:830} INFO - Processing file /home/airflow/.local/lib/python3.12/site-packages/airflow/example_dags/example_task_group.py for tasks to queue
[2024-04-26T12:43:55.076+0000] {logging_mixin.py:188} INFO - [2024-04-26T12:43:55.076+0000] {dagbag.py:540} INFO - Filling up the DagBag from /home/airflow/.local/lib/python3.12/site-packages/airflow/example_dags/example_task_group.py
[2024-04-26T12:43:55.082+0000] {processor.py:840} INFO - DAG(s) 'example_task_group' retrieved from /home/airflow/.local/lib/python3.12/site-packages/airflow/example_dags/example_task_group.py
[2024-04-26T12:43:55.098+0000] {logging_mixin.py:188} INFO - [2024-04-26T12:43:55.098+0000] {dag.py:3096} INFO - Sync 1 DAGs
[2024-04-26T12:43:55.116+0000] {logging_mixin.py:188} INFO - [2024-04-26T12:43:55.116+0000] {dag.py:3954} INFO - Setting next_dagrun for example_task_group to 2024-04-25 00:00:00+00:00, run_after=2024-04-26 00:00:00+00:00
[2024-04-26T12:43:55.227+0000] {processor.py:183} INFO - Processing /home/airflow/.local/lib/python3.12/site-packages/airflow/example_dags/example_task_group.py took 0.158 seconds
[2024-04-26T12:44:25.309+0000] {processor.py:161} INFO - Started process (PID=1160) to work on /home/airflow/.local/lib/python3.12/site-packages/airflow/example_dags/example_task_group.py
[2024-04-26T12:44:25.309+0000] {processor.py:830} INFO - Processing file /home/airflow/.local/lib/python3.12/site-packages/airflow/example_dags/example_task_group.py for tasks to queue
[2024-04-26T12:44:25.311+0000] {logging_mixin.py:188} INFO - [2024-04-26T12:44:25.311+0000] {dagbag.py:540} INFO - Filling up the DagBag from /home/airflow/.local/lib/python3.12/site-packages/airflow/example_dags/example_task_group.py
[2024-04-26T12:44:25.316+0000] {processor.py:840} INFO - DAG(s) 'example_task_group' retrieved from /home/airflow/.local/lib/python3.12/site-packages/airflow/example_dags/example_task_group.py
[2024-04-26T12:44:25.332+0000] {logging_mixin.py:188} INFO - [2024-04-26T12:44:25.332+0000] {dag.py:3096} INFO - Sync 1 DAGs
[2024-04-26T12:44:25.348+0000] {logging_mixin.py:188} INFO - [2024-04-26T12:44:25.348+0000] {dag.py:3954} INFO - Setting next_dagrun for example_task_group to 2024-04-25 00:00:00+00:00, run_after=2024-04-26 00:00:00+00:00
[2024-04-26T12:44:25.363+0000] {processor.py:183} INFO - Processing /home/airflow/.local/lib/python3.12/site-packages/airflow/example_dags/example_task_group.py took 0.059 seconds
[2024-04-26T12:44:55.863+0000] {processor.py:161} INFO - Started process (PID=1220) to work on /home/airflow/.local/lib/python3.12/site-packages/airflow/example_dags/example_task_group.py
[2024-04-26T12:44:55.863+0000] {processor.py:830} INFO - Processing file /home/airflow/.local/lib/python3.12/site-packages/airflow/example_dags/example_task_group.py for tasks to queue
[2024-04-26T12:44:55.865+0000] {logging_mixin.py:188} INFO - [2024-04-26T12:44:55.865+0000] {dagbag.py:540} INFO - Filling up the DagBag from /home/airflow/.local/lib/python3.12/site-packages/airflow/example_dags/example_task_group.py
[2024-04-26T12:44:55.871+0000] {processor.py:840} INFO - DAG(s) 'example_task_group' retrieved from /home/airflow/.local/lib/python3.12/site-packages/airflow/example_dags/example_task_group.py
[2024-04-26T12:44:55.889+0000] {logging_mixin.py:188} INFO - [2024-04-26T12:44:55.889+0000] {dag.py:3096} INFO - Sync 1 DAGs
[2024-04-26T12:44:55.907+0000] {logging_mixin.py:188} INFO - [2024-04-26T12:44:55.907+0000] {dag.py:3954} INFO - Setting next_dagrun for example_task_group to 2024-04-25 00:00:00+00:00, run_after=2024-04-26 00:00:00+00:00
[2024-04-26T12:44:55.921+0000] {processor.py:183} INFO - Processing /home/airflow/.local/lib/python3.12/site-packages/airflow/example_dags/example_task_group.py took 0.063 seconds
[2024-04-26T12:45:26.374+0000] {processor.py:161} INFO - Started process (PID=1280) to work on /home/airflow/.local/lib/python3.12/site-packages/airflow/example_dags/example_task_group.py
[2024-04-26T12:45:26.375+0000] {processor.py:830} INFO - Processing file /home/airflow/.local/lib/python3.12/site-packages/airflow/example_dags/example_task_group.py for tasks to queue
[2024-04-26T12:45:26.376+0000] {logging_mixin.py:188} INFO - [2024-04-26T12:45:26.376+0000] {dagbag.py:540} INFO - Filling up the DagBag from /home/airflow/.local/lib/python3.12/site-packages/airflow/example_dags/example_task_group.py
[2024-04-26T12:45:26.382+0000] {processor.py:840} INFO - DAG(s) 'example_task_group' retrieved from /home/airflow/.local/lib/python3.12/site-packages/airflow/example_dags/example_task_group.py
[2024-04-26T12:45:26.401+0000] {logging_mixin.py:188} INFO - [2024-04-26T12:45:26.401+0000] {dag.py:3096} INFO - Sync 1 DAGs
[2024-04-26T12:45:26.422+0000] {logging_mixin.py:188} INFO - [2024-04-26T12:45:26.421+0000] {dag.py:3954} INFO - Setting next_dagrun for example_task_group to 2024-04-25 00:00:00+00:00, run_after=2024-04-26 00:00:00+00:00
[2024-04-26T12:45:26.436+0000] {processor.py:183} INFO - Processing /home/airflow/.local/lib/python3.12/site-packages/airflow/example_dags/example_task_group.py took 0.067 seconds
[2024-04-26T12:45:56.897+0000] {processor.py:161} INFO - Started process (PID=1342) to work on /home/airflow/.local/lib/python3.12/site-packages/airflow/example_dags/example_task_group.py
[2024-04-26T12:45:56.898+0000] {processor.py:830} INFO - Processing file /home/airflow/.local/lib/python3.12/site-packages/airflow/example_dags/example_task_group.py for tasks to queue
[2024-04-26T12:45:56.901+0000] {logging_mixin.py:188} INFO - [2024-04-26T12:45:56.900+0000] {dagbag.py:540} INFO - Filling up the DagBag from /home/airflow/.local/lib/python3.12/site-packages/airflow/example_dags/example_task_group.py
[2024-04-26T12:45:56.911+0000] {processor.py:840} INFO - DAG(s) 'example_task_group' retrieved from /home/airflow/.local/lib/python3.12/site-packages/airflow/example_dags/example_task_group.py
[2024-04-26T12:45:56.932+0000] {logging_mixin.py:188} INFO - [2024-04-26T12:45:56.932+0000] {dag.py:3096} INFO - Sync 1 DAGs
[2024-04-26T12:45:56.953+0000] {logging_mixin.py:188} INFO - [2024-04-26T12:45:56.953+0000] {dag.py:3954} INFO - Setting next_dagrun for example_task_group to 2024-04-25 00:00:00+00:00, run_after=2024-04-26 00:00:00+00:00
[2024-04-26T12:45:56.971+0000] {processor.py:183} INFO - Processing /home/airflow/.local/lib/python3.12/site-packages/airflow/example_dags/example_task_group.py took 0.078 seconds
[2024-04-26T12:46:27.654+0000] {processor.py:161} INFO - Started process (PID=1404) to work on /home/airflow/.local/lib/python3.12/site-packages/airflow/example_dags/example_task_group.py
[2024-04-26T12:46:27.655+0000] {processor.py:830} INFO - Processing file /home/airflow/.local/lib/python3.12/site-packages/airflow/example_dags/example_task_group.py for tasks to queue
[2024-04-26T12:46:27.657+0000] {logging_mixin.py:188} INFO - [2024-04-26T12:46:27.656+0000] {dagbag.py:540} INFO - Filling up the DagBag from /home/airflow/.local/lib/python3.12/site-packages/airflow/example_dags/example_task_group.py
[2024-04-26T12:46:27.662+0000] {processor.py:840} INFO - DAG(s) 'example_task_group' retrieved from /home/airflow/.local/lib/python3.12/site-packages/airflow/example_dags/example_task_group.py
[2024-04-26T12:46:27.680+0000] {logging_mixin.py:188} INFO - [2024-04-26T12:46:27.680+0000] {dag.py:3096} INFO - Sync 1 DAGs
[2024-04-26T12:46:27.697+0000] {logging_mixin.py:188} INFO - [2024-04-26T12:46:27.697+0000] {dag.py:3954} INFO - Setting next_dagrun for example_task_group to 2024-04-25 00:00:00+00:00, run_after=2024-04-26 00:00:00+00:00
[2024-04-26T12:46:27.712+0000] {processor.py:183} INFO - Processing /home/airflow/.local/lib/python3.12/site-packages/airflow/example_dags/example_task_group.py took 0.063 seconds
[2024-04-26T12:46:58.138+0000] {processor.py:161} INFO - Started process (PID=1464) to work on /home/airflow/.local/lib/python3.12/site-packages/airflow/example_dags/example_task_group.py
[2024-04-26T12:46:58.138+0000] {processor.py:830} INFO - Processing file /home/airflow/.local/lib/python3.12/site-packages/airflow/example_dags/example_task_group.py for tasks to queue
[2024-04-26T12:46:58.140+0000] {logging_mixin.py:188} INFO - [2024-04-26T12:46:58.140+0000] {dagbag.py:540} INFO - Filling up the DagBag from /home/airflow/.local/lib/python3.12/site-packages/airflow/example_dags/example_task_group.py
[2024-04-26T12:46:58.145+0000] {processor.py:840} INFO - DAG(s) 'example_task_group' retrieved from /home/airflow/.local/lib/python3.12/site-packages/airflow/example_dags/example_task_group.py
[2024-04-26T12:46:58.162+0000] {logging_mixin.py:188} INFO - [2024-04-26T12:46:58.162+0000] {dag.py:3096} INFO - Sync 1 DAGs
[2024-04-26T12:46:58.179+0000] {logging_mixin.py:188} INFO - [2024-04-26T12:46:58.179+0000] {dag.py:3954} INFO - Setting next_dagrun for example_task_group to 2024-04-25 00:00:00+00:00, run_after=2024-04-26 00:00:00+00:00
[2024-04-26T12:46:58.193+0000] {processor.py:183} INFO - Processing /home/airflow/.local/lib/python3.12/site-packages/airflow/example_dags/example_task_group.py took 0.060 seconds
[2024-04-26T12:47:28.495+0000] {processor.py:161} INFO - Started process (PID=1524) to work on /home/airflow/.local/lib/python3.12/site-packages/airflow/example_dags/example_task_group.py
[2024-04-26T12:47:28.496+0000] {processor.py:830} INFO - Processing file /home/airflow/.local/lib/python3.12/site-packages/airflow/example_dags/example_task_group.py for tasks to queue
[2024-04-26T12:47:28.497+0000] {logging_mixin.py:188} INFO - [2024-04-26T12:47:28.497+0000] {dagbag.py:540} INFO - Filling up the DagBag from /home/airflow/.local/lib/python3.12/site-packages/airflow/example_dags/example_task_group.py
[2024-04-26T12:47:28.503+0000] {processor.py:840} INFO - DAG(s) 'example_task_group' retrieved from /home/airflow/.local/lib/python3.12/site-packages/airflow/example_dags/example_task_group.py
[2024-04-26T12:47:28.519+0000] {logging_mixin.py:188} INFO - [2024-04-26T12:47:28.519+0000] {dag.py:3096} INFO - Sync 1 DAGs
[2024-04-26T12:47:28.534+0000] {logging_mixin.py:188} INFO - [2024-04-26T12:47:28.534+0000] {dag.py:3954} INFO - Setting next_dagrun for example_task_group to 2024-04-25 00:00:00+00:00, run_after=2024-04-26 00:00:00+00:00
[2024-04-26T12:47:28.548+0000] {processor.py:183} INFO - Processing /home/airflow/.local/lib/python3.12/site-packages/airflow/example_dags/example_task_group.py took 0.058 seconds
[2024-04-26T12:47:58.887+0000] {processor.py:161} INFO - Started process (PID=1584) to work on /home/airflow/.local/lib/python3.12/site-packages/airflow/example_dags/example_task_group.py
[2024-04-26T12:47:58.888+0000] {processor.py:830} INFO - Processing file /home/airflow/.local/lib/python3.12/site-packages/airflow/example_dags/example_task_group.py for tasks to queue
[2024-04-26T12:47:58.890+0000] {logging_mixin.py:188} INFO - [2024-04-26T12:47:58.890+0000] {dagbag.py:540} INFO - Filling up the DagBag from /home/airflow/.local/lib/python3.12/site-packages/airflow/example_dags/example_task_group.py
[2024-04-26T12:47:58.896+0000] {processor.py:840} INFO - DAG(s) 'example_task_group' retrieved from /home/airflow/.local/lib/python3.12/site-packages/airflow/example_dags/example_task_group.py
[2024-04-26T12:47:58.914+0000] {logging_mixin.py:188} INFO - [2024-04-26T12:47:58.914+0000] {dag.py:3096} INFO - Sync 1 DAGs
[2024-04-26T12:47:58.930+0000] {logging_mixin.py:188} INFO - [2024-04-26T12:47:58.929+0000] {dag.py:3954} INFO - Setting next_dagrun for example_task_group to 2024-04-25 00:00:00+00:00, run_after=2024-04-26 00:00:00+00:00
[2024-04-26T12:47:58.945+0000] {processor.py:183} INFO - Processing /home/airflow/.local/lib/python3.12/site-packages/airflow/example_dags/example_task_group.py took 0.062 seconds
[2024-04-26T12:48:29.257+0000] {processor.py:161} INFO - Started process (PID=1644) to work on /home/airflow/.local/lib/python3.12/site-packages/airflow/example_dags/example_task_group.py
[2024-04-26T12:48:29.258+0000] {processor.py:830} INFO - Processing file /home/airflow/.local/lib/python3.12/site-packages/airflow/example_dags/example_task_group.py for tasks to queue
[2024-04-26T12:48:29.260+0000] {logging_mixin.py:188} INFO - [2024-04-26T12:48:29.259+0000] {dagbag.py:540} INFO - Filling up the DagBag from /home/airflow/.local/lib/python3.12/site-packages/airflow/example_dags/example_task_group.py
[2024-04-26T12:48:29.266+0000] {processor.py:840} INFO - DAG(s) 'example_task_group' retrieved from /home/airflow/.local/lib/python3.12/site-packages/airflow/example_dags/example_task_group.py
[2024-04-26T12:48:29.282+0000] {logging_mixin.py:188} INFO - [2024-04-26T12:48:29.281+0000] {dag.py:3096} INFO - Sync 1 DAGs
[2024-04-26T12:48:29.296+0000] {logging_mixin.py:188} INFO - [2024-04-26T12:48:29.296+0000] {dag.py:3954} INFO - Setting next_dagrun for example_task_group to 2024-04-25 00:00:00+00:00, run_after=2024-04-26 00:00:00+00:00
[2024-04-26T12:48:29.311+0000] {processor.py:183} INFO - Processing /home/airflow/.local/lib/python3.12/site-packages/airflow/example_dags/example_task_group.py took 0.058 seconds
[2024-04-26T12:48:59.718+0000] {processor.py:161} INFO - Started process (PID=1704) to work on /home/airflow/.local/lib/python3.12/site-packages/airflow/example_dags/example_task_group.py
[2024-04-26T12:48:59.719+0000] {processor.py:830} INFO - Processing file /home/airflow/.local/lib/python3.12/site-packages/airflow/example_dags/example_task_group.py for tasks to queue
[2024-04-26T12:48:59.721+0000] {logging_mixin.py:188} INFO - [2024-04-26T12:48:59.720+0000] {dagbag.py:540} INFO - Filling up the DagBag from /home/airflow/.local/lib/python3.12/site-packages/airflow/example_dags/example_task_group.py
[2024-04-26T12:48:59.727+0000] {processor.py:840} INFO - DAG(s) 'example_task_group' retrieved from /home/airflow/.local/lib/python3.12/site-packages/airflow/example_dags/example_task_group.py
[2024-04-26T12:48:59.744+0000] {logging_mixin.py:188} INFO - [2024-04-26T12:48:59.743+0000] {dag.py:3096} INFO - Sync 1 DAGs
[2024-04-26T12:48:59.763+0000] {logging_mixin.py:188} INFO - [2024-04-26T12:48:59.762+0000] {dag.py:3954} INFO - Setting next_dagrun for example_task_group to 2024-04-25 00:00:00+00:00, run_after=2024-04-26 00:00:00+00:00
[2024-04-26T12:48:59.778+0000] {processor.py:183} INFO - Processing /home/airflow/.local/lib/python3.12/site-packages/airflow/example_dags/example_task_group.py took 0.065 seconds
[2024-04-26T12:49:30.281+0000] {processor.py:161} INFO - Started process (PID=1802) to work on /home/airflow/.local/lib/python3.12/site-packages/airflow/example_dags/example_task_group.py
[2024-04-26T12:49:30.282+0000] {processor.py:830} INFO - Processing file /home/airflow/.local/lib/python3.12/site-packages/airflow/example_dags/example_task_group.py for tasks to queue
[2024-04-26T12:49:30.285+0000] {logging_mixin.py:188} INFO - [2024-04-26T12:49:30.284+0000] {dagbag.py:540} INFO - Filling up the DagBag from /home/airflow/.local/lib/python3.12/site-packages/airflow/example_dags/example_task_group.py
[2024-04-26T12:49:30.293+0000] {processor.py:840} INFO - DAG(s) 'example_task_group' retrieved from /home/airflow/.local/lib/python3.12/site-packages/airflow/example_dags/example_task_group.py
[2024-04-26T12:49:30.314+0000] {logging_mixin.py:188} INFO - [2024-04-26T12:49:30.313+0000] {dag.py:3096} INFO - Sync 1 DAGs
[2024-04-26T12:49:30.336+0000] {logging_mixin.py:188} INFO - [2024-04-26T12:49:30.336+0000] {dag.py:3954} INFO - Setting next_dagrun for example_task_group to 2024-04-25 00:00:00+00:00, run_after=2024-04-26 00:00:00+00:00
[2024-04-26T12:49:30.359+0000] {processor.py:183} INFO - Processing /home/airflow/.local/lib/python3.12/site-packages/airflow/example_dags/example_task_group.py took 0.085 seconds
[2024-04-26T12:50:01.292+0000] {processor.py:161} INFO - Started process (PID=2044) to work on /home/airflow/.local/lib/python3.12/site-packages/airflow/example_dags/example_task_group.py
[2024-04-26T12:50:01.294+0000] {processor.py:830} INFO - Processing file /home/airflow/.local/lib/python3.12/site-packages/airflow/example_dags/example_task_group.py for tasks to queue
[2024-04-26T12:50:01.296+0000] {logging_mixin.py:188} INFO - [2024-04-26T12:50:01.295+0000] {dagbag.py:540} INFO - Filling up the DagBag from /home/airflow/.local/lib/python3.12/site-packages/airflow/example_dags/example_task_group.py
[2024-04-26T12:50:01.304+0000] {processor.py:840} INFO - DAG(s) 'example_task_group' retrieved from /home/airflow/.local/lib/python3.12/site-packages/airflow/example_dags/example_task_group.py
[2024-04-26T12:50:01.327+0000] {logging_mixin.py:188} INFO - [2024-04-26T12:50:01.326+0000] {dag.py:3096} INFO - Sync 1 DAGs
[2024-04-26T12:50:01.355+0000] {logging_mixin.py:188} INFO - [2024-04-26T12:50:01.354+0000] {dag.py:3954} INFO - Setting next_dagrun for example_task_group to 2024-04-25 00:00:00+00:00, run_after=2024-04-26 00:00:00+00:00
[2024-04-26T12:50:01.375+0000] {processor.py:183} INFO - Processing /home/airflow/.local/lib/python3.12/site-packages/airflow/example_dags/example_task_group.py took 0.091 seconds
[2024-04-26T12:50:31.810+0000] {processor.py:161} INFO - Started process (PID=2300) to work on /home/airflow/.local/lib/python3.12/site-packages/airflow/example_dags/example_task_group.py
[2024-04-26T12:50:31.811+0000] {processor.py:830} INFO - Processing file /home/airflow/.local/lib/python3.12/site-packages/airflow/example_dags/example_task_group.py for tasks to queue
[2024-04-26T12:50:31.814+0000] {logging_mixin.py:188} INFO - [2024-04-26T12:50:31.813+0000] {dagbag.py:540} INFO - Filling up the DagBag from /home/airflow/.local/lib/python3.12/site-packages/airflow/example_dags/example_task_group.py
[2024-04-26T12:50:31.821+0000] {processor.py:840} INFO - DAG(s) 'example_task_group' retrieved from /home/airflow/.local/lib/python3.12/site-packages/airflow/example_dags/example_task_group.py
[2024-04-26T12:50:31.841+0000] {logging_mixin.py:188} INFO - [2024-04-26T12:50:31.840+0000] {dag.py:3096} INFO - Sync 1 DAGs
[2024-04-26T12:50:31.867+0000] {logging_mixin.py:188} INFO - [2024-04-26T12:50:31.867+0000] {dag.py:3954} INFO - Setting next_dagrun for example_task_group to 2024-04-25 00:00:00+00:00, run_after=2024-04-26 00:00:00+00:00
[2024-04-26T12:50:31.885+0000] {processor.py:183} INFO - Processing /home/airflow/.local/lib/python3.12/site-packages/airflow/example_dags/example_task_group.py took 0.080 seconds
[2024-04-26T12:51:02.107+0000] {processor.py:161} INFO - Started process (PID=2544) to work on /home/airflow/.local/lib/python3.12/site-packages/airflow/example_dags/example_task_group.py
[2024-04-26T12:51:02.108+0000] {processor.py:830} INFO - Processing file /home/airflow/.local/lib/python3.12/site-packages/airflow/example_dags/example_task_group.py for tasks to queue
[2024-04-26T12:51:02.110+0000] {logging_mixin.py:188} INFO - [2024-04-26T12:51:02.109+0000] {dagbag.py:540} INFO - Filling up the DagBag from /home/airflow/.local/lib/python3.12/site-packages/airflow/example_dags/example_task_group.py
[2024-04-26T12:51:02.116+0000] {processor.py:840} INFO - DAG(s) 'example_task_group' retrieved from /home/airflow/.local/lib/python3.12/site-packages/airflow/example_dags/example_task_group.py
[2024-04-26T12:51:02.140+0000] {logging_mixin.py:188} INFO - [2024-04-26T12:51:02.139+0000] {dag.py:3096} INFO - Sync 1 DAGs
[2024-04-26T12:51:02.163+0000] {logging_mixin.py:188} INFO - [2024-04-26T12:51:02.163+0000] {dag.py:3954} INFO - Setting next_dagrun for example_task_group to 2024-04-25 00:00:00+00:00, run_after=2024-04-26 00:00:00+00:00
[2024-04-26T12:51:02.179+0000] {processor.py:183} INFO - Processing /home/airflow/.local/lib/python3.12/site-packages/airflow/example_dags/example_task_group.py took 0.076 seconds
[2024-04-26T12:51:32.829+0000] {processor.py:161} INFO - Started process (PID=2796) to work on /home/airflow/.local/lib/python3.12/site-packages/airflow/example_dags/example_task_group.py
[2024-04-26T12:51:32.831+0000] {processor.py:830} INFO - Processing file /home/airflow/.local/lib/python3.12/site-packages/airflow/example_dags/example_task_group.py for tasks to queue
[2024-04-26T12:51:32.835+0000] {logging_mixin.py:188} INFO - [2024-04-26T12:51:32.834+0000] {dagbag.py:540} INFO - Filling up the DagBag from /home/airflow/.local/lib/python3.12/site-packages/airflow/example_dags/example_task_group.py
[2024-04-26T12:51:32.850+0000] {processor.py:840} INFO - DAG(s) 'example_task_group' retrieved from /home/airflow/.local/lib/python3.12/site-packages/airflow/example_dags/example_task_group.py
[2024-04-26T12:51:32.886+0000] {logging_mixin.py:188} INFO - [2024-04-26T12:51:32.886+0000] {dag.py:3096} INFO - Sync 1 DAGs
[2024-04-26T12:51:32.920+0000] {logging_mixin.py:188} INFO - [2024-04-26T12:51:32.920+0000] {dag.py:3954} INFO - Setting next_dagrun for example_task_group to 2024-04-25 00:00:00+00:00, run_after=2024-04-26 00:00:00+00:00
[2024-04-26T12:51:32.949+0000] {processor.py:183} INFO - Processing /home/airflow/.local/lib/python3.12/site-packages/airflow/example_dags/example_task_group.py took 0.130 seconds
[2024-04-26T12:52:03.389+0000] {processor.py:161} INFO - Started process (PID=3041) to work on /home/airflow/.local/lib/python3.12/site-packages/airflow/example_dags/example_task_group.py
[2024-04-26T12:52:03.391+0000] {processor.py:830} INFO - Processing file /home/airflow/.local/lib/python3.12/site-packages/airflow/example_dags/example_task_group.py for tasks to queue
[2024-04-26T12:52:03.394+0000] {logging_mixin.py:188} INFO - [2024-04-26T12:52:03.393+0000] {dagbag.py:540} INFO - Filling up the DagBag from /home/airflow/.local/lib/python3.12/site-packages/airflow/example_dags/example_task_group.py
[2024-04-26T12:52:03.406+0000] {processor.py:840} INFO - DAG(s) 'example_task_group' retrieved from /home/airflow/.local/lib/python3.12/site-packages/airflow/example_dags/example_task_group.py
[2024-04-26T12:52:03.446+0000] {logging_mixin.py:188} INFO - [2024-04-26T12:52:03.446+0000] {dag.py:3096} INFO - Sync 1 DAGs
[2024-04-26T12:52:03.479+0000] {logging_mixin.py:188} INFO - [2024-04-26T12:52:03.479+0000] {dag.py:3954} INFO - Setting next_dagrun for example_task_group to 2024-04-25 00:00:00+00:00, run_after=2024-04-26 00:00:00+00:00
[2024-04-26T12:52:03.509+0000] {processor.py:183} INFO - Processing /home/airflow/.local/lib/python3.12/site-packages/airflow/example_dags/example_task_group.py took 0.130 seconds
[2024-04-26T12:52:33.598+0000] {processor.py:161} INFO - Started process (PID=3296) to work on /home/airflow/.local/lib/python3.12/site-packages/airflow/example_dags/example_task_group.py
[2024-04-26T12:52:33.598+0000] {processor.py:830} INFO - Processing file /home/airflow/.local/lib/python3.12/site-packages/airflow/example_dags/example_task_group.py for tasks to queue
[2024-04-26T12:52:33.600+0000] {logging_mixin.py:188} INFO - [2024-04-26T12:52:33.600+0000] {dagbag.py:540} INFO - Filling up the DagBag from /home/airflow/.local/lib/python3.12/site-packages/airflow/example_dags/example_task_group.py
[2024-04-26T12:52:33.606+0000] {processor.py:840} INFO - DAG(s) 'example_task_group' retrieved from /home/airflow/.local/lib/python3.12/site-packages/airflow/example_dags/example_task_group.py
[2024-04-26T12:52:33.624+0000] {logging_mixin.py:188} INFO - [2024-04-26T12:52:33.623+0000] {dag.py:3096} INFO - Sync 1 DAGs
[2024-04-26T12:52:33.645+0000] {logging_mixin.py:188} INFO - [2024-04-26T12:52:33.645+0000] {dag.py:3954} INFO - Setting next_dagrun for example_task_group to 2024-04-25 00:00:00+00:00, run_after=2024-04-26 00:00:00+00:00
[2024-04-26T12:52:33.660+0000] {processor.py:183} INFO - Processing /home/airflow/.local/lib/python3.12/site-packages/airflow/example_dags/example_task_group.py took 0.068 seconds
[2024-04-26T12:53:04.565+0000] {processor.py:161} INFO - Started process (PID=3556) to work on /home/airflow/.local/lib/python3.12/site-packages/airflow/example_dags/example_task_group.py
[2024-04-26T12:53:04.566+0000] {processor.py:830} INFO - Processing file /home/airflow/.local/lib/python3.12/site-packages/airflow/example_dags/example_task_group.py for tasks to queue
[2024-04-26T12:53:04.569+0000] {logging_mixin.py:188} INFO - [2024-04-26T12:53:04.569+0000] {dagbag.py:540} INFO - Filling up the DagBag from /home/airflow/.local/lib/python3.12/site-packages/airflow/example_dags/example_task_group.py
[2024-04-26T12:53:04.580+0000] {processor.py:840} INFO - DAG(s) 'example_task_group' retrieved from /home/airflow/.local/lib/python3.12/site-packages/airflow/example_dags/example_task_group.py
[2024-04-26T12:53:04.609+0000] {logging_mixin.py:188} INFO - [2024-04-26T12:53:04.609+0000] {dag.py:3096} INFO - Sync 1 DAGs
[2024-04-26T12:53:04.672+0000] {logging_mixin.py:188} INFO - [2024-04-26T12:53:04.672+0000] {dag.py:3954} INFO - Setting next_dagrun for example_task_group to 2024-04-25 00:00:00+00:00, run_after=2024-04-26 00:00:00+00:00
[2024-04-26T12:53:04.740+0000] {processor.py:183} INFO - Processing /home/airflow/.local/lib/python3.12/site-packages/airflow/example_dags/example_task_group.py took 0.184 seconds
[2024-04-26T12:53:35.106+0000] {processor.py:161} INFO - Started process (PID=3788) to work on /home/airflow/.local/lib/python3.12/site-packages/airflow/example_dags/example_task_group.py
[2024-04-26T12:53:35.108+0000] {processor.py:830} INFO - Processing file /home/airflow/.local/lib/python3.12/site-packages/airflow/example_dags/example_task_group.py for tasks to queue
[2024-04-26T12:53:35.111+0000] {logging_mixin.py:188} INFO - [2024-04-26T12:53:35.110+0000] {dagbag.py:540} INFO - Filling up the DagBag from /home/airflow/.local/lib/python3.12/site-packages/airflow/example_dags/example_task_group.py
[2024-04-26T12:53:35.121+0000] {processor.py:840} INFO - DAG(s) 'example_task_group' retrieved from /home/airflow/.local/lib/python3.12/site-packages/airflow/example_dags/example_task_group.py
[2024-04-26T12:53:35.148+0000] {logging_mixin.py:188} INFO - [2024-04-26T12:53:35.147+0000] {dag.py:3096} INFO - Sync 1 DAGs
[2024-04-26T12:53:35.174+0000] {logging_mixin.py:188} INFO - [2024-04-26T12:53:35.174+0000] {dag.py:3954} INFO - Setting next_dagrun for example_task_group to 2024-04-25 00:00:00+00:00, run_after=2024-04-26 00:00:00+00:00
[2024-04-26T12:53:35.196+0000] {processor.py:183} INFO - Processing /home/airflow/.local/lib/python3.12/site-packages/airflow/example_dags/example_task_group.py took 0.097 seconds
[2024-04-26T12:54:05.677+0000] {processor.py:161} INFO - Started process (PID=3852) to work on /home/airflow/.local/lib/python3.12/site-packages/airflow/example_dags/example_task_group.py
[2024-04-26T12:54:05.678+0000] {processor.py:830} INFO - Processing file /home/airflow/.local/lib/python3.12/site-packages/airflow/example_dags/example_task_group.py for tasks to queue
[2024-04-26T12:54:05.679+0000] {logging_mixin.py:188} INFO - [2024-04-26T12:54:05.679+0000] {dagbag.py:540} INFO - Filling up the DagBag from /home/airflow/.local/lib/python3.12/site-packages/airflow/example_dags/example_task_group.py
[2024-04-26T12:54:05.685+0000] {processor.py:840} INFO - DAG(s) 'example_task_group' retrieved from /home/airflow/.local/lib/python3.12/site-packages/airflow/example_dags/example_task_group.py
[2024-04-26T12:54:05.702+0000] {logging_mixin.py:188} INFO - [2024-04-26T12:54:05.701+0000] {dag.py:3096} INFO - Sync 1 DAGs
[2024-04-26T12:54:05.720+0000] {logging_mixin.py:188} INFO - [2024-04-26T12:54:05.720+0000] {dag.py:3954} INFO - Setting next_dagrun for example_task_group to 2024-04-25 00:00:00+00:00, run_after=2024-04-26 00:00:00+00:00
[2024-04-26T12:54:05.734+0000] {processor.py:183} INFO - Processing /home/airflow/.local/lib/python3.12/site-packages/airflow/example_dags/example_task_group.py took 0.062 seconds
[2024-04-26T12:54:35.990+0000] {processor.py:161} INFO - Started process (PID=3912) to work on /home/airflow/.local/lib/python3.12/site-packages/airflow/example_dags/example_task_group.py
[2024-04-26T12:54:35.991+0000] {processor.py:830} INFO - Processing file /home/airflow/.local/lib/python3.12/site-packages/airflow/example_dags/example_task_group.py for tasks to queue
[2024-04-26T12:54:35.993+0000] {logging_mixin.py:188} INFO - [2024-04-26T12:54:35.993+0000] {dagbag.py:540} INFO - Filling up the DagBag from /home/airflow/.local/lib/python3.12/site-packages/airflow/example_dags/example_task_group.py
[2024-04-26T12:54:35.998+0000] {processor.py:840} INFO - DAG(s) 'example_task_group' retrieved from /home/airflow/.local/lib/python3.12/site-packages/airflow/example_dags/example_task_group.py
[2024-04-26T12:54:36.015+0000] {logging_mixin.py:188} INFO - [2024-04-26T12:54:36.015+0000] {dag.py:3096} INFO - Sync 1 DAGs
[2024-04-26T12:54:36.033+0000] {logging_mixin.py:188} INFO - [2024-04-26T12:54:36.033+0000] {dag.py:3954} INFO - Setting next_dagrun for example_task_group to 2024-04-25 00:00:00+00:00, run_after=2024-04-26 00:00:00+00:00
[2024-04-26T12:54:36.048+0000] {processor.py:183} INFO - Processing /home/airflow/.local/lib/python3.12/site-packages/airflow/example_dags/example_task_group.py took 0.062 seconds
[2024-04-26T12:55:06.519+0000] {processor.py:161} INFO - Started process (PID=3972) to work on /home/airflow/.local/lib/python3.12/site-packages/airflow/example_dags/example_task_group.py
[2024-04-26T12:55:06.520+0000] {processor.py:830} INFO - Processing file /home/airflow/.local/lib/python3.12/site-packages/airflow/example_dags/example_task_group.py for tasks to queue
[2024-04-26T12:55:06.521+0000] {logging_mixin.py:188} INFO - [2024-04-26T12:55:06.521+0000] {dagbag.py:540} INFO - Filling up the DagBag from /home/airflow/.local/lib/python3.12/site-packages/airflow/example_dags/example_task_group.py
[2024-04-26T12:55:06.527+0000] {processor.py:840} INFO - DAG(s) 'example_task_group' retrieved from /home/airflow/.local/lib/python3.12/site-packages/airflow/example_dags/example_task_group.py
[2024-04-26T12:55:06.545+0000] {logging_mixin.py:188} INFO - [2024-04-26T12:55:06.545+0000] {dag.py:3096} INFO - Sync 1 DAGs
[2024-04-26T12:55:06.564+0000] {logging_mixin.py:188} INFO - [2024-04-26T12:55:06.564+0000] {dag.py:3954} INFO - Setting next_dagrun for example_task_group to 2024-04-25 00:00:00+00:00, run_after=2024-04-26 00:00:00+00:00
[2024-04-26T12:55:06.581+0000] {processor.py:183} INFO - Processing /home/airflow/.local/lib/python3.12/site-packages/airflow/example_dags/example_task_group.py took 0.067 seconds
[2024-04-26T12:55:36.991+0000] {processor.py:161} INFO - Started process (PID=4032) to work on /home/airflow/.local/lib/python3.12/site-packages/airflow/example_dags/example_task_group.py
[2024-04-26T12:55:36.992+0000] {processor.py:830} INFO - Processing file /home/airflow/.local/lib/python3.12/site-packages/airflow/example_dags/example_task_group.py for tasks to queue
[2024-04-26T12:55:36.994+0000] {logging_mixin.py:188} INFO - [2024-04-26T12:55:36.994+0000] {dagbag.py:540} INFO - Filling up the DagBag from /home/airflow/.local/lib/python3.12/site-packages/airflow/example_dags/example_task_group.py
[2024-04-26T12:55:37.000+0000] {processor.py:840} INFO - DAG(s) 'example_task_group' retrieved from /home/airflow/.local/lib/python3.12/site-packages/airflow/example_dags/example_task_group.py
[2024-04-26T12:55:37.018+0000] {logging_mixin.py:188} INFO - [2024-04-26T12:55:37.017+0000] {dag.py:3096} INFO - Sync 1 DAGs
[2024-04-26T12:55:37.036+0000] {logging_mixin.py:188} INFO - [2024-04-26T12:55:37.036+0000] {dag.py:3954} INFO - Setting next_dagrun for example_task_group to 2024-04-25 00:00:00+00:00, run_after=2024-04-26 00:00:00+00:00
[2024-04-26T12:55:37.051+0000] {processor.py:183} INFO - Processing /home/airflow/.local/lib/python3.12/site-packages/airflow/example_dags/example_task_group.py took 0.064 seconds
[2024-04-26T12:56:07.420+0000] {processor.py:161} INFO - Started process (PID=4096) to work on /home/airflow/.local/lib/python3.12/site-packages/airflow/example_dags/example_task_group.py
[2024-04-26T12:56:07.421+0000] {processor.py:830} INFO - Processing file /home/airflow/.local/lib/python3.12/site-packages/airflow/example_dags/example_task_group.py for tasks to queue
[2024-04-26T12:56:07.422+0000] {logging_mixin.py:188} INFO - [2024-04-26T12:56:07.422+0000] {dagbag.py:540} INFO - Filling up the DagBag from /home/airflow/.local/lib/python3.12/site-packages/airflow/example_dags/example_task_group.py
[2024-04-26T12:56:07.428+0000] {processor.py:840} INFO - DAG(s) 'example_task_group' retrieved from /home/airflow/.local/lib/python3.12/site-packages/airflow/example_dags/example_task_group.py
[2024-04-26T12:56:07.444+0000] {logging_mixin.py:188} INFO - [2024-04-26T12:56:07.443+0000] {dag.py:3096} INFO - Sync 1 DAGs
[2024-04-26T12:56:07.461+0000] {logging_mixin.py:188} INFO - [2024-04-26T12:56:07.461+0000] {dag.py:3954} INFO - Setting next_dagrun for example_task_group to 2024-04-25 00:00:00+00:00, run_after=2024-04-26 00:00:00+00:00
[2024-04-26T12:56:07.482+0000] {processor.py:183} INFO - Processing /home/airflow/.local/lib/python3.12/site-packages/airflow/example_dags/example_task_group.py took 0.066 seconds
[2024-04-26T12:56:37.849+0000] {processor.py:161} INFO - Started process (PID=4156) to work on /home/airflow/.local/lib/python3.12/site-packages/airflow/example_dags/example_task_group.py
[2024-04-26T12:56:37.850+0000] {processor.py:830} INFO - Processing file /home/airflow/.local/lib/python3.12/site-packages/airflow/example_dags/example_task_group.py for tasks to queue
[2024-04-26T12:56:37.851+0000] {logging_mixin.py:188} INFO - [2024-04-26T12:56:37.851+0000] {dagbag.py:540} INFO - Filling up the DagBag from /home/airflow/.local/lib/python3.12/site-packages/airflow/example_dags/example_task_group.py
[2024-04-26T12:56:37.858+0000] {processor.py:840} INFO - DAG(s) 'example_task_group' retrieved from /home/airflow/.local/lib/python3.12/site-packages/airflow/example_dags/example_task_group.py
[2024-04-26T12:56:37.875+0000] {logging_mixin.py:188} INFO - [2024-04-26T12:56:37.875+0000] {dag.py:3096} INFO - Sync 1 DAGs
[2024-04-26T12:56:37.893+0000] {logging_mixin.py:188} INFO - [2024-04-26T12:56:37.893+0000] {dag.py:3954} INFO - Setting next_dagrun for example_task_group to 2024-04-25 00:00:00+00:00, run_after=2024-04-26 00:00:00+00:00
[2024-04-26T12:56:37.909+0000] {processor.py:183} INFO - Processing /home/airflow/.local/lib/python3.12/site-packages/airflow/example_dags/example_task_group.py took 0.065 seconds
[2024-04-26T12:57:08.342+0000] {processor.py:161} INFO - Started process (PID=4216) to work on /home/airflow/.local/lib/python3.12/site-packages/airflow/example_dags/example_task_group.py
[2024-04-26T12:57:08.342+0000] {processor.py:830} INFO - Processing file /home/airflow/.local/lib/python3.12/site-packages/airflow/example_dags/example_task_group.py for tasks to queue
[2024-04-26T12:57:08.344+0000] {logging_mixin.py:188} INFO - [2024-04-26T12:57:08.344+0000] {dagbag.py:540} INFO - Filling up the DagBag from /home/airflow/.local/lib/python3.12/site-packages/airflow/example_dags/example_task_group.py
[2024-04-26T12:57:08.350+0000] {processor.py:840} INFO - DAG(s) 'example_task_group' retrieved from /home/airflow/.local/lib/python3.12/site-packages/airflow/example_dags/example_task_group.py
[2024-04-26T12:57:08.367+0000] {logging_mixin.py:188} INFO - [2024-04-26T12:57:08.367+0000] {dag.py:3096} INFO - Sync 1 DAGs
[2024-04-26T12:57:08.386+0000] {logging_mixin.py:188} INFO - [2024-04-26T12:57:08.386+0000] {dag.py:3954} INFO - Setting next_dagrun for example_task_group to 2024-04-25 00:00:00+00:00, run_after=2024-04-26 00:00:00+00:00
[2024-04-26T12:57:08.401+0000] {processor.py:183} INFO - Processing /home/airflow/.local/lib/python3.12/site-packages/airflow/example_dags/example_task_group.py took 0.064 seconds
[2024-04-26T12:57:38.681+0000] {processor.py:161} INFO - Started process (PID=4276) to work on /home/airflow/.local/lib/python3.12/site-packages/airflow/example_dags/example_task_group.py
[2024-04-26T12:57:38.682+0000] {processor.py:830} INFO - Processing file /home/airflow/.local/lib/python3.12/site-packages/airflow/example_dags/example_task_group.py for tasks to queue
[2024-04-26T12:57:38.684+0000] {logging_mixin.py:188} INFO - [2024-04-26T12:57:38.683+0000] {dagbag.py:540} INFO - Filling up the DagBag from /home/airflow/.local/lib/python3.12/site-packages/airflow/example_dags/example_task_group.py
[2024-04-26T12:57:38.690+0000] {processor.py:840} INFO - DAG(s) 'example_task_group' retrieved from /home/airflow/.local/lib/python3.12/site-packages/airflow/example_dags/example_task_group.py
[2024-04-26T12:57:38.707+0000] {logging_mixin.py:188} INFO - [2024-04-26T12:57:38.707+0000] {dag.py:3096} INFO - Sync 1 DAGs
[2024-04-26T12:57:38.727+0000] {logging_mixin.py:188} INFO - [2024-04-26T12:57:38.727+0000] {dag.py:3954} INFO - Setting next_dagrun for example_task_group to 2024-04-25 00:00:00+00:00, run_after=2024-04-26 00:00:00+00:00
[2024-04-26T12:57:38.743+0000] {processor.py:183} INFO - Processing /home/airflow/.local/lib/python3.12/site-packages/airflow/example_dags/example_task_group.py took 0.067 seconds
[2024-04-26T12:58:09.020+0000] {processor.py:161} INFO - Started process (PID=4340) to work on /home/airflow/.local/lib/python3.12/site-packages/airflow/example_dags/example_task_group.py
[2024-04-26T12:58:09.021+0000] {processor.py:830} INFO - Processing file /home/airflow/.local/lib/python3.12/site-packages/airflow/example_dags/example_task_group.py for tasks to queue
[2024-04-26T12:58:09.022+0000] {logging_mixin.py:188} INFO - [2024-04-26T12:58:09.022+0000] {dagbag.py:540} INFO - Filling up the DagBag from /home/airflow/.local/lib/python3.12/site-packages/airflow/example_dags/example_task_group.py
[2024-04-26T12:58:09.028+0000] {processor.py:840} INFO - DAG(s) 'example_task_group' retrieved from /home/airflow/.local/lib/python3.12/site-packages/airflow/example_dags/example_task_group.py
[2024-04-26T12:58:09.046+0000] {logging_mixin.py:188} INFO - [2024-04-26T12:58:09.046+0000] {dag.py:3096} INFO - Sync 1 DAGs
[2024-04-26T12:58:09.065+0000] {logging_mixin.py:188} INFO - [2024-04-26T12:58:09.065+0000] {dag.py:3954} INFO - Setting next_dagrun for example_task_group to 2024-04-25 00:00:00+00:00, run_after=2024-04-26 00:00:00+00:00
[2024-04-26T12:58:09.081+0000] {processor.py:183} INFO - Processing /home/airflow/.local/lib/python3.12/site-packages/airflow/example_dags/example_task_group.py took 0.066 seconds
