[2024-04-26T12:34:44.469+0000] {processor.py:161} INFO - Started process (PID=56) to work on /home/airflow/.local/lib/python3.12/site-packages/airflow/example_dags/example_latest_only_with_trigger.py
[2024-04-26T12:34:44.470+0000] {processor.py:830} INFO - Processing file /home/airflow/.local/lib/python3.12/site-packages/airflow/example_dags/example_latest_only_with_trigger.py for tasks to queue
[2024-04-26T12:34:44.471+0000] {logging_mixin.py:188} INFO - [2024-04-26T12:34:44.471+0000] {dagbag.py:540} INFO - Filling up the DagBag from /home/airflow/.local/lib/python3.12/site-packages/airflow/example_dags/example_latest_only_with_trigger.py
[2024-04-26T12:34:44.479+0000] {processor.py:840} INFO - DAG(s) 'latest_only_with_trigger' retrieved from /home/airflow/.local/lib/python3.12/site-packages/airflow/example_dags/example_latest_only_with_trigger.py
[2024-04-26T12:34:44.576+0000] {logging_mixin.py:188} INFO - [2024-04-26T12:34:44.575+0000] {override.py:1829} INFO - Created Permission View: can delete on DAG:latest_only_with_trigger
[2024-04-26T12:34:44.584+0000] {logging_mixin.py:188} INFO - [2024-04-26T12:34:44.584+0000] {override.py:1829} INFO - Created Permission View: can edit on DAG:latest_only_with_trigger
[2024-04-26T12:34:44.590+0000] {logging_mixin.py:188} INFO - [2024-04-26T12:34:44.589+0000] {override.py:1829} INFO - Created Permission View: can read on DAG:latest_only_with_trigger
[2024-04-26T12:34:44.590+0000] {logging_mixin.py:188} INFO - [2024-04-26T12:34:44.590+0000] {dag.py:3096} INFO - Sync 1 DAGs
[2024-04-26T12:34:44.600+0000] {logging_mixin.py:188} INFO - [2024-04-26T12:34:44.600+0000] {dag.py:3118} INFO - Creating ORM DAG for latest_only_with_trigger
[2024-04-26T12:34:44.610+0000] {logging_mixin.py:188} INFO - [2024-04-26T12:34:44.610+0000] {dag.py:3954} INFO - Setting next_dagrun for latest_only_with_trigger to 2024-04-26 08:00:00+00:00, run_after=2024-04-26 12:00:00+00:00
[2024-04-26T12:34:44.624+0000] {processor.py:183} INFO - Processing /home/airflow/.local/lib/python3.12/site-packages/airflow/example_dags/example_latest_only_with_trigger.py took 0.160 seconds
[2024-04-26T12:35:15.419+0000] {processor.py:161} INFO - Started process (PID=114) to work on /home/airflow/.local/lib/python3.12/site-packages/airflow/example_dags/example_latest_only_with_trigger.py
[2024-04-26T12:35:15.420+0000] {processor.py:830} INFO - Processing file /home/airflow/.local/lib/python3.12/site-packages/airflow/example_dags/example_latest_only_with_trigger.py for tasks to queue
[2024-04-26T12:35:15.421+0000] {logging_mixin.py:188} INFO - [2024-04-26T12:35:15.421+0000] {dagbag.py:540} INFO - Filling up the DagBag from /home/airflow/.local/lib/python3.12/site-packages/airflow/example_dags/example_latest_only_with_trigger.py
[2024-04-26T12:35:15.426+0000] {processor.py:840} INFO - DAG(s) 'latest_only_with_trigger' retrieved from /home/airflow/.local/lib/python3.12/site-packages/airflow/example_dags/example_latest_only_with_trigger.py
[2024-04-26T12:35:15.444+0000] {logging_mixin.py:188} INFO - [2024-04-26T12:35:15.444+0000] {dag.py:3096} INFO - Sync 1 DAGs
[2024-04-26T12:35:15.461+0000] {logging_mixin.py:188} INFO - [2024-04-26T12:35:15.461+0000] {dag.py:3954} INFO - Setting next_dagrun for latest_only_with_trigger to 2024-04-26 08:00:00+00:00, run_after=2024-04-26 12:00:00+00:00
[2024-04-26T12:35:15.477+0000] {processor.py:183} INFO - Processing /home/airflow/.local/lib/python3.12/site-packages/airflow/example_dags/example_latest_only_with_trigger.py took 0.062 seconds
[2024-04-26T12:35:45.572+0000] {processor.py:161} INFO - Started process (PID=172) to work on /home/airflow/.local/lib/python3.12/site-packages/airflow/example_dags/example_latest_only_with_trigger.py
[2024-04-26T12:35:45.573+0000] {processor.py:830} INFO - Processing file /home/airflow/.local/lib/python3.12/site-packages/airflow/example_dags/example_latest_only_with_trigger.py for tasks to queue
[2024-04-26T12:35:45.574+0000] {logging_mixin.py:188} INFO - [2024-04-26T12:35:45.574+0000] {dagbag.py:540} INFO - Filling up the DagBag from /home/airflow/.local/lib/python3.12/site-packages/airflow/example_dags/example_latest_only_with_trigger.py
[2024-04-26T12:35:45.578+0000] {processor.py:840} INFO - DAG(s) 'latest_only_with_trigger' retrieved from /home/airflow/.local/lib/python3.12/site-packages/airflow/example_dags/example_latest_only_with_trigger.py
[2024-04-26T12:35:45.596+0000] {logging_mixin.py:188} INFO - [2024-04-26T12:35:45.596+0000] {dag.py:3096} INFO - Sync 1 DAGs
[2024-04-26T12:35:45.615+0000] {logging_mixin.py:188} INFO - [2024-04-26T12:35:45.615+0000] {dag.py:3954} INFO - Setting next_dagrun for latest_only_with_trigger to 2024-04-26 08:00:00+00:00, run_after=2024-04-26 12:00:00+00:00
[2024-04-26T12:35:45.631+0000] {processor.py:183} INFO - Processing /home/airflow/.local/lib/python3.12/site-packages/airflow/example_dags/example_latest_only_with_trigger.py took 0.063 seconds
[2024-04-26T12:36:16.460+0000] {processor.py:161} INFO - Started process (PID=230) to work on /home/airflow/.local/lib/python3.12/site-packages/airflow/example_dags/example_latest_only_with_trigger.py
[2024-04-26T12:36:16.460+0000] {processor.py:830} INFO - Processing file /home/airflow/.local/lib/python3.12/site-packages/airflow/example_dags/example_latest_only_with_trigger.py for tasks to queue
[2024-04-26T12:36:16.462+0000] {logging_mixin.py:188} INFO - [2024-04-26T12:36:16.462+0000] {dagbag.py:540} INFO - Filling up the DagBag from /home/airflow/.local/lib/python3.12/site-packages/airflow/example_dags/example_latest_only_with_trigger.py
[2024-04-26T12:36:16.467+0000] {processor.py:840} INFO - DAG(s) 'latest_only_with_trigger' retrieved from /home/airflow/.local/lib/python3.12/site-packages/airflow/example_dags/example_latest_only_with_trigger.py
[2024-04-26T12:36:16.486+0000] {logging_mixin.py:188} INFO - [2024-04-26T12:36:16.486+0000] {dag.py:3096} INFO - Sync 1 DAGs
[2024-04-26T12:36:16.504+0000] {logging_mixin.py:188} INFO - [2024-04-26T12:36:16.504+0000] {dag.py:3954} INFO - Setting next_dagrun for latest_only_with_trigger to 2024-04-26 08:00:00+00:00, run_after=2024-04-26 12:00:00+00:00
[2024-04-26T12:36:16.519+0000] {processor.py:183} INFO - Processing /home/airflow/.local/lib/python3.12/site-packages/airflow/example_dags/example_latest_only_with_trigger.py took 0.065 seconds
[2024-04-26T12:36:46.837+0000] {processor.py:161} INFO - Started process (PID=288) to work on /home/airflow/.local/lib/python3.12/site-packages/airflow/example_dags/example_latest_only_with_trigger.py
[2024-04-26T12:36:46.838+0000] {processor.py:830} INFO - Processing file /home/airflow/.local/lib/python3.12/site-packages/airflow/example_dags/example_latest_only_with_trigger.py for tasks to queue
[2024-04-26T12:36:46.839+0000] {logging_mixin.py:188} INFO - [2024-04-26T12:36:46.839+0000] {dagbag.py:540} INFO - Filling up the DagBag from /home/airflow/.local/lib/python3.12/site-packages/airflow/example_dags/example_latest_only_with_trigger.py
[2024-04-26T12:36:46.844+0000] {processor.py:840} INFO - DAG(s) 'latest_only_with_trigger' retrieved from /home/airflow/.local/lib/python3.12/site-packages/airflow/example_dags/example_latest_only_with_trigger.py
[2024-04-26T12:36:46.860+0000] {logging_mixin.py:188} INFO - [2024-04-26T12:36:46.859+0000] {dag.py:3096} INFO - Sync 1 DAGs
[2024-04-26T12:36:46.878+0000] {logging_mixin.py:188} INFO - [2024-04-26T12:36:46.878+0000] {dag.py:3954} INFO - Setting next_dagrun for latest_only_with_trigger to 2024-04-26 08:00:00+00:00, run_after=2024-04-26 12:00:00+00:00
[2024-04-26T12:36:46.893+0000] {processor.py:183} INFO - Processing /home/airflow/.local/lib/python3.12/site-packages/airflow/example_dags/example_latest_only_with_trigger.py took 0.060 seconds
[2024-04-26T12:37:17.235+0000] {processor.py:161} INFO - Started process (PID=346) to work on /home/airflow/.local/lib/python3.12/site-packages/airflow/example_dags/example_latest_only_with_trigger.py
[2024-04-26T12:37:17.236+0000] {processor.py:830} INFO - Processing file /home/airflow/.local/lib/python3.12/site-packages/airflow/example_dags/example_latest_only_with_trigger.py for tasks to queue
[2024-04-26T12:37:17.237+0000] {logging_mixin.py:188} INFO - [2024-04-26T12:37:17.237+0000] {dagbag.py:540} INFO - Filling up the DagBag from /home/airflow/.local/lib/python3.12/site-packages/airflow/example_dags/example_latest_only_with_trigger.py
[2024-04-26T12:37:17.242+0000] {processor.py:840} INFO - DAG(s) 'latest_only_with_trigger' retrieved from /home/airflow/.local/lib/python3.12/site-packages/airflow/example_dags/example_latest_only_with_trigger.py
[2024-04-26T12:37:17.257+0000] {logging_mixin.py:188} INFO - [2024-04-26T12:37:17.257+0000] {dag.py:3096} INFO - Sync 1 DAGs
[2024-04-26T12:37:17.276+0000] {logging_mixin.py:188} INFO - [2024-04-26T12:37:17.276+0000] {dag.py:3954} INFO - Setting next_dagrun for latest_only_with_trigger to 2024-04-26 08:00:00+00:00, run_after=2024-04-26 12:00:00+00:00
[2024-04-26T12:37:17.291+0000] {processor.py:183} INFO - Processing /home/airflow/.local/lib/python3.12/site-packages/airflow/example_dags/example_latest_only_with_trigger.py took 0.060 seconds
[2024-04-26T12:37:47.640+0000] {processor.py:161} INFO - Started process (PID=404) to work on /home/airflow/.local/lib/python3.12/site-packages/airflow/example_dags/example_latest_only_with_trigger.py
[2024-04-26T12:37:47.641+0000] {processor.py:830} INFO - Processing file /home/airflow/.local/lib/python3.12/site-packages/airflow/example_dags/example_latest_only_with_trigger.py for tasks to queue
[2024-04-26T12:37:47.642+0000] {logging_mixin.py:188} INFO - [2024-04-26T12:37:47.642+0000] {dagbag.py:540} INFO - Filling up the DagBag from /home/airflow/.local/lib/python3.12/site-packages/airflow/example_dags/example_latest_only_with_trigger.py
[2024-04-26T12:37:47.647+0000] {processor.py:840} INFO - DAG(s) 'latest_only_with_trigger' retrieved from /home/airflow/.local/lib/python3.12/site-packages/airflow/example_dags/example_latest_only_with_trigger.py
[2024-04-26T12:37:47.664+0000] {logging_mixin.py:188} INFO - [2024-04-26T12:37:47.664+0000] {dag.py:3096} INFO - Sync 1 DAGs
[2024-04-26T12:37:47.682+0000] {logging_mixin.py:188} INFO - [2024-04-26T12:37:47.682+0000] {dag.py:3954} INFO - Setting next_dagrun for latest_only_with_trigger to 2024-04-26 08:00:00+00:00, run_after=2024-04-26 12:00:00+00:00
[2024-04-26T12:37:47.698+0000] {processor.py:183} INFO - Processing /home/airflow/.local/lib/python3.12/site-packages/airflow/example_dags/example_latest_only_with_trigger.py took 0.063 seconds
[2024-04-26T12:38:18.080+0000] {processor.py:161} INFO - Started process (PID=462) to work on /home/airflow/.local/lib/python3.12/site-packages/airflow/example_dags/example_latest_only_with_trigger.py
[2024-04-26T12:38:18.081+0000] {processor.py:830} INFO - Processing file /home/airflow/.local/lib/python3.12/site-packages/airflow/example_dags/example_latest_only_with_trigger.py for tasks to queue
[2024-04-26T12:38:18.082+0000] {logging_mixin.py:188} INFO - [2024-04-26T12:38:18.082+0000] {dagbag.py:540} INFO - Filling up the DagBag from /home/airflow/.local/lib/python3.12/site-packages/airflow/example_dags/example_latest_only_with_trigger.py
[2024-04-26T12:38:18.086+0000] {processor.py:840} INFO - DAG(s) 'latest_only_with_trigger' retrieved from /home/airflow/.local/lib/python3.12/site-packages/airflow/example_dags/example_latest_only_with_trigger.py
[2024-04-26T12:38:18.101+0000] {logging_mixin.py:188} INFO - [2024-04-26T12:38:18.101+0000] {dag.py:3096} INFO - Sync 1 DAGs
[2024-04-26T12:38:18.118+0000] {logging_mixin.py:188} INFO - [2024-04-26T12:38:18.118+0000] {dag.py:3954} INFO - Setting next_dagrun for latest_only_with_trigger to 2024-04-26 08:00:00+00:00, run_after=2024-04-26 12:00:00+00:00
[2024-04-26T12:38:18.135+0000] {processor.py:183} INFO - Processing /home/airflow/.local/lib/python3.12/site-packages/airflow/example_dags/example_latest_only_with_trigger.py took 0.059 seconds
[2024-04-26T12:38:48.459+0000] {processor.py:161} INFO - Started process (PID=520) to work on /home/airflow/.local/lib/python3.12/site-packages/airflow/example_dags/example_latest_only_with_trigger.py
[2024-04-26T12:38:48.460+0000] {processor.py:830} INFO - Processing file /home/airflow/.local/lib/python3.12/site-packages/airflow/example_dags/example_latest_only_with_trigger.py for tasks to queue
[2024-04-26T12:38:48.461+0000] {logging_mixin.py:188} INFO - [2024-04-26T12:38:48.461+0000] {dagbag.py:540} INFO - Filling up the DagBag from /home/airflow/.local/lib/python3.12/site-packages/airflow/example_dags/example_latest_only_with_trigger.py
[2024-04-26T12:38:48.466+0000] {processor.py:840} INFO - DAG(s) 'latest_only_with_trigger' retrieved from /home/airflow/.local/lib/python3.12/site-packages/airflow/example_dags/example_latest_only_with_trigger.py
[2024-04-26T12:38:48.481+0000] {logging_mixin.py:188} INFO - [2024-04-26T12:38:48.481+0000] {dag.py:3096} INFO - Sync 1 DAGs
[2024-04-26T12:38:48.499+0000] {logging_mixin.py:188} INFO - [2024-04-26T12:38:48.498+0000] {dag.py:3954} INFO - Setting next_dagrun for latest_only_with_trigger to 2024-04-26 08:00:00+00:00, run_after=2024-04-26 12:00:00+00:00
[2024-04-26T12:38:48.514+0000] {processor.py:183} INFO - Processing /home/airflow/.local/lib/python3.12/site-packages/airflow/example_dags/example_latest_only_with_trigger.py took 0.060 seconds
[2024-04-26T12:39:18.892+0000] {processor.py:161} INFO - Started process (PID=578) to work on /home/airflow/.local/lib/python3.12/site-packages/airflow/example_dags/example_latest_only_with_trigger.py
[2024-04-26T12:39:18.893+0000] {processor.py:830} INFO - Processing file /home/airflow/.local/lib/python3.12/site-packages/airflow/example_dags/example_latest_only_with_trigger.py for tasks to queue
[2024-04-26T12:39:18.895+0000] {logging_mixin.py:188} INFO - [2024-04-26T12:39:18.895+0000] {dagbag.py:540} INFO - Filling up the DagBag from /home/airflow/.local/lib/python3.12/site-packages/airflow/example_dags/example_latest_only_with_trigger.py
[2024-04-26T12:39:18.899+0000] {processor.py:840} INFO - DAG(s) 'latest_only_with_trigger' retrieved from /home/airflow/.local/lib/python3.12/site-packages/airflow/example_dags/example_latest_only_with_trigger.py
[2024-04-26T12:39:18.915+0000] {logging_mixin.py:188} INFO - [2024-04-26T12:39:18.915+0000] {dag.py:3096} INFO - Sync 1 DAGs
[2024-04-26T12:39:18.933+0000] {logging_mixin.py:188} INFO - [2024-04-26T12:39:18.933+0000] {dag.py:3954} INFO - Setting next_dagrun for latest_only_with_trigger to 2024-04-26 08:00:00+00:00, run_after=2024-04-26 12:00:00+00:00
[2024-04-26T12:39:18.948+0000] {processor.py:183} INFO - Processing /home/airflow/.local/lib/python3.12/site-packages/airflow/example_dags/example_latest_only_with_trigger.py took 0.060 seconds
[2024-04-26T12:39:49.394+0000] {processor.py:161} INFO - Started process (PID=636) to work on /home/airflow/.local/lib/python3.12/site-packages/airflow/example_dags/example_latest_only_with_trigger.py
[2024-04-26T12:39:49.395+0000] {processor.py:830} INFO - Processing file /home/airflow/.local/lib/python3.12/site-packages/airflow/example_dags/example_latest_only_with_trigger.py for tasks to queue
[2024-04-26T12:39:49.396+0000] {logging_mixin.py:188} INFO - [2024-04-26T12:39:49.396+0000] {dagbag.py:540} INFO - Filling up the DagBag from /home/airflow/.local/lib/python3.12/site-packages/airflow/example_dags/example_latest_only_with_trigger.py
[2024-04-26T12:39:49.400+0000] {processor.py:840} INFO - DAG(s) 'latest_only_with_trigger' retrieved from /home/airflow/.local/lib/python3.12/site-packages/airflow/example_dags/example_latest_only_with_trigger.py
[2024-04-26T12:39:49.416+0000] {logging_mixin.py:188} INFO - [2024-04-26T12:39:49.416+0000] {dag.py:3096} INFO - Sync 1 DAGs
[2024-04-26T12:39:49.434+0000] {logging_mixin.py:188} INFO - [2024-04-26T12:39:49.434+0000] {dag.py:3954} INFO - Setting next_dagrun for latest_only_with_trigger to 2024-04-26 08:00:00+00:00, run_after=2024-04-26 12:00:00+00:00
[2024-04-26T12:39:49.450+0000] {processor.py:183} INFO - Processing /home/airflow/.local/lib/python3.12/site-packages/airflow/example_dags/example_latest_only_with_trigger.py took 0.060 seconds
[2024-04-26T12:40:19.783+0000] {processor.py:161} INFO - Started process (PID=694) to work on /home/airflow/.local/lib/python3.12/site-packages/airflow/example_dags/example_latest_only_with_trigger.py
[2024-04-26T12:40:19.784+0000] {processor.py:830} INFO - Processing file /home/airflow/.local/lib/python3.12/site-packages/airflow/example_dags/example_latest_only_with_trigger.py for tasks to queue
[2024-04-26T12:40:19.785+0000] {logging_mixin.py:188} INFO - [2024-04-26T12:40:19.785+0000] {dagbag.py:540} INFO - Filling up the DagBag from /home/airflow/.local/lib/python3.12/site-packages/airflow/example_dags/example_latest_only_with_trigger.py
[2024-04-26T12:40:19.790+0000] {processor.py:840} INFO - DAG(s) 'latest_only_with_trigger' retrieved from /home/airflow/.local/lib/python3.12/site-packages/airflow/example_dags/example_latest_only_with_trigger.py
[2024-04-26T12:40:19.808+0000] {logging_mixin.py:188} INFO - [2024-04-26T12:40:19.808+0000] {dag.py:3096} INFO - Sync 1 DAGs
[2024-04-26T12:40:19.828+0000] {logging_mixin.py:188} INFO - [2024-04-26T12:40:19.827+0000] {dag.py:3954} INFO - Setting next_dagrun for latest_only_with_trigger to 2024-04-26 08:00:00+00:00, run_after=2024-04-26 12:00:00+00:00
[2024-04-26T12:40:19.843+0000] {processor.py:183} INFO - Processing /home/airflow/.local/lib/python3.12/site-packages/airflow/example_dags/example_latest_only_with_trigger.py took 0.065 seconds
[2024-04-26T12:40:50.351+0000] {processor.py:161} INFO - Started process (PID=752) to work on /home/airflow/.local/lib/python3.12/site-packages/airflow/example_dags/example_latest_only_with_trigger.py
[2024-04-26T12:40:50.351+0000] {processor.py:830} INFO - Processing file /home/airflow/.local/lib/python3.12/site-packages/airflow/example_dags/example_latest_only_with_trigger.py for tasks to queue
[2024-04-26T12:40:50.353+0000] {logging_mixin.py:188} INFO - [2024-04-26T12:40:50.353+0000] {dagbag.py:540} INFO - Filling up the DagBag from /home/airflow/.local/lib/python3.12/site-packages/airflow/example_dags/example_latest_only_with_trigger.py
[2024-04-26T12:40:50.358+0000] {processor.py:840} INFO - DAG(s) 'latest_only_with_trigger' retrieved from /home/airflow/.local/lib/python3.12/site-packages/airflow/example_dags/example_latest_only_with_trigger.py
[2024-04-26T12:40:50.374+0000] {logging_mixin.py:188} INFO - [2024-04-26T12:40:50.373+0000] {dag.py:3096} INFO - Sync 1 DAGs
[2024-04-26T12:40:50.392+0000] {logging_mixin.py:188} INFO - [2024-04-26T12:40:50.392+0000] {dag.py:3954} INFO - Setting next_dagrun for latest_only_with_trigger to 2024-04-26 08:00:00+00:00, run_after=2024-04-26 12:00:00+00:00
[2024-04-26T12:40:50.407+0000] {processor.py:183} INFO - Processing /home/airflow/.local/lib/python3.12/site-packages/airflow/example_dags/example_latest_only_with_trigger.py took 0.062 seconds
[2024-04-26T12:41:21.297+0000] {processor.py:161} INFO - Started process (PID=810) to work on /home/airflow/.local/lib/python3.12/site-packages/airflow/example_dags/example_latest_only_with_trigger.py
[2024-04-26T12:41:21.298+0000] {processor.py:830} INFO - Processing file /home/airflow/.local/lib/python3.12/site-packages/airflow/example_dags/example_latest_only_with_trigger.py for tasks to queue
[2024-04-26T12:41:21.300+0000] {logging_mixin.py:188} INFO - [2024-04-26T12:41:21.299+0000] {dagbag.py:540} INFO - Filling up the DagBag from /home/airflow/.local/lib/python3.12/site-packages/airflow/example_dags/example_latest_only_with_trigger.py
[2024-04-26T12:41:21.304+0000] {processor.py:840} INFO - DAG(s) 'latest_only_with_trigger' retrieved from /home/airflow/.local/lib/python3.12/site-packages/airflow/example_dags/example_latest_only_with_trigger.py
[2024-04-26T12:41:21.320+0000] {logging_mixin.py:188} INFO - [2024-04-26T12:41:21.320+0000] {dag.py:3096} INFO - Sync 1 DAGs
[2024-04-26T12:41:21.338+0000] {logging_mixin.py:188} INFO - [2024-04-26T12:41:21.338+0000] {dag.py:3954} INFO - Setting next_dagrun for latest_only_with_trigger to 2024-04-26 08:00:00+00:00, run_after=2024-04-26 12:00:00+00:00
[2024-04-26T12:41:21.354+0000] {processor.py:183} INFO - Processing /home/airflow/.local/lib/python3.12/site-packages/airflow/example_dags/example_latest_only_with_trigger.py took 0.061 seconds
[2024-04-26T12:41:52.041+0000] {processor.py:161} INFO - Started process (PID=868) to work on /home/airflow/.local/lib/python3.12/site-packages/airflow/example_dags/example_latest_only_with_trigger.py
[2024-04-26T12:41:52.042+0000] {processor.py:830} INFO - Processing file /home/airflow/.local/lib/python3.12/site-packages/airflow/example_dags/example_latest_only_with_trigger.py for tasks to queue
[2024-04-26T12:41:52.044+0000] {logging_mixin.py:188} INFO - [2024-04-26T12:41:52.043+0000] {dagbag.py:540} INFO - Filling up the DagBag from /home/airflow/.local/lib/python3.12/site-packages/airflow/example_dags/example_latest_only_with_trigger.py
[2024-04-26T12:41:52.048+0000] {processor.py:840} INFO - DAG(s) 'latest_only_with_trigger' retrieved from /home/airflow/.local/lib/python3.12/site-packages/airflow/example_dags/example_latest_only_with_trigger.py
[2024-04-26T12:41:52.066+0000] {logging_mixin.py:188} INFO - [2024-04-26T12:41:52.066+0000] {dag.py:3096} INFO - Sync 1 DAGs
[2024-04-26T12:41:52.084+0000] {logging_mixin.py:188} INFO - [2024-04-26T12:41:52.083+0000] {dag.py:3954} INFO - Setting next_dagrun for latest_only_with_trigger to 2024-04-26 08:00:00+00:00, run_after=2024-04-26 12:00:00+00:00
[2024-04-26T12:41:52.199+0000] {processor.py:183} INFO - Processing /home/airflow/.local/lib/python3.12/site-packages/airflow/example_dags/example_latest_only_with_trigger.py took 0.163 seconds
[2024-04-26T12:42:23.104+0000] {processor.py:161} INFO - Started process (PID=926) to work on /home/airflow/.local/lib/python3.12/site-packages/airflow/example_dags/example_latest_only_with_trigger.py
[2024-04-26T12:42:23.105+0000] {processor.py:830} INFO - Processing file /home/airflow/.local/lib/python3.12/site-packages/airflow/example_dags/example_latest_only_with_trigger.py for tasks to queue
[2024-04-26T12:42:23.106+0000] {logging_mixin.py:188} INFO - [2024-04-26T12:42:23.106+0000] {dagbag.py:540} INFO - Filling up the DagBag from /home/airflow/.local/lib/python3.12/site-packages/airflow/example_dags/example_latest_only_with_trigger.py
[2024-04-26T12:42:23.110+0000] {processor.py:840} INFO - DAG(s) 'latest_only_with_trigger' retrieved from /home/airflow/.local/lib/python3.12/site-packages/airflow/example_dags/example_latest_only_with_trigger.py
[2024-04-26T12:42:23.127+0000] {logging_mixin.py:188} INFO - [2024-04-26T12:42:23.127+0000] {dag.py:3096} INFO - Sync 1 DAGs
[2024-04-26T12:42:23.144+0000] {logging_mixin.py:188} INFO - [2024-04-26T12:42:23.143+0000] {dag.py:3954} INFO - Setting next_dagrun for latest_only_with_trigger to 2024-04-26 08:00:00+00:00, run_after=2024-04-26 12:00:00+00:00
[2024-04-26T12:42:23.157+0000] {processor.py:183} INFO - Processing /home/airflow/.local/lib/python3.12/site-packages/airflow/example_dags/example_latest_only_with_trigger.py took 0.058 seconds
[2024-04-26T12:42:53.742+0000] {processor.py:161} INFO - Started process (PID=984) to work on /home/airflow/.local/lib/python3.12/site-packages/airflow/example_dags/example_latest_only_with_trigger.py
[2024-04-26T12:42:53.743+0000] {processor.py:830} INFO - Processing file /home/airflow/.local/lib/python3.12/site-packages/airflow/example_dags/example_latest_only_with_trigger.py for tasks to queue
[2024-04-26T12:42:53.745+0000] {logging_mixin.py:188} INFO - [2024-04-26T12:42:53.744+0000] {dagbag.py:540} INFO - Filling up the DagBag from /home/airflow/.local/lib/python3.12/site-packages/airflow/example_dags/example_latest_only_with_trigger.py
[2024-04-26T12:42:53.749+0000] {processor.py:840} INFO - DAG(s) 'latest_only_with_trigger' retrieved from /home/airflow/.local/lib/python3.12/site-packages/airflow/example_dags/example_latest_only_with_trigger.py
[2024-04-26T12:42:53.766+0000] {logging_mixin.py:188} INFO - [2024-04-26T12:42:53.766+0000] {dag.py:3096} INFO - Sync 1 DAGs
[2024-04-26T12:42:53.786+0000] {logging_mixin.py:188} INFO - [2024-04-26T12:42:53.786+0000] {dag.py:3954} INFO - Setting next_dagrun for latest_only_with_trigger to 2024-04-26 08:00:00+00:00, run_after=2024-04-26 12:00:00+00:00
[2024-04-26T12:42:53.802+0000] {processor.py:183} INFO - Processing /home/airflow/.local/lib/python3.12/site-packages/airflow/example_dags/example_latest_only_with_trigger.py took 0.066 seconds
[2024-04-26T12:43:24.321+0000] {processor.py:161} INFO - Started process (PID=1042) to work on /home/airflow/.local/lib/python3.12/site-packages/airflow/example_dags/example_latest_only_with_trigger.py
[2024-04-26T12:43:24.322+0000] {processor.py:830} INFO - Processing file /home/airflow/.local/lib/python3.12/site-packages/airflow/example_dags/example_latest_only_with_trigger.py for tasks to queue
[2024-04-26T12:43:24.323+0000] {logging_mixin.py:188} INFO - [2024-04-26T12:43:24.323+0000] {dagbag.py:540} INFO - Filling up the DagBag from /home/airflow/.local/lib/python3.12/site-packages/airflow/example_dags/example_latest_only_with_trigger.py
[2024-04-26T12:43:24.328+0000] {processor.py:840} INFO - DAG(s) 'latest_only_with_trigger' retrieved from /home/airflow/.local/lib/python3.12/site-packages/airflow/example_dags/example_latest_only_with_trigger.py
[2024-04-26T12:43:24.443+0000] {logging_mixin.py:188} INFO - [2024-04-26T12:43:24.443+0000] {dag.py:3096} INFO - Sync 1 DAGs
[2024-04-26T12:43:24.457+0000] {logging_mixin.py:188} INFO - [2024-04-26T12:43:24.457+0000] {dag.py:3954} INFO - Setting next_dagrun for latest_only_with_trigger to 2024-04-26 08:00:00+00:00, run_after=2024-04-26 12:00:00+00:00
[2024-04-26T12:43:24.472+0000] {processor.py:183} INFO - Processing /home/airflow/.local/lib/python3.12/site-packages/airflow/example_dags/example_latest_only_with_trigger.py took 0.155 seconds
[2024-04-26T12:43:54.897+0000] {processor.py:161} INFO - Started process (PID=1100) to work on /home/airflow/.local/lib/python3.12/site-packages/airflow/example_dags/example_latest_only_with_trigger.py
[2024-04-26T12:43:54.898+0000] {processor.py:830} INFO - Processing file /home/airflow/.local/lib/python3.12/site-packages/airflow/example_dags/example_latest_only_with_trigger.py for tasks to queue
[2024-04-26T12:43:54.900+0000] {logging_mixin.py:188} INFO - [2024-04-26T12:43:54.900+0000] {dagbag.py:540} INFO - Filling up the DagBag from /home/airflow/.local/lib/python3.12/site-packages/airflow/example_dags/example_latest_only_with_trigger.py
[2024-04-26T12:43:54.904+0000] {processor.py:840} INFO - DAG(s) 'latest_only_with_trigger' retrieved from /home/airflow/.local/lib/python3.12/site-packages/airflow/example_dags/example_latest_only_with_trigger.py
[2024-04-26T12:43:54.919+0000] {logging_mixin.py:188} INFO - [2024-04-26T12:43:54.919+0000] {dag.py:3096} INFO - Sync 1 DAGs
[2024-04-26T12:43:54.936+0000] {logging_mixin.py:188} INFO - [2024-04-26T12:43:54.936+0000] {dag.py:3954} INFO - Setting next_dagrun for latest_only_with_trigger to 2024-04-26 08:00:00+00:00, run_after=2024-04-26 12:00:00+00:00
[2024-04-26T12:43:55.048+0000] {processor.py:183} INFO - Processing /home/airflow/.local/lib/python3.12/site-packages/airflow/example_dags/example_latest_only_with_trigger.py took 0.155 seconds
[2024-04-26T12:44:25.224+0000] {processor.py:161} INFO - Started process (PID=1158) to work on /home/airflow/.local/lib/python3.12/site-packages/airflow/example_dags/example_latest_only_with_trigger.py
[2024-04-26T12:44:25.224+0000] {processor.py:830} INFO - Processing file /home/airflow/.local/lib/python3.12/site-packages/airflow/example_dags/example_latest_only_with_trigger.py for tasks to queue
[2024-04-26T12:44:25.226+0000] {logging_mixin.py:188} INFO - [2024-04-26T12:44:25.226+0000] {dagbag.py:540} INFO - Filling up the DagBag from /home/airflow/.local/lib/python3.12/site-packages/airflow/example_dags/example_latest_only_with_trigger.py
[2024-04-26T12:44:25.230+0000] {processor.py:840} INFO - DAG(s) 'latest_only_with_trigger' retrieved from /home/airflow/.local/lib/python3.12/site-packages/airflow/example_dags/example_latest_only_with_trigger.py
[2024-04-26T12:44:25.247+0000] {logging_mixin.py:188} INFO - [2024-04-26T12:44:25.247+0000] {dag.py:3096} INFO - Sync 1 DAGs
[2024-04-26T12:44:25.265+0000] {logging_mixin.py:188} INFO - [2024-04-26T12:44:25.264+0000] {dag.py:3954} INFO - Setting next_dagrun for latest_only_with_trigger to 2024-04-26 08:00:00+00:00, run_after=2024-04-26 12:00:00+00:00
[2024-04-26T12:44:25.280+0000] {processor.py:183} INFO - Processing /home/airflow/.local/lib/python3.12/site-packages/airflow/example_dags/example_latest_only_with_trigger.py took 0.062 seconds
[2024-04-26T12:44:55.781+0000] {processor.py:161} INFO - Started process (PID=1218) to work on /home/airflow/.local/lib/python3.12/site-packages/airflow/example_dags/example_latest_only_with_trigger.py
[2024-04-26T12:44:55.782+0000] {processor.py:830} INFO - Processing file /home/airflow/.local/lib/python3.12/site-packages/airflow/example_dags/example_latest_only_with_trigger.py for tasks to queue
[2024-04-26T12:44:55.784+0000] {logging_mixin.py:188} INFO - [2024-04-26T12:44:55.783+0000] {dagbag.py:540} INFO - Filling up the DagBag from /home/airflow/.local/lib/python3.12/site-packages/airflow/example_dags/example_latest_only_with_trigger.py
[2024-04-26T12:44:55.788+0000] {processor.py:840} INFO - DAG(s) 'latest_only_with_trigger' retrieved from /home/airflow/.local/lib/python3.12/site-packages/airflow/example_dags/example_latest_only_with_trigger.py
[2024-04-26T12:44:55.804+0000] {logging_mixin.py:188} INFO - [2024-04-26T12:44:55.804+0000] {dag.py:3096} INFO - Sync 1 DAGs
[2024-04-26T12:44:55.821+0000] {logging_mixin.py:188} INFO - [2024-04-26T12:44:55.821+0000] {dag.py:3954} INFO - Setting next_dagrun for latest_only_with_trigger to 2024-04-26 08:00:00+00:00, run_after=2024-04-26 12:00:00+00:00
[2024-04-26T12:44:55.836+0000] {processor.py:183} INFO - Processing /home/airflow/.local/lib/python3.12/site-packages/airflow/example_dags/example_latest_only_with_trigger.py took 0.060 seconds
[2024-04-26T12:45:26.292+0000] {processor.py:161} INFO - Started process (PID=1278) to work on /home/airflow/.local/lib/python3.12/site-packages/airflow/example_dags/example_latest_only_with_trigger.py
[2024-04-26T12:45:26.293+0000] {processor.py:830} INFO - Processing file /home/airflow/.local/lib/python3.12/site-packages/airflow/example_dags/example_latest_only_with_trigger.py for tasks to queue
[2024-04-26T12:45:26.295+0000] {logging_mixin.py:188} INFO - [2024-04-26T12:45:26.295+0000] {dagbag.py:540} INFO - Filling up the DagBag from /home/airflow/.local/lib/python3.12/site-packages/airflow/example_dags/example_latest_only_with_trigger.py
[2024-04-26T12:45:26.299+0000] {processor.py:840} INFO - DAG(s) 'latest_only_with_trigger' retrieved from /home/airflow/.local/lib/python3.12/site-packages/airflow/example_dags/example_latest_only_with_trigger.py
[2024-04-26T12:45:26.315+0000] {logging_mixin.py:188} INFO - [2024-04-26T12:45:26.315+0000] {dag.py:3096} INFO - Sync 1 DAGs
[2024-04-26T12:45:26.333+0000] {logging_mixin.py:188} INFO - [2024-04-26T12:45:26.333+0000] {dag.py:3954} INFO - Setting next_dagrun for latest_only_with_trigger to 2024-04-26 08:00:00+00:00, run_after=2024-04-26 12:00:00+00:00
[2024-04-26T12:45:26.348+0000] {processor.py:183} INFO - Processing /home/airflow/.local/lib/python3.12/site-packages/airflow/example_dags/example_latest_only_with_trigger.py took 0.060 seconds
[2024-04-26T12:45:56.819+0000] {processor.py:161} INFO - Started process (PID=1340) to work on /home/airflow/.local/lib/python3.12/site-packages/airflow/example_dags/example_latest_only_with_trigger.py
[2024-04-26T12:45:56.820+0000] {processor.py:830} INFO - Processing file /home/airflow/.local/lib/python3.12/site-packages/airflow/example_dags/example_latest_only_with_trigger.py for tasks to queue
[2024-04-26T12:45:56.821+0000] {logging_mixin.py:188} INFO - [2024-04-26T12:45:56.821+0000] {dagbag.py:540} INFO - Filling up the DagBag from /home/airflow/.local/lib/python3.12/site-packages/airflow/example_dags/example_latest_only_with_trigger.py
[2024-04-26T12:45:56.825+0000] {processor.py:840} INFO - DAG(s) 'latest_only_with_trigger' retrieved from /home/airflow/.local/lib/python3.12/site-packages/airflow/example_dags/example_latest_only_with_trigger.py
[2024-04-26T12:45:56.842+0000] {logging_mixin.py:188} INFO - [2024-04-26T12:45:56.842+0000] {dag.py:3096} INFO - Sync 1 DAGs
[2024-04-26T12:45:56.859+0000] {logging_mixin.py:188} INFO - [2024-04-26T12:45:56.859+0000] {dag.py:3954} INFO - Setting next_dagrun for latest_only_with_trigger to 2024-04-26 08:00:00+00:00, run_after=2024-04-26 12:00:00+00:00
[2024-04-26T12:45:56.874+0000] {processor.py:183} INFO - Processing /home/airflow/.local/lib/python3.12/site-packages/airflow/example_dags/example_latest_only_with_trigger.py took 0.059 seconds
[2024-04-26T12:46:27.568+0000] {processor.py:161} INFO - Started process (PID=1402) to work on /home/airflow/.local/lib/python3.12/site-packages/airflow/example_dags/example_latest_only_with_trigger.py
[2024-04-26T12:46:27.569+0000] {processor.py:830} INFO - Processing file /home/airflow/.local/lib/python3.12/site-packages/airflow/example_dags/example_latest_only_with_trigger.py for tasks to queue
[2024-04-26T12:46:27.571+0000] {logging_mixin.py:188} INFO - [2024-04-26T12:46:27.570+0000] {dagbag.py:540} INFO - Filling up the DagBag from /home/airflow/.local/lib/python3.12/site-packages/airflow/example_dags/example_latest_only_with_trigger.py
[2024-04-26T12:46:27.575+0000] {processor.py:840} INFO - DAG(s) 'latest_only_with_trigger' retrieved from /home/airflow/.local/lib/python3.12/site-packages/airflow/example_dags/example_latest_only_with_trigger.py
[2024-04-26T12:46:27.594+0000] {logging_mixin.py:188} INFO - [2024-04-26T12:46:27.594+0000] {dag.py:3096} INFO - Sync 1 DAGs
[2024-04-26T12:46:27.614+0000] {logging_mixin.py:188} INFO - [2024-04-26T12:46:27.613+0000] {dag.py:3954} INFO - Setting next_dagrun for latest_only_with_trigger to 2024-04-26 08:00:00+00:00, run_after=2024-04-26 12:00:00+00:00
[2024-04-26T12:46:27.632+0000] {processor.py:183} INFO - Processing /home/airflow/.local/lib/python3.12/site-packages/airflow/example_dags/example_latest_only_with_trigger.py took 0.068 seconds
[2024-04-26T12:46:58.057+0000] {processor.py:161} INFO - Started process (PID=1462) to work on /home/airflow/.local/lib/python3.12/site-packages/airflow/example_dags/example_latest_only_with_trigger.py
[2024-04-26T12:46:58.058+0000] {processor.py:830} INFO - Processing file /home/airflow/.local/lib/python3.12/site-packages/airflow/example_dags/example_latest_only_with_trigger.py for tasks to queue
[2024-04-26T12:46:58.059+0000] {logging_mixin.py:188} INFO - [2024-04-26T12:46:58.059+0000] {dagbag.py:540} INFO - Filling up the DagBag from /home/airflow/.local/lib/python3.12/site-packages/airflow/example_dags/example_latest_only_with_trigger.py
[2024-04-26T12:46:58.063+0000] {processor.py:840} INFO - DAG(s) 'latest_only_with_trigger' retrieved from /home/airflow/.local/lib/python3.12/site-packages/airflow/example_dags/example_latest_only_with_trigger.py
[2024-04-26T12:46:58.081+0000] {logging_mixin.py:188} INFO - [2024-04-26T12:46:58.080+0000] {dag.py:3096} INFO - Sync 1 DAGs
[2024-04-26T12:46:58.097+0000] {logging_mixin.py:188} INFO - [2024-04-26T12:46:58.097+0000] {dag.py:3954} INFO - Setting next_dagrun for latest_only_with_trigger to 2024-04-26 08:00:00+00:00, run_after=2024-04-26 12:00:00+00:00
[2024-04-26T12:46:58.113+0000] {processor.py:183} INFO - Processing /home/airflow/.local/lib/python3.12/site-packages/airflow/example_dags/example_latest_only_with_trigger.py took 0.061 seconds
[2024-04-26T12:47:28.417+0000] {processor.py:161} INFO - Started process (PID=1522) to work on /home/airflow/.local/lib/python3.12/site-packages/airflow/example_dags/example_latest_only_with_trigger.py
[2024-04-26T12:47:28.417+0000] {processor.py:830} INFO - Processing file /home/airflow/.local/lib/python3.12/site-packages/airflow/example_dags/example_latest_only_with_trigger.py for tasks to queue
[2024-04-26T12:47:28.419+0000] {logging_mixin.py:188} INFO - [2024-04-26T12:47:28.419+0000] {dagbag.py:540} INFO - Filling up the DagBag from /home/airflow/.local/lib/python3.12/site-packages/airflow/example_dags/example_latest_only_with_trigger.py
[2024-04-26T12:47:28.423+0000] {processor.py:840} INFO - DAG(s) 'latest_only_with_trigger' retrieved from /home/airflow/.local/lib/python3.12/site-packages/airflow/example_dags/example_latest_only_with_trigger.py
[2024-04-26T12:47:28.440+0000] {logging_mixin.py:188} INFO - [2024-04-26T12:47:28.439+0000] {dag.py:3096} INFO - Sync 1 DAGs
[2024-04-26T12:47:28.455+0000] {logging_mixin.py:188} INFO - [2024-04-26T12:47:28.455+0000] {dag.py:3954} INFO - Setting next_dagrun for latest_only_with_trigger to 2024-04-26 08:00:00+00:00, run_after=2024-04-26 12:00:00+00:00
[2024-04-26T12:47:28.470+0000] {processor.py:183} INFO - Processing /home/airflow/.local/lib/python3.12/site-packages/airflow/example_dags/example_latest_only_with_trigger.py took 0.058 seconds
[2024-04-26T12:47:58.808+0000] {processor.py:161} INFO - Started process (PID=1582) to work on /home/airflow/.local/lib/python3.12/site-packages/airflow/example_dags/example_latest_only_with_trigger.py
[2024-04-26T12:47:58.809+0000] {processor.py:830} INFO - Processing file /home/airflow/.local/lib/python3.12/site-packages/airflow/example_dags/example_latest_only_with_trigger.py for tasks to queue
[2024-04-26T12:47:58.811+0000] {logging_mixin.py:188} INFO - [2024-04-26T12:47:58.810+0000] {dagbag.py:540} INFO - Filling up the DagBag from /home/airflow/.local/lib/python3.12/site-packages/airflow/example_dags/example_latest_only_with_trigger.py
[2024-04-26T12:47:58.815+0000] {processor.py:840} INFO - DAG(s) 'latest_only_with_trigger' retrieved from /home/airflow/.local/lib/python3.12/site-packages/airflow/example_dags/example_latest_only_with_trigger.py
[2024-04-26T12:47:58.832+0000] {logging_mixin.py:188} INFO - [2024-04-26T12:47:58.832+0000] {dag.py:3096} INFO - Sync 1 DAGs
[2024-04-26T12:47:58.848+0000] {logging_mixin.py:188} INFO - [2024-04-26T12:47:58.848+0000] {dag.py:3954} INFO - Setting next_dagrun for latest_only_with_trigger to 2024-04-26 08:00:00+00:00, run_after=2024-04-26 12:00:00+00:00
[2024-04-26T12:47:58.863+0000] {processor.py:183} INFO - Processing /home/airflow/.local/lib/python3.12/site-packages/airflow/example_dags/example_latest_only_with_trigger.py took 0.059 seconds
[2024-04-26T12:48:29.176+0000] {processor.py:161} INFO - Started process (PID=1642) to work on /home/airflow/.local/lib/python3.12/site-packages/airflow/example_dags/example_latest_only_with_trigger.py
[2024-04-26T12:48:29.177+0000] {processor.py:830} INFO - Processing file /home/airflow/.local/lib/python3.12/site-packages/airflow/example_dags/example_latest_only_with_trigger.py for tasks to queue
[2024-04-26T12:48:29.179+0000] {logging_mixin.py:188} INFO - [2024-04-26T12:48:29.179+0000] {dagbag.py:540} INFO - Filling up the DagBag from /home/airflow/.local/lib/python3.12/site-packages/airflow/example_dags/example_latest_only_with_trigger.py
[2024-04-26T12:48:29.184+0000] {processor.py:840} INFO - DAG(s) 'latest_only_with_trigger' retrieved from /home/airflow/.local/lib/python3.12/site-packages/airflow/example_dags/example_latest_only_with_trigger.py
[2024-04-26T12:48:29.200+0000] {logging_mixin.py:188} INFO - [2024-04-26T12:48:29.200+0000] {dag.py:3096} INFO - Sync 1 DAGs
[2024-04-26T12:48:29.217+0000] {logging_mixin.py:188} INFO - [2024-04-26T12:48:29.217+0000] {dag.py:3954} INFO - Setting next_dagrun for latest_only_with_trigger to 2024-04-26 08:00:00+00:00, run_after=2024-04-26 12:00:00+00:00
[2024-04-26T12:48:29.233+0000] {processor.py:183} INFO - Processing /home/airflow/.local/lib/python3.12/site-packages/airflow/example_dags/example_latest_only_with_trigger.py took 0.062 seconds
[2024-04-26T12:48:59.630+0000] {processor.py:161} INFO - Started process (PID=1702) to work on /home/airflow/.local/lib/python3.12/site-packages/airflow/example_dags/example_latest_only_with_trigger.py
[2024-04-26T12:48:59.631+0000] {processor.py:830} INFO - Processing file /home/airflow/.local/lib/python3.12/site-packages/airflow/example_dags/example_latest_only_with_trigger.py for tasks to queue
[2024-04-26T12:48:59.632+0000] {logging_mixin.py:188} INFO - [2024-04-26T12:48:59.632+0000] {dagbag.py:540} INFO - Filling up the DagBag from /home/airflow/.local/lib/python3.12/site-packages/airflow/example_dags/example_latest_only_with_trigger.py
[2024-04-26T12:48:59.638+0000] {processor.py:840} INFO - DAG(s) 'latest_only_with_trigger' retrieved from /home/airflow/.local/lib/python3.12/site-packages/airflow/example_dags/example_latest_only_with_trigger.py
[2024-04-26T12:48:59.655+0000] {logging_mixin.py:188} INFO - [2024-04-26T12:48:59.655+0000] {dag.py:3096} INFO - Sync 1 DAGs
[2024-04-26T12:48:59.675+0000] {logging_mixin.py:188} INFO - [2024-04-26T12:48:59.675+0000] {dag.py:3954} INFO - Setting next_dagrun for latest_only_with_trigger to 2024-04-26 08:00:00+00:00, run_after=2024-04-26 12:00:00+00:00
[2024-04-26T12:48:59.690+0000] {processor.py:183} INFO - Processing /home/airflow/.local/lib/python3.12/site-packages/airflow/example_dags/example_latest_only_with_trigger.py took 0.065 seconds
[2024-04-26T12:49:30.168+0000] {processor.py:161} INFO - Started process (PID=1800) to work on /home/airflow/.local/lib/python3.12/site-packages/airflow/example_dags/example_latest_only_with_trigger.py
[2024-04-26T12:49:30.169+0000] {processor.py:830} INFO - Processing file /home/airflow/.local/lib/python3.12/site-packages/airflow/example_dags/example_latest_only_with_trigger.py for tasks to queue
[2024-04-26T12:49:30.171+0000] {logging_mixin.py:188} INFO - [2024-04-26T12:49:30.171+0000] {dagbag.py:540} INFO - Filling up the DagBag from /home/airflow/.local/lib/python3.12/site-packages/airflow/example_dags/example_latest_only_with_trigger.py
[2024-04-26T12:49:30.177+0000] {processor.py:840} INFO - DAG(s) 'latest_only_with_trigger' retrieved from /home/airflow/.local/lib/python3.12/site-packages/airflow/example_dags/example_latest_only_with_trigger.py
[2024-04-26T12:49:30.202+0000] {logging_mixin.py:188} INFO - [2024-04-26T12:49:30.201+0000] {dag.py:3096} INFO - Sync 1 DAGs
[2024-04-26T12:49:30.229+0000] {logging_mixin.py:188} INFO - [2024-04-26T12:49:30.229+0000] {dag.py:3954} INFO - Setting next_dagrun for latest_only_with_trigger to 2024-04-26 08:00:00+00:00, run_after=2024-04-26 12:00:00+00:00
[2024-04-26T12:49:30.252+0000] {processor.py:183} INFO - Processing /home/airflow/.local/lib/python3.12/site-packages/airflow/example_dags/example_latest_only_with_trigger.py took 0.090 seconds
[2024-04-26T12:50:01.182+0000] {processor.py:161} INFO - Started process (PID=2042) to work on /home/airflow/.local/lib/python3.12/site-packages/airflow/example_dags/example_latest_only_with_trigger.py
[2024-04-26T12:50:01.183+0000] {processor.py:830} INFO - Processing file /home/airflow/.local/lib/python3.12/site-packages/airflow/example_dags/example_latest_only_with_trigger.py for tasks to queue
[2024-04-26T12:50:01.185+0000] {logging_mixin.py:188} INFO - [2024-04-26T12:50:01.185+0000] {dagbag.py:540} INFO - Filling up the DagBag from /home/airflow/.local/lib/python3.12/site-packages/airflow/example_dags/example_latest_only_with_trigger.py
[2024-04-26T12:50:01.191+0000] {processor.py:840} INFO - DAG(s) 'latest_only_with_trigger' retrieved from /home/airflow/.local/lib/python3.12/site-packages/airflow/example_dags/example_latest_only_with_trigger.py
[2024-04-26T12:50:01.211+0000] {logging_mixin.py:188} INFO - [2024-04-26T12:50:01.211+0000] {dag.py:3096} INFO - Sync 1 DAGs
[2024-04-26T12:50:01.240+0000] {logging_mixin.py:188} INFO - [2024-04-26T12:50:01.240+0000] {dag.py:3954} INFO - Setting next_dagrun for latest_only_with_trigger to 2024-04-26 08:00:00+00:00, run_after=2024-04-26 12:00:00+00:00
[2024-04-26T12:50:01.260+0000] {processor.py:183} INFO - Processing /home/airflow/.local/lib/python3.12/site-packages/airflow/example_dags/example_latest_only_with_trigger.py took 0.084 seconds
[2024-04-26T12:50:31.701+0000] {processor.py:161} INFO - Started process (PID=2298) to work on /home/airflow/.local/lib/python3.12/site-packages/airflow/example_dags/example_latest_only_with_trigger.py
[2024-04-26T12:50:31.702+0000] {processor.py:830} INFO - Processing file /home/airflow/.local/lib/python3.12/site-packages/airflow/example_dags/example_latest_only_with_trigger.py for tasks to queue
[2024-04-26T12:50:31.704+0000] {logging_mixin.py:188} INFO - [2024-04-26T12:50:31.704+0000] {dagbag.py:540} INFO - Filling up the DagBag from /home/airflow/.local/lib/python3.12/site-packages/airflow/example_dags/example_latest_only_with_trigger.py
[2024-04-26T12:50:31.710+0000] {processor.py:840} INFO - DAG(s) 'latest_only_with_trigger' retrieved from /home/airflow/.local/lib/python3.12/site-packages/airflow/example_dags/example_latest_only_with_trigger.py
[2024-04-26T12:50:31.731+0000] {logging_mixin.py:188} INFO - [2024-04-26T12:50:31.730+0000] {dag.py:3096} INFO - Sync 1 DAGs
[2024-04-26T12:50:31.759+0000] {logging_mixin.py:188} INFO - [2024-04-26T12:50:31.758+0000] {dag.py:3954} INFO - Setting next_dagrun for latest_only_with_trigger to 2024-04-26 08:00:00+00:00, run_after=2024-04-26 12:00:00+00:00
[2024-04-26T12:50:31.778+0000] {processor.py:183} INFO - Processing /home/airflow/.local/lib/python3.12/site-packages/airflow/example_dags/example_latest_only_with_trigger.py took 0.082 seconds
[2024-04-26T12:51:02.017+0000] {processor.py:161} INFO - Started process (PID=2538) to work on /home/airflow/.local/lib/python3.12/site-packages/airflow/example_dags/example_latest_only_with_trigger.py
[2024-04-26T12:51:02.018+0000] {processor.py:830} INFO - Processing file /home/airflow/.local/lib/python3.12/site-packages/airflow/example_dags/example_latest_only_with_trigger.py for tasks to queue
[2024-04-26T12:51:02.019+0000] {logging_mixin.py:188} INFO - [2024-04-26T12:51:02.019+0000] {dagbag.py:540} INFO - Filling up the DagBag from /home/airflow/.local/lib/python3.12/site-packages/airflow/example_dags/example_latest_only_with_trigger.py
[2024-04-26T12:51:02.024+0000] {processor.py:840} INFO - DAG(s) 'latest_only_with_trigger' retrieved from /home/airflow/.local/lib/python3.12/site-packages/airflow/example_dags/example_latest_only_with_trigger.py
[2024-04-26T12:51:02.042+0000] {logging_mixin.py:188} INFO - [2024-04-26T12:51:02.042+0000] {dag.py:3096} INFO - Sync 1 DAGs
[2024-04-26T12:51:02.063+0000] {logging_mixin.py:188} INFO - [2024-04-26T12:51:02.063+0000] {dag.py:3954} INFO - Setting next_dagrun for latest_only_with_trigger to 2024-04-26 08:00:00+00:00, run_after=2024-04-26 12:00:00+00:00
[2024-04-26T12:51:02.081+0000] {processor.py:183} INFO - Processing /home/airflow/.local/lib/python3.12/site-packages/airflow/example_dags/example_latest_only_with_trigger.py took 0.069 seconds
[2024-04-26T12:51:32.661+0000] {processor.py:161} INFO - Started process (PID=2794) to work on /home/airflow/.local/lib/python3.12/site-packages/airflow/example_dags/example_latest_only_with_trigger.py
[2024-04-26T12:51:32.662+0000] {processor.py:830} INFO - Processing file /home/airflow/.local/lib/python3.12/site-packages/airflow/example_dags/example_latest_only_with_trigger.py for tasks to queue
[2024-04-26T12:51:32.665+0000] {logging_mixin.py:188} INFO - [2024-04-26T12:51:32.664+0000] {dagbag.py:540} INFO - Filling up the DagBag from /home/airflow/.local/lib/python3.12/site-packages/airflow/example_dags/example_latest_only_with_trigger.py
[2024-04-26T12:51:32.672+0000] {processor.py:840} INFO - DAG(s) 'latest_only_with_trigger' retrieved from /home/airflow/.local/lib/python3.12/site-packages/airflow/example_dags/example_latest_only_with_trigger.py
[2024-04-26T12:51:32.704+0000] {logging_mixin.py:188} INFO - [2024-04-26T12:51:32.704+0000] {dag.py:3096} INFO - Sync 1 DAGs
[2024-04-26T12:51:32.746+0000] {logging_mixin.py:188} INFO - [2024-04-26T12:51:32.746+0000] {dag.py:3954} INFO - Setting next_dagrun for latest_only_with_trigger to 2024-04-26 08:00:00+00:00, run_after=2024-04-26 12:00:00+00:00
[2024-04-26T12:51:32.775+0000] {processor.py:183} INFO - Processing /home/airflow/.local/lib/python3.12/site-packages/airflow/example_dags/example_latest_only_with_trigger.py took 0.122 seconds
[2024-04-26T12:52:03.244+0000] {processor.py:161} INFO - Started process (PID=3038) to work on /home/airflow/.local/lib/python3.12/site-packages/airflow/example_dags/example_latest_only_with_trigger.py
[2024-04-26T12:52:03.245+0000] {processor.py:830} INFO - Processing file /home/airflow/.local/lib/python3.12/site-packages/airflow/example_dags/example_latest_only_with_trigger.py for tasks to queue
[2024-04-26T12:52:03.251+0000] {logging_mixin.py:188} INFO - [2024-04-26T12:52:03.250+0000] {dagbag.py:540} INFO - Filling up the DagBag from /home/airflow/.local/lib/python3.12/site-packages/airflow/example_dags/example_latest_only_with_trigger.py
[2024-04-26T12:52:03.256+0000] {processor.py:840} INFO - DAG(s) 'latest_only_with_trigger' retrieved from /home/airflow/.local/lib/python3.12/site-packages/airflow/example_dags/example_latest_only_with_trigger.py
[2024-04-26T12:52:03.284+0000] {logging_mixin.py:188} INFO - [2024-04-26T12:52:03.284+0000] {dag.py:3096} INFO - Sync 1 DAGs
[2024-04-26T12:52:03.316+0000] {logging_mixin.py:188} INFO - [2024-04-26T12:52:03.316+0000] {dag.py:3954} INFO - Setting next_dagrun for latest_only_with_trigger to 2024-04-26 08:00:00+00:00, run_after=2024-04-26 12:00:00+00:00
[2024-04-26T12:52:03.344+0000] {processor.py:183} INFO - Processing /home/airflow/.local/lib/python3.12/site-packages/airflow/example_dags/example_latest_only_with_trigger.py took 0.111 seconds
[2024-04-26T12:52:33.513+0000] {processor.py:161} INFO - Started process (PID=3294) to work on /home/airflow/.local/lib/python3.12/site-packages/airflow/example_dags/example_latest_only_with_trigger.py
[2024-04-26T12:52:33.514+0000] {processor.py:830} INFO - Processing file /home/airflow/.local/lib/python3.12/site-packages/airflow/example_dags/example_latest_only_with_trigger.py for tasks to queue
[2024-04-26T12:52:33.515+0000] {logging_mixin.py:188} INFO - [2024-04-26T12:52:33.515+0000] {dagbag.py:540} INFO - Filling up the DagBag from /home/airflow/.local/lib/python3.12/site-packages/airflow/example_dags/example_latest_only_with_trigger.py
[2024-04-26T12:52:33.519+0000] {processor.py:840} INFO - DAG(s) 'latest_only_with_trigger' retrieved from /home/airflow/.local/lib/python3.12/site-packages/airflow/example_dags/example_latest_only_with_trigger.py
[2024-04-26T12:52:33.536+0000] {logging_mixin.py:188} INFO - [2024-04-26T12:52:33.536+0000] {dag.py:3096} INFO - Sync 1 DAGs
[2024-04-26T12:52:33.556+0000] {logging_mixin.py:188} INFO - [2024-04-26T12:52:33.556+0000] {dag.py:3954} INFO - Setting next_dagrun for latest_only_with_trigger to 2024-04-26 08:00:00+00:00, run_after=2024-04-26 12:00:00+00:00
[2024-04-26T12:52:33.571+0000] {processor.py:183} INFO - Processing /home/airflow/.local/lib/python3.12/site-packages/airflow/example_dags/example_latest_only_with_trigger.py took 0.063 seconds
[2024-04-26T12:53:04.402+0000] {processor.py:161} INFO - Started process (PID=3554) to work on /home/airflow/.local/lib/python3.12/site-packages/airflow/example_dags/example_latest_only_with_trigger.py
[2024-04-26T12:53:04.403+0000] {processor.py:830} INFO - Processing file /home/airflow/.local/lib/python3.12/site-packages/airflow/example_dags/example_latest_only_with_trigger.py for tasks to queue
[2024-04-26T12:53:04.408+0000] {logging_mixin.py:188} INFO - [2024-04-26T12:53:04.407+0000] {dagbag.py:540} INFO - Filling up the DagBag from /home/airflow/.local/lib/python3.12/site-packages/airflow/example_dags/example_latest_only_with_trigger.py
[2024-04-26T12:53:04.417+0000] {processor.py:840} INFO - DAG(s) 'latest_only_with_trigger' retrieved from /home/airflow/.local/lib/python3.12/site-packages/airflow/example_dags/example_latest_only_with_trigger.py
[2024-04-26T12:53:04.446+0000] {logging_mixin.py:188} INFO - [2024-04-26T12:53:04.445+0000] {dag.py:3096} INFO - Sync 1 DAGs
[2024-04-26T12:53:04.478+0000] {logging_mixin.py:188} INFO - [2024-04-26T12:53:04.478+0000] {dag.py:3954} INFO - Setting next_dagrun for latest_only_with_trigger to 2024-04-26 08:00:00+00:00, run_after=2024-04-26 12:00:00+00:00
[2024-04-26T12:53:04.507+0000] {processor.py:183} INFO - Processing /home/airflow/.local/lib/python3.12/site-packages/airflow/example_dags/example_latest_only_with_trigger.py took 0.114 seconds
[2024-04-26T12:53:34.963+0000] {processor.py:161} INFO - Started process (PID=3786) to work on /home/airflow/.local/lib/python3.12/site-packages/airflow/example_dags/example_latest_only_with_trigger.py
[2024-04-26T12:53:34.964+0000] {processor.py:830} INFO - Processing file /home/airflow/.local/lib/python3.12/site-packages/airflow/example_dags/example_latest_only_with_trigger.py for tasks to queue
[2024-04-26T12:53:34.966+0000] {logging_mixin.py:188} INFO - [2024-04-26T12:53:34.966+0000] {dagbag.py:540} INFO - Filling up the DagBag from /home/airflow/.local/lib/python3.12/site-packages/airflow/example_dags/example_latest_only_with_trigger.py
[2024-04-26T12:53:34.974+0000] {processor.py:840} INFO - DAG(s) 'latest_only_with_trigger' retrieved from /home/airflow/.local/lib/python3.12/site-packages/airflow/example_dags/example_latest_only_with_trigger.py
[2024-04-26T12:53:34.998+0000] {logging_mixin.py:188} INFO - [2024-04-26T12:53:34.998+0000] {dag.py:3096} INFO - Sync 1 DAGs
[2024-04-26T12:53:35.035+0000] {logging_mixin.py:188} INFO - [2024-04-26T12:53:35.034+0000] {dag.py:3954} INFO - Setting next_dagrun for latest_only_with_trigger to 2024-04-26 08:00:00+00:00, run_after=2024-04-26 12:00:00+00:00
[2024-04-26T12:53:35.063+0000] {processor.py:183} INFO - Processing /home/airflow/.local/lib/python3.12/site-packages/airflow/example_dags/example_latest_only_with_trigger.py took 0.108 seconds
[2024-04-26T12:54:05.593+0000] {processor.py:161} INFO - Started process (PID=3850) to work on /home/airflow/.local/lib/python3.12/site-packages/airflow/example_dags/example_latest_only_with_trigger.py
[2024-04-26T12:54:05.594+0000] {processor.py:830} INFO - Processing file /home/airflow/.local/lib/python3.12/site-packages/airflow/example_dags/example_latest_only_with_trigger.py for tasks to queue
[2024-04-26T12:54:05.595+0000] {logging_mixin.py:188} INFO - [2024-04-26T12:54:05.595+0000] {dagbag.py:540} INFO - Filling up the DagBag from /home/airflow/.local/lib/python3.12/site-packages/airflow/example_dags/example_latest_only_with_trigger.py
[2024-04-26T12:54:05.600+0000] {processor.py:840} INFO - DAG(s) 'latest_only_with_trigger' retrieved from /home/airflow/.local/lib/python3.12/site-packages/airflow/example_dags/example_latest_only_with_trigger.py
[2024-04-26T12:54:05.617+0000] {logging_mixin.py:188} INFO - [2024-04-26T12:54:05.616+0000] {dag.py:3096} INFO - Sync 1 DAGs
[2024-04-26T12:54:05.635+0000] {logging_mixin.py:188} INFO - [2024-04-26T12:54:05.635+0000] {dag.py:3954} INFO - Setting next_dagrun for latest_only_with_trigger to 2024-04-26 08:00:00+00:00, run_after=2024-04-26 12:00:00+00:00
[2024-04-26T12:54:05.651+0000] {processor.py:183} INFO - Processing /home/airflow/.local/lib/python3.12/site-packages/airflow/example_dags/example_latest_only_with_trigger.py took 0.062 seconds
[2024-04-26T12:54:35.907+0000] {processor.py:161} INFO - Started process (PID=3910) to work on /home/airflow/.local/lib/python3.12/site-packages/airflow/example_dags/example_latest_only_with_trigger.py
[2024-04-26T12:54:35.908+0000] {processor.py:830} INFO - Processing file /home/airflow/.local/lib/python3.12/site-packages/airflow/example_dags/example_latest_only_with_trigger.py for tasks to queue
[2024-04-26T12:54:35.909+0000] {logging_mixin.py:188} INFO - [2024-04-26T12:54:35.909+0000] {dagbag.py:540} INFO - Filling up the DagBag from /home/airflow/.local/lib/python3.12/site-packages/airflow/example_dags/example_latest_only_with_trigger.py
[2024-04-26T12:54:35.914+0000] {processor.py:840} INFO - DAG(s) 'latest_only_with_trigger' retrieved from /home/airflow/.local/lib/python3.12/site-packages/airflow/example_dags/example_latest_only_with_trigger.py
[2024-04-26T12:54:35.930+0000] {logging_mixin.py:188} INFO - [2024-04-26T12:54:35.929+0000] {dag.py:3096} INFO - Sync 1 DAGs
[2024-04-26T12:54:35.948+0000] {logging_mixin.py:188} INFO - [2024-04-26T12:54:35.948+0000] {dag.py:3954} INFO - Setting next_dagrun for latest_only_with_trigger to 2024-04-26 08:00:00+00:00, run_after=2024-04-26 12:00:00+00:00
[2024-04-26T12:54:35.963+0000] {processor.py:183} INFO - Processing /home/airflow/.local/lib/python3.12/site-packages/airflow/example_dags/example_latest_only_with_trigger.py took 0.061 seconds
[2024-04-26T12:55:06.435+0000] {processor.py:161} INFO - Started process (PID=3970) to work on /home/airflow/.local/lib/python3.12/site-packages/airflow/example_dags/example_latest_only_with_trigger.py
[2024-04-26T12:55:06.436+0000] {processor.py:830} INFO - Processing file /home/airflow/.local/lib/python3.12/site-packages/airflow/example_dags/example_latest_only_with_trigger.py for tasks to queue
[2024-04-26T12:55:06.438+0000] {logging_mixin.py:188} INFO - [2024-04-26T12:55:06.438+0000] {dagbag.py:540} INFO - Filling up the DagBag from /home/airflow/.local/lib/python3.12/site-packages/airflow/example_dags/example_latest_only_with_trigger.py
[2024-04-26T12:55:06.442+0000] {processor.py:840} INFO - DAG(s) 'latest_only_with_trigger' retrieved from /home/airflow/.local/lib/python3.12/site-packages/airflow/example_dags/example_latest_only_with_trigger.py
[2024-04-26T12:55:06.458+0000] {logging_mixin.py:188} INFO - [2024-04-26T12:55:06.457+0000] {dag.py:3096} INFO - Sync 1 DAGs
[2024-04-26T12:55:06.475+0000] {logging_mixin.py:188} INFO - [2024-04-26T12:55:06.475+0000] {dag.py:3954} INFO - Setting next_dagrun for latest_only_with_trigger to 2024-04-26 08:00:00+00:00, run_after=2024-04-26 12:00:00+00:00
[2024-04-26T12:55:06.491+0000] {processor.py:183} INFO - Processing /home/airflow/.local/lib/python3.12/site-packages/airflow/example_dags/example_latest_only_with_trigger.py took 0.061 seconds
[2024-04-26T12:55:36.910+0000] {processor.py:161} INFO - Started process (PID=4030) to work on /home/airflow/.local/lib/python3.12/site-packages/airflow/example_dags/example_latest_only_with_trigger.py
[2024-04-26T12:55:36.911+0000] {processor.py:830} INFO - Processing file /home/airflow/.local/lib/python3.12/site-packages/airflow/example_dags/example_latest_only_with_trigger.py for tasks to queue
[2024-04-26T12:55:36.913+0000] {logging_mixin.py:188} INFO - [2024-04-26T12:55:36.912+0000] {dagbag.py:540} INFO - Filling up the DagBag from /home/airflow/.local/lib/python3.12/site-packages/airflow/example_dags/example_latest_only_with_trigger.py
[2024-04-26T12:55:36.917+0000] {processor.py:840} INFO - DAG(s) 'latest_only_with_trigger' retrieved from /home/airflow/.local/lib/python3.12/site-packages/airflow/example_dags/example_latest_only_with_trigger.py
[2024-04-26T12:55:36.934+0000] {logging_mixin.py:188} INFO - [2024-04-26T12:55:36.934+0000] {dag.py:3096} INFO - Sync 1 DAGs
[2024-04-26T12:55:36.952+0000] {logging_mixin.py:188} INFO - [2024-04-26T12:55:36.952+0000] {dag.py:3954} INFO - Setting next_dagrun for latest_only_with_trigger to 2024-04-26 08:00:00+00:00, run_after=2024-04-26 12:00:00+00:00
[2024-04-26T12:55:36.967+0000] {processor.py:183} INFO - Processing /home/airflow/.local/lib/python3.12/site-packages/airflow/example_dags/example_latest_only_with_trigger.py took 0.062 seconds
[2024-04-26T12:56:07.342+0000] {processor.py:161} INFO - Started process (PID=4094) to work on /home/airflow/.local/lib/python3.12/site-packages/airflow/example_dags/example_latest_only_with_trigger.py
[2024-04-26T12:56:07.343+0000] {processor.py:830} INFO - Processing file /home/airflow/.local/lib/python3.12/site-packages/airflow/example_dags/example_latest_only_with_trigger.py for tasks to queue
[2024-04-26T12:56:07.345+0000] {logging_mixin.py:188} INFO - [2024-04-26T12:56:07.344+0000] {dagbag.py:540} INFO - Filling up the DagBag from /home/airflow/.local/lib/python3.12/site-packages/airflow/example_dags/example_latest_only_with_trigger.py
[2024-04-26T12:56:07.349+0000] {processor.py:840} INFO - DAG(s) 'latest_only_with_trigger' retrieved from /home/airflow/.local/lib/python3.12/site-packages/airflow/example_dags/example_latest_only_with_trigger.py
[2024-04-26T12:56:07.364+0000] {logging_mixin.py:188} INFO - [2024-04-26T12:56:07.364+0000] {dag.py:3096} INFO - Sync 1 DAGs
[2024-04-26T12:56:07.381+0000] {logging_mixin.py:188} INFO - [2024-04-26T12:56:07.381+0000] {dag.py:3954} INFO - Setting next_dagrun for latest_only_with_trigger to 2024-04-26 08:00:00+00:00, run_after=2024-04-26 12:00:00+00:00
[2024-04-26T12:56:07.396+0000] {processor.py:183} INFO - Processing /home/airflow/.local/lib/python3.12/site-packages/airflow/example_dags/example_latest_only_with_trigger.py took 0.058 seconds
[2024-04-26T12:56:37.767+0000] {processor.py:161} INFO - Started process (PID=4154) to work on /home/airflow/.local/lib/python3.12/site-packages/airflow/example_dags/example_latest_only_with_trigger.py
[2024-04-26T12:56:37.768+0000] {processor.py:830} INFO - Processing file /home/airflow/.local/lib/python3.12/site-packages/airflow/example_dags/example_latest_only_with_trigger.py for tasks to queue
[2024-04-26T12:56:37.769+0000] {logging_mixin.py:188} INFO - [2024-04-26T12:56:37.769+0000] {dagbag.py:540} INFO - Filling up the DagBag from /home/airflow/.local/lib/python3.12/site-packages/airflow/example_dags/example_latest_only_with_trigger.py
[2024-04-26T12:56:37.773+0000] {processor.py:840} INFO - DAG(s) 'latest_only_with_trigger' retrieved from /home/airflow/.local/lib/python3.12/site-packages/airflow/example_dags/example_latest_only_with_trigger.py
[2024-04-26T12:56:37.789+0000] {logging_mixin.py:188} INFO - [2024-04-26T12:56:37.789+0000] {dag.py:3096} INFO - Sync 1 DAGs
[2024-04-26T12:56:37.808+0000] {logging_mixin.py:188} INFO - [2024-04-26T12:56:37.808+0000] {dag.py:3954} INFO - Setting next_dagrun for latest_only_with_trigger to 2024-04-26 08:00:00+00:00, run_after=2024-04-26 12:00:00+00:00
[2024-04-26T12:56:37.824+0000] {processor.py:183} INFO - Processing /home/airflow/.local/lib/python3.12/site-packages/airflow/example_dags/example_latest_only_with_trigger.py took 0.062 seconds
[2024-04-26T12:57:08.260+0000] {processor.py:161} INFO - Started process (PID=4214) to work on /home/airflow/.local/lib/python3.12/site-packages/airflow/example_dags/example_latest_only_with_trigger.py
[2024-04-26T12:57:08.261+0000] {processor.py:830} INFO - Processing file /home/airflow/.local/lib/python3.12/site-packages/airflow/example_dags/example_latest_only_with_trigger.py for tasks to queue
[2024-04-26T12:57:08.263+0000] {logging_mixin.py:188} INFO - [2024-04-26T12:57:08.263+0000] {dagbag.py:540} INFO - Filling up the DagBag from /home/airflow/.local/lib/python3.12/site-packages/airflow/example_dags/example_latest_only_with_trigger.py
[2024-04-26T12:57:08.267+0000] {processor.py:840} INFO - DAG(s) 'latest_only_with_trigger' retrieved from /home/airflow/.local/lib/python3.12/site-packages/airflow/example_dags/example_latest_only_with_trigger.py
[2024-04-26T12:57:08.283+0000] {logging_mixin.py:188} INFO - [2024-04-26T12:57:08.283+0000] {dag.py:3096} INFO - Sync 1 DAGs
[2024-04-26T12:57:08.302+0000] {logging_mixin.py:188} INFO - [2024-04-26T12:57:08.302+0000] {dag.py:3954} INFO - Setting next_dagrun for latest_only_with_trigger to 2024-04-26 08:00:00+00:00, run_after=2024-04-26 12:00:00+00:00
[2024-04-26T12:57:08.318+0000] {processor.py:183} INFO - Processing /home/airflow/.local/lib/python3.12/site-packages/airflow/example_dags/example_latest_only_with_trigger.py took 0.062 seconds
[2024-04-26T12:57:38.602+0000] {processor.py:161} INFO - Started process (PID=4274) to work on /home/airflow/.local/lib/python3.12/site-packages/airflow/example_dags/example_latest_only_with_trigger.py
[2024-04-26T12:57:38.603+0000] {processor.py:830} INFO - Processing file /home/airflow/.local/lib/python3.12/site-packages/airflow/example_dags/example_latest_only_with_trigger.py for tasks to queue
[2024-04-26T12:57:38.605+0000] {logging_mixin.py:188} INFO - [2024-04-26T12:57:38.604+0000] {dagbag.py:540} INFO - Filling up the DagBag from /home/airflow/.local/lib/python3.12/site-packages/airflow/example_dags/example_latest_only_with_trigger.py
[2024-04-26T12:57:38.609+0000] {processor.py:840} INFO - DAG(s) 'latest_only_with_trigger' retrieved from /home/airflow/.local/lib/python3.12/site-packages/airflow/example_dags/example_latest_only_with_trigger.py
[2024-04-26T12:57:38.624+0000] {logging_mixin.py:188} INFO - [2024-04-26T12:57:38.624+0000] {dag.py:3096} INFO - Sync 1 DAGs
[2024-04-26T12:57:38.642+0000] {logging_mixin.py:188} INFO - [2024-04-26T12:57:38.642+0000] {dag.py:3954} INFO - Setting next_dagrun for latest_only_with_trigger to 2024-04-26 08:00:00+00:00, run_after=2024-04-26 12:00:00+00:00
[2024-04-26T12:57:38.658+0000] {processor.py:183} INFO - Processing /home/airflow/.local/lib/python3.12/site-packages/airflow/example_dags/example_latest_only_with_trigger.py took 0.061 seconds
[2024-04-26T12:58:08.936+0000] {processor.py:161} INFO - Started process (PID=4338) to work on /home/airflow/.local/lib/python3.12/site-packages/airflow/example_dags/example_latest_only_with_trigger.py
[2024-04-26T12:58:08.937+0000] {processor.py:830} INFO - Processing file /home/airflow/.local/lib/python3.12/site-packages/airflow/example_dags/example_latest_only_with_trigger.py for tasks to queue
[2024-04-26T12:58:08.938+0000] {logging_mixin.py:188} INFO - [2024-04-26T12:58:08.938+0000] {dagbag.py:540} INFO - Filling up the DagBag from /home/airflow/.local/lib/python3.12/site-packages/airflow/example_dags/example_latest_only_with_trigger.py
[2024-04-26T12:58:08.943+0000] {processor.py:840} INFO - DAG(s) 'latest_only_with_trigger' retrieved from /home/airflow/.local/lib/python3.12/site-packages/airflow/example_dags/example_latest_only_with_trigger.py
[2024-04-26T12:58:08.961+0000] {logging_mixin.py:188} INFO - [2024-04-26T12:58:08.960+0000] {dag.py:3096} INFO - Sync 1 DAGs
[2024-04-26T12:58:08.982+0000] {logging_mixin.py:188} INFO - [2024-04-26T12:58:08.982+0000] {dag.py:3954} INFO - Setting next_dagrun for latest_only_with_trigger to 2024-04-26 08:00:00+00:00, run_after=2024-04-26 12:00:00+00:00
[2024-04-26T12:58:08.998+0000] {processor.py:183} INFO - Processing /home/airflow/.local/lib/python3.12/site-packages/airflow/example_dags/example_latest_only_with_trigger.py took 0.067 seconds
