[2024-04-26T12:34:45.773+0000] {processor.py:161} INFO - Started process (PID=70) to work on /home/airflow/.local/lib/python3.12/site-packages/airflow/example_dags/example_sla_dag.py
[2024-04-26T12:34:45.774+0000] {processor.py:830} INFO - Processing file /home/airflow/.local/lib/python3.12/site-packages/airflow/example_dags/example_sla_dag.py for tasks to queue
[2024-04-26T12:34:45.776+0000] {logging_mixin.py:188} INFO - [2024-04-26T12:34:45.775+0000] {dagbag.py:540} INFO - Filling up the DagBag from /home/airflow/.local/lib/python3.12/site-packages/airflow/example_dags/example_sla_dag.py
[2024-04-26T12:34:45.783+0000] {processor.py:840} INFO - DAG(s) 'example_sla_dag' retrieved from /home/airflow/.local/lib/python3.12/site-packages/airflow/example_dags/example_sla_dag.py
[2024-04-26T12:34:45.863+0000] {logging_mixin.py:188} INFO - [2024-04-26T12:34:45.863+0000] {override.py:1829} INFO - Created Permission View: can delete on DAG:example_sla_dag
[2024-04-26T12:34:45.871+0000] {logging_mixin.py:188} INFO - [2024-04-26T12:34:45.871+0000] {override.py:1829} INFO - Created Permission View: can edit on DAG:example_sla_dag
[2024-04-26T12:34:45.877+0000] {logging_mixin.py:188} INFO - [2024-04-26T12:34:45.876+0000] {override.py:1829} INFO - Created Permission View: can read on DAG:example_sla_dag
[2024-04-26T12:34:45.877+0000] {logging_mixin.py:188} INFO - [2024-04-26T12:34:45.877+0000] {dag.py:3096} INFO - Sync 1 DAGs
[2024-04-26T12:34:45.886+0000] {logging_mixin.py:188} INFO - [2024-04-26T12:34:45.885+0000] {dag.py:3118} INFO - Creating ORM DAG for example_sla_dag
[2024-04-26T12:34:45.895+0000] {logging_mixin.py:188} INFO - [2024-04-26T12:34:45.895+0000] {dag.py:3954} INFO - Setting next_dagrun for example_sla_dag to 2024-04-26 12:32:00+00:00, run_after=2024-04-26 12:34:00+00:00
[2024-04-26T12:34:45.907+0000] {processor.py:183} INFO - Processing /home/airflow/.local/lib/python3.12/site-packages/airflow/example_dags/example_sla_dag.py took 0.139 seconds
[2024-04-26T12:35:16.003+0000] {processor.py:161} INFO - Started process (PID=128) to work on /home/airflow/.local/lib/python3.12/site-packages/airflow/example_dags/example_sla_dag.py
[2024-04-26T12:35:16.004+0000] {processor.py:830} INFO - Processing file /home/airflow/.local/lib/python3.12/site-packages/airflow/example_dags/example_sla_dag.py for tasks to queue
[2024-04-26T12:35:16.005+0000] {logging_mixin.py:188} INFO - [2024-04-26T12:35:16.005+0000] {dagbag.py:540} INFO - Filling up the DagBag from /home/airflow/.local/lib/python3.12/site-packages/airflow/example_dags/example_sla_dag.py
[2024-04-26T12:35:16.012+0000] {processor.py:840} INFO - DAG(s) 'example_sla_dag' retrieved from /home/airflow/.local/lib/python3.12/site-packages/airflow/example_dags/example_sla_dag.py
[2024-04-26T12:35:16.026+0000] {logging_mixin.py:188} INFO - [2024-04-26T12:35:16.026+0000] {dag.py:3096} INFO - Sync 1 DAGs
[2024-04-26T12:35:16.044+0000] {logging_mixin.py:188} INFO - [2024-04-26T12:35:16.043+0000] {dag.py:3954} INFO - Setting next_dagrun for example_sla_dag to 2024-04-26 12:32:00+00:00, run_after=2024-04-26 12:34:00+00:00
[2024-04-26T12:35:16.058+0000] {processor.py:183} INFO - Processing /home/airflow/.local/lib/python3.12/site-packages/airflow/example_dags/example_sla_dag.py took 0.060 seconds
[2024-04-26T12:35:46.190+0000] {processor.py:161} INFO - Started process (PID=186) to work on /home/airflow/.local/lib/python3.12/site-packages/airflow/example_dags/example_sla_dag.py
[2024-04-26T12:35:46.191+0000] {processor.py:830} INFO - Processing file /home/airflow/.local/lib/python3.12/site-packages/airflow/example_dags/example_sla_dag.py for tasks to queue
[2024-04-26T12:35:46.193+0000] {logging_mixin.py:188} INFO - [2024-04-26T12:35:46.193+0000] {dagbag.py:540} INFO - Filling up the DagBag from /home/airflow/.local/lib/python3.12/site-packages/airflow/example_dags/example_sla_dag.py
[2024-04-26T12:35:46.199+0000] {processor.py:840} INFO - DAG(s) 'example_sla_dag' retrieved from /home/airflow/.local/lib/python3.12/site-packages/airflow/example_dags/example_sla_dag.py
[2024-04-26T12:35:46.214+0000] {logging_mixin.py:188} INFO - [2024-04-26T12:35:46.214+0000] {dag.py:3096} INFO - Sync 1 DAGs
[2024-04-26T12:35:46.235+0000] {logging_mixin.py:188} INFO - [2024-04-26T12:35:46.235+0000] {dag.py:3954} INFO - Setting next_dagrun for example_sla_dag to 2024-04-26 12:32:00+00:00, run_after=2024-04-26 12:34:00+00:00
[2024-04-26T12:35:46.250+0000] {processor.py:183} INFO - Processing /home/airflow/.local/lib/python3.12/site-packages/airflow/example_dags/example_sla_dag.py took 0.064 seconds
[2024-04-26T12:36:17.051+0000] {processor.py:161} INFO - Started process (PID=244) to work on /home/airflow/.local/lib/python3.12/site-packages/airflow/example_dags/example_sla_dag.py
[2024-04-26T12:36:17.052+0000] {processor.py:830} INFO - Processing file /home/airflow/.local/lib/python3.12/site-packages/airflow/example_dags/example_sla_dag.py for tasks to queue
[2024-04-26T12:36:17.054+0000] {logging_mixin.py:188} INFO - [2024-04-26T12:36:17.053+0000] {dagbag.py:540} INFO - Filling up the DagBag from /home/airflow/.local/lib/python3.12/site-packages/airflow/example_dags/example_sla_dag.py
[2024-04-26T12:36:17.060+0000] {processor.py:840} INFO - DAG(s) 'example_sla_dag' retrieved from /home/airflow/.local/lib/python3.12/site-packages/airflow/example_dags/example_sla_dag.py
[2024-04-26T12:36:17.075+0000] {logging_mixin.py:188} INFO - [2024-04-26T12:36:17.075+0000] {dag.py:3096} INFO - Sync 1 DAGs
[2024-04-26T12:36:17.092+0000] {logging_mixin.py:188} INFO - [2024-04-26T12:36:17.092+0000] {dag.py:3954} INFO - Setting next_dagrun for example_sla_dag to 2024-04-26 12:34:00+00:00, run_after=2024-04-26 12:36:00+00:00
[2024-04-26T12:36:17.107+0000] {processor.py:183} INFO - Processing /home/airflow/.local/lib/python3.12/site-packages/airflow/example_dags/example_sla_dag.py took 0.060 seconds
[2024-04-26T12:36:47.438+0000] {processor.py:161} INFO - Started process (PID=302) to work on /home/airflow/.local/lib/python3.12/site-packages/airflow/example_dags/example_sla_dag.py
[2024-04-26T12:36:47.439+0000] {processor.py:830} INFO - Processing file /home/airflow/.local/lib/python3.12/site-packages/airflow/example_dags/example_sla_dag.py for tasks to queue
[2024-04-26T12:36:47.441+0000] {logging_mixin.py:188} INFO - [2024-04-26T12:36:47.441+0000] {dagbag.py:540} INFO - Filling up the DagBag from /home/airflow/.local/lib/python3.12/site-packages/airflow/example_dags/example_sla_dag.py
[2024-04-26T12:36:47.447+0000] {processor.py:840} INFO - DAG(s) 'example_sla_dag' retrieved from /home/airflow/.local/lib/python3.12/site-packages/airflow/example_dags/example_sla_dag.py
[2024-04-26T12:36:47.462+0000] {logging_mixin.py:188} INFO - [2024-04-26T12:36:47.462+0000] {dag.py:3096} INFO - Sync 1 DAGs
[2024-04-26T12:36:47.483+0000] {logging_mixin.py:188} INFO - [2024-04-26T12:36:47.482+0000] {dag.py:3954} INFO - Setting next_dagrun for example_sla_dag to 2024-04-26 12:34:00+00:00, run_after=2024-04-26 12:36:00+00:00
[2024-04-26T12:36:47.500+0000] {processor.py:183} INFO - Processing /home/airflow/.local/lib/python3.12/site-packages/airflow/example_dags/example_sla_dag.py took 0.066 seconds
[2024-04-26T12:37:17.819+0000] {processor.py:161} INFO - Started process (PID=360) to work on /home/airflow/.local/lib/python3.12/site-packages/airflow/example_dags/example_sla_dag.py
[2024-04-26T12:37:17.819+0000] {processor.py:830} INFO - Processing file /home/airflow/.local/lib/python3.12/site-packages/airflow/example_dags/example_sla_dag.py for tasks to queue
[2024-04-26T12:37:17.821+0000] {logging_mixin.py:188} INFO - [2024-04-26T12:37:17.821+0000] {dagbag.py:540} INFO - Filling up the DagBag from /home/airflow/.local/lib/python3.12/site-packages/airflow/example_dags/example_sla_dag.py
[2024-04-26T12:37:17.827+0000] {processor.py:840} INFO - DAG(s) 'example_sla_dag' retrieved from /home/airflow/.local/lib/python3.12/site-packages/airflow/example_dags/example_sla_dag.py
[2024-04-26T12:37:17.843+0000] {logging_mixin.py:188} INFO - [2024-04-26T12:37:17.842+0000] {dag.py:3096} INFO - Sync 1 DAGs
[2024-04-26T12:37:17.860+0000] {logging_mixin.py:188} INFO - [2024-04-26T12:37:17.860+0000] {dag.py:3954} INFO - Setting next_dagrun for example_sla_dag to 2024-04-26 12:34:00+00:00, run_after=2024-04-26 12:36:00+00:00
[2024-04-26T12:37:17.875+0000] {processor.py:183} INFO - Processing /home/airflow/.local/lib/python3.12/site-packages/airflow/example_dags/example_sla_dag.py took 0.061 seconds
[2024-04-26T12:37:48.233+0000] {processor.py:161} INFO - Started process (PID=418) to work on /home/airflow/.local/lib/python3.12/site-packages/airflow/example_dags/example_sla_dag.py
[2024-04-26T12:37:48.234+0000] {processor.py:830} INFO - Processing file /home/airflow/.local/lib/python3.12/site-packages/airflow/example_dags/example_sla_dag.py for tasks to queue
[2024-04-26T12:37:48.235+0000] {logging_mixin.py:188} INFO - [2024-04-26T12:37:48.235+0000] {dagbag.py:540} INFO - Filling up the DagBag from /home/airflow/.local/lib/python3.12/site-packages/airflow/example_dags/example_sla_dag.py
[2024-04-26T12:37:48.241+0000] {processor.py:840} INFO - DAG(s) 'example_sla_dag' retrieved from /home/airflow/.local/lib/python3.12/site-packages/airflow/example_dags/example_sla_dag.py
[2024-04-26T12:37:48.257+0000] {logging_mixin.py:188} INFO - [2024-04-26T12:37:48.257+0000] {dag.py:3096} INFO - Sync 1 DAGs
[2024-04-26T12:37:48.275+0000] {logging_mixin.py:188} INFO - [2024-04-26T12:37:48.275+0000] {dag.py:3954} INFO - Setting next_dagrun for example_sla_dag to 2024-04-26 12:34:00+00:00, run_after=2024-04-26 12:36:00+00:00
[2024-04-26T12:37:48.290+0000] {processor.py:183} INFO - Processing /home/airflow/.local/lib/python3.12/site-packages/airflow/example_dags/example_sla_dag.py took 0.061 seconds
[2024-04-26T12:38:18.591+0000] {processor.py:161} INFO - Started process (PID=475) to work on /home/airflow/.local/lib/python3.12/site-packages/airflow/example_dags/example_sla_dag.py
[2024-04-26T12:38:18.592+0000] {processor.py:830} INFO - Processing file /home/airflow/.local/lib/python3.12/site-packages/airflow/example_dags/example_sla_dag.py for tasks to queue
[2024-04-26T12:38:18.594+0000] {logging_mixin.py:188} INFO - [2024-04-26T12:38:18.594+0000] {dagbag.py:540} INFO - Filling up the DagBag from /home/airflow/.local/lib/python3.12/site-packages/airflow/example_dags/example_sla_dag.py
[2024-04-26T12:38:18.604+0000] {processor.py:840} INFO - DAG(s) 'example_sla_dag' retrieved from /home/airflow/.local/lib/python3.12/site-packages/airflow/example_dags/example_sla_dag.py
[2024-04-26T12:38:18.619+0000] {logging_mixin.py:188} INFO - [2024-04-26T12:38:18.618+0000] {dag.py:3096} INFO - Sync 1 DAGs
[2024-04-26T12:38:18.637+0000] {logging_mixin.py:188} INFO - [2024-04-26T12:38:18.636+0000] {dag.py:3954} INFO - Setting next_dagrun for example_sla_dag to 2024-04-26 12:36:00+00:00, run_after=2024-04-26 12:38:00+00:00
[2024-04-26T12:38:18.653+0000] {processor.py:183} INFO - Processing /home/airflow/.local/lib/python3.12/site-packages/airflow/example_dags/example_sla_dag.py took 0.066 seconds
[2024-04-26T12:38:49.048+0000] {processor.py:161} INFO - Started process (PID=534) to work on /home/airflow/.local/lib/python3.12/site-packages/airflow/example_dags/example_sla_dag.py
[2024-04-26T12:38:49.049+0000] {processor.py:830} INFO - Processing file /home/airflow/.local/lib/python3.12/site-packages/airflow/example_dags/example_sla_dag.py for tasks to queue
[2024-04-26T12:38:49.050+0000] {logging_mixin.py:188} INFO - [2024-04-26T12:38:49.050+0000] {dagbag.py:540} INFO - Filling up the DagBag from /home/airflow/.local/lib/python3.12/site-packages/airflow/example_dags/example_sla_dag.py
[2024-04-26T12:38:49.056+0000] {processor.py:840} INFO - DAG(s) 'example_sla_dag' retrieved from /home/airflow/.local/lib/python3.12/site-packages/airflow/example_dags/example_sla_dag.py
[2024-04-26T12:38:49.071+0000] {logging_mixin.py:188} INFO - [2024-04-26T12:38:49.071+0000] {dag.py:3096} INFO - Sync 1 DAGs
[2024-04-26T12:38:49.089+0000] {logging_mixin.py:188} INFO - [2024-04-26T12:38:49.089+0000] {dag.py:3954} INFO - Setting next_dagrun for example_sla_dag to 2024-04-26 12:36:00+00:00, run_after=2024-04-26 12:38:00+00:00
[2024-04-26T12:38:49.104+0000] {processor.py:183} INFO - Processing /home/airflow/.local/lib/python3.12/site-packages/airflow/example_dags/example_sla_dag.py took 0.060 seconds
[2024-04-26T12:39:19.425+0000] {processor.py:161} INFO - Started process (PID=591) to work on /home/airflow/.local/lib/python3.12/site-packages/airflow/example_dags/example_sla_dag.py
[2024-04-26T12:39:19.426+0000] {processor.py:830} INFO - Processing file /home/airflow/.local/lib/python3.12/site-packages/airflow/example_dags/example_sla_dag.py for tasks to queue
[2024-04-26T12:39:19.428+0000] {logging_mixin.py:188} INFO - [2024-04-26T12:39:19.428+0000] {dagbag.py:540} INFO - Filling up the DagBag from /home/airflow/.local/lib/python3.12/site-packages/airflow/example_dags/example_sla_dag.py
[2024-04-26T12:39:19.436+0000] {processor.py:840} INFO - DAG(s) 'example_sla_dag' retrieved from /home/airflow/.local/lib/python3.12/site-packages/airflow/example_dags/example_sla_dag.py
[2024-04-26T12:39:19.453+0000] {logging_mixin.py:188} INFO - [2024-04-26T12:39:19.452+0000] {dag.py:3096} INFO - Sync 1 DAGs
[2024-04-26T12:39:19.476+0000] {logging_mixin.py:188} INFO - [2024-04-26T12:39:19.476+0000] {dag.py:3954} INFO - Setting next_dagrun for example_sla_dag to 2024-04-26 12:36:00+00:00, run_after=2024-04-26 12:38:00+00:00
[2024-04-26T12:39:19.492+0000] {processor.py:183} INFO - Processing /home/airflow/.local/lib/python3.12/site-packages/airflow/example_dags/example_sla_dag.py took 0.073 seconds
[2024-04-26T12:39:49.914+0000] {processor.py:161} INFO - Started process (PID=649) to work on /home/airflow/.local/lib/python3.12/site-packages/airflow/example_dags/example_sla_dag.py
[2024-04-26T12:39:49.915+0000] {processor.py:830} INFO - Processing file /home/airflow/.local/lib/python3.12/site-packages/airflow/example_dags/example_sla_dag.py for tasks to queue
[2024-04-26T12:39:49.917+0000] {logging_mixin.py:188} INFO - [2024-04-26T12:39:49.916+0000] {dagbag.py:540} INFO - Filling up the DagBag from /home/airflow/.local/lib/python3.12/site-packages/airflow/example_dags/example_sla_dag.py
[2024-04-26T12:39:49.923+0000] {processor.py:840} INFO - DAG(s) 'example_sla_dag' retrieved from /home/airflow/.local/lib/python3.12/site-packages/airflow/example_dags/example_sla_dag.py
[2024-04-26T12:39:49.938+0000] {logging_mixin.py:188} INFO - [2024-04-26T12:39:49.938+0000] {dag.py:3096} INFO - Sync 1 DAGs
[2024-04-26T12:39:49.956+0000] {logging_mixin.py:188} INFO - [2024-04-26T12:39:49.955+0000] {dag.py:3954} INFO - Setting next_dagrun for example_sla_dag to 2024-04-26 12:36:00+00:00, run_after=2024-04-26 12:38:00+00:00
[2024-04-26T12:39:49.973+0000] {processor.py:183} INFO - Processing /home/airflow/.local/lib/python3.12/site-packages/airflow/example_dags/example_sla_dag.py took 0.063 seconds
[2024-04-26T12:40:20.343+0000] {processor.py:161} INFO - Started process (PID=707) to work on /home/airflow/.local/lib/python3.12/site-packages/airflow/example_dags/example_sla_dag.py
[2024-04-26T12:40:20.344+0000] {processor.py:830} INFO - Processing file /home/airflow/.local/lib/python3.12/site-packages/airflow/example_dags/example_sla_dag.py for tasks to queue
[2024-04-26T12:40:20.345+0000] {logging_mixin.py:188} INFO - [2024-04-26T12:40:20.345+0000] {dagbag.py:540} INFO - Filling up the DagBag from /home/airflow/.local/lib/python3.12/site-packages/airflow/example_dags/example_sla_dag.py
[2024-04-26T12:40:20.352+0000] {processor.py:840} INFO - DAG(s) 'example_sla_dag' retrieved from /home/airflow/.local/lib/python3.12/site-packages/airflow/example_dags/example_sla_dag.py
[2024-04-26T12:40:20.367+0000] {logging_mixin.py:188} INFO - [2024-04-26T12:40:20.367+0000] {dag.py:3096} INFO - Sync 1 DAGs
[2024-04-26T12:40:20.386+0000] {logging_mixin.py:188} INFO - [2024-04-26T12:40:20.386+0000] {dag.py:3954} INFO - Setting next_dagrun for example_sla_dag to 2024-04-26 12:38:00+00:00, run_after=2024-04-26 12:40:00+00:00
[2024-04-26T12:40:20.401+0000] {processor.py:183} INFO - Processing /home/airflow/.local/lib/python3.12/site-packages/airflow/example_dags/example_sla_dag.py took 0.063 seconds
[2024-04-26T12:40:50.944+0000] {processor.py:161} INFO - Started process (PID=765) to work on /home/airflow/.local/lib/python3.12/site-packages/airflow/example_dags/example_sla_dag.py
[2024-04-26T12:40:50.945+0000] {processor.py:830} INFO - Processing file /home/airflow/.local/lib/python3.12/site-packages/airflow/example_dags/example_sla_dag.py for tasks to queue
[2024-04-26T12:40:50.947+0000] {logging_mixin.py:188} INFO - [2024-04-26T12:40:50.946+0000] {dagbag.py:540} INFO - Filling up the DagBag from /home/airflow/.local/lib/python3.12/site-packages/airflow/example_dags/example_sla_dag.py
[2024-04-26T12:40:50.953+0000] {processor.py:840} INFO - DAG(s) 'example_sla_dag' retrieved from /home/airflow/.local/lib/python3.12/site-packages/airflow/example_dags/example_sla_dag.py
[2024-04-26T12:40:50.969+0000] {logging_mixin.py:188} INFO - [2024-04-26T12:40:50.969+0000] {dag.py:3096} INFO - Sync 1 DAGs
[2024-04-26T12:40:50.987+0000] {logging_mixin.py:188} INFO - [2024-04-26T12:40:50.986+0000] {dag.py:3954} INFO - Setting next_dagrun for example_sla_dag to 2024-04-26 12:38:00+00:00, run_after=2024-04-26 12:40:00+00:00
[2024-04-26T12:40:51.002+0000] {processor.py:183} INFO - Processing /home/airflow/.local/lib/python3.12/site-packages/airflow/example_dags/example_sla_dag.py took 0.062 seconds
[2024-04-26T12:41:21.810+0000] {processor.py:161} INFO - Started process (PID=823) to work on /home/airflow/.local/lib/python3.12/site-packages/airflow/example_dags/example_sla_dag.py
[2024-04-26T12:41:21.811+0000] {processor.py:830} INFO - Processing file /home/airflow/.local/lib/python3.12/site-packages/airflow/example_dags/example_sla_dag.py for tasks to queue
[2024-04-26T12:41:21.812+0000] {logging_mixin.py:188} INFO - [2024-04-26T12:41:21.812+0000] {dagbag.py:540} INFO - Filling up the DagBag from /home/airflow/.local/lib/python3.12/site-packages/airflow/example_dags/example_sla_dag.py
[2024-04-26T12:41:21.819+0000] {processor.py:840} INFO - DAG(s) 'example_sla_dag' retrieved from /home/airflow/.local/lib/python3.12/site-packages/airflow/example_dags/example_sla_dag.py
[2024-04-26T12:41:21.835+0000] {logging_mixin.py:188} INFO - [2024-04-26T12:41:21.835+0000] {dag.py:3096} INFO - Sync 1 DAGs
[2024-04-26T12:41:21.854+0000] {logging_mixin.py:188} INFO - [2024-04-26T12:41:21.854+0000] {dag.py:3954} INFO - Setting next_dagrun for example_sla_dag to 2024-04-26 12:38:00+00:00, run_after=2024-04-26 12:40:00+00:00
[2024-04-26T12:41:21.871+0000] {processor.py:183} INFO - Processing /home/airflow/.local/lib/python3.12/site-packages/airflow/example_dags/example_sla_dag.py took 0.065 seconds
[2024-04-26T12:41:53.530+0000] {processor.py:161} INFO - Started process (PID=882) to work on /home/airflow/.local/lib/python3.12/site-packages/airflow/example_dags/example_sla_dag.py
[2024-04-26T12:41:53.531+0000] {processor.py:830} INFO - Processing file /home/airflow/.local/lib/python3.12/site-packages/airflow/example_dags/example_sla_dag.py for tasks to queue
[2024-04-26T12:41:53.533+0000] {logging_mixin.py:188} INFO - [2024-04-26T12:41:53.532+0000] {dagbag.py:540} INFO - Filling up the DagBag from /home/airflow/.local/lib/python3.12/site-packages/airflow/example_dags/example_sla_dag.py
[2024-04-26T12:41:53.539+0000] {processor.py:840} INFO - DAG(s) 'example_sla_dag' retrieved from /home/airflow/.local/lib/python3.12/site-packages/airflow/example_dags/example_sla_dag.py
[2024-04-26T12:41:53.555+0000] {logging_mixin.py:188} INFO - [2024-04-26T12:41:53.555+0000] {dag.py:3096} INFO - Sync 1 DAGs
[2024-04-26T12:41:53.682+0000] {logging_mixin.py:188} INFO - [2024-04-26T12:41:53.682+0000] {dag.py:3954} INFO - Setting next_dagrun for example_sla_dag to 2024-04-26 12:38:00+00:00, run_after=2024-04-26 12:40:00+00:00
[2024-04-26T12:41:53.696+0000] {processor.py:183} INFO - Processing /home/airflow/.local/lib/python3.12/site-packages/airflow/example_dags/example_sla_dag.py took 0.171 seconds
[2024-04-26T12:42:23.936+0000] {processor.py:161} INFO - Started process (PID=940) to work on /home/airflow/.local/lib/python3.12/site-packages/airflow/example_dags/example_sla_dag.py
[2024-04-26T12:42:23.937+0000] {processor.py:830} INFO - Processing file /home/airflow/.local/lib/python3.12/site-packages/airflow/example_dags/example_sla_dag.py for tasks to queue
[2024-04-26T12:42:23.938+0000] {logging_mixin.py:188} INFO - [2024-04-26T12:42:23.938+0000] {dagbag.py:540} INFO - Filling up the DagBag from /home/airflow/.local/lib/python3.12/site-packages/airflow/example_dags/example_sla_dag.py
[2024-04-26T12:42:23.946+0000] {processor.py:840} INFO - DAG(s) 'example_sla_dag' retrieved from /home/airflow/.local/lib/python3.12/site-packages/airflow/example_dags/example_sla_dag.py
[2024-04-26T12:42:23.961+0000] {logging_mixin.py:188} INFO - [2024-04-26T12:42:23.961+0000] {dag.py:3096} INFO - Sync 1 DAGs
[2024-04-26T12:42:23.981+0000] {logging_mixin.py:188} INFO - [2024-04-26T12:42:23.980+0000] {dag.py:3954} INFO - Setting next_dagrun for example_sla_dag to 2024-04-26 12:40:00+00:00, run_after=2024-04-26 12:42:00+00:00
[2024-04-26T12:42:23.997+0000] {processor.py:183} INFO - Processing /home/airflow/.local/lib/python3.12/site-packages/airflow/example_dags/example_sla_dag.py took 0.066 seconds
[2024-04-26T12:42:54.537+0000] {processor.py:161} INFO - Started process (PID=998) to work on /home/airflow/.local/lib/python3.12/site-packages/airflow/example_dags/example_sla_dag.py
[2024-04-26T12:42:54.538+0000] {processor.py:830} INFO - Processing file /home/airflow/.local/lib/python3.12/site-packages/airflow/example_dags/example_sla_dag.py for tasks to queue
[2024-04-26T12:42:54.540+0000] {logging_mixin.py:188} INFO - [2024-04-26T12:42:54.540+0000] {dagbag.py:540} INFO - Filling up the DagBag from /home/airflow/.local/lib/python3.12/site-packages/airflow/example_dags/example_sla_dag.py
[2024-04-26T12:42:54.546+0000] {processor.py:840} INFO - DAG(s) 'example_sla_dag' retrieved from /home/airflow/.local/lib/python3.12/site-packages/airflow/example_dags/example_sla_dag.py
[2024-04-26T12:42:54.562+0000] {logging_mixin.py:188} INFO - [2024-04-26T12:42:54.562+0000] {dag.py:3096} INFO - Sync 1 DAGs
[2024-04-26T12:42:54.580+0000] {logging_mixin.py:188} INFO - [2024-04-26T12:42:54.580+0000] {dag.py:3954} INFO - Setting next_dagrun for example_sla_dag to 2024-04-26 12:40:00+00:00, run_after=2024-04-26 12:42:00+00:00
[2024-04-26T12:42:54.596+0000] {processor.py:183} INFO - Processing /home/airflow/.local/lib/python3.12/site-packages/airflow/example_dags/example_sla_dag.py took 0.063 seconds
[2024-04-26T12:43:25.541+0000] {processor.py:161} INFO - Started process (PID=1056) to work on /home/airflow/.local/lib/python3.12/site-packages/airflow/example_dags/example_sla_dag.py
[2024-04-26T12:43:25.542+0000] {processor.py:830} INFO - Processing file /home/airflow/.local/lib/python3.12/site-packages/airflow/example_dags/example_sla_dag.py for tasks to queue
[2024-04-26T12:43:25.543+0000] {logging_mixin.py:188} INFO - [2024-04-26T12:43:25.543+0000] {dagbag.py:540} INFO - Filling up the DagBag from /home/airflow/.local/lib/python3.12/site-packages/airflow/example_dags/example_sla_dag.py
[2024-04-26T12:43:25.550+0000] {processor.py:840} INFO - DAG(s) 'example_sla_dag' retrieved from /home/airflow/.local/lib/python3.12/site-packages/airflow/example_dags/example_sla_dag.py
[2024-04-26T12:43:25.565+0000] {logging_mixin.py:188} INFO - [2024-04-26T12:43:25.565+0000] {dag.py:3096} INFO - Sync 1 DAGs
[2024-04-26T12:43:25.584+0000] {logging_mixin.py:188} INFO - [2024-04-26T12:43:25.584+0000] {dag.py:3954} INFO - Setting next_dagrun for example_sla_dag to 2024-04-26 12:40:00+00:00, run_after=2024-04-26 12:42:00+00:00
[2024-04-26T12:43:25.601+0000] {processor.py:183} INFO - Processing /home/airflow/.local/lib/python3.12/site-packages/airflow/example_dags/example_sla_dag.py took 0.065 seconds
[2024-04-26T12:43:56.197+0000] {processor.py:161} INFO - Started process (PID=1114) to work on /home/airflow/.local/lib/python3.12/site-packages/airflow/example_dags/example_sla_dag.py
[2024-04-26T12:43:56.197+0000] {processor.py:830} INFO - Processing file /home/airflow/.local/lib/python3.12/site-packages/airflow/example_dags/example_sla_dag.py for tasks to queue
[2024-04-26T12:43:56.199+0000] {logging_mixin.py:188} INFO - [2024-04-26T12:43:56.199+0000] {dagbag.py:540} INFO - Filling up the DagBag from /home/airflow/.local/lib/python3.12/site-packages/airflow/example_dags/example_sla_dag.py
[2024-04-26T12:43:56.205+0000] {processor.py:840} INFO - DAG(s) 'example_sla_dag' retrieved from /home/airflow/.local/lib/python3.12/site-packages/airflow/example_dags/example_sla_dag.py
[2024-04-26T12:43:56.220+0000] {logging_mixin.py:188} INFO - [2024-04-26T12:43:56.220+0000] {dag.py:3096} INFO - Sync 1 DAGs
[2024-04-26T12:43:56.330+0000] {logging_mixin.py:188} INFO - [2024-04-26T12:43:56.330+0000] {dag.py:3954} INFO - Setting next_dagrun for example_sla_dag to 2024-04-26 12:40:00+00:00, run_after=2024-04-26 12:42:00+00:00
[2024-04-26T12:43:56.342+0000] {processor.py:183} INFO - Processing /home/airflow/.local/lib/python3.12/site-packages/airflow/example_dags/example_sla_dag.py took 0.150 seconds
[2024-04-26T12:44:26.752+0000] {processor.py:161} INFO - Started process (PID=1172) to work on /home/airflow/.local/lib/python3.12/site-packages/airflow/example_dags/example_sla_dag.py
[2024-04-26T12:44:26.753+0000] {processor.py:830} INFO - Processing file /home/airflow/.local/lib/python3.12/site-packages/airflow/example_dags/example_sla_dag.py for tasks to queue
[2024-04-26T12:44:26.755+0000] {logging_mixin.py:188} INFO - [2024-04-26T12:44:26.755+0000] {dagbag.py:540} INFO - Filling up the DagBag from /home/airflow/.local/lib/python3.12/site-packages/airflow/example_dags/example_sla_dag.py
[2024-04-26T12:44:26.761+0000] {processor.py:840} INFO - DAG(s) 'example_sla_dag' retrieved from /home/airflow/.local/lib/python3.12/site-packages/airflow/example_dags/example_sla_dag.py
[2024-04-26T12:44:26.778+0000] {logging_mixin.py:188} INFO - [2024-04-26T12:44:26.777+0000] {dag.py:3096} INFO - Sync 1 DAGs
[2024-04-26T12:44:26.796+0000] {logging_mixin.py:188} INFO - [2024-04-26T12:44:26.796+0000] {dag.py:3954} INFO - Setting next_dagrun for example_sla_dag to 2024-04-26 12:42:00+00:00, run_after=2024-04-26 12:44:00+00:00
[2024-04-26T12:44:26.814+0000] {processor.py:183} INFO - Processing /home/airflow/.local/lib/python3.12/site-packages/airflow/example_dags/example_sla_dag.py took 0.066 seconds
[2024-04-26T12:44:57.348+0000] {processor.py:161} INFO - Started process (PID=1231) to work on /home/airflow/.local/lib/python3.12/site-packages/airflow/example_dags/example_sla_dag.py
[2024-04-26T12:44:57.349+0000] {processor.py:830} INFO - Processing file /home/airflow/.local/lib/python3.12/site-packages/airflow/example_dags/example_sla_dag.py for tasks to queue
[2024-04-26T12:44:57.351+0000] {logging_mixin.py:188} INFO - [2024-04-26T12:44:57.350+0000] {dagbag.py:540} INFO - Filling up the DagBag from /home/airflow/.local/lib/python3.12/site-packages/airflow/example_dags/example_sla_dag.py
[2024-04-26T12:44:57.357+0000] {processor.py:840} INFO - DAG(s) 'example_sla_dag' retrieved from /home/airflow/.local/lib/python3.12/site-packages/airflow/example_dags/example_sla_dag.py
[2024-04-26T12:44:57.372+0000] {logging_mixin.py:188} INFO - [2024-04-26T12:44:57.372+0000] {dag.py:3096} INFO - Sync 1 DAGs
[2024-04-26T12:44:57.393+0000] {logging_mixin.py:188} INFO - [2024-04-26T12:44:57.393+0000] {dag.py:3954} INFO - Setting next_dagrun for example_sla_dag to 2024-04-26 12:42:00+00:00, run_after=2024-04-26 12:44:00+00:00
[2024-04-26T12:44:57.409+0000] {processor.py:183} INFO - Processing /home/airflow/.local/lib/python3.12/site-packages/airflow/example_dags/example_sla_dag.py took 0.065 seconds
[2024-04-26T12:45:27.833+0000] {processor.py:161} INFO - Started process (PID=1291) to work on /home/airflow/.local/lib/python3.12/site-packages/airflow/example_dags/example_sla_dag.py
[2024-04-26T12:45:27.834+0000] {processor.py:830} INFO - Processing file /home/airflow/.local/lib/python3.12/site-packages/airflow/example_dags/example_sla_dag.py for tasks to queue
[2024-04-26T12:45:27.836+0000] {logging_mixin.py:188} INFO - [2024-04-26T12:45:27.836+0000] {dagbag.py:540} INFO - Filling up the DagBag from /home/airflow/.local/lib/python3.12/site-packages/airflow/example_dags/example_sla_dag.py
[2024-04-26T12:45:27.844+0000] {processor.py:840} INFO - DAG(s) 'example_sla_dag' retrieved from /home/airflow/.local/lib/python3.12/site-packages/airflow/example_dags/example_sla_dag.py
[2024-04-26T12:45:27.862+0000] {logging_mixin.py:188} INFO - [2024-04-26T12:45:27.862+0000] {dag.py:3096} INFO - Sync 1 DAGs
[2024-04-26T12:45:27.883+0000] {logging_mixin.py:188} INFO - [2024-04-26T12:45:27.883+0000] {dag.py:3954} INFO - Setting next_dagrun for example_sla_dag to 2024-04-26 12:42:00+00:00, run_after=2024-04-26 12:44:00+00:00
[2024-04-26T12:45:27.897+0000] {processor.py:183} INFO - Processing /home/airflow/.local/lib/python3.12/site-packages/airflow/example_dags/example_sla_dag.py took 0.069 seconds
[2024-04-26T12:45:58.405+0000] {processor.py:161} INFO - Started process (PID=1353) to work on /home/airflow/.local/lib/python3.12/site-packages/airflow/example_dags/example_sla_dag.py
[2024-04-26T12:45:58.406+0000] {processor.py:830} INFO - Processing file /home/airflow/.local/lib/python3.12/site-packages/airflow/example_dags/example_sla_dag.py for tasks to queue
[2024-04-26T12:45:58.407+0000] {logging_mixin.py:188} INFO - [2024-04-26T12:45:58.407+0000] {dagbag.py:540} INFO - Filling up the DagBag from /home/airflow/.local/lib/python3.12/site-packages/airflow/example_dags/example_sla_dag.py
[2024-04-26T12:45:58.413+0000] {processor.py:840} INFO - DAG(s) 'example_sla_dag' retrieved from /home/airflow/.local/lib/python3.12/site-packages/airflow/example_dags/example_sla_dag.py
[2024-04-26T12:45:58.428+0000] {logging_mixin.py:188} INFO - [2024-04-26T12:45:58.428+0000] {dag.py:3096} INFO - Sync 1 DAGs
[2024-04-26T12:45:58.447+0000] {logging_mixin.py:188} INFO - [2024-04-26T12:45:58.447+0000] {dag.py:3954} INFO - Setting next_dagrun for example_sla_dag to 2024-04-26 12:42:00+00:00, run_after=2024-04-26 12:44:00+00:00
[2024-04-26T12:45:58.463+0000] {processor.py:183} INFO - Processing /home/airflow/.local/lib/python3.12/site-packages/airflow/example_dags/example_sla_dag.py took 0.063 seconds
[2024-04-26T12:46:29.239+0000] {processor.py:161} INFO - Started process (PID=1416) to work on /home/airflow/.local/lib/python3.12/site-packages/airflow/example_dags/example_sla_dag.py
[2024-04-26T12:46:29.240+0000] {processor.py:830} INFO - Processing file /home/airflow/.local/lib/python3.12/site-packages/airflow/example_dags/example_sla_dag.py for tasks to queue
[2024-04-26T12:46:29.242+0000] {logging_mixin.py:188} INFO - [2024-04-26T12:46:29.242+0000] {dagbag.py:540} INFO - Filling up the DagBag from /home/airflow/.local/lib/python3.12/site-packages/airflow/example_dags/example_sla_dag.py
[2024-04-26T12:46:29.249+0000] {processor.py:840} INFO - DAG(s) 'example_sla_dag' retrieved from /home/airflow/.local/lib/python3.12/site-packages/airflow/example_dags/example_sla_dag.py
[2024-04-26T12:46:29.265+0000] {logging_mixin.py:188} INFO - [2024-04-26T12:46:29.265+0000] {dag.py:3096} INFO - Sync 1 DAGs
[2024-04-26T12:46:29.286+0000] {logging_mixin.py:188} INFO - [2024-04-26T12:46:29.285+0000] {dag.py:3954} INFO - Setting next_dagrun for example_sla_dag to 2024-04-26 12:44:00+00:00, run_after=2024-04-26 12:46:00+00:00
[2024-04-26T12:46:29.305+0000] {processor.py:183} INFO - Processing /home/airflow/.local/lib/python3.12/site-packages/airflow/example_dags/example_sla_dag.py took 0.071 seconds
[2024-04-26T12:46:59.638+0000] {processor.py:161} INFO - Started process (PID=1476) to work on /home/airflow/.local/lib/python3.12/site-packages/airflow/example_dags/example_sla_dag.py
[2024-04-26T12:46:59.639+0000] {processor.py:830} INFO - Processing file /home/airflow/.local/lib/python3.12/site-packages/airflow/example_dags/example_sla_dag.py for tasks to queue
[2024-04-26T12:46:59.641+0000] {logging_mixin.py:188} INFO - [2024-04-26T12:46:59.640+0000] {dagbag.py:540} INFO - Filling up the DagBag from /home/airflow/.local/lib/python3.12/site-packages/airflow/example_dags/example_sla_dag.py
[2024-04-26T12:46:59.647+0000] {processor.py:840} INFO - DAG(s) 'example_sla_dag' retrieved from /home/airflow/.local/lib/python3.12/site-packages/airflow/example_dags/example_sla_dag.py
[2024-04-26T12:46:59.663+0000] {logging_mixin.py:188} INFO - [2024-04-26T12:46:59.663+0000] {dag.py:3096} INFO - Sync 1 DAGs
[2024-04-26T12:46:59.687+0000] {logging_mixin.py:188} INFO - [2024-04-26T12:46:59.687+0000] {dag.py:3954} INFO - Setting next_dagrun for example_sla_dag to 2024-04-26 12:44:00+00:00, run_after=2024-04-26 12:46:00+00:00
[2024-04-26T12:46:59.703+0000] {processor.py:183} INFO - Processing /home/airflow/.local/lib/python3.12/site-packages/airflow/example_dags/example_sla_dag.py took 0.069 seconds
[2024-04-26T12:47:30.006+0000] {processor.py:161} INFO - Started process (PID=1542) to work on /home/airflow/.local/lib/python3.12/site-packages/airflow/example_dags/example_sla_dag.py
[2024-04-26T12:47:30.007+0000] {processor.py:830} INFO - Processing file /home/airflow/.local/lib/python3.12/site-packages/airflow/example_dags/example_sla_dag.py for tasks to queue
[2024-04-26T12:47:30.009+0000] {logging_mixin.py:188} INFO - [2024-04-26T12:47:30.009+0000] {dagbag.py:540} INFO - Filling up the DagBag from /home/airflow/.local/lib/python3.12/site-packages/airflow/example_dags/example_sla_dag.py
[2024-04-26T12:47:30.015+0000] {processor.py:840} INFO - DAG(s) 'example_sla_dag' retrieved from /home/airflow/.local/lib/python3.12/site-packages/airflow/example_dags/example_sla_dag.py
[2024-04-26T12:47:30.029+0000] {logging_mixin.py:188} INFO - [2024-04-26T12:47:30.029+0000] {dag.py:3096} INFO - Sync 1 DAGs
[2024-04-26T12:47:30.047+0000] {logging_mixin.py:188} INFO - [2024-04-26T12:47:30.047+0000] {dag.py:3954} INFO - Setting next_dagrun for example_sla_dag to 2024-04-26 12:44:00+00:00, run_after=2024-04-26 12:46:00+00:00
[2024-04-26T12:47:30.061+0000] {processor.py:183} INFO - Processing /home/airflow/.local/lib/python3.12/site-packages/airflow/example_dags/example_sla_dag.py took 0.059 seconds
[2024-04-26T12:48:00.397+0000] {processor.py:161} INFO - Started process (PID=1602) to work on /home/airflow/.local/lib/python3.12/site-packages/airflow/example_dags/example_sla_dag.py
[2024-04-26T12:48:00.398+0000] {processor.py:830} INFO - Processing file /home/airflow/.local/lib/python3.12/site-packages/airflow/example_dags/example_sla_dag.py for tasks to queue
[2024-04-26T12:48:00.399+0000] {logging_mixin.py:188} INFO - [2024-04-26T12:48:00.399+0000] {dagbag.py:540} INFO - Filling up the DagBag from /home/airflow/.local/lib/python3.12/site-packages/airflow/example_dags/example_sla_dag.py
[2024-04-26T12:48:00.406+0000] {processor.py:840} INFO - DAG(s) 'example_sla_dag' retrieved from /home/airflow/.local/lib/python3.12/site-packages/airflow/example_dags/example_sla_dag.py
[2024-04-26T12:48:00.422+0000] {logging_mixin.py:188} INFO - [2024-04-26T12:48:00.421+0000] {dag.py:3096} INFO - Sync 1 DAGs
[2024-04-26T12:48:00.440+0000] {logging_mixin.py:188} INFO - [2024-04-26T12:48:00.440+0000] {dag.py:3954} INFO - Setting next_dagrun for example_sla_dag to 2024-04-26 12:46:00+00:00, run_after=2024-04-26 12:48:00+00:00
[2024-04-26T12:48:00.456+0000] {processor.py:183} INFO - Processing /home/airflow/.local/lib/python3.12/site-packages/airflow/example_dags/example_sla_dag.py took 0.064 seconds
[2024-04-26T12:48:30.765+0000] {processor.py:161} INFO - Started process (PID=1662) to work on /home/airflow/.local/lib/python3.12/site-packages/airflow/example_dags/example_sla_dag.py
[2024-04-26T12:48:30.765+0000] {processor.py:830} INFO - Processing file /home/airflow/.local/lib/python3.12/site-packages/airflow/example_dags/example_sla_dag.py for tasks to queue
[2024-04-26T12:48:30.767+0000] {logging_mixin.py:188} INFO - [2024-04-26T12:48:30.767+0000] {dagbag.py:540} INFO - Filling up the DagBag from /home/airflow/.local/lib/python3.12/site-packages/airflow/example_dags/example_sla_dag.py
[2024-04-26T12:48:30.773+0000] {processor.py:840} INFO - DAG(s) 'example_sla_dag' retrieved from /home/airflow/.local/lib/python3.12/site-packages/airflow/example_dags/example_sla_dag.py
[2024-04-26T12:48:30.791+0000] {logging_mixin.py:188} INFO - [2024-04-26T12:48:30.791+0000] {dag.py:3096} INFO - Sync 1 DAGs
[2024-04-26T12:48:30.811+0000] {logging_mixin.py:188} INFO - [2024-04-26T12:48:30.811+0000] {dag.py:3954} INFO - Setting next_dagrun for example_sla_dag to 2024-04-26 12:46:00+00:00, run_after=2024-04-26 12:48:00+00:00
[2024-04-26T12:48:30.825+0000] {processor.py:183} INFO - Processing /home/airflow/.local/lib/python3.12/site-packages/airflow/example_dags/example_sla_dag.py took 0.065 seconds
[2024-04-26T12:49:01.221+0000] {processor.py:161} INFO - Started process (PID=1722) to work on /home/airflow/.local/lib/python3.12/site-packages/airflow/example_dags/example_sla_dag.py
[2024-04-26T12:49:01.222+0000] {processor.py:830} INFO - Processing file /home/airflow/.local/lib/python3.12/site-packages/airflow/example_dags/example_sla_dag.py for tasks to queue
[2024-04-26T12:49:01.223+0000] {logging_mixin.py:188} INFO - [2024-04-26T12:49:01.223+0000] {dagbag.py:540} INFO - Filling up the DagBag from /home/airflow/.local/lib/python3.12/site-packages/airflow/example_dags/example_sla_dag.py
[2024-04-26T12:49:01.229+0000] {processor.py:840} INFO - DAG(s) 'example_sla_dag' retrieved from /home/airflow/.local/lib/python3.12/site-packages/airflow/example_dags/example_sla_dag.py
[2024-04-26T12:49:01.245+0000] {logging_mixin.py:188} INFO - [2024-04-26T12:49:01.245+0000] {dag.py:3096} INFO - Sync 1 DAGs
[2024-04-26T12:49:01.262+0000] {logging_mixin.py:188} INFO - [2024-04-26T12:49:01.262+0000] {dag.py:3954} INFO - Setting next_dagrun for example_sla_dag to 2024-04-26 12:46:00+00:00, run_after=2024-04-26 12:48:00+00:00
[2024-04-26T12:49:01.277+0000] {processor.py:183} INFO - Processing /home/airflow/.local/lib/python3.12/site-packages/airflow/example_dags/example_sla_dag.py took 0.060 seconds
[2024-04-26T12:49:32.020+0000] {processor.py:161} INFO - Started process (PID=1824) to work on /home/airflow/.local/lib/python3.12/site-packages/airflow/example_dags/example_sla_dag.py
[2024-04-26T12:49:32.021+0000] {processor.py:830} INFO - Processing file /home/airflow/.local/lib/python3.12/site-packages/airflow/example_dags/example_sla_dag.py for tasks to queue
[2024-04-26T12:49:32.022+0000] {logging_mixin.py:188} INFO - [2024-04-26T12:49:32.022+0000] {dagbag.py:540} INFO - Filling up the DagBag from /home/airflow/.local/lib/python3.12/site-packages/airflow/example_dags/example_sla_dag.py
[2024-04-26T12:49:32.029+0000] {processor.py:840} INFO - DAG(s) 'example_sla_dag' retrieved from /home/airflow/.local/lib/python3.12/site-packages/airflow/example_dags/example_sla_dag.py
[2024-04-26T12:49:32.046+0000] {logging_mixin.py:188} INFO - [2024-04-26T12:49:32.046+0000] {dag.py:3096} INFO - Sync 1 DAGs
[2024-04-26T12:49:32.069+0000] {logging_mixin.py:188} INFO - [2024-04-26T12:49:32.069+0000] {dag.py:3954} INFO - Setting next_dagrun for example_sla_dag to 2024-04-26 12:46:00+00:00, run_after=2024-04-26 12:48:00+00:00
[2024-04-26T12:49:32.085+0000] {processor.py:183} INFO - Processing /home/airflow/.local/lib/python3.12/site-packages/airflow/example_dags/example_sla_dag.py took 0.071 seconds
[2024-04-26T12:50:02.867+0000] {processor.py:161} INFO - Started process (PID=2056) to work on /home/airflow/.local/lib/python3.12/site-packages/airflow/example_dags/example_sla_dag.py
[2024-04-26T12:50:02.868+0000] {processor.py:830} INFO - Processing file /home/airflow/.local/lib/python3.12/site-packages/airflow/example_dags/example_sla_dag.py for tasks to queue
[2024-04-26T12:50:02.870+0000] {logging_mixin.py:188} INFO - [2024-04-26T12:50:02.869+0000] {dagbag.py:540} INFO - Filling up the DagBag from /home/airflow/.local/lib/python3.12/site-packages/airflow/example_dags/example_sla_dag.py
[2024-04-26T12:50:02.876+0000] {processor.py:840} INFO - DAG(s) 'example_sla_dag' retrieved from /home/airflow/.local/lib/python3.12/site-packages/airflow/example_dags/example_sla_dag.py
[2024-04-26T12:50:02.891+0000] {logging_mixin.py:188} INFO - [2024-04-26T12:50:02.891+0000] {dag.py:3096} INFO - Sync 1 DAGs
[2024-04-26T12:50:02.910+0000] {logging_mixin.py:188} INFO - [2024-04-26T12:50:02.910+0000] {dag.py:3954} INFO - Setting next_dagrun for example_sla_dag to 2024-04-26 12:48:00+00:00, run_after=2024-04-26 12:50:00+00:00
[2024-04-26T12:50:02.927+0000] {processor.py:183} INFO - Processing /home/airflow/.local/lib/python3.12/site-packages/airflow/example_dags/example_sla_dag.py took 0.064 seconds
[2024-04-26T12:50:33.888+0000] {processor.py:161} INFO - Started process (PID=2336) to work on /home/airflow/.local/lib/python3.12/site-packages/airflow/example_dags/example_sla_dag.py
[2024-04-26T12:50:33.890+0000] {processor.py:830} INFO - Processing file /home/airflow/.local/lib/python3.12/site-packages/airflow/example_dags/example_sla_dag.py for tasks to queue
[2024-04-26T12:50:33.892+0000] {logging_mixin.py:188} INFO - [2024-04-26T12:50:33.891+0000] {dagbag.py:540} INFO - Filling up the DagBag from /home/airflow/.local/lib/python3.12/site-packages/airflow/example_dags/example_sla_dag.py
[2024-04-26T12:50:33.903+0000] {processor.py:840} INFO - DAG(s) 'example_sla_dag' retrieved from /home/airflow/.local/lib/python3.12/site-packages/airflow/example_dags/example_sla_dag.py
[2024-04-26T12:50:33.930+0000] {logging_mixin.py:188} INFO - [2024-04-26T12:50:33.930+0000] {dag.py:3096} INFO - Sync 1 DAGs
[2024-04-26T12:50:33.968+0000] {logging_mixin.py:188} INFO - [2024-04-26T12:50:33.968+0000] {dag.py:3954} INFO - Setting next_dagrun for example_sla_dag to 2024-04-26 12:48:00+00:00, run_after=2024-04-26 12:50:00+00:00
[2024-04-26T12:50:33.996+0000] {processor.py:183} INFO - Processing /home/airflow/.local/lib/python3.12/site-packages/airflow/example_dags/example_sla_dag.py took 0.115 seconds
[2024-04-26T12:51:04.120+0000] {processor.py:161} INFO - Started process (PID=2579) to work on /home/airflow/.local/lib/python3.12/site-packages/airflow/example_dags/example_sla_dag.py
[2024-04-26T12:51:04.122+0000] {processor.py:830} INFO - Processing file /home/airflow/.local/lib/python3.12/site-packages/airflow/example_dags/example_sla_dag.py for tasks to queue
[2024-04-26T12:51:04.125+0000] {logging_mixin.py:188} INFO - [2024-04-26T12:51:04.124+0000] {dagbag.py:540} INFO - Filling up the DagBag from /home/airflow/.local/lib/python3.12/site-packages/airflow/example_dags/example_sla_dag.py
[2024-04-26T12:51:04.138+0000] {processor.py:840} INFO - DAG(s) 'example_sla_dag' retrieved from /home/airflow/.local/lib/python3.12/site-packages/airflow/example_dags/example_sla_dag.py
[2024-04-26T12:51:04.167+0000] {logging_mixin.py:188} INFO - [2024-04-26T12:51:04.167+0000] {dag.py:3096} INFO - Sync 1 DAGs
[2024-04-26T12:51:04.203+0000] {logging_mixin.py:188} INFO - [2024-04-26T12:51:04.203+0000] {dag.py:3954} INFO - Setting next_dagrun for example_sla_dag to 2024-04-26 12:48:00+00:00, run_after=2024-04-26 12:50:00+00:00
[2024-04-26T12:51:04.227+0000] {processor.py:183} INFO - Processing /home/airflow/.local/lib/python3.12/site-packages/airflow/example_dags/example_sla_dag.py took 0.116 seconds
[2024-04-26T12:51:34.601+0000] {processor.py:161} INFO - Started process (PID=2815) to work on /home/airflow/.local/lib/python3.12/site-packages/airflow/example_dags/example_sla_dag.py
[2024-04-26T12:51:34.602+0000] {processor.py:830} INFO - Processing file /home/airflow/.local/lib/python3.12/site-packages/airflow/example_dags/example_sla_dag.py for tasks to queue
[2024-04-26T12:51:34.604+0000] {logging_mixin.py:188} INFO - [2024-04-26T12:51:34.603+0000] {dagbag.py:540} INFO - Filling up the DagBag from /home/airflow/.local/lib/python3.12/site-packages/airflow/example_dags/example_sla_dag.py
[2024-04-26T12:51:34.616+0000] {processor.py:840} INFO - DAG(s) 'example_sla_dag' retrieved from /home/airflow/.local/lib/python3.12/site-packages/airflow/example_dags/example_sla_dag.py
[2024-04-26T12:51:34.638+0000] {logging_mixin.py:188} INFO - [2024-04-26T12:51:34.638+0000] {dag.py:3096} INFO - Sync 1 DAGs
[2024-04-26T12:51:34.662+0000] {logging_mixin.py:188} INFO - [2024-04-26T12:51:34.662+0000] {dag.py:3954} INFO - Setting next_dagrun for example_sla_dag to 2024-04-26 12:48:00+00:00, run_after=2024-04-26 12:50:00+00:00
[2024-04-26T12:51:34.680+0000] {processor.py:183} INFO - Processing /home/airflow/.local/lib/python3.12/site-packages/airflow/example_dags/example_sla_dag.py took 0.085 seconds
[2024-04-26T12:52:05.031+0000] {processor.py:161} INFO - Started process (PID=3059) to work on /home/airflow/.local/lib/python3.12/site-packages/airflow/example_dags/example_sla_dag.py
[2024-04-26T12:52:05.032+0000] {processor.py:830} INFO - Processing file /home/airflow/.local/lib/python3.12/site-packages/airflow/example_dags/example_sla_dag.py for tasks to queue
[2024-04-26T12:52:05.034+0000] {logging_mixin.py:188} INFO - [2024-04-26T12:52:05.034+0000] {dagbag.py:540} INFO - Filling up the DagBag from /home/airflow/.local/lib/python3.12/site-packages/airflow/example_dags/example_sla_dag.py
[2024-04-26T12:52:05.044+0000] {processor.py:840} INFO - DAG(s) 'example_sla_dag' retrieved from /home/airflow/.local/lib/python3.12/site-packages/airflow/example_dags/example_sla_dag.py
[2024-04-26T12:52:05.062+0000] {logging_mixin.py:188} INFO - [2024-04-26T12:52:05.062+0000] {dag.py:3096} INFO - Sync 1 DAGs
[2024-04-26T12:52:05.095+0000] {logging_mixin.py:188} INFO - [2024-04-26T12:52:05.095+0000] {dag.py:3954} INFO - Setting next_dagrun for example_sla_dag to 2024-04-26 12:50:00+00:00, run_after=2024-04-26 12:52:00+00:00
[2024-04-26T12:52:05.118+0000] {processor.py:183} INFO - Processing /home/airflow/.local/lib/python3.12/site-packages/airflow/example_dags/example_sla_dag.py took 0.095 seconds
[2024-04-26T12:52:35.197+0000] {processor.py:161} INFO - Started process (PID=3315) to work on /home/airflow/.local/lib/python3.12/site-packages/airflow/example_dags/example_sla_dag.py
[2024-04-26T12:52:35.197+0000] {processor.py:830} INFO - Processing file /home/airflow/.local/lib/python3.12/site-packages/airflow/example_dags/example_sla_dag.py for tasks to queue
[2024-04-26T12:52:35.199+0000] {logging_mixin.py:188} INFO - [2024-04-26T12:52:35.199+0000] {dagbag.py:540} INFO - Filling up the DagBag from /home/airflow/.local/lib/python3.12/site-packages/airflow/example_dags/example_sla_dag.py
[2024-04-26T12:52:35.205+0000] {processor.py:840} INFO - DAG(s) 'example_sla_dag' retrieved from /home/airflow/.local/lib/python3.12/site-packages/airflow/example_dags/example_sla_dag.py
[2024-04-26T12:52:35.221+0000] {logging_mixin.py:188} INFO - [2024-04-26T12:52:35.221+0000] {dag.py:3096} INFO - Sync 1 DAGs
[2024-04-26T12:52:35.240+0000] {logging_mixin.py:188} INFO - [2024-04-26T12:52:35.240+0000] {dag.py:3954} INFO - Setting next_dagrun for example_sla_dag to 2024-04-26 12:50:00+00:00, run_after=2024-04-26 12:52:00+00:00
[2024-04-26T12:52:35.256+0000] {processor.py:183} INFO - Processing /home/airflow/.local/lib/python3.12/site-packages/airflow/example_dags/example_sla_dag.py took 0.064 seconds
[2024-04-26T12:53:05.700+0000] {processor.py:161} INFO - Started process (PID=3571) to work on /home/airflow/.local/lib/python3.12/site-packages/airflow/example_dags/example_sla_dag.py
[2024-04-26T12:53:05.701+0000] {processor.py:830} INFO - Processing file /home/airflow/.local/lib/python3.12/site-packages/airflow/example_dags/example_sla_dag.py for tasks to queue
[2024-04-26T12:53:05.703+0000] {logging_mixin.py:188} INFO - [2024-04-26T12:53:05.703+0000] {dagbag.py:540} INFO - Filling up the DagBag from /home/airflow/.local/lib/python3.12/site-packages/airflow/example_dags/example_sla_dag.py
[2024-04-26T12:53:05.713+0000] {processor.py:840} INFO - DAG(s) 'example_sla_dag' retrieved from /home/airflow/.local/lib/python3.12/site-packages/airflow/example_dags/example_sla_dag.py
[2024-04-26T12:53:05.734+0000] {logging_mixin.py:188} INFO - [2024-04-26T12:53:05.733+0000] {dag.py:3096} INFO - Sync 1 DAGs
[2024-04-26T12:53:05.762+0000] {logging_mixin.py:188} INFO - [2024-04-26T12:53:05.761+0000] {dag.py:3954} INFO - Setting next_dagrun for example_sla_dag to 2024-04-26 12:50:00+00:00, run_after=2024-04-26 12:52:00+00:00
[2024-04-26T12:53:05.784+0000] {processor.py:183} INFO - Processing /home/airflow/.local/lib/python3.12/site-packages/airflow/example_dags/example_sla_dag.py took 0.091 seconds
[2024-04-26T12:53:36.730+0000] {processor.py:161} INFO - Started process (PID=3799) to work on /home/airflow/.local/lib/python3.12/site-packages/airflow/example_dags/example_sla_dag.py
[2024-04-26T12:53:36.731+0000] {processor.py:830} INFO - Processing file /home/airflow/.local/lib/python3.12/site-packages/airflow/example_dags/example_sla_dag.py for tasks to queue
[2024-04-26T12:53:36.732+0000] {logging_mixin.py:188} INFO - [2024-04-26T12:53:36.732+0000] {dagbag.py:540} INFO - Filling up the DagBag from /home/airflow/.local/lib/python3.12/site-packages/airflow/example_dags/example_sla_dag.py
[2024-04-26T12:53:36.738+0000] {processor.py:840} INFO - DAG(s) 'example_sla_dag' retrieved from /home/airflow/.local/lib/python3.12/site-packages/airflow/example_dags/example_sla_dag.py
[2024-04-26T12:53:36.753+0000] {logging_mixin.py:188} INFO - [2024-04-26T12:53:36.753+0000] {dag.py:3096} INFO - Sync 1 DAGs
[2024-04-26T12:53:36.771+0000] {logging_mixin.py:188} INFO - [2024-04-26T12:53:36.771+0000] {dag.py:3954} INFO - Setting next_dagrun for example_sla_dag to 2024-04-26 12:50:00+00:00, run_after=2024-04-26 12:52:00+00:00
[2024-04-26T12:53:36.785+0000] {processor.py:183} INFO - Processing /home/airflow/.local/lib/python3.12/site-packages/airflow/example_dags/example_sla_dag.py took 0.060 seconds
[2024-04-26T12:54:07.143+0000] {processor.py:161} INFO - Started process (PID=3863) to work on /home/airflow/.local/lib/python3.12/site-packages/airflow/example_dags/example_sla_dag.py
[2024-04-26T12:54:07.144+0000] {processor.py:830} INFO - Processing file /home/airflow/.local/lib/python3.12/site-packages/airflow/example_dags/example_sla_dag.py for tasks to queue
[2024-04-26T12:54:07.145+0000] {logging_mixin.py:188} INFO - [2024-04-26T12:54:07.145+0000] {dagbag.py:540} INFO - Filling up the DagBag from /home/airflow/.local/lib/python3.12/site-packages/airflow/example_dags/example_sla_dag.py
[2024-04-26T12:54:07.152+0000] {processor.py:840} INFO - DAG(s) 'example_sla_dag' retrieved from /home/airflow/.local/lib/python3.12/site-packages/airflow/example_dags/example_sla_dag.py
[2024-04-26T12:54:07.168+0000] {logging_mixin.py:188} INFO - [2024-04-26T12:54:07.168+0000] {dag.py:3096} INFO - Sync 1 DAGs
[2024-04-26T12:54:07.185+0000] {logging_mixin.py:188} INFO - [2024-04-26T12:54:07.185+0000] {dag.py:3954} INFO - Setting next_dagrun for example_sla_dag to 2024-04-26 12:52:00+00:00, run_after=2024-04-26 12:54:00+00:00
[2024-04-26T12:54:07.198+0000] {processor.py:183} INFO - Processing /home/airflow/.local/lib/python3.12/site-packages/airflow/example_dags/example_sla_dag.py took 0.060 seconds
[2024-04-26T12:54:37.465+0000] {processor.py:161} INFO - Started process (PID=3923) to work on /home/airflow/.local/lib/python3.12/site-packages/airflow/example_dags/example_sla_dag.py
[2024-04-26T12:54:37.466+0000] {processor.py:830} INFO - Processing file /home/airflow/.local/lib/python3.12/site-packages/airflow/example_dags/example_sla_dag.py for tasks to queue
[2024-04-26T12:54:37.468+0000] {logging_mixin.py:188} INFO - [2024-04-26T12:54:37.467+0000] {dagbag.py:540} INFO - Filling up the DagBag from /home/airflow/.local/lib/python3.12/site-packages/airflow/example_dags/example_sla_dag.py
[2024-04-26T12:54:37.476+0000] {processor.py:840} INFO - DAG(s) 'example_sla_dag' retrieved from /home/airflow/.local/lib/python3.12/site-packages/airflow/example_dags/example_sla_dag.py
[2024-04-26T12:54:37.496+0000] {logging_mixin.py:188} INFO - [2024-04-26T12:54:37.496+0000] {dag.py:3096} INFO - Sync 1 DAGs
[2024-04-26T12:54:37.519+0000] {logging_mixin.py:188} INFO - [2024-04-26T12:54:37.519+0000] {dag.py:3954} INFO - Setting next_dagrun for example_sla_dag to 2024-04-26 12:52:00+00:00, run_after=2024-04-26 12:54:00+00:00
[2024-04-26T12:54:37.534+0000] {processor.py:183} INFO - Processing /home/airflow/.local/lib/python3.12/site-packages/airflow/example_dags/example_sla_dag.py took 0.074 seconds
[2024-04-26T12:55:07.993+0000] {processor.py:161} INFO - Started process (PID=3983) to work on /home/airflow/.local/lib/python3.12/site-packages/airflow/example_dags/example_sla_dag.py
[2024-04-26T12:55:07.993+0000] {processor.py:830} INFO - Processing file /home/airflow/.local/lib/python3.12/site-packages/airflow/example_dags/example_sla_dag.py for tasks to queue
[2024-04-26T12:55:07.995+0000] {logging_mixin.py:188} INFO - [2024-04-26T12:55:07.995+0000] {dagbag.py:540} INFO - Filling up the DagBag from /home/airflow/.local/lib/python3.12/site-packages/airflow/example_dags/example_sla_dag.py
[2024-04-26T12:55:08.002+0000] {processor.py:840} INFO - DAG(s) 'example_sla_dag' retrieved from /home/airflow/.local/lib/python3.12/site-packages/airflow/example_dags/example_sla_dag.py
[2024-04-26T12:55:08.017+0000] {logging_mixin.py:188} INFO - [2024-04-26T12:55:08.017+0000] {dag.py:3096} INFO - Sync 1 DAGs
[2024-04-26T12:55:08.038+0000] {logging_mixin.py:188} INFO - [2024-04-26T12:55:08.038+0000] {dag.py:3954} INFO - Setting next_dagrun for example_sla_dag to 2024-04-26 12:52:00+00:00, run_after=2024-04-26 12:54:00+00:00
[2024-04-26T12:55:08.057+0000] {processor.py:183} INFO - Processing /home/airflow/.local/lib/python3.12/site-packages/airflow/example_dags/example_sla_dag.py took 0.068 seconds
[2024-04-26T12:55:38.463+0000] {processor.py:161} INFO - Started process (PID=4043) to work on /home/airflow/.local/lib/python3.12/site-packages/airflow/example_dags/example_sla_dag.py
[2024-04-26T12:55:38.464+0000] {processor.py:830} INFO - Processing file /home/airflow/.local/lib/python3.12/site-packages/airflow/example_dags/example_sla_dag.py for tasks to queue
[2024-04-26T12:55:38.466+0000] {logging_mixin.py:188} INFO - [2024-04-26T12:55:38.466+0000] {dagbag.py:540} INFO - Filling up the DagBag from /home/airflow/.local/lib/python3.12/site-packages/airflow/example_dags/example_sla_dag.py
[2024-04-26T12:55:38.472+0000] {processor.py:840} INFO - DAG(s) 'example_sla_dag' retrieved from /home/airflow/.local/lib/python3.12/site-packages/airflow/example_dags/example_sla_dag.py
[2024-04-26T12:55:38.488+0000] {logging_mixin.py:188} INFO - [2024-04-26T12:55:38.488+0000] {dag.py:3096} INFO - Sync 1 DAGs
[2024-04-26T12:55:38.507+0000] {logging_mixin.py:188} INFO - [2024-04-26T12:55:38.507+0000] {dag.py:3954} INFO - Setting next_dagrun for example_sla_dag to 2024-04-26 12:52:00+00:00, run_after=2024-04-26 12:54:00+00:00
[2024-04-26T12:55:38.526+0000] {processor.py:183} INFO - Processing /home/airflow/.local/lib/python3.12/site-packages/airflow/example_dags/example_sla_dag.py took 0.067 seconds
[2024-04-26T12:56:08.920+0000] {processor.py:161} INFO - Started process (PID=4107) to work on /home/airflow/.local/lib/python3.12/site-packages/airflow/example_dags/example_sla_dag.py
[2024-04-26T12:56:08.921+0000] {processor.py:830} INFO - Processing file /home/airflow/.local/lib/python3.12/site-packages/airflow/example_dags/example_sla_dag.py for tasks to queue
[2024-04-26T12:56:08.922+0000] {logging_mixin.py:188} INFO - [2024-04-26T12:56:08.922+0000] {dagbag.py:540} INFO - Filling up the DagBag from /home/airflow/.local/lib/python3.12/site-packages/airflow/example_dags/example_sla_dag.py
[2024-04-26T12:56:08.928+0000] {processor.py:840} INFO - DAG(s) 'example_sla_dag' retrieved from /home/airflow/.local/lib/python3.12/site-packages/airflow/example_dags/example_sla_dag.py
[2024-04-26T12:56:08.943+0000] {logging_mixin.py:188} INFO - [2024-04-26T12:56:08.943+0000] {dag.py:3096} INFO - Sync 1 DAGs
[2024-04-26T12:56:08.961+0000] {logging_mixin.py:188} INFO - [2024-04-26T12:56:08.961+0000] {dag.py:3954} INFO - Setting next_dagrun for example_sla_dag to 2024-04-26 12:54:00+00:00, run_after=2024-04-26 12:56:00+00:00
[2024-04-26T12:56:08.977+0000] {processor.py:183} INFO - Processing /home/airflow/.local/lib/python3.12/site-packages/airflow/example_dags/example_sla_dag.py took 0.061 seconds
[2024-04-26T12:56:39.320+0000] {processor.py:161} INFO - Started process (PID=4167) to work on /home/airflow/.local/lib/python3.12/site-packages/airflow/example_dags/example_sla_dag.py
[2024-04-26T12:56:39.321+0000] {processor.py:830} INFO - Processing file /home/airflow/.local/lib/python3.12/site-packages/airflow/example_dags/example_sla_dag.py for tasks to queue
[2024-04-26T12:56:39.322+0000] {logging_mixin.py:188} INFO - [2024-04-26T12:56:39.322+0000] {dagbag.py:540} INFO - Filling up the DagBag from /home/airflow/.local/lib/python3.12/site-packages/airflow/example_dags/example_sla_dag.py
[2024-04-26T12:56:39.329+0000] {processor.py:840} INFO - DAG(s) 'example_sla_dag' retrieved from /home/airflow/.local/lib/python3.12/site-packages/airflow/example_dags/example_sla_dag.py
[2024-04-26T12:56:39.344+0000] {logging_mixin.py:188} INFO - [2024-04-26T12:56:39.343+0000] {dag.py:3096} INFO - Sync 1 DAGs
[2024-04-26T12:56:39.362+0000] {logging_mixin.py:188} INFO - [2024-04-26T12:56:39.362+0000] {dag.py:3954} INFO - Setting next_dagrun for example_sla_dag to 2024-04-26 12:54:00+00:00, run_after=2024-04-26 12:56:00+00:00
[2024-04-26T12:56:39.379+0000] {processor.py:183} INFO - Processing /home/airflow/.local/lib/python3.12/site-packages/airflow/example_dags/example_sla_dag.py took 0.064 seconds
[2024-04-26T12:57:09.795+0000] {processor.py:161} INFO - Started process (PID=4227) to work on /home/airflow/.local/lib/python3.12/site-packages/airflow/example_dags/example_sla_dag.py
[2024-04-26T12:57:09.796+0000] {processor.py:830} INFO - Processing file /home/airflow/.local/lib/python3.12/site-packages/airflow/example_dags/example_sla_dag.py for tasks to queue
[2024-04-26T12:57:09.798+0000] {logging_mixin.py:188} INFO - [2024-04-26T12:57:09.798+0000] {dagbag.py:540} INFO - Filling up the DagBag from /home/airflow/.local/lib/python3.12/site-packages/airflow/example_dags/example_sla_dag.py
[2024-04-26T12:57:09.804+0000] {processor.py:840} INFO - DAG(s) 'example_sla_dag' retrieved from /home/airflow/.local/lib/python3.12/site-packages/airflow/example_dags/example_sla_dag.py
[2024-04-26T12:57:09.819+0000] {logging_mixin.py:188} INFO - [2024-04-26T12:57:09.819+0000] {dag.py:3096} INFO - Sync 1 DAGs
[2024-04-26T12:57:09.837+0000] {logging_mixin.py:188} INFO - [2024-04-26T12:57:09.837+0000] {dag.py:3954} INFO - Setting next_dagrun for example_sla_dag to 2024-04-26 12:54:00+00:00, run_after=2024-04-26 12:56:00+00:00
[2024-04-26T12:57:09.854+0000] {processor.py:183} INFO - Processing /home/airflow/.local/lib/python3.12/site-packages/airflow/example_dags/example_sla_dag.py took 0.063 seconds
[2024-04-26T12:57:40.144+0000] {processor.py:161} INFO - Started process (PID=4287) to work on /home/airflow/.local/lib/python3.12/site-packages/airflow/example_dags/example_sla_dag.py
[2024-04-26T12:57:40.145+0000] {processor.py:830} INFO - Processing file /home/airflow/.local/lib/python3.12/site-packages/airflow/example_dags/example_sla_dag.py for tasks to queue
[2024-04-26T12:57:40.146+0000] {logging_mixin.py:188} INFO - [2024-04-26T12:57:40.146+0000] {dagbag.py:540} INFO - Filling up the DagBag from /home/airflow/.local/lib/python3.12/site-packages/airflow/example_dags/example_sla_dag.py
[2024-04-26T12:57:40.152+0000] {processor.py:840} INFO - DAG(s) 'example_sla_dag' retrieved from /home/airflow/.local/lib/python3.12/site-packages/airflow/example_dags/example_sla_dag.py
[2024-04-26T12:57:40.167+0000] {logging_mixin.py:188} INFO - [2024-04-26T12:57:40.167+0000] {dag.py:3096} INFO - Sync 1 DAGs
[2024-04-26T12:57:40.185+0000] {logging_mixin.py:188} INFO - [2024-04-26T12:57:40.185+0000] {dag.py:3954} INFO - Setting next_dagrun for example_sla_dag to 2024-04-26 12:54:00+00:00, run_after=2024-04-26 12:56:00+00:00
[2024-04-26T12:57:40.202+0000] {processor.py:183} INFO - Processing /home/airflow/.local/lib/python3.12/site-packages/airflow/example_dags/example_sla_dag.py took 0.063 seconds
[2024-04-26T12:58:10.488+0000] {processor.py:161} INFO - Started process (PID=4351) to work on /home/airflow/.local/lib/python3.12/site-packages/airflow/example_dags/example_sla_dag.py
[2024-04-26T12:58:10.489+0000] {processor.py:830} INFO - Processing file /home/airflow/.local/lib/python3.12/site-packages/airflow/example_dags/example_sla_dag.py for tasks to queue
[2024-04-26T12:58:10.490+0000] {logging_mixin.py:188} INFO - [2024-04-26T12:58:10.490+0000] {dagbag.py:540} INFO - Filling up the DagBag from /home/airflow/.local/lib/python3.12/site-packages/airflow/example_dags/example_sla_dag.py
[2024-04-26T12:58:10.497+0000] {processor.py:840} INFO - DAG(s) 'example_sla_dag' retrieved from /home/airflow/.local/lib/python3.12/site-packages/airflow/example_dags/example_sla_dag.py
[2024-04-26T12:58:10.512+0000] {logging_mixin.py:188} INFO - [2024-04-26T12:58:10.512+0000] {dag.py:3096} INFO - Sync 1 DAGs
[2024-04-26T12:58:10.530+0000] {logging_mixin.py:188} INFO - [2024-04-26T12:58:10.529+0000] {dag.py:3954} INFO - Setting next_dagrun for example_sla_dag to 2024-04-26 12:56:00+00:00, run_after=2024-04-26 12:58:00+00:00
[2024-04-26T12:58:10.548+0000] {processor.py:183} INFO - Processing /home/airflow/.local/lib/python3.12/site-packages/airflow/example_dags/example_sla_dag.py took 0.064 seconds
