[2024-04-26T12:34:42.975+0000] {processor.py:161} INFO - Started process (PID=44) to work on /home/airflow/.local/lib/python3.12/site-packages/airflow/example_dags/example_task_group_decorator.py
[2024-04-26T12:34:42.976+0000] {processor.py:830} INFO - Processing file /home/airflow/.local/lib/python3.12/site-packages/airflow/example_dags/example_task_group_decorator.py for tasks to queue
[2024-04-26T12:34:42.978+0000] {logging_mixin.py:188} INFO - [2024-04-26T12:34:42.977+0000] {dagbag.py:540} INFO - Filling up the DagBag from /home/airflow/.local/lib/python3.12/site-packages/airflow/example_dags/example_task_group_decorator.py
[2024-04-26T12:34:42.994+0000] {processor.py:840} INFO - DAG(s) 'example_task_group_decorator' retrieved from /home/airflow/.local/lib/python3.12/site-packages/airflow/example_dags/example_task_group_decorator.py
[2024-04-26T12:34:43.112+0000] {logging_mixin.py:188} INFO - [2024-04-26T12:34:43.111+0000] {override.py:1829} INFO - Created Permission View: can delete on DAG:example_task_group_decorator
[2024-04-26T12:34:43.121+0000] {logging_mixin.py:188} INFO - [2024-04-26T12:34:43.121+0000] {override.py:1829} INFO - Created Permission View: can edit on DAG:example_task_group_decorator
[2024-04-26T12:34:43.127+0000] {logging_mixin.py:188} INFO - [2024-04-26T12:34:43.126+0000] {override.py:1829} INFO - Created Permission View: can read on DAG:example_task_group_decorator
[2024-04-26T12:34:43.127+0000] {logging_mixin.py:188} INFO - [2024-04-26T12:34:43.127+0000] {dag.py:3096} INFO - Sync 1 DAGs
[2024-04-26T12:34:43.138+0000] {logging_mixin.py:188} INFO - [2024-04-26T12:34:43.138+0000] {dag.py:3118} INFO - Creating ORM DAG for example_task_group_decorator
[2024-04-26T12:34:43.149+0000] {logging_mixin.py:188} INFO - [2024-04-26T12:34:43.148+0000] {dag.py:3954} INFO - Setting next_dagrun for example_task_group_decorator to 2024-04-25 00:00:00+00:00, run_after=2024-04-26 00:00:00+00:00
[2024-04-26T12:34:43.166+0000] {processor.py:183} INFO - Processing /home/airflow/.local/lib/python3.12/site-packages/airflow/example_dags/example_task_group_decorator.py took 0.196 seconds
[2024-04-26T12:35:13.751+0000] {processor.py:161} INFO - Started process (PID=102) to work on /home/airflow/.local/lib/python3.12/site-packages/airflow/example_dags/example_task_group_decorator.py
[2024-04-26T12:35:13.752+0000] {processor.py:830} INFO - Processing file /home/airflow/.local/lib/python3.12/site-packages/airflow/example_dags/example_task_group_decorator.py for tasks to queue
[2024-04-26T12:35:13.753+0000] {logging_mixin.py:188} INFO - [2024-04-26T12:35:13.753+0000] {dagbag.py:540} INFO - Filling up the DagBag from /home/airflow/.local/lib/python3.12/site-packages/airflow/example_dags/example_task_group_decorator.py
[2024-04-26T12:35:13.764+0000] {processor.py:840} INFO - DAG(s) 'example_task_group_decorator' retrieved from /home/airflow/.local/lib/python3.12/site-packages/airflow/example_dags/example_task_group_decorator.py
[2024-04-26T12:35:13.783+0000] {logging_mixin.py:188} INFO - [2024-04-26T12:35:13.783+0000] {dag.py:3096} INFO - Sync 1 DAGs
[2024-04-26T12:35:13.799+0000] {logging_mixin.py:188} INFO - [2024-04-26T12:35:13.799+0000] {dag.py:3954} INFO - Setting next_dagrun for example_task_group_decorator to 2024-04-25 00:00:00+00:00, run_after=2024-04-26 00:00:00+00:00
[2024-04-26T12:35:13.813+0000] {processor.py:183} INFO - Processing /home/airflow/.local/lib/python3.12/site-packages/airflow/example_dags/example_task_group_decorator.py took 0.067 seconds
[2024-04-26T12:35:43.871+0000] {processor.py:161} INFO - Started process (PID=160) to work on /home/airflow/.local/lib/python3.12/site-packages/airflow/example_dags/example_task_group_decorator.py
[2024-04-26T12:35:43.872+0000] {processor.py:830} INFO - Processing file /home/airflow/.local/lib/python3.12/site-packages/airflow/example_dags/example_task_group_decorator.py for tasks to queue
[2024-04-26T12:35:43.873+0000] {logging_mixin.py:188} INFO - [2024-04-26T12:35:43.873+0000] {dagbag.py:540} INFO - Filling up the DagBag from /home/airflow/.local/lib/python3.12/site-packages/airflow/example_dags/example_task_group_decorator.py
[2024-04-26T12:35:43.884+0000] {processor.py:840} INFO - DAG(s) 'example_task_group_decorator' retrieved from /home/airflow/.local/lib/python3.12/site-packages/airflow/example_dags/example_task_group_decorator.py
[2024-04-26T12:35:43.903+0000] {logging_mixin.py:188} INFO - [2024-04-26T12:35:43.903+0000] {dag.py:3096} INFO - Sync 1 DAGs
[2024-04-26T12:35:43.919+0000] {logging_mixin.py:188} INFO - [2024-04-26T12:35:43.918+0000] {dag.py:3954} INFO - Setting next_dagrun for example_task_group_decorator to 2024-04-25 00:00:00+00:00, run_after=2024-04-26 00:00:00+00:00
[2024-04-26T12:35:43.933+0000] {processor.py:183} INFO - Processing /home/airflow/.local/lib/python3.12/site-packages/airflow/example_dags/example_task_group_decorator.py took 0.066 seconds
[2024-04-26T12:36:13.965+0000] {processor.py:161} INFO - Started process (PID=218) to work on /home/airflow/.local/lib/python3.12/site-packages/airflow/example_dags/example_task_group_decorator.py
[2024-04-26T12:36:13.966+0000] {processor.py:830} INFO - Processing file /home/airflow/.local/lib/python3.12/site-packages/airflow/example_dags/example_task_group_decorator.py for tasks to queue
[2024-04-26T12:36:13.967+0000] {logging_mixin.py:188} INFO - [2024-04-26T12:36:13.967+0000] {dagbag.py:540} INFO - Filling up the DagBag from /home/airflow/.local/lib/python3.12/site-packages/airflow/example_dags/example_task_group_decorator.py
[2024-04-26T12:36:13.978+0000] {processor.py:840} INFO - DAG(s) 'example_task_group_decorator' retrieved from /home/airflow/.local/lib/python3.12/site-packages/airflow/example_dags/example_task_group_decorator.py
[2024-04-26T12:36:13.996+0000] {logging_mixin.py:188} INFO - [2024-04-26T12:36:13.996+0000] {dag.py:3096} INFO - Sync 1 DAGs
[2024-04-26T12:36:14.011+0000] {logging_mixin.py:188} INFO - [2024-04-26T12:36:14.011+0000] {dag.py:3954} INFO - Setting next_dagrun for example_task_group_decorator to 2024-04-25 00:00:00+00:00, run_after=2024-04-26 00:00:00+00:00
[2024-04-26T12:36:14.025+0000] {processor.py:183} INFO - Processing /home/airflow/.local/lib/python3.12/site-packages/airflow/example_dags/example_task_group_decorator.py took 0.064 seconds
[2024-04-26T12:36:44.361+0000] {processor.py:161} INFO - Started process (PID=276) to work on /home/airflow/.local/lib/python3.12/site-packages/airflow/example_dags/example_task_group_decorator.py
[2024-04-26T12:36:44.362+0000] {processor.py:830} INFO - Processing file /home/airflow/.local/lib/python3.12/site-packages/airflow/example_dags/example_task_group_decorator.py for tasks to queue
[2024-04-26T12:36:44.364+0000] {logging_mixin.py:188} INFO - [2024-04-26T12:36:44.364+0000] {dagbag.py:540} INFO - Filling up the DagBag from /home/airflow/.local/lib/python3.12/site-packages/airflow/example_dags/example_task_group_decorator.py
[2024-04-26T12:36:44.375+0000] {processor.py:840} INFO - DAG(s) 'example_task_group_decorator' retrieved from /home/airflow/.local/lib/python3.12/site-packages/airflow/example_dags/example_task_group_decorator.py
[2024-04-26T12:36:44.394+0000] {logging_mixin.py:188} INFO - [2024-04-26T12:36:44.394+0000] {dag.py:3096} INFO - Sync 1 DAGs
[2024-04-26T12:36:44.413+0000] {logging_mixin.py:188} INFO - [2024-04-26T12:36:44.412+0000] {dag.py:3954} INFO - Setting next_dagrun for example_task_group_decorator to 2024-04-25 00:00:00+00:00, run_after=2024-04-26 00:00:00+00:00
[2024-04-26T12:36:44.428+0000] {processor.py:183} INFO - Processing /home/airflow/.local/lib/python3.12/site-packages/airflow/example_dags/example_task_group_decorator.py took 0.071 seconds
[2024-04-26T12:37:14.751+0000] {processor.py:161} INFO - Started process (PID=334) to work on /home/airflow/.local/lib/python3.12/site-packages/airflow/example_dags/example_task_group_decorator.py
[2024-04-26T12:37:14.751+0000] {processor.py:830} INFO - Processing file /home/airflow/.local/lib/python3.12/site-packages/airflow/example_dags/example_task_group_decorator.py for tasks to queue
[2024-04-26T12:37:14.753+0000] {logging_mixin.py:188} INFO - [2024-04-26T12:37:14.753+0000] {dagbag.py:540} INFO - Filling up the DagBag from /home/airflow/.local/lib/python3.12/site-packages/airflow/example_dags/example_task_group_decorator.py
[2024-04-26T12:37:14.764+0000] {processor.py:840} INFO - DAG(s) 'example_task_group_decorator' retrieved from /home/airflow/.local/lib/python3.12/site-packages/airflow/example_dags/example_task_group_decorator.py
[2024-04-26T12:37:14.783+0000] {logging_mixin.py:188} INFO - [2024-04-26T12:37:14.783+0000] {dag.py:3096} INFO - Sync 1 DAGs
[2024-04-26T12:37:14.799+0000] {logging_mixin.py:188} INFO - [2024-04-26T12:37:14.799+0000] {dag.py:3954} INFO - Setting next_dagrun for example_task_group_decorator to 2024-04-25 00:00:00+00:00, run_after=2024-04-26 00:00:00+00:00
[2024-04-26T12:37:14.816+0000] {processor.py:183} INFO - Processing /home/airflow/.local/lib/python3.12/site-packages/airflow/example_dags/example_task_group_decorator.py took 0.070 seconds
[2024-04-26T12:37:45.157+0000] {processor.py:161} INFO - Started process (PID=392) to work on /home/airflow/.local/lib/python3.12/site-packages/airflow/example_dags/example_task_group_decorator.py
[2024-04-26T12:37:45.158+0000] {processor.py:830} INFO - Processing file /home/airflow/.local/lib/python3.12/site-packages/airflow/example_dags/example_task_group_decorator.py for tasks to queue
[2024-04-26T12:37:45.160+0000] {logging_mixin.py:188} INFO - [2024-04-26T12:37:45.159+0000] {dagbag.py:540} INFO - Filling up the DagBag from /home/airflow/.local/lib/python3.12/site-packages/airflow/example_dags/example_task_group_decorator.py
[2024-04-26T12:37:45.171+0000] {processor.py:840} INFO - DAG(s) 'example_task_group_decorator' retrieved from /home/airflow/.local/lib/python3.12/site-packages/airflow/example_dags/example_task_group_decorator.py
[2024-04-26T12:37:45.190+0000] {logging_mixin.py:188} INFO - [2024-04-26T12:37:45.190+0000] {dag.py:3096} INFO - Sync 1 DAGs
[2024-04-26T12:37:45.207+0000] {logging_mixin.py:188} INFO - [2024-04-26T12:37:45.207+0000] {dag.py:3954} INFO - Setting next_dagrun for example_task_group_decorator to 2024-04-25 00:00:00+00:00, run_after=2024-04-26 00:00:00+00:00
[2024-04-26T12:37:45.222+0000] {processor.py:183} INFO - Processing /home/airflow/.local/lib/python3.12/site-packages/airflow/example_dags/example_task_group_decorator.py took 0.070 seconds
[2024-04-26T12:38:15.624+0000] {processor.py:161} INFO - Started process (PID=450) to work on /home/airflow/.local/lib/python3.12/site-packages/airflow/example_dags/example_task_group_decorator.py
[2024-04-26T12:38:15.625+0000] {processor.py:830} INFO - Processing file /home/airflow/.local/lib/python3.12/site-packages/airflow/example_dags/example_task_group_decorator.py for tasks to queue
[2024-04-26T12:38:15.626+0000] {logging_mixin.py:188} INFO - [2024-04-26T12:38:15.626+0000] {dagbag.py:540} INFO - Filling up the DagBag from /home/airflow/.local/lib/python3.12/site-packages/airflow/example_dags/example_task_group_decorator.py
[2024-04-26T12:38:15.637+0000] {processor.py:840} INFO - DAG(s) 'example_task_group_decorator' retrieved from /home/airflow/.local/lib/python3.12/site-packages/airflow/example_dags/example_task_group_decorator.py
[2024-04-26T12:38:15.657+0000] {logging_mixin.py:188} INFO - [2024-04-26T12:38:15.657+0000] {dag.py:3096} INFO - Sync 1 DAGs
[2024-04-26T12:38:15.675+0000] {logging_mixin.py:188} INFO - [2024-04-26T12:38:15.675+0000] {dag.py:3954} INFO - Setting next_dagrun for example_task_group_decorator to 2024-04-25 00:00:00+00:00, run_after=2024-04-26 00:00:00+00:00
[2024-04-26T12:38:15.691+0000] {processor.py:183} INFO - Processing /home/airflow/.local/lib/python3.12/site-packages/airflow/example_dags/example_task_group_decorator.py took 0.072 seconds
[2024-04-26T12:38:45.984+0000] {processor.py:161} INFO - Started process (PID=508) to work on /home/airflow/.local/lib/python3.12/site-packages/airflow/example_dags/example_task_group_decorator.py
[2024-04-26T12:38:45.985+0000] {processor.py:830} INFO - Processing file /home/airflow/.local/lib/python3.12/site-packages/airflow/example_dags/example_task_group_decorator.py for tasks to queue
[2024-04-26T12:38:45.987+0000] {logging_mixin.py:188} INFO - [2024-04-26T12:38:45.987+0000] {dagbag.py:540} INFO - Filling up the DagBag from /home/airflow/.local/lib/python3.12/site-packages/airflow/example_dags/example_task_group_decorator.py
[2024-04-26T12:38:45.998+0000] {processor.py:840} INFO - DAG(s) 'example_task_group_decorator' retrieved from /home/airflow/.local/lib/python3.12/site-packages/airflow/example_dags/example_task_group_decorator.py
[2024-04-26T12:38:46.017+0000] {logging_mixin.py:188} INFO - [2024-04-26T12:38:46.017+0000] {dag.py:3096} INFO - Sync 1 DAGs
[2024-04-26T12:38:46.034+0000] {logging_mixin.py:188} INFO - [2024-04-26T12:38:46.033+0000] {dag.py:3954} INFO - Setting next_dagrun for example_task_group_decorator to 2024-04-25 00:00:00+00:00, run_after=2024-04-26 00:00:00+00:00
[2024-04-26T12:38:46.048+0000] {processor.py:183} INFO - Processing /home/airflow/.local/lib/python3.12/site-packages/airflow/example_dags/example_task_group_decorator.py took 0.069 seconds
[2024-04-26T12:39:16.424+0000] {processor.py:161} INFO - Started process (PID=566) to work on /home/airflow/.local/lib/python3.12/site-packages/airflow/example_dags/example_task_group_decorator.py
[2024-04-26T12:39:16.425+0000] {processor.py:830} INFO - Processing file /home/airflow/.local/lib/python3.12/site-packages/airflow/example_dags/example_task_group_decorator.py for tasks to queue
[2024-04-26T12:39:16.426+0000] {logging_mixin.py:188} INFO - [2024-04-26T12:39:16.426+0000] {dagbag.py:540} INFO - Filling up the DagBag from /home/airflow/.local/lib/python3.12/site-packages/airflow/example_dags/example_task_group_decorator.py
[2024-04-26T12:39:16.437+0000] {processor.py:840} INFO - DAG(s) 'example_task_group_decorator' retrieved from /home/airflow/.local/lib/python3.12/site-packages/airflow/example_dags/example_task_group_decorator.py
[2024-04-26T12:39:16.457+0000] {logging_mixin.py:188} INFO - [2024-04-26T12:39:16.457+0000] {dag.py:3096} INFO - Sync 1 DAGs
[2024-04-26T12:39:16.474+0000] {logging_mixin.py:188} INFO - [2024-04-26T12:39:16.474+0000] {dag.py:3954} INFO - Setting next_dagrun for example_task_group_decorator to 2024-04-25 00:00:00+00:00, run_after=2024-04-26 00:00:00+00:00
[2024-04-26T12:39:16.491+0000] {processor.py:183} INFO - Processing /home/airflow/.local/lib/python3.12/site-packages/airflow/example_dags/example_task_group_decorator.py took 0.071 seconds
[2024-04-26T12:39:46.889+0000] {processor.py:161} INFO - Started process (PID=624) to work on /home/airflow/.local/lib/python3.12/site-packages/airflow/example_dags/example_task_group_decorator.py
[2024-04-26T12:39:46.889+0000] {processor.py:830} INFO - Processing file /home/airflow/.local/lib/python3.12/site-packages/airflow/example_dags/example_task_group_decorator.py for tasks to queue
[2024-04-26T12:39:46.891+0000] {logging_mixin.py:188} INFO - [2024-04-26T12:39:46.891+0000] {dagbag.py:540} INFO - Filling up the DagBag from /home/airflow/.local/lib/python3.12/site-packages/airflow/example_dags/example_task_group_decorator.py
[2024-04-26T12:39:46.902+0000] {processor.py:840} INFO - DAG(s) 'example_task_group_decorator' retrieved from /home/airflow/.local/lib/python3.12/site-packages/airflow/example_dags/example_task_group_decorator.py
[2024-04-26T12:39:46.922+0000] {logging_mixin.py:188} INFO - [2024-04-26T12:39:46.922+0000] {dag.py:3096} INFO - Sync 1 DAGs
[2024-04-26T12:39:46.938+0000] {logging_mixin.py:188} INFO - [2024-04-26T12:39:46.938+0000] {dag.py:3954} INFO - Setting next_dagrun for example_task_group_decorator to 2024-04-25 00:00:00+00:00, run_after=2024-04-26 00:00:00+00:00
[2024-04-26T12:39:46.954+0000] {processor.py:183} INFO - Processing /home/airflow/.local/lib/python3.12/site-packages/airflow/example_dags/example_task_group_decorator.py took 0.069 seconds
[2024-04-26T12:40:17.253+0000] {processor.py:161} INFO - Started process (PID=682) to work on /home/airflow/.local/lib/python3.12/site-packages/airflow/example_dags/example_task_group_decorator.py
[2024-04-26T12:40:17.254+0000] {processor.py:830} INFO - Processing file /home/airflow/.local/lib/python3.12/site-packages/airflow/example_dags/example_task_group_decorator.py for tasks to queue
[2024-04-26T12:40:17.255+0000] {logging_mixin.py:188} INFO - [2024-04-26T12:40:17.255+0000] {dagbag.py:540} INFO - Filling up the DagBag from /home/airflow/.local/lib/python3.12/site-packages/airflow/example_dags/example_task_group_decorator.py
[2024-04-26T12:40:17.266+0000] {processor.py:840} INFO - DAG(s) 'example_task_group_decorator' retrieved from /home/airflow/.local/lib/python3.12/site-packages/airflow/example_dags/example_task_group_decorator.py
[2024-04-26T12:40:17.285+0000] {logging_mixin.py:188} INFO - [2024-04-26T12:40:17.285+0000] {dag.py:3096} INFO - Sync 1 DAGs
[2024-04-26T12:40:17.301+0000] {logging_mixin.py:188} INFO - [2024-04-26T12:40:17.301+0000] {dag.py:3954} INFO - Setting next_dagrun for example_task_group_decorator to 2024-04-25 00:00:00+00:00, run_after=2024-04-26 00:00:00+00:00
[2024-04-26T12:40:17.317+0000] {processor.py:183} INFO - Processing /home/airflow/.local/lib/python3.12/site-packages/airflow/example_dags/example_task_group_decorator.py took 0.068 seconds
[2024-04-26T12:40:47.803+0000] {processor.py:161} INFO - Started process (PID=740) to work on /home/airflow/.local/lib/python3.12/site-packages/airflow/example_dags/example_task_group_decorator.py
[2024-04-26T12:40:47.804+0000] {processor.py:830} INFO - Processing file /home/airflow/.local/lib/python3.12/site-packages/airflow/example_dags/example_task_group_decorator.py for tasks to queue
[2024-04-26T12:40:47.805+0000] {logging_mixin.py:188} INFO - [2024-04-26T12:40:47.805+0000] {dagbag.py:540} INFO - Filling up the DagBag from /home/airflow/.local/lib/python3.12/site-packages/airflow/example_dags/example_task_group_decorator.py
[2024-04-26T12:40:47.816+0000] {processor.py:840} INFO - DAG(s) 'example_task_group_decorator' retrieved from /home/airflow/.local/lib/python3.12/site-packages/airflow/example_dags/example_task_group_decorator.py
[2024-04-26T12:40:47.835+0000] {logging_mixin.py:188} INFO - [2024-04-26T12:40:47.835+0000] {dag.py:3096} INFO - Sync 1 DAGs
[2024-04-26T12:40:47.852+0000] {logging_mixin.py:188} INFO - [2024-04-26T12:40:47.852+0000] {dag.py:3954} INFO - Setting next_dagrun for example_task_group_decorator to 2024-04-25 00:00:00+00:00, run_after=2024-04-26 00:00:00+00:00
[2024-04-26T12:40:47.866+0000] {processor.py:183} INFO - Processing /home/airflow/.local/lib/python3.12/site-packages/airflow/example_dags/example_task_group_decorator.py took 0.067 seconds
[2024-04-26T12:41:18.520+0000] {processor.py:161} INFO - Started process (PID=798) to work on /home/airflow/.local/lib/python3.12/site-packages/airflow/example_dags/example_task_group_decorator.py
[2024-04-26T12:41:18.521+0000] {processor.py:830} INFO - Processing file /home/airflow/.local/lib/python3.12/site-packages/airflow/example_dags/example_task_group_decorator.py for tasks to queue
[2024-04-26T12:41:18.523+0000] {logging_mixin.py:188} INFO - [2024-04-26T12:41:18.523+0000] {dagbag.py:540} INFO - Filling up the DagBag from /home/airflow/.local/lib/python3.12/site-packages/airflow/example_dags/example_task_group_decorator.py
[2024-04-26T12:41:18.535+0000] {processor.py:840} INFO - DAG(s) 'example_task_group_decorator' retrieved from /home/airflow/.local/lib/python3.12/site-packages/airflow/example_dags/example_task_group_decorator.py
[2024-04-26T12:41:18.555+0000] {logging_mixin.py:188} INFO - [2024-04-26T12:41:18.555+0000] {dag.py:3096} INFO - Sync 1 DAGs
[2024-04-26T12:41:18.573+0000] {logging_mixin.py:188} INFO - [2024-04-26T12:41:18.572+0000] {dag.py:3954} INFO - Setting next_dagrun for example_task_group_decorator to 2024-04-25 00:00:00+00:00, run_after=2024-04-26 00:00:00+00:00
[2024-04-26T12:41:18.688+0000] {processor.py:183} INFO - Processing /home/airflow/.local/lib/python3.12/site-packages/airflow/example_dags/example_task_group_decorator.py took 0.172 seconds
[2024-04-26T12:41:49.393+0000] {processor.py:161} INFO - Started process (PID=856) to work on /home/airflow/.local/lib/python3.12/site-packages/airflow/example_dags/example_task_group_decorator.py
[2024-04-26T12:41:49.394+0000] {processor.py:830} INFO - Processing file /home/airflow/.local/lib/python3.12/site-packages/airflow/example_dags/example_task_group_decorator.py for tasks to queue
[2024-04-26T12:41:49.395+0000] {logging_mixin.py:188} INFO - [2024-04-26T12:41:49.395+0000] {dagbag.py:540} INFO - Filling up the DagBag from /home/airflow/.local/lib/python3.12/site-packages/airflow/example_dags/example_task_group_decorator.py
[2024-04-26T12:41:49.406+0000] {processor.py:840} INFO - DAG(s) 'example_task_group_decorator' retrieved from /home/airflow/.local/lib/python3.12/site-packages/airflow/example_dags/example_task_group_decorator.py
[2024-04-26T12:41:49.424+0000] {logging_mixin.py:188} INFO - [2024-04-26T12:41:49.424+0000] {dag.py:3096} INFO - Sync 1 DAGs
[2024-04-26T12:41:49.439+0000] {logging_mixin.py:188} INFO - [2024-04-26T12:41:49.439+0000] {dag.py:3954} INFO - Setting next_dagrun for example_task_group_decorator to 2024-04-25 00:00:00+00:00, run_after=2024-04-26 00:00:00+00:00
[2024-04-26T12:41:49.453+0000] {processor.py:183} INFO - Processing /home/airflow/.local/lib/python3.12/site-packages/airflow/example_dags/example_task_group_decorator.py took 0.065 seconds
[2024-04-26T12:42:19.545+0000] {processor.py:161} INFO - Started process (PID=914) to work on /home/airflow/.local/lib/python3.12/site-packages/airflow/example_dags/example_task_group_decorator.py
[2024-04-26T12:42:19.546+0000] {processor.py:830} INFO - Processing file /home/airflow/.local/lib/python3.12/site-packages/airflow/example_dags/example_task_group_decorator.py for tasks to queue
[2024-04-26T12:42:19.547+0000] {logging_mixin.py:188} INFO - [2024-04-26T12:42:19.547+0000] {dagbag.py:540} INFO - Filling up the DagBag from /home/airflow/.local/lib/python3.12/site-packages/airflow/example_dags/example_task_group_decorator.py
[2024-04-26T12:42:19.558+0000] {processor.py:840} INFO - DAG(s) 'example_task_group_decorator' retrieved from /home/airflow/.local/lib/python3.12/site-packages/airflow/example_dags/example_task_group_decorator.py
[2024-04-26T12:42:19.577+0000] {logging_mixin.py:188} INFO - [2024-04-26T12:42:19.576+0000] {dag.py:3096} INFO - Sync 1 DAGs
[2024-04-26T12:42:19.594+0000] {logging_mixin.py:188} INFO - [2024-04-26T12:42:19.593+0000] {dag.py:3954} INFO - Setting next_dagrun for example_task_group_decorator to 2024-04-25 00:00:00+00:00, run_after=2024-04-26 00:00:00+00:00
[2024-04-26T12:42:19.608+0000] {processor.py:183} INFO - Processing /home/airflow/.local/lib/python3.12/site-packages/airflow/example_dags/example_task_group_decorator.py took 0.067 seconds
[2024-04-26T12:42:50.262+0000] {processor.py:161} INFO - Started process (PID=972) to work on /home/airflow/.local/lib/python3.12/site-packages/airflow/example_dags/example_task_group_decorator.py
[2024-04-26T12:42:50.263+0000] {processor.py:830} INFO - Processing file /home/airflow/.local/lib/python3.12/site-packages/airflow/example_dags/example_task_group_decorator.py for tasks to queue
[2024-04-26T12:42:50.264+0000] {logging_mixin.py:188} INFO - [2024-04-26T12:42:50.264+0000] {dagbag.py:540} INFO - Filling up the DagBag from /home/airflow/.local/lib/python3.12/site-packages/airflow/example_dags/example_task_group_decorator.py
[2024-04-26T12:42:50.275+0000] {processor.py:840} INFO - DAG(s) 'example_task_group_decorator' retrieved from /home/airflow/.local/lib/python3.12/site-packages/airflow/example_dags/example_task_group_decorator.py
[2024-04-26T12:42:50.293+0000] {logging_mixin.py:188} INFO - [2024-04-26T12:42:50.293+0000] {dag.py:3096} INFO - Sync 1 DAGs
[2024-04-26T12:42:50.308+0000] {logging_mixin.py:188} INFO - [2024-04-26T12:42:50.308+0000] {dag.py:3954} INFO - Setting next_dagrun for example_task_group_decorator to 2024-04-25 00:00:00+00:00, run_after=2024-04-26 00:00:00+00:00
[2024-04-26T12:42:50.321+0000] {processor.py:183} INFO - Processing /home/airflow/.local/lib/python3.12/site-packages/airflow/example_dags/example_task_group_decorator.py took 0.064 seconds
[2024-04-26T12:43:21.042+0000] {processor.py:161} INFO - Started process (PID=1030) to work on /home/airflow/.local/lib/python3.12/site-packages/airflow/example_dags/example_task_group_decorator.py
[2024-04-26T12:43:21.043+0000] {processor.py:830} INFO - Processing file /home/airflow/.local/lib/python3.12/site-packages/airflow/example_dags/example_task_group_decorator.py for tasks to queue
[2024-04-26T12:43:21.044+0000] {logging_mixin.py:188} INFO - [2024-04-26T12:43:21.044+0000] {dagbag.py:540} INFO - Filling up the DagBag from /home/airflow/.local/lib/python3.12/site-packages/airflow/example_dags/example_task_group_decorator.py
[2024-04-26T12:43:21.054+0000] {processor.py:840} INFO - DAG(s) 'example_task_group_decorator' retrieved from /home/airflow/.local/lib/python3.12/site-packages/airflow/example_dags/example_task_group_decorator.py
[2024-04-26T12:43:21.072+0000] {logging_mixin.py:188} INFO - [2024-04-26T12:43:21.072+0000] {dag.py:3096} INFO - Sync 1 DAGs
[2024-04-26T12:43:21.182+0000] {logging_mixin.py:188} INFO - [2024-04-26T12:43:21.182+0000] {dag.py:3954} INFO - Setting next_dagrun for example_task_group_decorator to 2024-04-25 00:00:00+00:00, run_after=2024-04-26 00:00:00+00:00
[2024-04-26T12:43:21.195+0000] {processor.py:183} INFO - Processing /home/airflow/.local/lib/python3.12/site-packages/airflow/example_dags/example_task_group_decorator.py took 0.157 seconds
[2024-04-26T12:43:52.070+0000] {processor.py:161} INFO - Started process (PID=1088) to work on /home/airflow/.local/lib/python3.12/site-packages/airflow/example_dags/example_task_group_decorator.py
[2024-04-26T12:43:52.071+0000] {processor.py:830} INFO - Processing file /home/airflow/.local/lib/python3.12/site-packages/airflow/example_dags/example_task_group_decorator.py for tasks to queue
[2024-04-26T12:43:52.073+0000] {logging_mixin.py:188} INFO - [2024-04-26T12:43:52.072+0000] {dagbag.py:540} INFO - Filling up the DagBag from /home/airflow/.local/lib/python3.12/site-packages/airflow/example_dags/example_task_group_decorator.py
[2024-04-26T12:43:52.083+0000] {processor.py:840} INFO - DAG(s) 'example_task_group_decorator' retrieved from /home/airflow/.local/lib/python3.12/site-packages/airflow/example_dags/example_task_group_decorator.py
[2024-04-26T12:43:52.102+0000] {logging_mixin.py:188} INFO - [2024-04-26T12:43:52.102+0000] {dag.py:3096} INFO - Sync 1 DAGs
[2024-04-26T12:43:52.117+0000] {logging_mixin.py:188} INFO - [2024-04-26T12:43:52.117+0000] {dag.py:3954} INFO - Setting next_dagrun for example_task_group_decorator to 2024-04-25 00:00:00+00:00, run_after=2024-04-26 00:00:00+00:00
[2024-04-26T12:43:52.132+0000] {processor.py:183} INFO - Processing /home/airflow/.local/lib/python3.12/site-packages/airflow/example_dags/example_task_group_decorator.py took 0.066 seconds
[2024-04-26T12:44:22.375+0000] {processor.py:161} INFO - Started process (PID=1146) to work on /home/airflow/.local/lib/python3.12/site-packages/airflow/example_dags/example_task_group_decorator.py
[2024-04-26T12:44:22.376+0000] {processor.py:830} INFO - Processing file /home/airflow/.local/lib/python3.12/site-packages/airflow/example_dags/example_task_group_decorator.py for tasks to queue
[2024-04-26T12:44:22.378+0000] {logging_mixin.py:188} INFO - [2024-04-26T12:44:22.377+0000] {dagbag.py:540} INFO - Filling up the DagBag from /home/airflow/.local/lib/python3.12/site-packages/airflow/example_dags/example_task_group_decorator.py
[2024-04-26T12:44:22.388+0000] {processor.py:840} INFO - DAG(s) 'example_task_group_decorator' retrieved from /home/airflow/.local/lib/python3.12/site-packages/airflow/example_dags/example_task_group_decorator.py
[2024-04-26T12:44:22.408+0000] {logging_mixin.py:188} INFO - [2024-04-26T12:44:22.408+0000] {dag.py:3096} INFO - Sync 1 DAGs
[2024-04-26T12:44:22.423+0000] {logging_mixin.py:188} INFO - [2024-04-26T12:44:22.423+0000] {dag.py:3954} INFO - Setting next_dagrun for example_task_group_decorator to 2024-04-25 00:00:00+00:00, run_after=2024-04-26 00:00:00+00:00
[2024-04-26T12:44:22.437+0000] {processor.py:183} INFO - Processing /home/airflow/.local/lib/python3.12/site-packages/airflow/example_dags/example_task_group_decorator.py took 0.066 seconds
[2024-04-26T12:44:52.662+0000] {processor.py:161} INFO - Started process (PID=1206) to work on /home/airflow/.local/lib/python3.12/site-packages/airflow/example_dags/example_task_group_decorator.py
[2024-04-26T12:44:52.663+0000] {processor.py:830} INFO - Processing file /home/airflow/.local/lib/python3.12/site-packages/airflow/example_dags/example_task_group_decorator.py for tasks to queue
[2024-04-26T12:44:52.665+0000] {logging_mixin.py:188} INFO - [2024-04-26T12:44:52.665+0000] {dagbag.py:540} INFO - Filling up the DagBag from /home/airflow/.local/lib/python3.12/site-packages/airflow/example_dags/example_task_group_decorator.py
[2024-04-26T12:44:52.778+0000] {processor.py:840} INFO - DAG(s) 'example_task_group_decorator' retrieved from /home/airflow/.local/lib/python3.12/site-packages/airflow/example_dags/example_task_group_decorator.py
[2024-04-26T12:44:52.796+0000] {logging_mixin.py:188} INFO - [2024-04-26T12:44:52.795+0000] {dag.py:3096} INFO - Sync 1 DAGs
[2024-04-26T12:44:52.809+0000] {logging_mixin.py:188} INFO - [2024-04-26T12:44:52.809+0000] {dag.py:3954} INFO - Setting next_dagrun for example_task_group_decorator to 2024-04-25 00:00:00+00:00, run_after=2024-04-26 00:00:00+00:00
[2024-04-26T12:44:52.824+0000] {processor.py:183} INFO - Processing /home/airflow/.local/lib/python3.12/site-packages/airflow/example_dags/example_task_group_decorator.py took 0.166 seconds
[2024-04-26T12:45:23.727+0000] {processor.py:161} INFO - Started process (PID=1266) to work on /home/airflow/.local/lib/python3.12/site-packages/airflow/example_dags/example_task_group_decorator.py
[2024-04-26T12:45:23.728+0000] {processor.py:830} INFO - Processing file /home/airflow/.local/lib/python3.12/site-packages/airflow/example_dags/example_task_group_decorator.py for tasks to queue
[2024-04-26T12:45:23.729+0000] {logging_mixin.py:188} INFO - [2024-04-26T12:45:23.729+0000] {dagbag.py:540} INFO - Filling up the DagBag from /home/airflow/.local/lib/python3.12/site-packages/airflow/example_dags/example_task_group_decorator.py
[2024-04-26T12:45:23.741+0000] {processor.py:840} INFO - DAG(s) 'example_task_group_decorator' retrieved from /home/airflow/.local/lib/python3.12/site-packages/airflow/example_dags/example_task_group_decorator.py
[2024-04-26T12:45:23.761+0000] {logging_mixin.py:188} INFO - [2024-04-26T12:45:23.761+0000] {dag.py:3096} INFO - Sync 1 DAGs
[2024-04-26T12:45:23.780+0000] {logging_mixin.py:188} INFO - [2024-04-26T12:45:23.779+0000] {dag.py:3954} INFO - Setting next_dagrun for example_task_group_decorator to 2024-04-25 00:00:00+00:00, run_after=2024-04-26 00:00:00+00:00
[2024-04-26T12:45:23.796+0000] {processor.py:183} INFO - Processing /home/airflow/.local/lib/python3.12/site-packages/airflow/example_dags/example_task_group_decorator.py took 0.074 seconds
[2024-04-26T12:45:54.154+0000] {processor.py:161} INFO - Started process (PID=1328) to work on /home/airflow/.local/lib/python3.12/site-packages/airflow/example_dags/example_task_group_decorator.py
[2024-04-26T12:45:54.154+0000] {processor.py:830} INFO - Processing file /home/airflow/.local/lib/python3.12/site-packages/airflow/example_dags/example_task_group_decorator.py for tasks to queue
[2024-04-26T12:45:54.156+0000] {logging_mixin.py:188} INFO - [2024-04-26T12:45:54.156+0000] {dagbag.py:540} INFO - Filling up the DagBag from /home/airflow/.local/lib/python3.12/site-packages/airflow/example_dags/example_task_group_decorator.py
[2024-04-26T12:45:54.167+0000] {processor.py:840} INFO - DAG(s) 'example_task_group_decorator' retrieved from /home/airflow/.local/lib/python3.12/site-packages/airflow/example_dags/example_task_group_decorator.py
[2024-04-26T12:45:54.185+0000] {logging_mixin.py:188} INFO - [2024-04-26T12:45:54.185+0000] {dag.py:3096} INFO - Sync 1 DAGs
[2024-04-26T12:45:54.202+0000] {logging_mixin.py:188} INFO - [2024-04-26T12:45:54.202+0000] {dag.py:3954} INFO - Setting next_dagrun for example_task_group_decorator to 2024-04-25 00:00:00+00:00, run_after=2024-04-26 00:00:00+00:00
[2024-04-26T12:45:54.220+0000] {processor.py:183} INFO - Processing /home/airflow/.local/lib/python3.12/site-packages/airflow/example_dags/example_task_group_decorator.py took 0.070 seconds
[2024-04-26T12:46:24.793+0000] {processor.py:161} INFO - Started process (PID=1388) to work on /home/airflow/.local/lib/python3.12/site-packages/airflow/example_dags/example_task_group_decorator.py
[2024-04-26T12:46:24.794+0000] {processor.py:830} INFO - Processing file /home/airflow/.local/lib/python3.12/site-packages/airflow/example_dags/example_task_group_decorator.py for tasks to queue
[2024-04-26T12:46:24.795+0000] {logging_mixin.py:188} INFO - [2024-04-26T12:46:24.795+0000] {dagbag.py:540} INFO - Filling up the DagBag from /home/airflow/.local/lib/python3.12/site-packages/airflow/example_dags/example_task_group_decorator.py
[2024-04-26T12:46:24.807+0000] {processor.py:840} INFO - DAG(s) 'example_task_group_decorator' retrieved from /home/airflow/.local/lib/python3.12/site-packages/airflow/example_dags/example_task_group_decorator.py
[2024-04-26T12:46:24.826+0000] {logging_mixin.py:188} INFO - [2024-04-26T12:46:24.826+0000] {dag.py:3096} INFO - Sync 1 DAGs
[2024-04-26T12:46:24.844+0000] {logging_mixin.py:188} INFO - [2024-04-26T12:46:24.844+0000] {dag.py:3954} INFO - Setting next_dagrun for example_task_group_decorator to 2024-04-25 00:00:00+00:00, run_after=2024-04-26 00:00:00+00:00
[2024-04-26T12:46:24.860+0000] {processor.py:183} INFO - Processing /home/airflow/.local/lib/python3.12/site-packages/airflow/example_dags/example_task_group_decorator.py took 0.070 seconds
[2024-04-26T12:46:55.320+0000] {processor.py:161} INFO - Started process (PID=1448) to work on /home/airflow/.local/lib/python3.12/site-packages/airflow/example_dags/example_task_group_decorator.py
[2024-04-26T12:46:55.321+0000] {processor.py:830} INFO - Processing file /home/airflow/.local/lib/python3.12/site-packages/airflow/example_dags/example_task_group_decorator.py for tasks to queue
[2024-04-26T12:46:55.323+0000] {logging_mixin.py:188} INFO - [2024-04-26T12:46:55.323+0000] {dagbag.py:540} INFO - Filling up the DagBag from /home/airflow/.local/lib/python3.12/site-packages/airflow/example_dags/example_task_group_decorator.py
[2024-04-26T12:46:55.334+0000] {processor.py:840} INFO - DAG(s) 'example_task_group_decorator' retrieved from /home/airflow/.local/lib/python3.12/site-packages/airflow/example_dags/example_task_group_decorator.py
[2024-04-26T12:46:55.353+0000] {logging_mixin.py:188} INFO - [2024-04-26T12:46:55.353+0000] {dag.py:3096} INFO - Sync 1 DAGs
[2024-04-26T12:46:55.368+0000] {logging_mixin.py:188} INFO - [2024-04-26T12:46:55.368+0000] {dag.py:3954} INFO - Setting next_dagrun for example_task_group_decorator to 2024-04-25 00:00:00+00:00, run_after=2024-04-26 00:00:00+00:00
[2024-04-26T12:46:55.384+0000] {processor.py:183} INFO - Processing /home/airflow/.local/lib/python3.12/site-packages/airflow/example_dags/example_task_group_decorator.py took 0.068 seconds
[2024-04-26T12:47:25.695+0000] {processor.py:161} INFO - Started process (PID=1508) to work on /home/airflow/.local/lib/python3.12/site-packages/airflow/example_dags/example_task_group_decorator.py
[2024-04-26T12:47:25.696+0000] {processor.py:830} INFO - Processing file /home/airflow/.local/lib/python3.12/site-packages/airflow/example_dags/example_task_group_decorator.py for tasks to queue
[2024-04-26T12:47:25.698+0000] {logging_mixin.py:188} INFO - [2024-04-26T12:47:25.698+0000] {dagbag.py:540} INFO - Filling up the DagBag from /home/airflow/.local/lib/python3.12/site-packages/airflow/example_dags/example_task_group_decorator.py
[2024-04-26T12:47:25.708+0000] {processor.py:840} INFO - DAG(s) 'example_task_group_decorator' retrieved from /home/airflow/.local/lib/python3.12/site-packages/airflow/example_dags/example_task_group_decorator.py
[2024-04-26T12:47:25.727+0000] {logging_mixin.py:188} INFO - [2024-04-26T12:47:25.727+0000] {dag.py:3096} INFO - Sync 1 DAGs
[2024-04-26T12:47:25.743+0000] {logging_mixin.py:188} INFO - [2024-04-26T12:47:25.743+0000] {dag.py:3954} INFO - Setting next_dagrun for example_task_group_decorator to 2024-04-25 00:00:00+00:00, run_after=2024-04-26 00:00:00+00:00
[2024-04-26T12:47:25.757+0000] {processor.py:183} INFO - Processing /home/airflow/.local/lib/python3.12/site-packages/airflow/example_dags/example_task_group_decorator.py took 0.066 seconds
[2024-04-26T12:47:56.060+0000] {processor.py:161} INFO - Started process (PID=1568) to work on /home/airflow/.local/lib/python3.12/site-packages/airflow/example_dags/example_task_group_decorator.py
[2024-04-26T12:47:56.061+0000] {processor.py:830} INFO - Processing file /home/airflow/.local/lib/python3.12/site-packages/airflow/example_dags/example_task_group_decorator.py for tasks to queue
[2024-04-26T12:47:56.063+0000] {logging_mixin.py:188} INFO - [2024-04-26T12:47:56.063+0000] {dagbag.py:540} INFO - Filling up the DagBag from /home/airflow/.local/lib/python3.12/site-packages/airflow/example_dags/example_task_group_decorator.py
[2024-04-26T12:47:56.074+0000] {processor.py:840} INFO - DAG(s) 'example_task_group_decorator' retrieved from /home/airflow/.local/lib/python3.12/site-packages/airflow/example_dags/example_task_group_decorator.py
[2024-04-26T12:47:56.092+0000] {logging_mixin.py:188} INFO - [2024-04-26T12:47:56.092+0000] {dag.py:3096} INFO - Sync 1 DAGs
[2024-04-26T12:47:56.108+0000] {logging_mixin.py:188} INFO - [2024-04-26T12:47:56.108+0000] {dag.py:3954} INFO - Setting next_dagrun for example_task_group_decorator to 2024-04-25 00:00:00+00:00, run_after=2024-04-26 00:00:00+00:00
[2024-04-26T12:47:56.122+0000] {processor.py:183} INFO - Processing /home/airflow/.local/lib/python3.12/site-packages/airflow/example_dags/example_task_group_decorator.py took 0.066 seconds
[2024-04-26T12:48:26.437+0000] {processor.py:161} INFO - Started process (PID=1628) to work on /home/airflow/.local/lib/python3.12/site-packages/airflow/example_dags/example_task_group_decorator.py
[2024-04-26T12:48:26.437+0000] {processor.py:830} INFO - Processing file /home/airflow/.local/lib/python3.12/site-packages/airflow/example_dags/example_task_group_decorator.py for tasks to queue
[2024-04-26T12:48:26.439+0000] {logging_mixin.py:188} INFO - [2024-04-26T12:48:26.438+0000] {dagbag.py:540} INFO - Filling up the DagBag from /home/airflow/.local/lib/python3.12/site-packages/airflow/example_dags/example_task_group_decorator.py
[2024-04-26T12:48:26.450+0000] {processor.py:840} INFO - DAG(s) 'example_task_group_decorator' retrieved from /home/airflow/.local/lib/python3.12/site-packages/airflow/example_dags/example_task_group_decorator.py
[2024-04-26T12:48:26.470+0000] {logging_mixin.py:188} INFO - [2024-04-26T12:48:26.469+0000] {dag.py:3096} INFO - Sync 1 DAGs
[2024-04-26T12:48:26.485+0000] {logging_mixin.py:188} INFO - [2024-04-26T12:48:26.485+0000] {dag.py:3954} INFO - Setting next_dagrun for example_task_group_decorator to 2024-04-25 00:00:00+00:00, run_after=2024-04-26 00:00:00+00:00
[2024-04-26T12:48:26.501+0000] {processor.py:183} INFO - Processing /home/airflow/.local/lib/python3.12/site-packages/airflow/example_dags/example_task_group_decorator.py took 0.069 seconds
[2024-04-26T12:48:56.999+0000] {processor.py:161} INFO - Started process (PID=1690) to work on /home/airflow/.local/lib/python3.12/site-packages/airflow/example_dags/example_task_group_decorator.py
[2024-04-26T12:48:56.999+0000] {processor.py:830} INFO - Processing file /home/airflow/.local/lib/python3.12/site-packages/airflow/example_dags/example_task_group_decorator.py for tasks to queue
[2024-04-26T12:48:57.001+0000] {logging_mixin.py:188} INFO - [2024-04-26T12:48:57.001+0000] {dagbag.py:540} INFO - Filling up the DagBag from /home/airflow/.local/lib/python3.12/site-packages/airflow/example_dags/example_task_group_decorator.py
[2024-04-26T12:48:57.012+0000] {processor.py:840} INFO - DAG(s) 'example_task_group_decorator' retrieved from /home/airflow/.local/lib/python3.12/site-packages/airflow/example_dags/example_task_group_decorator.py
[2024-04-26T12:48:57.033+0000] {logging_mixin.py:188} INFO - [2024-04-26T12:48:57.033+0000] {dag.py:3096} INFO - Sync 1 DAGs
[2024-04-26T12:48:57.050+0000] {logging_mixin.py:188} INFO - [2024-04-26T12:48:57.050+0000] {dag.py:3954} INFO - Setting next_dagrun for example_task_group_decorator to 2024-04-25 00:00:00+00:00, run_after=2024-04-26 00:00:00+00:00
[2024-04-26T12:48:57.066+0000] {processor.py:183} INFO - Processing /home/airflow/.local/lib/python3.12/site-packages/airflow/example_dags/example_task_group_decorator.py took 0.072 seconds
[2024-04-26T12:49:27.677+0000] {processor.py:161} INFO - Started process (PID=1782) to work on /home/airflow/.local/lib/python3.12/site-packages/airflow/example_dags/example_task_group_decorator.py
[2024-04-26T12:49:27.678+0000] {processor.py:830} INFO - Processing file /home/airflow/.local/lib/python3.12/site-packages/airflow/example_dags/example_task_group_decorator.py for tasks to queue
[2024-04-26T12:49:27.681+0000] {logging_mixin.py:188} INFO - [2024-04-26T12:49:27.681+0000] {dagbag.py:540} INFO - Filling up the DagBag from /home/airflow/.local/lib/python3.12/site-packages/airflow/example_dags/example_task_group_decorator.py
[2024-04-26T12:49:27.727+0000] {processor.py:840} INFO - DAG(s) 'example_task_group_decorator' retrieved from /home/airflow/.local/lib/python3.12/site-packages/airflow/example_dags/example_task_group_decorator.py
[2024-04-26T12:49:27.813+0000] {logging_mixin.py:188} INFO - [2024-04-26T12:49:27.813+0000] {dag.py:3096} INFO - Sync 1 DAGs
[2024-04-26T12:49:27.882+0000] {logging_mixin.py:188} INFO - [2024-04-26T12:49:27.878+0000] {dag.py:3954} INFO - Setting next_dagrun for example_task_group_decorator to 2024-04-25 00:00:00+00:00, run_after=2024-04-26 00:00:00+00:00
[2024-04-26T12:49:27.939+0000] {processor.py:183} INFO - Processing /home/airflow/.local/lib/python3.12/site-packages/airflow/example_dags/example_task_group_decorator.py took 0.278 seconds
[2024-04-26T12:49:58.536+0000] {processor.py:161} INFO - Started process (PID=2000) to work on /home/airflow/.local/lib/python3.12/site-packages/airflow/example_dags/example_task_group_decorator.py
[2024-04-26T12:49:58.537+0000] {processor.py:830} INFO - Processing file /home/airflow/.local/lib/python3.12/site-packages/airflow/example_dags/example_task_group_decorator.py for tasks to queue
[2024-04-26T12:49:58.538+0000] {logging_mixin.py:188} INFO - [2024-04-26T12:49:58.538+0000] {dagbag.py:540} INFO - Filling up the DagBag from /home/airflow/.local/lib/python3.12/site-packages/airflow/example_dags/example_task_group_decorator.py
[2024-04-26T12:49:58.549+0000] {processor.py:840} INFO - DAG(s) 'example_task_group_decorator' retrieved from /home/airflow/.local/lib/python3.12/site-packages/airflow/example_dags/example_task_group_decorator.py
[2024-04-26T12:49:58.571+0000] {logging_mixin.py:188} INFO - [2024-04-26T12:49:58.571+0000] {dag.py:3096} INFO - Sync 1 DAGs
[2024-04-26T12:49:58.590+0000] {logging_mixin.py:188} INFO - [2024-04-26T12:49:58.590+0000] {dag.py:3954} INFO - Setting next_dagrun for example_task_group_decorator to 2024-04-25 00:00:00+00:00, run_after=2024-04-26 00:00:00+00:00
[2024-04-26T12:49:58.608+0000] {processor.py:183} INFO - Processing /home/airflow/.local/lib/python3.12/site-packages/airflow/example_dags/example_task_group_decorator.py took 0.076 seconds
[2024-04-26T12:50:29.066+0000] {processor.py:161} INFO - Started process (PID=2268) to work on /home/airflow/.local/lib/python3.12/site-packages/airflow/example_dags/example_task_group_decorator.py
[2024-04-26T12:50:29.067+0000] {processor.py:830} INFO - Processing file /home/airflow/.local/lib/python3.12/site-packages/airflow/example_dags/example_task_group_decorator.py for tasks to queue
[2024-04-26T12:50:29.069+0000] {logging_mixin.py:188} INFO - [2024-04-26T12:50:29.068+0000] {dagbag.py:540} INFO - Filling up the DagBag from /home/airflow/.local/lib/python3.12/site-packages/airflow/example_dags/example_task_group_decorator.py
[2024-04-26T12:50:29.086+0000] {processor.py:840} INFO - DAG(s) 'example_task_group_decorator' retrieved from /home/airflow/.local/lib/python3.12/site-packages/airflow/example_dags/example_task_group_decorator.py
[2024-04-26T12:50:29.107+0000] {logging_mixin.py:188} INFO - [2024-04-26T12:50:29.106+0000] {dag.py:3096} INFO - Sync 1 DAGs
[2024-04-26T12:50:29.126+0000] {logging_mixin.py:188} INFO - [2024-04-26T12:50:29.126+0000] {dag.py:3954} INFO - Setting next_dagrun for example_task_group_decorator to 2024-04-25 00:00:00+00:00, run_after=2024-04-26 00:00:00+00:00
[2024-04-26T12:50:29.145+0000] {processor.py:183} INFO - Processing /home/airflow/.local/lib/python3.12/site-packages/airflow/example_dags/example_task_group_decorator.py took 0.084 seconds
[2024-04-26T12:50:59.386+0000] {processor.py:161} INFO - Started process (PID=2516) to work on /home/airflow/.local/lib/python3.12/site-packages/airflow/example_dags/example_task_group_decorator.py
[2024-04-26T12:50:59.387+0000] {processor.py:830} INFO - Processing file /home/airflow/.local/lib/python3.12/site-packages/airflow/example_dags/example_task_group_decorator.py for tasks to queue
[2024-04-26T12:50:59.389+0000] {logging_mixin.py:188} INFO - [2024-04-26T12:50:59.389+0000] {dagbag.py:540} INFO - Filling up the DagBag from /home/airflow/.local/lib/python3.12/site-packages/airflow/example_dags/example_task_group_decorator.py
[2024-04-26T12:50:59.402+0000] {processor.py:840} INFO - DAG(s) 'example_task_group_decorator' retrieved from /home/airflow/.local/lib/python3.12/site-packages/airflow/example_dags/example_task_group_decorator.py
[2024-04-26T12:50:59.425+0000] {logging_mixin.py:188} INFO - [2024-04-26T12:50:59.424+0000] {dag.py:3096} INFO - Sync 1 DAGs
[2024-04-26T12:50:59.444+0000] {logging_mixin.py:188} INFO - [2024-04-26T12:50:59.443+0000] {dag.py:3954} INFO - Setting next_dagrun for example_task_group_decorator to 2024-04-25 00:00:00+00:00, run_after=2024-04-26 00:00:00+00:00
[2024-04-26T12:50:59.467+0000] {processor.py:183} INFO - Processing /home/airflow/.local/lib/python3.12/site-packages/airflow/example_dags/example_task_group_decorator.py took 0.086 seconds
[2024-04-26T12:51:29.903+0000] {processor.py:161} INFO - Started process (PID=2748) to work on /home/airflow/.local/lib/python3.12/site-packages/airflow/example_dags/example_task_group_decorator.py
[2024-04-26T12:51:29.904+0000] {processor.py:830} INFO - Processing file /home/airflow/.local/lib/python3.12/site-packages/airflow/example_dags/example_task_group_decorator.py for tasks to queue
[2024-04-26T12:51:29.906+0000] {logging_mixin.py:188} INFO - [2024-04-26T12:51:29.905+0000] {dagbag.py:540} INFO - Filling up the DagBag from /home/airflow/.local/lib/python3.12/site-packages/airflow/example_dags/example_task_group_decorator.py
[2024-04-26T12:51:29.917+0000] {processor.py:840} INFO - DAG(s) 'example_task_group_decorator' retrieved from /home/airflow/.local/lib/python3.12/site-packages/airflow/example_dags/example_task_group_decorator.py
[2024-04-26T12:51:29.943+0000] {logging_mixin.py:188} INFO - [2024-04-26T12:51:29.942+0000] {dag.py:3096} INFO - Sync 1 DAGs
[2024-04-26T12:51:29.969+0000] {logging_mixin.py:188} INFO - [2024-04-26T12:51:29.968+0000] {dag.py:3954} INFO - Setting next_dagrun for example_task_group_decorator to 2024-04-25 00:00:00+00:00, run_after=2024-04-26 00:00:00+00:00
[2024-04-26T12:51:29.991+0000] {processor.py:183} INFO - Processing /home/airflow/.local/lib/python3.12/site-packages/airflow/example_dags/example_task_group_decorator.py took 0.092 seconds
[2024-04-26T12:52:00.347+0000] {processor.py:161} INFO - Started process (PID=2994) to work on /home/airflow/.local/lib/python3.12/site-packages/airflow/example_dags/example_task_group_decorator.py
[2024-04-26T12:52:00.348+0000] {processor.py:830} INFO - Processing file /home/airflow/.local/lib/python3.12/site-packages/airflow/example_dags/example_task_group_decorator.py for tasks to queue
[2024-04-26T12:52:00.349+0000] {logging_mixin.py:188} INFO - [2024-04-26T12:52:00.349+0000] {dagbag.py:540} INFO - Filling up the DagBag from /home/airflow/.local/lib/python3.12/site-packages/airflow/example_dags/example_task_group_decorator.py
[2024-04-26T12:52:00.361+0000] {processor.py:840} INFO - DAG(s) 'example_task_group_decorator' retrieved from /home/airflow/.local/lib/python3.12/site-packages/airflow/example_dags/example_task_group_decorator.py
[2024-04-26T12:52:00.381+0000] {logging_mixin.py:188} INFO - [2024-04-26T12:52:00.381+0000] {dag.py:3096} INFO - Sync 1 DAGs
[2024-04-26T12:52:00.400+0000] {logging_mixin.py:188} INFO - [2024-04-26T12:52:00.400+0000] {dag.py:3954} INFO - Setting next_dagrun for example_task_group_decorator to 2024-04-25 00:00:00+00:00, run_after=2024-04-26 00:00:00+00:00
[2024-04-26T12:52:00.415+0000] {processor.py:183} INFO - Processing /home/airflow/.local/lib/python3.12/site-packages/airflow/example_dags/example_task_group_decorator.py took 0.073 seconds
[2024-04-26T12:52:30.872+0000] {processor.py:161} INFO - Started process (PID=3278) to work on /home/airflow/.local/lib/python3.12/site-packages/airflow/example_dags/example_task_group_decorator.py
[2024-04-26T12:52:30.873+0000] {processor.py:830} INFO - Processing file /home/airflow/.local/lib/python3.12/site-packages/airflow/example_dags/example_task_group_decorator.py for tasks to queue
[2024-04-26T12:52:30.875+0000] {logging_mixin.py:188} INFO - [2024-04-26T12:52:30.875+0000] {dagbag.py:540} INFO - Filling up the DagBag from /home/airflow/.local/lib/python3.12/site-packages/airflow/example_dags/example_task_group_decorator.py
[2024-04-26T12:52:30.888+0000] {processor.py:840} INFO - DAG(s) 'example_task_group_decorator' retrieved from /home/airflow/.local/lib/python3.12/site-packages/airflow/example_dags/example_task_group_decorator.py
[2024-04-26T12:52:30.910+0000] {logging_mixin.py:188} INFO - [2024-04-26T12:52:30.909+0000] {dag.py:3096} INFO - Sync 1 DAGs
[2024-04-26T12:52:30.929+0000] {logging_mixin.py:188} INFO - [2024-04-26T12:52:30.929+0000] {dag.py:3954} INFO - Setting next_dagrun for example_task_group_decorator to 2024-04-25 00:00:00+00:00, run_after=2024-04-26 00:00:00+00:00
[2024-04-26T12:52:30.949+0000] {processor.py:183} INFO - Processing /home/airflow/.local/lib/python3.12/site-packages/airflow/example_dags/example_task_group_decorator.py took 0.082 seconds
[2024-04-26T12:53:01.630+0000] {processor.py:161} INFO - Started process (PID=3510) to work on /home/airflow/.local/lib/python3.12/site-packages/airflow/example_dags/example_task_group_decorator.py
[2024-04-26T12:53:01.631+0000] {processor.py:830} INFO - Processing file /home/airflow/.local/lib/python3.12/site-packages/airflow/example_dags/example_task_group_decorator.py for tasks to queue
[2024-04-26T12:53:01.633+0000] {logging_mixin.py:188} INFO - [2024-04-26T12:53:01.632+0000] {dagbag.py:540} INFO - Filling up the DagBag from /home/airflow/.local/lib/python3.12/site-packages/airflow/example_dags/example_task_group_decorator.py
[2024-04-26T12:53:01.644+0000] {processor.py:840} INFO - DAG(s) 'example_task_group_decorator' retrieved from /home/airflow/.local/lib/python3.12/site-packages/airflow/example_dags/example_task_group_decorator.py
[2024-04-26T12:53:01.664+0000] {logging_mixin.py:188} INFO - [2024-04-26T12:53:01.664+0000] {dag.py:3096} INFO - Sync 1 DAGs
[2024-04-26T12:53:01.682+0000] {logging_mixin.py:188} INFO - [2024-04-26T12:53:01.682+0000] {dag.py:3954} INFO - Setting next_dagrun for example_task_group_decorator to 2024-04-25 00:00:00+00:00, run_after=2024-04-26 00:00:00+00:00
[2024-04-26T12:53:01.696+0000] {processor.py:183} INFO - Processing /home/airflow/.local/lib/python3.12/site-packages/airflow/example_dags/example_task_group_decorator.py took 0.071 seconds
[2024-04-26T12:53:32.230+0000] {processor.py:161} INFO - Started process (PID=3746) to work on /home/airflow/.local/lib/python3.12/site-packages/airflow/example_dags/example_task_group_decorator.py
[2024-04-26T12:53:32.231+0000] {processor.py:830} INFO - Processing file /home/airflow/.local/lib/python3.12/site-packages/airflow/example_dags/example_task_group_decorator.py for tasks to queue
[2024-04-26T12:53:32.233+0000] {logging_mixin.py:188} INFO - [2024-04-26T12:53:32.233+0000] {dagbag.py:540} INFO - Filling up the DagBag from /home/airflow/.local/lib/python3.12/site-packages/airflow/example_dags/example_task_group_decorator.py
[2024-04-26T12:53:32.244+0000] {processor.py:840} INFO - DAG(s) 'example_task_group_decorator' retrieved from /home/airflow/.local/lib/python3.12/site-packages/airflow/example_dags/example_task_group_decorator.py
[2024-04-26T12:53:32.264+0000] {logging_mixin.py:188} INFO - [2024-04-26T12:53:32.263+0000] {dag.py:3096} INFO - Sync 1 DAGs
[2024-04-26T12:53:32.280+0000] {logging_mixin.py:188} INFO - [2024-04-26T12:53:32.280+0000] {dag.py:3954} INFO - Setting next_dagrun for example_task_group_decorator to 2024-04-25 00:00:00+00:00, run_after=2024-04-26 00:00:00+00:00
[2024-04-26T12:53:32.296+0000] {processor.py:183} INFO - Processing /home/airflow/.local/lib/python3.12/site-packages/airflow/example_dags/example_task_group_decorator.py took 0.071 seconds
[2024-04-26T12:54:02.964+0000] {processor.py:161} INFO - Started process (PID=3838) to work on /home/airflow/.local/lib/python3.12/site-packages/airflow/example_dags/example_task_group_decorator.py
[2024-04-26T12:54:02.964+0000] {processor.py:830} INFO - Processing file /home/airflow/.local/lib/python3.12/site-packages/airflow/example_dags/example_task_group_decorator.py for tasks to queue
[2024-04-26T12:54:02.966+0000] {logging_mixin.py:188} INFO - [2024-04-26T12:54:02.966+0000] {dagbag.py:540} INFO - Filling up the DagBag from /home/airflow/.local/lib/python3.12/site-packages/airflow/example_dags/example_task_group_decorator.py
[2024-04-26T12:54:02.976+0000] {processor.py:840} INFO - DAG(s) 'example_task_group_decorator' retrieved from /home/airflow/.local/lib/python3.12/site-packages/airflow/example_dags/example_task_group_decorator.py
[2024-04-26T12:54:02.996+0000] {logging_mixin.py:188} INFO - [2024-04-26T12:54:02.996+0000] {dag.py:3096} INFO - Sync 1 DAGs
[2024-04-26T12:54:03.015+0000] {logging_mixin.py:188} INFO - [2024-04-26T12:54:03.014+0000] {dag.py:3954} INFO - Setting next_dagrun for example_task_group_decorator to 2024-04-25 00:00:00+00:00, run_after=2024-04-26 00:00:00+00:00
[2024-04-26T12:54:03.029+0000] {processor.py:183} INFO - Processing /home/airflow/.local/lib/python3.12/site-packages/airflow/example_dags/example_task_group_decorator.py took 0.070 seconds
[2024-04-26T12:54:33.279+0000] {processor.py:161} INFO - Started process (PID=3898) to work on /home/airflow/.local/lib/python3.12/site-packages/airflow/example_dags/example_task_group_decorator.py
[2024-04-26T12:54:33.280+0000] {processor.py:830} INFO - Processing file /home/airflow/.local/lib/python3.12/site-packages/airflow/example_dags/example_task_group_decorator.py for tasks to queue
[2024-04-26T12:54:33.281+0000] {logging_mixin.py:188} INFO - [2024-04-26T12:54:33.281+0000] {dagbag.py:540} INFO - Filling up the DagBag from /home/airflow/.local/lib/python3.12/site-packages/airflow/example_dags/example_task_group_decorator.py
[2024-04-26T12:54:33.292+0000] {processor.py:840} INFO - DAG(s) 'example_task_group_decorator' retrieved from /home/airflow/.local/lib/python3.12/site-packages/airflow/example_dags/example_task_group_decorator.py
[2024-04-26T12:54:33.312+0000] {logging_mixin.py:188} INFO - [2024-04-26T12:54:33.312+0000] {dag.py:3096} INFO - Sync 1 DAGs
[2024-04-26T12:54:33.329+0000] {logging_mixin.py:188} INFO - [2024-04-26T12:54:33.329+0000] {dag.py:3954} INFO - Setting next_dagrun for example_task_group_decorator to 2024-04-25 00:00:00+00:00, run_after=2024-04-26 00:00:00+00:00
[2024-04-26T12:54:33.344+0000] {processor.py:183} INFO - Processing /home/airflow/.local/lib/python3.12/site-packages/airflow/example_dags/example_task_group_decorator.py took 0.070 seconds
[2024-04-26T12:55:03.798+0000] {processor.py:161} INFO - Started process (PID=3958) to work on /home/airflow/.local/lib/python3.12/site-packages/airflow/example_dags/example_task_group_decorator.py
[2024-04-26T12:55:03.799+0000] {processor.py:830} INFO - Processing file /home/airflow/.local/lib/python3.12/site-packages/airflow/example_dags/example_task_group_decorator.py for tasks to queue
[2024-04-26T12:55:03.801+0000] {logging_mixin.py:188} INFO - [2024-04-26T12:55:03.800+0000] {dagbag.py:540} INFO - Filling up the DagBag from /home/airflow/.local/lib/python3.12/site-packages/airflow/example_dags/example_task_group_decorator.py
[2024-04-26T12:55:03.811+0000] {processor.py:840} INFO - DAG(s) 'example_task_group_decorator' retrieved from /home/airflow/.local/lib/python3.12/site-packages/airflow/example_dags/example_task_group_decorator.py
[2024-04-26T12:55:03.830+0000] {logging_mixin.py:188} INFO - [2024-04-26T12:55:03.830+0000] {dag.py:3096} INFO - Sync 1 DAGs
[2024-04-26T12:55:03.846+0000] {logging_mixin.py:188} INFO - [2024-04-26T12:55:03.846+0000] {dag.py:3954} INFO - Setting next_dagrun for example_task_group_decorator to 2024-04-25 00:00:00+00:00, run_after=2024-04-26 00:00:00+00:00
[2024-04-26T12:55:03.860+0000] {processor.py:183} INFO - Processing /home/airflow/.local/lib/python3.12/site-packages/airflow/example_dags/example_task_group_decorator.py took 0.066 seconds
[2024-04-26T12:55:34.277+0000] {processor.py:161} INFO - Started process (PID=4018) to work on /home/airflow/.local/lib/python3.12/site-packages/airflow/example_dags/example_task_group_decorator.py
[2024-04-26T12:55:34.278+0000] {processor.py:830} INFO - Processing file /home/airflow/.local/lib/python3.12/site-packages/airflow/example_dags/example_task_group_decorator.py for tasks to queue
[2024-04-26T12:55:34.280+0000] {logging_mixin.py:188} INFO - [2024-04-26T12:55:34.280+0000] {dagbag.py:540} INFO - Filling up the DagBag from /home/airflow/.local/lib/python3.12/site-packages/airflow/example_dags/example_task_group_decorator.py
[2024-04-26T12:55:34.291+0000] {processor.py:840} INFO - DAG(s) 'example_task_group_decorator' retrieved from /home/airflow/.local/lib/python3.12/site-packages/airflow/example_dags/example_task_group_decorator.py
[2024-04-26T12:55:34.312+0000] {logging_mixin.py:188} INFO - [2024-04-26T12:55:34.312+0000] {dag.py:3096} INFO - Sync 1 DAGs
[2024-04-26T12:55:34.330+0000] {logging_mixin.py:188} INFO - [2024-04-26T12:55:34.329+0000] {dag.py:3954} INFO - Setting next_dagrun for example_task_group_decorator to 2024-04-25 00:00:00+00:00, run_after=2024-04-26 00:00:00+00:00
[2024-04-26T12:55:34.344+0000] {processor.py:183} INFO - Processing /home/airflow/.local/lib/python3.12/site-packages/airflow/example_dags/example_task_group_decorator.py took 0.071 seconds
[2024-04-26T12:56:04.721+0000] {processor.py:161} INFO - Started process (PID=4082) to work on /home/airflow/.local/lib/python3.12/site-packages/airflow/example_dags/example_task_group_decorator.py
[2024-04-26T12:56:04.722+0000] {processor.py:830} INFO - Processing file /home/airflow/.local/lib/python3.12/site-packages/airflow/example_dags/example_task_group_decorator.py for tasks to queue
[2024-04-26T12:56:04.724+0000] {logging_mixin.py:188} INFO - [2024-04-26T12:56:04.723+0000] {dagbag.py:540} INFO - Filling up the DagBag from /home/airflow/.local/lib/python3.12/site-packages/airflow/example_dags/example_task_group_decorator.py
[2024-04-26T12:56:04.734+0000] {processor.py:840} INFO - DAG(s) 'example_task_group_decorator' retrieved from /home/airflow/.local/lib/python3.12/site-packages/airflow/example_dags/example_task_group_decorator.py
[2024-04-26T12:56:04.753+0000] {logging_mixin.py:188} INFO - [2024-04-26T12:56:04.753+0000] {dag.py:3096} INFO - Sync 1 DAGs
[2024-04-26T12:56:04.770+0000] {logging_mixin.py:188} INFO - [2024-04-26T12:56:04.770+0000] {dag.py:3954} INFO - Setting next_dagrun for example_task_group_decorator to 2024-04-25 00:00:00+00:00, run_after=2024-04-26 00:00:00+00:00
[2024-04-26T12:56:04.784+0000] {processor.py:183} INFO - Processing /home/airflow/.local/lib/python3.12/site-packages/airflow/example_dags/example_task_group_decorator.py took 0.067 seconds
[2024-04-26T12:56:35.162+0000] {processor.py:161} INFO - Started process (PID=4142) to work on /home/airflow/.local/lib/python3.12/site-packages/airflow/example_dags/example_task_group_decorator.py
[2024-04-26T12:56:35.162+0000] {processor.py:830} INFO - Processing file /home/airflow/.local/lib/python3.12/site-packages/airflow/example_dags/example_task_group_decorator.py for tasks to queue
[2024-04-26T12:56:35.164+0000] {logging_mixin.py:188} INFO - [2024-04-26T12:56:35.164+0000] {dagbag.py:540} INFO - Filling up the DagBag from /home/airflow/.local/lib/python3.12/site-packages/airflow/example_dags/example_task_group_decorator.py
[2024-04-26T12:56:35.175+0000] {processor.py:840} INFO - DAG(s) 'example_task_group_decorator' retrieved from /home/airflow/.local/lib/python3.12/site-packages/airflow/example_dags/example_task_group_decorator.py
[2024-04-26T12:56:35.194+0000] {logging_mixin.py:188} INFO - [2024-04-26T12:56:35.194+0000] {dag.py:3096} INFO - Sync 1 DAGs
[2024-04-26T12:56:35.211+0000] {logging_mixin.py:188} INFO - [2024-04-26T12:56:35.210+0000] {dag.py:3954} INFO - Setting next_dagrun for example_task_group_decorator to 2024-04-25 00:00:00+00:00, run_after=2024-04-26 00:00:00+00:00
[2024-04-26T12:56:35.226+0000] {processor.py:183} INFO - Processing /home/airflow/.local/lib/python3.12/site-packages/airflow/example_dags/example_task_group_decorator.py took 0.069 seconds
[2024-04-26T12:57:05.632+0000] {processor.py:161} INFO - Started process (PID=4202) to work on /home/airflow/.local/lib/python3.12/site-packages/airflow/example_dags/example_task_group_decorator.py
[2024-04-26T12:57:05.633+0000] {processor.py:830} INFO - Processing file /home/airflow/.local/lib/python3.12/site-packages/airflow/example_dags/example_task_group_decorator.py for tasks to queue
[2024-04-26T12:57:05.634+0000] {logging_mixin.py:188} INFO - [2024-04-26T12:57:05.634+0000] {dagbag.py:540} INFO - Filling up the DagBag from /home/airflow/.local/lib/python3.12/site-packages/airflow/example_dags/example_task_group_decorator.py
[2024-04-26T12:57:05.645+0000] {processor.py:840} INFO - DAG(s) 'example_task_group_decorator' retrieved from /home/airflow/.local/lib/python3.12/site-packages/airflow/example_dags/example_task_group_decorator.py
[2024-04-26T12:57:05.664+0000] {logging_mixin.py:188} INFO - [2024-04-26T12:57:05.664+0000] {dag.py:3096} INFO - Sync 1 DAGs
[2024-04-26T12:57:05.681+0000] {logging_mixin.py:188} INFO - [2024-04-26T12:57:05.680+0000] {dag.py:3954} INFO - Setting next_dagrun for example_task_group_decorator to 2024-04-25 00:00:00+00:00, run_after=2024-04-26 00:00:00+00:00
[2024-04-26T12:57:05.696+0000] {processor.py:183} INFO - Processing /home/airflow/.local/lib/python3.12/site-packages/airflow/example_dags/example_task_group_decorator.py took 0.068 seconds
[2024-04-26T12:57:35.995+0000] {processor.py:161} INFO - Started process (PID=4262) to work on /home/airflow/.local/lib/python3.12/site-packages/airflow/example_dags/example_task_group_decorator.py
[2024-04-26T12:57:35.996+0000] {processor.py:830} INFO - Processing file /home/airflow/.local/lib/python3.12/site-packages/airflow/example_dags/example_task_group_decorator.py for tasks to queue
[2024-04-26T12:57:35.997+0000] {logging_mixin.py:188} INFO - [2024-04-26T12:57:35.997+0000] {dagbag.py:540} INFO - Filling up the DagBag from /home/airflow/.local/lib/python3.12/site-packages/airflow/example_dags/example_task_group_decorator.py
[2024-04-26T12:57:36.008+0000] {processor.py:840} INFO - DAG(s) 'example_task_group_decorator' retrieved from /home/airflow/.local/lib/python3.12/site-packages/airflow/example_dags/example_task_group_decorator.py
[2024-04-26T12:57:36.028+0000] {logging_mixin.py:188} INFO - [2024-04-26T12:57:36.028+0000] {dag.py:3096} INFO - Sync 1 DAGs
[2024-04-26T12:57:36.045+0000] {logging_mixin.py:188} INFO - [2024-04-26T12:57:36.045+0000] {dag.py:3954} INFO - Setting next_dagrun for example_task_group_decorator to 2024-04-25 00:00:00+00:00, run_after=2024-04-26 00:00:00+00:00
[2024-04-26T12:57:36.060+0000] {processor.py:183} INFO - Processing /home/airflow/.local/lib/python3.12/site-packages/airflow/example_dags/example_task_group_decorator.py took 0.070 seconds
[2024-04-26T12:58:06.286+0000] {processor.py:161} INFO - Started process (PID=4326) to work on /home/airflow/.local/lib/python3.12/site-packages/airflow/example_dags/example_task_group_decorator.py
[2024-04-26T12:58:06.287+0000] {processor.py:830} INFO - Processing file /home/airflow/.local/lib/python3.12/site-packages/airflow/example_dags/example_task_group_decorator.py for tasks to queue
[2024-04-26T12:58:06.288+0000] {logging_mixin.py:188} INFO - [2024-04-26T12:58:06.288+0000] {dagbag.py:540} INFO - Filling up the DagBag from /home/airflow/.local/lib/python3.12/site-packages/airflow/example_dags/example_task_group_decorator.py
[2024-04-26T12:58:06.299+0000] {processor.py:840} INFO - DAG(s) 'example_task_group_decorator' retrieved from /home/airflow/.local/lib/python3.12/site-packages/airflow/example_dags/example_task_group_decorator.py
[2024-04-26T12:58:06.319+0000] {logging_mixin.py:188} INFO - [2024-04-26T12:58:06.319+0000] {dag.py:3096} INFO - Sync 1 DAGs
[2024-04-26T12:58:06.337+0000] {logging_mixin.py:188} INFO - [2024-04-26T12:58:06.337+0000] {dag.py:3954} INFO - Setting next_dagrun for example_task_group_decorator to 2024-04-25 00:00:00+00:00, run_after=2024-04-26 00:00:00+00:00
[2024-04-26T12:58:06.352+0000] {processor.py:183} INFO - Processing /home/airflow/.local/lib/python3.12/site-packages/airflow/example_dags/example_task_group_decorator.py took 0.071 seconds
