[2024-04-26T12:34:42.288+0000] {processor.py:161} INFO - Started process (PID=38) to work on /home/airflow/.local/lib/python3.12/site-packages/airflow/example_dags/example_branch_python_dop_operator_3.py
[2024-04-26T12:34:42.289+0000] {processor.py:830} INFO - Processing file /home/airflow/.local/lib/python3.12/site-packages/airflow/example_dags/example_branch_python_dop_operator_3.py for tasks to queue
[2024-04-26T12:34:42.291+0000] {logging_mixin.py:188} INFO - [2024-04-26T12:34:42.291+0000] {dagbag.py:540} INFO - Filling up the DagBag from /home/airflow/.local/lib/python3.12/site-packages/airflow/example_dags/example_branch_python_dop_operator_3.py
[2024-04-26T12:34:42.306+0000] {processor.py:840} INFO - DAG(s) 'example_branch_dop_operator_v3' retrieved from /home/airflow/.local/lib/python3.12/site-packages/airflow/example_dags/example_branch_python_dop_operator_3.py
[2024-04-26T12:34:42.523+0000] {logging_mixin.py:188} INFO - [2024-04-26T12:34:42.522+0000] {override.py:1829} INFO - Created Permission View: can delete on DAG:example_branch_dop_operator_v3
[2024-04-26T12:34:42.531+0000] {logging_mixin.py:188} INFO - [2024-04-26T12:34:42.531+0000] {override.py:1829} INFO - Created Permission View: can edit on DAG:example_branch_dop_operator_v3
[2024-04-26T12:34:42.536+0000] {logging_mixin.py:188} INFO - [2024-04-26T12:34:42.536+0000] {override.py:1829} INFO - Created Permission View: can read on DAG:example_branch_dop_operator_v3
[2024-04-26T12:34:42.537+0000] {logging_mixin.py:188} INFO - [2024-04-26T12:34:42.537+0000] {dag.py:3096} INFO - Sync 1 DAGs
[2024-04-26T12:34:42.545+0000] {logging_mixin.py:188} INFO - [2024-04-26T12:34:42.545+0000] {dag.py:3118} INFO - Creating ORM DAG for example_branch_dop_operator_v3
[2024-04-26T12:34:42.555+0000] {logging_mixin.py:188} INFO - [2024-04-26T12:34:42.555+0000] {dag.py:3954} INFO - Setting next_dagrun for example_branch_dop_operator_v3 to 2024-04-26 12:33:00+00:00, run_after=2024-04-26 12:34:00+00:00
[2024-04-26T12:34:42.568+0000] {processor.py:183} INFO - Processing /home/airflow/.local/lib/python3.12/site-packages/airflow/example_dags/example_branch_python_dop_operator_3.py took 0.285 seconds
[2024-04-26T12:35:13.413+0000] {processor.py:161} INFO - Started process (PID=96) to work on /home/airflow/.local/lib/python3.12/site-packages/airflow/example_dags/example_branch_python_dop_operator_3.py
[2024-04-26T12:35:13.414+0000] {processor.py:830} INFO - Processing file /home/airflow/.local/lib/python3.12/site-packages/airflow/example_dags/example_branch_python_dop_operator_3.py for tasks to queue
[2024-04-26T12:35:13.416+0000] {logging_mixin.py:188} INFO - [2024-04-26T12:35:13.415+0000] {dagbag.py:540} INFO - Filling up the DagBag from /home/airflow/.local/lib/python3.12/site-packages/airflow/example_dags/example_branch_python_dop_operator_3.py
[2024-04-26T12:35:13.423+0000] {processor.py:840} INFO - DAG(s) 'example_branch_dop_operator_v3' retrieved from /home/airflow/.local/lib/python3.12/site-packages/airflow/example_dags/example_branch_python_dop_operator_3.py
[2024-04-26T12:35:13.440+0000] {logging_mixin.py:188} INFO - [2024-04-26T12:35:13.440+0000] {dag.py:3096} INFO - Sync 1 DAGs
[2024-04-26T12:35:13.460+0000] {logging_mixin.py:188} INFO - [2024-04-26T12:35:13.459+0000] {dag.py:3954} INFO - Setting next_dagrun for example_branch_dop_operator_v3 to 2024-04-26 12:34:00+00:00, run_after=2024-04-26 12:35:00+00:00
[2024-04-26T12:35:13.477+0000] {processor.py:183} INFO - Processing /home/airflow/.local/lib/python3.12/site-packages/airflow/example_dags/example_branch_python_dop_operator_3.py took 0.069 seconds
[2024-04-26T12:35:43.515+0000] {processor.py:161} INFO - Started process (PID=154) to work on /home/airflow/.local/lib/python3.12/site-packages/airflow/example_dags/example_branch_python_dop_operator_3.py
[2024-04-26T12:35:43.516+0000] {processor.py:830} INFO - Processing file /home/airflow/.local/lib/python3.12/site-packages/airflow/example_dags/example_branch_python_dop_operator_3.py for tasks to queue
[2024-04-26T12:35:43.517+0000] {logging_mixin.py:188} INFO - [2024-04-26T12:35:43.517+0000] {dagbag.py:540} INFO - Filling up the DagBag from /home/airflow/.local/lib/python3.12/site-packages/airflow/example_dags/example_branch_python_dop_operator_3.py
[2024-04-26T12:35:43.523+0000] {processor.py:840} INFO - DAG(s) 'example_branch_dop_operator_v3' retrieved from /home/airflow/.local/lib/python3.12/site-packages/airflow/example_dags/example_branch_python_dop_operator_3.py
[2024-04-26T12:35:43.541+0000] {logging_mixin.py:188} INFO - [2024-04-26T12:35:43.541+0000] {dag.py:3096} INFO - Sync 1 DAGs
[2024-04-26T12:35:43.560+0000] {logging_mixin.py:188} INFO - [2024-04-26T12:35:43.560+0000] {dag.py:3954} INFO - Setting next_dagrun for example_branch_dop_operator_v3 to 2024-04-26 12:34:00+00:00, run_after=2024-04-26 12:35:00+00:00
[2024-04-26T12:35:43.577+0000] {processor.py:183} INFO - Processing /home/airflow/.local/lib/python3.12/site-packages/airflow/example_dags/example_branch_python_dop_operator_3.py took 0.067 seconds
[2024-04-26T12:36:13.630+0000] {processor.py:161} INFO - Started process (PID=212) to work on /home/airflow/.local/lib/python3.12/site-packages/airflow/example_dags/example_branch_python_dop_operator_3.py
[2024-04-26T12:36:13.631+0000] {processor.py:830} INFO - Processing file /home/airflow/.local/lib/python3.12/site-packages/airflow/example_dags/example_branch_python_dop_operator_3.py for tasks to queue
[2024-04-26T12:36:13.632+0000] {logging_mixin.py:188} INFO - [2024-04-26T12:36:13.632+0000] {dagbag.py:540} INFO - Filling up the DagBag from /home/airflow/.local/lib/python3.12/site-packages/airflow/example_dags/example_branch_python_dop_operator_3.py
[2024-04-26T12:36:13.638+0000] {processor.py:840} INFO - DAG(s) 'example_branch_dop_operator_v3' retrieved from /home/airflow/.local/lib/python3.12/site-packages/airflow/example_dags/example_branch_python_dop_operator_3.py
[2024-04-26T12:36:13.655+0000] {logging_mixin.py:188} INFO - [2024-04-26T12:36:13.654+0000] {dag.py:3096} INFO - Sync 1 DAGs
[2024-04-26T12:36:13.675+0000] {logging_mixin.py:188} INFO - [2024-04-26T12:36:13.675+0000] {dag.py:3954} INFO - Setting next_dagrun for example_branch_dop_operator_v3 to 2024-04-26 12:35:00+00:00, run_after=2024-04-26 12:36:00+00:00
[2024-04-26T12:36:13.690+0000] {processor.py:183} INFO - Processing /home/airflow/.local/lib/python3.12/site-packages/airflow/example_dags/example_branch_python_dop_operator_3.py took 0.065 seconds
[2024-04-26T12:36:44.016+0000] {processor.py:161} INFO - Started process (PID=270) to work on /home/airflow/.local/lib/python3.12/site-packages/airflow/example_dags/example_branch_python_dop_operator_3.py
[2024-04-26T12:36:44.017+0000] {processor.py:830} INFO - Processing file /home/airflow/.local/lib/python3.12/site-packages/airflow/example_dags/example_branch_python_dop_operator_3.py for tasks to queue
[2024-04-26T12:36:44.018+0000] {logging_mixin.py:188} INFO - [2024-04-26T12:36:44.018+0000] {dagbag.py:540} INFO - Filling up the DagBag from /home/airflow/.local/lib/python3.12/site-packages/airflow/example_dags/example_branch_python_dop_operator_3.py
[2024-04-26T12:36:44.025+0000] {processor.py:840} INFO - DAG(s) 'example_branch_dop_operator_v3' retrieved from /home/airflow/.local/lib/python3.12/site-packages/airflow/example_dags/example_branch_python_dop_operator_3.py
[2024-04-26T12:36:44.041+0000] {logging_mixin.py:188} INFO - [2024-04-26T12:36:44.041+0000] {dag.py:3096} INFO - Sync 1 DAGs
[2024-04-26T12:36:44.060+0000] {logging_mixin.py:188} INFO - [2024-04-26T12:36:44.059+0000] {dag.py:3954} INFO - Setting next_dagrun for example_branch_dop_operator_v3 to 2024-04-26 12:35:00+00:00, run_after=2024-04-26 12:36:00+00:00
[2024-04-26T12:36:44.074+0000] {processor.py:183} INFO - Processing /home/airflow/.local/lib/python3.12/site-packages/airflow/example_dags/example_branch_python_dop_operator_3.py took 0.062 seconds
[2024-04-26T12:37:14.406+0000] {processor.py:161} INFO - Started process (PID=328) to work on /home/airflow/.local/lib/python3.12/site-packages/airflow/example_dags/example_branch_python_dop_operator_3.py
[2024-04-26T12:37:14.407+0000] {processor.py:830} INFO - Processing file /home/airflow/.local/lib/python3.12/site-packages/airflow/example_dags/example_branch_python_dop_operator_3.py for tasks to queue
[2024-04-26T12:37:14.409+0000] {logging_mixin.py:188} INFO - [2024-04-26T12:37:14.408+0000] {dagbag.py:540} INFO - Filling up the DagBag from /home/airflow/.local/lib/python3.12/site-packages/airflow/example_dags/example_branch_python_dop_operator_3.py
[2024-04-26T12:37:14.415+0000] {processor.py:840} INFO - DAG(s) 'example_branch_dop_operator_v3' retrieved from /home/airflow/.local/lib/python3.12/site-packages/airflow/example_dags/example_branch_python_dop_operator_3.py
[2024-04-26T12:37:14.430+0000] {logging_mixin.py:188} INFO - [2024-04-26T12:37:14.430+0000] {dag.py:3096} INFO - Sync 1 DAGs
[2024-04-26T12:37:14.448+0000] {logging_mixin.py:188} INFO - [2024-04-26T12:37:14.448+0000] {dag.py:3954} INFO - Setting next_dagrun for example_branch_dop_operator_v3 to 2024-04-26 12:36:00+00:00, run_after=2024-04-26 12:37:00+00:00
[2024-04-26T12:37:14.464+0000] {processor.py:183} INFO - Processing /home/airflow/.local/lib/python3.12/site-packages/airflow/example_dags/example_branch_python_dop_operator_3.py took 0.062 seconds
[2024-04-26T12:37:44.802+0000] {processor.py:161} INFO - Started process (PID=386) to work on /home/airflow/.local/lib/python3.12/site-packages/airflow/example_dags/example_branch_python_dop_operator_3.py
[2024-04-26T12:37:44.803+0000] {processor.py:830} INFO - Processing file /home/airflow/.local/lib/python3.12/site-packages/airflow/example_dags/example_branch_python_dop_operator_3.py for tasks to queue
[2024-04-26T12:37:44.805+0000] {logging_mixin.py:188} INFO - [2024-04-26T12:37:44.805+0000] {dagbag.py:540} INFO - Filling up the DagBag from /home/airflow/.local/lib/python3.12/site-packages/airflow/example_dags/example_branch_python_dop_operator_3.py
[2024-04-26T12:37:44.812+0000] {processor.py:840} INFO - DAG(s) 'example_branch_dop_operator_v3' retrieved from /home/airflow/.local/lib/python3.12/site-packages/airflow/example_dags/example_branch_python_dop_operator_3.py
[2024-04-26T12:37:44.829+0000] {logging_mixin.py:188} INFO - [2024-04-26T12:37:44.829+0000] {dag.py:3096} INFO - Sync 1 DAGs
[2024-04-26T12:37:44.848+0000] {logging_mixin.py:188} INFO - [2024-04-26T12:37:44.848+0000] {dag.py:3954} INFO - Setting next_dagrun for example_branch_dop_operator_v3 to 2024-04-26 12:36:00+00:00, run_after=2024-04-26 12:37:00+00:00
[2024-04-26T12:37:44.866+0000] {processor.py:183} INFO - Processing /home/airflow/.local/lib/python3.12/site-packages/airflow/example_dags/example_branch_python_dop_operator_3.py took 0.069 seconds
[2024-04-26T12:38:15.281+0000] {processor.py:161} INFO - Started process (PID=444) to work on /home/airflow/.local/lib/python3.12/site-packages/airflow/example_dags/example_branch_python_dop_operator_3.py
[2024-04-26T12:38:15.281+0000] {processor.py:830} INFO - Processing file /home/airflow/.local/lib/python3.12/site-packages/airflow/example_dags/example_branch_python_dop_operator_3.py for tasks to queue
[2024-04-26T12:38:15.283+0000] {logging_mixin.py:188} INFO - [2024-04-26T12:38:15.283+0000] {dagbag.py:540} INFO - Filling up the DagBag from /home/airflow/.local/lib/python3.12/site-packages/airflow/example_dags/example_branch_python_dop_operator_3.py
[2024-04-26T12:38:15.289+0000] {processor.py:840} INFO - DAG(s) 'example_branch_dop_operator_v3' retrieved from /home/airflow/.local/lib/python3.12/site-packages/airflow/example_dags/example_branch_python_dop_operator_3.py
[2024-04-26T12:38:15.304+0000] {logging_mixin.py:188} INFO - [2024-04-26T12:38:15.304+0000] {dag.py:3096} INFO - Sync 1 DAGs
[2024-04-26T12:38:15.322+0000] {logging_mixin.py:188} INFO - [2024-04-26T12:38:15.322+0000] {dag.py:3954} INFO - Setting next_dagrun for example_branch_dop_operator_v3 to 2024-04-26 12:37:00+00:00, run_after=2024-04-26 12:38:00+00:00
[2024-04-26T12:38:15.341+0000] {processor.py:183} INFO - Processing /home/airflow/.local/lib/python3.12/site-packages/airflow/example_dags/example_branch_python_dop_operator_3.py took 0.064 seconds
[2024-04-26T12:38:45.629+0000] {processor.py:161} INFO - Started process (PID=502) to work on /home/airflow/.local/lib/python3.12/site-packages/airflow/example_dags/example_branch_python_dop_operator_3.py
[2024-04-26T12:38:45.630+0000] {processor.py:830} INFO - Processing file /home/airflow/.local/lib/python3.12/site-packages/airflow/example_dags/example_branch_python_dop_operator_3.py for tasks to queue
[2024-04-26T12:38:45.631+0000] {logging_mixin.py:188} INFO - [2024-04-26T12:38:45.631+0000] {dagbag.py:540} INFO - Filling up the DagBag from /home/airflow/.local/lib/python3.12/site-packages/airflow/example_dags/example_branch_python_dop_operator_3.py
[2024-04-26T12:38:45.638+0000] {processor.py:840} INFO - DAG(s) 'example_branch_dop_operator_v3' retrieved from /home/airflow/.local/lib/python3.12/site-packages/airflow/example_dags/example_branch_python_dop_operator_3.py
[2024-04-26T12:38:45.654+0000] {logging_mixin.py:188} INFO - [2024-04-26T12:38:45.654+0000] {dag.py:3096} INFO - Sync 1 DAGs
[2024-04-26T12:38:45.673+0000] {logging_mixin.py:188} INFO - [2024-04-26T12:38:45.673+0000] {dag.py:3954} INFO - Setting next_dagrun for example_branch_dop_operator_v3 to 2024-04-26 12:37:00+00:00, run_after=2024-04-26 12:38:00+00:00
[2024-04-26T12:38:45.687+0000] {processor.py:183} INFO - Processing /home/airflow/.local/lib/python3.12/site-packages/airflow/example_dags/example_branch_python_dop_operator_3.py took 0.063 seconds
[2024-04-26T12:39:16.053+0000] {processor.py:161} INFO - Started process (PID=560) to work on /home/airflow/.local/lib/python3.12/site-packages/airflow/example_dags/example_branch_python_dop_operator_3.py
[2024-04-26T12:39:16.053+0000] {processor.py:830} INFO - Processing file /home/airflow/.local/lib/python3.12/site-packages/airflow/example_dags/example_branch_python_dop_operator_3.py for tasks to queue
[2024-04-26T12:39:16.056+0000] {logging_mixin.py:188} INFO - [2024-04-26T12:39:16.056+0000] {dagbag.py:540} INFO - Filling up the DagBag from /home/airflow/.local/lib/python3.12/site-packages/airflow/example_dags/example_branch_python_dop_operator_3.py
[2024-04-26T12:39:16.063+0000] {processor.py:840} INFO - DAG(s) 'example_branch_dop_operator_v3' retrieved from /home/airflow/.local/lib/python3.12/site-packages/airflow/example_dags/example_branch_python_dop_operator_3.py
[2024-04-26T12:39:16.081+0000] {logging_mixin.py:188} INFO - [2024-04-26T12:39:16.081+0000] {dag.py:3096} INFO - Sync 1 DAGs
[2024-04-26T12:39:16.104+0000] {logging_mixin.py:188} INFO - [2024-04-26T12:39:16.104+0000] {dag.py:3954} INFO - Setting next_dagrun for example_branch_dop_operator_v3 to 2024-04-26 12:38:00+00:00, run_after=2024-04-26 12:39:00+00:00
[2024-04-26T12:39:16.121+0000] {processor.py:183} INFO - Processing /home/airflow/.local/lib/python3.12/site-packages/airflow/example_dags/example_branch_python_dop_operator_3.py took 0.074 seconds
[2024-04-26T12:39:46.540+0000] {processor.py:161} INFO - Started process (PID=618) to work on /home/airflow/.local/lib/python3.12/site-packages/airflow/example_dags/example_branch_python_dop_operator_3.py
[2024-04-26T12:39:46.541+0000] {processor.py:830} INFO - Processing file /home/airflow/.local/lib/python3.12/site-packages/airflow/example_dags/example_branch_python_dop_operator_3.py for tasks to queue
[2024-04-26T12:39:46.542+0000] {logging_mixin.py:188} INFO - [2024-04-26T12:39:46.542+0000] {dagbag.py:540} INFO - Filling up the DagBag from /home/airflow/.local/lib/python3.12/site-packages/airflow/example_dags/example_branch_python_dop_operator_3.py
[2024-04-26T12:39:46.549+0000] {processor.py:840} INFO - DAG(s) 'example_branch_dop_operator_v3' retrieved from /home/airflow/.local/lib/python3.12/site-packages/airflow/example_dags/example_branch_python_dop_operator_3.py
[2024-04-26T12:39:46.565+0000] {logging_mixin.py:188} INFO - [2024-04-26T12:39:46.565+0000] {dag.py:3096} INFO - Sync 1 DAGs
[2024-04-26T12:39:46.584+0000] {logging_mixin.py:188} INFO - [2024-04-26T12:39:46.583+0000] {dag.py:3954} INFO - Setting next_dagrun for example_branch_dop_operator_v3 to 2024-04-26 12:38:00+00:00, run_after=2024-04-26 12:39:00+00:00
[2024-04-26T12:39:46.601+0000] {processor.py:183} INFO - Processing /home/airflow/.local/lib/python3.12/site-packages/airflow/example_dags/example_branch_python_dop_operator_3.py took 0.066 seconds
[2024-04-26T12:40:16.987+0000] {processor.py:161} INFO - Started process (PID=676) to work on /home/airflow/.local/lib/python3.12/site-packages/airflow/example_dags/example_branch_python_dop_operator_3.py
[2024-04-26T12:40:16.988+0000] {processor.py:830} INFO - Processing file /home/airflow/.local/lib/python3.12/site-packages/airflow/example_dags/example_branch_python_dop_operator_3.py for tasks to queue
[2024-04-26T12:40:16.990+0000] {logging_mixin.py:188} INFO - [2024-04-26T12:40:16.990+0000] {dagbag.py:540} INFO - Filling up the DagBag from /home/airflow/.local/lib/python3.12/site-packages/airflow/example_dags/example_branch_python_dop_operator_3.py
[2024-04-26T12:40:16.996+0000] {processor.py:840} INFO - DAG(s) 'example_branch_dop_operator_v3' retrieved from /home/airflow/.local/lib/python3.12/site-packages/airflow/example_dags/example_branch_python_dop_operator_3.py
[2024-04-26T12:40:17.012+0000] {logging_mixin.py:188} INFO - [2024-04-26T12:40:17.012+0000] {dag.py:3096} INFO - Sync 1 DAGs
[2024-04-26T12:40:17.031+0000] {logging_mixin.py:188} INFO - [2024-04-26T12:40:17.031+0000] {dag.py:3954} INFO - Setting next_dagrun for example_branch_dop_operator_v3 to 2024-04-26 12:39:00+00:00, run_after=2024-04-26 12:40:00+00:00
[2024-04-26T12:40:17.051+0000] {processor.py:183} INFO - Processing /home/airflow/.local/lib/python3.12/site-packages/airflow/example_dags/example_branch_python_dop_operator_3.py took 0.068 seconds
[2024-04-26T12:40:47.538+0000] {processor.py:161} INFO - Started process (PID=734) to work on /home/airflow/.local/lib/python3.12/site-packages/airflow/example_dags/example_branch_python_dop_operator_3.py
[2024-04-26T12:40:47.539+0000] {processor.py:830} INFO - Processing file /home/airflow/.local/lib/python3.12/site-packages/airflow/example_dags/example_branch_python_dop_operator_3.py for tasks to queue
[2024-04-26T12:40:47.541+0000] {logging_mixin.py:188} INFO - [2024-04-26T12:40:47.541+0000] {dagbag.py:540} INFO - Filling up the DagBag from /home/airflow/.local/lib/python3.12/site-packages/airflow/example_dags/example_branch_python_dop_operator_3.py
[2024-04-26T12:40:47.547+0000] {processor.py:840} INFO - DAG(s) 'example_branch_dop_operator_v3' retrieved from /home/airflow/.local/lib/python3.12/site-packages/airflow/example_dags/example_branch_python_dop_operator_3.py
[2024-04-26T12:40:47.562+0000] {logging_mixin.py:188} INFO - [2024-04-26T12:40:47.562+0000] {dag.py:3096} INFO - Sync 1 DAGs
[2024-04-26T12:40:47.579+0000] {logging_mixin.py:188} INFO - [2024-04-26T12:40:47.579+0000] {dag.py:3954} INFO - Setting next_dagrun for example_branch_dop_operator_v3 to 2024-04-26 12:39:00+00:00, run_after=2024-04-26 12:40:00+00:00
[2024-04-26T12:40:47.599+0000] {processor.py:183} INFO - Processing /home/airflow/.local/lib/python3.12/site-packages/airflow/example_dags/example_branch_python_dop_operator_3.py took 0.065 seconds
[2024-04-26T12:41:18.055+0000] {processor.py:161} INFO - Started process (PID=792) to work on /home/airflow/.local/lib/python3.12/site-packages/airflow/example_dags/example_branch_python_dop_operator_3.py
[2024-04-26T12:41:18.056+0000] {processor.py:830} INFO - Processing file /home/airflow/.local/lib/python3.12/site-packages/airflow/example_dags/example_branch_python_dop_operator_3.py for tasks to queue
[2024-04-26T12:41:18.058+0000] {logging_mixin.py:188} INFO - [2024-04-26T12:41:18.057+0000] {dagbag.py:540} INFO - Filling up the DagBag from /home/airflow/.local/lib/python3.12/site-packages/airflow/example_dags/example_branch_python_dop_operator_3.py
[2024-04-26T12:41:18.064+0000] {processor.py:840} INFO - DAG(s) 'example_branch_dop_operator_v3' retrieved from /home/airflow/.local/lib/python3.12/site-packages/airflow/example_dags/example_branch_python_dop_operator_3.py
[2024-04-26T12:41:18.081+0000] {logging_mixin.py:188} INFO - [2024-04-26T12:41:18.081+0000] {dag.py:3096} INFO - Sync 1 DAGs
[2024-04-26T12:41:18.100+0000] {logging_mixin.py:188} INFO - [2024-04-26T12:41:18.100+0000] {dag.py:3954} INFO - Setting next_dagrun for example_branch_dop_operator_v3 to 2024-04-26 12:40:00+00:00, run_after=2024-04-26 12:41:00+00:00
[2024-04-26T12:41:18.117+0000] {processor.py:183} INFO - Processing /home/airflow/.local/lib/python3.12/site-packages/airflow/example_dags/example_branch_python_dop_operator_3.py took 0.066 seconds
[2024-04-26T12:41:48.211+0000] {processor.py:161} INFO - Started process (PID=850) to work on /home/airflow/.local/lib/python3.12/site-packages/airflow/example_dags/example_branch_python_dop_operator_3.py
[2024-04-26T12:41:48.212+0000] {processor.py:830} INFO - Processing file /home/airflow/.local/lib/python3.12/site-packages/airflow/example_dags/example_branch_python_dop_operator_3.py for tasks to queue
[2024-04-26T12:41:48.213+0000] {logging_mixin.py:188} INFO - [2024-04-26T12:41:48.213+0000] {dagbag.py:540} INFO - Filling up the DagBag from /home/airflow/.local/lib/python3.12/site-packages/airflow/example_dags/example_branch_python_dop_operator_3.py
[2024-04-26T12:41:48.220+0000] {processor.py:840} INFO - DAG(s) 'example_branch_dop_operator_v3' retrieved from /home/airflow/.local/lib/python3.12/site-packages/airflow/example_dags/example_branch_python_dop_operator_3.py
[2024-04-26T12:41:48.236+0000] {logging_mixin.py:188} INFO - [2024-04-26T12:41:48.235+0000] {dag.py:3096} INFO - Sync 1 DAGs
[2024-04-26T12:41:48.254+0000] {logging_mixin.py:188} INFO - [2024-04-26T12:41:48.254+0000] {dag.py:3954} INFO - Setting next_dagrun for example_branch_dop_operator_v3 to 2024-04-26 12:40:00+00:00, run_after=2024-04-26 12:41:00+00:00
[2024-04-26T12:41:48.273+0000] {processor.py:183} INFO - Processing /home/airflow/.local/lib/python3.12/site-packages/airflow/example_dags/example_branch_python_dop_operator_3.py took 0.066 seconds
[2024-04-26T12:42:18.367+0000] {processor.py:161} INFO - Started process (PID=908) to work on /home/airflow/.local/lib/python3.12/site-packages/airflow/example_dags/example_branch_python_dop_operator_3.py
[2024-04-26T12:42:18.368+0000] {processor.py:830} INFO - Processing file /home/airflow/.local/lib/python3.12/site-packages/airflow/example_dags/example_branch_python_dop_operator_3.py for tasks to queue
[2024-04-26T12:42:18.369+0000] {logging_mixin.py:188} INFO - [2024-04-26T12:42:18.369+0000] {dagbag.py:540} INFO - Filling up the DagBag from /home/airflow/.local/lib/python3.12/site-packages/airflow/example_dags/example_branch_python_dop_operator_3.py
[2024-04-26T12:42:18.376+0000] {processor.py:840} INFO - DAG(s) 'example_branch_dop_operator_v3' retrieved from /home/airflow/.local/lib/python3.12/site-packages/airflow/example_dags/example_branch_python_dop_operator_3.py
[2024-04-26T12:42:18.390+0000] {logging_mixin.py:188} INFO - [2024-04-26T12:42:18.390+0000] {dag.py:3096} INFO - Sync 1 DAGs
[2024-04-26T12:42:18.408+0000] {logging_mixin.py:188} INFO - [2024-04-26T12:42:18.408+0000] {dag.py:3954} INFO - Setting next_dagrun for example_branch_dop_operator_v3 to 2024-04-26 12:41:00+00:00, run_after=2024-04-26 12:42:00+00:00
[2024-04-26T12:42:18.426+0000] {processor.py:183} INFO - Processing /home/airflow/.local/lib/python3.12/site-packages/airflow/example_dags/example_branch_python_dop_operator_3.py took 0.063 seconds
[2024-04-26T12:42:49.081+0000] {processor.py:161} INFO - Started process (PID=966) to work on /home/airflow/.local/lib/python3.12/site-packages/airflow/example_dags/example_branch_python_dop_operator_3.py
[2024-04-26T12:42:49.082+0000] {processor.py:830} INFO - Processing file /home/airflow/.local/lib/python3.12/site-packages/airflow/example_dags/example_branch_python_dop_operator_3.py for tasks to queue
[2024-04-26T12:42:49.084+0000] {logging_mixin.py:188} INFO - [2024-04-26T12:42:49.083+0000] {dagbag.py:540} INFO - Filling up the DagBag from /home/airflow/.local/lib/python3.12/site-packages/airflow/example_dags/example_branch_python_dop_operator_3.py
[2024-04-26T12:42:49.090+0000] {processor.py:840} INFO - DAG(s) 'example_branch_dop_operator_v3' retrieved from /home/airflow/.local/lib/python3.12/site-packages/airflow/example_dags/example_branch_python_dop_operator_3.py
[2024-04-26T12:42:49.106+0000] {logging_mixin.py:188} INFO - [2024-04-26T12:42:49.106+0000] {dag.py:3096} INFO - Sync 1 DAGs
[2024-04-26T12:42:49.128+0000] {logging_mixin.py:188} INFO - [2024-04-26T12:42:49.128+0000] {dag.py:3954} INFO - Setting next_dagrun for example_branch_dop_operator_v3 to 2024-04-26 12:41:00+00:00, run_after=2024-04-26 12:42:00+00:00
[2024-04-26T12:42:49.148+0000] {processor.py:183} INFO - Processing /home/airflow/.local/lib/python3.12/site-packages/airflow/example_dags/example_branch_python_dop_operator_3.py took 0.071 seconds
[2024-04-26T12:43:19.495+0000] {processor.py:161} INFO - Started process (PID=1024) to work on /home/airflow/.local/lib/python3.12/site-packages/airflow/example_dags/example_branch_python_dop_operator_3.py
[2024-04-26T12:43:19.496+0000] {processor.py:830} INFO - Processing file /home/airflow/.local/lib/python3.12/site-packages/airflow/example_dags/example_branch_python_dop_operator_3.py for tasks to queue
[2024-04-26T12:43:19.497+0000] {logging_mixin.py:188} INFO - [2024-04-26T12:43:19.497+0000] {dagbag.py:540} INFO - Filling up the DagBag from /home/airflow/.local/lib/python3.12/site-packages/airflow/example_dags/example_branch_python_dop_operator_3.py
[2024-04-26T12:43:19.505+0000] {processor.py:840} INFO - DAG(s) 'example_branch_dop_operator_v3' retrieved from /home/airflow/.local/lib/python3.12/site-packages/airflow/example_dags/example_branch_python_dop_operator_3.py
[2024-04-26T12:43:19.522+0000] {logging_mixin.py:188} INFO - [2024-04-26T12:43:19.521+0000] {dag.py:3096} INFO - Sync 1 DAGs
[2024-04-26T12:43:19.542+0000] {logging_mixin.py:188} INFO - [2024-04-26T12:43:19.541+0000] {dag.py:3954} INFO - Setting next_dagrun for example_branch_dop_operator_v3 to 2024-04-26 12:42:00+00:00, run_after=2024-04-26 12:43:00+00:00
[2024-04-26T12:43:19.665+0000] {processor.py:183} INFO - Processing /home/airflow/.local/lib/python3.12/site-packages/airflow/example_dags/example_branch_python_dop_operator_3.py took 0.175 seconds
[2024-04-26T12:43:49.862+0000] {processor.py:161} INFO - Started process (PID=1082) to work on /home/airflow/.local/lib/python3.12/site-packages/airflow/example_dags/example_branch_python_dop_operator_3.py
[2024-04-26T12:43:49.863+0000] {processor.py:830} INFO - Processing file /home/airflow/.local/lib/python3.12/site-packages/airflow/example_dags/example_branch_python_dop_operator_3.py for tasks to queue
[2024-04-26T12:43:49.865+0000] {logging_mixin.py:188} INFO - [2024-04-26T12:43:49.864+0000] {dagbag.py:540} INFO - Filling up the DagBag from /home/airflow/.local/lib/python3.12/site-packages/airflow/example_dags/example_branch_python_dop_operator_3.py
[2024-04-26T12:43:49.871+0000] {processor.py:840} INFO - DAG(s) 'example_branch_dop_operator_v3' retrieved from /home/airflow/.local/lib/python3.12/site-packages/airflow/example_dags/example_branch_python_dop_operator_3.py
[2024-04-26T12:43:49.887+0000] {logging_mixin.py:188} INFO - [2024-04-26T12:43:49.887+0000] {dag.py:3096} INFO - Sync 1 DAGs
[2024-04-26T12:43:49.906+0000] {logging_mixin.py:188} INFO - [2024-04-26T12:43:49.906+0000] {dag.py:3954} INFO - Setting next_dagrun for example_branch_dop_operator_v3 to 2024-04-26 12:42:00+00:00, run_after=2024-04-26 12:43:00+00:00
[2024-04-26T12:43:49.923+0000] {processor.py:183} INFO - Processing /home/airflow/.local/lib/python3.12/site-packages/airflow/example_dags/example_branch_python_dop_operator_3.py took 0.066 seconds
[2024-04-26T12:44:20.238+0000] {processor.py:161} INFO - Started process (PID=1140) to work on /home/airflow/.local/lib/python3.12/site-packages/airflow/example_dags/example_branch_python_dop_operator_3.py
[2024-04-26T12:44:20.239+0000] {processor.py:830} INFO - Processing file /home/airflow/.local/lib/python3.12/site-packages/airflow/example_dags/example_branch_python_dop_operator_3.py for tasks to queue
[2024-04-26T12:44:20.241+0000] {logging_mixin.py:188} INFO - [2024-04-26T12:44:20.240+0000] {dagbag.py:540} INFO - Filling up the DagBag from /home/airflow/.local/lib/python3.12/site-packages/airflow/example_dags/example_branch_python_dop_operator_3.py
[2024-04-26T12:44:20.247+0000] {processor.py:840} INFO - DAG(s) 'example_branch_dop_operator_v3' retrieved from /home/airflow/.local/lib/python3.12/site-packages/airflow/example_dags/example_branch_python_dop_operator_3.py
[2024-04-26T12:44:20.263+0000] {logging_mixin.py:188} INFO - [2024-04-26T12:44:20.263+0000] {dag.py:3096} INFO - Sync 1 DAGs
[2024-04-26T12:44:20.281+0000] {logging_mixin.py:188} INFO - [2024-04-26T12:44:20.281+0000] {dag.py:3954} INFO - Setting next_dagrun for example_branch_dop_operator_v3 to 2024-04-26 12:43:00+00:00, run_after=2024-04-26 12:44:00+00:00
[2024-04-26T12:44:20.299+0000] {processor.py:183} INFO - Processing /home/airflow/.local/lib/python3.12/site-packages/airflow/example_dags/example_branch_python_dop_operator_3.py took 0.065 seconds
[2024-04-26T12:44:51.244+0000] {processor.py:161} INFO - Started process (PID=1200) to work on /home/airflow/.local/lib/python3.12/site-packages/airflow/example_dags/example_branch_python_dop_operator_3.py
[2024-04-26T12:44:51.245+0000] {processor.py:830} INFO - Processing file /home/airflow/.local/lib/python3.12/site-packages/airflow/example_dags/example_branch_python_dop_operator_3.py for tasks to queue
[2024-04-26T12:44:51.246+0000] {logging_mixin.py:188} INFO - [2024-04-26T12:44:51.246+0000] {dagbag.py:540} INFO - Filling up the DagBag from /home/airflow/.local/lib/python3.12/site-packages/airflow/example_dags/example_branch_python_dop_operator_3.py
[2024-04-26T12:44:51.254+0000] {processor.py:840} INFO - DAG(s) 'example_branch_dop_operator_v3' retrieved from /home/airflow/.local/lib/python3.12/site-packages/airflow/example_dags/example_branch_python_dop_operator_3.py
[2024-04-26T12:44:51.271+0000] {logging_mixin.py:188} INFO - [2024-04-26T12:44:51.271+0000] {dag.py:3096} INFO - Sync 1 DAGs
[2024-04-26T12:44:51.412+0000] {logging_mixin.py:188} INFO - [2024-04-26T12:44:51.412+0000] {dag.py:3954} INFO - Setting next_dagrun for example_branch_dop_operator_v3 to 2024-04-26 12:43:00+00:00, run_after=2024-04-26 12:44:00+00:00
[2024-04-26T12:44:51.425+0000] {processor.py:183} INFO - Processing /home/airflow/.local/lib/python3.12/site-packages/airflow/example_dags/example_branch_python_dop_operator_3.py took 0.186 seconds
[2024-04-26T12:45:21.613+0000] {processor.py:161} INFO - Started process (PID=1260) to work on /home/airflow/.local/lib/python3.12/site-packages/airflow/example_dags/example_branch_python_dop_operator_3.py
[2024-04-26T12:45:21.614+0000] {processor.py:830} INFO - Processing file /home/airflow/.local/lib/python3.12/site-packages/airflow/example_dags/example_branch_python_dop_operator_3.py for tasks to queue
[2024-04-26T12:45:21.616+0000] {logging_mixin.py:188} INFO - [2024-04-26T12:45:21.615+0000] {dagbag.py:540} INFO - Filling up the DagBag from /home/airflow/.local/lib/python3.12/site-packages/airflow/example_dags/example_branch_python_dop_operator_3.py
[2024-04-26T12:45:21.622+0000] {processor.py:840} INFO - DAG(s) 'example_branch_dop_operator_v3' retrieved from /home/airflow/.local/lib/python3.12/site-packages/airflow/example_dags/example_branch_python_dop_operator_3.py
[2024-04-26T12:45:21.636+0000] {logging_mixin.py:188} INFO - [2024-04-26T12:45:21.636+0000] {dag.py:3096} INFO - Sync 1 DAGs
[2024-04-26T12:45:21.655+0000] {logging_mixin.py:188} INFO - [2024-04-26T12:45:21.655+0000] {dag.py:3954} INFO - Setting next_dagrun for example_branch_dop_operator_v3 to 2024-04-26 12:44:00+00:00, run_after=2024-04-26 12:45:00+00:00
[2024-04-26T12:45:21.669+0000] {processor.py:183} INFO - Processing /home/airflow/.local/lib/python3.12/site-packages/airflow/example_dags/example_branch_python_dop_operator_3.py took 0.060 seconds
[2024-04-26T12:45:52.032+0000] {processor.py:161} INFO - Started process (PID=1322) to work on /home/airflow/.local/lib/python3.12/site-packages/airflow/example_dags/example_branch_python_dop_operator_3.py
[2024-04-26T12:45:52.033+0000] {processor.py:830} INFO - Processing file /home/airflow/.local/lib/python3.12/site-packages/airflow/example_dags/example_branch_python_dop_operator_3.py for tasks to queue
[2024-04-26T12:45:52.035+0000] {logging_mixin.py:188} INFO - [2024-04-26T12:45:52.034+0000] {dagbag.py:540} INFO - Filling up the DagBag from /home/airflow/.local/lib/python3.12/site-packages/airflow/example_dags/example_branch_python_dop_operator_3.py
[2024-04-26T12:45:52.043+0000] {processor.py:840} INFO - DAG(s) 'example_branch_dop_operator_v3' retrieved from /home/airflow/.local/lib/python3.12/site-packages/airflow/example_dags/example_branch_python_dop_operator_3.py
[2024-04-26T12:45:52.061+0000] {logging_mixin.py:188} INFO - [2024-04-26T12:45:52.060+0000] {dag.py:3096} INFO - Sync 1 DAGs
[2024-04-26T12:45:52.084+0000] {logging_mixin.py:188} INFO - [2024-04-26T12:45:52.084+0000] {dag.py:3954} INFO - Setting next_dagrun for example_branch_dop_operator_v3 to 2024-04-26 12:44:00+00:00, run_after=2024-04-26 12:45:00+00:00
[2024-04-26T12:45:52.100+0000] {processor.py:183} INFO - Processing /home/airflow/.local/lib/python3.12/site-packages/airflow/example_dags/example_branch_python_dop_operator_3.py took 0.074 seconds
[2024-04-26T12:46:22.587+0000] {processor.py:161} INFO - Started process (PID=1382) to work on /home/airflow/.local/lib/python3.12/site-packages/airflow/example_dags/example_branch_python_dop_operator_3.py
[2024-04-26T12:46:22.588+0000] {processor.py:830} INFO - Processing file /home/airflow/.local/lib/python3.12/site-packages/airflow/example_dags/example_branch_python_dop_operator_3.py for tasks to queue
[2024-04-26T12:46:22.590+0000] {logging_mixin.py:188} INFO - [2024-04-26T12:46:22.590+0000] {dagbag.py:540} INFO - Filling up the DagBag from /home/airflow/.local/lib/python3.12/site-packages/airflow/example_dags/example_branch_python_dop_operator_3.py
[2024-04-26T12:46:22.596+0000] {processor.py:840} INFO - DAG(s) 'example_branch_dop_operator_v3' retrieved from /home/airflow/.local/lib/python3.12/site-packages/airflow/example_dags/example_branch_python_dop_operator_3.py
[2024-04-26T12:46:22.614+0000] {logging_mixin.py:188} INFO - [2024-04-26T12:46:22.613+0000] {dag.py:3096} INFO - Sync 1 DAGs
[2024-04-26T12:46:22.635+0000] {logging_mixin.py:188} INFO - [2024-04-26T12:46:22.635+0000] {dag.py:3954} INFO - Setting next_dagrun for example_branch_dop_operator_v3 to 2024-04-26 12:45:00+00:00, run_after=2024-04-26 12:46:00+00:00
[2024-04-26T12:46:22.660+0000] {processor.py:183} INFO - Processing /home/airflow/.local/lib/python3.12/site-packages/airflow/example_dags/example_branch_python_dop_operator_3.py took 0.079 seconds
[2024-04-26T12:46:53.205+0000] {processor.py:161} INFO - Started process (PID=1442) to work on /home/airflow/.local/lib/python3.12/site-packages/airflow/example_dags/example_branch_python_dop_operator_3.py
[2024-04-26T12:46:53.206+0000] {processor.py:830} INFO - Processing file /home/airflow/.local/lib/python3.12/site-packages/airflow/example_dags/example_branch_python_dop_operator_3.py for tasks to queue
[2024-04-26T12:46:53.207+0000] {logging_mixin.py:188} INFO - [2024-04-26T12:46:53.207+0000] {dagbag.py:540} INFO - Filling up the DagBag from /home/airflow/.local/lib/python3.12/site-packages/airflow/example_dags/example_branch_python_dop_operator_3.py
[2024-04-26T12:46:53.213+0000] {processor.py:840} INFO - DAG(s) 'example_branch_dop_operator_v3' retrieved from /home/airflow/.local/lib/python3.12/site-packages/airflow/example_dags/example_branch_python_dop_operator_3.py
[2024-04-26T12:46:53.229+0000] {logging_mixin.py:188} INFO - [2024-04-26T12:46:53.229+0000] {dag.py:3096} INFO - Sync 1 DAGs
[2024-04-26T12:46:53.247+0000] {logging_mixin.py:188} INFO - [2024-04-26T12:46:53.247+0000] {dag.py:3954} INFO - Setting next_dagrun for example_branch_dop_operator_v3 to 2024-04-26 12:45:00+00:00, run_after=2024-04-26 12:46:00+00:00
[2024-04-26T12:46:53.266+0000] {processor.py:183} INFO - Processing /home/airflow/.local/lib/python3.12/site-packages/airflow/example_dags/example_branch_python_dop_operator_3.py took 0.066 seconds
[2024-04-26T12:47:23.560+0000] {processor.py:161} INFO - Started process (PID=1502) to work on /home/airflow/.local/lib/python3.12/site-packages/airflow/example_dags/example_branch_python_dop_operator_3.py
[2024-04-26T12:47:23.561+0000] {processor.py:830} INFO - Processing file /home/airflow/.local/lib/python3.12/site-packages/airflow/example_dags/example_branch_python_dop_operator_3.py for tasks to queue
[2024-04-26T12:47:23.563+0000] {logging_mixin.py:188} INFO - [2024-04-26T12:47:23.563+0000] {dagbag.py:540} INFO - Filling up the DagBag from /home/airflow/.local/lib/python3.12/site-packages/airflow/example_dags/example_branch_python_dop_operator_3.py
[2024-04-26T12:47:23.570+0000] {processor.py:840} INFO - DAG(s) 'example_branch_dop_operator_v3' retrieved from /home/airflow/.local/lib/python3.12/site-packages/airflow/example_dags/example_branch_python_dop_operator_3.py
[2024-04-26T12:47:23.587+0000] {logging_mixin.py:188} INFO - [2024-04-26T12:47:23.586+0000] {dag.py:3096} INFO - Sync 1 DAGs
[2024-04-26T12:47:23.608+0000] {logging_mixin.py:188} INFO - [2024-04-26T12:47:23.607+0000] {dag.py:3954} INFO - Setting next_dagrun for example_branch_dop_operator_v3 to 2024-04-26 12:46:00+00:00, run_after=2024-04-26 12:47:00+00:00
[2024-04-26T12:47:23.626+0000] {processor.py:183} INFO - Processing /home/airflow/.local/lib/python3.12/site-packages/airflow/example_dags/example_branch_python_dop_operator_3.py took 0.071 seconds
[2024-04-26T12:47:53.942+0000] {processor.py:161} INFO - Started process (PID=1562) to work on /home/airflow/.local/lib/python3.12/site-packages/airflow/example_dags/example_branch_python_dop_operator_3.py
[2024-04-26T12:47:53.943+0000] {processor.py:830} INFO - Processing file /home/airflow/.local/lib/python3.12/site-packages/airflow/example_dags/example_branch_python_dop_operator_3.py for tasks to queue
[2024-04-26T12:47:53.944+0000] {logging_mixin.py:188} INFO - [2024-04-26T12:47:53.944+0000] {dagbag.py:540} INFO - Filling up the DagBag from /home/airflow/.local/lib/python3.12/site-packages/airflow/example_dags/example_branch_python_dop_operator_3.py
[2024-04-26T12:47:53.951+0000] {processor.py:840} INFO - DAG(s) 'example_branch_dop_operator_v3' retrieved from /home/airflow/.local/lib/python3.12/site-packages/airflow/example_dags/example_branch_python_dop_operator_3.py
[2024-04-26T12:47:53.965+0000] {logging_mixin.py:188} INFO - [2024-04-26T12:47:53.965+0000] {dag.py:3096} INFO - Sync 1 DAGs
[2024-04-26T12:47:53.984+0000] {logging_mixin.py:188} INFO - [2024-04-26T12:47:53.984+0000] {dag.py:3954} INFO - Setting next_dagrun for example_branch_dop_operator_v3 to 2024-04-26 12:46:00+00:00, run_after=2024-04-26 12:47:00+00:00
[2024-04-26T12:47:54.002+0000] {processor.py:183} INFO - Processing /home/airflow/.local/lib/python3.12/site-packages/airflow/example_dags/example_branch_python_dop_operator_3.py took 0.064 seconds
[2024-04-26T12:48:24.320+0000] {processor.py:161} INFO - Started process (PID=1622) to work on /home/airflow/.local/lib/python3.12/site-packages/airflow/example_dags/example_branch_python_dop_operator_3.py
[2024-04-26T12:48:24.320+0000] {processor.py:830} INFO - Processing file /home/airflow/.local/lib/python3.12/site-packages/airflow/example_dags/example_branch_python_dop_operator_3.py for tasks to queue
[2024-04-26T12:48:24.322+0000] {logging_mixin.py:188} INFO - [2024-04-26T12:48:24.322+0000] {dagbag.py:540} INFO - Filling up the DagBag from /home/airflow/.local/lib/python3.12/site-packages/airflow/example_dags/example_branch_python_dop_operator_3.py
[2024-04-26T12:48:24.328+0000] {processor.py:840} INFO - DAG(s) 'example_branch_dop_operator_v3' retrieved from /home/airflow/.local/lib/python3.12/site-packages/airflow/example_dags/example_branch_python_dop_operator_3.py
[2024-04-26T12:48:24.344+0000] {logging_mixin.py:188} INFO - [2024-04-26T12:48:24.344+0000] {dag.py:3096} INFO - Sync 1 DAGs
[2024-04-26T12:48:24.362+0000] {logging_mixin.py:188} INFO - [2024-04-26T12:48:24.362+0000] {dag.py:3954} INFO - Setting next_dagrun for example_branch_dop_operator_v3 to 2024-04-26 12:47:00+00:00, run_after=2024-04-26 12:48:00+00:00
[2024-04-26T12:48:24.379+0000] {processor.py:183} INFO - Processing /home/airflow/.local/lib/python3.12/site-packages/airflow/example_dags/example_branch_python_dop_operator_3.py took 0.064 seconds
[2024-04-26T12:48:54.698+0000] {processor.py:161} INFO - Started process (PID=1682) to work on /home/airflow/.local/lib/python3.12/site-packages/airflow/example_dags/example_branch_python_dop_operator_3.py
[2024-04-26T12:48:54.699+0000] {processor.py:830} INFO - Processing file /home/airflow/.local/lib/python3.12/site-packages/airflow/example_dags/example_branch_python_dop_operator_3.py for tasks to queue
[2024-04-26T12:48:54.701+0000] {logging_mixin.py:188} INFO - [2024-04-26T12:48:54.701+0000] {dagbag.py:540} INFO - Filling up the DagBag from /home/airflow/.local/lib/python3.12/site-packages/airflow/example_dags/example_branch_python_dop_operator_3.py
[2024-04-26T12:48:54.707+0000] {processor.py:840} INFO - DAG(s) 'example_branch_dop_operator_v3' retrieved from /home/airflow/.local/lib/python3.12/site-packages/airflow/example_dags/example_branch_python_dop_operator_3.py
[2024-04-26T12:48:54.723+0000] {logging_mixin.py:188} INFO - [2024-04-26T12:48:54.723+0000] {dag.py:3096} INFO - Sync 1 DAGs
[2024-04-26T12:48:54.743+0000] {logging_mixin.py:188} INFO - [2024-04-26T12:48:54.742+0000] {dag.py:3954} INFO - Setting next_dagrun for example_branch_dop_operator_v3 to 2024-04-26 12:47:00+00:00, run_after=2024-04-26 12:48:00+00:00
[2024-04-26T12:48:54.761+0000] {processor.py:183} INFO - Processing /home/airflow/.local/lib/python3.12/site-packages/airflow/example_dags/example_branch_python_dop_operator_3.py took 0.068 seconds
[2024-04-26T12:49:25.173+0000] {processor.py:161} INFO - Started process (PID=1742) to work on /home/airflow/.local/lib/python3.12/site-packages/airflow/example_dags/example_branch_python_dop_operator_3.py
[2024-04-26T12:49:25.174+0000] {processor.py:830} INFO - Processing file /home/airflow/.local/lib/python3.12/site-packages/airflow/example_dags/example_branch_python_dop_operator_3.py for tasks to queue
[2024-04-26T12:49:25.176+0000] {logging_mixin.py:188} INFO - [2024-04-26T12:49:25.175+0000] {dagbag.py:540} INFO - Filling up the DagBag from /home/airflow/.local/lib/python3.12/site-packages/airflow/example_dags/example_branch_python_dop_operator_3.py
[2024-04-26T12:49:25.182+0000] {processor.py:840} INFO - DAG(s) 'example_branch_dop_operator_v3' retrieved from /home/airflow/.local/lib/python3.12/site-packages/airflow/example_dags/example_branch_python_dop_operator_3.py
[2024-04-26T12:49:25.198+0000] {logging_mixin.py:188} INFO - [2024-04-26T12:49:25.198+0000] {dag.py:3096} INFO - Sync 1 DAGs
[2024-04-26T12:49:25.219+0000] {logging_mixin.py:188} INFO - [2024-04-26T12:49:25.218+0000] {dag.py:3954} INFO - Setting next_dagrun for example_branch_dop_operator_v3 to 2024-04-26 12:48:00+00:00, run_after=2024-04-26 12:49:00+00:00
[2024-04-26T12:49:25.236+0000] {processor.py:183} INFO - Processing /home/airflow/.local/lib/python3.12/site-packages/airflow/example_dags/example_branch_python_dop_operator_3.py took 0.068 seconds
[2024-04-26T12:49:56.023+0000] {processor.py:161} INFO - Started process (PID=1988) to work on /home/airflow/.local/lib/python3.12/site-packages/airflow/example_dags/example_branch_python_dop_operator_3.py
[2024-04-26T12:49:56.024+0000] {processor.py:830} INFO - Processing file /home/airflow/.local/lib/python3.12/site-packages/airflow/example_dags/example_branch_python_dop_operator_3.py for tasks to queue
[2024-04-26T12:49:56.028+0000] {logging_mixin.py:188} INFO - [2024-04-26T12:49:56.027+0000] {dagbag.py:540} INFO - Filling up the DagBag from /home/airflow/.local/lib/python3.12/site-packages/airflow/example_dags/example_branch_python_dop_operator_3.py
[2024-04-26T12:49:56.041+0000] {processor.py:840} INFO - DAG(s) 'example_branch_dop_operator_v3' retrieved from /home/airflow/.local/lib/python3.12/site-packages/airflow/example_dags/example_branch_python_dop_operator_3.py
[2024-04-26T12:49:56.091+0000] {logging_mixin.py:188} INFO - [2024-04-26T12:49:56.091+0000] {dag.py:3096} INFO - Sync 1 DAGs
[2024-04-26T12:49:56.132+0000] {logging_mixin.py:188} INFO - [2024-04-26T12:49:56.131+0000] {dag.py:3954} INFO - Setting next_dagrun for example_branch_dop_operator_v3 to 2024-04-26 12:48:00+00:00, run_after=2024-04-26 12:49:00+00:00
[2024-04-26T12:49:56.181+0000] {processor.py:183} INFO - Processing /home/airflow/.local/lib/python3.12/site-packages/airflow/example_dags/example_branch_python_dop_operator_3.py took 0.166 seconds
[2024-04-26T12:50:26.570+0000] {processor.py:161} INFO - Started process (PID=2248) to work on /home/airflow/.local/lib/python3.12/site-packages/airflow/example_dags/example_branch_python_dop_operator_3.py
[2024-04-26T12:50:26.571+0000] {processor.py:830} INFO - Processing file /home/airflow/.local/lib/python3.12/site-packages/airflow/example_dags/example_branch_python_dop_operator_3.py for tasks to queue
[2024-04-26T12:50:26.574+0000] {logging_mixin.py:188} INFO - [2024-04-26T12:50:26.573+0000] {dagbag.py:540} INFO - Filling up the DagBag from /home/airflow/.local/lib/python3.12/site-packages/airflow/example_dags/example_branch_python_dop_operator_3.py
[2024-04-26T12:50:26.585+0000] {processor.py:840} INFO - DAG(s) 'example_branch_dop_operator_v3' retrieved from /home/airflow/.local/lib/python3.12/site-packages/airflow/example_dags/example_branch_python_dop_operator_3.py
[2024-04-26T12:50:26.614+0000] {logging_mixin.py:188} INFO - [2024-04-26T12:50:26.614+0000] {dag.py:3096} INFO - Sync 1 DAGs
[2024-04-26T12:50:26.650+0000] {logging_mixin.py:188} INFO - [2024-04-26T12:50:26.649+0000] {dag.py:3954} INFO - Setting next_dagrun for example_branch_dop_operator_v3 to 2024-04-26 12:49:00+00:00, run_after=2024-04-26 12:50:00+00:00
[2024-04-26T12:50:26.680+0000] {processor.py:183} INFO - Processing /home/airflow/.local/lib/python3.12/site-packages/airflow/example_dags/example_branch_python_dop_operator_3.py took 0.117 seconds
[2024-04-26T12:50:57.041+0000] {processor.py:161} INFO - Started process (PID=2496) to work on /home/airflow/.local/lib/python3.12/site-packages/airflow/example_dags/example_branch_python_dop_operator_3.py
[2024-04-26T12:50:57.043+0000] {processor.py:830} INFO - Processing file /home/airflow/.local/lib/python3.12/site-packages/airflow/example_dags/example_branch_python_dop_operator_3.py for tasks to queue
[2024-04-26T12:50:57.049+0000] {logging_mixin.py:188} INFO - [2024-04-26T12:50:57.049+0000] {dagbag.py:540} INFO - Filling up the DagBag from /home/airflow/.local/lib/python3.12/site-packages/airflow/example_dags/example_branch_python_dop_operator_3.py
[2024-04-26T12:50:57.064+0000] {processor.py:840} INFO - DAG(s) 'example_branch_dop_operator_v3' retrieved from /home/airflow/.local/lib/python3.12/site-packages/airflow/example_dags/example_branch_python_dop_operator_3.py
[2024-04-26T12:50:57.096+0000] {logging_mixin.py:188} INFO - [2024-04-26T12:50:57.096+0000] {dag.py:3096} INFO - Sync 1 DAGs
[2024-04-26T12:50:57.132+0000] {logging_mixin.py:188} INFO - [2024-04-26T12:50:57.132+0000] {dag.py:3954} INFO - Setting next_dagrun for example_branch_dop_operator_v3 to 2024-04-26 12:49:00+00:00, run_after=2024-04-26 12:50:00+00:00
[2024-04-26T12:50:57.169+0000] {processor.py:183} INFO - Processing /home/airflow/.local/lib/python3.12/site-packages/airflow/example_dags/example_branch_python_dop_operator_3.py took 0.151 seconds
[2024-04-26T12:51:27.504+0000] {processor.py:161} INFO - Started process (PID=2728) to work on /home/airflow/.local/lib/python3.12/site-packages/airflow/example_dags/example_branch_python_dop_operator_3.py
[2024-04-26T12:51:27.509+0000] {processor.py:830} INFO - Processing file /home/airflow/.local/lib/python3.12/site-packages/airflow/example_dags/example_branch_python_dop_operator_3.py for tasks to queue
[2024-04-26T12:51:27.512+0000] {logging_mixin.py:188} INFO - [2024-04-26T12:51:27.512+0000] {dagbag.py:540} INFO - Filling up the DagBag from /home/airflow/.local/lib/python3.12/site-packages/airflow/example_dags/example_branch_python_dop_operator_3.py
[2024-04-26T12:51:27.529+0000] {processor.py:840} INFO - DAG(s) 'example_branch_dop_operator_v3' retrieved from /home/airflow/.local/lib/python3.12/site-packages/airflow/example_dags/example_branch_python_dop_operator_3.py
[2024-04-26T12:51:27.569+0000] {logging_mixin.py:188} INFO - [2024-04-26T12:51:27.568+0000] {dag.py:3096} INFO - Sync 1 DAGs
[2024-04-26T12:51:27.618+0000] {logging_mixin.py:188} INFO - [2024-04-26T12:51:27.617+0000] {dag.py:3954} INFO - Setting next_dagrun for example_branch_dop_operator_v3 to 2024-04-26 12:50:00+00:00, run_after=2024-04-26 12:51:00+00:00
[2024-04-26T12:51:27.675+0000] {processor.py:183} INFO - Processing /home/airflow/.local/lib/python3.12/site-packages/airflow/example_dags/example_branch_python_dop_operator_3.py took 0.188 seconds
[2024-04-26T12:51:57.957+0000] {processor.py:161} INFO - Started process (PID=2976) to work on /home/airflow/.local/lib/python3.12/site-packages/airflow/example_dags/example_branch_python_dop_operator_3.py
[2024-04-26T12:51:57.959+0000] {processor.py:830} INFO - Processing file /home/airflow/.local/lib/python3.12/site-packages/airflow/example_dags/example_branch_python_dop_operator_3.py for tasks to queue
[2024-04-26T12:51:57.961+0000] {logging_mixin.py:188} INFO - [2024-04-26T12:51:57.961+0000] {dagbag.py:540} INFO - Filling up the DagBag from /home/airflow/.local/lib/python3.12/site-packages/airflow/example_dags/example_branch_python_dop_operator_3.py
[2024-04-26T12:51:57.975+0000] {processor.py:840} INFO - DAG(s) 'example_branch_dop_operator_v3' retrieved from /home/airflow/.local/lib/python3.12/site-packages/airflow/example_dags/example_branch_python_dop_operator_3.py
[2024-04-26T12:51:58.010+0000] {logging_mixin.py:188} INFO - [2024-04-26T12:51:58.009+0000] {dag.py:3096} INFO - Sync 1 DAGs
[2024-04-26T12:51:58.049+0000] {logging_mixin.py:188} INFO - [2024-04-26T12:51:58.048+0000] {dag.py:3954} INFO - Setting next_dagrun for example_branch_dop_operator_v3 to 2024-04-26 12:50:00+00:00, run_after=2024-04-26 12:51:00+00:00
[2024-04-26T12:51:58.078+0000] {processor.py:183} INFO - Processing /home/airflow/.local/lib/python3.12/site-packages/airflow/example_dags/example_branch_python_dop_operator_3.py took 0.128 seconds
[2024-04-26T12:52:28.387+0000] {processor.py:161} INFO - Started process (PID=3252) to work on /home/airflow/.local/lib/python3.12/site-packages/airflow/example_dags/example_branch_python_dop_operator_3.py
[2024-04-26T12:52:28.389+0000] {processor.py:830} INFO - Processing file /home/airflow/.local/lib/python3.12/site-packages/airflow/example_dags/example_branch_python_dop_operator_3.py for tasks to queue
[2024-04-26T12:52:28.392+0000] {logging_mixin.py:188} INFO - [2024-04-26T12:52:28.391+0000] {dagbag.py:540} INFO - Filling up the DagBag from /home/airflow/.local/lib/python3.12/site-packages/airflow/example_dags/example_branch_python_dop_operator_3.py
[2024-04-26T12:52:28.405+0000] {processor.py:840} INFO - DAG(s) 'example_branch_dop_operator_v3' retrieved from /home/airflow/.local/lib/python3.12/site-packages/airflow/example_dags/example_branch_python_dop_operator_3.py
[2024-04-26T12:52:28.429+0000] {logging_mixin.py:188} INFO - [2024-04-26T12:52:28.429+0000] {dag.py:3096} INFO - Sync 1 DAGs
[2024-04-26T12:52:28.466+0000] {logging_mixin.py:188} INFO - [2024-04-26T12:52:28.466+0000] {dag.py:3954} INFO - Setting next_dagrun for example_branch_dop_operator_v3 to 2024-04-26 12:51:00+00:00, run_after=2024-04-26 12:52:00+00:00
[2024-04-26T12:52:28.496+0000] {processor.py:183} INFO - Processing /home/airflow/.local/lib/python3.12/site-packages/airflow/example_dags/example_branch_python_dop_operator_3.py took 0.115 seconds
[2024-04-26T12:52:59.237+0000] {processor.py:161} INFO - Started process (PID=3492) to work on /home/airflow/.local/lib/python3.12/site-packages/airflow/example_dags/example_branch_python_dop_operator_3.py
[2024-04-26T12:52:59.238+0000] {processor.py:830} INFO - Processing file /home/airflow/.local/lib/python3.12/site-packages/airflow/example_dags/example_branch_python_dop_operator_3.py for tasks to queue
[2024-04-26T12:52:59.242+0000] {logging_mixin.py:188} INFO - [2024-04-26T12:52:59.241+0000] {dagbag.py:540} INFO - Filling up the DagBag from /home/airflow/.local/lib/python3.12/site-packages/airflow/example_dags/example_branch_python_dop_operator_3.py
[2024-04-26T12:52:59.252+0000] {processor.py:840} INFO - DAG(s) 'example_branch_dop_operator_v3' retrieved from /home/airflow/.local/lib/python3.12/site-packages/airflow/example_dags/example_branch_python_dop_operator_3.py
[2024-04-26T12:52:59.284+0000] {logging_mixin.py:188} INFO - [2024-04-26T12:52:59.284+0000] {dag.py:3096} INFO - Sync 1 DAGs
[2024-04-26T12:52:59.331+0000] {logging_mixin.py:188} INFO - [2024-04-26T12:52:59.330+0000] {dag.py:3954} INFO - Setting next_dagrun for example_branch_dop_operator_v3 to 2024-04-26 12:51:00+00:00, run_after=2024-04-26 12:52:00+00:00
[2024-04-26T12:52:59.380+0000] {processor.py:183} INFO - Processing /home/airflow/.local/lib/python3.12/site-packages/airflow/example_dags/example_branch_python_dop_operator_3.py took 0.151 seconds
[2024-04-26T12:53:29.870+0000] {processor.py:161} INFO - Started process (PID=3732) to work on /home/airflow/.local/lib/python3.12/site-packages/airflow/example_dags/example_branch_python_dop_operator_3.py
[2024-04-26T12:53:29.872+0000] {processor.py:830} INFO - Processing file /home/airflow/.local/lib/python3.12/site-packages/airflow/example_dags/example_branch_python_dop_operator_3.py for tasks to queue
[2024-04-26T12:53:29.874+0000] {logging_mixin.py:188} INFO - [2024-04-26T12:53:29.874+0000] {dagbag.py:540} INFO - Filling up the DagBag from /home/airflow/.local/lib/python3.12/site-packages/airflow/example_dags/example_branch_python_dop_operator_3.py
[2024-04-26T12:53:29.887+0000] {processor.py:840} INFO - DAG(s) 'example_branch_dop_operator_v3' retrieved from /home/airflow/.local/lib/python3.12/site-packages/airflow/example_dags/example_branch_python_dop_operator_3.py
[2024-04-26T12:53:29.916+0000] {logging_mixin.py:188} INFO - [2024-04-26T12:53:29.916+0000] {dag.py:3096} INFO - Sync 1 DAGs
[2024-04-26T12:53:29.953+0000] {logging_mixin.py:188} INFO - [2024-04-26T12:53:29.953+0000] {dag.py:3954} INFO - Setting next_dagrun for example_branch_dop_operator_v3 to 2024-04-26 12:52:00+00:00, run_after=2024-04-26 12:53:00+00:00
[2024-04-26T12:53:29.976+0000] {processor.py:183} INFO - Processing /home/airflow/.local/lib/python3.12/site-packages/airflow/example_dags/example_branch_python_dop_operator_3.py took 0.114 seconds
[2024-04-26T12:54:00.672+0000] {processor.py:161} INFO - Started process (PID=3830) to work on /home/airflow/.local/lib/python3.12/site-packages/airflow/example_dags/example_branch_python_dop_operator_3.py
[2024-04-26T12:54:00.673+0000] {processor.py:830} INFO - Processing file /home/airflow/.local/lib/python3.12/site-packages/airflow/example_dags/example_branch_python_dop_operator_3.py for tasks to queue
[2024-04-26T12:54:00.675+0000] {logging_mixin.py:188} INFO - [2024-04-26T12:54:00.675+0000] {dagbag.py:540} INFO - Filling up the DagBag from /home/airflow/.local/lib/python3.12/site-packages/airflow/example_dags/example_branch_python_dop_operator_3.py
[2024-04-26T12:54:00.682+0000] {processor.py:840} INFO - DAG(s) 'example_branch_dop_operator_v3' retrieved from /home/airflow/.local/lib/python3.12/site-packages/airflow/example_dags/example_branch_python_dop_operator_3.py
[2024-04-26T12:54:00.697+0000] {logging_mixin.py:188} INFO - [2024-04-26T12:54:00.697+0000] {dag.py:3096} INFO - Sync 1 DAGs
[2024-04-26T12:54:00.717+0000] {logging_mixin.py:188} INFO - [2024-04-26T12:54:00.717+0000] {dag.py:3954} INFO - Setting next_dagrun for example_branch_dop_operator_v3 to 2024-04-26 12:53:00+00:00, run_after=2024-04-26 12:54:00+00:00
[2024-04-26T12:54:00.737+0000] {processor.py:183} INFO - Processing /home/airflow/.local/lib/python3.12/site-packages/airflow/example_dags/example_branch_python_dop_operator_3.py took 0.069 seconds
[2024-04-26T12:54:31.068+0000] {processor.py:161} INFO - Started process (PID=3890) to work on /home/airflow/.local/lib/python3.12/site-packages/airflow/example_dags/example_branch_python_dop_operator_3.py
[2024-04-26T12:54:31.069+0000] {processor.py:830} INFO - Processing file /home/airflow/.local/lib/python3.12/site-packages/airflow/example_dags/example_branch_python_dop_operator_3.py for tasks to queue
[2024-04-26T12:54:31.071+0000] {logging_mixin.py:188} INFO - [2024-04-26T12:54:31.071+0000] {dagbag.py:540} INFO - Filling up the DagBag from /home/airflow/.local/lib/python3.12/site-packages/airflow/example_dags/example_branch_python_dop_operator_3.py
[2024-04-26T12:54:31.078+0000] {processor.py:840} INFO - DAG(s) 'example_branch_dop_operator_v3' retrieved from /home/airflow/.local/lib/python3.12/site-packages/airflow/example_dags/example_branch_python_dop_operator_3.py
[2024-04-26T12:54:31.093+0000] {logging_mixin.py:188} INFO - [2024-04-26T12:54:31.093+0000] {dag.py:3096} INFO - Sync 1 DAGs
[2024-04-26T12:54:31.112+0000] {logging_mixin.py:188} INFO - [2024-04-26T12:54:31.112+0000] {dag.py:3954} INFO - Setting next_dagrun for example_branch_dop_operator_v3 to 2024-04-26 12:53:00+00:00, run_after=2024-04-26 12:54:00+00:00
[2024-04-26T12:54:31.127+0000] {processor.py:183} INFO - Processing /home/airflow/.local/lib/python3.12/site-packages/airflow/example_dags/example_branch_python_dop_operator_3.py took 0.062 seconds
[2024-04-26T12:55:01.498+0000] {processor.py:161} INFO - Started process (PID=3950) to work on /home/airflow/.local/lib/python3.12/site-packages/airflow/example_dags/example_branch_python_dop_operator_3.py
[2024-04-26T12:55:01.499+0000] {processor.py:830} INFO - Processing file /home/airflow/.local/lib/python3.12/site-packages/airflow/example_dags/example_branch_python_dop_operator_3.py for tasks to queue
[2024-04-26T12:55:01.501+0000] {logging_mixin.py:188} INFO - [2024-04-26T12:55:01.500+0000] {dagbag.py:540} INFO - Filling up the DagBag from /home/airflow/.local/lib/python3.12/site-packages/airflow/example_dags/example_branch_python_dop_operator_3.py
[2024-04-26T12:55:01.507+0000] {processor.py:840} INFO - DAG(s) 'example_branch_dop_operator_v3' retrieved from /home/airflow/.local/lib/python3.12/site-packages/airflow/example_dags/example_branch_python_dop_operator_3.py
[2024-04-26T12:55:01.522+0000] {logging_mixin.py:188} INFO - [2024-04-26T12:55:01.522+0000] {dag.py:3096} INFO - Sync 1 DAGs
[2024-04-26T12:55:01.540+0000] {logging_mixin.py:188} INFO - [2024-04-26T12:55:01.540+0000] {dag.py:3954} INFO - Setting next_dagrun for example_branch_dop_operator_v3 to 2024-04-26 12:54:00+00:00, run_after=2024-04-26 12:55:00+00:00
[2024-04-26T12:55:01.559+0000] {processor.py:183} INFO - Processing /home/airflow/.local/lib/python3.12/site-packages/airflow/example_dags/example_branch_python_dop_operator_3.py took 0.065 seconds
[2024-04-26T12:55:31.978+0000] {processor.py:161} INFO - Started process (PID=4010) to work on /home/airflow/.local/lib/python3.12/site-packages/airflow/example_dags/example_branch_python_dop_operator_3.py
[2024-04-26T12:55:31.979+0000] {processor.py:830} INFO - Processing file /home/airflow/.local/lib/python3.12/site-packages/airflow/example_dags/example_branch_python_dop_operator_3.py for tasks to queue
[2024-04-26T12:55:31.981+0000] {logging_mixin.py:188} INFO - [2024-04-26T12:55:31.981+0000] {dagbag.py:540} INFO - Filling up the DagBag from /home/airflow/.local/lib/python3.12/site-packages/airflow/example_dags/example_branch_python_dop_operator_3.py
[2024-04-26T12:55:31.988+0000] {processor.py:840} INFO - DAG(s) 'example_branch_dop_operator_v3' retrieved from /home/airflow/.local/lib/python3.12/site-packages/airflow/example_dags/example_branch_python_dop_operator_3.py
[2024-04-26T12:55:32.004+0000] {logging_mixin.py:188} INFO - [2024-04-26T12:55:32.004+0000] {dag.py:3096} INFO - Sync 1 DAGs
[2024-04-26T12:55:32.022+0000] {logging_mixin.py:188} INFO - [2024-04-26T12:55:32.022+0000] {dag.py:3954} INFO - Setting next_dagrun for example_branch_dop_operator_v3 to 2024-04-26 12:54:00+00:00, run_after=2024-04-26 12:55:00+00:00
[2024-04-26T12:55:32.039+0000] {processor.py:183} INFO - Processing /home/airflow/.local/lib/python3.12/site-packages/airflow/example_dags/example_branch_python_dop_operator_3.py took 0.066 seconds
[2024-04-26T12:56:02.416+0000] {processor.py:161} INFO - Started process (PID=4074) to work on /home/airflow/.local/lib/python3.12/site-packages/airflow/example_dags/example_branch_python_dop_operator_3.py
[2024-04-26T12:56:02.417+0000] {processor.py:830} INFO - Processing file /home/airflow/.local/lib/python3.12/site-packages/airflow/example_dags/example_branch_python_dop_operator_3.py for tasks to queue
[2024-04-26T12:56:02.418+0000] {logging_mixin.py:188} INFO - [2024-04-26T12:56:02.418+0000] {dagbag.py:540} INFO - Filling up the DagBag from /home/airflow/.local/lib/python3.12/site-packages/airflow/example_dags/example_branch_python_dop_operator_3.py
[2024-04-26T12:56:02.424+0000] {processor.py:840} INFO - DAG(s) 'example_branch_dop_operator_v3' retrieved from /home/airflow/.local/lib/python3.12/site-packages/airflow/example_dags/example_branch_python_dop_operator_3.py
[2024-04-26T12:56:02.440+0000] {logging_mixin.py:188} INFO - [2024-04-26T12:56:02.440+0000] {dag.py:3096} INFO - Sync 1 DAGs
[2024-04-26T12:56:02.458+0000] {logging_mixin.py:188} INFO - [2024-04-26T12:56:02.458+0000] {dag.py:3954} INFO - Setting next_dagrun for example_branch_dop_operator_v3 to 2024-04-26 12:55:00+00:00, run_after=2024-04-26 12:56:00+00:00
[2024-04-26T12:56:02.473+0000] {processor.py:183} INFO - Processing /home/airflow/.local/lib/python3.12/site-packages/airflow/example_dags/example_branch_python_dop_operator_3.py took 0.062 seconds
[2024-04-26T12:56:32.934+0000] {processor.py:161} INFO - Started process (PID=4134) to work on /home/airflow/.local/lib/python3.12/site-packages/airflow/example_dags/example_branch_python_dop_operator_3.py
[2024-04-26T12:56:32.935+0000] {processor.py:830} INFO - Processing file /home/airflow/.local/lib/python3.12/site-packages/airflow/example_dags/example_branch_python_dop_operator_3.py for tasks to queue
[2024-04-26T12:56:32.937+0000] {logging_mixin.py:188} INFO - [2024-04-26T12:56:32.936+0000] {dagbag.py:540} INFO - Filling up the DagBag from /home/airflow/.local/lib/python3.12/site-packages/airflow/example_dags/example_branch_python_dop_operator_3.py
[2024-04-26T12:56:32.944+0000] {processor.py:840} INFO - DAG(s) 'example_branch_dop_operator_v3' retrieved from /home/airflow/.local/lib/python3.12/site-packages/airflow/example_dags/example_branch_python_dop_operator_3.py
[2024-04-26T12:56:32.959+0000] {logging_mixin.py:188} INFO - [2024-04-26T12:56:32.959+0000] {dag.py:3096} INFO - Sync 1 DAGs
[2024-04-26T12:56:32.977+0000] {logging_mixin.py:188} INFO - [2024-04-26T12:56:32.977+0000] {dag.py:3954} INFO - Setting next_dagrun for example_branch_dop_operator_v3 to 2024-04-26 12:55:00+00:00, run_after=2024-04-26 12:56:00+00:00
[2024-04-26T12:56:32.995+0000] {processor.py:183} INFO - Processing /home/airflow/.local/lib/python3.12/site-packages/airflow/example_dags/example_branch_python_dop_operator_3.py took 0.065 seconds
[2024-04-26T12:57:03.316+0000] {processor.py:161} INFO - Started process (PID=4194) to work on /home/airflow/.local/lib/python3.12/site-packages/airflow/example_dags/example_branch_python_dop_operator_3.py
[2024-04-26T12:57:03.317+0000] {processor.py:830} INFO - Processing file /home/airflow/.local/lib/python3.12/site-packages/airflow/example_dags/example_branch_python_dop_operator_3.py for tasks to queue
[2024-04-26T12:57:03.319+0000] {logging_mixin.py:188} INFO - [2024-04-26T12:57:03.319+0000] {dagbag.py:540} INFO - Filling up the DagBag from /home/airflow/.local/lib/python3.12/site-packages/airflow/example_dags/example_branch_python_dop_operator_3.py
[2024-04-26T12:57:03.327+0000] {processor.py:840} INFO - DAG(s) 'example_branch_dop_operator_v3' retrieved from /home/airflow/.local/lib/python3.12/site-packages/airflow/example_dags/example_branch_python_dop_operator_3.py
[2024-04-26T12:57:03.344+0000] {logging_mixin.py:188} INFO - [2024-04-26T12:57:03.344+0000] {dag.py:3096} INFO - Sync 1 DAGs
[2024-04-26T12:57:03.364+0000] {logging_mixin.py:188} INFO - [2024-04-26T12:57:03.364+0000] {dag.py:3954} INFO - Setting next_dagrun for example_branch_dop_operator_v3 to 2024-04-26 12:56:00+00:00, run_after=2024-04-26 12:57:00+00:00
[2024-04-26T12:57:03.382+0000] {processor.py:183} INFO - Processing /home/airflow/.local/lib/python3.12/site-packages/airflow/example_dags/example_branch_python_dop_operator_3.py took 0.070 seconds
[2024-04-26T12:57:33.763+0000] {processor.py:161} INFO - Started process (PID=4254) to work on /home/airflow/.local/lib/python3.12/site-packages/airflow/example_dags/example_branch_python_dop_operator_3.py
[2024-04-26T12:57:33.764+0000] {processor.py:830} INFO - Processing file /home/airflow/.local/lib/python3.12/site-packages/airflow/example_dags/example_branch_python_dop_operator_3.py for tasks to queue
[2024-04-26T12:57:33.765+0000] {logging_mixin.py:188} INFO - [2024-04-26T12:57:33.765+0000] {dagbag.py:540} INFO - Filling up the DagBag from /home/airflow/.local/lib/python3.12/site-packages/airflow/example_dags/example_branch_python_dop_operator_3.py
[2024-04-26T12:57:33.772+0000] {processor.py:840} INFO - DAG(s) 'example_branch_dop_operator_v3' retrieved from /home/airflow/.local/lib/python3.12/site-packages/airflow/example_dags/example_branch_python_dop_operator_3.py
[2024-04-26T12:57:33.787+0000] {logging_mixin.py:188} INFO - [2024-04-26T12:57:33.787+0000] {dag.py:3096} INFO - Sync 1 DAGs
[2024-04-26T12:57:33.805+0000] {logging_mixin.py:188} INFO - [2024-04-26T12:57:33.805+0000] {dag.py:3954} INFO - Setting next_dagrun for example_branch_dop_operator_v3 to 2024-04-26 12:56:00+00:00, run_after=2024-04-26 12:57:00+00:00
[2024-04-26T12:57:33.820+0000] {processor.py:183} INFO - Processing /home/airflow/.local/lib/python3.12/site-packages/airflow/example_dags/example_branch_python_dop_operator_3.py took 0.062 seconds
[2024-04-26T12:58:04.086+0000] {processor.py:161} INFO - Started process (PID=4318) to work on /home/airflow/.local/lib/python3.12/site-packages/airflow/example_dags/example_branch_python_dop_operator_3.py
[2024-04-26T12:58:04.087+0000] {processor.py:830} INFO - Processing file /home/airflow/.local/lib/python3.12/site-packages/airflow/example_dags/example_branch_python_dop_operator_3.py for tasks to queue
[2024-04-26T12:58:04.088+0000] {logging_mixin.py:188} INFO - [2024-04-26T12:58:04.088+0000] {dagbag.py:540} INFO - Filling up the DagBag from /home/airflow/.local/lib/python3.12/site-packages/airflow/example_dags/example_branch_python_dop_operator_3.py
[2024-04-26T12:58:04.095+0000] {processor.py:840} INFO - DAG(s) 'example_branch_dop_operator_v3' retrieved from /home/airflow/.local/lib/python3.12/site-packages/airflow/example_dags/example_branch_python_dop_operator_3.py
[2024-04-26T12:58:04.110+0000] {logging_mixin.py:188} INFO - [2024-04-26T12:58:04.110+0000] {dag.py:3096} INFO - Sync 1 DAGs
[2024-04-26T12:58:04.128+0000] {logging_mixin.py:188} INFO - [2024-04-26T12:58:04.128+0000] {dag.py:3954} INFO - Setting next_dagrun for example_branch_dop_operator_v3 to 2024-04-26 12:57:00+00:00, run_after=2024-04-26 12:58:00+00:00
[2024-04-26T12:58:04.148+0000] {processor.py:183} INFO - Processing /home/airflow/.local/lib/python3.12/site-packages/airflow/example_dags/example_branch_python_dop_operator_3.py took 0.066 seconds
