[2024-04-26T12:34:42.791+0000] {processor.py:161} INFO - Started process (PID=42) to work on /home/airflow/.local/lib/python3.12/site-packages/airflow/example_dags/example_sensors.py
[2024-04-26T12:34:42.792+0000] {processor.py:830} INFO - Processing file /home/airflow/.local/lib/python3.12/site-packages/airflow/example_dags/example_sensors.py for tasks to queue
[2024-04-26T12:34:42.794+0000] {logging_mixin.py:188} INFO - [2024-04-26T12:34:42.793+0000] {dagbag.py:540} INFO - Filling up the DagBag from /home/airflow/.local/lib/python3.12/site-packages/airflow/example_dags/example_sensors.py
[2024-04-26T12:34:42.804+0000] {processor.py:840} INFO - DAG(s) 'example_sensors' retrieved from /home/airflow/.local/lib/python3.12/site-packages/airflow/example_dags/example_sensors.py
[2024-04-26T12:34:42.900+0000] {logging_mixin.py:188} INFO - [2024-04-26T12:34:42.899+0000] {override.py:1829} INFO - Created Permission View: can delete on DAG:example_sensors
[2024-04-26T12:34:42.908+0000] {logging_mixin.py:188} INFO - [2024-04-26T12:34:42.908+0000] {override.py:1829} INFO - Created Permission View: can edit on DAG:example_sensors
[2024-04-26T12:34:42.914+0000] {logging_mixin.py:188} INFO - [2024-04-26T12:34:42.914+0000] {override.py:1829} INFO - Created Permission View: can read on DAG:example_sensors
[2024-04-26T12:34:42.915+0000] {logging_mixin.py:188} INFO - [2024-04-26T12:34:42.915+0000] {dag.py:3096} INFO - Sync 1 DAGs
[2024-04-26T12:34:42.925+0000] {logging_mixin.py:188} INFO - [2024-04-26T12:34:42.925+0000] {dag.py:3118} INFO - Creating ORM DAG for example_sensors
[2024-04-26T12:34:42.926+0000] {logging_mixin.py:188} INFO - [2024-04-26T12:34:42.926+0000] {dag.py:3954} INFO - Setting next_dagrun for example_sensors to None, run_after=None
[2024-04-26T12:34:42.943+0000] {processor.py:183} INFO - Processing /home/airflow/.local/lib/python3.12/site-packages/airflow/example_dags/example_sensors.py took 0.156 seconds
[2024-04-26T12:35:13.593+0000] {processor.py:161} INFO - Started process (PID=100) to work on /home/airflow/.local/lib/python3.12/site-packages/airflow/example_dags/example_sensors.py
[2024-04-26T12:35:13.593+0000] {processor.py:830} INFO - Processing file /home/airflow/.local/lib/python3.12/site-packages/airflow/example_dags/example_sensors.py for tasks to queue
[2024-04-26T12:35:13.594+0000] {logging_mixin.py:188} INFO - [2024-04-26T12:35:13.594+0000] {dagbag.py:540} INFO - Filling up the DagBag from /home/airflow/.local/lib/python3.12/site-packages/airflow/example_dags/example_sensors.py
[2024-04-26T12:35:13.601+0000] {processor.py:840} INFO - DAG(s) 'example_sensors' retrieved from /home/airflow/.local/lib/python3.12/site-packages/airflow/example_dags/example_sensors.py
[2024-04-26T12:35:13.620+0000] {logging_mixin.py:188} INFO - [2024-04-26T12:35:13.620+0000] {dag.py:3096} INFO - Sync 1 DAGs
[2024-04-26T12:35:13.629+0000] {logging_mixin.py:188} INFO - [2024-04-26T12:35:13.629+0000] {dag.py:3954} INFO - Setting next_dagrun for example_sensors to None, run_after=None
[2024-04-26T12:35:13.645+0000] {processor.py:183} INFO - Processing /home/airflow/.local/lib/python3.12/site-packages/airflow/example_dags/example_sensors.py took 0.056 seconds
[2024-04-26T12:35:43.706+0000] {processor.py:161} INFO - Started process (PID=158) to work on /home/airflow/.local/lib/python3.12/site-packages/airflow/example_dags/example_sensors.py
[2024-04-26T12:35:43.707+0000] {processor.py:830} INFO - Processing file /home/airflow/.local/lib/python3.12/site-packages/airflow/example_dags/example_sensors.py for tasks to queue
[2024-04-26T12:35:43.708+0000] {logging_mixin.py:188} INFO - [2024-04-26T12:35:43.708+0000] {dagbag.py:540} INFO - Filling up the DagBag from /home/airflow/.local/lib/python3.12/site-packages/airflow/example_dags/example_sensors.py
[2024-04-26T12:35:43.715+0000] {processor.py:840} INFO - DAG(s) 'example_sensors' retrieved from /home/airflow/.local/lib/python3.12/site-packages/airflow/example_dags/example_sensors.py
[2024-04-26T12:35:43.735+0000] {logging_mixin.py:188} INFO - [2024-04-26T12:35:43.734+0000] {dag.py:3096} INFO - Sync 1 DAGs
[2024-04-26T12:35:43.744+0000] {logging_mixin.py:188} INFO - [2024-04-26T12:35:43.743+0000] {dag.py:3954} INFO - Setting next_dagrun for example_sensors to None, run_after=None
[2024-04-26T12:35:43.759+0000] {processor.py:183} INFO - Processing /home/airflow/.local/lib/python3.12/site-packages/airflow/example_dags/example_sensors.py took 0.057 seconds
[2024-04-26T12:36:13.809+0000] {processor.py:161} INFO - Started process (PID=216) to work on /home/airflow/.local/lib/python3.12/site-packages/airflow/example_dags/example_sensors.py
[2024-04-26T12:36:13.810+0000] {processor.py:830} INFO - Processing file /home/airflow/.local/lib/python3.12/site-packages/airflow/example_dags/example_sensors.py for tasks to queue
[2024-04-26T12:36:13.812+0000] {logging_mixin.py:188} INFO - [2024-04-26T12:36:13.811+0000] {dagbag.py:540} INFO - Filling up the DagBag from /home/airflow/.local/lib/python3.12/site-packages/airflow/example_dags/example_sensors.py
[2024-04-26T12:36:13.818+0000] {processor.py:840} INFO - DAG(s) 'example_sensors' retrieved from /home/airflow/.local/lib/python3.12/site-packages/airflow/example_dags/example_sensors.py
[2024-04-26T12:36:13.837+0000] {logging_mixin.py:188} INFO - [2024-04-26T12:36:13.837+0000] {dag.py:3096} INFO - Sync 1 DAGs
[2024-04-26T12:36:13.847+0000] {logging_mixin.py:188} INFO - [2024-04-26T12:36:13.847+0000] {dag.py:3954} INFO - Setting next_dagrun for example_sensors to None, run_after=None
[2024-04-26T12:36:13.861+0000] {processor.py:183} INFO - Processing /home/airflow/.local/lib/python3.12/site-packages/airflow/example_dags/example_sensors.py took 0.056 seconds
[2024-04-26T12:36:44.200+0000] {processor.py:161} INFO - Started process (PID=274) to work on /home/airflow/.local/lib/python3.12/site-packages/airflow/example_dags/example_sensors.py
[2024-04-26T12:36:44.201+0000] {processor.py:830} INFO - Processing file /home/airflow/.local/lib/python3.12/site-packages/airflow/example_dags/example_sensors.py for tasks to queue
[2024-04-26T12:36:44.202+0000] {logging_mixin.py:188} INFO - [2024-04-26T12:36:44.202+0000] {dagbag.py:540} INFO - Filling up the DagBag from /home/airflow/.local/lib/python3.12/site-packages/airflow/example_dags/example_sensors.py
[2024-04-26T12:36:44.209+0000] {processor.py:840} INFO - DAG(s) 'example_sensors' retrieved from /home/airflow/.local/lib/python3.12/site-packages/airflow/example_dags/example_sensors.py
[2024-04-26T12:36:44.227+0000] {logging_mixin.py:188} INFO - [2024-04-26T12:36:44.227+0000] {dag.py:3096} INFO - Sync 1 DAGs
[2024-04-26T12:36:44.237+0000] {logging_mixin.py:188} INFO - [2024-04-26T12:36:44.237+0000] {dag.py:3954} INFO - Setting next_dagrun for example_sensors to None, run_after=None
[2024-04-26T12:36:44.250+0000] {processor.py:183} INFO - Processing /home/airflow/.local/lib/python3.12/site-packages/airflow/example_dags/example_sensors.py took 0.055 seconds
[2024-04-26T12:37:14.588+0000] {processor.py:161} INFO - Started process (PID=332) to work on /home/airflow/.local/lib/python3.12/site-packages/airflow/example_dags/example_sensors.py
[2024-04-26T12:37:14.589+0000] {processor.py:830} INFO - Processing file /home/airflow/.local/lib/python3.12/site-packages/airflow/example_dags/example_sensors.py for tasks to queue
[2024-04-26T12:37:14.590+0000] {logging_mixin.py:188} INFO - [2024-04-26T12:37:14.590+0000] {dagbag.py:540} INFO - Filling up the DagBag from /home/airflow/.local/lib/python3.12/site-packages/airflow/example_dags/example_sensors.py
[2024-04-26T12:37:14.597+0000] {processor.py:840} INFO - DAG(s) 'example_sensors' retrieved from /home/airflow/.local/lib/python3.12/site-packages/airflow/example_dags/example_sensors.py
[2024-04-26T12:37:14.617+0000] {logging_mixin.py:188} INFO - [2024-04-26T12:37:14.617+0000] {dag.py:3096} INFO - Sync 1 DAGs
[2024-04-26T12:37:14.626+0000] {logging_mixin.py:188} INFO - [2024-04-26T12:37:14.626+0000] {dag.py:3954} INFO - Setting next_dagrun for example_sensors to None, run_after=None
[2024-04-26T12:37:14.642+0000] {processor.py:183} INFO - Processing /home/airflow/.local/lib/python3.12/site-packages/airflow/example_dags/example_sensors.py took 0.058 seconds
[2024-04-26T12:37:44.991+0000] {processor.py:161} INFO - Started process (PID=390) to work on /home/airflow/.local/lib/python3.12/site-packages/airflow/example_dags/example_sensors.py
[2024-04-26T12:37:44.992+0000] {processor.py:830} INFO - Processing file /home/airflow/.local/lib/python3.12/site-packages/airflow/example_dags/example_sensors.py for tasks to queue
[2024-04-26T12:37:44.994+0000] {logging_mixin.py:188} INFO - [2024-04-26T12:37:44.994+0000] {dagbag.py:540} INFO - Filling up the DagBag from /home/airflow/.local/lib/python3.12/site-packages/airflow/example_dags/example_sensors.py
[2024-04-26T12:37:45.001+0000] {processor.py:840} INFO - DAG(s) 'example_sensors' retrieved from /home/airflow/.local/lib/python3.12/site-packages/airflow/example_dags/example_sensors.py
[2024-04-26T12:37:45.020+0000] {logging_mixin.py:188} INFO - [2024-04-26T12:37:45.020+0000] {dag.py:3096} INFO - Sync 1 DAGs
[2024-04-26T12:37:45.031+0000] {logging_mixin.py:188} INFO - [2024-04-26T12:37:45.031+0000] {dag.py:3954} INFO - Setting next_dagrun for example_sensors to None, run_after=None
[2024-04-26T12:37:45.047+0000] {processor.py:183} INFO - Processing /home/airflow/.local/lib/python3.12/site-packages/airflow/example_dags/example_sensors.py took 0.060 seconds
[2024-04-26T12:38:15.464+0000] {processor.py:161} INFO - Started process (PID=448) to work on /home/airflow/.local/lib/python3.12/site-packages/airflow/example_dags/example_sensors.py
[2024-04-26T12:38:15.465+0000] {processor.py:830} INFO - Processing file /home/airflow/.local/lib/python3.12/site-packages/airflow/example_dags/example_sensors.py for tasks to queue
[2024-04-26T12:38:15.466+0000] {logging_mixin.py:188} INFO - [2024-04-26T12:38:15.466+0000] {dagbag.py:540} INFO - Filling up the DagBag from /home/airflow/.local/lib/python3.12/site-packages/airflow/example_dags/example_sensors.py
[2024-04-26T12:38:15.473+0000] {processor.py:840} INFO - DAG(s) 'example_sensors' retrieved from /home/airflow/.local/lib/python3.12/site-packages/airflow/example_dags/example_sensors.py
[2024-04-26T12:38:15.492+0000] {logging_mixin.py:188} INFO - [2024-04-26T12:38:15.492+0000] {dag.py:3096} INFO - Sync 1 DAGs
[2024-04-26T12:38:15.502+0000] {logging_mixin.py:188} INFO - [2024-04-26T12:38:15.502+0000] {dag.py:3954} INFO - Setting next_dagrun for example_sensors to None, run_after=None
[2024-04-26T12:38:15.518+0000] {processor.py:183} INFO - Processing /home/airflow/.local/lib/python3.12/site-packages/airflow/example_dags/example_sensors.py took 0.059 seconds
[2024-04-26T12:38:45.814+0000] {processor.py:161} INFO - Started process (PID=506) to work on /home/airflow/.local/lib/python3.12/site-packages/airflow/example_dags/example_sensors.py
[2024-04-26T12:38:45.814+0000] {processor.py:830} INFO - Processing file /home/airflow/.local/lib/python3.12/site-packages/airflow/example_dags/example_sensors.py for tasks to queue
[2024-04-26T12:38:45.816+0000] {logging_mixin.py:188} INFO - [2024-04-26T12:38:45.816+0000] {dagbag.py:540} INFO - Filling up the DagBag from /home/airflow/.local/lib/python3.12/site-packages/airflow/example_dags/example_sensors.py
[2024-04-26T12:38:45.823+0000] {processor.py:840} INFO - DAG(s) 'example_sensors' retrieved from /home/airflow/.local/lib/python3.12/site-packages/airflow/example_dags/example_sensors.py
[2024-04-26T12:38:45.845+0000] {logging_mixin.py:188} INFO - [2024-04-26T12:38:45.844+0000] {dag.py:3096} INFO - Sync 1 DAGs
[2024-04-26T12:38:45.856+0000] {logging_mixin.py:188} INFO - [2024-04-26T12:38:45.855+0000] {dag.py:3954} INFO - Setting next_dagrun for example_sensors to None, run_after=None
[2024-04-26T12:38:45.873+0000] {processor.py:183} INFO - Processing /home/airflow/.local/lib/python3.12/site-packages/airflow/example_dags/example_sensors.py took 0.064 seconds
[2024-04-26T12:39:16.257+0000] {processor.py:161} INFO - Started process (PID=564) to work on /home/airflow/.local/lib/python3.12/site-packages/airflow/example_dags/example_sensors.py
[2024-04-26T12:39:16.257+0000] {processor.py:830} INFO - Processing file /home/airflow/.local/lib/python3.12/site-packages/airflow/example_dags/example_sensors.py for tasks to queue
[2024-04-26T12:39:16.259+0000] {logging_mixin.py:188} INFO - [2024-04-26T12:39:16.258+0000] {dagbag.py:540} INFO - Filling up the DagBag from /home/airflow/.local/lib/python3.12/site-packages/airflow/example_dags/example_sensors.py
[2024-04-26T12:39:16.266+0000] {processor.py:840} INFO - DAG(s) 'example_sensors' retrieved from /home/airflow/.local/lib/python3.12/site-packages/airflow/example_dags/example_sensors.py
[2024-04-26T12:39:16.287+0000] {logging_mixin.py:188} INFO - [2024-04-26T12:39:16.287+0000] {dag.py:3096} INFO - Sync 1 DAGs
[2024-04-26T12:39:16.298+0000] {logging_mixin.py:188} INFO - [2024-04-26T12:39:16.298+0000] {dag.py:3954} INFO - Setting next_dagrun for example_sensors to None, run_after=None
[2024-04-26T12:39:16.315+0000] {processor.py:183} INFO - Processing /home/airflow/.local/lib/python3.12/site-packages/airflow/example_dags/example_sensors.py took 0.063 seconds
[2024-04-26T12:39:46.724+0000] {processor.py:161} INFO - Started process (PID=622) to work on /home/airflow/.local/lib/python3.12/site-packages/airflow/example_dags/example_sensors.py
[2024-04-26T12:39:46.725+0000] {processor.py:830} INFO - Processing file /home/airflow/.local/lib/python3.12/site-packages/airflow/example_dags/example_sensors.py for tasks to queue
[2024-04-26T12:39:46.727+0000] {logging_mixin.py:188} INFO - [2024-04-26T12:39:46.727+0000] {dagbag.py:540} INFO - Filling up the DagBag from /home/airflow/.local/lib/python3.12/site-packages/airflow/example_dags/example_sensors.py
[2024-04-26T12:39:46.734+0000] {processor.py:840} INFO - DAG(s) 'example_sensors' retrieved from /home/airflow/.local/lib/python3.12/site-packages/airflow/example_dags/example_sensors.py
[2024-04-26T12:39:46.754+0000] {logging_mixin.py:188} INFO - [2024-04-26T12:39:46.754+0000] {dag.py:3096} INFO - Sync 1 DAGs
[2024-04-26T12:39:46.764+0000] {logging_mixin.py:188} INFO - [2024-04-26T12:39:46.764+0000] {dag.py:3954} INFO - Setting next_dagrun for example_sensors to None, run_after=None
[2024-04-26T12:39:46.779+0000] {processor.py:183} INFO - Processing /home/airflow/.local/lib/python3.12/site-packages/airflow/example_dags/example_sensors.py took 0.059 seconds
[2024-04-26T12:40:17.173+0000] {processor.py:161} INFO - Started process (PID=680) to work on /home/airflow/.local/lib/python3.12/site-packages/airflow/example_dags/example_sensors.py
[2024-04-26T12:40:17.173+0000] {processor.py:830} INFO - Processing file /home/airflow/.local/lib/python3.12/site-packages/airflow/example_dags/example_sensors.py for tasks to queue
[2024-04-26T12:40:17.175+0000] {logging_mixin.py:188} INFO - [2024-04-26T12:40:17.175+0000] {dagbag.py:540} INFO - Filling up the DagBag from /home/airflow/.local/lib/python3.12/site-packages/airflow/example_dags/example_sensors.py
[2024-04-26T12:40:17.182+0000] {processor.py:840} INFO - DAG(s) 'example_sensors' retrieved from /home/airflow/.local/lib/python3.12/site-packages/airflow/example_dags/example_sensors.py
[2024-04-26T12:40:17.200+0000] {logging_mixin.py:188} INFO - [2024-04-26T12:40:17.200+0000] {dag.py:3096} INFO - Sync 1 DAGs
[2024-04-26T12:40:17.210+0000] {logging_mixin.py:188} INFO - [2024-04-26T12:40:17.209+0000] {dag.py:3954} INFO - Setting next_dagrun for example_sensors to None, run_after=None
[2024-04-26T12:40:17.224+0000] {processor.py:183} INFO - Processing /home/airflow/.local/lib/python3.12/site-packages/airflow/example_dags/example_sensors.py took 0.056 seconds
[2024-04-26T12:40:47.723+0000] {processor.py:161} INFO - Started process (PID=738) to work on /home/airflow/.local/lib/python3.12/site-packages/airflow/example_dags/example_sensors.py
[2024-04-26T12:40:47.723+0000] {processor.py:830} INFO - Processing file /home/airflow/.local/lib/python3.12/site-packages/airflow/example_dags/example_sensors.py for tasks to queue
[2024-04-26T12:40:47.725+0000] {logging_mixin.py:188} INFO - [2024-04-26T12:40:47.725+0000] {dagbag.py:540} INFO - Filling up the DagBag from /home/airflow/.local/lib/python3.12/site-packages/airflow/example_dags/example_sensors.py
[2024-04-26T12:40:47.732+0000] {processor.py:840} INFO - DAG(s) 'example_sensors' retrieved from /home/airflow/.local/lib/python3.12/site-packages/airflow/example_dags/example_sensors.py
[2024-04-26T12:40:47.751+0000] {logging_mixin.py:188} INFO - [2024-04-26T12:40:47.750+0000] {dag.py:3096} INFO - Sync 1 DAGs
[2024-04-26T12:40:47.760+0000] {logging_mixin.py:188} INFO - [2024-04-26T12:40:47.760+0000] {dag.py:3954} INFO - Setting next_dagrun for example_sensors to None, run_after=None
[2024-04-26T12:40:47.775+0000] {processor.py:183} INFO - Processing /home/airflow/.local/lib/python3.12/site-packages/airflow/example_dags/example_sensors.py took 0.057 seconds
[2024-04-26T12:41:18.340+0000] {processor.py:161} INFO - Started process (PID=796) to work on /home/airflow/.local/lib/python3.12/site-packages/airflow/example_dags/example_sensors.py
[2024-04-26T12:41:18.340+0000] {processor.py:830} INFO - Processing file /home/airflow/.local/lib/python3.12/site-packages/airflow/example_dags/example_sensors.py for tasks to queue
[2024-04-26T12:41:18.342+0000] {logging_mixin.py:188} INFO - [2024-04-26T12:41:18.342+0000] {dagbag.py:540} INFO - Filling up the DagBag from /home/airflow/.local/lib/python3.12/site-packages/airflow/example_dags/example_sensors.py
[2024-04-26T12:41:18.348+0000] {processor.py:840} INFO - DAG(s) 'example_sensors' retrieved from /home/airflow/.local/lib/python3.12/site-packages/airflow/example_dags/example_sensors.py
[2024-04-26T12:41:18.367+0000] {logging_mixin.py:188} INFO - [2024-04-26T12:41:18.367+0000] {dag.py:3096} INFO - Sync 1 DAGs
[2024-04-26T12:41:18.377+0000] {logging_mixin.py:188} INFO - [2024-04-26T12:41:18.376+0000] {dag.py:3954} INFO - Setting next_dagrun for example_sensors to None, run_after=None
[2024-04-26T12:41:18.393+0000] {processor.py:183} INFO - Processing /home/airflow/.local/lib/python3.12/site-packages/airflow/example_dags/example_sensors.py took 0.057 seconds
[2024-04-26T12:41:49.318+0000] {processor.py:161} INFO - Started process (PID=854) to work on /home/airflow/.local/lib/python3.12/site-packages/airflow/example_dags/example_sensors.py
[2024-04-26T12:41:49.319+0000] {processor.py:830} INFO - Processing file /home/airflow/.local/lib/python3.12/site-packages/airflow/example_dags/example_sensors.py for tasks to queue
[2024-04-26T12:41:49.321+0000] {logging_mixin.py:188} INFO - [2024-04-26T12:41:49.321+0000] {dagbag.py:540} INFO - Filling up the DagBag from /home/airflow/.local/lib/python3.12/site-packages/airflow/example_dags/example_sensors.py
[2024-04-26T12:41:49.327+0000] {processor.py:840} INFO - DAG(s) 'example_sensors' retrieved from /home/airflow/.local/lib/python3.12/site-packages/airflow/example_dags/example_sensors.py
[2024-04-26T12:41:49.346+0000] {logging_mixin.py:188} INFO - [2024-04-26T12:41:49.346+0000] {dag.py:3096} INFO - Sync 1 DAGs
[2024-04-26T12:41:49.355+0000] {logging_mixin.py:188} INFO - [2024-04-26T12:41:49.355+0000] {dag.py:3954} INFO - Setting next_dagrun for example_sensors to None, run_after=None
[2024-04-26T12:41:49.370+0000] {processor.py:183} INFO - Processing /home/airflow/.local/lib/python3.12/site-packages/airflow/example_dags/example_sensors.py took 0.056 seconds
[2024-04-26T12:42:19.469+0000] {processor.py:161} INFO - Started process (PID=912) to work on /home/airflow/.local/lib/python3.12/site-packages/airflow/example_dags/example_sensors.py
[2024-04-26T12:42:19.470+0000] {processor.py:830} INFO - Processing file /home/airflow/.local/lib/python3.12/site-packages/airflow/example_dags/example_sensors.py for tasks to queue
[2024-04-26T12:42:19.472+0000] {logging_mixin.py:188} INFO - [2024-04-26T12:42:19.471+0000] {dagbag.py:540} INFO - Filling up the DagBag from /home/airflow/.local/lib/python3.12/site-packages/airflow/example_dags/example_sensors.py
[2024-04-26T12:42:19.478+0000] {processor.py:840} INFO - DAG(s) 'example_sensors' retrieved from /home/airflow/.local/lib/python3.12/site-packages/airflow/example_dags/example_sensors.py
[2024-04-26T12:42:19.497+0000] {logging_mixin.py:188} INFO - [2024-04-26T12:42:19.497+0000] {dag.py:3096} INFO - Sync 1 DAGs
[2024-04-26T12:42:19.506+0000] {logging_mixin.py:188} INFO - [2024-04-26T12:42:19.506+0000] {dag.py:3954} INFO - Setting next_dagrun for example_sensors to None, run_after=None
[2024-04-26T12:42:19.519+0000] {processor.py:183} INFO - Processing /home/airflow/.local/lib/python3.12/site-packages/airflow/example_dags/example_sensors.py took 0.055 seconds
[2024-04-26T12:42:50.187+0000] {processor.py:161} INFO - Started process (PID=970) to work on /home/airflow/.local/lib/python3.12/site-packages/airflow/example_dags/example_sensors.py
[2024-04-26T12:42:50.188+0000] {processor.py:830} INFO - Processing file /home/airflow/.local/lib/python3.12/site-packages/airflow/example_dags/example_sensors.py for tasks to queue
[2024-04-26T12:42:50.189+0000] {logging_mixin.py:188} INFO - [2024-04-26T12:42:50.189+0000] {dagbag.py:540} INFO - Filling up the DagBag from /home/airflow/.local/lib/python3.12/site-packages/airflow/example_dags/example_sensors.py
[2024-04-26T12:42:50.196+0000] {processor.py:840} INFO - DAG(s) 'example_sensors' retrieved from /home/airflow/.local/lib/python3.12/site-packages/airflow/example_dags/example_sensors.py
[2024-04-26T12:42:50.215+0000] {logging_mixin.py:188} INFO - [2024-04-26T12:42:50.215+0000] {dag.py:3096} INFO - Sync 1 DAGs
[2024-04-26T12:42:50.224+0000] {logging_mixin.py:188} INFO - [2024-04-26T12:42:50.224+0000] {dag.py:3954} INFO - Setting next_dagrun for example_sensors to None, run_after=None
[2024-04-26T12:42:50.238+0000] {processor.py:183} INFO - Processing /home/airflow/.local/lib/python3.12/site-packages/airflow/example_dags/example_sensors.py took 0.055 seconds
[2024-04-26T12:43:20.880+0000] {processor.py:161} INFO - Started process (PID=1028) to work on /home/airflow/.local/lib/python3.12/site-packages/airflow/example_dags/example_sensors.py
[2024-04-26T12:43:20.881+0000] {processor.py:830} INFO - Processing file /home/airflow/.local/lib/python3.12/site-packages/airflow/example_dags/example_sensors.py for tasks to queue
[2024-04-26T12:43:20.883+0000] {logging_mixin.py:188} INFO - [2024-04-26T12:43:20.882+0000] {dagbag.py:540} INFO - Filling up the DagBag from /home/airflow/.local/lib/python3.12/site-packages/airflow/example_dags/example_sensors.py
[2024-04-26T12:43:20.889+0000] {processor.py:840} INFO - DAG(s) 'example_sensors' retrieved from /home/airflow/.local/lib/python3.12/site-packages/airflow/example_dags/example_sensors.py
[2024-04-26T12:43:20.907+0000] {logging_mixin.py:188} INFO - [2024-04-26T12:43:20.907+0000] {dag.py:3096} INFO - Sync 1 DAGs
[2024-04-26T12:43:20.916+0000] {logging_mixin.py:188} INFO - [2024-04-26T12:43:20.916+0000] {dag.py:3954} INFO - Setting next_dagrun for example_sensors to None, run_after=None
[2024-04-26T12:43:21.015+0000] {processor.py:183} INFO - Processing /home/airflow/.local/lib/python3.12/site-packages/airflow/example_dags/example_sensors.py took 0.139 seconds
[2024-04-26T12:43:51.043+0000] {processor.py:161} INFO - Started process (PID=1086) to work on /home/airflow/.local/lib/python3.12/site-packages/airflow/example_dags/example_sensors.py
[2024-04-26T12:43:51.044+0000] {processor.py:830} INFO - Processing file /home/airflow/.local/lib/python3.12/site-packages/airflow/example_dags/example_sensors.py for tasks to queue
[2024-04-26T12:43:51.046+0000] {logging_mixin.py:188} INFO - [2024-04-26T12:43:51.046+0000] {dagbag.py:540} INFO - Filling up the DagBag from /home/airflow/.local/lib/python3.12/site-packages/airflow/example_dags/example_sensors.py
[2024-04-26T12:43:51.052+0000] {processor.py:840} INFO - DAG(s) 'example_sensors' retrieved from /home/airflow/.local/lib/python3.12/site-packages/airflow/example_dags/example_sensors.py
[2024-04-26T12:43:51.071+0000] {logging_mixin.py:188} INFO - [2024-04-26T12:43:51.071+0000] {dag.py:3096} INFO - Sync 1 DAGs
[2024-04-26T12:43:51.080+0000] {logging_mixin.py:188} INFO - [2024-04-26T12:43:51.080+0000] {dag.py:3954} INFO - Setting next_dagrun for example_sensors to None, run_after=None
[2024-04-26T12:43:51.093+0000] {processor.py:183} INFO - Processing /home/airflow/.local/lib/python3.12/site-packages/airflow/example_dags/example_sensors.py took 0.053 seconds
[2024-04-26T12:44:21.343+0000] {processor.py:161} INFO - Started process (PID=1144) to work on /home/airflow/.local/lib/python3.12/site-packages/airflow/example_dags/example_sensors.py
[2024-04-26T12:44:21.344+0000] {processor.py:830} INFO - Processing file /home/airflow/.local/lib/python3.12/site-packages/airflow/example_dags/example_sensors.py for tasks to queue
[2024-04-26T12:44:21.345+0000] {logging_mixin.py:188} INFO - [2024-04-26T12:44:21.345+0000] {dagbag.py:540} INFO - Filling up the DagBag from /home/airflow/.local/lib/python3.12/site-packages/airflow/example_dags/example_sensors.py
[2024-04-26T12:44:21.352+0000] {processor.py:840} INFO - DAG(s) 'example_sensors' retrieved from /home/airflow/.local/lib/python3.12/site-packages/airflow/example_dags/example_sensors.py
[2024-04-26T12:44:21.370+0000] {logging_mixin.py:188} INFO - [2024-04-26T12:44:21.369+0000] {dag.py:3096} INFO - Sync 1 DAGs
[2024-04-26T12:44:21.378+0000] {logging_mixin.py:188} INFO - [2024-04-26T12:44:21.378+0000] {dag.py:3954} INFO - Setting next_dagrun for example_sensors to None, run_after=None
[2024-04-26T12:44:21.392+0000] {processor.py:183} INFO - Processing /home/airflow/.local/lib/python3.12/site-packages/airflow/example_dags/example_sensors.py took 0.053 seconds
[2024-04-26T12:44:51.632+0000] {processor.py:161} INFO - Started process (PID=1204) to work on /home/airflow/.local/lib/python3.12/site-packages/airflow/example_dags/example_sensors.py
[2024-04-26T12:44:51.633+0000] {processor.py:830} INFO - Processing file /home/airflow/.local/lib/python3.12/site-packages/airflow/example_dags/example_sensors.py for tasks to queue
[2024-04-26T12:44:51.634+0000] {logging_mixin.py:188} INFO - [2024-04-26T12:44:51.634+0000] {dagbag.py:540} INFO - Filling up the DagBag from /home/airflow/.local/lib/python3.12/site-packages/airflow/example_dags/example_sensors.py
[2024-04-26T12:44:51.641+0000] {processor.py:840} INFO - DAG(s) 'example_sensors' retrieved from /home/airflow/.local/lib/python3.12/site-packages/airflow/example_dags/example_sensors.py
[2024-04-26T12:44:51.762+0000] {logging_mixin.py:188} INFO - [2024-04-26T12:44:51.762+0000] {dag.py:3096} INFO - Sync 1 DAGs
[2024-04-26T12:44:51.770+0000] {logging_mixin.py:188} INFO - [2024-04-26T12:44:51.770+0000] {dag.py:3954} INFO - Setting next_dagrun for example_sensors to None, run_after=None
[2024-04-26T12:44:51.785+0000] {processor.py:183} INFO - Processing /home/airflow/.local/lib/python3.12/site-packages/airflow/example_dags/example_sensors.py took 0.158 seconds
[2024-04-26T12:45:22.711+0000] {processor.py:161} INFO - Started process (PID=1264) to work on /home/airflow/.local/lib/python3.12/site-packages/airflow/example_dags/example_sensors.py
[2024-04-26T12:45:22.712+0000] {processor.py:830} INFO - Processing file /home/airflow/.local/lib/python3.12/site-packages/airflow/example_dags/example_sensors.py for tasks to queue
[2024-04-26T12:45:22.713+0000] {logging_mixin.py:188} INFO - [2024-04-26T12:45:22.713+0000] {dagbag.py:540} INFO - Filling up the DagBag from /home/airflow/.local/lib/python3.12/site-packages/airflow/example_dags/example_sensors.py
[2024-04-26T12:45:22.719+0000] {processor.py:840} INFO - DAG(s) 'example_sensors' retrieved from /home/airflow/.local/lib/python3.12/site-packages/airflow/example_dags/example_sensors.py
[2024-04-26T12:45:22.743+0000] {logging_mixin.py:188} INFO - [2024-04-26T12:45:22.743+0000] {dag.py:3096} INFO - Sync 1 DAGs
[2024-04-26T12:45:22.754+0000] {logging_mixin.py:188} INFO - [2024-04-26T12:45:22.754+0000] {dag.py:3954} INFO - Setting next_dagrun for example_sensors to None, run_after=None
[2024-04-26T12:45:22.773+0000] {processor.py:183} INFO - Processing /home/airflow/.local/lib/python3.12/site-packages/airflow/example_dags/example_sensors.py took 0.067 seconds
[2024-04-26T12:45:53.144+0000] {processor.py:161} INFO - Started process (PID=1326) to work on /home/airflow/.local/lib/python3.12/site-packages/airflow/example_dags/example_sensors.py
[2024-04-26T12:45:53.145+0000] {processor.py:830} INFO - Processing file /home/airflow/.local/lib/python3.12/site-packages/airflow/example_dags/example_sensors.py for tasks to queue
[2024-04-26T12:45:53.146+0000] {logging_mixin.py:188} INFO - [2024-04-26T12:45:53.146+0000] {dagbag.py:540} INFO - Filling up the DagBag from /home/airflow/.local/lib/python3.12/site-packages/airflow/example_dags/example_sensors.py
[2024-04-26T12:45:53.153+0000] {processor.py:840} INFO - DAG(s) 'example_sensors' retrieved from /home/airflow/.local/lib/python3.12/site-packages/airflow/example_dags/example_sensors.py
[2024-04-26T12:45:53.174+0000] {logging_mixin.py:188} INFO - [2024-04-26T12:45:53.174+0000] {dag.py:3096} INFO - Sync 1 DAGs
[2024-04-26T12:45:53.184+0000] {logging_mixin.py:188} INFO - [2024-04-26T12:45:53.184+0000] {dag.py:3954} INFO - Setting next_dagrun for example_sensors to None, run_after=None
[2024-04-26T12:45:53.204+0000] {processor.py:183} INFO - Processing /home/airflow/.local/lib/python3.12/site-packages/airflow/example_dags/example_sensors.py took 0.065 seconds
[2024-04-26T12:46:23.708+0000] {processor.py:161} INFO - Started process (PID=1386) to work on /home/airflow/.local/lib/python3.12/site-packages/airflow/example_dags/example_sensors.py
[2024-04-26T12:46:23.709+0000] {processor.py:830} INFO - Processing file /home/airflow/.local/lib/python3.12/site-packages/airflow/example_dags/example_sensors.py for tasks to queue
[2024-04-26T12:46:23.710+0000] {logging_mixin.py:188} INFO - [2024-04-26T12:46:23.710+0000] {dagbag.py:540} INFO - Filling up the DagBag from /home/airflow/.local/lib/python3.12/site-packages/airflow/example_dags/example_sensors.py
[2024-04-26T12:46:23.717+0000] {processor.py:840} INFO - DAG(s) 'example_sensors' retrieved from /home/airflow/.local/lib/python3.12/site-packages/airflow/example_dags/example_sensors.py
[2024-04-26T12:46:23.738+0000] {logging_mixin.py:188} INFO - [2024-04-26T12:46:23.737+0000] {dag.py:3096} INFO - Sync 1 DAGs
[2024-04-26T12:46:23.748+0000] {logging_mixin.py:188} INFO - [2024-04-26T12:46:23.748+0000] {dag.py:3954} INFO - Setting next_dagrun for example_sensors to None, run_after=None
[2024-04-26T12:46:23.763+0000] {processor.py:183} INFO - Processing /home/airflow/.local/lib/python3.12/site-packages/airflow/example_dags/example_sensors.py took 0.059 seconds
[2024-04-26T12:46:54.306+0000] {processor.py:161} INFO - Started process (PID=1446) to work on /home/airflow/.local/lib/python3.12/site-packages/airflow/example_dags/example_sensors.py
[2024-04-26T12:46:54.307+0000] {processor.py:830} INFO - Processing file /home/airflow/.local/lib/python3.12/site-packages/airflow/example_dags/example_sensors.py for tasks to queue
[2024-04-26T12:46:54.308+0000] {logging_mixin.py:188} INFO - [2024-04-26T12:46:54.308+0000] {dagbag.py:540} INFO - Filling up the DagBag from /home/airflow/.local/lib/python3.12/site-packages/airflow/example_dags/example_sensors.py
[2024-04-26T12:46:54.315+0000] {processor.py:840} INFO - DAG(s) 'example_sensors' retrieved from /home/airflow/.local/lib/python3.12/site-packages/airflow/example_dags/example_sensors.py
[2024-04-26T12:46:54.334+0000] {logging_mixin.py:188} INFO - [2024-04-26T12:46:54.334+0000] {dag.py:3096} INFO - Sync 1 DAGs
[2024-04-26T12:46:54.343+0000] {logging_mixin.py:188} INFO - [2024-04-26T12:46:54.343+0000] {dag.py:3954} INFO - Setting next_dagrun for example_sensors to None, run_after=None
[2024-04-26T12:46:54.361+0000] {processor.py:183} INFO - Processing /home/airflow/.local/lib/python3.12/site-packages/airflow/example_dags/example_sensors.py took 0.060 seconds
[2024-04-26T12:47:24.668+0000] {processor.py:161} INFO - Started process (PID=1506) to work on /home/airflow/.local/lib/python3.12/site-packages/airflow/example_dags/example_sensors.py
[2024-04-26T12:47:24.669+0000] {processor.py:830} INFO - Processing file /home/airflow/.local/lib/python3.12/site-packages/airflow/example_dags/example_sensors.py for tasks to queue
[2024-04-26T12:47:24.670+0000] {logging_mixin.py:188} INFO - [2024-04-26T12:47:24.670+0000] {dagbag.py:540} INFO - Filling up the DagBag from /home/airflow/.local/lib/python3.12/site-packages/airflow/example_dags/example_sensors.py
[2024-04-26T12:47:24.677+0000] {processor.py:840} INFO - DAG(s) 'example_sensors' retrieved from /home/airflow/.local/lib/python3.12/site-packages/airflow/example_dags/example_sensors.py
[2024-04-26T12:47:24.698+0000] {logging_mixin.py:188} INFO - [2024-04-26T12:47:24.698+0000] {dag.py:3096} INFO - Sync 1 DAGs
[2024-04-26T12:47:24.709+0000] {logging_mixin.py:188} INFO - [2024-04-26T12:47:24.708+0000] {dag.py:3954} INFO - Setting next_dagrun for example_sensors to None, run_after=None
[2024-04-26T12:47:24.724+0000] {processor.py:183} INFO - Processing /home/airflow/.local/lib/python3.12/site-packages/airflow/example_dags/example_sensors.py took 0.060 seconds
[2024-04-26T12:47:55.041+0000] {processor.py:161} INFO - Started process (PID=1566) to work on /home/airflow/.local/lib/python3.12/site-packages/airflow/example_dags/example_sensors.py
[2024-04-26T12:47:55.042+0000] {processor.py:830} INFO - Processing file /home/airflow/.local/lib/python3.12/site-packages/airflow/example_dags/example_sensors.py for tasks to queue
[2024-04-26T12:47:55.043+0000] {logging_mixin.py:188} INFO - [2024-04-26T12:47:55.043+0000] {dagbag.py:540} INFO - Filling up the DagBag from /home/airflow/.local/lib/python3.12/site-packages/airflow/example_dags/example_sensors.py
[2024-04-26T12:47:55.050+0000] {processor.py:840} INFO - DAG(s) 'example_sensors' retrieved from /home/airflow/.local/lib/python3.12/site-packages/airflow/example_dags/example_sensors.py
[2024-04-26T12:47:55.069+0000] {logging_mixin.py:188} INFO - [2024-04-26T12:47:55.069+0000] {dag.py:3096} INFO - Sync 1 DAGs
[2024-04-26T12:47:55.079+0000] {logging_mixin.py:188} INFO - [2024-04-26T12:47:55.079+0000] {dag.py:3954} INFO - Setting next_dagrun for example_sensors to None, run_after=None
[2024-04-26T12:47:55.094+0000] {processor.py:183} INFO - Processing /home/airflow/.local/lib/python3.12/site-packages/airflow/example_dags/example_sensors.py took 0.057 seconds
[2024-04-26T12:48:25.424+0000] {processor.py:161} INFO - Started process (PID=1626) to work on /home/airflow/.local/lib/python3.12/site-packages/airflow/example_dags/example_sensors.py
[2024-04-26T12:48:25.425+0000] {processor.py:830} INFO - Processing file /home/airflow/.local/lib/python3.12/site-packages/airflow/example_dags/example_sensors.py for tasks to queue
[2024-04-26T12:48:25.426+0000] {logging_mixin.py:188} INFO - [2024-04-26T12:48:25.426+0000] {dagbag.py:540} INFO - Filling up the DagBag from /home/airflow/.local/lib/python3.12/site-packages/airflow/example_dags/example_sensors.py
[2024-04-26T12:48:25.433+0000] {processor.py:840} INFO - DAG(s) 'example_sensors' retrieved from /home/airflow/.local/lib/python3.12/site-packages/airflow/example_dags/example_sensors.py
[2024-04-26T12:48:25.452+0000] {logging_mixin.py:188} INFO - [2024-04-26T12:48:25.452+0000] {dag.py:3096} INFO - Sync 1 DAGs
[2024-04-26T12:48:25.461+0000] {logging_mixin.py:188} INFO - [2024-04-26T12:48:25.461+0000] {dag.py:3954} INFO - Setting next_dagrun for example_sensors to None, run_after=None
[2024-04-26T12:48:25.479+0000] {processor.py:183} INFO - Processing /home/airflow/.local/lib/python3.12/site-packages/airflow/example_dags/example_sensors.py took 0.060 seconds
[2024-04-26T12:48:55.904+0000] {processor.py:161} INFO - Started process (PID=1688) to work on /home/airflow/.local/lib/python3.12/site-packages/airflow/example_dags/example_sensors.py
[2024-04-26T12:48:55.904+0000] {processor.py:830} INFO - Processing file /home/airflow/.local/lib/python3.12/site-packages/airflow/example_dags/example_sensors.py for tasks to queue
[2024-04-26T12:48:55.906+0000] {logging_mixin.py:188} INFO - [2024-04-26T12:48:55.906+0000] {dagbag.py:540} INFO - Filling up the DagBag from /home/airflow/.local/lib/python3.12/site-packages/airflow/example_dags/example_sensors.py
[2024-04-26T12:48:55.913+0000] {processor.py:840} INFO - DAG(s) 'example_sensors' retrieved from /home/airflow/.local/lib/python3.12/site-packages/airflow/example_dags/example_sensors.py
[2024-04-26T12:48:55.934+0000] {logging_mixin.py:188} INFO - [2024-04-26T12:48:55.933+0000] {dag.py:3096} INFO - Sync 1 DAGs
[2024-04-26T12:48:55.944+0000] {logging_mixin.py:188} INFO - [2024-04-26T12:48:55.944+0000] {dag.py:3954} INFO - Setting next_dagrun for example_sensors to None, run_after=None
[2024-04-26T12:48:55.963+0000] {processor.py:183} INFO - Processing /home/airflow/.local/lib/python3.12/site-packages/airflow/example_dags/example_sensors.py took 0.064 seconds
[2024-04-26T12:49:26.457+0000] {processor.py:161} INFO - Started process (PID=1768) to work on /home/airflow/.local/lib/python3.12/site-packages/airflow/example_dags/example_sensors.py
[2024-04-26T12:49:26.460+0000] {processor.py:830} INFO - Processing file /home/airflow/.local/lib/python3.12/site-packages/airflow/example_dags/example_sensors.py for tasks to queue
[2024-04-26T12:49:26.464+0000] {logging_mixin.py:188} INFO - [2024-04-26T12:49:26.463+0000] {dagbag.py:540} INFO - Filling up the DagBag from /home/airflow/.local/lib/python3.12/site-packages/airflow/example_dags/example_sensors.py
[2024-04-26T12:49:26.482+0000] {processor.py:840} INFO - DAG(s) 'example_sensors' retrieved from /home/airflow/.local/lib/python3.12/site-packages/airflow/example_dags/example_sensors.py
[2024-04-26T12:49:26.532+0000] {logging_mixin.py:188} INFO - [2024-04-26T12:49:26.531+0000] {dag.py:3096} INFO - Sync 1 DAGs
[2024-04-26T12:49:26.559+0000] {logging_mixin.py:188} INFO - [2024-04-26T12:49:26.559+0000] {dag.py:3954} INFO - Setting next_dagrun for example_sensors to None, run_after=None
[2024-04-26T12:49:26.599+0000] {processor.py:183} INFO - Processing /home/airflow/.local/lib/python3.12/site-packages/airflow/example_dags/example_sensors.py took 0.154 seconds
[2024-04-26T12:49:57.397+0000] {processor.py:161} INFO - Started process (PID=1998) to work on /home/airflow/.local/lib/python3.12/site-packages/airflow/example_dags/example_sensors.py
[2024-04-26T12:49:57.398+0000] {processor.py:830} INFO - Processing file /home/airflow/.local/lib/python3.12/site-packages/airflow/example_dags/example_sensors.py for tasks to queue
[2024-04-26T12:49:57.400+0000] {logging_mixin.py:188} INFO - [2024-04-26T12:49:57.400+0000] {dagbag.py:540} INFO - Filling up the DagBag from /home/airflow/.local/lib/python3.12/site-packages/airflow/example_dags/example_sensors.py
[2024-04-26T12:49:57.413+0000] {processor.py:840} INFO - DAG(s) 'example_sensors' retrieved from /home/airflow/.local/lib/python3.12/site-packages/airflow/example_dags/example_sensors.py
[2024-04-26T12:49:57.443+0000] {logging_mixin.py:188} INFO - [2024-04-26T12:49:57.442+0000] {dag.py:3096} INFO - Sync 1 DAGs
[2024-04-26T12:49:57.460+0000] {logging_mixin.py:188} INFO - [2024-04-26T12:49:57.460+0000] {dag.py:3954} INFO - Setting next_dagrun for example_sensors to None, run_after=None
[2024-04-26T12:49:57.484+0000] {processor.py:183} INFO - Processing /home/airflow/.local/lib/python3.12/site-packages/airflow/example_dags/example_sensors.py took 0.093 seconds
[2024-04-26T12:50:27.931+0000] {processor.py:161} INFO - Started process (PID=2262) to work on /home/airflow/.local/lib/python3.12/site-packages/airflow/example_dags/example_sensors.py
[2024-04-26T12:50:27.932+0000] {processor.py:830} INFO - Processing file /home/airflow/.local/lib/python3.12/site-packages/airflow/example_dags/example_sensors.py for tasks to queue
[2024-04-26T12:50:27.934+0000] {logging_mixin.py:188} INFO - [2024-04-26T12:50:27.934+0000] {dagbag.py:540} INFO - Filling up the DagBag from /home/airflow/.local/lib/python3.12/site-packages/airflow/example_dags/example_sensors.py
[2024-04-26T12:50:27.946+0000] {processor.py:840} INFO - DAG(s) 'example_sensors' retrieved from /home/airflow/.local/lib/python3.12/site-packages/airflow/example_dags/example_sensors.py
[2024-04-26T12:50:27.985+0000] {logging_mixin.py:188} INFO - [2024-04-26T12:50:27.984+0000] {dag.py:3096} INFO - Sync 1 DAGs
[2024-04-26T12:50:27.997+0000] {logging_mixin.py:188} INFO - [2024-04-26T12:50:27.997+0000] {dag.py:3954} INFO - Setting next_dagrun for example_sensors to None, run_after=None
[2024-04-26T12:50:28.025+0000] {processor.py:183} INFO - Processing /home/airflow/.local/lib/python3.12/site-packages/airflow/example_dags/example_sensors.py took 0.102 seconds
[2024-04-26T12:50:58.226+0000] {processor.py:161} INFO - Started process (PID=2508) to work on /home/airflow/.local/lib/python3.12/site-packages/airflow/example_dags/example_sensors.py
[2024-04-26T12:50:58.227+0000] {processor.py:830} INFO - Processing file /home/airflow/.local/lib/python3.12/site-packages/airflow/example_dags/example_sensors.py for tasks to queue
[2024-04-26T12:50:58.230+0000] {logging_mixin.py:188} INFO - [2024-04-26T12:50:58.229+0000] {dagbag.py:540} INFO - Filling up the DagBag from /home/airflow/.local/lib/python3.12/site-packages/airflow/example_dags/example_sensors.py
[2024-04-26T12:50:58.243+0000] {processor.py:840} INFO - DAG(s) 'example_sensors' retrieved from /home/airflow/.local/lib/python3.12/site-packages/airflow/example_dags/example_sensors.py
[2024-04-26T12:50:58.277+0000] {logging_mixin.py:188} INFO - [2024-04-26T12:50:58.277+0000] {dag.py:3096} INFO - Sync 1 DAGs
[2024-04-26T12:50:58.293+0000] {logging_mixin.py:188} INFO - [2024-04-26T12:50:58.293+0000] {dag.py:3954} INFO - Setting next_dagrun for example_sensors to None, run_after=None
[2024-04-26T12:50:58.323+0000] {processor.py:183} INFO - Processing /home/airflow/.local/lib/python3.12/site-packages/airflow/example_dags/example_sensors.py took 0.104 seconds
[2024-04-26T12:51:28.741+0000] {processor.py:161} INFO - Started process (PID=2740) to work on /home/airflow/.local/lib/python3.12/site-packages/airflow/example_dags/example_sensors.py
[2024-04-26T12:51:28.742+0000] {processor.py:830} INFO - Processing file /home/airflow/.local/lib/python3.12/site-packages/airflow/example_dags/example_sensors.py for tasks to queue
[2024-04-26T12:51:28.745+0000] {logging_mixin.py:188} INFO - [2024-04-26T12:51:28.744+0000] {dagbag.py:540} INFO - Filling up the DagBag from /home/airflow/.local/lib/python3.12/site-packages/airflow/example_dags/example_sensors.py
[2024-04-26T12:51:28.759+0000] {processor.py:840} INFO - DAG(s) 'example_sensors' retrieved from /home/airflow/.local/lib/python3.12/site-packages/airflow/example_dags/example_sensors.py
[2024-04-26T12:51:28.802+0000] {logging_mixin.py:188} INFO - [2024-04-26T12:51:28.801+0000] {dag.py:3096} INFO - Sync 1 DAGs
[2024-04-26T12:51:28.824+0000] {logging_mixin.py:188} INFO - [2024-04-26T12:51:28.824+0000] {dag.py:3954} INFO - Setting next_dagrun for example_sensors to None, run_after=None
[2024-04-26T12:51:28.854+0000] {processor.py:183} INFO - Processing /home/airflow/.local/lib/python3.12/site-packages/airflow/example_dags/example_sensors.py took 0.121 seconds
[2024-04-26T12:51:59.143+0000] {processor.py:161} INFO - Started process (PID=2984) to work on /home/airflow/.local/lib/python3.12/site-packages/airflow/example_dags/example_sensors.py
[2024-04-26T12:51:59.144+0000] {processor.py:830} INFO - Processing file /home/airflow/.local/lib/python3.12/site-packages/airflow/example_dags/example_sensors.py for tasks to queue
[2024-04-26T12:51:59.147+0000] {logging_mixin.py:188} INFO - [2024-04-26T12:51:59.146+0000] {dagbag.py:540} INFO - Filling up the DagBag from /home/airflow/.local/lib/python3.12/site-packages/airflow/example_dags/example_sensors.py
[2024-04-26T12:51:59.159+0000] {processor.py:840} INFO - DAG(s) 'example_sensors' retrieved from /home/airflow/.local/lib/python3.12/site-packages/airflow/example_dags/example_sensors.py
[2024-04-26T12:51:59.185+0000] {logging_mixin.py:188} INFO - [2024-04-26T12:51:59.185+0000] {dag.py:3096} INFO - Sync 1 DAGs
[2024-04-26T12:51:59.199+0000] {logging_mixin.py:188} INFO - [2024-04-26T12:51:59.199+0000] {dag.py:3954} INFO - Setting next_dagrun for example_sensors to None, run_after=None
[2024-04-26T12:51:59.220+0000] {processor.py:183} INFO - Processing /home/airflow/.local/lib/python3.12/site-packages/airflow/example_dags/example_sensors.py took 0.083 seconds
[2024-04-26T12:52:29.596+0000] {processor.py:161} INFO - Started process (PID=3268) to work on /home/airflow/.local/lib/python3.12/site-packages/airflow/example_dags/example_sensors.py
[2024-04-26T12:52:29.598+0000] {processor.py:830} INFO - Processing file /home/airflow/.local/lib/python3.12/site-packages/airflow/example_dags/example_sensors.py for tasks to queue
[2024-04-26T12:52:29.601+0000] {logging_mixin.py:188} INFO - [2024-04-26T12:52:29.601+0000] {dagbag.py:540} INFO - Filling up the DagBag from /home/airflow/.local/lib/python3.12/site-packages/airflow/example_dags/example_sensors.py
[2024-04-26T12:52:29.616+0000] {processor.py:840} INFO - DAG(s) 'example_sensors' retrieved from /home/airflow/.local/lib/python3.12/site-packages/airflow/example_dags/example_sensors.py
[2024-04-26T12:52:29.664+0000] {logging_mixin.py:188} INFO - [2024-04-26T12:52:29.663+0000] {dag.py:3096} INFO - Sync 1 DAGs
[2024-04-26T12:52:29.685+0000] {logging_mixin.py:188} INFO - [2024-04-26T12:52:29.684+0000] {dag.py:3954} INFO - Setting next_dagrun for example_sensors to None, run_after=None
[2024-04-26T12:52:29.720+0000] {processor.py:183} INFO - Processing /home/airflow/.local/lib/python3.12/site-packages/airflow/example_dags/example_sensors.py took 0.135 seconds
[2024-04-26T12:53:00.426+0000] {processor.py:161} INFO - Started process (PID=3506) to work on /home/airflow/.local/lib/python3.12/site-packages/airflow/example_dags/example_sensors.py
[2024-04-26T12:53:00.427+0000] {processor.py:830} INFO - Processing file /home/airflow/.local/lib/python3.12/site-packages/airflow/example_dags/example_sensors.py for tasks to queue
[2024-04-26T12:53:00.429+0000] {logging_mixin.py:188} INFO - [2024-04-26T12:53:00.429+0000] {dagbag.py:540} INFO - Filling up the DagBag from /home/airflow/.local/lib/python3.12/site-packages/airflow/example_dags/example_sensors.py
[2024-04-26T12:53:00.438+0000] {processor.py:840} INFO - DAG(s) 'example_sensors' retrieved from /home/airflow/.local/lib/python3.12/site-packages/airflow/example_dags/example_sensors.py
[2024-04-26T12:53:00.462+0000] {logging_mixin.py:188} INFO - [2024-04-26T12:53:00.461+0000] {dag.py:3096} INFO - Sync 1 DAGs
[2024-04-26T12:53:00.474+0000] {logging_mixin.py:188} INFO - [2024-04-26T12:53:00.474+0000] {dag.py:3954} INFO - Setting next_dagrun for example_sensors to None, run_after=None
[2024-04-26T12:53:00.495+0000] {processor.py:183} INFO - Processing /home/airflow/.local/lib/python3.12/site-packages/airflow/example_dags/example_sensors.py took 0.074 seconds
[2024-04-26T12:53:31.045+0000] {processor.py:161} INFO - Started process (PID=3742) to work on /home/airflow/.local/lib/python3.12/site-packages/airflow/example_dags/example_sensors.py
[2024-04-26T12:53:31.046+0000] {processor.py:830} INFO - Processing file /home/airflow/.local/lib/python3.12/site-packages/airflow/example_dags/example_sensors.py for tasks to queue
[2024-04-26T12:53:31.048+0000] {logging_mixin.py:188} INFO - [2024-04-26T12:53:31.047+0000] {dagbag.py:540} INFO - Filling up the DagBag from /home/airflow/.local/lib/python3.12/site-packages/airflow/example_dags/example_sensors.py
[2024-04-26T12:53:31.056+0000] {processor.py:840} INFO - DAG(s) 'example_sensors' retrieved from /home/airflow/.local/lib/python3.12/site-packages/airflow/example_dags/example_sensors.py
[2024-04-26T12:53:31.078+0000] {logging_mixin.py:188} INFO - [2024-04-26T12:53:31.078+0000] {dag.py:3096} INFO - Sync 1 DAGs
[2024-04-26T12:53:31.088+0000] {logging_mixin.py:188} INFO - [2024-04-26T12:53:31.087+0000] {dag.py:3954} INFO - Setting next_dagrun for example_sensors to None, run_after=None
[2024-04-26T12:53:31.104+0000] {processor.py:183} INFO - Processing /home/airflow/.local/lib/python3.12/site-packages/airflow/example_dags/example_sensors.py took 0.063 seconds
[2024-04-26T12:54:01.778+0000] {processor.py:161} INFO - Started process (PID=3834) to work on /home/airflow/.local/lib/python3.12/site-packages/airflow/example_dags/example_sensors.py
[2024-04-26T12:54:01.779+0000] {processor.py:830} INFO - Processing file /home/airflow/.local/lib/python3.12/site-packages/airflow/example_dags/example_sensors.py for tasks to queue
[2024-04-26T12:54:01.781+0000] {logging_mixin.py:188} INFO - [2024-04-26T12:54:01.780+0000] {dagbag.py:540} INFO - Filling up the DagBag from /home/airflow/.local/lib/python3.12/site-packages/airflow/example_dags/example_sensors.py
[2024-04-26T12:54:01.788+0000] {processor.py:840} INFO - DAG(s) 'example_sensors' retrieved from /home/airflow/.local/lib/python3.12/site-packages/airflow/example_dags/example_sensors.py
[2024-04-26T12:54:01.808+0000] {logging_mixin.py:188} INFO - [2024-04-26T12:54:01.808+0000] {dag.py:3096} INFO - Sync 1 DAGs
[2024-04-26T12:54:01.819+0000] {logging_mixin.py:188} INFO - [2024-04-26T12:54:01.818+0000] {dag.py:3954} INFO - Setting next_dagrun for example_sensors to None, run_after=None
[2024-04-26T12:54:01.837+0000] {processor.py:183} INFO - Processing /home/airflow/.local/lib/python3.12/site-packages/airflow/example_dags/example_sensors.py took 0.063 seconds
[2024-04-26T12:54:32.168+0000] {processor.py:161} INFO - Started process (PID=3894) to work on /home/airflow/.local/lib/python3.12/site-packages/airflow/example_dags/example_sensors.py
[2024-04-26T12:54:32.169+0000] {processor.py:830} INFO - Processing file /home/airflow/.local/lib/python3.12/site-packages/airflow/example_dags/example_sensors.py for tasks to queue
[2024-04-26T12:54:32.170+0000] {logging_mixin.py:188} INFO - [2024-04-26T12:54:32.170+0000] {dagbag.py:540} INFO - Filling up the DagBag from /home/airflow/.local/lib/python3.12/site-packages/airflow/example_dags/example_sensors.py
[2024-04-26T12:54:32.177+0000] {processor.py:840} INFO - DAG(s) 'example_sensors' retrieved from /home/airflow/.local/lib/python3.12/site-packages/airflow/example_dags/example_sensors.py
[2024-04-26T12:54:32.197+0000] {logging_mixin.py:188} INFO - [2024-04-26T12:54:32.197+0000] {dag.py:3096} INFO - Sync 1 DAGs
[2024-04-26T12:54:32.207+0000] {logging_mixin.py:188} INFO - [2024-04-26T12:54:32.207+0000] {dag.py:3954} INFO - Setting next_dagrun for example_sensors to None, run_after=None
[2024-04-26T12:54:32.223+0000] {processor.py:183} INFO - Processing /home/airflow/.local/lib/python3.12/site-packages/airflow/example_dags/example_sensors.py took 0.059 seconds
[2024-04-26T12:55:02.608+0000] {processor.py:161} INFO - Started process (PID=3954) to work on /home/airflow/.local/lib/python3.12/site-packages/airflow/example_dags/example_sensors.py
[2024-04-26T12:55:02.609+0000] {processor.py:830} INFO - Processing file /home/airflow/.local/lib/python3.12/site-packages/airflow/example_dags/example_sensors.py for tasks to queue
[2024-04-26T12:55:02.611+0000] {logging_mixin.py:188} INFO - [2024-04-26T12:55:02.610+0000] {dagbag.py:540} INFO - Filling up the DagBag from /home/airflow/.local/lib/python3.12/site-packages/airflow/example_dags/example_sensors.py
[2024-04-26T12:55:02.617+0000] {processor.py:840} INFO - DAG(s) 'example_sensors' retrieved from /home/airflow/.local/lib/python3.12/site-packages/airflow/example_dags/example_sensors.py
[2024-04-26T12:55:02.637+0000] {logging_mixin.py:188} INFO - [2024-04-26T12:55:02.637+0000] {dag.py:3096} INFO - Sync 1 DAGs
[2024-04-26T12:55:02.647+0000] {logging_mixin.py:188} INFO - [2024-04-26T12:55:02.646+0000] {dag.py:3954} INFO - Setting next_dagrun for example_sensors to None, run_after=None
[2024-04-26T12:55:02.665+0000] {processor.py:183} INFO - Processing /home/airflow/.local/lib/python3.12/site-packages/airflow/example_dags/example_sensors.py took 0.062 seconds
[2024-04-26T12:55:33.093+0000] {processor.py:161} INFO - Started process (PID=4014) to work on /home/airflow/.local/lib/python3.12/site-packages/airflow/example_dags/example_sensors.py
[2024-04-26T12:55:33.094+0000] {processor.py:830} INFO - Processing file /home/airflow/.local/lib/python3.12/site-packages/airflow/example_dags/example_sensors.py for tasks to queue
[2024-04-26T12:55:33.095+0000] {logging_mixin.py:188} INFO - [2024-04-26T12:55:33.095+0000] {dagbag.py:540} INFO - Filling up the DagBag from /home/airflow/.local/lib/python3.12/site-packages/airflow/example_dags/example_sensors.py
[2024-04-26T12:55:33.102+0000] {processor.py:840} INFO - DAG(s) 'example_sensors' retrieved from /home/airflow/.local/lib/python3.12/site-packages/airflow/example_dags/example_sensors.py
[2024-04-26T12:55:33.122+0000] {logging_mixin.py:188} INFO - [2024-04-26T12:55:33.122+0000] {dag.py:3096} INFO - Sync 1 DAGs
[2024-04-26T12:55:33.132+0000] {logging_mixin.py:188} INFO - [2024-04-26T12:55:33.132+0000] {dag.py:3954} INFO - Setting next_dagrun for example_sensors to None, run_after=None
[2024-04-26T12:55:33.147+0000] {processor.py:183} INFO - Processing /home/airflow/.local/lib/python3.12/site-packages/airflow/example_dags/example_sensors.py took 0.059 seconds
[2024-04-26T12:56:03.525+0000] {processor.py:161} INFO - Started process (PID=4078) to work on /home/airflow/.local/lib/python3.12/site-packages/airflow/example_dags/example_sensors.py
[2024-04-26T12:56:03.526+0000] {processor.py:830} INFO - Processing file /home/airflow/.local/lib/python3.12/site-packages/airflow/example_dags/example_sensors.py for tasks to queue
[2024-04-26T12:56:03.527+0000] {logging_mixin.py:188} INFO - [2024-04-26T12:56:03.527+0000] {dagbag.py:540} INFO - Filling up the DagBag from /home/airflow/.local/lib/python3.12/site-packages/airflow/example_dags/example_sensors.py
[2024-04-26T12:56:03.534+0000] {processor.py:840} INFO - DAG(s) 'example_sensors' retrieved from /home/airflow/.local/lib/python3.12/site-packages/airflow/example_dags/example_sensors.py
[2024-04-26T12:56:03.553+0000] {logging_mixin.py:188} INFO - [2024-04-26T12:56:03.553+0000] {dag.py:3096} INFO - Sync 1 DAGs
[2024-04-26T12:56:03.563+0000] {logging_mixin.py:188} INFO - [2024-04-26T12:56:03.563+0000] {dag.py:3954} INFO - Setting next_dagrun for example_sensors to None, run_after=None
[2024-04-26T12:56:03.578+0000] {processor.py:183} INFO - Processing /home/airflow/.local/lib/python3.12/site-packages/airflow/example_dags/example_sensors.py took 0.057 seconds
[2024-04-26T12:56:34.040+0000] {processor.py:161} INFO - Started process (PID=4138) to work on /home/airflow/.local/lib/python3.12/site-packages/airflow/example_dags/example_sensors.py
[2024-04-26T12:56:34.041+0000] {processor.py:830} INFO - Processing file /home/airflow/.local/lib/python3.12/site-packages/airflow/example_dags/example_sensors.py for tasks to queue
[2024-04-26T12:56:34.042+0000] {logging_mixin.py:188} INFO - [2024-04-26T12:56:34.042+0000] {dagbag.py:540} INFO - Filling up the DagBag from /home/airflow/.local/lib/python3.12/site-packages/airflow/example_dags/example_sensors.py
[2024-04-26T12:56:34.049+0000] {processor.py:840} INFO - DAG(s) 'example_sensors' retrieved from /home/airflow/.local/lib/python3.12/site-packages/airflow/example_dags/example_sensors.py
[2024-04-26T12:56:34.068+0000] {logging_mixin.py:188} INFO - [2024-04-26T12:56:34.068+0000] {dag.py:3096} INFO - Sync 1 DAGs
[2024-04-26T12:56:34.078+0000] {logging_mixin.py:188} INFO - [2024-04-26T12:56:34.078+0000] {dag.py:3954} INFO - Setting next_dagrun for example_sensors to None, run_after=None
[2024-04-26T12:56:34.096+0000] {processor.py:183} INFO - Processing /home/airflow/.local/lib/python3.12/site-packages/airflow/example_dags/example_sensors.py took 0.061 seconds
[2024-04-26T12:57:04.432+0000] {processor.py:161} INFO - Started process (PID=4198) to work on /home/airflow/.local/lib/python3.12/site-packages/airflow/example_dags/example_sensors.py
[2024-04-26T12:57:04.433+0000] {processor.py:830} INFO - Processing file /home/airflow/.local/lib/python3.12/site-packages/airflow/example_dags/example_sensors.py for tasks to queue
[2024-04-26T12:57:04.434+0000] {logging_mixin.py:188} INFO - [2024-04-26T12:57:04.434+0000] {dagbag.py:540} INFO - Filling up the DagBag from /home/airflow/.local/lib/python3.12/site-packages/airflow/example_dags/example_sensors.py
[2024-04-26T12:57:04.441+0000] {processor.py:840} INFO - DAG(s) 'example_sensors' retrieved from /home/airflow/.local/lib/python3.12/site-packages/airflow/example_dags/example_sensors.py
[2024-04-26T12:57:04.459+0000] {logging_mixin.py:188} INFO - [2024-04-26T12:57:04.459+0000] {dag.py:3096} INFO - Sync 1 DAGs
[2024-04-26T12:57:04.468+0000] {logging_mixin.py:188} INFO - [2024-04-26T12:57:04.468+0000] {dag.py:3954} INFO - Setting next_dagrun for example_sensors to None, run_after=None
[2024-04-26T12:57:04.482+0000] {processor.py:183} INFO - Processing /home/airflow/.local/lib/python3.12/site-packages/airflow/example_dags/example_sensors.py took 0.055 seconds
[2024-04-26T12:57:34.872+0000] {processor.py:161} INFO - Started process (PID=4258) to work on /home/airflow/.local/lib/python3.12/site-packages/airflow/example_dags/example_sensors.py
[2024-04-26T12:57:34.873+0000] {processor.py:830} INFO - Processing file /home/airflow/.local/lib/python3.12/site-packages/airflow/example_dags/example_sensors.py for tasks to queue
[2024-04-26T12:57:34.874+0000] {logging_mixin.py:188} INFO - [2024-04-26T12:57:34.874+0000] {dagbag.py:540} INFO - Filling up the DagBag from /home/airflow/.local/lib/python3.12/site-packages/airflow/example_dags/example_sensors.py
[2024-04-26T12:57:34.881+0000] {processor.py:840} INFO - DAG(s) 'example_sensors' retrieved from /home/airflow/.local/lib/python3.12/site-packages/airflow/example_dags/example_sensors.py
[2024-04-26T12:57:34.901+0000] {logging_mixin.py:188} INFO - [2024-04-26T12:57:34.900+0000] {dag.py:3096} INFO - Sync 1 DAGs
[2024-04-26T12:57:34.910+0000] {logging_mixin.py:188} INFO - [2024-04-26T12:57:34.909+0000] {dag.py:3954} INFO - Setting next_dagrun for example_sensors to None, run_after=None
[2024-04-26T12:57:34.928+0000] {processor.py:183} INFO - Processing /home/airflow/.local/lib/python3.12/site-packages/airflow/example_dags/example_sensors.py took 0.060 seconds
[2024-04-26T12:58:05.189+0000] {processor.py:161} INFO - Started process (PID=4322) to work on /home/airflow/.local/lib/python3.12/site-packages/airflow/example_dags/example_sensors.py
[2024-04-26T12:58:05.190+0000] {processor.py:830} INFO - Processing file /home/airflow/.local/lib/python3.12/site-packages/airflow/example_dags/example_sensors.py for tasks to queue
[2024-04-26T12:58:05.191+0000] {logging_mixin.py:188} INFO - [2024-04-26T12:58:05.191+0000] {dagbag.py:540} INFO - Filling up the DagBag from /home/airflow/.local/lib/python3.12/site-packages/airflow/example_dags/example_sensors.py
[2024-04-26T12:58:05.198+0000] {processor.py:840} INFO - DAG(s) 'example_sensors' retrieved from /home/airflow/.local/lib/python3.12/site-packages/airflow/example_dags/example_sensors.py
[2024-04-26T12:58:05.218+0000] {logging_mixin.py:188} INFO - [2024-04-26T12:58:05.218+0000] {dag.py:3096} INFO - Sync 1 DAGs
[2024-04-26T12:58:05.227+0000] {logging_mixin.py:188} INFO - [2024-04-26T12:58:05.227+0000] {dag.py:3954} INFO - Setting next_dagrun for example_sensors to None, run_after=None
[2024-04-26T12:58:05.247+0000] {processor.py:183} INFO - Processing /home/airflow/.local/lib/python3.12/site-packages/airflow/example_dags/example_sensors.py took 0.063 seconds
