[2024-04-26T12:34:44.410+0000] {processor.py:161} INFO - Started process (PID=55) to work on /home/airflow/.local/lib/python3.12/site-packages/airflow/example_dags/example_skip_dag.py
[2024-04-26T12:34:44.411+0000] {processor.py:830} INFO - Processing file /home/airflow/.local/lib/python3.12/site-packages/airflow/example_dags/example_skip_dag.py for tasks to queue
[2024-04-26T12:34:44.413+0000] {logging_mixin.py:188} INFO - [2024-04-26T12:34:44.413+0000] {dagbag.py:540} INFO - Filling up the DagBag from /home/airflow/.local/lib/python3.12/site-packages/airflow/example_dags/example_skip_dag.py
[2024-04-26T12:34:44.422+0000] {processor.py:840} INFO - DAG(s) 'example_skip_dag' retrieved from /home/airflow/.local/lib/python3.12/site-packages/airflow/example_dags/example_skip_dag.py
[2024-04-26T12:34:44.517+0000] {logging_mixin.py:188} INFO - [2024-04-26T12:34:44.517+0000] {override.py:1829} INFO - Created Permission View: can delete on DAG:example_skip_dag
[2024-04-26T12:34:44.526+0000] {logging_mixin.py:188} INFO - [2024-04-26T12:34:44.525+0000] {override.py:1829} INFO - Created Permission View: can edit on DAG:example_skip_dag
[2024-04-26T12:34:44.531+0000] {logging_mixin.py:188} INFO - [2024-04-26T12:34:44.531+0000] {override.py:1829} INFO - Created Permission View: can read on DAG:example_skip_dag
[2024-04-26T12:34:44.532+0000] {logging_mixin.py:188} INFO - [2024-04-26T12:34:44.532+0000] {dag.py:3096} INFO - Sync 1 DAGs
[2024-04-26T12:34:44.542+0000] {logging_mixin.py:188} INFO - [2024-04-26T12:34:44.542+0000] {dag.py:3118} INFO - Creating ORM DAG for example_skip_dag
[2024-04-26T12:34:44.551+0000] {logging_mixin.py:188} INFO - [2024-04-26T12:34:44.550+0000] {dag.py:3954} INFO - Setting next_dagrun for example_skip_dag to 2024-04-25 00:00:00+00:00, run_after=2024-04-26 00:00:00+00:00
[2024-04-26T12:34:44.564+0000] {processor.py:183} INFO - Processing /home/airflow/.local/lib/python3.12/site-packages/airflow/example_dags/example_skip_dag.py took 0.160 seconds
[2024-04-26T12:35:15.376+0000] {processor.py:161} INFO - Started process (PID=113) to work on /home/airflow/.local/lib/python3.12/site-packages/airflow/example_dags/example_skip_dag.py
[2024-04-26T12:35:15.377+0000] {processor.py:830} INFO - Processing file /home/airflow/.local/lib/python3.12/site-packages/airflow/example_dags/example_skip_dag.py for tasks to queue
[2024-04-26T12:35:15.380+0000] {logging_mixin.py:188} INFO - [2024-04-26T12:35:15.379+0000] {dagbag.py:540} INFO - Filling up the DagBag from /home/airflow/.local/lib/python3.12/site-packages/airflow/example_dags/example_skip_dag.py
[2024-04-26T12:35:15.387+0000] {processor.py:840} INFO - DAG(s) 'example_skip_dag' retrieved from /home/airflow/.local/lib/python3.12/site-packages/airflow/example_dags/example_skip_dag.py
[2024-04-26T12:35:15.406+0000] {logging_mixin.py:188} INFO - [2024-04-26T12:35:15.406+0000] {dag.py:3096} INFO - Sync 1 DAGs
[2024-04-26T12:35:15.424+0000] {logging_mixin.py:188} INFO - [2024-04-26T12:35:15.424+0000] {dag.py:3954} INFO - Setting next_dagrun for example_skip_dag to 2024-04-25 00:00:00+00:00, run_after=2024-04-26 00:00:00+00:00
[2024-04-26T12:35:15.439+0000] {processor.py:183} INFO - Processing /home/airflow/.local/lib/python3.12/site-packages/airflow/example_dags/example_skip_dag.py took 0.068 seconds
[2024-04-26T12:35:45.496+0000] {processor.py:161} INFO - Started process (PID=171) to work on /home/airflow/.local/lib/python3.12/site-packages/airflow/example_dags/example_skip_dag.py
[2024-04-26T12:35:45.497+0000] {processor.py:830} INFO - Processing file /home/airflow/.local/lib/python3.12/site-packages/airflow/example_dags/example_skip_dag.py for tasks to queue
[2024-04-26T12:35:45.498+0000] {logging_mixin.py:188} INFO - [2024-04-26T12:35:45.498+0000] {dagbag.py:540} INFO - Filling up the DagBag from /home/airflow/.local/lib/python3.12/site-packages/airflow/example_dags/example_skip_dag.py
[2024-04-26T12:35:45.503+0000] {processor.py:840} INFO - DAG(s) 'example_skip_dag' retrieved from /home/airflow/.local/lib/python3.12/site-packages/airflow/example_dags/example_skip_dag.py
[2024-04-26T12:35:45.519+0000] {logging_mixin.py:188} INFO - [2024-04-26T12:35:45.518+0000] {dag.py:3096} INFO - Sync 1 DAGs
[2024-04-26T12:35:45.535+0000] {logging_mixin.py:188} INFO - [2024-04-26T12:35:45.535+0000] {dag.py:3954} INFO - Setting next_dagrun for example_skip_dag to 2024-04-25 00:00:00+00:00, run_after=2024-04-26 00:00:00+00:00
[2024-04-26T12:35:45.548+0000] {processor.py:183} INFO - Processing /home/airflow/.local/lib/python3.12/site-packages/airflow/example_dags/example_skip_dag.py took 0.057 seconds
[2024-04-26T12:36:16.428+0000] {processor.py:161} INFO - Started process (PID=229) to work on /home/airflow/.local/lib/python3.12/site-packages/airflow/example_dags/example_skip_dag.py
[2024-04-26T12:36:16.429+0000] {processor.py:830} INFO - Processing file /home/airflow/.local/lib/python3.12/site-packages/airflow/example_dags/example_skip_dag.py for tasks to queue
[2024-04-26T12:36:16.431+0000] {logging_mixin.py:188} INFO - [2024-04-26T12:36:16.430+0000] {dagbag.py:540} INFO - Filling up the DagBag from /home/airflow/.local/lib/python3.12/site-packages/airflow/example_dags/example_skip_dag.py
[2024-04-26T12:36:16.436+0000] {processor.py:840} INFO - DAG(s) 'example_skip_dag' retrieved from /home/airflow/.local/lib/python3.12/site-packages/airflow/example_dags/example_skip_dag.py
[2024-04-26T12:36:16.454+0000] {logging_mixin.py:188} INFO - [2024-04-26T12:36:16.454+0000] {dag.py:3096} INFO - Sync 1 DAGs
[2024-04-26T12:36:16.473+0000] {logging_mixin.py:188} INFO - [2024-04-26T12:36:16.472+0000] {dag.py:3954} INFO - Setting next_dagrun for example_skip_dag to 2024-04-25 00:00:00+00:00, run_after=2024-04-26 00:00:00+00:00
[2024-04-26T12:36:16.491+0000] {processor.py:183} INFO - Processing /home/airflow/.local/lib/python3.12/site-packages/airflow/example_dags/example_skip_dag.py took 0.068 seconds
[2024-04-26T12:36:46.810+0000] {processor.py:161} INFO - Started process (PID=287) to work on /home/airflow/.local/lib/python3.12/site-packages/airflow/example_dags/example_skip_dag.py
[2024-04-26T12:36:46.811+0000] {processor.py:830} INFO - Processing file /home/airflow/.local/lib/python3.12/site-packages/airflow/example_dags/example_skip_dag.py for tasks to queue
[2024-04-26T12:36:46.812+0000] {logging_mixin.py:188} INFO - [2024-04-26T12:36:46.812+0000] {dagbag.py:540} INFO - Filling up the DagBag from /home/airflow/.local/lib/python3.12/site-packages/airflow/example_dags/example_skip_dag.py
[2024-04-26T12:36:46.818+0000] {processor.py:840} INFO - DAG(s) 'example_skip_dag' retrieved from /home/airflow/.local/lib/python3.12/site-packages/airflow/example_dags/example_skip_dag.py
[2024-04-26T12:36:46.835+0000] {logging_mixin.py:188} INFO - [2024-04-26T12:36:46.835+0000] {dag.py:3096} INFO - Sync 1 DAGs
[2024-04-26T12:36:46.852+0000] {logging_mixin.py:188} INFO - [2024-04-26T12:36:46.852+0000] {dag.py:3954} INFO - Setting next_dagrun for example_skip_dag to 2024-04-25 00:00:00+00:00, run_after=2024-04-26 00:00:00+00:00
[2024-04-26T12:36:46.867+0000] {processor.py:183} INFO - Processing /home/airflow/.local/lib/python3.12/site-packages/airflow/example_dags/example_skip_dag.py took 0.062 seconds
[2024-04-26T12:37:17.203+0000] {processor.py:161} INFO - Started process (PID=345) to work on /home/airflow/.local/lib/python3.12/site-packages/airflow/example_dags/example_skip_dag.py
[2024-04-26T12:37:17.204+0000] {processor.py:830} INFO - Processing file /home/airflow/.local/lib/python3.12/site-packages/airflow/example_dags/example_skip_dag.py for tasks to queue
[2024-04-26T12:37:17.205+0000] {logging_mixin.py:188} INFO - [2024-04-26T12:37:17.205+0000] {dagbag.py:540} INFO - Filling up the DagBag from /home/airflow/.local/lib/python3.12/site-packages/airflow/example_dags/example_skip_dag.py
[2024-04-26T12:37:17.210+0000] {processor.py:840} INFO - DAG(s) 'example_skip_dag' retrieved from /home/airflow/.local/lib/python3.12/site-packages/airflow/example_dags/example_skip_dag.py
[2024-04-26T12:37:17.229+0000] {logging_mixin.py:188} INFO - [2024-04-26T12:37:17.229+0000] {dag.py:3096} INFO - Sync 1 DAGs
[2024-04-26T12:37:17.246+0000] {logging_mixin.py:188} INFO - [2024-04-26T12:37:17.246+0000] {dag.py:3954} INFO - Setting next_dagrun for example_skip_dag to 2024-04-25 00:00:00+00:00, run_after=2024-04-26 00:00:00+00:00
[2024-04-26T12:37:17.262+0000] {processor.py:183} INFO - Processing /home/airflow/.local/lib/python3.12/site-packages/airflow/example_dags/example_skip_dag.py took 0.064 seconds
[2024-04-26T12:37:47.608+0000] {processor.py:161} INFO - Started process (PID=403) to work on /home/airflow/.local/lib/python3.12/site-packages/airflow/example_dags/example_skip_dag.py
[2024-04-26T12:37:47.609+0000] {processor.py:830} INFO - Processing file /home/airflow/.local/lib/python3.12/site-packages/airflow/example_dags/example_skip_dag.py for tasks to queue
[2024-04-26T12:37:47.611+0000] {logging_mixin.py:188} INFO - [2024-04-26T12:37:47.610+0000] {dagbag.py:540} INFO - Filling up the DagBag from /home/airflow/.local/lib/python3.12/site-packages/airflow/example_dags/example_skip_dag.py
[2024-04-26T12:37:47.616+0000] {processor.py:840} INFO - DAG(s) 'example_skip_dag' retrieved from /home/airflow/.local/lib/python3.12/site-packages/airflow/example_dags/example_skip_dag.py
[2024-04-26T12:37:47.635+0000] {logging_mixin.py:188} INFO - [2024-04-26T12:37:47.634+0000] {dag.py:3096} INFO - Sync 1 DAGs
[2024-04-26T12:37:47.652+0000] {logging_mixin.py:188} INFO - [2024-04-26T12:37:47.652+0000] {dag.py:3954} INFO - Setting next_dagrun for example_skip_dag to 2024-04-25 00:00:00+00:00, run_after=2024-04-26 00:00:00+00:00
[2024-04-26T12:37:47.668+0000] {processor.py:183} INFO - Processing /home/airflow/.local/lib/python3.12/site-packages/airflow/example_dags/example_skip_dag.py took 0.064 seconds
[2024-04-26T12:38:18.052+0000] {processor.py:161} INFO - Started process (PID=461) to work on /home/airflow/.local/lib/python3.12/site-packages/airflow/example_dags/example_skip_dag.py
[2024-04-26T12:38:18.053+0000] {processor.py:830} INFO - Processing file /home/airflow/.local/lib/python3.12/site-packages/airflow/example_dags/example_skip_dag.py for tasks to queue
[2024-04-26T12:38:18.054+0000] {logging_mixin.py:188} INFO - [2024-04-26T12:38:18.054+0000] {dagbag.py:540} INFO - Filling up the DagBag from /home/airflow/.local/lib/python3.12/site-packages/airflow/example_dags/example_skip_dag.py
[2024-04-26T12:38:18.059+0000] {processor.py:840} INFO - DAG(s) 'example_skip_dag' retrieved from /home/airflow/.local/lib/python3.12/site-packages/airflow/example_dags/example_skip_dag.py
[2024-04-26T12:38:18.076+0000] {logging_mixin.py:188} INFO - [2024-04-26T12:38:18.076+0000] {dag.py:3096} INFO - Sync 1 DAGs
[2024-04-26T12:38:18.093+0000] {logging_mixin.py:188} INFO - [2024-04-26T12:38:18.093+0000] {dag.py:3954} INFO - Setting next_dagrun for example_skip_dag to 2024-04-25 00:00:00+00:00, run_after=2024-04-26 00:00:00+00:00
[2024-04-26T12:38:18.107+0000] {processor.py:183} INFO - Processing /home/airflow/.local/lib/python3.12/site-packages/airflow/example_dags/example_skip_dag.py took 0.059 seconds
[2024-04-26T12:38:48.428+0000] {processor.py:161} INFO - Started process (PID=519) to work on /home/airflow/.local/lib/python3.12/site-packages/airflow/example_dags/example_skip_dag.py
[2024-04-26T12:38:48.429+0000] {processor.py:830} INFO - Processing file /home/airflow/.local/lib/python3.12/site-packages/airflow/example_dags/example_skip_dag.py for tasks to queue
[2024-04-26T12:38:48.431+0000] {logging_mixin.py:188} INFO - [2024-04-26T12:38:48.430+0000] {dagbag.py:540} INFO - Filling up the DagBag from /home/airflow/.local/lib/python3.12/site-packages/airflow/example_dags/example_skip_dag.py
[2024-04-26T12:38:48.436+0000] {processor.py:840} INFO - DAG(s) 'example_skip_dag' retrieved from /home/airflow/.local/lib/python3.12/site-packages/airflow/example_dags/example_skip_dag.py
[2024-04-26T12:38:48.453+0000] {logging_mixin.py:188} INFO - [2024-04-26T12:38:48.452+0000] {dag.py:3096} INFO - Sync 1 DAGs
[2024-04-26T12:38:48.470+0000] {logging_mixin.py:188} INFO - [2024-04-26T12:38:48.469+0000] {dag.py:3954} INFO - Setting next_dagrun for example_skip_dag to 2024-04-25 00:00:00+00:00, run_after=2024-04-26 00:00:00+00:00
[2024-04-26T12:38:48.484+0000] {processor.py:183} INFO - Processing /home/airflow/.local/lib/python3.12/site-packages/airflow/example_dags/example_skip_dag.py took 0.060 seconds
[2024-04-26T12:39:18.861+0000] {processor.py:161} INFO - Started process (PID=577) to work on /home/airflow/.local/lib/python3.12/site-packages/airflow/example_dags/example_skip_dag.py
[2024-04-26T12:39:18.862+0000] {processor.py:830} INFO - Processing file /home/airflow/.local/lib/python3.12/site-packages/airflow/example_dags/example_skip_dag.py for tasks to queue
[2024-04-26T12:39:18.864+0000] {logging_mixin.py:188} INFO - [2024-04-26T12:39:18.864+0000] {dagbag.py:540} INFO - Filling up the DagBag from /home/airflow/.local/lib/python3.12/site-packages/airflow/example_dags/example_skip_dag.py
[2024-04-26T12:39:18.869+0000] {processor.py:840} INFO - DAG(s) 'example_skip_dag' retrieved from /home/airflow/.local/lib/python3.12/site-packages/airflow/example_dags/example_skip_dag.py
[2024-04-26T12:39:18.886+0000] {logging_mixin.py:188} INFO - [2024-04-26T12:39:18.886+0000] {dag.py:3096} INFO - Sync 1 DAGs
[2024-04-26T12:39:18.903+0000] {logging_mixin.py:188} INFO - [2024-04-26T12:39:18.903+0000] {dag.py:3954} INFO - Setting next_dagrun for example_skip_dag to 2024-04-25 00:00:00+00:00, run_after=2024-04-26 00:00:00+00:00
[2024-04-26T12:39:18.919+0000] {processor.py:183} INFO - Processing /home/airflow/.local/lib/python3.12/site-packages/airflow/example_dags/example_skip_dag.py took 0.063 seconds
[2024-04-26T12:39:49.360+0000] {processor.py:161} INFO - Started process (PID=635) to work on /home/airflow/.local/lib/python3.12/site-packages/airflow/example_dags/example_skip_dag.py
[2024-04-26T12:39:49.361+0000] {processor.py:830} INFO - Processing file /home/airflow/.local/lib/python3.12/site-packages/airflow/example_dags/example_skip_dag.py for tasks to queue
[2024-04-26T12:39:49.362+0000] {logging_mixin.py:188} INFO - [2024-04-26T12:39:49.362+0000] {dagbag.py:540} INFO - Filling up the DagBag from /home/airflow/.local/lib/python3.12/site-packages/airflow/example_dags/example_skip_dag.py
[2024-04-26T12:39:49.367+0000] {processor.py:840} INFO - DAG(s) 'example_skip_dag' retrieved from /home/airflow/.local/lib/python3.12/site-packages/airflow/example_dags/example_skip_dag.py
[2024-04-26T12:39:49.385+0000] {logging_mixin.py:188} INFO - [2024-04-26T12:39:49.384+0000] {dag.py:3096} INFO - Sync 1 DAGs
[2024-04-26T12:39:49.401+0000] {logging_mixin.py:188} INFO - [2024-04-26T12:39:49.401+0000] {dag.py:3954} INFO - Setting next_dagrun for example_skip_dag to 2024-04-25 00:00:00+00:00, run_after=2024-04-26 00:00:00+00:00
[2024-04-26T12:39:49.415+0000] {processor.py:183} INFO - Processing /home/airflow/.local/lib/python3.12/site-packages/airflow/example_dags/example_skip_dag.py took 0.060 seconds
[2024-04-26T12:40:19.752+0000] {processor.py:161} INFO - Started process (PID=693) to work on /home/airflow/.local/lib/python3.12/site-packages/airflow/example_dags/example_skip_dag.py
[2024-04-26T12:40:19.753+0000] {processor.py:830} INFO - Processing file /home/airflow/.local/lib/python3.12/site-packages/airflow/example_dags/example_skip_dag.py for tasks to queue
[2024-04-26T12:40:19.755+0000] {logging_mixin.py:188} INFO - [2024-04-26T12:40:19.755+0000] {dagbag.py:540} INFO - Filling up the DagBag from /home/airflow/.local/lib/python3.12/site-packages/airflow/example_dags/example_skip_dag.py
[2024-04-26T12:40:19.761+0000] {processor.py:840} INFO - DAG(s) 'example_skip_dag' retrieved from /home/airflow/.local/lib/python3.12/site-packages/airflow/example_dags/example_skip_dag.py
[2024-04-26T12:40:19.779+0000] {logging_mixin.py:188} INFO - [2024-04-26T12:40:19.779+0000] {dag.py:3096} INFO - Sync 1 DAGs
[2024-04-26T12:40:19.798+0000] {logging_mixin.py:188} INFO - [2024-04-26T12:40:19.798+0000] {dag.py:3954} INFO - Setting next_dagrun for example_skip_dag to 2024-04-25 00:00:00+00:00, run_after=2024-04-26 00:00:00+00:00
[2024-04-26T12:40:19.816+0000] {processor.py:183} INFO - Processing /home/airflow/.local/lib/python3.12/site-packages/airflow/example_dags/example_skip_dag.py took 0.068 seconds
[2024-04-26T12:40:50.319+0000] {processor.py:161} INFO - Started process (PID=751) to work on /home/airflow/.local/lib/python3.12/site-packages/airflow/example_dags/example_skip_dag.py
[2024-04-26T12:40:50.320+0000] {processor.py:830} INFO - Processing file /home/airflow/.local/lib/python3.12/site-packages/airflow/example_dags/example_skip_dag.py for tasks to queue
[2024-04-26T12:40:50.321+0000] {logging_mixin.py:188} INFO - [2024-04-26T12:40:50.321+0000] {dagbag.py:540} INFO - Filling up the DagBag from /home/airflow/.local/lib/python3.12/site-packages/airflow/example_dags/example_skip_dag.py
[2024-04-26T12:40:50.327+0000] {processor.py:840} INFO - DAG(s) 'example_skip_dag' retrieved from /home/airflow/.local/lib/python3.12/site-packages/airflow/example_dags/example_skip_dag.py
[2024-04-26T12:40:50.346+0000] {logging_mixin.py:188} INFO - [2024-04-26T12:40:50.346+0000] {dag.py:3096} INFO - Sync 1 DAGs
[2024-04-26T12:40:50.364+0000] {logging_mixin.py:188} INFO - [2024-04-26T12:40:50.363+0000] {dag.py:3954} INFO - Setting next_dagrun for example_skip_dag to 2024-04-25 00:00:00+00:00, run_after=2024-04-26 00:00:00+00:00
[2024-04-26T12:40:50.378+0000] {processor.py:183} INFO - Processing /home/airflow/.local/lib/python3.12/site-packages/airflow/example_dags/example_skip_dag.py took 0.064 seconds
[2024-04-26T12:41:21.265+0000] {processor.py:161} INFO - Started process (PID=809) to work on /home/airflow/.local/lib/python3.12/site-packages/airflow/example_dags/example_skip_dag.py
[2024-04-26T12:41:21.266+0000] {processor.py:830} INFO - Processing file /home/airflow/.local/lib/python3.12/site-packages/airflow/example_dags/example_skip_dag.py for tasks to queue
[2024-04-26T12:41:21.267+0000] {logging_mixin.py:188} INFO - [2024-04-26T12:41:21.267+0000] {dagbag.py:540} INFO - Filling up the DagBag from /home/airflow/.local/lib/python3.12/site-packages/airflow/example_dags/example_skip_dag.py
[2024-04-26T12:41:21.272+0000] {processor.py:840} INFO - DAG(s) 'example_skip_dag' retrieved from /home/airflow/.local/lib/python3.12/site-packages/airflow/example_dags/example_skip_dag.py
[2024-04-26T12:41:21.289+0000] {logging_mixin.py:188} INFO - [2024-04-26T12:41:21.289+0000] {dag.py:3096} INFO - Sync 1 DAGs
[2024-04-26T12:41:21.305+0000] {logging_mixin.py:188} INFO - [2024-04-26T12:41:21.305+0000] {dag.py:3954} INFO - Setting next_dagrun for example_skip_dag to 2024-04-25 00:00:00+00:00, run_after=2024-04-26 00:00:00+00:00
[2024-04-26T12:41:21.319+0000] {processor.py:183} INFO - Processing /home/airflow/.local/lib/python3.12/site-packages/airflow/example_dags/example_skip_dag.py took 0.059 seconds
[2024-04-26T12:41:52.012+0000] {processor.py:161} INFO - Started process (PID=867) to work on /home/airflow/.local/lib/python3.12/site-packages/airflow/example_dags/example_skip_dag.py
[2024-04-26T12:41:52.013+0000] {processor.py:830} INFO - Processing file /home/airflow/.local/lib/python3.12/site-packages/airflow/example_dags/example_skip_dag.py for tasks to queue
[2024-04-26T12:41:52.014+0000] {logging_mixin.py:188} INFO - [2024-04-26T12:41:52.014+0000] {dagbag.py:540} INFO - Filling up the DagBag from /home/airflow/.local/lib/python3.12/site-packages/airflow/example_dags/example_skip_dag.py
[2024-04-26T12:41:52.020+0000] {processor.py:840} INFO - DAG(s) 'example_skip_dag' retrieved from /home/airflow/.local/lib/python3.12/site-packages/airflow/example_dags/example_skip_dag.py
[2024-04-26T12:41:52.038+0000] {logging_mixin.py:188} INFO - [2024-04-26T12:41:52.038+0000] {dag.py:3096} INFO - Sync 1 DAGs
[2024-04-26T12:41:52.059+0000] {logging_mixin.py:188} INFO - [2024-04-26T12:41:52.059+0000] {dag.py:3954} INFO - Setting next_dagrun for example_skip_dag to 2024-04-25 00:00:00+00:00, run_after=2024-04-26 00:00:00+00:00
[2024-04-26T12:41:52.177+0000] {processor.py:183} INFO - Processing /home/airflow/.local/lib/python3.12/site-packages/airflow/example_dags/example_skip_dag.py took 0.170 seconds
[2024-04-26T12:42:23.022+0000] {processor.py:161} INFO - Started process (PID=925) to work on /home/airflow/.local/lib/python3.12/site-packages/airflow/example_dags/example_skip_dag.py
[2024-04-26T12:42:23.023+0000] {processor.py:830} INFO - Processing file /home/airflow/.local/lib/python3.12/site-packages/airflow/example_dags/example_skip_dag.py for tasks to queue
[2024-04-26T12:42:23.025+0000] {logging_mixin.py:188} INFO - [2024-04-26T12:42:23.025+0000] {dagbag.py:540} INFO - Filling up the DagBag from /home/airflow/.local/lib/python3.12/site-packages/airflow/example_dags/example_skip_dag.py
[2024-04-26T12:42:23.030+0000] {processor.py:840} INFO - DAG(s) 'example_skip_dag' retrieved from /home/airflow/.local/lib/python3.12/site-packages/airflow/example_dags/example_skip_dag.py
[2024-04-26T12:42:23.047+0000] {logging_mixin.py:188} INFO - [2024-04-26T12:42:23.047+0000] {dag.py:3096} INFO - Sync 1 DAGs
[2024-04-26T12:42:23.064+0000] {logging_mixin.py:188} INFO - [2024-04-26T12:42:23.064+0000] {dag.py:3954} INFO - Setting next_dagrun for example_skip_dag to 2024-04-25 00:00:00+00:00, run_after=2024-04-26 00:00:00+00:00
[2024-04-26T12:42:23.080+0000] {processor.py:183} INFO - Processing /home/airflow/.local/lib/python3.12/site-packages/airflow/example_dags/example_skip_dag.py took 0.063 seconds
[2024-04-26T12:42:53.712+0000] {processor.py:161} INFO - Started process (PID=983) to work on /home/airflow/.local/lib/python3.12/site-packages/airflow/example_dags/example_skip_dag.py
[2024-04-26T12:42:53.713+0000] {processor.py:830} INFO - Processing file /home/airflow/.local/lib/python3.12/site-packages/airflow/example_dags/example_skip_dag.py for tasks to queue
[2024-04-26T12:42:53.714+0000] {logging_mixin.py:188} INFO - [2024-04-26T12:42:53.714+0000] {dagbag.py:540} INFO - Filling up the DagBag from /home/airflow/.local/lib/python3.12/site-packages/airflow/example_dags/example_skip_dag.py
[2024-04-26T12:42:53.719+0000] {processor.py:840} INFO - DAG(s) 'example_skip_dag' retrieved from /home/airflow/.local/lib/python3.12/site-packages/airflow/example_dags/example_skip_dag.py
[2024-04-26T12:42:53.737+0000] {logging_mixin.py:188} INFO - [2024-04-26T12:42:53.736+0000] {dag.py:3096} INFO - Sync 1 DAGs
[2024-04-26T12:42:53.754+0000] {logging_mixin.py:188} INFO - [2024-04-26T12:42:53.754+0000] {dag.py:3954} INFO - Setting next_dagrun for example_skip_dag to 2024-04-25 00:00:00+00:00, run_after=2024-04-26 00:00:00+00:00
[2024-04-26T12:42:53.771+0000] {processor.py:183} INFO - Processing /home/airflow/.local/lib/python3.12/site-packages/airflow/example_dags/example_skip_dag.py took 0.063 seconds
[2024-04-26T12:43:24.294+0000] {processor.py:161} INFO - Started process (PID=1041) to work on /home/airflow/.local/lib/python3.12/site-packages/airflow/example_dags/example_skip_dag.py
[2024-04-26T12:43:24.295+0000] {processor.py:830} INFO - Processing file /home/airflow/.local/lib/python3.12/site-packages/airflow/example_dags/example_skip_dag.py for tasks to queue
[2024-04-26T12:43:24.296+0000] {logging_mixin.py:188} INFO - [2024-04-26T12:43:24.296+0000] {dagbag.py:540} INFO - Filling up the DagBag from /home/airflow/.local/lib/python3.12/site-packages/airflow/example_dags/example_skip_dag.py
[2024-04-26T12:43:24.301+0000] {processor.py:840} INFO - DAG(s) 'example_skip_dag' retrieved from /home/airflow/.local/lib/python3.12/site-packages/airflow/example_dags/example_skip_dag.py
[2024-04-26T12:43:24.424+0000] {logging_mixin.py:188} INFO - [2024-04-26T12:43:24.424+0000] {dag.py:3096} INFO - Sync 1 DAGs
[2024-04-26T12:43:24.438+0000] {logging_mixin.py:188} INFO - [2024-04-26T12:43:24.438+0000] {dag.py:3954} INFO - Setting next_dagrun for example_skip_dag to 2024-04-25 00:00:00+00:00, run_after=2024-04-26 00:00:00+00:00
[2024-04-26T12:43:24.453+0000] {processor.py:183} INFO - Processing /home/airflow/.local/lib/python3.12/site-packages/airflow/example_dags/example_skip_dag.py took 0.163 seconds
[2024-04-26T12:43:54.866+0000] {processor.py:161} INFO - Started process (PID=1099) to work on /home/airflow/.local/lib/python3.12/site-packages/airflow/example_dags/example_skip_dag.py
[2024-04-26T12:43:54.867+0000] {processor.py:830} INFO - Processing file /home/airflow/.local/lib/python3.12/site-packages/airflow/example_dags/example_skip_dag.py for tasks to queue
[2024-04-26T12:43:54.869+0000] {logging_mixin.py:188} INFO - [2024-04-26T12:43:54.868+0000] {dagbag.py:540} INFO - Filling up the DagBag from /home/airflow/.local/lib/python3.12/site-packages/airflow/example_dags/example_skip_dag.py
[2024-04-26T12:43:54.874+0000] {processor.py:840} INFO - DAG(s) 'example_skip_dag' retrieved from /home/airflow/.local/lib/python3.12/site-packages/airflow/example_dags/example_skip_dag.py
[2024-04-26T12:43:54.893+0000] {logging_mixin.py:188} INFO - [2024-04-26T12:43:54.892+0000] {dag.py:3096} INFO - Sync 1 DAGs
[2024-04-26T12:43:54.909+0000] {logging_mixin.py:188} INFO - [2024-04-26T12:43:54.909+0000] {dag.py:3954} INFO - Setting next_dagrun for example_skip_dag to 2024-04-25 00:00:00+00:00, run_after=2024-04-26 00:00:00+00:00
[2024-04-26T12:43:55.023+0000] {processor.py:183} INFO - Processing /home/airflow/.local/lib/python3.12/site-packages/airflow/example_dags/example_skip_dag.py took 0.162 seconds
[2024-04-26T12:44:25.223+0000] {processor.py:161} INFO - Started process (PID=1157) to work on /home/airflow/.local/lib/python3.12/site-packages/airflow/example_dags/example_skip_dag.py
[2024-04-26T12:44:25.224+0000] {processor.py:830} INFO - Processing file /home/airflow/.local/lib/python3.12/site-packages/airflow/example_dags/example_skip_dag.py for tasks to queue
[2024-04-26T12:44:25.226+0000] {logging_mixin.py:188} INFO - [2024-04-26T12:44:25.225+0000] {dagbag.py:540} INFO - Filling up the DagBag from /home/airflow/.local/lib/python3.12/site-packages/airflow/example_dags/example_skip_dag.py
[2024-04-26T12:44:25.230+0000] {processor.py:840} INFO - DAG(s) 'example_skip_dag' retrieved from /home/airflow/.local/lib/python3.12/site-packages/airflow/example_dags/example_skip_dag.py
[2024-04-26T12:44:25.248+0000] {logging_mixin.py:188} INFO - [2024-04-26T12:44:25.248+0000] {dag.py:3096} INFO - Sync 1 DAGs
[2024-04-26T12:44:25.265+0000] {logging_mixin.py:188} INFO - [2024-04-26T12:44:25.264+0000] {dag.py:3954} INFO - Setting next_dagrun for example_skip_dag to 2024-04-25 00:00:00+00:00, run_after=2024-04-26 00:00:00+00:00
[2024-04-26T12:44:25.280+0000] {processor.py:183} INFO - Processing /home/airflow/.local/lib/python3.12/site-packages/airflow/example_dags/example_skip_dag.py took 0.062 seconds
[2024-04-26T12:44:55.751+0000] {processor.py:161} INFO - Started process (PID=1217) to work on /home/airflow/.local/lib/python3.12/site-packages/airflow/example_dags/example_skip_dag.py
[2024-04-26T12:44:55.752+0000] {processor.py:830} INFO - Processing file /home/airflow/.local/lib/python3.12/site-packages/airflow/example_dags/example_skip_dag.py for tasks to queue
[2024-04-26T12:44:55.753+0000] {logging_mixin.py:188} INFO - [2024-04-26T12:44:55.753+0000] {dagbag.py:540} INFO - Filling up the DagBag from /home/airflow/.local/lib/python3.12/site-packages/airflow/example_dags/example_skip_dag.py
[2024-04-26T12:44:55.758+0000] {processor.py:840} INFO - DAG(s) 'example_skip_dag' retrieved from /home/airflow/.local/lib/python3.12/site-packages/airflow/example_dags/example_skip_dag.py
[2024-04-26T12:44:55.775+0000] {logging_mixin.py:188} INFO - [2024-04-26T12:44:55.775+0000] {dag.py:3096} INFO - Sync 1 DAGs
[2024-04-26T12:44:55.794+0000] {logging_mixin.py:188} INFO - [2024-04-26T12:44:55.794+0000] {dag.py:3954} INFO - Setting next_dagrun for example_skip_dag to 2024-04-25 00:00:00+00:00, run_after=2024-04-26 00:00:00+00:00
[2024-04-26T12:44:55.808+0000] {processor.py:183} INFO - Processing /home/airflow/.local/lib/python3.12/site-packages/airflow/example_dags/example_skip_dag.py took 0.061 seconds
[2024-04-26T12:45:26.260+0000] {processor.py:161} INFO - Started process (PID=1277) to work on /home/airflow/.local/lib/python3.12/site-packages/airflow/example_dags/example_skip_dag.py
[2024-04-26T12:45:26.261+0000] {processor.py:830} INFO - Processing file /home/airflow/.local/lib/python3.12/site-packages/airflow/example_dags/example_skip_dag.py for tasks to queue
[2024-04-26T12:45:26.263+0000] {logging_mixin.py:188} INFO - [2024-04-26T12:45:26.262+0000] {dagbag.py:540} INFO - Filling up the DagBag from /home/airflow/.local/lib/python3.12/site-packages/airflow/example_dags/example_skip_dag.py
[2024-04-26T12:45:26.268+0000] {processor.py:840} INFO - DAG(s) 'example_skip_dag' retrieved from /home/airflow/.local/lib/python3.12/site-packages/airflow/example_dags/example_skip_dag.py
[2024-04-26T12:45:26.285+0000] {logging_mixin.py:188} INFO - [2024-04-26T12:45:26.285+0000] {dag.py:3096} INFO - Sync 1 DAGs
[2024-04-26T12:45:26.302+0000] {logging_mixin.py:188} INFO - [2024-04-26T12:45:26.302+0000] {dag.py:3954} INFO - Setting next_dagrun for example_skip_dag to 2024-04-25 00:00:00+00:00, run_after=2024-04-26 00:00:00+00:00
[2024-04-26T12:45:26.317+0000] {processor.py:183} INFO - Processing /home/airflow/.local/lib/python3.12/site-packages/airflow/example_dags/example_skip_dag.py took 0.061 seconds
[2024-04-26T12:45:56.789+0000] {processor.py:161} INFO - Started process (PID=1339) to work on /home/airflow/.local/lib/python3.12/site-packages/airflow/example_dags/example_skip_dag.py
[2024-04-26T12:45:56.790+0000] {processor.py:830} INFO - Processing file /home/airflow/.local/lib/python3.12/site-packages/airflow/example_dags/example_skip_dag.py for tasks to queue
[2024-04-26T12:45:56.791+0000] {logging_mixin.py:188} INFO - [2024-04-26T12:45:56.791+0000] {dagbag.py:540} INFO - Filling up the DagBag from /home/airflow/.local/lib/python3.12/site-packages/airflow/example_dags/example_skip_dag.py
[2024-04-26T12:45:56.796+0000] {processor.py:840} INFO - DAG(s) 'example_skip_dag' retrieved from /home/airflow/.local/lib/python3.12/site-packages/airflow/example_dags/example_skip_dag.py
[2024-04-26T12:45:56.814+0000] {logging_mixin.py:188} INFO - [2024-04-26T12:45:56.813+0000] {dag.py:3096} INFO - Sync 1 DAGs
[2024-04-26T12:45:56.830+0000] {logging_mixin.py:188} INFO - [2024-04-26T12:45:56.830+0000] {dag.py:3954} INFO - Setting next_dagrun for example_skip_dag to 2024-04-25 00:00:00+00:00, run_after=2024-04-26 00:00:00+00:00
[2024-04-26T12:45:56.844+0000] {processor.py:183} INFO - Processing /home/airflow/.local/lib/python3.12/site-packages/airflow/example_dags/example_skip_dag.py took 0.060 seconds
[2024-04-26T12:46:27.483+0000] {processor.py:161} INFO - Started process (PID=1401) to work on /home/airflow/.local/lib/python3.12/site-packages/airflow/example_dags/example_skip_dag.py
[2024-04-26T12:46:27.484+0000] {processor.py:830} INFO - Processing file /home/airflow/.local/lib/python3.12/site-packages/airflow/example_dags/example_skip_dag.py for tasks to queue
[2024-04-26T12:46:27.485+0000] {logging_mixin.py:188} INFO - [2024-04-26T12:46:27.485+0000] {dagbag.py:540} INFO - Filling up the DagBag from /home/airflow/.local/lib/python3.12/site-packages/airflow/example_dags/example_skip_dag.py
[2024-04-26T12:46:27.491+0000] {processor.py:840} INFO - DAG(s) 'example_skip_dag' retrieved from /home/airflow/.local/lib/python3.12/site-packages/airflow/example_dags/example_skip_dag.py
[2024-04-26T12:46:27.508+0000] {logging_mixin.py:188} INFO - [2024-04-26T12:46:27.508+0000] {dag.py:3096} INFO - Sync 1 DAGs
[2024-04-26T12:46:27.526+0000] {logging_mixin.py:188} INFO - [2024-04-26T12:46:27.526+0000] {dag.py:3954} INFO - Setting next_dagrun for example_skip_dag to 2024-04-25 00:00:00+00:00, run_after=2024-04-26 00:00:00+00:00
[2024-04-26T12:46:27.543+0000] {processor.py:183} INFO - Processing /home/airflow/.local/lib/python3.12/site-packages/airflow/example_dags/example_skip_dag.py took 0.065 seconds
[2024-04-26T12:46:58.005+0000] {processor.py:161} INFO - Started process (PID=1461) to work on /home/airflow/.local/lib/python3.12/site-packages/airflow/example_dags/example_skip_dag.py
[2024-04-26T12:46:58.006+0000] {processor.py:830} INFO - Processing file /home/airflow/.local/lib/python3.12/site-packages/airflow/example_dags/example_skip_dag.py for tasks to queue
[2024-04-26T12:46:58.008+0000] {logging_mixin.py:188} INFO - [2024-04-26T12:46:58.008+0000] {dagbag.py:540} INFO - Filling up the DagBag from /home/airflow/.local/lib/python3.12/site-packages/airflow/example_dags/example_skip_dag.py
[2024-04-26T12:46:58.013+0000] {processor.py:840} INFO - DAG(s) 'example_skip_dag' retrieved from /home/airflow/.local/lib/python3.12/site-packages/airflow/example_dags/example_skip_dag.py
[2024-04-26T12:46:58.030+0000] {logging_mixin.py:188} INFO - [2024-04-26T12:46:58.030+0000] {dag.py:3096} INFO - Sync 1 DAGs
[2024-04-26T12:46:58.048+0000] {logging_mixin.py:188} INFO - [2024-04-26T12:46:58.048+0000] {dag.py:3954} INFO - Setting next_dagrun for example_skip_dag to 2024-04-25 00:00:00+00:00, run_after=2024-04-26 00:00:00+00:00
[2024-04-26T12:46:58.063+0000] {processor.py:183} INFO - Processing /home/airflow/.local/lib/python3.12/site-packages/airflow/example_dags/example_skip_dag.py took 0.062 seconds
[2024-04-26T12:47:28.367+0000] {processor.py:161} INFO - Started process (PID=1521) to work on /home/airflow/.local/lib/python3.12/site-packages/airflow/example_dags/example_skip_dag.py
[2024-04-26T12:47:28.367+0000] {processor.py:830} INFO - Processing file /home/airflow/.local/lib/python3.12/site-packages/airflow/example_dags/example_skip_dag.py for tasks to queue
[2024-04-26T12:47:28.369+0000] {logging_mixin.py:188} INFO - [2024-04-26T12:47:28.369+0000] {dagbag.py:540} INFO - Filling up the DagBag from /home/airflow/.local/lib/python3.12/site-packages/airflow/example_dags/example_skip_dag.py
[2024-04-26T12:47:28.374+0000] {processor.py:840} INFO - DAG(s) 'example_skip_dag' retrieved from /home/airflow/.local/lib/python3.12/site-packages/airflow/example_dags/example_skip_dag.py
[2024-04-26T12:47:28.389+0000] {logging_mixin.py:188} INFO - [2024-04-26T12:47:28.389+0000] {dag.py:3096} INFO - Sync 1 DAGs
[2024-04-26T12:47:28.407+0000] {logging_mixin.py:188} INFO - [2024-04-26T12:47:28.407+0000] {dag.py:3954} INFO - Setting next_dagrun for example_skip_dag to 2024-04-25 00:00:00+00:00, run_after=2024-04-26 00:00:00+00:00
[2024-04-26T12:47:28.421+0000] {processor.py:183} INFO - Processing /home/airflow/.local/lib/python3.12/site-packages/airflow/example_dags/example_skip_dag.py took 0.059 seconds
[2024-04-26T12:47:58.754+0000] {processor.py:161} INFO - Started process (PID=1581) to work on /home/airflow/.local/lib/python3.12/site-packages/airflow/example_dags/example_skip_dag.py
[2024-04-26T12:47:58.755+0000] {processor.py:830} INFO - Processing file /home/airflow/.local/lib/python3.12/site-packages/airflow/example_dags/example_skip_dag.py for tasks to queue
[2024-04-26T12:47:58.757+0000] {logging_mixin.py:188} INFO - [2024-04-26T12:47:58.756+0000] {dagbag.py:540} INFO - Filling up the DagBag from /home/airflow/.local/lib/python3.12/site-packages/airflow/example_dags/example_skip_dag.py
[2024-04-26T12:47:58.762+0000] {processor.py:840} INFO - DAG(s) 'example_skip_dag' retrieved from /home/airflow/.local/lib/python3.12/site-packages/airflow/example_dags/example_skip_dag.py
[2024-04-26T12:47:58.778+0000] {logging_mixin.py:188} INFO - [2024-04-26T12:47:58.777+0000] {dag.py:3096} INFO - Sync 1 DAGs
[2024-04-26T12:47:58.796+0000] {logging_mixin.py:188} INFO - [2024-04-26T12:47:58.795+0000] {dag.py:3954} INFO - Setting next_dagrun for example_skip_dag to 2024-04-25 00:00:00+00:00, run_after=2024-04-26 00:00:00+00:00
[2024-04-26T12:47:58.810+0000] {processor.py:183} INFO - Processing /home/airflow/.local/lib/python3.12/site-packages/airflow/example_dags/example_skip_dag.py took 0.060 seconds
[2024-04-26T12:48:29.120+0000] {processor.py:161} INFO - Started process (PID=1641) to work on /home/airflow/.local/lib/python3.12/site-packages/airflow/example_dags/example_skip_dag.py
[2024-04-26T12:48:29.121+0000] {processor.py:830} INFO - Processing file /home/airflow/.local/lib/python3.12/site-packages/airflow/example_dags/example_skip_dag.py for tasks to queue
[2024-04-26T12:48:29.122+0000] {logging_mixin.py:188} INFO - [2024-04-26T12:48:29.122+0000] {dagbag.py:540} INFO - Filling up the DagBag from /home/airflow/.local/lib/python3.12/site-packages/airflow/example_dags/example_skip_dag.py
[2024-04-26T12:48:29.127+0000] {processor.py:840} INFO - DAG(s) 'example_skip_dag' retrieved from /home/airflow/.local/lib/python3.12/site-packages/airflow/example_dags/example_skip_dag.py
[2024-04-26T12:48:29.143+0000] {logging_mixin.py:188} INFO - [2024-04-26T12:48:29.143+0000] {dag.py:3096} INFO - Sync 1 DAGs
[2024-04-26T12:48:29.161+0000] {logging_mixin.py:188} INFO - [2024-04-26T12:48:29.161+0000] {dag.py:3954} INFO - Setting next_dagrun for example_skip_dag to 2024-04-25 00:00:00+00:00, run_after=2024-04-26 00:00:00+00:00
[2024-04-26T12:48:29.176+0000] {processor.py:183} INFO - Processing /home/airflow/.local/lib/python3.12/site-packages/airflow/example_dags/example_skip_dag.py took 0.061 seconds
[2024-04-26T12:48:59.598+0000] {processor.py:161} INFO - Started process (PID=1701) to work on /home/airflow/.local/lib/python3.12/site-packages/airflow/example_dags/example_skip_dag.py
[2024-04-26T12:48:59.598+0000] {processor.py:830} INFO - Processing file /home/airflow/.local/lib/python3.12/site-packages/airflow/example_dags/example_skip_dag.py for tasks to queue
[2024-04-26T12:48:59.600+0000] {logging_mixin.py:188} INFO - [2024-04-26T12:48:59.600+0000] {dagbag.py:540} INFO - Filling up the DagBag from /home/airflow/.local/lib/python3.12/site-packages/airflow/example_dags/example_skip_dag.py
[2024-04-26T12:48:59.606+0000] {processor.py:840} INFO - DAG(s) 'example_skip_dag' retrieved from /home/airflow/.local/lib/python3.12/site-packages/airflow/example_dags/example_skip_dag.py
[2024-04-26T12:48:59.624+0000] {logging_mixin.py:188} INFO - [2024-04-26T12:48:59.624+0000] {dag.py:3096} INFO - Sync 1 DAGs
[2024-04-26T12:48:59.642+0000] {logging_mixin.py:188} INFO - [2024-04-26T12:48:59.642+0000] {dag.py:3954} INFO - Setting next_dagrun for example_skip_dag to 2024-04-25 00:00:00+00:00, run_after=2024-04-26 00:00:00+00:00
[2024-04-26T12:48:59.659+0000] {processor.py:183} INFO - Processing /home/airflow/.local/lib/python3.12/site-packages/airflow/example_dags/example_skip_dag.py took 0.066 seconds
[2024-04-26T12:49:30.116+0000] {processor.py:161} INFO - Started process (PID=1799) to work on /home/airflow/.local/lib/python3.12/site-packages/airflow/example_dags/example_skip_dag.py
[2024-04-26T12:49:30.118+0000] {processor.py:830} INFO - Processing file /home/airflow/.local/lib/python3.12/site-packages/airflow/example_dags/example_skip_dag.py for tasks to queue
[2024-04-26T12:49:30.120+0000] {logging_mixin.py:188} INFO - [2024-04-26T12:49:30.119+0000] {dagbag.py:540} INFO - Filling up the DagBag from /home/airflow/.local/lib/python3.12/site-packages/airflow/example_dags/example_skip_dag.py
[2024-04-26T12:49:30.127+0000] {processor.py:840} INFO - DAG(s) 'example_skip_dag' retrieved from /home/airflow/.local/lib/python3.12/site-packages/airflow/example_dags/example_skip_dag.py
[2024-04-26T12:49:30.147+0000] {logging_mixin.py:188} INFO - [2024-04-26T12:49:30.147+0000] {dag.py:3096} INFO - Sync 1 DAGs
[2024-04-26T12:49:30.170+0000] {logging_mixin.py:188} INFO - [2024-04-26T12:49:30.170+0000] {dag.py:3954} INFO - Setting next_dagrun for example_skip_dag to 2024-04-25 00:00:00+00:00, run_after=2024-04-26 00:00:00+00:00
[2024-04-26T12:49:30.196+0000] {processor.py:183} INFO - Processing /home/airflow/.local/lib/python3.12/site-packages/airflow/example_dags/example_skip_dag.py took 0.086 seconds
[2024-04-26T12:50:01.133+0000] {processor.py:161} INFO - Started process (PID=2041) to work on /home/airflow/.local/lib/python3.12/site-packages/airflow/example_dags/example_skip_dag.py
[2024-04-26T12:50:01.134+0000] {processor.py:830} INFO - Processing file /home/airflow/.local/lib/python3.12/site-packages/airflow/example_dags/example_skip_dag.py for tasks to queue
[2024-04-26T12:50:01.137+0000] {logging_mixin.py:188} INFO - [2024-04-26T12:50:01.136+0000] {dagbag.py:540} INFO - Filling up the DagBag from /home/airflow/.local/lib/python3.12/site-packages/airflow/example_dags/example_skip_dag.py
[2024-04-26T12:50:01.144+0000] {processor.py:840} INFO - DAG(s) 'example_skip_dag' retrieved from /home/airflow/.local/lib/python3.12/site-packages/airflow/example_dags/example_skip_dag.py
[2024-04-26T12:50:01.164+0000] {logging_mixin.py:188} INFO - [2024-04-26T12:50:01.164+0000] {dag.py:3096} INFO - Sync 1 DAGs
[2024-04-26T12:50:01.190+0000] {logging_mixin.py:188} INFO - [2024-04-26T12:50:01.190+0000] {dag.py:3954} INFO - Setting next_dagrun for example_skip_dag to 2024-04-25 00:00:00+00:00, run_after=2024-04-26 00:00:00+00:00
[2024-04-26T12:50:01.212+0000] {processor.py:183} INFO - Processing /home/airflow/.local/lib/python3.12/site-packages/airflow/example_dags/example_skip_dag.py took 0.087 seconds
[2024-04-26T12:50:31.660+0000] {processor.py:161} INFO - Started process (PID=2297) to work on /home/airflow/.local/lib/python3.12/site-packages/airflow/example_dags/example_skip_dag.py
[2024-04-26T12:50:31.661+0000] {processor.py:830} INFO - Processing file /home/airflow/.local/lib/python3.12/site-packages/airflow/example_dags/example_skip_dag.py for tasks to queue
[2024-04-26T12:50:31.663+0000] {logging_mixin.py:188} INFO - [2024-04-26T12:50:31.663+0000] {dagbag.py:540} INFO - Filling up the DagBag from /home/airflow/.local/lib/python3.12/site-packages/airflow/example_dags/example_skip_dag.py
[2024-04-26T12:50:31.669+0000] {processor.py:840} INFO - DAG(s) 'example_skip_dag' retrieved from /home/airflow/.local/lib/python3.12/site-packages/airflow/example_dags/example_skip_dag.py
[2024-04-26T12:50:31.691+0000] {logging_mixin.py:188} INFO - [2024-04-26T12:50:31.691+0000] {dag.py:3096} INFO - Sync 1 DAGs
[2024-04-26T12:50:31.712+0000] {logging_mixin.py:188} INFO - [2024-04-26T12:50:31.712+0000] {dag.py:3954} INFO - Setting next_dagrun for example_skip_dag to 2024-04-25 00:00:00+00:00, run_after=2024-04-26 00:00:00+00:00
[2024-04-26T12:50:31.736+0000] {processor.py:183} INFO - Processing /home/airflow/.local/lib/python3.12/site-packages/airflow/example_dags/example_skip_dag.py took 0.082 seconds
[2024-04-26T12:51:01.974+0000] {processor.py:161} INFO - Started process (PID=2537) to work on /home/airflow/.local/lib/python3.12/site-packages/airflow/example_dags/example_skip_dag.py
[2024-04-26T12:51:01.975+0000] {processor.py:830} INFO - Processing file /home/airflow/.local/lib/python3.12/site-packages/airflow/example_dags/example_skip_dag.py for tasks to queue
[2024-04-26T12:51:01.978+0000] {logging_mixin.py:188} INFO - [2024-04-26T12:51:01.977+0000] {dagbag.py:540} INFO - Filling up the DagBag from /home/airflow/.local/lib/python3.12/site-packages/airflow/example_dags/example_skip_dag.py
[2024-04-26T12:51:01.984+0000] {processor.py:840} INFO - DAG(s) 'example_skip_dag' retrieved from /home/airflow/.local/lib/python3.12/site-packages/airflow/example_dags/example_skip_dag.py
[2024-04-26T12:51:02.006+0000] {logging_mixin.py:188} INFO - [2024-04-26T12:51:02.006+0000] {dag.py:3096} INFO - Sync 1 DAGs
[2024-04-26T12:51:02.025+0000] {logging_mixin.py:188} INFO - [2024-04-26T12:51:02.025+0000] {dag.py:3954} INFO - Setting next_dagrun for example_skip_dag to 2024-04-25 00:00:00+00:00, run_after=2024-04-26 00:00:00+00:00
[2024-04-26T12:51:02.042+0000] {processor.py:183} INFO - Processing /home/airflow/.local/lib/python3.12/site-packages/airflow/example_dags/example_skip_dag.py took 0.074 seconds
[2024-04-26T12:51:32.615+0000] {processor.py:161} INFO - Started process (PID=2793) to work on /home/airflow/.local/lib/python3.12/site-packages/airflow/example_dags/example_skip_dag.py
[2024-04-26T12:51:32.616+0000] {processor.py:830} INFO - Processing file /home/airflow/.local/lib/python3.12/site-packages/airflow/example_dags/example_skip_dag.py for tasks to queue
[2024-04-26T12:51:32.619+0000] {logging_mixin.py:188} INFO - [2024-04-26T12:51:32.618+0000] {dagbag.py:540} INFO - Filling up the DagBag from /home/airflow/.local/lib/python3.12/site-packages/airflow/example_dags/example_skip_dag.py
[2024-04-26T12:51:32.628+0000] {processor.py:840} INFO - DAG(s) 'example_skip_dag' retrieved from /home/airflow/.local/lib/python3.12/site-packages/airflow/example_dags/example_skip_dag.py
[2024-04-26T12:51:32.658+0000] {logging_mixin.py:188} INFO - [2024-04-26T12:51:32.658+0000] {dag.py:3096} INFO - Sync 1 DAGs
[2024-04-26T12:51:32.692+0000] {logging_mixin.py:188} INFO - [2024-04-26T12:51:32.692+0000] {dag.py:3954} INFO - Setting next_dagrun for example_skip_dag to 2024-04-25 00:00:00+00:00, run_after=2024-04-26 00:00:00+00:00
[2024-04-26T12:51:32.728+0000] {processor.py:183} INFO - Processing /home/airflow/.local/lib/python3.12/site-packages/airflow/example_dags/example_skip_dag.py took 0.122 seconds
[2024-04-26T12:52:03.118+0000] {processor.py:161} INFO - Started process (PID=3037) to work on /home/airflow/.local/lib/python3.12/site-packages/airflow/example_dags/example_skip_dag.py
[2024-04-26T12:52:03.119+0000] {processor.py:830} INFO - Processing file /home/airflow/.local/lib/python3.12/site-packages/airflow/example_dags/example_skip_dag.py for tasks to queue
[2024-04-26T12:52:03.122+0000] {logging_mixin.py:188} INFO - [2024-04-26T12:52:03.121+0000] {dagbag.py:540} INFO - Filling up the DagBag from /home/airflow/.local/lib/python3.12/site-packages/airflow/example_dags/example_skip_dag.py
[2024-04-26T12:52:03.130+0000] {processor.py:840} INFO - DAG(s) 'example_skip_dag' retrieved from /home/airflow/.local/lib/python3.12/site-packages/airflow/example_dags/example_skip_dag.py
[2024-04-26T12:52:03.161+0000] {logging_mixin.py:188} INFO - [2024-04-26T12:52:03.160+0000] {dag.py:3096} INFO - Sync 1 DAGs
[2024-04-26T12:52:03.197+0000] {logging_mixin.py:188} INFO - [2024-04-26T12:52:03.197+0000] {dag.py:3954} INFO - Setting next_dagrun for example_skip_dag to 2024-04-25 00:00:00+00:00, run_after=2024-04-26 00:00:00+00:00
[2024-04-26T12:52:03.228+0000] {processor.py:183} INFO - Processing /home/airflow/.local/lib/python3.12/site-packages/airflow/example_dags/example_skip_dag.py took 0.117 seconds
[2024-04-26T12:52:33.486+0000] {processor.py:161} INFO - Started process (PID=3293) to work on /home/airflow/.local/lib/python3.12/site-packages/airflow/example_dags/example_skip_dag.py
[2024-04-26T12:52:33.487+0000] {processor.py:830} INFO - Processing file /home/airflow/.local/lib/python3.12/site-packages/airflow/example_dags/example_skip_dag.py for tasks to queue
[2024-04-26T12:52:33.489+0000] {logging_mixin.py:188} INFO - [2024-04-26T12:52:33.488+0000] {dagbag.py:540} INFO - Filling up the DagBag from /home/airflow/.local/lib/python3.12/site-packages/airflow/example_dags/example_skip_dag.py
[2024-04-26T12:52:33.494+0000] {processor.py:840} INFO - DAG(s) 'example_skip_dag' retrieved from /home/airflow/.local/lib/python3.12/site-packages/airflow/example_dags/example_skip_dag.py
[2024-04-26T12:52:33.513+0000] {logging_mixin.py:188} INFO - [2024-04-26T12:52:33.512+0000] {dag.py:3096} INFO - Sync 1 DAGs
[2024-04-26T12:52:33.530+0000] {logging_mixin.py:188} INFO - [2024-04-26T12:52:33.530+0000] {dag.py:3954} INFO - Setting next_dagrun for example_skip_dag to 2024-04-25 00:00:00+00:00, run_after=2024-04-26 00:00:00+00:00
[2024-04-26T12:52:33.545+0000] {processor.py:183} INFO - Processing /home/airflow/.local/lib/python3.12/site-packages/airflow/example_dags/example_skip_dag.py took 0.064 seconds
[2024-04-26T12:53:04.339+0000] {processor.py:161} INFO - Started process (PID=3553) to work on /home/airflow/.local/lib/python3.12/site-packages/airflow/example_dags/example_skip_dag.py
[2024-04-26T12:53:04.344+0000] {processor.py:830} INFO - Processing file /home/airflow/.local/lib/python3.12/site-packages/airflow/example_dags/example_skip_dag.py for tasks to queue
[2024-04-26T12:53:04.348+0000] {logging_mixin.py:188} INFO - [2024-04-26T12:53:04.348+0000] {dagbag.py:540} INFO - Filling up the DagBag from /home/airflow/.local/lib/python3.12/site-packages/airflow/example_dags/example_skip_dag.py
[2024-04-26T12:53:04.357+0000] {processor.py:840} INFO - DAG(s) 'example_skip_dag' retrieved from /home/airflow/.local/lib/python3.12/site-packages/airflow/example_dags/example_skip_dag.py
[2024-04-26T12:53:04.394+0000] {logging_mixin.py:188} INFO - [2024-04-26T12:53:04.394+0000] {dag.py:3096} INFO - Sync 1 DAGs
[2024-04-26T12:53:04.426+0000] {logging_mixin.py:188} INFO - [2024-04-26T12:53:04.426+0000] {dag.py:3954} INFO - Setting next_dagrun for example_skip_dag to 2024-04-25 00:00:00+00:00, run_after=2024-04-26 00:00:00+00:00
[2024-04-26T12:53:04.457+0000] {processor.py:183} INFO - Processing /home/airflow/.local/lib/python3.12/site-packages/airflow/example_dags/example_skip_dag.py took 0.125 seconds
[2024-04-26T12:53:34.904+0000] {processor.py:161} INFO - Started process (PID=3785) to work on /home/airflow/.local/lib/python3.12/site-packages/airflow/example_dags/example_skip_dag.py
[2024-04-26T12:53:34.905+0000] {processor.py:830} INFO - Processing file /home/airflow/.local/lib/python3.12/site-packages/airflow/example_dags/example_skip_dag.py for tasks to queue
[2024-04-26T12:53:34.908+0000] {logging_mixin.py:188} INFO - [2024-04-26T12:53:34.908+0000] {dagbag.py:540} INFO - Filling up the DagBag from /home/airflow/.local/lib/python3.12/site-packages/airflow/example_dags/example_skip_dag.py
[2024-04-26T12:53:34.919+0000] {processor.py:840} INFO - DAG(s) 'example_skip_dag' retrieved from /home/airflow/.local/lib/python3.12/site-packages/airflow/example_dags/example_skip_dag.py
[2024-04-26T12:53:34.954+0000] {logging_mixin.py:188} INFO - [2024-04-26T12:53:34.953+0000] {dag.py:3096} INFO - Sync 1 DAGs
[2024-04-26T12:53:34.985+0000] {logging_mixin.py:188} INFO - [2024-04-26T12:53:34.984+0000] {dag.py:3954} INFO - Setting next_dagrun for example_skip_dag to 2024-04-25 00:00:00+00:00, run_after=2024-04-26 00:00:00+00:00
[2024-04-26T12:53:35.011+0000] {processor.py:183} INFO - Processing /home/airflow/.local/lib/python3.12/site-packages/airflow/example_dags/example_skip_dag.py took 0.116 seconds
[2024-04-26T12:54:05.563+0000] {processor.py:161} INFO - Started process (PID=3849) to work on /home/airflow/.local/lib/python3.12/site-packages/airflow/example_dags/example_skip_dag.py
[2024-04-26T12:54:05.564+0000] {processor.py:830} INFO - Processing file /home/airflow/.local/lib/python3.12/site-packages/airflow/example_dags/example_skip_dag.py for tasks to queue
[2024-04-26T12:54:05.565+0000] {logging_mixin.py:188} INFO - [2024-04-26T12:54:05.565+0000] {dagbag.py:540} INFO - Filling up the DagBag from /home/airflow/.local/lib/python3.12/site-packages/airflow/example_dags/example_skip_dag.py
[2024-04-26T12:54:05.571+0000] {processor.py:840} INFO - DAG(s) 'example_skip_dag' retrieved from /home/airflow/.local/lib/python3.12/site-packages/airflow/example_dags/example_skip_dag.py
[2024-04-26T12:54:05.588+0000] {logging_mixin.py:188} INFO - [2024-04-26T12:54:05.587+0000] {dag.py:3096} INFO - Sync 1 DAGs
[2024-04-26T12:54:05.604+0000] {logging_mixin.py:188} INFO - [2024-04-26T12:54:05.604+0000] {dag.py:3954} INFO - Setting next_dagrun for example_skip_dag to 2024-04-25 00:00:00+00:00, run_after=2024-04-26 00:00:00+00:00
[2024-04-26T12:54:05.618+0000] {processor.py:183} INFO - Processing /home/airflow/.local/lib/python3.12/site-packages/airflow/example_dags/example_skip_dag.py took 0.060 seconds
[2024-04-26T12:54:35.878+0000] {processor.py:161} INFO - Started process (PID=3909) to work on /home/airflow/.local/lib/python3.12/site-packages/airflow/example_dags/example_skip_dag.py
[2024-04-26T12:54:35.879+0000] {processor.py:830} INFO - Processing file /home/airflow/.local/lib/python3.12/site-packages/airflow/example_dags/example_skip_dag.py for tasks to queue
[2024-04-26T12:54:35.880+0000] {logging_mixin.py:188} INFO - [2024-04-26T12:54:35.880+0000] {dagbag.py:540} INFO - Filling up the DagBag from /home/airflow/.local/lib/python3.12/site-packages/airflow/example_dags/example_skip_dag.py
[2024-04-26T12:54:35.885+0000] {processor.py:840} INFO - DAG(s) 'example_skip_dag' retrieved from /home/airflow/.local/lib/python3.12/site-packages/airflow/example_dags/example_skip_dag.py
[2024-04-26T12:54:35.903+0000] {logging_mixin.py:188} INFO - [2024-04-26T12:54:35.903+0000] {dag.py:3096} INFO - Sync 1 DAGs
[2024-04-26T12:54:35.921+0000] {logging_mixin.py:188} INFO - [2024-04-26T12:54:35.921+0000] {dag.py:3954} INFO - Setting next_dagrun for example_skip_dag to 2024-04-25 00:00:00+00:00, run_after=2024-04-26 00:00:00+00:00
[2024-04-26T12:54:35.936+0000] {processor.py:183} INFO - Processing /home/airflow/.local/lib/python3.12/site-packages/airflow/example_dags/example_skip_dag.py took 0.063 seconds
[2024-04-26T12:55:06.406+0000] {processor.py:161} INFO - Started process (PID=3969) to work on /home/airflow/.local/lib/python3.12/site-packages/airflow/example_dags/example_skip_dag.py
[2024-04-26T12:55:06.407+0000] {processor.py:830} INFO - Processing file /home/airflow/.local/lib/python3.12/site-packages/airflow/example_dags/example_skip_dag.py for tasks to queue
[2024-04-26T12:55:06.408+0000] {logging_mixin.py:188} INFO - [2024-04-26T12:55:06.408+0000] {dagbag.py:540} INFO - Filling up the DagBag from /home/airflow/.local/lib/python3.12/site-packages/airflow/example_dags/example_skip_dag.py
[2024-04-26T12:55:06.414+0000] {processor.py:840} INFO - DAG(s) 'example_skip_dag' retrieved from /home/airflow/.local/lib/python3.12/site-packages/airflow/example_dags/example_skip_dag.py
[2024-04-26T12:55:06.431+0000] {logging_mixin.py:188} INFO - [2024-04-26T12:55:06.431+0000] {dag.py:3096} INFO - Sync 1 DAGs
[2024-04-26T12:55:06.447+0000] {logging_mixin.py:188} INFO - [2024-04-26T12:55:06.447+0000] {dag.py:3954} INFO - Setting next_dagrun for example_skip_dag to 2024-04-25 00:00:00+00:00, run_after=2024-04-26 00:00:00+00:00
[2024-04-26T12:55:06.462+0000] {processor.py:183} INFO - Processing /home/airflow/.local/lib/python3.12/site-packages/airflow/example_dags/example_skip_dag.py took 0.061 seconds
[2024-04-26T12:55:36.881+0000] {processor.py:161} INFO - Started process (PID=4029) to work on /home/airflow/.local/lib/python3.12/site-packages/airflow/example_dags/example_skip_dag.py
[2024-04-26T12:55:36.882+0000] {processor.py:830} INFO - Processing file /home/airflow/.local/lib/python3.12/site-packages/airflow/example_dags/example_skip_dag.py for tasks to queue
[2024-04-26T12:55:36.884+0000] {logging_mixin.py:188} INFO - [2024-04-26T12:55:36.883+0000] {dagbag.py:540} INFO - Filling up the DagBag from /home/airflow/.local/lib/python3.12/site-packages/airflow/example_dags/example_skip_dag.py
[2024-04-26T12:55:36.889+0000] {processor.py:840} INFO - DAG(s) 'example_skip_dag' retrieved from /home/airflow/.local/lib/python3.12/site-packages/airflow/example_dags/example_skip_dag.py
[2024-04-26T12:55:36.907+0000] {logging_mixin.py:188} INFO - [2024-04-26T12:55:36.906+0000] {dag.py:3096} INFO - Sync 1 DAGs
[2024-04-26T12:55:36.925+0000] {logging_mixin.py:188} INFO - [2024-04-26T12:55:36.924+0000] {dag.py:3954} INFO - Setting next_dagrun for example_skip_dag to 2024-04-25 00:00:00+00:00, run_after=2024-04-26 00:00:00+00:00
[2024-04-26T12:55:36.939+0000] {processor.py:183} INFO - Processing /home/airflow/.local/lib/python3.12/site-packages/airflow/example_dags/example_skip_dag.py took 0.063 seconds
[2024-04-26T12:56:07.317+0000] {processor.py:161} INFO - Started process (PID=4093) to work on /home/airflow/.local/lib/python3.12/site-packages/airflow/example_dags/example_skip_dag.py
[2024-04-26T12:56:07.318+0000] {processor.py:830} INFO - Processing file /home/airflow/.local/lib/python3.12/site-packages/airflow/example_dags/example_skip_dag.py for tasks to queue
[2024-04-26T12:56:07.320+0000] {logging_mixin.py:188} INFO - [2024-04-26T12:56:07.320+0000] {dagbag.py:540} INFO - Filling up the DagBag from /home/airflow/.local/lib/python3.12/site-packages/airflow/example_dags/example_skip_dag.py
[2024-04-26T12:56:07.325+0000] {processor.py:840} INFO - DAG(s) 'example_skip_dag' retrieved from /home/airflow/.local/lib/python3.12/site-packages/airflow/example_dags/example_skip_dag.py
[2024-04-26T12:56:07.341+0000] {logging_mixin.py:188} INFO - [2024-04-26T12:56:07.340+0000] {dag.py:3096} INFO - Sync 1 DAGs
[2024-04-26T12:56:07.357+0000] {logging_mixin.py:188} INFO - [2024-04-26T12:56:07.357+0000] {dag.py:3954} INFO - Setting next_dagrun for example_skip_dag to 2024-04-25 00:00:00+00:00, run_after=2024-04-26 00:00:00+00:00
[2024-04-26T12:56:07.370+0000] {processor.py:183} INFO - Processing /home/airflow/.local/lib/python3.12/site-packages/airflow/example_dags/example_skip_dag.py took 0.058 seconds
[2024-04-26T12:56:37.740+0000] {processor.py:161} INFO - Started process (PID=4153) to work on /home/airflow/.local/lib/python3.12/site-packages/airflow/example_dags/example_skip_dag.py
[2024-04-26T12:56:37.741+0000] {processor.py:830} INFO - Processing file /home/airflow/.local/lib/python3.12/site-packages/airflow/example_dags/example_skip_dag.py for tasks to queue
[2024-04-26T12:56:37.742+0000] {logging_mixin.py:188} INFO - [2024-04-26T12:56:37.742+0000] {dagbag.py:540} INFO - Filling up the DagBag from /home/airflow/.local/lib/python3.12/site-packages/airflow/example_dags/example_skip_dag.py
[2024-04-26T12:56:37.748+0000] {processor.py:840} INFO - DAG(s) 'example_skip_dag' retrieved from /home/airflow/.local/lib/python3.12/site-packages/airflow/example_dags/example_skip_dag.py
[2024-04-26T12:56:37.765+0000] {logging_mixin.py:188} INFO - [2024-04-26T12:56:37.765+0000] {dag.py:3096} INFO - Sync 1 DAGs
[2024-04-26T12:56:37.783+0000] {logging_mixin.py:188} INFO - [2024-04-26T12:56:37.782+0000] {dag.py:3954} INFO - Setting next_dagrun for example_skip_dag to 2024-04-25 00:00:00+00:00, run_after=2024-04-26 00:00:00+00:00
[2024-04-26T12:56:37.798+0000] {processor.py:183} INFO - Processing /home/airflow/.local/lib/python3.12/site-packages/airflow/example_dags/example_skip_dag.py took 0.063 seconds
[2024-04-26T12:57:08.234+0000] {processor.py:161} INFO - Started process (PID=4213) to work on /home/airflow/.local/lib/python3.12/site-packages/airflow/example_dags/example_skip_dag.py
[2024-04-26T12:57:08.235+0000] {processor.py:830} INFO - Processing file /home/airflow/.local/lib/python3.12/site-packages/airflow/example_dags/example_skip_dag.py for tasks to queue
[2024-04-26T12:57:08.236+0000] {logging_mixin.py:188} INFO - [2024-04-26T12:57:08.236+0000] {dagbag.py:540} INFO - Filling up the DagBag from /home/airflow/.local/lib/python3.12/site-packages/airflow/example_dags/example_skip_dag.py
[2024-04-26T12:57:08.241+0000] {processor.py:840} INFO - DAG(s) 'example_skip_dag' retrieved from /home/airflow/.local/lib/python3.12/site-packages/airflow/example_dags/example_skip_dag.py
[2024-04-26T12:57:08.259+0000] {logging_mixin.py:188} INFO - [2024-04-26T12:57:08.258+0000] {dag.py:3096} INFO - Sync 1 DAGs
[2024-04-26T12:57:08.276+0000] {logging_mixin.py:188} INFO - [2024-04-26T12:57:08.276+0000] {dag.py:3954} INFO - Setting next_dagrun for example_skip_dag to 2024-04-25 00:00:00+00:00, run_after=2024-04-26 00:00:00+00:00
[2024-04-26T12:57:08.291+0000] {processor.py:183} INFO - Processing /home/airflow/.local/lib/python3.12/site-packages/airflow/example_dags/example_skip_dag.py took 0.062 seconds
[2024-04-26T12:57:38.573+0000] {processor.py:161} INFO - Started process (PID=4273) to work on /home/airflow/.local/lib/python3.12/site-packages/airflow/example_dags/example_skip_dag.py
[2024-04-26T12:57:38.573+0000] {processor.py:830} INFO - Processing file /home/airflow/.local/lib/python3.12/site-packages/airflow/example_dags/example_skip_dag.py for tasks to queue
[2024-04-26T12:57:38.575+0000] {logging_mixin.py:188} INFO - [2024-04-26T12:57:38.575+0000] {dagbag.py:540} INFO - Filling up the DagBag from /home/airflow/.local/lib/python3.12/site-packages/airflow/example_dags/example_skip_dag.py
[2024-04-26T12:57:38.581+0000] {processor.py:840} INFO - DAG(s) 'example_skip_dag' retrieved from /home/airflow/.local/lib/python3.12/site-packages/airflow/example_dags/example_skip_dag.py
[2024-04-26T12:57:38.598+0000] {logging_mixin.py:188} INFO - [2024-04-26T12:57:38.598+0000] {dag.py:3096} INFO - Sync 1 DAGs
[2024-04-26T12:57:38.615+0000] {logging_mixin.py:188} INFO - [2024-04-26T12:57:38.615+0000] {dag.py:3954} INFO - Setting next_dagrun for example_skip_dag to 2024-04-25 00:00:00+00:00, run_after=2024-04-26 00:00:00+00:00
[2024-04-26T12:57:38.629+0000] {processor.py:183} INFO - Processing /home/airflow/.local/lib/python3.12/site-packages/airflow/example_dags/example_skip_dag.py took 0.061 seconds
[2024-04-26T12:58:08.900+0000] {processor.py:161} INFO - Started process (PID=4337) to work on /home/airflow/.local/lib/python3.12/site-packages/airflow/example_dags/example_skip_dag.py
[2024-04-26T12:58:08.901+0000] {processor.py:830} INFO - Processing file /home/airflow/.local/lib/python3.12/site-packages/airflow/example_dags/example_skip_dag.py for tasks to queue
[2024-04-26T12:58:08.902+0000] {logging_mixin.py:188} INFO - [2024-04-26T12:58:08.902+0000] {dagbag.py:540} INFO - Filling up the DagBag from /home/airflow/.local/lib/python3.12/site-packages/airflow/example_dags/example_skip_dag.py
[2024-04-26T12:58:08.907+0000] {processor.py:840} INFO - DAG(s) 'example_skip_dag' retrieved from /home/airflow/.local/lib/python3.12/site-packages/airflow/example_dags/example_skip_dag.py
[2024-04-26T12:58:08.926+0000] {logging_mixin.py:188} INFO - [2024-04-26T12:58:08.925+0000] {dag.py:3096} INFO - Sync 1 DAGs
[2024-04-26T12:58:08.945+0000] {logging_mixin.py:188} INFO - [2024-04-26T12:58:08.945+0000] {dag.py:3954} INFO - Setting next_dagrun for example_skip_dag to 2024-04-25 00:00:00+00:00, run_after=2024-04-26 00:00:00+00:00
[2024-04-26T12:58:08.960+0000] {processor.py:183} INFO - Processing /home/airflow/.local/lib/python3.12/site-packages/airflow/example_dags/example_skip_dag.py took 0.065 seconds
