[2024-04-26T12:34:46.263+0000] {processor.py:161} INFO - Started process (PID=76) to work on /home/airflow/.local/lib/python3.12/site-packages/airflow/example_dags/tutorial.py
[2024-04-26T12:34:46.264+0000] {processor.py:830} INFO - Processing file /home/airflow/.local/lib/python3.12/site-packages/airflow/example_dags/tutorial.py for tasks to queue
[2024-04-26T12:34:46.265+0000] {logging_mixin.py:188} INFO - [2024-04-26T12:34:46.265+0000] {dagbag.py:540} INFO - Filling up the DagBag from /home/airflow/.local/lib/python3.12/site-packages/airflow/example_dags/tutorial.py
[2024-04-26T12:34:46.271+0000] {processor.py:840} INFO - DAG(s) 'tutorial' retrieved from /home/airflow/.local/lib/python3.12/site-packages/airflow/example_dags/tutorial.py
[2024-04-26T12:34:46.356+0000] {logging_mixin.py:188} INFO - [2024-04-26T12:34:46.355+0000] {override.py:1829} INFO - Created Permission View: can delete on DAG:tutorial
[2024-04-26T12:34:46.367+0000] {logging_mixin.py:188} INFO - [2024-04-26T12:34:46.367+0000] {override.py:1829} INFO - Created Permission View: can edit on DAG:tutorial
[2024-04-26T12:34:46.372+0000] {logging_mixin.py:188} INFO - [2024-04-26T12:34:46.372+0000] {override.py:1829} INFO - Created Permission View: can read on DAG:tutorial
[2024-04-26T12:34:46.373+0000] {logging_mixin.py:188} INFO - [2024-04-26T12:34:46.373+0000] {dag.py:3096} INFO - Sync 1 DAGs
[2024-04-26T12:34:46.382+0000] {logging_mixin.py:188} INFO - [2024-04-26T12:34:46.382+0000] {dag.py:3118} INFO - Creating ORM DAG for tutorial
[2024-04-26T12:34:46.391+0000] {logging_mixin.py:188} INFO - [2024-04-26T12:34:46.391+0000] {dag.py:3954} INFO - Setting next_dagrun for tutorial to 2024-04-25 00:00:00+00:00, run_after=2024-04-26 00:00:00+00:00
[2024-04-26T12:34:46.405+0000] {processor.py:183} INFO - Processing /home/airflow/.local/lib/python3.12/site-packages/airflow/example_dags/tutorial.py took 0.147 seconds
[2024-04-26T12:35:16.517+0000] {processor.py:161} INFO - Started process (PID=134) to work on /home/airflow/.local/lib/python3.12/site-packages/airflow/example_dags/tutorial.py
[2024-04-26T12:35:16.517+0000] {processor.py:830} INFO - Processing file /home/airflow/.local/lib/python3.12/site-packages/airflow/example_dags/tutorial.py for tasks to queue
[2024-04-26T12:35:16.519+0000] {logging_mixin.py:188} INFO - [2024-04-26T12:35:16.519+0000] {dagbag.py:540} INFO - Filling up the DagBag from /home/airflow/.local/lib/python3.12/site-packages/airflow/example_dags/tutorial.py
[2024-04-26T12:35:16.524+0000] {processor.py:840} INFO - DAG(s) 'tutorial' retrieved from /home/airflow/.local/lib/python3.12/site-packages/airflow/example_dags/tutorial.py
[2024-04-26T12:35:16.540+0000] {logging_mixin.py:188} INFO - [2024-04-26T12:35:16.540+0000] {dag.py:3096} INFO - Sync 1 DAGs
[2024-04-26T12:35:16.559+0000] {logging_mixin.py:188} INFO - [2024-04-26T12:35:16.558+0000] {dag.py:3954} INFO - Setting next_dagrun for tutorial to 2024-04-25 00:00:00+00:00, run_after=2024-04-26 00:00:00+00:00
[2024-04-26T12:35:16.575+0000] {processor.py:183} INFO - Processing /home/airflow/.local/lib/python3.12/site-packages/airflow/example_dags/tutorial.py took 0.064 seconds
[2024-04-26T12:35:46.622+0000] {processor.py:161} INFO - Started process (PID=192) to work on /home/airflow/.local/lib/python3.12/site-packages/airflow/example_dags/tutorial.py
[2024-04-26T12:35:46.623+0000] {processor.py:830} INFO - Processing file /home/airflow/.local/lib/python3.12/site-packages/airflow/example_dags/tutorial.py for tasks to queue
[2024-04-26T12:35:46.625+0000] {logging_mixin.py:188} INFO - [2024-04-26T12:35:46.624+0000] {dagbag.py:540} INFO - Filling up the DagBag from /home/airflow/.local/lib/python3.12/site-packages/airflow/example_dags/tutorial.py
[2024-04-26T12:35:46.629+0000] {processor.py:840} INFO - DAG(s) 'tutorial' retrieved from /home/airflow/.local/lib/python3.12/site-packages/airflow/example_dags/tutorial.py
[2024-04-26T12:35:46.645+0000] {logging_mixin.py:188} INFO - [2024-04-26T12:35:46.645+0000] {dag.py:3096} INFO - Sync 1 DAGs
[2024-04-26T12:35:46.665+0000] {logging_mixin.py:188} INFO - [2024-04-26T12:35:46.665+0000] {dag.py:3954} INFO - Setting next_dagrun for tutorial to 2024-04-25 00:00:00+00:00, run_after=2024-04-26 00:00:00+00:00
[2024-04-26T12:35:46.679+0000] {processor.py:183} INFO - Processing /home/airflow/.local/lib/python3.12/site-packages/airflow/example_dags/tutorial.py took 0.061 seconds
[2024-04-26T12:36:17.442+0000] {processor.py:161} INFO - Started process (PID=250) to work on /home/airflow/.local/lib/python3.12/site-packages/airflow/example_dags/tutorial.py
[2024-04-26T12:36:17.443+0000] {processor.py:830} INFO - Processing file /home/airflow/.local/lib/python3.12/site-packages/airflow/example_dags/tutorial.py for tasks to queue
[2024-04-26T12:36:17.445+0000] {logging_mixin.py:188} INFO - [2024-04-26T12:36:17.445+0000] {dagbag.py:540} INFO - Filling up the DagBag from /home/airflow/.local/lib/python3.12/site-packages/airflow/example_dags/tutorial.py
[2024-04-26T12:36:17.449+0000] {processor.py:840} INFO - DAG(s) 'tutorial' retrieved from /home/airflow/.local/lib/python3.12/site-packages/airflow/example_dags/tutorial.py
[2024-04-26T12:36:17.465+0000] {logging_mixin.py:188} INFO - [2024-04-26T12:36:17.464+0000] {dag.py:3096} INFO - Sync 1 DAGs
[2024-04-26T12:36:17.481+0000] {logging_mixin.py:188} INFO - [2024-04-26T12:36:17.481+0000] {dag.py:3954} INFO - Setting next_dagrun for tutorial to 2024-04-25 00:00:00+00:00, run_after=2024-04-26 00:00:00+00:00
[2024-04-26T12:36:17.497+0000] {processor.py:183} INFO - Processing /home/airflow/.local/lib/python3.12/site-packages/airflow/example_dags/tutorial.py took 0.059 seconds
[2024-04-26T12:36:47.791+0000] {processor.py:161} INFO - Started process (PID=308) to work on /home/airflow/.local/lib/python3.12/site-packages/airflow/example_dags/tutorial.py
[2024-04-26T12:36:47.792+0000] {processor.py:830} INFO - Processing file /home/airflow/.local/lib/python3.12/site-packages/airflow/example_dags/tutorial.py for tasks to queue
[2024-04-26T12:36:47.793+0000] {logging_mixin.py:188} INFO - [2024-04-26T12:36:47.793+0000] {dagbag.py:540} INFO - Filling up the DagBag from /home/airflow/.local/lib/python3.12/site-packages/airflow/example_dags/tutorial.py
[2024-04-26T12:36:47.799+0000] {processor.py:840} INFO - DAG(s) 'tutorial' retrieved from /home/airflow/.local/lib/python3.12/site-packages/airflow/example_dags/tutorial.py
[2024-04-26T12:36:47.815+0000] {logging_mixin.py:188} INFO - [2024-04-26T12:36:47.815+0000] {dag.py:3096} INFO - Sync 1 DAGs
[2024-04-26T12:36:47.835+0000] {logging_mixin.py:188} INFO - [2024-04-26T12:36:47.835+0000] {dag.py:3954} INFO - Setting next_dagrun for tutorial to 2024-04-25 00:00:00+00:00, run_after=2024-04-26 00:00:00+00:00
[2024-04-26T12:36:47.851+0000] {processor.py:183} INFO - Processing /home/airflow/.local/lib/python3.12/site-packages/airflow/example_dags/tutorial.py took 0.067 seconds
[2024-04-26T12:37:18.137+0000] {processor.py:161} INFO - Started process (PID=366) to work on /home/airflow/.local/lib/python3.12/site-packages/airflow/example_dags/tutorial.py
[2024-04-26T12:37:18.138+0000] {processor.py:830} INFO - Processing file /home/airflow/.local/lib/python3.12/site-packages/airflow/example_dags/tutorial.py for tasks to queue
[2024-04-26T12:37:18.139+0000] {logging_mixin.py:188} INFO - [2024-04-26T12:37:18.139+0000] {dagbag.py:540} INFO - Filling up the DagBag from /home/airflow/.local/lib/python3.12/site-packages/airflow/example_dags/tutorial.py
[2024-04-26T12:37:18.144+0000] {processor.py:840} INFO - DAG(s) 'tutorial' retrieved from /home/airflow/.local/lib/python3.12/site-packages/airflow/example_dags/tutorial.py
[2024-04-26T12:37:18.159+0000] {logging_mixin.py:188} INFO - [2024-04-26T12:37:18.159+0000] {dag.py:3096} INFO - Sync 1 DAGs
[2024-04-26T12:37:18.174+0000] {logging_mixin.py:188} INFO - [2024-04-26T12:37:18.174+0000] {dag.py:3954} INFO - Setting next_dagrun for tutorial to 2024-04-25 00:00:00+00:00, run_after=2024-04-26 00:00:00+00:00
[2024-04-26T12:37:18.190+0000] {processor.py:183} INFO - Processing /home/airflow/.local/lib/python3.12/site-packages/airflow/example_dags/tutorial.py took 0.057 seconds
[2024-04-26T12:37:48.639+0000] {processor.py:161} INFO - Started process (PID=424) to work on /home/airflow/.local/lib/python3.12/site-packages/airflow/example_dags/tutorial.py
[2024-04-26T12:37:48.640+0000] {processor.py:830} INFO - Processing file /home/airflow/.local/lib/python3.12/site-packages/airflow/example_dags/tutorial.py for tasks to queue
[2024-04-26T12:37:48.641+0000] {logging_mixin.py:188} INFO - [2024-04-26T12:37:48.641+0000] {dagbag.py:540} INFO - Filling up the DagBag from /home/airflow/.local/lib/python3.12/site-packages/airflow/example_dags/tutorial.py
[2024-04-26T12:37:48.646+0000] {processor.py:840} INFO - DAG(s) 'tutorial' retrieved from /home/airflow/.local/lib/python3.12/site-packages/airflow/example_dags/tutorial.py
[2024-04-26T12:37:48.662+0000] {logging_mixin.py:188} INFO - [2024-04-26T12:37:48.662+0000] {dag.py:3096} INFO - Sync 1 DAGs
[2024-04-26T12:37:48.678+0000] {logging_mixin.py:188} INFO - [2024-04-26T12:37:48.678+0000] {dag.py:3954} INFO - Setting next_dagrun for tutorial to 2024-04-25 00:00:00+00:00, run_after=2024-04-26 00:00:00+00:00
[2024-04-26T12:37:48.693+0000] {processor.py:183} INFO - Processing /home/airflow/.local/lib/python3.12/site-packages/airflow/example_dags/tutorial.py took 0.059 seconds
[2024-04-26T12:38:18.993+0000] {processor.py:161} INFO - Started process (PID=482) to work on /home/airflow/.local/lib/python3.12/site-packages/airflow/example_dags/tutorial.py
[2024-04-26T12:38:18.994+0000] {processor.py:830} INFO - Processing file /home/airflow/.local/lib/python3.12/site-packages/airflow/example_dags/tutorial.py for tasks to queue
[2024-04-26T12:38:18.996+0000] {logging_mixin.py:188} INFO - [2024-04-26T12:38:18.995+0000] {dagbag.py:540} INFO - Filling up the DagBag from /home/airflow/.local/lib/python3.12/site-packages/airflow/example_dags/tutorial.py
[2024-04-26T12:38:19.000+0000] {processor.py:840} INFO - DAG(s) 'tutorial' retrieved from /home/airflow/.local/lib/python3.12/site-packages/airflow/example_dags/tutorial.py
[2024-04-26T12:38:19.018+0000] {logging_mixin.py:188} INFO - [2024-04-26T12:38:19.018+0000] {dag.py:3096} INFO - Sync 1 DAGs
[2024-04-26T12:38:19.035+0000] {logging_mixin.py:188} INFO - [2024-04-26T12:38:19.035+0000] {dag.py:3954} INFO - Setting next_dagrun for tutorial to 2024-04-25 00:00:00+00:00, run_after=2024-04-26 00:00:00+00:00
[2024-04-26T12:38:19.050+0000] {processor.py:183} INFO - Processing /home/airflow/.local/lib/python3.12/site-packages/airflow/example_dags/tutorial.py took 0.061 seconds
[2024-04-26T12:38:49.432+0000] {processor.py:161} INFO - Started process (PID=540) to work on /home/airflow/.local/lib/python3.12/site-packages/airflow/example_dags/tutorial.py
[2024-04-26T12:38:49.433+0000] {processor.py:830} INFO - Processing file /home/airflow/.local/lib/python3.12/site-packages/airflow/example_dags/tutorial.py for tasks to queue
[2024-04-26T12:38:49.434+0000] {logging_mixin.py:188} INFO - [2024-04-26T12:38:49.434+0000] {dagbag.py:540} INFO - Filling up the DagBag from /home/airflow/.local/lib/python3.12/site-packages/airflow/example_dags/tutorial.py
[2024-04-26T12:38:49.439+0000] {processor.py:840} INFO - DAG(s) 'tutorial' retrieved from /home/airflow/.local/lib/python3.12/site-packages/airflow/example_dags/tutorial.py
[2024-04-26T12:38:49.454+0000] {logging_mixin.py:188} INFO - [2024-04-26T12:38:49.454+0000] {dag.py:3096} INFO - Sync 1 DAGs
[2024-04-26T12:38:49.471+0000] {logging_mixin.py:188} INFO - [2024-04-26T12:38:49.470+0000] {dag.py:3954} INFO - Setting next_dagrun for tutorial to 2024-04-25 00:00:00+00:00, run_after=2024-04-26 00:00:00+00:00
[2024-04-26T12:38:49.486+0000] {processor.py:183} INFO - Processing /home/airflow/.local/lib/python3.12/site-packages/airflow/example_dags/tutorial.py took 0.059 seconds
[2024-04-26T12:39:19.849+0000] {processor.py:161} INFO - Started process (PID=598) to work on /home/airflow/.local/lib/python3.12/site-packages/airflow/example_dags/tutorial.py
[2024-04-26T12:39:19.850+0000] {processor.py:830} INFO - Processing file /home/airflow/.local/lib/python3.12/site-packages/airflow/example_dags/tutorial.py for tasks to queue
[2024-04-26T12:39:19.852+0000] {logging_mixin.py:188} INFO - [2024-04-26T12:39:19.851+0000] {dagbag.py:540} INFO - Filling up the DagBag from /home/airflow/.local/lib/python3.12/site-packages/airflow/example_dags/tutorial.py
[2024-04-26T12:39:19.857+0000] {processor.py:840} INFO - DAG(s) 'tutorial' retrieved from /home/airflow/.local/lib/python3.12/site-packages/airflow/example_dags/tutorial.py
[2024-04-26T12:39:19.877+0000] {logging_mixin.py:188} INFO - [2024-04-26T12:39:19.877+0000] {dag.py:3096} INFO - Sync 1 DAGs
[2024-04-26T12:39:19.899+0000] {logging_mixin.py:188} INFO - [2024-04-26T12:39:19.899+0000] {dag.py:3954} INFO - Setting next_dagrun for tutorial to 2024-04-25 00:00:00+00:00, run_after=2024-04-26 00:00:00+00:00
[2024-04-26T12:39:19.915+0000] {processor.py:183} INFO - Processing /home/airflow/.local/lib/python3.12/site-packages/airflow/example_dags/tutorial.py took 0.070 seconds
[2024-04-26T12:39:50.333+0000] {processor.py:161} INFO - Started process (PID=656) to work on /home/airflow/.local/lib/python3.12/site-packages/airflow/example_dags/tutorial.py
[2024-04-26T12:39:50.334+0000] {processor.py:830} INFO - Processing file /home/airflow/.local/lib/python3.12/site-packages/airflow/example_dags/tutorial.py for tasks to queue
[2024-04-26T12:39:50.335+0000] {logging_mixin.py:188} INFO - [2024-04-26T12:39:50.335+0000] {dagbag.py:540} INFO - Filling up the DagBag from /home/airflow/.local/lib/python3.12/site-packages/airflow/example_dags/tutorial.py
[2024-04-26T12:39:50.340+0000] {processor.py:840} INFO - DAG(s) 'tutorial' retrieved from /home/airflow/.local/lib/python3.12/site-packages/airflow/example_dags/tutorial.py
[2024-04-26T12:39:50.359+0000] {logging_mixin.py:188} INFO - [2024-04-26T12:39:50.359+0000] {dag.py:3096} INFO - Sync 1 DAGs
[2024-04-26T12:39:50.378+0000] {logging_mixin.py:188} INFO - [2024-04-26T12:39:50.378+0000] {dag.py:3954} INFO - Setting next_dagrun for tutorial to 2024-04-25 00:00:00+00:00, run_after=2024-04-26 00:00:00+00:00
[2024-04-26T12:39:50.393+0000] {processor.py:183} INFO - Processing /home/airflow/.local/lib/python3.12/site-packages/airflow/example_dags/tutorial.py took 0.065 seconds
[2024-04-26T12:40:20.849+0000] {processor.py:161} INFO - Started process (PID=714) to work on /home/airflow/.local/lib/python3.12/site-packages/airflow/example_dags/tutorial.py
[2024-04-26T12:40:20.850+0000] {processor.py:830} INFO - Processing file /home/airflow/.local/lib/python3.12/site-packages/airflow/example_dags/tutorial.py for tasks to queue
[2024-04-26T12:40:20.851+0000] {logging_mixin.py:188} INFO - [2024-04-26T12:40:20.851+0000] {dagbag.py:540} INFO - Filling up the DagBag from /home/airflow/.local/lib/python3.12/site-packages/airflow/example_dags/tutorial.py
[2024-04-26T12:40:20.856+0000] {processor.py:840} INFO - DAG(s) 'tutorial' retrieved from /home/airflow/.local/lib/python3.12/site-packages/airflow/example_dags/tutorial.py
[2024-04-26T12:40:20.873+0000] {logging_mixin.py:188} INFO - [2024-04-26T12:40:20.873+0000] {dag.py:3096} INFO - Sync 1 DAGs
[2024-04-26T12:40:20.892+0000] {logging_mixin.py:188} INFO - [2024-04-26T12:40:20.891+0000] {dag.py:3954} INFO - Setting next_dagrun for tutorial to 2024-04-25 00:00:00+00:00, run_after=2024-04-26 00:00:00+00:00
[2024-04-26T12:40:20.910+0000] {processor.py:183} INFO - Processing /home/airflow/.local/lib/python3.12/site-packages/airflow/example_dags/tutorial.py took 0.066 seconds
[2024-04-26T12:40:51.290+0000] {processor.py:161} INFO - Started process (PID=772) to work on /home/airflow/.local/lib/python3.12/site-packages/airflow/example_dags/tutorial.py
[2024-04-26T12:40:51.292+0000] {processor.py:830} INFO - Processing file /home/airflow/.local/lib/python3.12/site-packages/airflow/example_dags/tutorial.py for tasks to queue
[2024-04-26T12:40:51.294+0000] {logging_mixin.py:188} INFO - [2024-04-26T12:40:51.294+0000] {dagbag.py:540} INFO - Filling up the DagBag from /home/airflow/.local/lib/python3.12/site-packages/airflow/example_dags/tutorial.py
[2024-04-26T12:40:51.301+0000] {processor.py:840} INFO - DAG(s) 'tutorial' retrieved from /home/airflow/.local/lib/python3.12/site-packages/airflow/example_dags/tutorial.py
[2024-04-26T12:40:51.320+0000] {logging_mixin.py:188} INFO - [2024-04-26T12:40:51.320+0000] {dag.py:3096} INFO - Sync 1 DAGs
[2024-04-26T12:40:51.340+0000] {logging_mixin.py:188} INFO - [2024-04-26T12:40:51.340+0000] {dag.py:3954} INFO - Setting next_dagrun for tutorial to 2024-04-25 00:00:00+00:00, run_after=2024-04-26 00:00:00+00:00
[2024-04-26T12:40:51.363+0000] {processor.py:183} INFO - Processing /home/airflow/.local/lib/python3.12/site-packages/airflow/example_dags/tutorial.py took 0.077 seconds
[2024-04-26T12:41:22.229+0000] {processor.py:161} INFO - Started process (PID=830) to work on /home/airflow/.local/lib/python3.12/site-packages/airflow/example_dags/tutorial.py
[2024-04-26T12:41:22.230+0000] {processor.py:830} INFO - Processing file /home/airflow/.local/lib/python3.12/site-packages/airflow/example_dags/tutorial.py for tasks to queue
[2024-04-26T12:41:22.231+0000] {logging_mixin.py:188} INFO - [2024-04-26T12:41:22.231+0000] {dagbag.py:540} INFO - Filling up the DagBag from /home/airflow/.local/lib/python3.12/site-packages/airflow/example_dags/tutorial.py
[2024-04-26T12:41:22.236+0000] {processor.py:840} INFO - DAG(s) 'tutorial' retrieved from /home/airflow/.local/lib/python3.12/site-packages/airflow/example_dags/tutorial.py
[2024-04-26T12:41:22.251+0000] {logging_mixin.py:188} INFO - [2024-04-26T12:41:22.250+0000] {dag.py:3096} INFO - Sync 1 DAGs
[2024-04-26T12:41:22.269+0000] {logging_mixin.py:188} INFO - [2024-04-26T12:41:22.269+0000] {dag.py:3954} INFO - Setting next_dagrun for tutorial to 2024-04-25 00:00:00+00:00, run_after=2024-04-26 00:00:00+00:00
[2024-04-26T12:41:22.285+0000] {processor.py:183} INFO - Processing /home/airflow/.local/lib/python3.12/site-packages/airflow/example_dags/tutorial.py took 0.061 seconds
[2024-04-26T12:41:54.097+0000] {processor.py:161} INFO - Started process (PID=888) to work on /home/airflow/.local/lib/python3.12/site-packages/airflow/example_dags/tutorial.py
[2024-04-26T12:41:54.098+0000] {processor.py:830} INFO - Processing file /home/airflow/.local/lib/python3.12/site-packages/airflow/example_dags/tutorial.py for tasks to queue
[2024-04-26T12:41:54.099+0000] {logging_mixin.py:188} INFO - [2024-04-26T12:41:54.099+0000] {dagbag.py:540} INFO - Filling up the DagBag from /home/airflow/.local/lib/python3.12/site-packages/airflow/example_dags/tutorial.py
[2024-04-26T12:41:54.104+0000] {processor.py:840} INFO - DAG(s) 'tutorial' retrieved from /home/airflow/.local/lib/python3.12/site-packages/airflow/example_dags/tutorial.py
[2024-04-26T12:41:54.124+0000] {logging_mixin.py:188} INFO - [2024-04-26T12:41:54.124+0000] {dag.py:3096} INFO - Sync 1 DAGs
[2024-04-26T12:41:54.264+0000] {logging_mixin.py:188} INFO - [2024-04-26T12:41:54.264+0000] {dag.py:3954} INFO - Setting next_dagrun for tutorial to 2024-04-25 00:00:00+00:00, run_after=2024-04-26 00:00:00+00:00
[2024-04-26T12:41:54.281+0000] {processor.py:183} INFO - Processing /home/airflow/.local/lib/python3.12/site-packages/airflow/example_dags/tutorial.py took 0.189 seconds
[2024-04-26T12:42:25.248+0000] {processor.py:161} INFO - Started process (PID=946) to work on /home/airflow/.local/lib/python3.12/site-packages/airflow/example_dags/tutorial.py
[2024-04-26T12:42:25.249+0000] {processor.py:830} INFO - Processing file /home/airflow/.local/lib/python3.12/site-packages/airflow/example_dags/tutorial.py for tasks to queue
[2024-04-26T12:42:25.250+0000] {logging_mixin.py:188} INFO - [2024-04-26T12:42:25.250+0000] {dagbag.py:540} INFO - Filling up the DagBag from /home/airflow/.local/lib/python3.12/site-packages/airflow/example_dags/tutorial.py
[2024-04-26T12:42:25.255+0000] {processor.py:840} INFO - DAG(s) 'tutorial' retrieved from /home/airflow/.local/lib/python3.12/site-packages/airflow/example_dags/tutorial.py
[2024-04-26T12:42:25.271+0000] {logging_mixin.py:188} INFO - [2024-04-26T12:42:25.270+0000] {dag.py:3096} INFO - Sync 1 DAGs
[2024-04-26T12:42:25.288+0000] {logging_mixin.py:188} INFO - [2024-04-26T12:42:25.288+0000] {dag.py:3954} INFO - Setting next_dagrun for tutorial to 2024-04-25 00:00:00+00:00, run_after=2024-04-26 00:00:00+00:00
[2024-04-26T12:42:25.310+0000] {processor.py:183} INFO - Processing /home/airflow/.local/lib/python3.12/site-packages/airflow/example_dags/tutorial.py took 0.066 seconds
[2024-04-26T12:42:55.885+0000] {processor.py:161} INFO - Started process (PID=1004) to work on /home/airflow/.local/lib/python3.12/site-packages/airflow/example_dags/tutorial.py
[2024-04-26T12:42:55.886+0000] {processor.py:830} INFO - Processing file /home/airflow/.local/lib/python3.12/site-packages/airflow/example_dags/tutorial.py for tasks to queue
[2024-04-26T12:42:55.887+0000] {logging_mixin.py:188} INFO - [2024-04-26T12:42:55.887+0000] {dagbag.py:540} INFO - Filling up the DagBag from /home/airflow/.local/lib/python3.12/site-packages/airflow/example_dags/tutorial.py
[2024-04-26T12:42:55.892+0000] {processor.py:840} INFO - DAG(s) 'tutorial' retrieved from /home/airflow/.local/lib/python3.12/site-packages/airflow/example_dags/tutorial.py
[2024-04-26T12:42:55.909+0000] {logging_mixin.py:188} INFO - [2024-04-26T12:42:55.909+0000] {dag.py:3096} INFO - Sync 1 DAGs
[2024-04-26T12:42:55.927+0000] {logging_mixin.py:188} INFO - [2024-04-26T12:42:55.926+0000] {dag.py:3954} INFO - Setting next_dagrun for tutorial to 2024-04-25 00:00:00+00:00, run_after=2024-04-26 00:00:00+00:00
[2024-04-26T12:42:55.947+0000] {processor.py:183} INFO - Processing /home/airflow/.local/lib/python3.12/site-packages/airflow/example_dags/tutorial.py took 0.067 seconds
[2024-04-26T12:43:26.873+0000] {processor.py:161} INFO - Started process (PID=1062) to work on /home/airflow/.local/lib/python3.12/site-packages/airflow/example_dags/tutorial.py
[2024-04-26T12:43:26.874+0000] {processor.py:830} INFO - Processing file /home/airflow/.local/lib/python3.12/site-packages/airflow/example_dags/tutorial.py for tasks to queue
[2024-04-26T12:43:26.876+0000] {logging_mixin.py:188} INFO - [2024-04-26T12:43:26.875+0000] {dagbag.py:540} INFO - Filling up the DagBag from /home/airflow/.local/lib/python3.12/site-packages/airflow/example_dags/tutorial.py
[2024-04-26T12:43:26.881+0000] {processor.py:840} INFO - DAG(s) 'tutorial' retrieved from /home/airflow/.local/lib/python3.12/site-packages/airflow/example_dags/tutorial.py
[2024-04-26T12:43:26.900+0000] {logging_mixin.py:188} INFO - [2024-04-26T12:43:26.900+0000] {dag.py:3096} INFO - Sync 1 DAGs
[2024-04-26T12:43:26.921+0000] {logging_mixin.py:188} INFO - [2024-04-26T12:43:26.921+0000] {dag.py:3954} INFO - Setting next_dagrun for tutorial to 2024-04-25 00:00:00+00:00, run_after=2024-04-26 00:00:00+00:00
[2024-04-26T12:43:26.944+0000] {processor.py:183} INFO - Processing /home/airflow/.local/lib/python3.12/site-packages/airflow/example_dags/tutorial.py took 0.076 seconds
[2024-04-26T12:43:57.791+0000] {processor.py:161} INFO - Started process (PID=1120) to work on /home/airflow/.local/lib/python3.12/site-packages/airflow/example_dags/tutorial.py
[2024-04-26T12:43:57.792+0000] {processor.py:830} INFO - Processing file /home/airflow/.local/lib/python3.12/site-packages/airflow/example_dags/tutorial.py for tasks to queue
[2024-04-26T12:43:57.794+0000] {logging_mixin.py:188} INFO - [2024-04-26T12:43:57.793+0000] {dagbag.py:540} INFO - Filling up the DagBag from /home/airflow/.local/lib/python3.12/site-packages/airflow/example_dags/tutorial.py
[2024-04-26T12:43:57.798+0000] {processor.py:840} INFO - DAG(s) 'tutorial' retrieved from /home/airflow/.local/lib/python3.12/site-packages/airflow/example_dags/tutorial.py
[2024-04-26T12:43:57.815+0000] {logging_mixin.py:188} INFO - [2024-04-26T12:43:57.815+0000] {dag.py:3096} INFO - Sync 1 DAGs
[2024-04-26T12:43:57.960+0000] {logging_mixin.py:188} INFO - [2024-04-26T12:43:57.959+0000] {dag.py:3954} INFO - Setting next_dagrun for tutorial to 2024-04-25 00:00:00+00:00, run_after=2024-04-26 00:00:00+00:00
[2024-04-26T12:43:57.978+0000] {processor.py:183} INFO - Processing /home/airflow/.local/lib/python3.12/site-packages/airflow/example_dags/tutorial.py took 0.191 seconds
[2024-04-26T12:44:28.141+0000] {processor.py:161} INFO - Started process (PID=1178) to work on /home/airflow/.local/lib/python3.12/site-packages/airflow/example_dags/tutorial.py
[2024-04-26T12:44:28.142+0000] {processor.py:830} INFO - Processing file /home/airflow/.local/lib/python3.12/site-packages/airflow/example_dags/tutorial.py for tasks to queue
[2024-04-26T12:44:28.143+0000] {logging_mixin.py:188} INFO - [2024-04-26T12:44:28.143+0000] {dagbag.py:540} INFO - Filling up the DagBag from /home/airflow/.local/lib/python3.12/site-packages/airflow/example_dags/tutorial.py
[2024-04-26T12:44:28.148+0000] {processor.py:840} INFO - DAG(s) 'tutorial' retrieved from /home/airflow/.local/lib/python3.12/site-packages/airflow/example_dags/tutorial.py
[2024-04-26T12:44:28.164+0000] {logging_mixin.py:188} INFO - [2024-04-26T12:44:28.164+0000] {dag.py:3096} INFO - Sync 1 DAGs
[2024-04-26T12:44:28.180+0000] {logging_mixin.py:188} INFO - [2024-04-26T12:44:28.180+0000] {dag.py:3954} INFO - Setting next_dagrun for tutorial to 2024-04-25 00:00:00+00:00, run_after=2024-04-26 00:00:00+00:00
[2024-04-26T12:44:28.196+0000] {processor.py:183} INFO - Processing /home/airflow/.local/lib/python3.12/site-packages/airflow/example_dags/tutorial.py took 0.061 seconds
[2024-04-26T12:44:58.772+0000] {processor.py:161} INFO - Started process (PID=1238) to work on /home/airflow/.local/lib/python3.12/site-packages/airflow/example_dags/tutorial.py
[2024-04-26T12:44:58.773+0000] {processor.py:830} INFO - Processing file /home/airflow/.local/lib/python3.12/site-packages/airflow/example_dags/tutorial.py for tasks to queue
[2024-04-26T12:44:58.774+0000] {logging_mixin.py:188} INFO - [2024-04-26T12:44:58.774+0000] {dagbag.py:540} INFO - Filling up the DagBag from /home/airflow/.local/lib/python3.12/site-packages/airflow/example_dags/tutorial.py
[2024-04-26T12:44:58.779+0000] {processor.py:840} INFO - DAG(s) 'tutorial' retrieved from /home/airflow/.local/lib/python3.12/site-packages/airflow/example_dags/tutorial.py
[2024-04-26T12:44:58.796+0000] {logging_mixin.py:188} INFO - [2024-04-26T12:44:58.796+0000] {dag.py:3096} INFO - Sync 1 DAGs
[2024-04-26T12:44:58.812+0000] {logging_mixin.py:188} INFO - [2024-04-26T12:44:58.812+0000] {dag.py:3954} INFO - Setting next_dagrun for tutorial to 2024-04-25 00:00:00+00:00, run_after=2024-04-26 00:00:00+00:00
[2024-04-26T12:44:58.829+0000] {processor.py:183} INFO - Processing /home/airflow/.local/lib/python3.12/site-packages/airflow/example_dags/tutorial.py took 0.062 seconds
[2024-04-26T12:45:29.161+0000] {processor.py:161} INFO - Started process (PID=1298) to work on /home/airflow/.local/lib/python3.12/site-packages/airflow/example_dags/tutorial.py
[2024-04-26T12:45:29.162+0000] {processor.py:830} INFO - Processing file /home/airflow/.local/lib/python3.12/site-packages/airflow/example_dags/tutorial.py for tasks to queue
[2024-04-26T12:45:29.164+0000] {logging_mixin.py:188} INFO - [2024-04-26T12:45:29.164+0000] {dagbag.py:540} INFO - Filling up the DagBag from /home/airflow/.local/lib/python3.12/site-packages/airflow/example_dags/tutorial.py
[2024-04-26T12:45:29.169+0000] {processor.py:840} INFO - DAG(s) 'tutorial' retrieved from /home/airflow/.local/lib/python3.12/site-packages/airflow/example_dags/tutorial.py
[2024-04-26T12:45:29.186+0000] {logging_mixin.py:188} INFO - [2024-04-26T12:45:29.186+0000] {dag.py:3096} INFO - Sync 1 DAGs
[2024-04-26T12:45:29.204+0000] {logging_mixin.py:188} INFO - [2024-04-26T12:45:29.203+0000] {dag.py:3954} INFO - Setting next_dagrun for tutorial to 2024-04-25 00:00:00+00:00, run_after=2024-04-26 00:00:00+00:00
[2024-04-26T12:45:29.220+0000] {processor.py:183} INFO - Processing /home/airflow/.local/lib/python3.12/site-packages/airflow/example_dags/tutorial.py took 0.063 seconds
[2024-04-26T12:45:59.748+0000] {processor.py:161} INFO - Started process (PID=1366) to work on /home/airflow/.local/lib/python3.12/site-packages/airflow/example_dags/tutorial.py
[2024-04-26T12:45:59.749+0000] {processor.py:830} INFO - Processing file /home/airflow/.local/lib/python3.12/site-packages/airflow/example_dags/tutorial.py for tasks to queue
[2024-04-26T12:45:59.752+0000] {logging_mixin.py:188} INFO - [2024-04-26T12:45:59.751+0000] {dagbag.py:540} INFO - Filling up the DagBag from /home/airflow/.local/lib/python3.12/site-packages/airflow/example_dags/tutorial.py
[2024-04-26T12:45:59.758+0000] {processor.py:840} INFO - DAG(s) 'tutorial' retrieved from /home/airflow/.local/lib/python3.12/site-packages/airflow/example_dags/tutorial.py
[2024-04-26T12:45:59.775+0000] {logging_mixin.py:188} INFO - [2024-04-26T12:45:59.775+0000] {dag.py:3096} INFO - Sync 1 DAGs
[2024-04-26T12:45:59.792+0000] {logging_mixin.py:188} INFO - [2024-04-26T12:45:59.792+0000] {dag.py:3954} INFO - Setting next_dagrun for tutorial to 2024-04-25 00:00:00+00:00, run_after=2024-04-26 00:00:00+00:00
[2024-04-26T12:45:59.807+0000] {processor.py:183} INFO - Processing /home/airflow/.local/lib/python3.12/site-packages/airflow/example_dags/tutorial.py took 0.064 seconds
[2024-04-26T12:46:30.555+0000] {processor.py:161} INFO - Started process (PID=1428) to work on /home/airflow/.local/lib/python3.12/site-packages/airflow/example_dags/tutorial.py
[2024-04-26T12:46:30.556+0000] {processor.py:830} INFO - Processing file /home/airflow/.local/lib/python3.12/site-packages/airflow/example_dags/tutorial.py for tasks to queue
[2024-04-26T12:46:30.557+0000] {logging_mixin.py:188} INFO - [2024-04-26T12:46:30.557+0000] {dagbag.py:540} INFO - Filling up the DagBag from /home/airflow/.local/lib/python3.12/site-packages/airflow/example_dags/tutorial.py
[2024-04-26T12:46:30.562+0000] {processor.py:840} INFO - DAG(s) 'tutorial' retrieved from /home/airflow/.local/lib/python3.12/site-packages/airflow/example_dags/tutorial.py
[2024-04-26T12:46:30.579+0000] {logging_mixin.py:188} INFO - [2024-04-26T12:46:30.579+0000] {dag.py:3096} INFO - Sync 1 DAGs
[2024-04-26T12:46:30.596+0000] {logging_mixin.py:188} INFO - [2024-04-26T12:46:30.596+0000] {dag.py:3954} INFO - Setting next_dagrun for tutorial to 2024-04-25 00:00:00+00:00, run_after=2024-04-26 00:00:00+00:00
[2024-04-26T12:46:30.612+0000] {processor.py:183} INFO - Processing /home/airflow/.local/lib/python3.12/site-packages/airflow/example_dags/tutorial.py took 0.061 seconds
[2024-04-26T12:47:00.946+0000] {processor.py:161} INFO - Started process (PID=1488) to work on /home/airflow/.local/lib/python3.12/site-packages/airflow/example_dags/tutorial.py
[2024-04-26T12:47:00.947+0000] {processor.py:830} INFO - Processing file /home/airflow/.local/lib/python3.12/site-packages/airflow/example_dags/tutorial.py for tasks to queue
[2024-04-26T12:47:00.948+0000] {logging_mixin.py:188} INFO - [2024-04-26T12:47:00.948+0000] {dagbag.py:540} INFO - Filling up the DagBag from /home/airflow/.local/lib/python3.12/site-packages/airflow/example_dags/tutorial.py
[2024-04-26T12:47:00.953+0000] {processor.py:840} INFO - DAG(s) 'tutorial' retrieved from /home/airflow/.local/lib/python3.12/site-packages/airflow/example_dags/tutorial.py
[2024-04-26T12:47:00.969+0000] {logging_mixin.py:188} INFO - [2024-04-26T12:47:00.969+0000] {dag.py:3096} INFO - Sync 1 DAGs
[2024-04-26T12:47:00.985+0000] {logging_mixin.py:188} INFO - [2024-04-26T12:47:00.985+0000] {dag.py:3954} INFO - Setting next_dagrun for tutorial to 2024-04-25 00:00:00+00:00, run_after=2024-04-26 00:00:00+00:00
[2024-04-26T12:47:01.000+0000] {processor.py:183} INFO - Processing /home/airflow/.local/lib/python3.12/site-packages/airflow/example_dags/tutorial.py took 0.058 seconds
[2024-04-26T12:47:31.283+0000] {processor.py:161} INFO - Started process (PID=1548) to work on /home/airflow/.local/lib/python3.12/site-packages/airflow/example_dags/tutorial.py
[2024-04-26T12:47:31.284+0000] {processor.py:830} INFO - Processing file /home/airflow/.local/lib/python3.12/site-packages/airflow/example_dags/tutorial.py for tasks to queue
[2024-04-26T12:47:31.285+0000] {logging_mixin.py:188} INFO - [2024-04-26T12:47:31.285+0000] {dagbag.py:540} INFO - Filling up the DagBag from /home/airflow/.local/lib/python3.12/site-packages/airflow/example_dags/tutorial.py
[2024-04-26T12:47:31.290+0000] {processor.py:840} INFO - DAG(s) 'tutorial' retrieved from /home/airflow/.local/lib/python3.12/site-packages/airflow/example_dags/tutorial.py
[2024-04-26T12:47:31.307+0000] {logging_mixin.py:188} INFO - [2024-04-26T12:47:31.306+0000] {dag.py:3096} INFO - Sync 1 DAGs
[2024-04-26T12:47:31.324+0000] {logging_mixin.py:188} INFO - [2024-04-26T12:47:31.324+0000] {dag.py:3954} INFO - Setting next_dagrun for tutorial to 2024-04-25 00:00:00+00:00, run_after=2024-04-26 00:00:00+00:00
[2024-04-26T12:47:31.341+0000] {processor.py:183} INFO - Processing /home/airflow/.local/lib/python3.12/site-packages/airflow/example_dags/tutorial.py took 0.063 seconds
[2024-04-26T12:48:01.693+0000] {processor.py:161} INFO - Started process (PID=1608) to work on /home/airflow/.local/lib/python3.12/site-packages/airflow/example_dags/tutorial.py
[2024-04-26T12:48:01.694+0000] {processor.py:830} INFO - Processing file /home/airflow/.local/lib/python3.12/site-packages/airflow/example_dags/tutorial.py for tasks to queue
[2024-04-26T12:48:01.696+0000] {logging_mixin.py:188} INFO - [2024-04-26T12:48:01.695+0000] {dagbag.py:540} INFO - Filling up the DagBag from /home/airflow/.local/lib/python3.12/site-packages/airflow/example_dags/tutorial.py
[2024-04-26T12:48:01.700+0000] {processor.py:840} INFO - DAG(s) 'tutorial' retrieved from /home/airflow/.local/lib/python3.12/site-packages/airflow/example_dags/tutorial.py
[2024-04-26T12:48:01.716+0000] {logging_mixin.py:188} INFO - [2024-04-26T12:48:01.716+0000] {dag.py:3096} INFO - Sync 1 DAGs
[2024-04-26T12:48:01.732+0000] {logging_mixin.py:188} INFO - [2024-04-26T12:48:01.732+0000] {dag.py:3954} INFO - Setting next_dagrun for tutorial to 2024-04-25 00:00:00+00:00, run_after=2024-04-26 00:00:00+00:00
[2024-04-26T12:48:01.753+0000] {processor.py:183} INFO - Processing /home/airflow/.local/lib/python3.12/site-packages/airflow/example_dags/tutorial.py took 0.065 seconds
[2024-04-26T12:48:32.034+0000] {processor.py:161} INFO - Started process (PID=1668) to work on /home/airflow/.local/lib/python3.12/site-packages/airflow/example_dags/tutorial.py
[2024-04-26T12:48:32.035+0000] {processor.py:830} INFO - Processing file /home/airflow/.local/lib/python3.12/site-packages/airflow/example_dags/tutorial.py for tasks to queue
[2024-04-26T12:48:32.037+0000] {logging_mixin.py:188} INFO - [2024-04-26T12:48:32.036+0000] {dagbag.py:540} INFO - Filling up the DagBag from /home/airflow/.local/lib/python3.12/site-packages/airflow/example_dags/tutorial.py
[2024-04-26T12:48:32.041+0000] {processor.py:840} INFO - DAG(s) 'tutorial' retrieved from /home/airflow/.local/lib/python3.12/site-packages/airflow/example_dags/tutorial.py
[2024-04-26T12:48:32.057+0000] {logging_mixin.py:188} INFO - [2024-04-26T12:48:32.056+0000] {dag.py:3096} INFO - Sync 1 DAGs
[2024-04-26T12:48:32.073+0000] {logging_mixin.py:188} INFO - [2024-04-26T12:48:32.072+0000] {dag.py:3954} INFO - Setting next_dagrun for tutorial to 2024-04-25 00:00:00+00:00, run_after=2024-04-26 00:00:00+00:00
[2024-04-26T12:48:32.088+0000] {processor.py:183} INFO - Processing /home/airflow/.local/lib/python3.12/site-packages/airflow/example_dags/tutorial.py took 0.058 seconds
[2024-04-26T12:49:02.504+0000] {processor.py:161} INFO - Started process (PID=1728) to work on /home/airflow/.local/lib/python3.12/site-packages/airflow/example_dags/tutorial.py
[2024-04-26T12:49:02.505+0000] {processor.py:830} INFO - Processing file /home/airflow/.local/lib/python3.12/site-packages/airflow/example_dags/tutorial.py for tasks to queue
[2024-04-26T12:49:02.506+0000] {logging_mixin.py:188} INFO - [2024-04-26T12:49:02.506+0000] {dagbag.py:540} INFO - Filling up the DagBag from /home/airflow/.local/lib/python3.12/site-packages/airflow/example_dags/tutorial.py
[2024-04-26T12:49:02.511+0000] {processor.py:840} INFO - DAG(s) 'tutorial' retrieved from /home/airflow/.local/lib/python3.12/site-packages/airflow/example_dags/tutorial.py
[2024-04-26T12:49:02.527+0000] {logging_mixin.py:188} INFO - [2024-04-26T12:49:02.526+0000] {dag.py:3096} INFO - Sync 1 DAGs
[2024-04-26T12:49:02.543+0000] {logging_mixin.py:188} INFO - [2024-04-26T12:49:02.542+0000] {dag.py:3954} INFO - Setting next_dagrun for tutorial to 2024-04-25 00:00:00+00:00, run_after=2024-04-26 00:00:00+00:00
[2024-04-26T12:49:02.559+0000] {processor.py:183} INFO - Processing /home/airflow/.local/lib/python3.12/site-packages/airflow/example_dags/tutorial.py took 0.060 seconds
[2024-04-26T12:49:33.296+0000] {processor.py:161} INFO - Started process (PID=1830) to work on /home/airflow/.local/lib/python3.12/site-packages/airflow/example_dags/tutorial.py
[2024-04-26T12:49:33.297+0000] {processor.py:830} INFO - Processing file /home/airflow/.local/lib/python3.12/site-packages/airflow/example_dags/tutorial.py for tasks to queue
[2024-04-26T12:49:33.298+0000] {logging_mixin.py:188} INFO - [2024-04-26T12:49:33.298+0000] {dagbag.py:540} INFO - Filling up the DagBag from /home/airflow/.local/lib/python3.12/site-packages/airflow/example_dags/tutorial.py
[2024-04-26T12:49:33.304+0000] {processor.py:840} INFO - DAG(s) 'tutorial' retrieved from /home/airflow/.local/lib/python3.12/site-packages/airflow/example_dags/tutorial.py
[2024-04-26T12:49:33.323+0000] {logging_mixin.py:188} INFO - [2024-04-26T12:49:33.323+0000] {dag.py:3096} INFO - Sync 1 DAGs
[2024-04-26T12:49:33.342+0000] {logging_mixin.py:188} INFO - [2024-04-26T12:49:33.342+0000] {dag.py:3954} INFO - Setting next_dagrun for tutorial to 2024-04-25 00:00:00+00:00, run_after=2024-04-26 00:00:00+00:00
[2024-04-26T12:49:33.359+0000] {processor.py:183} INFO - Processing /home/airflow/.local/lib/python3.12/site-packages/airflow/example_dags/tutorial.py took 0.068 seconds
[2024-04-26T12:50:04.176+0000] {processor.py:161} INFO - Started process (PID=2062) to work on /home/airflow/.local/lib/python3.12/site-packages/airflow/example_dags/tutorial.py
[2024-04-26T12:50:04.177+0000] {processor.py:830} INFO - Processing file /home/airflow/.local/lib/python3.12/site-packages/airflow/example_dags/tutorial.py for tasks to queue
[2024-04-26T12:50:04.178+0000] {logging_mixin.py:188} INFO - [2024-04-26T12:50:04.178+0000] {dagbag.py:540} INFO - Filling up the DagBag from /home/airflow/.local/lib/python3.12/site-packages/airflow/example_dags/tutorial.py
[2024-04-26T12:50:04.183+0000] {processor.py:840} INFO - DAG(s) 'tutorial' retrieved from /home/airflow/.local/lib/python3.12/site-packages/airflow/example_dags/tutorial.py
[2024-04-26T12:50:04.199+0000] {logging_mixin.py:188} INFO - [2024-04-26T12:50:04.199+0000] {dag.py:3096} INFO - Sync 1 DAGs
[2024-04-26T12:50:04.215+0000] {logging_mixin.py:188} INFO - [2024-04-26T12:50:04.215+0000] {dag.py:3954} INFO - Setting next_dagrun for tutorial to 2024-04-25 00:00:00+00:00, run_after=2024-04-26 00:00:00+00:00
[2024-04-26T12:50:04.233+0000] {processor.py:183} INFO - Processing /home/airflow/.local/lib/python3.12/site-packages/airflow/example_dags/tutorial.py took 0.062 seconds
[2024-04-26T12:50:34.381+0000] {processor.py:161} INFO - Started process (PID=2342) to work on /home/airflow/.local/lib/python3.12/site-packages/airflow/example_dags/tutorial.py
[2024-04-26T12:50:34.382+0000] {processor.py:830} INFO - Processing file /home/airflow/.local/lib/python3.12/site-packages/airflow/example_dags/tutorial.py for tasks to queue
[2024-04-26T12:50:34.385+0000] {logging_mixin.py:188} INFO - [2024-04-26T12:50:34.384+0000] {dagbag.py:540} INFO - Filling up the DagBag from /home/airflow/.local/lib/python3.12/site-packages/airflow/example_dags/tutorial.py
[2024-04-26T12:50:34.391+0000] {processor.py:840} INFO - DAG(s) 'tutorial' retrieved from /home/airflow/.local/lib/python3.12/site-packages/airflow/example_dags/tutorial.py
[2024-04-26T12:50:34.413+0000] {logging_mixin.py:188} INFO - [2024-04-26T12:50:34.413+0000] {dag.py:3096} INFO - Sync 1 DAGs
[2024-04-26T12:50:34.435+0000] {logging_mixin.py:188} INFO - [2024-04-26T12:50:34.434+0000] {dag.py:3954} INFO - Setting next_dagrun for tutorial to 2024-04-25 00:00:00+00:00, run_after=2024-04-26 00:00:00+00:00
[2024-04-26T12:50:34.453+0000] {processor.py:183} INFO - Processing /home/airflow/.local/lib/python3.12/site-packages/airflow/example_dags/tutorial.py took 0.078 seconds
[2024-04-26T12:51:04.699+0000] {processor.py:161} INFO - Started process (PID=2586) to work on /home/airflow/.local/lib/python3.12/site-packages/airflow/example_dags/tutorial.py
[2024-04-26T12:51:04.700+0000] {processor.py:830} INFO - Processing file /home/airflow/.local/lib/python3.12/site-packages/airflow/example_dags/tutorial.py for tasks to queue
[2024-04-26T12:51:04.702+0000] {logging_mixin.py:188} INFO - [2024-04-26T12:51:04.702+0000] {dagbag.py:540} INFO - Filling up the DagBag from /home/airflow/.local/lib/python3.12/site-packages/airflow/example_dags/tutorial.py
[2024-04-26T12:51:04.708+0000] {processor.py:840} INFO - DAG(s) 'tutorial' retrieved from /home/airflow/.local/lib/python3.12/site-packages/airflow/example_dags/tutorial.py
[2024-04-26T12:51:04.731+0000] {logging_mixin.py:188} INFO - [2024-04-26T12:51:04.731+0000] {dag.py:3096} INFO - Sync 1 DAGs
[2024-04-26T12:51:04.757+0000] {logging_mixin.py:188} INFO - [2024-04-26T12:51:04.757+0000] {dag.py:3954} INFO - Setting next_dagrun for tutorial to 2024-04-25 00:00:00+00:00, run_after=2024-04-26 00:00:00+00:00
[2024-04-26T12:51:04.782+0000] {processor.py:183} INFO - Processing /home/airflow/.local/lib/python3.12/site-packages/airflow/example_dags/tutorial.py took 0.089 seconds
[2024-04-26T12:51:35.121+0000] {processor.py:161} INFO - Started process (PID=2822) to work on /home/airflow/.local/lib/python3.12/site-packages/airflow/example_dags/tutorial.py
[2024-04-26T12:51:35.122+0000] {processor.py:830} INFO - Processing file /home/airflow/.local/lib/python3.12/site-packages/airflow/example_dags/tutorial.py for tasks to queue
[2024-04-26T12:51:35.124+0000] {logging_mixin.py:188} INFO - [2024-04-26T12:51:35.123+0000] {dagbag.py:540} INFO - Filling up the DagBag from /home/airflow/.local/lib/python3.12/site-packages/airflow/example_dags/tutorial.py
[2024-04-26T12:51:35.129+0000] {processor.py:840} INFO - DAG(s) 'tutorial' retrieved from /home/airflow/.local/lib/python3.12/site-packages/airflow/example_dags/tutorial.py
[2024-04-26T12:51:35.147+0000] {logging_mixin.py:188} INFO - [2024-04-26T12:51:35.147+0000] {dag.py:3096} INFO - Sync 1 DAGs
[2024-04-26T12:51:35.168+0000] {logging_mixin.py:188} INFO - [2024-04-26T12:51:35.168+0000] {dag.py:3954} INFO - Setting next_dagrun for tutorial to 2024-04-25 00:00:00+00:00, run_after=2024-04-26 00:00:00+00:00
[2024-04-26T12:51:35.185+0000] {processor.py:183} INFO - Processing /home/airflow/.local/lib/python3.12/site-packages/airflow/example_dags/tutorial.py took 0.070 seconds
[2024-04-26T12:52:05.484+0000] {processor.py:161} INFO - Started process (PID=3066) to work on /home/airflow/.local/lib/python3.12/site-packages/airflow/example_dags/tutorial.py
[2024-04-26T12:52:05.485+0000] {processor.py:830} INFO - Processing file /home/airflow/.local/lib/python3.12/site-packages/airflow/example_dags/tutorial.py for tasks to queue
[2024-04-26T12:52:05.487+0000] {logging_mixin.py:188} INFO - [2024-04-26T12:52:05.487+0000] {dagbag.py:540} INFO - Filling up the DagBag from /home/airflow/.local/lib/python3.12/site-packages/airflow/example_dags/tutorial.py
[2024-04-26T12:52:05.492+0000] {processor.py:840} INFO - DAG(s) 'tutorial' retrieved from /home/airflow/.local/lib/python3.12/site-packages/airflow/example_dags/tutorial.py
[2024-04-26T12:52:05.510+0000] {logging_mixin.py:188} INFO - [2024-04-26T12:52:05.510+0000] {dag.py:3096} INFO - Sync 1 DAGs
[2024-04-26T12:52:05.529+0000] {logging_mixin.py:188} INFO - [2024-04-26T12:52:05.529+0000] {dag.py:3954} INFO - Setting next_dagrun for tutorial to 2024-04-25 00:00:00+00:00, run_after=2024-04-26 00:00:00+00:00
[2024-04-26T12:52:05.548+0000] {processor.py:183} INFO - Processing /home/airflow/.local/lib/python3.12/site-packages/airflow/example_dags/tutorial.py took 0.070 seconds
[2024-04-26T12:52:36.529+0000] {processor.py:161} INFO - Started process (PID=3326) to work on /home/airflow/.local/lib/python3.12/site-packages/airflow/example_dags/tutorial.py
[2024-04-26T12:52:36.530+0000] {processor.py:830} INFO - Processing file /home/airflow/.local/lib/python3.12/site-packages/airflow/example_dags/tutorial.py for tasks to queue
[2024-04-26T12:52:36.532+0000] {logging_mixin.py:188} INFO - [2024-04-26T12:52:36.532+0000] {dagbag.py:540} INFO - Filling up the DagBag from /home/airflow/.local/lib/python3.12/site-packages/airflow/example_dags/tutorial.py
[2024-04-26T12:52:36.537+0000] {processor.py:840} INFO - DAG(s) 'tutorial' retrieved from /home/airflow/.local/lib/python3.12/site-packages/airflow/example_dags/tutorial.py
[2024-04-26T12:52:36.555+0000] {logging_mixin.py:188} INFO - [2024-04-26T12:52:36.555+0000] {dag.py:3096} INFO - Sync 1 DAGs
[2024-04-26T12:52:36.577+0000] {logging_mixin.py:188} INFO - [2024-04-26T12:52:36.577+0000] {dag.py:3954} INFO - Setting next_dagrun for tutorial to 2024-04-25 00:00:00+00:00, run_after=2024-04-26 00:00:00+00:00
[2024-04-26T12:52:36.596+0000] {processor.py:183} INFO - Processing /home/airflow/.local/lib/python3.12/site-packages/airflow/example_dags/tutorial.py took 0.071 seconds
[2024-04-26T12:53:07.044+0000] {processor.py:161} INFO - Started process (PID=3578) to work on /home/airflow/.local/lib/python3.12/site-packages/airflow/example_dags/tutorial.py
[2024-04-26T12:53:07.045+0000] {processor.py:830} INFO - Processing file /home/airflow/.local/lib/python3.12/site-packages/airflow/example_dags/tutorial.py for tasks to queue
[2024-04-26T12:53:07.047+0000] {logging_mixin.py:188} INFO - [2024-04-26T12:53:07.047+0000] {dagbag.py:540} INFO - Filling up the DagBag from /home/airflow/.local/lib/python3.12/site-packages/airflow/example_dags/tutorial.py
[2024-04-26T12:53:07.052+0000] {processor.py:840} INFO - DAG(s) 'tutorial' retrieved from /home/airflow/.local/lib/python3.12/site-packages/airflow/example_dags/tutorial.py
[2024-04-26T12:53:07.069+0000] {logging_mixin.py:188} INFO - [2024-04-26T12:53:07.069+0000] {dag.py:3096} INFO - Sync 1 DAGs
[2024-04-26T12:53:07.089+0000] {logging_mixin.py:188} INFO - [2024-04-26T12:53:07.088+0000] {dag.py:3954} INFO - Setting next_dagrun for tutorial to 2024-04-25 00:00:00+00:00, run_after=2024-04-26 00:00:00+00:00
[2024-04-26T12:53:07.106+0000] {processor.py:183} INFO - Processing /home/airflow/.local/lib/python3.12/site-packages/airflow/example_dags/tutorial.py took 0.066 seconds
[2024-04-26T12:53:38.040+0000] {processor.py:161} INFO - Started process (PID=3806) to work on /home/airflow/.local/lib/python3.12/site-packages/airflow/example_dags/tutorial.py
[2024-04-26T12:53:38.040+0000] {processor.py:830} INFO - Processing file /home/airflow/.local/lib/python3.12/site-packages/airflow/example_dags/tutorial.py for tasks to queue
[2024-04-26T12:53:38.042+0000] {logging_mixin.py:188} INFO - [2024-04-26T12:53:38.042+0000] {dagbag.py:540} INFO - Filling up the DagBag from /home/airflow/.local/lib/python3.12/site-packages/airflow/example_dags/tutorial.py
[2024-04-26T12:53:38.047+0000] {processor.py:840} INFO - DAG(s) 'tutorial' retrieved from /home/airflow/.local/lib/python3.12/site-packages/airflow/example_dags/tutorial.py
[2024-04-26T12:53:38.062+0000] {logging_mixin.py:188} INFO - [2024-04-26T12:53:38.062+0000] {dag.py:3096} INFO - Sync 1 DAGs
[2024-04-26T12:53:38.080+0000] {logging_mixin.py:188} INFO - [2024-04-26T12:53:38.080+0000] {dag.py:3954} INFO - Setting next_dagrun for tutorial to 2024-04-25 00:00:00+00:00, run_after=2024-04-26 00:00:00+00:00
[2024-04-26T12:53:38.094+0000] {processor.py:183} INFO - Processing /home/airflow/.local/lib/python3.12/site-packages/airflow/example_dags/tutorial.py took 0.059 seconds
[2024-04-26T12:54:08.455+0000] {processor.py:161} INFO - Started process (PID=3870) to work on /home/airflow/.local/lib/python3.12/site-packages/airflow/example_dags/tutorial.py
[2024-04-26T12:54:08.456+0000] {processor.py:830} INFO - Processing file /home/airflow/.local/lib/python3.12/site-packages/airflow/example_dags/tutorial.py for tasks to queue
[2024-04-26T12:54:08.458+0000] {logging_mixin.py:188} INFO - [2024-04-26T12:54:08.457+0000] {dagbag.py:540} INFO - Filling up the DagBag from /home/airflow/.local/lib/python3.12/site-packages/airflow/example_dags/tutorial.py
[2024-04-26T12:54:08.463+0000] {processor.py:840} INFO - DAG(s) 'tutorial' retrieved from /home/airflow/.local/lib/python3.12/site-packages/airflow/example_dags/tutorial.py
[2024-04-26T12:54:08.479+0000] {logging_mixin.py:188} INFO - [2024-04-26T12:54:08.478+0000] {dag.py:3096} INFO - Sync 1 DAGs
[2024-04-26T12:54:08.498+0000] {logging_mixin.py:188} INFO - [2024-04-26T12:54:08.497+0000] {dag.py:3954} INFO - Setting next_dagrun for tutorial to 2024-04-25 00:00:00+00:00, run_after=2024-04-26 00:00:00+00:00
[2024-04-26T12:54:08.514+0000] {processor.py:183} INFO - Processing /home/airflow/.local/lib/python3.12/site-packages/airflow/example_dags/tutorial.py took 0.063 seconds
[2024-04-26T12:54:38.742+0000] {processor.py:161} INFO - Started process (PID=3930) to work on /home/airflow/.local/lib/python3.12/site-packages/airflow/example_dags/tutorial.py
[2024-04-26T12:54:38.743+0000] {processor.py:830} INFO - Processing file /home/airflow/.local/lib/python3.12/site-packages/airflow/example_dags/tutorial.py for tasks to queue
[2024-04-26T12:54:38.745+0000] {logging_mixin.py:188} INFO - [2024-04-26T12:54:38.744+0000] {dagbag.py:540} INFO - Filling up the DagBag from /home/airflow/.local/lib/python3.12/site-packages/airflow/example_dags/tutorial.py
[2024-04-26T12:54:38.749+0000] {processor.py:840} INFO - DAG(s) 'tutorial' retrieved from /home/airflow/.local/lib/python3.12/site-packages/airflow/example_dags/tutorial.py
[2024-04-26T12:54:38.765+0000] {logging_mixin.py:188} INFO - [2024-04-26T12:54:38.765+0000] {dag.py:3096} INFO - Sync 1 DAGs
[2024-04-26T12:54:38.783+0000] {logging_mixin.py:188} INFO - [2024-04-26T12:54:38.783+0000] {dag.py:3954} INFO - Setting next_dagrun for tutorial to 2024-04-25 00:00:00+00:00, run_after=2024-04-26 00:00:00+00:00
[2024-04-26T12:54:38.798+0000] {processor.py:183} INFO - Processing /home/airflow/.local/lib/python3.12/site-packages/airflow/example_dags/tutorial.py took 0.061 seconds
[2024-04-26T12:55:09.310+0000] {processor.py:161} INFO - Started process (PID=3990) to work on /home/airflow/.local/lib/python3.12/site-packages/airflow/example_dags/tutorial.py
[2024-04-26T12:55:09.311+0000] {processor.py:830} INFO - Processing file /home/airflow/.local/lib/python3.12/site-packages/airflow/example_dags/tutorial.py for tasks to queue
[2024-04-26T12:55:09.313+0000] {logging_mixin.py:188} INFO - [2024-04-26T12:55:09.313+0000] {dagbag.py:540} INFO - Filling up the DagBag from /home/airflow/.local/lib/python3.12/site-packages/airflow/example_dags/tutorial.py
[2024-04-26T12:55:09.318+0000] {processor.py:840} INFO - DAG(s) 'tutorial' retrieved from /home/airflow/.local/lib/python3.12/site-packages/airflow/example_dags/tutorial.py
[2024-04-26T12:55:09.335+0000] {logging_mixin.py:188} INFO - [2024-04-26T12:55:09.334+0000] {dag.py:3096} INFO - Sync 1 DAGs
[2024-04-26T12:55:09.354+0000] {logging_mixin.py:188} INFO - [2024-04-26T12:55:09.354+0000] {dag.py:3954} INFO - Setting next_dagrun for tutorial to 2024-04-25 00:00:00+00:00, run_after=2024-04-26 00:00:00+00:00
[2024-04-26T12:55:09.371+0000] {processor.py:183} INFO - Processing /home/airflow/.local/lib/python3.12/site-packages/airflow/example_dags/tutorial.py took 0.065 seconds
[2024-04-26T12:55:39.804+0000] {processor.py:161} INFO - Started process (PID=4050) to work on /home/airflow/.local/lib/python3.12/site-packages/airflow/example_dags/tutorial.py
[2024-04-26T12:55:39.805+0000] {processor.py:830} INFO - Processing file /home/airflow/.local/lib/python3.12/site-packages/airflow/example_dags/tutorial.py for tasks to queue
[2024-04-26T12:55:39.806+0000] {logging_mixin.py:188} INFO - [2024-04-26T12:55:39.806+0000] {dagbag.py:540} INFO - Filling up the DagBag from /home/airflow/.local/lib/python3.12/site-packages/airflow/example_dags/tutorial.py
[2024-04-26T12:55:39.812+0000] {processor.py:840} INFO - DAG(s) 'tutorial' retrieved from /home/airflow/.local/lib/python3.12/site-packages/airflow/example_dags/tutorial.py
[2024-04-26T12:55:39.828+0000] {logging_mixin.py:188} INFO - [2024-04-26T12:55:39.828+0000] {dag.py:3096} INFO - Sync 1 DAGs
[2024-04-26T12:55:39.847+0000] {logging_mixin.py:188} INFO - [2024-04-26T12:55:39.846+0000] {dag.py:3954} INFO - Setting next_dagrun for tutorial to 2024-04-25 00:00:00+00:00, run_after=2024-04-26 00:00:00+00:00
[2024-04-26T12:55:39.866+0000] {processor.py:183} INFO - Processing /home/airflow/.local/lib/python3.12/site-packages/airflow/example_dags/tutorial.py took 0.066 seconds
[2024-04-26T12:56:10.237+0000] {processor.py:161} INFO - Started process (PID=4114) to work on /home/airflow/.local/lib/python3.12/site-packages/airflow/example_dags/tutorial.py
[2024-04-26T12:56:10.238+0000] {processor.py:830} INFO - Processing file /home/airflow/.local/lib/python3.12/site-packages/airflow/example_dags/tutorial.py for tasks to queue
[2024-04-26T12:56:10.240+0000] {logging_mixin.py:188} INFO - [2024-04-26T12:56:10.240+0000] {dagbag.py:540} INFO - Filling up the DagBag from /home/airflow/.local/lib/python3.12/site-packages/airflow/example_dags/tutorial.py
[2024-04-26T12:56:10.245+0000] {processor.py:840} INFO - DAG(s) 'tutorial' retrieved from /home/airflow/.local/lib/python3.12/site-packages/airflow/example_dags/tutorial.py
[2024-04-26T12:56:10.261+0000] {logging_mixin.py:188} INFO - [2024-04-26T12:56:10.261+0000] {dag.py:3096} INFO - Sync 1 DAGs
[2024-04-26T12:56:10.279+0000] {logging_mixin.py:188} INFO - [2024-04-26T12:56:10.279+0000] {dag.py:3954} INFO - Setting next_dagrun for tutorial to 2024-04-25 00:00:00+00:00, run_after=2024-04-26 00:00:00+00:00
[2024-04-26T12:56:10.293+0000] {processor.py:183} INFO - Processing /home/airflow/.local/lib/python3.12/site-packages/airflow/example_dags/tutorial.py took 0.060 seconds
[2024-04-26T12:56:40.647+0000] {processor.py:161} INFO - Started process (PID=4174) to work on /home/airflow/.local/lib/python3.12/site-packages/airflow/example_dags/tutorial.py
[2024-04-26T12:56:40.648+0000] {processor.py:830} INFO - Processing file /home/airflow/.local/lib/python3.12/site-packages/airflow/example_dags/tutorial.py for tasks to queue
[2024-04-26T12:56:40.649+0000] {logging_mixin.py:188} INFO - [2024-04-26T12:56:40.649+0000] {dagbag.py:540} INFO - Filling up the DagBag from /home/airflow/.local/lib/python3.12/site-packages/airflow/example_dags/tutorial.py
[2024-04-26T12:56:40.654+0000] {processor.py:840} INFO - DAG(s) 'tutorial' retrieved from /home/airflow/.local/lib/python3.12/site-packages/airflow/example_dags/tutorial.py
[2024-04-26T12:56:40.670+0000] {logging_mixin.py:188} INFO - [2024-04-26T12:56:40.669+0000] {dag.py:3096} INFO - Sync 1 DAGs
[2024-04-26T12:56:40.688+0000] {logging_mixin.py:188} INFO - [2024-04-26T12:56:40.688+0000] {dag.py:3954} INFO - Setting next_dagrun for tutorial to 2024-04-25 00:00:00+00:00, run_after=2024-04-26 00:00:00+00:00
[2024-04-26T12:56:40.703+0000] {processor.py:183} INFO - Processing /home/airflow/.local/lib/python3.12/site-packages/airflow/example_dags/tutorial.py took 0.061 seconds
[2024-04-26T12:57:11.125+0000] {processor.py:161} INFO - Started process (PID=4234) to work on /home/airflow/.local/lib/python3.12/site-packages/airflow/example_dags/tutorial.py
[2024-04-26T12:57:11.126+0000] {processor.py:830} INFO - Processing file /home/airflow/.local/lib/python3.12/site-packages/airflow/example_dags/tutorial.py for tasks to queue
[2024-04-26T12:57:11.127+0000] {logging_mixin.py:188} INFO - [2024-04-26T12:57:11.127+0000] {dagbag.py:540} INFO - Filling up the DagBag from /home/airflow/.local/lib/python3.12/site-packages/airflow/example_dags/tutorial.py
[2024-04-26T12:57:11.132+0000] {processor.py:840} INFO - DAG(s) 'tutorial' retrieved from /home/airflow/.local/lib/python3.12/site-packages/airflow/example_dags/tutorial.py
[2024-04-26T12:57:11.150+0000] {logging_mixin.py:188} INFO - [2024-04-26T12:57:11.149+0000] {dag.py:3096} INFO - Sync 1 DAGs
[2024-04-26T12:57:11.166+0000] {logging_mixin.py:188} INFO - [2024-04-26T12:57:11.166+0000] {dag.py:3954} INFO - Setting next_dagrun for tutorial to 2024-04-25 00:00:00+00:00, run_after=2024-04-26 00:00:00+00:00
[2024-04-26T12:57:11.183+0000] {processor.py:183} INFO - Processing /home/airflow/.local/lib/python3.12/site-packages/airflow/example_dags/tutorial.py took 0.062 seconds
[2024-04-26T12:57:41.462+0000] {processor.py:161} INFO - Started process (PID=4294) to work on /home/airflow/.local/lib/python3.12/site-packages/airflow/example_dags/tutorial.py
[2024-04-26T12:57:41.463+0000] {processor.py:830} INFO - Processing file /home/airflow/.local/lib/python3.12/site-packages/airflow/example_dags/tutorial.py for tasks to queue
[2024-04-26T12:57:41.465+0000] {logging_mixin.py:188} INFO - [2024-04-26T12:57:41.464+0000] {dagbag.py:540} INFO - Filling up the DagBag from /home/airflow/.local/lib/python3.12/site-packages/airflow/example_dags/tutorial.py
[2024-04-26T12:57:41.470+0000] {processor.py:840} INFO - DAG(s) 'tutorial' retrieved from /home/airflow/.local/lib/python3.12/site-packages/airflow/example_dags/tutorial.py
[2024-04-26T12:57:41.487+0000] {logging_mixin.py:188} INFO - [2024-04-26T12:57:41.487+0000] {dag.py:3096} INFO - Sync 1 DAGs
[2024-04-26T12:57:41.503+0000] {logging_mixin.py:188} INFO - [2024-04-26T12:57:41.503+0000] {dag.py:3954} INFO - Setting next_dagrun for tutorial to 2024-04-25 00:00:00+00:00, run_after=2024-04-26 00:00:00+00:00
[2024-04-26T12:57:41.519+0000] {processor.py:183} INFO - Processing /home/airflow/.local/lib/python3.12/site-packages/airflow/example_dags/tutorial.py took 0.061 seconds
[2024-04-26T12:58:11.797+0000] {processor.py:161} INFO - Started process (PID=4358) to work on /home/airflow/.local/lib/python3.12/site-packages/airflow/example_dags/tutorial.py
[2024-04-26T12:58:11.798+0000] {processor.py:830} INFO - Processing file /home/airflow/.local/lib/python3.12/site-packages/airflow/example_dags/tutorial.py for tasks to queue
[2024-04-26T12:58:11.799+0000] {logging_mixin.py:188} INFO - [2024-04-26T12:58:11.799+0000] {dagbag.py:540} INFO - Filling up the DagBag from /home/airflow/.local/lib/python3.12/site-packages/airflow/example_dags/tutorial.py
[2024-04-26T12:58:11.804+0000] {processor.py:840} INFO - DAG(s) 'tutorial' retrieved from /home/airflow/.local/lib/python3.12/site-packages/airflow/example_dags/tutorial.py
[2024-04-26T12:58:11.821+0000] {logging_mixin.py:188} INFO - [2024-04-26T12:58:11.821+0000] {dag.py:3096} INFO - Sync 1 DAGs
[2024-04-26T12:58:11.840+0000] {logging_mixin.py:188} INFO - [2024-04-26T12:58:11.839+0000] {dag.py:3954} INFO - Setting next_dagrun for tutorial to 2024-04-25 00:00:00+00:00, run_after=2024-04-26 00:00:00+00:00
[2024-04-26T12:58:11.854+0000] {processor.py:183} INFO - Processing /home/airflow/.local/lib/python3.12/site-packages/airflow/example_dags/tutorial.py took 0.062 seconds
