[2024-04-26T12:34:43.665+0000] {processor.py:161} INFO - Started process (PID=49) to work on /home/airflow/.local/lib/python3.12/site-packages/airflow/example_dags/tutorial_dag.py
[2024-04-26T12:34:43.666+0000] {processor.py:830} INFO - Processing file /home/airflow/.local/lib/python3.12/site-packages/airflow/example_dags/tutorial_dag.py for tasks to queue
[2024-04-26T12:34:43.667+0000] {logging_mixin.py:188} INFO - [2024-04-26T12:34:43.667+0000] {dagbag.py:540} INFO - Filling up the DagBag from /home/airflow/.local/lib/python3.12/site-packages/airflow/example_dags/tutorial_dag.py
[2024-04-26T12:34:43.675+0000] {processor.py:840} INFO - DAG(s) 'tutorial_dag' retrieved from /home/airflow/.local/lib/python3.12/site-packages/airflow/example_dags/tutorial_dag.py
[2024-04-26T12:34:43.779+0000] {logging_mixin.py:188} INFO - [2024-04-26T12:34:43.778+0000] {override.py:1829} INFO - Created Permission View: can delete on DAG:tutorial_dag
[2024-04-26T12:34:43.788+0000] {logging_mixin.py:188} INFO - [2024-04-26T12:34:43.788+0000] {override.py:1829} INFO - Created Permission View: can edit on DAG:tutorial_dag
[2024-04-26T12:34:43.795+0000] {logging_mixin.py:188} INFO - [2024-04-26T12:34:43.795+0000] {override.py:1829} INFO - Created Permission View: can read on DAG:tutorial_dag
[2024-04-26T12:34:43.796+0000] {logging_mixin.py:188} INFO - [2024-04-26T12:34:43.796+0000] {dag.py:3096} INFO - Sync 1 DAGs
[2024-04-26T12:34:43.806+0000] {logging_mixin.py:188} INFO - [2024-04-26T12:34:43.806+0000] {dag.py:3118} INFO - Creating ORM DAG for tutorial_dag
[2024-04-26T12:34:43.807+0000] {logging_mixin.py:188} INFO - [2024-04-26T12:34:43.807+0000] {dag.py:3954} INFO - Setting next_dagrun for tutorial_dag to None, run_after=None
[2024-04-26T12:34:43.822+0000] {processor.py:183} INFO - Processing /home/airflow/.local/lib/python3.12/site-packages/airflow/example_dags/tutorial_dag.py took 0.162 seconds
[2024-04-26T12:35:14.102+0000] {processor.py:161} INFO - Started process (PID=107) to work on /home/airflow/.local/lib/python3.12/site-packages/airflow/example_dags/tutorial_dag.py
[2024-04-26T12:35:14.103+0000] {processor.py:830} INFO - Processing file /home/airflow/.local/lib/python3.12/site-packages/airflow/example_dags/tutorial_dag.py for tasks to queue
[2024-04-26T12:35:14.105+0000] {logging_mixin.py:188} INFO - [2024-04-26T12:35:14.104+0000] {dagbag.py:540} INFO - Filling up the DagBag from /home/airflow/.local/lib/python3.12/site-packages/airflow/example_dags/tutorial_dag.py
[2024-04-26T12:35:14.108+0000] {processor.py:840} INFO - DAG(s) 'tutorial_dag' retrieved from /home/airflow/.local/lib/python3.12/site-packages/airflow/example_dags/tutorial_dag.py
[2024-04-26T12:35:14.124+0000] {logging_mixin.py:188} INFO - [2024-04-26T12:35:14.124+0000] {dag.py:3096} INFO - Sync 1 DAGs
[2024-04-26T12:35:14.134+0000] {logging_mixin.py:188} INFO - [2024-04-26T12:35:14.134+0000] {dag.py:3954} INFO - Setting next_dagrun for tutorial_dag to None, run_after=None
[2024-04-26T12:35:14.151+0000] {processor.py:183} INFO - Processing /home/airflow/.local/lib/python3.12/site-packages/airflow/example_dags/tutorial_dag.py took 0.053 seconds
[2024-04-26T12:35:44.223+0000] {processor.py:161} INFO - Started process (PID=165) to work on /home/airflow/.local/lib/python3.12/site-packages/airflow/example_dags/tutorial_dag.py
[2024-04-26T12:35:44.224+0000] {processor.py:830} INFO - Processing file /home/airflow/.local/lib/python3.12/site-packages/airflow/example_dags/tutorial_dag.py for tasks to queue
[2024-04-26T12:35:44.225+0000] {logging_mixin.py:188} INFO - [2024-04-26T12:35:44.225+0000] {dagbag.py:540} INFO - Filling up the DagBag from /home/airflow/.local/lib/python3.12/site-packages/airflow/example_dags/tutorial_dag.py
[2024-04-26T12:35:44.229+0000] {processor.py:840} INFO - DAG(s) 'tutorial_dag' retrieved from /home/airflow/.local/lib/python3.12/site-packages/airflow/example_dags/tutorial_dag.py
[2024-04-26T12:35:44.246+0000] {logging_mixin.py:188} INFO - [2024-04-26T12:35:44.246+0000] {dag.py:3096} INFO - Sync 1 DAGs
[2024-04-26T12:35:44.257+0000] {logging_mixin.py:188} INFO - [2024-04-26T12:35:44.257+0000] {dag.py:3954} INFO - Setting next_dagrun for tutorial_dag to None, run_after=None
[2024-04-26T12:35:44.274+0000] {processor.py:183} INFO - Processing /home/airflow/.local/lib/python3.12/site-packages/airflow/example_dags/tutorial_dag.py took 0.055 seconds
[2024-04-26T12:36:15.147+0000] {processor.py:161} INFO - Started process (PID=223) to work on /home/airflow/.local/lib/python3.12/site-packages/airflow/example_dags/tutorial_dag.py
[2024-04-26T12:36:15.148+0000] {processor.py:830} INFO - Processing file /home/airflow/.local/lib/python3.12/site-packages/airflow/example_dags/tutorial_dag.py for tasks to queue
[2024-04-26T12:36:15.149+0000] {logging_mixin.py:188} INFO - [2024-04-26T12:36:15.149+0000] {dagbag.py:540} INFO - Filling up the DagBag from /home/airflow/.local/lib/python3.12/site-packages/airflow/example_dags/tutorial_dag.py
[2024-04-26T12:36:15.153+0000] {processor.py:840} INFO - DAG(s) 'tutorial_dag' retrieved from /home/airflow/.local/lib/python3.12/site-packages/airflow/example_dags/tutorial_dag.py
[2024-04-26T12:36:15.168+0000] {logging_mixin.py:188} INFO - [2024-04-26T12:36:15.168+0000] {dag.py:3096} INFO - Sync 1 DAGs
[2024-04-26T12:36:15.178+0000] {logging_mixin.py:188} INFO - [2024-04-26T12:36:15.178+0000] {dag.py:3954} INFO - Setting next_dagrun for tutorial_dag to None, run_after=None
[2024-04-26T12:36:15.191+0000] {processor.py:183} INFO - Processing /home/airflow/.local/lib/python3.12/site-packages/airflow/example_dags/tutorial_dag.py took 0.049 seconds
[2024-04-26T12:36:45.540+0000] {processor.py:161} INFO - Started process (PID=281) to work on /home/airflow/.local/lib/python3.12/site-packages/airflow/example_dags/tutorial_dag.py
[2024-04-26T12:36:45.541+0000] {processor.py:830} INFO - Processing file /home/airflow/.local/lib/python3.12/site-packages/airflow/example_dags/tutorial_dag.py for tasks to queue
[2024-04-26T12:36:45.542+0000] {logging_mixin.py:188} INFO - [2024-04-26T12:36:45.542+0000] {dagbag.py:540} INFO - Filling up the DagBag from /home/airflow/.local/lib/python3.12/site-packages/airflow/example_dags/tutorial_dag.py
[2024-04-26T12:36:45.547+0000] {processor.py:840} INFO - DAG(s) 'tutorial_dag' retrieved from /home/airflow/.local/lib/python3.12/site-packages/airflow/example_dags/tutorial_dag.py
[2024-04-26T12:36:45.562+0000] {logging_mixin.py:188} INFO - [2024-04-26T12:36:45.562+0000] {dag.py:3096} INFO - Sync 1 DAGs
[2024-04-26T12:36:45.572+0000] {logging_mixin.py:188} INFO - [2024-04-26T12:36:45.572+0000] {dag.py:3954} INFO - Setting next_dagrun for tutorial_dag to None, run_after=None
[2024-04-26T12:36:45.586+0000] {processor.py:183} INFO - Processing /home/airflow/.local/lib/python3.12/site-packages/airflow/example_dags/tutorial_dag.py took 0.050 seconds
[2024-04-26T12:37:15.924+0000] {processor.py:161} INFO - Started process (PID=339) to work on /home/airflow/.local/lib/python3.12/site-packages/airflow/example_dags/tutorial_dag.py
[2024-04-26T12:37:15.924+0000] {processor.py:830} INFO - Processing file /home/airflow/.local/lib/python3.12/site-packages/airflow/example_dags/tutorial_dag.py for tasks to queue
[2024-04-26T12:37:15.926+0000] {logging_mixin.py:188} INFO - [2024-04-26T12:37:15.926+0000] {dagbag.py:540} INFO - Filling up the DagBag from /home/airflow/.local/lib/python3.12/site-packages/airflow/example_dags/tutorial_dag.py
[2024-04-26T12:37:15.931+0000] {processor.py:840} INFO - DAG(s) 'tutorial_dag' retrieved from /home/airflow/.local/lib/python3.12/site-packages/airflow/example_dags/tutorial_dag.py
[2024-04-26T12:37:15.948+0000] {logging_mixin.py:188} INFO - [2024-04-26T12:37:15.947+0000] {dag.py:3096} INFO - Sync 1 DAGs
[2024-04-26T12:37:15.957+0000] {logging_mixin.py:188} INFO - [2024-04-26T12:37:15.957+0000] {dag.py:3954} INFO - Setting next_dagrun for tutorial_dag to None, run_after=None
[2024-04-26T12:37:15.973+0000] {processor.py:183} INFO - Processing /home/airflow/.local/lib/python3.12/site-packages/airflow/example_dags/tutorial_dag.py took 0.054 seconds
[2024-04-26T12:37:46.340+0000] {processor.py:161} INFO - Started process (PID=397) to work on /home/airflow/.local/lib/python3.12/site-packages/airflow/example_dags/tutorial_dag.py
[2024-04-26T12:37:46.341+0000] {processor.py:830} INFO - Processing file /home/airflow/.local/lib/python3.12/site-packages/airflow/example_dags/tutorial_dag.py for tasks to queue
[2024-04-26T12:37:46.343+0000] {logging_mixin.py:188} INFO - [2024-04-26T12:37:46.342+0000] {dagbag.py:540} INFO - Filling up the DagBag from /home/airflow/.local/lib/python3.12/site-packages/airflow/example_dags/tutorial_dag.py
[2024-04-26T12:37:46.347+0000] {processor.py:840} INFO - DAG(s) 'tutorial_dag' retrieved from /home/airflow/.local/lib/python3.12/site-packages/airflow/example_dags/tutorial_dag.py
[2024-04-26T12:37:46.362+0000] {logging_mixin.py:188} INFO - [2024-04-26T12:37:46.362+0000] {dag.py:3096} INFO - Sync 1 DAGs
[2024-04-26T12:37:46.371+0000] {logging_mixin.py:188} INFO - [2024-04-26T12:37:46.371+0000] {dag.py:3954} INFO - Setting next_dagrun for tutorial_dag to None, run_after=None
[2024-04-26T12:37:46.386+0000] {processor.py:183} INFO - Processing /home/airflow/.local/lib/python3.12/site-packages/airflow/example_dags/tutorial_dag.py took 0.050 seconds
[2024-04-26T12:38:16.798+0000] {processor.py:161} INFO - Started process (PID=455) to work on /home/airflow/.local/lib/python3.12/site-packages/airflow/example_dags/tutorial_dag.py
[2024-04-26T12:38:16.799+0000] {processor.py:830} INFO - Processing file /home/airflow/.local/lib/python3.12/site-packages/airflow/example_dags/tutorial_dag.py for tasks to queue
[2024-04-26T12:38:16.801+0000] {logging_mixin.py:188} INFO - [2024-04-26T12:38:16.800+0000] {dagbag.py:540} INFO - Filling up the DagBag from /home/airflow/.local/lib/python3.12/site-packages/airflow/example_dags/tutorial_dag.py
[2024-04-26T12:38:16.805+0000] {processor.py:840} INFO - DAG(s) 'tutorial_dag' retrieved from /home/airflow/.local/lib/python3.12/site-packages/airflow/example_dags/tutorial_dag.py
[2024-04-26T12:38:16.820+0000] {logging_mixin.py:188} INFO - [2024-04-26T12:38:16.820+0000] {dag.py:3096} INFO - Sync 1 DAGs
[2024-04-26T12:38:16.830+0000] {logging_mixin.py:188} INFO - [2024-04-26T12:38:16.830+0000] {dag.py:3954} INFO - Setting next_dagrun for tutorial_dag to None, run_after=None
[2024-04-26T12:38:16.845+0000] {processor.py:183} INFO - Processing /home/airflow/.local/lib/python3.12/site-packages/airflow/example_dags/tutorial_dag.py took 0.051 seconds
[2024-04-26T12:38:47.152+0000] {processor.py:161} INFO - Started process (PID=513) to work on /home/airflow/.local/lib/python3.12/site-packages/airflow/example_dags/tutorial_dag.py
[2024-04-26T12:38:47.153+0000] {processor.py:830} INFO - Processing file /home/airflow/.local/lib/python3.12/site-packages/airflow/example_dags/tutorial_dag.py for tasks to queue
[2024-04-26T12:38:47.154+0000] {logging_mixin.py:188} INFO - [2024-04-26T12:38:47.154+0000] {dagbag.py:540} INFO - Filling up the DagBag from /home/airflow/.local/lib/python3.12/site-packages/airflow/example_dags/tutorial_dag.py
[2024-04-26T12:38:47.158+0000] {processor.py:840} INFO - DAG(s) 'tutorial_dag' retrieved from /home/airflow/.local/lib/python3.12/site-packages/airflow/example_dags/tutorial_dag.py
[2024-04-26T12:38:47.175+0000] {logging_mixin.py:188} INFO - [2024-04-26T12:38:47.175+0000] {dag.py:3096} INFO - Sync 1 DAGs
[2024-04-26T12:38:47.186+0000] {logging_mixin.py:188} INFO - [2024-04-26T12:38:47.186+0000] {dag.py:3954} INFO - Setting next_dagrun for tutorial_dag to None, run_after=None
[2024-04-26T12:38:47.202+0000] {processor.py:183} INFO - Processing /home/airflow/.local/lib/python3.12/site-packages/airflow/example_dags/tutorial_dag.py took 0.055 seconds
[2024-04-26T12:39:17.601+0000] {processor.py:161} INFO - Started process (PID=571) to work on /home/airflow/.local/lib/python3.12/site-packages/airflow/example_dags/tutorial_dag.py
[2024-04-26T12:39:17.602+0000] {processor.py:830} INFO - Processing file /home/airflow/.local/lib/python3.12/site-packages/airflow/example_dags/tutorial_dag.py for tasks to queue
[2024-04-26T12:39:17.603+0000] {logging_mixin.py:188} INFO - [2024-04-26T12:39:17.603+0000] {dagbag.py:540} INFO - Filling up the DagBag from /home/airflow/.local/lib/python3.12/site-packages/airflow/example_dags/tutorial_dag.py
[2024-04-26T12:39:17.608+0000] {processor.py:840} INFO - DAG(s) 'tutorial_dag' retrieved from /home/airflow/.local/lib/python3.12/site-packages/airflow/example_dags/tutorial_dag.py
[2024-04-26T12:39:17.624+0000] {logging_mixin.py:188} INFO - [2024-04-26T12:39:17.623+0000] {dag.py:3096} INFO - Sync 1 DAGs
[2024-04-26T12:39:17.634+0000] {logging_mixin.py:188} INFO - [2024-04-26T12:39:17.633+0000] {dag.py:3954} INFO - Setting next_dagrun for tutorial_dag to None, run_after=None
[2024-04-26T12:39:17.648+0000] {processor.py:183} INFO - Processing /home/airflow/.local/lib/python3.12/site-packages/airflow/example_dags/tutorial_dag.py took 0.052 seconds
[2024-04-26T12:39:48.090+0000] {processor.py:161} INFO - Started process (PID=629) to work on /home/airflow/.local/lib/python3.12/site-packages/airflow/example_dags/tutorial_dag.py
[2024-04-26T12:39:48.090+0000] {processor.py:830} INFO - Processing file /home/airflow/.local/lib/python3.12/site-packages/airflow/example_dags/tutorial_dag.py for tasks to queue
[2024-04-26T12:39:48.092+0000] {logging_mixin.py:188} INFO - [2024-04-26T12:39:48.092+0000] {dagbag.py:540} INFO - Filling up the DagBag from /home/airflow/.local/lib/python3.12/site-packages/airflow/example_dags/tutorial_dag.py
[2024-04-26T12:39:48.097+0000] {processor.py:840} INFO - DAG(s) 'tutorial_dag' retrieved from /home/airflow/.local/lib/python3.12/site-packages/airflow/example_dags/tutorial_dag.py
[2024-04-26T12:39:48.117+0000] {logging_mixin.py:188} INFO - [2024-04-26T12:39:48.116+0000] {dag.py:3096} INFO - Sync 1 DAGs
[2024-04-26T12:39:48.128+0000] {logging_mixin.py:188} INFO - [2024-04-26T12:39:48.128+0000] {dag.py:3954} INFO - Setting next_dagrun for tutorial_dag to None, run_after=None
[2024-04-26T12:39:48.147+0000] {processor.py:183} INFO - Processing /home/airflow/.local/lib/python3.12/site-packages/airflow/example_dags/tutorial_dag.py took 0.062 seconds
[2024-04-26T12:40:18.485+0000] {processor.py:161} INFO - Started process (PID=687) to work on /home/airflow/.local/lib/python3.12/site-packages/airflow/example_dags/tutorial_dag.py
[2024-04-26T12:40:18.486+0000] {processor.py:830} INFO - Processing file /home/airflow/.local/lib/python3.12/site-packages/airflow/example_dags/tutorial_dag.py for tasks to queue
[2024-04-26T12:40:18.488+0000] {logging_mixin.py:188} INFO - [2024-04-26T12:40:18.487+0000] {dagbag.py:540} INFO - Filling up the DagBag from /home/airflow/.local/lib/python3.12/site-packages/airflow/example_dags/tutorial_dag.py
[2024-04-26T12:40:18.492+0000] {processor.py:840} INFO - DAG(s) 'tutorial_dag' retrieved from /home/airflow/.local/lib/python3.12/site-packages/airflow/example_dags/tutorial_dag.py
[2024-04-26T12:40:18.509+0000] {logging_mixin.py:188} INFO - [2024-04-26T12:40:18.508+0000] {dag.py:3096} INFO - Sync 1 DAGs
[2024-04-26T12:40:18.518+0000] {logging_mixin.py:188} INFO - [2024-04-26T12:40:18.518+0000] {dag.py:3954} INFO - Setting next_dagrun for tutorial_dag to None, run_after=None
[2024-04-26T12:40:18.532+0000] {processor.py:183} INFO - Processing /home/airflow/.local/lib/python3.12/site-packages/airflow/example_dags/tutorial_dag.py took 0.051 seconds
[2024-04-26T12:40:49.051+0000] {processor.py:161} INFO - Started process (PID=745) to work on /home/airflow/.local/lib/python3.12/site-packages/airflow/example_dags/tutorial_dag.py
[2024-04-26T12:40:49.052+0000] {processor.py:830} INFO - Processing file /home/airflow/.local/lib/python3.12/site-packages/airflow/example_dags/tutorial_dag.py for tasks to queue
[2024-04-26T12:40:49.053+0000] {logging_mixin.py:188} INFO - [2024-04-26T12:40:49.053+0000] {dagbag.py:540} INFO - Filling up the DagBag from /home/airflow/.local/lib/python3.12/site-packages/airflow/example_dags/tutorial_dag.py
[2024-04-26T12:40:49.058+0000] {processor.py:840} INFO - DAG(s) 'tutorial_dag' retrieved from /home/airflow/.local/lib/python3.12/site-packages/airflow/example_dags/tutorial_dag.py
[2024-04-26T12:40:49.074+0000] {logging_mixin.py:188} INFO - [2024-04-26T12:40:49.073+0000] {dag.py:3096} INFO - Sync 1 DAGs
[2024-04-26T12:40:49.084+0000] {logging_mixin.py:188} INFO - [2024-04-26T12:40:49.084+0000] {dag.py:3954} INFO - Setting next_dagrun for tutorial_dag to None, run_after=None
[2024-04-26T12:40:49.099+0000] {processor.py:183} INFO - Processing /home/airflow/.local/lib/python3.12/site-packages/airflow/example_dags/tutorial_dag.py took 0.053 seconds
[2024-04-26T12:41:19.902+0000] {processor.py:161} INFO - Started process (PID=803) to work on /home/airflow/.local/lib/python3.12/site-packages/airflow/example_dags/tutorial_dag.py
[2024-04-26T12:41:19.903+0000] {processor.py:830} INFO - Processing file /home/airflow/.local/lib/python3.12/site-packages/airflow/example_dags/tutorial_dag.py for tasks to queue
[2024-04-26T12:41:19.905+0000] {logging_mixin.py:188} INFO - [2024-04-26T12:41:19.904+0000] {dagbag.py:540} INFO - Filling up the DagBag from /home/airflow/.local/lib/python3.12/site-packages/airflow/example_dags/tutorial_dag.py
[2024-04-26T12:41:19.909+0000] {processor.py:840} INFO - DAG(s) 'tutorial_dag' retrieved from /home/airflow/.local/lib/python3.12/site-packages/airflow/example_dags/tutorial_dag.py
[2024-04-26T12:41:19.925+0000] {logging_mixin.py:188} INFO - [2024-04-26T12:41:19.925+0000] {dag.py:3096} INFO - Sync 1 DAGs
[2024-04-26T12:41:19.935+0000] {logging_mixin.py:188} INFO - [2024-04-26T12:41:19.935+0000] {dag.py:3954} INFO - Setting next_dagrun for tutorial_dag to None, run_after=None
[2024-04-26T12:41:19.952+0000] {processor.py:183} INFO - Processing /home/airflow/.local/lib/python3.12/site-packages/airflow/example_dags/tutorial_dag.py took 0.054 seconds
[2024-04-26T12:41:50.578+0000] {processor.py:161} INFO - Started process (PID=861) to work on /home/airflow/.local/lib/python3.12/site-packages/airflow/example_dags/tutorial_dag.py
[2024-04-26T12:41:50.579+0000] {processor.py:830} INFO - Processing file /home/airflow/.local/lib/python3.12/site-packages/airflow/example_dags/tutorial_dag.py for tasks to queue
[2024-04-26T12:41:50.581+0000] {logging_mixin.py:188} INFO - [2024-04-26T12:41:50.581+0000] {dagbag.py:540} INFO - Filling up the DagBag from /home/airflow/.local/lib/python3.12/site-packages/airflow/example_dags/tutorial_dag.py
[2024-04-26T12:41:50.585+0000] {processor.py:840} INFO - DAG(s) 'tutorial_dag' retrieved from /home/airflow/.local/lib/python3.12/site-packages/airflow/example_dags/tutorial_dag.py
[2024-04-26T12:41:50.602+0000] {logging_mixin.py:188} INFO - [2024-04-26T12:41:50.602+0000] {dag.py:3096} INFO - Sync 1 DAGs
[2024-04-26T12:41:50.613+0000] {logging_mixin.py:188} INFO - [2024-04-26T12:41:50.612+0000] {dag.py:3954} INFO - Setting next_dagrun for tutorial_dag to None, run_after=None
[2024-04-26T12:41:50.633+0000] {processor.py:183} INFO - Processing /home/airflow/.local/lib/python3.12/site-packages/airflow/example_dags/tutorial_dag.py took 0.060 seconds
[2024-04-26T12:42:20.730+0000] {processor.py:161} INFO - Started process (PID=919) to work on /home/airflow/.local/lib/python3.12/site-packages/airflow/example_dags/tutorial_dag.py
[2024-04-26T12:42:20.731+0000] {processor.py:830} INFO - Processing file /home/airflow/.local/lib/python3.12/site-packages/airflow/example_dags/tutorial_dag.py for tasks to queue
[2024-04-26T12:42:20.733+0000] {logging_mixin.py:188} INFO - [2024-04-26T12:42:20.732+0000] {dagbag.py:540} INFO - Filling up the DagBag from /home/airflow/.local/lib/python3.12/site-packages/airflow/example_dags/tutorial_dag.py
[2024-04-26T12:42:20.736+0000] {processor.py:840} INFO - DAG(s) 'tutorial_dag' retrieved from /home/airflow/.local/lib/python3.12/site-packages/airflow/example_dags/tutorial_dag.py
[2024-04-26T12:42:20.753+0000] {logging_mixin.py:188} INFO - [2024-04-26T12:42:20.752+0000] {dag.py:3096} INFO - Sync 1 DAGs
[2024-04-26T12:42:20.762+0000] {logging_mixin.py:188} INFO - [2024-04-26T12:42:20.762+0000] {dag.py:3954} INFO - Setting next_dagrun for tutorial_dag to None, run_after=None
[2024-04-26T12:42:20.778+0000] {processor.py:183} INFO - Processing /home/airflow/.local/lib/python3.12/site-packages/airflow/example_dags/tutorial_dag.py took 0.051 seconds
[2024-04-26T12:42:51.441+0000] {processor.py:161} INFO - Started process (PID=977) to work on /home/airflow/.local/lib/python3.12/site-packages/airflow/example_dags/tutorial_dag.py
[2024-04-26T12:42:51.442+0000] {processor.py:830} INFO - Processing file /home/airflow/.local/lib/python3.12/site-packages/airflow/example_dags/tutorial_dag.py for tasks to queue
[2024-04-26T12:42:51.444+0000] {logging_mixin.py:188} INFO - [2024-04-26T12:42:51.444+0000] {dagbag.py:540} INFO - Filling up the DagBag from /home/airflow/.local/lib/python3.12/site-packages/airflow/example_dags/tutorial_dag.py
[2024-04-26T12:42:51.448+0000] {processor.py:840} INFO - DAG(s) 'tutorial_dag' retrieved from /home/airflow/.local/lib/python3.12/site-packages/airflow/example_dags/tutorial_dag.py
[2024-04-26T12:42:51.463+0000] {logging_mixin.py:188} INFO - [2024-04-26T12:42:51.463+0000] {dag.py:3096} INFO - Sync 1 DAGs
[2024-04-26T12:42:51.473+0000] {logging_mixin.py:188} INFO - [2024-04-26T12:42:51.473+0000] {dag.py:3954} INFO - Setting next_dagrun for tutorial_dag to None, run_after=None
[2024-04-26T12:42:51.487+0000] {processor.py:183} INFO - Processing /home/airflow/.local/lib/python3.12/site-packages/airflow/example_dags/tutorial_dag.py took 0.051 seconds
[2024-04-26T12:43:21.726+0000] {processor.py:161} INFO - Started process (PID=1035) to work on /home/airflow/.local/lib/python3.12/site-packages/airflow/example_dags/tutorial_dag.py
[2024-04-26T12:43:21.726+0000] {processor.py:830} INFO - Processing file /home/airflow/.local/lib/python3.12/site-packages/airflow/example_dags/tutorial_dag.py for tasks to queue
[2024-04-26T12:43:21.728+0000] {logging_mixin.py:188} INFO - [2024-04-26T12:43:21.728+0000] {dagbag.py:540} INFO - Filling up the DagBag from /home/airflow/.local/lib/python3.12/site-packages/airflow/example_dags/tutorial_dag.py
[2024-04-26T12:43:21.732+0000] {processor.py:840} INFO - DAG(s) 'tutorial_dag' retrieved from /home/airflow/.local/lib/python3.12/site-packages/airflow/example_dags/tutorial_dag.py
[2024-04-26T12:43:21.748+0000] {logging_mixin.py:188} INFO - [2024-04-26T12:43:21.748+0000] {dag.py:3096} INFO - Sync 1 DAGs
[2024-04-26T12:43:21.758+0000] {logging_mixin.py:188} INFO - [2024-04-26T12:43:21.758+0000] {dag.py:3954} INFO - Setting next_dagrun for tutorial_dag to None, run_after=None
[2024-04-26T12:43:21.870+0000] {processor.py:183} INFO - Processing /home/airflow/.local/lib/python3.12/site-packages/airflow/example_dags/tutorial_dag.py took 0.149 seconds
[2024-04-26T12:43:52.406+0000] {processor.py:161} INFO - Started process (PID=1093) to work on /home/airflow/.local/lib/python3.12/site-packages/airflow/example_dags/tutorial_dag.py
[2024-04-26T12:43:52.407+0000] {processor.py:830} INFO - Processing file /home/airflow/.local/lib/python3.12/site-packages/airflow/example_dags/tutorial_dag.py for tasks to queue
[2024-04-26T12:43:52.408+0000] {logging_mixin.py:188} INFO - [2024-04-26T12:43:52.408+0000] {dagbag.py:540} INFO - Filling up the DagBag from /home/airflow/.local/lib/python3.12/site-packages/airflow/example_dags/tutorial_dag.py
[2024-04-26T12:43:52.412+0000] {processor.py:840} INFO - DAG(s) 'tutorial_dag' retrieved from /home/airflow/.local/lib/python3.12/site-packages/airflow/example_dags/tutorial_dag.py
[2024-04-26T12:43:52.427+0000] {logging_mixin.py:188} INFO - [2024-04-26T12:43:52.426+0000] {dag.py:3096} INFO - Sync 1 DAGs
[2024-04-26T12:43:52.436+0000] {logging_mixin.py:188} INFO - [2024-04-26T12:43:52.436+0000] {dag.py:3954} INFO - Setting next_dagrun for tutorial_dag to None, run_after=None
[2024-04-26T12:43:52.452+0000] {processor.py:183} INFO - Processing /home/airflow/.local/lib/python3.12/site-packages/airflow/example_dags/tutorial_dag.py took 0.050 seconds
[2024-04-26T12:44:22.633+0000] {processor.py:161} INFO - Started process (PID=1151) to work on /home/airflow/.local/lib/python3.12/site-packages/airflow/example_dags/tutorial_dag.py
[2024-04-26T12:44:22.634+0000] {processor.py:830} INFO - Processing file /home/airflow/.local/lib/python3.12/site-packages/airflow/example_dags/tutorial_dag.py for tasks to queue
[2024-04-26T12:44:22.635+0000] {logging_mixin.py:188} INFO - [2024-04-26T12:44:22.635+0000] {dagbag.py:540} INFO - Filling up the DagBag from /home/airflow/.local/lib/python3.12/site-packages/airflow/example_dags/tutorial_dag.py
[2024-04-26T12:44:22.639+0000] {processor.py:840} INFO - DAG(s) 'tutorial_dag' retrieved from /home/airflow/.local/lib/python3.12/site-packages/airflow/example_dags/tutorial_dag.py
[2024-04-26T12:44:22.655+0000] {logging_mixin.py:188} INFO - [2024-04-26T12:44:22.655+0000] {dag.py:3096} INFO - Sync 1 DAGs
[2024-04-26T12:44:22.664+0000] {logging_mixin.py:188} INFO - [2024-04-26T12:44:22.664+0000] {dag.py:3954} INFO - Setting next_dagrun for tutorial_dag to None, run_after=None
[2024-04-26T12:44:22.680+0000] {processor.py:183} INFO - Processing /home/airflow/.local/lib/python3.12/site-packages/airflow/example_dags/tutorial_dag.py took 0.052 seconds
[2024-04-26T12:44:53.193+0000] {processor.py:161} INFO - Started process (PID=1211) to work on /home/airflow/.local/lib/python3.12/site-packages/airflow/example_dags/tutorial_dag.py
[2024-04-26T12:44:53.194+0000] {processor.py:830} INFO - Processing file /home/airflow/.local/lib/python3.12/site-packages/airflow/example_dags/tutorial_dag.py for tasks to queue
[2024-04-26T12:44:53.196+0000] {logging_mixin.py:188} INFO - [2024-04-26T12:44:53.195+0000] {dagbag.py:540} INFO - Filling up the DagBag from /home/airflow/.local/lib/python3.12/site-packages/airflow/example_dags/tutorial_dag.py
[2024-04-26T12:44:53.199+0000] {processor.py:840} INFO - DAG(s) 'tutorial_dag' retrieved from /home/airflow/.local/lib/python3.12/site-packages/airflow/example_dags/tutorial_dag.py
[2024-04-26T12:44:53.314+0000] {logging_mixin.py:188} INFO - [2024-04-26T12:44:53.313+0000] {dag.py:3096} INFO - Sync 1 DAGs
[2024-04-26T12:44:53.322+0000] {logging_mixin.py:188} INFO - [2024-04-26T12:44:53.321+0000] {dag.py:3954} INFO - Setting next_dagrun for tutorial_dag to None, run_after=None
[2024-04-26T12:44:53.336+0000] {processor.py:183} INFO - Processing /home/airflow/.local/lib/python3.12/site-packages/airflow/example_dags/tutorial_dag.py took 0.148 seconds
[2024-04-26T12:45:23.980+0000] {processor.py:161} INFO - Started process (PID=1271) to work on /home/airflow/.local/lib/python3.12/site-packages/airflow/example_dags/tutorial_dag.py
[2024-04-26T12:45:23.981+0000] {processor.py:830} INFO - Processing file /home/airflow/.local/lib/python3.12/site-packages/airflow/example_dags/tutorial_dag.py for tasks to queue
[2024-04-26T12:45:23.982+0000] {logging_mixin.py:188} INFO - [2024-04-26T12:45:23.982+0000] {dagbag.py:540} INFO - Filling up the DagBag from /home/airflow/.local/lib/python3.12/site-packages/airflow/example_dags/tutorial_dag.py
[2024-04-26T12:45:23.986+0000] {processor.py:840} INFO - DAG(s) 'tutorial_dag' retrieved from /home/airflow/.local/lib/python3.12/site-packages/airflow/example_dags/tutorial_dag.py
[2024-04-26T12:45:24.002+0000] {logging_mixin.py:188} INFO - [2024-04-26T12:45:24.001+0000] {dag.py:3096} INFO - Sync 1 DAGs
[2024-04-26T12:45:24.012+0000] {logging_mixin.py:188} INFO - [2024-04-26T12:45:24.012+0000] {dag.py:3954} INFO - Setting next_dagrun for tutorial_dag to None, run_after=None
[2024-04-26T12:45:24.028+0000] {processor.py:183} INFO - Processing /home/airflow/.local/lib/python3.12/site-packages/airflow/example_dags/tutorial_dag.py took 0.052 seconds
[2024-04-26T12:45:54.434+0000] {processor.py:161} INFO - Started process (PID=1333) to work on /home/airflow/.local/lib/python3.12/site-packages/airflow/example_dags/tutorial_dag.py
[2024-04-26T12:45:54.435+0000] {processor.py:830} INFO - Processing file /home/airflow/.local/lib/python3.12/site-packages/airflow/example_dags/tutorial_dag.py for tasks to queue
[2024-04-26T12:45:54.436+0000] {logging_mixin.py:188} INFO - [2024-04-26T12:45:54.436+0000] {dagbag.py:540} INFO - Filling up the DagBag from /home/airflow/.local/lib/python3.12/site-packages/airflow/example_dags/tutorial_dag.py
[2024-04-26T12:45:54.441+0000] {processor.py:840} INFO - DAG(s) 'tutorial_dag' retrieved from /home/airflow/.local/lib/python3.12/site-packages/airflow/example_dags/tutorial_dag.py
[2024-04-26T12:45:54.457+0000] {logging_mixin.py:188} INFO - [2024-04-26T12:45:54.457+0000] {dag.py:3096} INFO - Sync 1 DAGs
[2024-04-26T12:45:54.467+0000] {logging_mixin.py:188} INFO - [2024-04-26T12:45:54.467+0000] {dag.py:3954} INFO - Setting next_dagrun for tutorial_dag to None, run_after=None
[2024-04-26T12:45:54.485+0000] {processor.py:183} INFO - Processing /home/airflow/.local/lib/python3.12/site-packages/airflow/example_dags/tutorial_dag.py took 0.055 seconds
[2024-04-26T12:46:25.043+0000] {processor.py:161} INFO - Started process (PID=1393) to work on /home/airflow/.local/lib/python3.12/site-packages/airflow/example_dags/tutorial_dag.py
[2024-04-26T12:46:25.044+0000] {processor.py:830} INFO - Processing file /home/airflow/.local/lib/python3.12/site-packages/airflow/example_dags/tutorial_dag.py for tasks to queue
[2024-04-26T12:46:25.046+0000] {logging_mixin.py:188} INFO - [2024-04-26T12:46:25.045+0000] {dagbag.py:540} INFO - Filling up the DagBag from /home/airflow/.local/lib/python3.12/site-packages/airflow/example_dags/tutorial_dag.py
[2024-04-26T12:46:25.050+0000] {processor.py:840} INFO - DAG(s) 'tutorial_dag' retrieved from /home/airflow/.local/lib/python3.12/site-packages/airflow/example_dags/tutorial_dag.py
[2024-04-26T12:46:25.064+0000] {logging_mixin.py:188} INFO - [2024-04-26T12:46:25.064+0000] {dag.py:3096} INFO - Sync 1 DAGs
[2024-04-26T12:46:25.075+0000] {logging_mixin.py:188} INFO - [2024-04-26T12:46:25.075+0000] {dag.py:3954} INFO - Setting next_dagrun for tutorial_dag to None, run_after=None
[2024-04-26T12:46:25.091+0000] {processor.py:183} INFO - Processing /home/airflow/.local/lib/python3.12/site-packages/airflow/example_dags/tutorial_dag.py took 0.052 seconds
[2024-04-26T12:46:55.579+0000] {processor.py:161} INFO - Started process (PID=1453) to work on /home/airflow/.local/lib/python3.12/site-packages/airflow/example_dags/tutorial_dag.py
[2024-04-26T12:46:55.580+0000] {processor.py:830} INFO - Processing file /home/airflow/.local/lib/python3.12/site-packages/airflow/example_dags/tutorial_dag.py for tasks to queue
[2024-04-26T12:46:55.582+0000] {logging_mixin.py:188} INFO - [2024-04-26T12:46:55.581+0000] {dagbag.py:540} INFO - Filling up the DagBag from /home/airflow/.local/lib/python3.12/site-packages/airflow/example_dags/tutorial_dag.py
[2024-04-26T12:46:55.586+0000] {processor.py:840} INFO - DAG(s) 'tutorial_dag' retrieved from /home/airflow/.local/lib/python3.12/site-packages/airflow/example_dags/tutorial_dag.py
[2024-04-26T12:46:55.603+0000] {logging_mixin.py:188} INFO - [2024-04-26T12:46:55.603+0000] {dag.py:3096} INFO - Sync 1 DAGs
[2024-04-26T12:46:55.614+0000] {logging_mixin.py:188} INFO - [2024-04-26T12:46:55.614+0000] {dag.py:3954} INFO - Setting next_dagrun for tutorial_dag to None, run_after=None
[2024-04-26T12:46:55.629+0000] {processor.py:183} INFO - Processing /home/airflow/.local/lib/python3.12/site-packages/airflow/example_dags/tutorial_dag.py took 0.055 seconds
[2024-04-26T12:47:25.956+0000] {processor.py:161} INFO - Started process (PID=1513) to work on /home/airflow/.local/lib/python3.12/site-packages/airflow/example_dags/tutorial_dag.py
[2024-04-26T12:47:25.957+0000] {processor.py:830} INFO - Processing file /home/airflow/.local/lib/python3.12/site-packages/airflow/example_dags/tutorial_dag.py for tasks to queue
[2024-04-26T12:47:25.959+0000] {logging_mixin.py:188} INFO - [2024-04-26T12:47:25.958+0000] {dagbag.py:540} INFO - Filling up the DagBag from /home/airflow/.local/lib/python3.12/site-packages/airflow/example_dags/tutorial_dag.py
[2024-04-26T12:47:25.962+0000] {processor.py:840} INFO - DAG(s) 'tutorial_dag' retrieved from /home/airflow/.local/lib/python3.12/site-packages/airflow/example_dags/tutorial_dag.py
[2024-04-26T12:47:25.977+0000] {logging_mixin.py:188} INFO - [2024-04-26T12:47:25.977+0000] {dag.py:3096} INFO - Sync 1 DAGs
[2024-04-26T12:47:25.987+0000] {logging_mixin.py:188} INFO - [2024-04-26T12:47:25.987+0000] {dag.py:3954} INFO - Setting next_dagrun for tutorial_dag to None, run_after=None
[2024-04-26T12:47:26.004+0000] {processor.py:183} INFO - Processing /home/airflow/.local/lib/python3.12/site-packages/airflow/example_dags/tutorial_dag.py took 0.053 seconds
[2024-04-26T12:47:56.320+0000] {processor.py:161} INFO - Started process (PID=1573) to work on /home/airflow/.local/lib/python3.12/site-packages/airflow/example_dags/tutorial_dag.py
[2024-04-26T12:47:56.321+0000] {processor.py:830} INFO - Processing file /home/airflow/.local/lib/python3.12/site-packages/airflow/example_dags/tutorial_dag.py for tasks to queue
[2024-04-26T12:47:56.323+0000] {logging_mixin.py:188} INFO - [2024-04-26T12:47:56.323+0000] {dagbag.py:540} INFO - Filling up the DagBag from /home/airflow/.local/lib/python3.12/site-packages/airflow/example_dags/tutorial_dag.py
[2024-04-26T12:47:56.327+0000] {processor.py:840} INFO - DAG(s) 'tutorial_dag' retrieved from /home/airflow/.local/lib/python3.12/site-packages/airflow/example_dags/tutorial_dag.py
[2024-04-26T12:47:56.344+0000] {logging_mixin.py:188} INFO - [2024-04-26T12:47:56.344+0000] {dag.py:3096} INFO - Sync 1 DAGs
[2024-04-26T12:47:56.357+0000] {logging_mixin.py:188} INFO - [2024-04-26T12:47:56.356+0000] {dag.py:3954} INFO - Setting next_dagrun for tutorial_dag to None, run_after=None
[2024-04-26T12:47:56.375+0000] {processor.py:183} INFO - Processing /home/airflow/.local/lib/python3.12/site-packages/airflow/example_dags/tutorial_dag.py took 0.060 seconds
[2024-04-26T12:48:26.683+0000] {processor.py:161} INFO - Started process (PID=1633) to work on /home/airflow/.local/lib/python3.12/site-packages/airflow/example_dags/tutorial_dag.py
[2024-04-26T12:48:26.684+0000] {processor.py:830} INFO - Processing file /home/airflow/.local/lib/python3.12/site-packages/airflow/example_dags/tutorial_dag.py for tasks to queue
[2024-04-26T12:48:26.685+0000] {logging_mixin.py:188} INFO - [2024-04-26T12:48:26.685+0000] {dagbag.py:540} INFO - Filling up the DagBag from /home/airflow/.local/lib/python3.12/site-packages/airflow/example_dags/tutorial_dag.py
[2024-04-26T12:48:26.690+0000] {processor.py:840} INFO - DAG(s) 'tutorial_dag' retrieved from /home/airflow/.local/lib/python3.12/site-packages/airflow/example_dags/tutorial_dag.py
[2024-04-26T12:48:26.707+0000] {logging_mixin.py:188} INFO - [2024-04-26T12:48:26.706+0000] {dag.py:3096} INFO - Sync 1 DAGs
[2024-04-26T12:48:26.717+0000] {logging_mixin.py:188} INFO - [2024-04-26T12:48:26.717+0000] {dag.py:3954} INFO - Setting next_dagrun for tutorial_dag to None, run_after=None
[2024-04-26T12:48:26.733+0000] {processor.py:183} INFO - Processing /home/airflow/.local/lib/python3.12/site-packages/airflow/example_dags/tutorial_dag.py took 0.055 seconds
[2024-04-26T12:48:57.295+0000] {processor.py:161} INFO - Started process (PID=1695) to work on /home/airflow/.local/lib/python3.12/site-packages/airflow/example_dags/tutorial_dag.py
[2024-04-26T12:48:57.296+0000] {processor.py:830} INFO - Processing file /home/airflow/.local/lib/python3.12/site-packages/airflow/example_dags/tutorial_dag.py for tasks to queue
[2024-04-26T12:48:57.298+0000] {logging_mixin.py:188} INFO - [2024-04-26T12:48:57.297+0000] {dagbag.py:540} INFO - Filling up the DagBag from /home/airflow/.local/lib/python3.12/site-packages/airflow/example_dags/tutorial_dag.py
[2024-04-26T12:48:57.302+0000] {processor.py:840} INFO - DAG(s) 'tutorial_dag' retrieved from /home/airflow/.local/lib/python3.12/site-packages/airflow/example_dags/tutorial_dag.py
[2024-04-26T12:48:57.319+0000] {logging_mixin.py:188} INFO - [2024-04-26T12:48:57.319+0000] {dag.py:3096} INFO - Sync 1 DAGs
[2024-04-26T12:48:57.330+0000] {logging_mixin.py:188} INFO - [2024-04-26T12:48:57.330+0000] {dag.py:3954} INFO - Setting next_dagrun for tutorial_dag to None, run_after=None
[2024-04-26T12:48:57.350+0000] {processor.py:183} INFO - Processing /home/airflow/.local/lib/python3.12/site-packages/airflow/example_dags/tutorial_dag.py took 0.059 seconds
[2024-04-26T12:49:28.625+0000] {processor.py:161} INFO - Started process (PID=1787) to work on /home/airflow/.local/lib/python3.12/site-packages/airflow/example_dags/tutorial_dag.py
[2024-04-26T12:49:28.628+0000] {processor.py:830} INFO - Processing file /home/airflow/.local/lib/python3.12/site-packages/airflow/example_dags/tutorial_dag.py for tasks to queue
[2024-04-26T12:49:28.632+0000] {logging_mixin.py:188} INFO - [2024-04-26T12:49:28.632+0000] {dagbag.py:540} INFO - Filling up the DagBag from /home/airflow/.local/lib/python3.12/site-packages/airflow/example_dags/tutorial_dag.py
[2024-04-26T12:49:28.638+0000] {processor.py:840} INFO - DAG(s) 'tutorial_dag' retrieved from /home/airflow/.local/lib/python3.12/site-packages/airflow/example_dags/tutorial_dag.py
[2024-04-26T12:49:28.670+0000] {logging_mixin.py:188} INFO - [2024-04-26T12:49:28.670+0000] {dag.py:3096} INFO - Sync 1 DAGs
[2024-04-26T12:49:28.689+0000] {logging_mixin.py:188} INFO - [2024-04-26T12:49:28.689+0000] {dag.py:3954} INFO - Setting next_dagrun for tutorial_dag to None, run_after=None
[2024-04-26T12:49:28.717+0000] {processor.py:183} INFO - Processing /home/airflow/.local/lib/python3.12/site-packages/airflow/example_dags/tutorial_dag.py took 0.104 seconds
[2024-04-26T12:49:58.804+0000] {processor.py:161} INFO - Started process (PID=2009) to work on /home/airflow/.local/lib/python3.12/site-packages/airflow/example_dags/tutorial_dag.py
[2024-04-26T12:49:58.805+0000] {processor.py:830} INFO - Processing file /home/airflow/.local/lib/python3.12/site-packages/airflow/example_dags/tutorial_dag.py for tasks to queue
[2024-04-26T12:49:58.806+0000] {logging_mixin.py:188} INFO - [2024-04-26T12:49:58.806+0000] {dagbag.py:540} INFO - Filling up the DagBag from /home/airflow/.local/lib/python3.12/site-packages/airflow/example_dags/tutorial_dag.py
[2024-04-26T12:49:58.810+0000] {processor.py:840} INFO - DAG(s) 'tutorial_dag' retrieved from /home/airflow/.local/lib/python3.12/site-packages/airflow/example_dags/tutorial_dag.py
[2024-04-26T12:49:58.826+0000] {logging_mixin.py:188} INFO - [2024-04-26T12:49:58.826+0000] {dag.py:3096} INFO - Sync 1 DAGs
[2024-04-26T12:49:58.837+0000] {logging_mixin.py:188} INFO - [2024-04-26T12:49:58.836+0000] {dag.py:3954} INFO - Setting next_dagrun for tutorial_dag to None, run_after=None
[2024-04-26T12:49:58.852+0000] {processor.py:183} INFO - Processing /home/airflow/.local/lib/python3.12/site-packages/airflow/example_dags/tutorial_dag.py took 0.053 seconds
[2024-04-26T12:50:29.362+0000] {processor.py:161} INFO - Started process (PID=2273) to work on /home/airflow/.local/lib/python3.12/site-packages/airflow/example_dags/tutorial_dag.py
[2024-04-26T12:50:29.362+0000] {processor.py:830} INFO - Processing file /home/airflow/.local/lib/python3.12/site-packages/airflow/example_dags/tutorial_dag.py for tasks to queue
[2024-04-26T12:50:29.364+0000] {logging_mixin.py:188} INFO - [2024-04-26T12:50:29.364+0000] {dagbag.py:540} INFO - Filling up the DagBag from /home/airflow/.local/lib/python3.12/site-packages/airflow/example_dags/tutorial_dag.py
[2024-04-26T12:50:29.368+0000] {processor.py:840} INFO - DAG(s) 'tutorial_dag' retrieved from /home/airflow/.local/lib/python3.12/site-packages/airflow/example_dags/tutorial_dag.py
[2024-04-26T12:50:29.384+0000] {logging_mixin.py:188} INFO - [2024-04-26T12:50:29.384+0000] {dag.py:3096} INFO - Sync 1 DAGs
[2024-04-26T12:50:29.395+0000] {logging_mixin.py:188} INFO - [2024-04-26T12:50:29.395+0000] {dag.py:3954} INFO - Setting next_dagrun for tutorial_dag to None, run_after=None
[2024-04-26T12:50:29.415+0000] {processor.py:183} INFO - Processing /home/airflow/.local/lib/python3.12/site-packages/airflow/example_dags/tutorial_dag.py took 0.058 seconds
[2024-04-26T12:50:59.682+0000] {processor.py:161} INFO - Started process (PID=2521) to work on /home/airflow/.local/lib/python3.12/site-packages/airflow/example_dags/tutorial_dag.py
[2024-04-26T12:50:59.683+0000] {processor.py:830} INFO - Processing file /home/airflow/.local/lib/python3.12/site-packages/airflow/example_dags/tutorial_dag.py for tasks to queue
[2024-04-26T12:50:59.684+0000] {logging_mixin.py:188} INFO - [2024-04-26T12:50:59.684+0000] {dagbag.py:540} INFO - Filling up the DagBag from /home/airflow/.local/lib/python3.12/site-packages/airflow/example_dags/tutorial_dag.py
[2024-04-26T12:50:59.688+0000] {processor.py:840} INFO - DAG(s) 'tutorial_dag' retrieved from /home/airflow/.local/lib/python3.12/site-packages/airflow/example_dags/tutorial_dag.py
[2024-04-26T12:50:59.704+0000] {logging_mixin.py:188} INFO - [2024-04-26T12:50:59.704+0000] {dag.py:3096} INFO - Sync 1 DAGs
[2024-04-26T12:50:59.714+0000] {logging_mixin.py:188} INFO - [2024-04-26T12:50:59.714+0000] {dag.py:3954} INFO - Setting next_dagrun for tutorial_dag to None, run_after=None
[2024-04-26T12:50:59.729+0000] {processor.py:183} INFO - Processing /home/airflow/.local/lib/python3.12/site-packages/airflow/example_dags/tutorial_dag.py took 0.052 seconds
[2024-04-26T12:51:30.201+0000] {processor.py:161} INFO - Started process (PID=2759) to work on /home/airflow/.local/lib/python3.12/site-packages/airflow/example_dags/tutorial_dag.py
[2024-04-26T12:51:30.201+0000] {processor.py:830} INFO - Processing file /home/airflow/.local/lib/python3.12/site-packages/airflow/example_dags/tutorial_dag.py for tasks to queue
[2024-04-26T12:51:30.203+0000] {logging_mixin.py:188} INFO - [2024-04-26T12:51:30.203+0000] {dagbag.py:540} INFO - Filling up the DagBag from /home/airflow/.local/lib/python3.12/site-packages/airflow/example_dags/tutorial_dag.py
[2024-04-26T12:51:30.207+0000] {processor.py:840} INFO - DAG(s) 'tutorial_dag' retrieved from /home/airflow/.local/lib/python3.12/site-packages/airflow/example_dags/tutorial_dag.py
[2024-04-26T12:51:30.223+0000] {logging_mixin.py:188} INFO - [2024-04-26T12:51:30.223+0000] {dag.py:3096} INFO - Sync 1 DAGs
[2024-04-26T12:51:30.234+0000] {logging_mixin.py:188} INFO - [2024-04-26T12:51:30.234+0000] {dag.py:3954} INFO - Setting next_dagrun for tutorial_dag to None, run_after=None
[2024-04-26T12:51:30.252+0000] {processor.py:183} INFO - Processing /home/airflow/.local/lib/python3.12/site-packages/airflow/example_dags/tutorial_dag.py took 0.056 seconds
[2024-04-26T12:52:00.692+0000] {processor.py:161} INFO - Started process (PID=2999) to work on /home/airflow/.local/lib/python3.12/site-packages/airflow/example_dags/tutorial_dag.py
[2024-04-26T12:52:00.693+0000] {processor.py:830} INFO - Processing file /home/airflow/.local/lib/python3.12/site-packages/airflow/example_dags/tutorial_dag.py for tasks to queue
[2024-04-26T12:52:00.695+0000] {logging_mixin.py:188} INFO - [2024-04-26T12:52:00.694+0000] {dagbag.py:540} INFO - Filling up the DagBag from /home/airflow/.local/lib/python3.12/site-packages/airflow/example_dags/tutorial_dag.py
[2024-04-26T12:52:00.699+0000] {processor.py:840} INFO - DAG(s) 'tutorial_dag' retrieved from /home/airflow/.local/lib/python3.12/site-packages/airflow/example_dags/tutorial_dag.py
[2024-04-26T12:52:00.714+0000] {logging_mixin.py:188} INFO - [2024-04-26T12:52:00.714+0000] {dag.py:3096} INFO - Sync 1 DAGs
[2024-04-26T12:52:00.725+0000] {logging_mixin.py:188} INFO - [2024-04-26T12:52:00.724+0000] {dag.py:3954} INFO - Setting next_dagrun for tutorial_dag to None, run_after=None
[2024-04-26T12:52:00.741+0000] {processor.py:183} INFO - Processing /home/airflow/.local/lib/python3.12/site-packages/airflow/example_dags/tutorial_dag.py took 0.053 seconds
[2024-04-26T12:52:31.198+0000] {processor.py:161} INFO - Started process (PID=3283) to work on /home/airflow/.local/lib/python3.12/site-packages/airflow/example_dags/tutorial_dag.py
[2024-04-26T12:52:31.199+0000] {processor.py:830} INFO - Processing file /home/airflow/.local/lib/python3.12/site-packages/airflow/example_dags/tutorial_dag.py for tasks to queue
[2024-04-26T12:52:31.200+0000] {logging_mixin.py:188} INFO - [2024-04-26T12:52:31.200+0000] {dagbag.py:540} INFO - Filling up the DagBag from /home/airflow/.local/lib/python3.12/site-packages/airflow/example_dags/tutorial_dag.py
[2024-04-26T12:52:31.205+0000] {processor.py:840} INFO - DAG(s) 'tutorial_dag' retrieved from /home/airflow/.local/lib/python3.12/site-packages/airflow/example_dags/tutorial_dag.py
[2024-04-26T12:52:31.221+0000] {logging_mixin.py:188} INFO - [2024-04-26T12:52:31.221+0000] {dag.py:3096} INFO - Sync 1 DAGs
[2024-04-26T12:52:31.231+0000] {logging_mixin.py:188} INFO - [2024-04-26T12:52:31.231+0000] {dag.py:3954} INFO - Setting next_dagrun for tutorial_dag to None, run_after=None
[2024-04-26T12:52:31.246+0000] {processor.py:183} INFO - Processing /home/airflow/.local/lib/python3.12/site-packages/airflow/example_dags/tutorial_dag.py took 0.053 seconds
[2024-04-26T12:53:01.942+0000] {processor.py:161} INFO - Started process (PID=3515) to work on /home/airflow/.local/lib/python3.12/site-packages/airflow/example_dags/tutorial_dag.py
[2024-04-26T12:53:01.943+0000] {processor.py:830} INFO - Processing file /home/airflow/.local/lib/python3.12/site-packages/airflow/example_dags/tutorial_dag.py for tasks to queue
[2024-04-26T12:53:01.944+0000] {logging_mixin.py:188} INFO - [2024-04-26T12:53:01.944+0000] {dagbag.py:540} INFO - Filling up the DagBag from /home/airflow/.local/lib/python3.12/site-packages/airflow/example_dags/tutorial_dag.py
[2024-04-26T12:53:01.948+0000] {processor.py:840} INFO - DAG(s) 'tutorial_dag' retrieved from /home/airflow/.local/lib/python3.12/site-packages/airflow/example_dags/tutorial_dag.py
[2024-04-26T12:53:01.964+0000] {logging_mixin.py:188} INFO - [2024-04-26T12:53:01.964+0000] {dag.py:3096} INFO - Sync 1 DAGs
[2024-04-26T12:53:01.973+0000] {logging_mixin.py:188} INFO - [2024-04-26T12:53:01.973+0000] {dag.py:3954} INFO - Setting next_dagrun for tutorial_dag to None, run_after=None
[2024-04-26T12:53:01.988+0000] {processor.py:183} INFO - Processing /home/airflow/.local/lib/python3.12/site-packages/airflow/example_dags/tutorial_dag.py took 0.051 seconds
[2024-04-26T12:53:32.541+0000] {processor.py:161} INFO - Started process (PID=3751) to work on /home/airflow/.local/lib/python3.12/site-packages/airflow/example_dags/tutorial_dag.py
[2024-04-26T12:53:32.542+0000] {processor.py:830} INFO - Processing file /home/airflow/.local/lib/python3.12/site-packages/airflow/example_dags/tutorial_dag.py for tasks to queue
[2024-04-26T12:53:32.544+0000] {logging_mixin.py:188} INFO - [2024-04-26T12:53:32.543+0000] {dagbag.py:540} INFO - Filling up the DagBag from /home/airflow/.local/lib/python3.12/site-packages/airflow/example_dags/tutorial_dag.py
[2024-04-26T12:53:32.548+0000] {processor.py:840} INFO - DAG(s) 'tutorial_dag' retrieved from /home/airflow/.local/lib/python3.12/site-packages/airflow/example_dags/tutorial_dag.py
[2024-04-26T12:53:32.564+0000] {logging_mixin.py:188} INFO - [2024-04-26T12:53:32.564+0000] {dag.py:3096} INFO - Sync 1 DAGs
[2024-04-26T12:53:32.574+0000] {logging_mixin.py:188} INFO - [2024-04-26T12:53:32.573+0000] {dag.py:3954} INFO - Setting next_dagrun for tutorial_dag to None, run_after=None
[2024-04-26T12:53:32.588+0000] {processor.py:183} INFO - Processing /home/airflow/.local/lib/python3.12/site-packages/airflow/example_dags/tutorial_dag.py took 0.052 seconds
[2024-04-26T12:54:03.275+0000] {processor.py:161} INFO - Started process (PID=3843) to work on /home/airflow/.local/lib/python3.12/site-packages/airflow/example_dags/tutorial_dag.py
[2024-04-26T12:54:03.276+0000] {processor.py:830} INFO - Processing file /home/airflow/.local/lib/python3.12/site-packages/airflow/example_dags/tutorial_dag.py for tasks to queue
[2024-04-26T12:54:03.277+0000] {logging_mixin.py:188} INFO - [2024-04-26T12:54:03.277+0000] {dagbag.py:540} INFO - Filling up the DagBag from /home/airflow/.local/lib/python3.12/site-packages/airflow/example_dags/tutorial_dag.py
[2024-04-26T12:54:03.281+0000] {processor.py:840} INFO - DAG(s) 'tutorial_dag' retrieved from /home/airflow/.local/lib/python3.12/site-packages/airflow/example_dags/tutorial_dag.py
[2024-04-26T12:54:03.298+0000] {logging_mixin.py:188} INFO - [2024-04-26T12:54:03.298+0000] {dag.py:3096} INFO - Sync 1 DAGs
[2024-04-26T12:54:03.308+0000] {logging_mixin.py:188} INFO - [2024-04-26T12:54:03.308+0000] {dag.py:3954} INFO - Setting next_dagrun for tutorial_dag to None, run_after=None
[2024-04-26T12:54:03.323+0000] {processor.py:183} INFO - Processing /home/airflow/.local/lib/python3.12/site-packages/airflow/example_dags/tutorial_dag.py took 0.053 seconds
[2024-04-26T12:54:33.586+0000] {processor.py:161} INFO - Started process (PID=3903) to work on /home/airflow/.local/lib/python3.12/site-packages/airflow/example_dags/tutorial_dag.py
[2024-04-26T12:54:33.587+0000] {processor.py:830} INFO - Processing file /home/airflow/.local/lib/python3.12/site-packages/airflow/example_dags/tutorial_dag.py for tasks to queue
[2024-04-26T12:54:33.589+0000] {logging_mixin.py:188} INFO - [2024-04-26T12:54:33.589+0000] {dagbag.py:540} INFO - Filling up the DagBag from /home/airflow/.local/lib/python3.12/site-packages/airflow/example_dags/tutorial_dag.py
[2024-04-26T12:54:33.593+0000] {processor.py:840} INFO - DAG(s) 'tutorial_dag' retrieved from /home/airflow/.local/lib/python3.12/site-packages/airflow/example_dags/tutorial_dag.py
[2024-04-26T12:54:33.610+0000] {logging_mixin.py:188} INFO - [2024-04-26T12:54:33.610+0000] {dag.py:3096} INFO - Sync 1 DAGs
[2024-04-26T12:54:33.620+0000] {logging_mixin.py:188} INFO - [2024-04-26T12:54:33.620+0000] {dag.py:3954} INFO - Setting next_dagrun for tutorial_dag to None, run_after=None
[2024-04-26T12:54:33.635+0000] {processor.py:183} INFO - Processing /home/airflow/.local/lib/python3.12/site-packages/airflow/example_dags/tutorial_dag.py took 0.054 seconds
[2024-04-26T12:55:04.109+0000] {processor.py:161} INFO - Started process (PID=3963) to work on /home/airflow/.local/lib/python3.12/site-packages/airflow/example_dags/tutorial_dag.py
[2024-04-26T12:55:04.110+0000] {processor.py:830} INFO - Processing file /home/airflow/.local/lib/python3.12/site-packages/airflow/example_dags/tutorial_dag.py for tasks to queue
[2024-04-26T12:55:04.111+0000] {logging_mixin.py:188} INFO - [2024-04-26T12:55:04.111+0000] {dagbag.py:540} INFO - Filling up the DagBag from /home/airflow/.local/lib/python3.12/site-packages/airflow/example_dags/tutorial_dag.py
[2024-04-26T12:55:04.115+0000] {processor.py:840} INFO - DAG(s) 'tutorial_dag' retrieved from /home/airflow/.local/lib/python3.12/site-packages/airflow/example_dags/tutorial_dag.py
[2024-04-26T12:55:04.131+0000] {logging_mixin.py:188} INFO - [2024-04-26T12:55:04.131+0000] {dag.py:3096} INFO - Sync 1 DAGs
[2024-04-26T12:55:04.141+0000] {logging_mixin.py:188} INFO - [2024-04-26T12:55:04.141+0000] {dag.py:3954} INFO - Setting next_dagrun for tutorial_dag to None, run_after=None
[2024-04-26T12:55:04.156+0000] {processor.py:183} INFO - Processing /home/airflow/.local/lib/python3.12/site-packages/airflow/example_dags/tutorial_dag.py took 0.052 seconds
[2024-04-26T12:55:34.597+0000] {processor.py:161} INFO - Started process (PID=4023) to work on /home/airflow/.local/lib/python3.12/site-packages/airflow/example_dags/tutorial_dag.py
[2024-04-26T12:55:34.597+0000] {processor.py:830} INFO - Processing file /home/airflow/.local/lib/python3.12/site-packages/airflow/example_dags/tutorial_dag.py for tasks to queue
[2024-04-26T12:55:34.599+0000] {logging_mixin.py:188} INFO - [2024-04-26T12:55:34.599+0000] {dagbag.py:540} INFO - Filling up the DagBag from /home/airflow/.local/lib/python3.12/site-packages/airflow/example_dags/tutorial_dag.py
[2024-04-26T12:55:34.603+0000] {processor.py:840} INFO - DAG(s) 'tutorial_dag' retrieved from /home/airflow/.local/lib/python3.12/site-packages/airflow/example_dags/tutorial_dag.py
[2024-04-26T12:55:34.618+0000] {logging_mixin.py:188} INFO - [2024-04-26T12:55:34.618+0000] {dag.py:3096} INFO - Sync 1 DAGs
[2024-04-26T12:55:34.628+0000] {logging_mixin.py:188} INFO - [2024-04-26T12:55:34.628+0000] {dag.py:3954} INFO - Setting next_dagrun for tutorial_dag to None, run_after=None
[2024-04-26T12:55:34.643+0000] {processor.py:183} INFO - Processing /home/airflow/.local/lib/python3.12/site-packages/airflow/example_dags/tutorial_dag.py took 0.051 seconds
[2024-04-26T12:56:05.027+0000] {processor.py:161} INFO - Started process (PID=4087) to work on /home/airflow/.local/lib/python3.12/site-packages/airflow/example_dags/tutorial_dag.py
[2024-04-26T12:56:05.028+0000] {processor.py:830} INFO - Processing file /home/airflow/.local/lib/python3.12/site-packages/airflow/example_dags/tutorial_dag.py for tasks to queue
[2024-04-26T12:56:05.029+0000] {logging_mixin.py:188} INFO - [2024-04-26T12:56:05.029+0000] {dagbag.py:540} INFO - Filling up the DagBag from /home/airflow/.local/lib/python3.12/site-packages/airflow/example_dags/tutorial_dag.py
[2024-04-26T12:56:05.033+0000] {processor.py:840} INFO - DAG(s) 'tutorial_dag' retrieved from /home/airflow/.local/lib/python3.12/site-packages/airflow/example_dags/tutorial_dag.py
[2024-04-26T12:56:05.049+0000] {logging_mixin.py:188} INFO - [2024-04-26T12:56:05.049+0000] {dag.py:3096} INFO - Sync 1 DAGs
[2024-04-26T12:56:05.059+0000] {logging_mixin.py:188} INFO - [2024-04-26T12:56:05.059+0000] {dag.py:3954} INFO - Setting next_dagrun for tutorial_dag to None, run_after=None
[2024-04-26T12:56:05.074+0000] {processor.py:183} INFO - Processing /home/airflow/.local/lib/python3.12/site-packages/airflow/example_dags/tutorial_dag.py took 0.052 seconds
[2024-04-26T12:56:35.466+0000] {processor.py:161} INFO - Started process (PID=4147) to work on /home/airflow/.local/lib/python3.12/site-packages/airflow/example_dags/tutorial_dag.py
[2024-04-26T12:56:35.466+0000] {processor.py:830} INFO - Processing file /home/airflow/.local/lib/python3.12/site-packages/airflow/example_dags/tutorial_dag.py for tasks to queue
[2024-04-26T12:56:35.468+0000] {logging_mixin.py:188} INFO - [2024-04-26T12:56:35.468+0000] {dagbag.py:540} INFO - Filling up the DagBag from /home/airflow/.local/lib/python3.12/site-packages/airflow/example_dags/tutorial_dag.py
[2024-04-26T12:56:35.472+0000] {processor.py:840} INFO - DAG(s) 'tutorial_dag' retrieved from /home/airflow/.local/lib/python3.12/site-packages/airflow/example_dags/tutorial_dag.py
[2024-04-26T12:56:35.490+0000] {logging_mixin.py:188} INFO - [2024-04-26T12:56:35.489+0000] {dag.py:3096} INFO - Sync 1 DAGs
[2024-04-26T12:56:35.500+0000] {logging_mixin.py:188} INFO - [2024-04-26T12:56:35.500+0000] {dag.py:3954} INFO - Setting next_dagrun for tutorial_dag to None, run_after=None
[2024-04-26T12:56:35.514+0000] {processor.py:183} INFO - Processing /home/airflow/.local/lib/python3.12/site-packages/airflow/example_dags/tutorial_dag.py took 0.053 seconds
[2024-04-26T12:57:05.939+0000] {processor.py:161} INFO - Started process (PID=4207) to work on /home/airflow/.local/lib/python3.12/site-packages/airflow/example_dags/tutorial_dag.py
[2024-04-26T12:57:05.940+0000] {processor.py:830} INFO - Processing file /home/airflow/.local/lib/python3.12/site-packages/airflow/example_dags/tutorial_dag.py for tasks to queue
[2024-04-26T12:57:05.941+0000] {logging_mixin.py:188} INFO - [2024-04-26T12:57:05.941+0000] {dagbag.py:540} INFO - Filling up the DagBag from /home/airflow/.local/lib/python3.12/site-packages/airflow/example_dags/tutorial_dag.py
[2024-04-26T12:57:05.946+0000] {processor.py:840} INFO - DAG(s) 'tutorial_dag' retrieved from /home/airflow/.local/lib/python3.12/site-packages/airflow/example_dags/tutorial_dag.py
[2024-04-26T12:57:05.962+0000] {logging_mixin.py:188} INFO - [2024-04-26T12:57:05.962+0000] {dag.py:3096} INFO - Sync 1 DAGs
[2024-04-26T12:57:05.972+0000] {logging_mixin.py:188} INFO - [2024-04-26T12:57:05.972+0000] {dag.py:3954} INFO - Setting next_dagrun for tutorial_dag to None, run_after=None
[2024-04-26T12:57:05.987+0000] {processor.py:183} INFO - Processing /home/airflow/.local/lib/python3.12/site-packages/airflow/example_dags/tutorial_dag.py took 0.053 seconds
[2024-04-26T12:57:36.297+0000] {processor.py:161} INFO - Started process (PID=4267) to work on /home/airflow/.local/lib/python3.12/site-packages/airflow/example_dags/tutorial_dag.py
[2024-04-26T12:57:36.298+0000] {processor.py:830} INFO - Processing file /home/airflow/.local/lib/python3.12/site-packages/airflow/example_dags/tutorial_dag.py for tasks to queue
[2024-04-26T12:57:36.299+0000] {logging_mixin.py:188} INFO - [2024-04-26T12:57:36.299+0000] {dagbag.py:540} INFO - Filling up the DagBag from /home/airflow/.local/lib/python3.12/site-packages/airflow/example_dags/tutorial_dag.py
[2024-04-26T12:57:36.303+0000] {processor.py:840} INFO - DAG(s) 'tutorial_dag' retrieved from /home/airflow/.local/lib/python3.12/site-packages/airflow/example_dags/tutorial_dag.py
[2024-04-26T12:57:36.320+0000] {logging_mixin.py:188} INFO - [2024-04-26T12:57:36.319+0000] {dag.py:3096} INFO - Sync 1 DAGs
[2024-04-26T12:57:36.330+0000] {logging_mixin.py:188} INFO - [2024-04-26T12:57:36.329+0000] {dag.py:3954} INFO - Setting next_dagrun for tutorial_dag to None, run_after=None
[2024-04-26T12:57:36.344+0000] {processor.py:183} INFO - Processing /home/airflow/.local/lib/python3.12/site-packages/airflow/example_dags/tutorial_dag.py took 0.052 seconds
[2024-04-26T12:58:06.610+0000] {processor.py:161} INFO - Started process (PID=4331) to work on /home/airflow/.local/lib/python3.12/site-packages/airflow/example_dags/tutorial_dag.py
[2024-04-26T12:58:06.611+0000] {processor.py:830} INFO - Processing file /home/airflow/.local/lib/python3.12/site-packages/airflow/example_dags/tutorial_dag.py for tasks to queue
[2024-04-26T12:58:06.613+0000] {logging_mixin.py:188} INFO - [2024-04-26T12:58:06.613+0000] {dagbag.py:540} INFO - Filling up the DagBag from /home/airflow/.local/lib/python3.12/site-packages/airflow/example_dags/tutorial_dag.py
[2024-04-26T12:58:06.617+0000] {processor.py:840} INFO - DAG(s) 'tutorial_dag' retrieved from /home/airflow/.local/lib/python3.12/site-packages/airflow/example_dags/tutorial_dag.py
[2024-04-26T12:58:06.634+0000] {logging_mixin.py:188} INFO - [2024-04-26T12:58:06.634+0000] {dag.py:3096} INFO - Sync 1 DAGs
[2024-04-26T12:58:06.644+0000] {logging_mixin.py:188} INFO - [2024-04-26T12:58:06.644+0000] {dag.py:3954} INFO - Setting next_dagrun for tutorial_dag to None, run_after=None
[2024-04-26T12:58:06.661+0000] {processor.py:183} INFO - Processing /home/airflow/.local/lib/python3.12/site-packages/airflow/example_dags/tutorial_dag.py took 0.055 seconds
