[2024-04-29T09:17:41.629+0000] {local_task_job_runner.py:120} INFO - ::group::Pre task execution logs
[2024-04-29T09:17:41.653+0000] {taskinstance.py:2073} INFO - Dependencies all met for dep_context=non-requeueable deps ti=<TaskInstance: etl_for_open_weather.extract_data scheduled__2024-04-29T01:22:00+00:00 [queued]>
[2024-04-29T09:17:41.664+0000] {taskinstance.py:2073} INFO - Dependencies all met for dep_context=requeueable deps ti=<TaskInstance: etl_for_open_weather.extract_data scheduled__2024-04-29T01:22:00+00:00 [queued]>
[2024-04-29T09:17:41.665+0000] {taskinstance.py:2303} INFO - Starting attempt 2 of 2
[2024-04-29T09:17:41.680+0000] {taskinstance.py:2327} INFO - Executing <Task(HttpOperator): extract_data> on 2024-04-29 01:22:00+00:00
[2024-04-29T09:17:41.689+0000] {warnings.py:110} WARNING - /home/***/.local/lib/python3.12/site-packages/***/task/task_runner/standard_task_runner.py:61: DeprecationWarning: This process (pid=807) is multi-threaded, use of fork() may lead to deadlocks in the child.
  pid = os.fork()

[2024-04-29T09:17:41.692+0000] {standard_task_runner.py:63} INFO - Started process 825 to run task
[2024-04-29T09:17:41.691+0000] {standard_task_runner.py:90} INFO - Running: ['***', 'tasks', 'run', 'etl_for_open_weather', 'extract_data', 'scheduled__2024-04-29T01:22:00+00:00', '--job-id', '140', '--raw', '--subdir', 'DAGS_FOLDER/open_weather.py', '--cfg-path', '/tmp/tmpws7tlqti']
[2024-04-29T09:17:41.693+0000] {standard_task_runner.py:91} INFO - Job 140: Subtask extract_data
[2024-04-29T09:17:41.743+0000] {task_command.py:426} INFO - Running <TaskInstance: etl_for_open_weather.extract_data scheduled__2024-04-29T01:22:00+00:00 [running]> on host ce94facc171a
[2024-04-29T09:17:41.822+0000] {taskinstance.py:2644} INFO - Exporting env vars: AIRFLOW_CTX_DAG_OWNER='***' AIRFLOW_CTX_DAG_ID='etl_for_open_weather' AIRFLOW_CTX_TASK_ID='extract_data' AIRFLOW_CTX_EXECUTION_DATE='2024-04-29T01:22:00+00:00' AIRFLOW_CTX_TRY_NUMBER='2' AIRFLOW_CTX_DAG_RUN_ID='scheduled__2024-04-29T01:22:00+00:00'
[2024-04-29T09:17:41.824+0000] {taskinstance.py:430} INFO - ::endgroup::
[2024-04-29T09:17:41.824+0000] {http.py:169} INFO - Calling HTTP method
[2024-04-29T09:17:41.832+0000] {base.py:84} INFO - Using connection ID 'weather_id' for task execution.
[2024-04-29T09:17:41.839+0000] {base.py:84} INFO - Using connection ID 'weather_id' for task execution.
[2024-04-29T09:17:42.215+0000] {http.py:208} INFO - {"coord":{"lon":49.892,"lat":40.3777},"weather":[{"id":800,"main":"Clear","description":"clear sky","icon":"01d"}],"base":"stations","main":{"temp":298.18,"feels_like":297.55,"temp_min":298.18,"temp_max":298.18,"pressure":1019,"humidity":31},"visibility":10000,"wind":{"speed":9.26,"deg":160},"clouds":{"all":0},"dt":1714382096,"sys":{"type":1,"id":8841,"country":"AZ","sunrise":1714354919,"sunset":1714404798},"timezone":14400,"id":587084,"name":"Baku","cod":200}
[2024-04-29T09:17:42.218+0000] {taskinstance.py:441} INFO - ::group::Post task execution logs
[2024-04-29T09:17:42.250+0000] {taskinstance.py:1205} INFO - Marking task as SUCCESS. dag_id=etl_for_open_weather, task_id=extract_data, execution_date=20240429T012200, start_date=20240429T091741, end_date=20240429T091742
[2024-04-29T09:17:42.308+0000] {local_task_job_runner.py:240} INFO - Task exited with return code 0
[2024-04-29T09:17:42.333+0000] {taskinstance.py:3482} INFO - 1 downstream tasks scheduled from follow-on schedule check
[2024-04-29T09:17:42.335+0000] {local_task_job_runner.py:222} INFO - ::endgroup::
