[2024-04-29T09:22:12.912+0000] {local_task_job_runner.py:120} INFO - ::group::Pre task execution logs
[2024-04-29T09:22:12.934+0000] {taskinstance.py:2073} INFO - Dependencies all met for dep_context=non-requeueable deps ti=<TaskInstance: etl_for_open_weather.run_etl scheduled__2024-04-29T02:20:00+00:00 [queued]>
[2024-04-29T09:22:12.946+0000] {taskinstance.py:2073} INFO - Dependencies all met for dep_context=requeueable deps ti=<TaskInstance: etl_for_open_weather.run_etl scheduled__2024-04-29T02:20:00+00:00 [queued]>
[2024-04-29T09:22:12.947+0000] {taskinstance.py:2303} INFO - Starting attempt 1 of 2
[2024-04-29T09:22:12.965+0000] {taskinstance.py:2327} INFO - Executing <Task(PythonOperator): run_etl> on 2024-04-29 02:20:00+00:00
[2024-04-29T09:22:12.975+0000] {warnings.py:110} WARNING - /home/***/.local/lib/python3.12/site-packages/***/task/task_runner/standard_task_runner.py:61: DeprecationWarning: This process (pid=1290) is multi-threaded, use of fork() may lead to deadlocks in the child.
  pid = os.fork()

[2024-04-29T09:22:12.978+0000] {standard_task_runner.py:63} INFO - Started process 1319 to run task
[2024-04-29T09:22:12.977+0000] {standard_task_runner.py:90} INFO - Running: ['***', 'tasks', 'run', 'etl_for_open_weather', 'run_etl', 'scheduled__2024-04-29T02:20:00+00:00', '--job-id', '282', '--raw', '--subdir', 'DAGS_FOLDER/open_weather.py', '--cfg-path', '/tmp/tmp_6wh5j8p']
[2024-04-29T09:22:12.979+0000] {standard_task_runner.py:91} INFO - Job 282: Subtask run_etl
[2024-04-29T09:22:13.039+0000] {task_command.py:426} INFO - Running <TaskInstance: etl_for_open_weather.run_etl scheduled__2024-04-29T02:20:00+00:00 [running]> on host ce94facc171a
[2024-04-29T09:22:13.136+0000] {taskinstance.py:2644} INFO - Exporting env vars: AIRFLOW_CTX_DAG_OWNER='***' AIRFLOW_CTX_DAG_ID='etl_for_open_weather' AIRFLOW_CTX_TASK_ID='run_etl' AIRFLOW_CTX_EXECUTION_DATE='2024-04-29T02:20:00+00:00' AIRFLOW_CTX_TRY_NUMBER='1' AIRFLOW_CTX_DAG_RUN_ID='scheduled__2024-04-29T02:20:00+00:00'
[2024-04-29T09:22:13.138+0000] {taskinstance.py:430} INFO - ::endgroup::
[2024-04-29T09:22:13.139+0000] {taskinstance.py:441} INFO - ::group::Post task execution logs
[2024-04-29T09:22:13.140+0000] {taskinstance.py:2890} ERROR - Task failed with exception
Traceback (most recent call last):
  File "/home/airflow/.local/lib/python3.12/site-packages/airflow/models/taskinstance.py", line 465, in _execute_task
    result = _execute_callable(context=context, **execute_callable_kwargs)
             ^^^^^^^^^^^^^^^^^^^^^^^^^^^^^^^^^^^^^^^^^^^^^^^^^^^^^^^^^^^^^
  File "/home/airflow/.local/lib/python3.12/site-packages/airflow/models/taskinstance.py", line 432, in _execute_callable
    return execute_callable(context=context, **execute_callable_kwargs)
           ^^^^^^^^^^^^^^^^^^^^^^^^^^^^^^^^^^^^^^^^^^^^^^^^^^^^^^^^^^^^
  File "/home/airflow/.local/lib/python3.12/site-packages/airflow/models/baseoperator.py", line 400, in wrapper
    return func(self, *args, **kwargs)
           ^^^^^^^^^^^^^^^^^^^^^^^^^^^
  File "/home/airflow/.local/lib/python3.12/site-packages/airflow/operators/python.py", line 235, in execute
    return_value = self.execute_callable()
                   ^^^^^^^^^^^^^^^^^^^^^^^
  File "/home/airflow/.local/lib/python3.12/site-packages/airflow/operators/python.py", line 252, in execute_callable
    return self.python_callable(*self.op_args, **self.op_kwargs)
           ^^^^^^^^^^^^^^^^^^^^^^^^^^^^^^^^^^^^^^^^^^^^^^^^^^^^^
  File "/opt/airflow/dags/open_weather.py", line 18, in get_open_weather
    data=task_instance.xcom_pull(task_id='extract_data')
         ^^^^^^^^^^^^^^^^^^^^^^^^^^^^^^^^^^^^^^^^^^^^^^^
  File "/home/airflow/.local/lib/python3.12/site-packages/airflow/utils/session.py", line 79, in wrapper
    return func(*args, session=session, **kwargs)
           ^^^^^^^^^^^^^^^^^^^^^^^^^^^^^^^^^^^^^^
TypeError: TaskInstance.xcom_pull() got an unexpected keyword argument 'task_id'
[2024-04-29T09:22:13.152+0000] {taskinstance.py:1205} INFO - Marking task as UP_FOR_RETRY. dag_id=etl_for_open_weather, task_id=run_etl, execution_date=20240429T022000, start_date=20240429T092212, end_date=20240429T092213
[2024-04-29T09:22:13.163+0000] {standard_task_runner.py:110} ERROR - Failed to execute job 282 for task run_etl (TaskInstance.xcom_pull() got an unexpected keyword argument 'task_id'; 1319)
[2024-04-29T09:22:13.192+0000] {local_task_job_runner.py:240} INFO - Task exited with return code 1
[2024-04-29T09:22:13.209+0000] {taskinstance.py:3482} INFO - 0 downstream tasks scheduled from follow-on schedule check
[2024-04-29T09:22:13.211+0000] {local_task_job_runner.py:222} INFO - ::endgroup::
