[2024-04-29T07:44:03.323+0000] {local_task_job_runner.py:120} INFO - ::group::Pre task execution logs
[2024-04-29T07:44:03.335+0000] {taskinstance.py:2073} INFO - Dependencies all met for dep_context=non-requeueable deps ti=<TaskInstance: etl_for_open_weather.weather_data scheduled__2024-04-29T07:42:00+00:00 [queued]>
[2024-04-29T07:44:03.341+0000] {taskinstance.py:2073} INFO - Dependencies all met for dep_context=requeueable deps ti=<TaskInstance: etl_for_open_weather.weather_data scheduled__2024-04-29T07:42:00+00:00 [queued]>
[2024-04-29T07:44:03.342+0000] {taskinstance.py:2303} INFO - Starting attempt 1 of 2
[2024-04-29T07:44:03.350+0000] {taskinstance.py:2327} INFO - Executing <Task(HttpOperator): weather_data> on 2024-04-29 07:42:00+00:00
[2024-04-29T07:44:03.354+0000] {warnings.py:110} WARNING - /home/***/.local/lib/python3.12/site-packages/***/task/task_runner/standard_task_runner.py:61: DeprecationWarning: This process (pid=3145) is multi-threaded, use of fork() may lead to deadlocks in the child.
  pid = os.fork()

[2024-04-29T07:44:03.356+0000] {standard_task_runner.py:63} INFO - Started process 3147 to run task
[2024-04-29T07:44:03.355+0000] {standard_task_runner.py:90} INFO - Running: ['***', 'tasks', 'run', 'etl_for_open_weather', 'weather_data', 'scheduled__2024-04-29T07:42:00+00:00', '--job-id', '825', '--raw', '--subdir', 'DAGS_FOLDER/open_weather.py', '--cfg-path', '/tmp/tmp80lz2z_4']
[2024-04-29T07:44:03.356+0000] {standard_task_runner.py:91} INFO - Job 825: Subtask weather_data
[2024-04-29T07:44:03.386+0000] {task_command.py:426} INFO - Running <TaskInstance: etl_for_open_weather.weather_data scheduled__2024-04-29T07:42:00+00:00 [running]> on host 6dbc7f679521
[2024-04-29T07:44:03.442+0000] {taskinstance.py:2644} INFO - Exporting env vars: AIRFLOW_CTX_DAG_OWNER='***' AIRFLOW_CTX_DAG_ID='etl_for_open_weather' AIRFLOW_CTX_TASK_ID='weather_data' AIRFLOW_CTX_EXECUTION_DATE='2024-04-29T07:42:00+00:00' AIRFLOW_CTX_TRY_NUMBER='1' AIRFLOW_CTX_DAG_RUN_ID='scheduled__2024-04-29T07:42:00+00:00'
[2024-04-29T07:44:03.443+0000] {taskinstance.py:430} INFO - ::endgroup::
[2024-04-29T07:44:03.444+0000] {http.py:169} INFO - Calling HTTP method
[2024-04-29T07:44:03.449+0000] {base.py:84} INFO - Using connection ID 'weathermap_api' for task execution.
[2024-04-29T07:44:03.454+0000] {base.py:84} INFO - Using connection ID 'weathermap_api' for task execution.
[2024-04-29T07:44:03.838+0000] {http.py:208} INFO - {"coord":{"lon":49.892,"lat":40.3777},"weather":[{"id":800,"main":"Clear","description":"clear sky","icon":"01d"}],"base":"stations","main":{"temp":297.18,"feels_like":296.55,"temp_min":297.18,"temp_max":297.18,"pressure":1020,"humidity":35},"visibility":10000,"wind":{"speed":9.26,"deg":160},"clouds":{"all":0},"dt":1714376633,"sys":{"type":1,"id":8841,"country":"AZ","sunrise":1714354919,"sunset":1714404798},"timezone":14400,"id":587084,"name":"Baku","cod":200}
[2024-04-29T07:44:03.843+0000] {taskinstance.py:441} INFO - ::group::Post task execution logs
[2024-04-29T07:44:03.862+0000] {taskinstance.py:1205} INFO - Marking task as SUCCESS. dag_id=etl_for_open_weather, task_id=weather_data, execution_date=20240429T074200, start_date=20240429T074403, end_date=20240429T074403
[2024-04-29T07:44:03.892+0000] {local_task_job_runner.py:240} INFO - Task exited with return code 0
[2024-04-29T07:44:03.909+0000] {taskinstance.py:3482} INFO - 1 downstream tasks scheduled from follow-on schedule check
[2024-04-29T07:44:03.911+0000] {local_task_job_runner.py:222} INFO - ::endgroup::
