[2024-04-29T07:32:50.798+0000] {local_task_job_runner.py:120} INFO - ::group::Pre task execution logs
[2024-04-29T07:32:50.821+0000] {taskinstance.py:2073} INFO - Dependencies all met for dep_context=non-requeueable deps ti=<TaskInstance: etl_for_open_weather.sensor_weather scheduled__2024-04-29T05:44:00+00:00 [queued]>
[2024-04-29T07:32:50.833+0000] {taskinstance.py:2073} INFO - Dependencies all met for dep_context=requeueable deps ti=<TaskInstance: etl_for_open_weather.sensor_weather scheduled__2024-04-29T05:44:00+00:00 [queued]>
[2024-04-29T07:32:50.834+0000] {taskinstance.py:2303} INFO - Starting attempt 1 of 2
[2024-04-29T07:32:50.852+0000] {taskinstance.py:2327} INFO - Executing <Task(HttpSensor): sensor_weather> on 2024-04-29 05:44:00+00:00
[2024-04-29T07:32:50.860+0000] {warnings.py:110} WARNING - /home/***/.local/lib/python3.12/site-packages/***/task/task_runner/standard_task_runner.py:61: DeprecationWarning: This process (pid=2384) is multi-threaded, use of fork() may lead to deadlocks in the child.
  pid = os.fork()

[2024-04-29T07:32:50.861+0000] {standard_task_runner.py:63} INFO - Started process 2416 to run task
[2024-04-29T07:32:50.861+0000] {standard_task_runner.py:90} INFO - Running: ['***', 'tasks', 'run', 'etl_for_open_weather', 'sensor_weather', 'scheduled__2024-04-29T05:44:00+00:00', '--job-id', '623', '--raw', '--subdir', 'DAGS_FOLDER/open_weather.py', '--cfg-path', '/tmp/tmp2q6nu535']
[2024-04-29T07:32:50.862+0000] {standard_task_runner.py:91} INFO - Job 623: Subtask sensor_weather
[2024-04-29T07:32:50.913+0000] {task_command.py:426} INFO - Running <TaskInstance: etl_for_open_weather.sensor_weather scheduled__2024-04-29T05:44:00+00:00 [running]> on host 6dbc7f679521
[2024-04-29T07:32:51.008+0000] {taskinstance.py:2644} INFO - Exporting env vars: AIRFLOW_CTX_DAG_OWNER='***' AIRFLOW_CTX_DAG_ID='etl_for_open_weather' AIRFLOW_CTX_TASK_ID='sensor_weather' AIRFLOW_CTX_EXECUTION_DATE='2024-04-29T05:44:00+00:00' AIRFLOW_CTX_TRY_NUMBER='1' AIRFLOW_CTX_DAG_RUN_ID='scheduled__2024-04-29T05:44:00+00:00'
[2024-04-29T07:32:51.009+0000] {taskinstance.py:430} INFO - ::endgroup::
[2024-04-29T07:32:51.010+0000] {baseoperator.py:399} WARNING - HttpSensor.execute cannot be called outside TaskInstance!
[2024-04-29T07:32:51.010+0000] {http.py:137} INFO - Poking: /data/2.5/weather?q=Baku&APPID=682dec93d925536760749155cc3096bd
[2024-04-29T07:32:51.020+0000] {base.py:84} INFO - Using connection ID 'weathermap_api' for task execution.
[2024-04-29T07:32:51.429+0000] {base.py:294} INFO - Success criteria met. Exiting.
[2024-04-29T07:32:51.431+0000] {taskinstance.py:441} INFO - ::group::Post task execution logs
[2024-04-29T07:32:51.439+0000] {taskinstance.py:1205} INFO - Marking task as SUCCESS. dag_id=etl_for_open_weather, task_id=sensor_weather, execution_date=20240429T054400, start_date=20240429T073250, end_date=20240429T073251
[2024-04-29T07:32:51.478+0000] {local_task_job_runner.py:240} INFO - Task exited with return code 0
[2024-04-29T07:32:51.518+0000] {taskinstance.py:3482} INFO - 1 downstream tasks scheduled from follow-on schedule check
[2024-04-29T07:32:51.520+0000] {local_task_job_runner.py:222} INFO - ::endgroup::
