[2024-04-29T07:32:49.229+0000] {local_task_job_runner.py:120} INFO - ::group::Pre task execution logs
[2024-04-29T07:32:49.246+0000] {taskinstance.py:2073} INFO - Dependencies all met for dep_context=non-requeueable deps ti=<TaskInstance: etl_for_open_weather.sensor_weather scheduled__2024-04-29T05:30:00+00:00 [queued]>
[2024-04-29T07:32:49.254+0000] {taskinstance.py:2073} INFO - Dependencies all met for dep_context=requeueable deps ti=<TaskInstance: etl_for_open_weather.sensor_weather scheduled__2024-04-29T05:30:00+00:00 [queued]>
[2024-04-29T07:32:49.255+0000] {taskinstance.py:2303} INFO - Starting attempt 1 of 2
[2024-04-29T07:32:49.270+0000] {taskinstance.py:2327} INFO - Executing <Task(HttpSensor): sensor_weather> on 2024-04-29 05:30:00+00:00
[2024-04-29T07:32:49.277+0000] {warnings.py:110} WARNING - /home/***/.local/lib/python3.12/site-packages/***/task/task_runner/standard_task_runner.py:61: DeprecationWarning: This process (pid=2364) is multi-threaded, use of fork() may lead to deadlocks in the child.
  pid = os.fork()

[2024-04-29T07:32:49.278+0000] {standard_task_runner.py:63} INFO - Started process 2385 to run task
[2024-04-29T07:32:49.279+0000] {standard_task_runner.py:90} INFO - Running: ['***', 'tasks', 'run', 'etl_for_open_weather', 'sensor_weather', 'scheduled__2024-04-29T05:30:00+00:00', '--job-id', '616', '--raw', '--subdir', 'DAGS_FOLDER/open_weather.py', '--cfg-path', '/tmp/tmpzpy_sf9_']
[2024-04-29T07:32:49.281+0000] {standard_task_runner.py:91} INFO - Job 616: Subtask sensor_weather
[2024-04-29T07:32:49.330+0000] {task_command.py:426} INFO - Running <TaskInstance: etl_for_open_weather.sensor_weather scheduled__2024-04-29T05:30:00+00:00 [running]> on host 6dbc7f679521
[2024-04-29T07:32:49.422+0000] {taskinstance.py:2644} INFO - Exporting env vars: AIRFLOW_CTX_DAG_OWNER='***' AIRFLOW_CTX_DAG_ID='etl_for_open_weather' AIRFLOW_CTX_TASK_ID='sensor_weather' AIRFLOW_CTX_EXECUTION_DATE='2024-04-29T05:30:00+00:00' AIRFLOW_CTX_TRY_NUMBER='1' AIRFLOW_CTX_DAG_RUN_ID='scheduled__2024-04-29T05:30:00+00:00'
[2024-04-29T07:32:49.423+0000] {taskinstance.py:430} INFO - ::endgroup::
[2024-04-29T07:32:49.424+0000] {baseoperator.py:399} WARNING - HttpSensor.execute cannot be called outside TaskInstance!
[2024-04-29T07:32:49.424+0000] {http.py:137} INFO - Poking: /data/2.5/weather?q=Baku&APPID=682dec93d925536760749155cc3096bd
[2024-04-29T07:32:49.434+0000] {base.py:84} INFO - Using connection ID 'weathermap_api' for task execution.
[2024-04-29T07:32:49.780+0000] {base.py:294} INFO - Success criteria met. Exiting.
[2024-04-29T07:32:49.781+0000] {taskinstance.py:441} INFO - ::group::Post task execution logs
[2024-04-29T07:32:49.790+0000] {taskinstance.py:1205} INFO - Marking task as SUCCESS. dag_id=etl_for_open_weather, task_id=sensor_weather, execution_date=20240429T053000, start_date=20240429T073249, end_date=20240429T073249
[2024-04-29T07:32:49.896+0000] {local_task_job_runner.py:240} INFO - Task exited with return code 0
[2024-04-29T07:32:49.939+0000] {taskinstance.py:3482} INFO - 1 downstream tasks scheduled from follow-on schedule check
[2024-04-29T07:32:49.949+0000] {local_task_job_runner.py:222} INFO - ::endgroup::
