[2024-04-29T07:30:04.705+0000] {local_task_job_runner.py:120} INFO - ::group::Pre task execution logs
[2024-04-29T07:30:04.726+0000] {taskinstance.py:2073} INFO - Dependencies all met for dep_context=non-requeueable deps ti=<TaskInstance: etl_for_open_weather.transform_load_weather_data scheduled__2024-04-29T03:22:00+00:00 [queued]>
[2024-04-29T07:30:04.739+0000] {taskinstance.py:2073} INFO - Dependencies all met for dep_context=requeueable deps ti=<TaskInstance: etl_for_open_weather.transform_load_weather_data scheduled__2024-04-29T03:22:00+00:00 [queued]>
[2024-04-29T07:30:04.740+0000] {taskinstance.py:2303} INFO - Starting attempt 2 of 2
[2024-04-29T07:30:04.757+0000] {taskinstance.py:2327} INFO - Executing <Task(PythonOperator): transform_load_weather_data> on 2024-04-29 03:22:00+00:00
[2024-04-29T07:30:04.767+0000] {warnings.py:110} WARNING - /home/***/.local/lib/python3.12/site-packages/***/task/task_runner/standard_task_runner.py:61: DeprecationWarning: This process (pid=1804) is multi-threaded, use of fork() may lead to deadlocks in the child.
  pid = os.fork()

[2024-04-29T07:30:04.768+0000] {standard_task_runner.py:63} INFO - Started process 1829 to run task
[2024-04-29T07:30:04.769+0000] {standard_task_runner.py:90} INFO - Running: ['***', 'tasks', 'run', 'etl_for_open_weather', 'transform_load_weather_data', 'scheduled__2024-04-29T03:22:00+00:00', '--job-id', '443', '--raw', '--subdir', 'DAGS_FOLDER/open_weather.py', '--cfg-path', '/tmp/tmp69c6qya1']
[2024-04-29T07:30:04.770+0000] {standard_task_runner.py:91} INFO - Job 443: Subtask transform_load_weather_data
[2024-04-29T07:30:04.816+0000] {task_command.py:426} INFO - Running <TaskInstance: etl_for_open_weather.transform_load_weather_data scheduled__2024-04-29T03:22:00+00:00 [running]> on host 6dbc7f679521
[2024-04-29T07:30:04.898+0000] {taskinstance.py:2644} INFO - Exporting env vars: AIRFLOW_CTX_DAG_OWNER='***' AIRFLOW_CTX_DAG_ID='etl_for_open_weather' AIRFLOW_CTX_TASK_ID='transform_load_weather_data' AIRFLOW_CTX_EXECUTION_DATE='2024-04-29T03:22:00+00:00' AIRFLOW_CTX_TRY_NUMBER='2' AIRFLOW_CTX_DAG_RUN_ID='scheduled__2024-04-29T03:22:00+00:00'
[2024-04-29T07:30:04.900+0000] {taskinstance.py:430} INFO - ::endgroup::
[2024-04-29T07:30:04.901+0000] {taskinstance.py:441} INFO - ::group::Post task execution logs
[2024-04-29T07:30:04.902+0000] {taskinstance.py:2890} ERROR - Task failed with exception
Traceback (most recent call last):
  File "/home/airflow/.local/lib/python3.12/site-packages/airflow/models/taskinstance.py", line 465, in _execute_task
    result = _execute_callable(context=context, **execute_callable_kwargs)
             ^^^^^^^^^^^^^^^^^^^^^^^^^^^^^^^^^^^^^^^^^^^^^^^^^^^^^^^^^^^^^
  File "/home/airflow/.local/lib/python3.12/site-packages/airflow/models/taskinstance.py", line 432, in _execute_callable
    return execute_callable(context=context, **execute_callable_kwargs)
           ^^^^^^^^^^^^^^^^^^^^^^^^^^^^^^^^^^^^^^^^^^^^^^^^^^^^^^^^^^^^
  File "/home/airflow/.local/lib/python3.12/site-packages/airflow/models/baseoperator.py", line 400, in wrapper
    return func(self, *args, **kwargs)
           ^^^^^^^^^^^^^^^^^^^^^^^^^^^
  File "/home/airflow/.local/lib/python3.12/site-packages/airflow/operators/python.py", line 235, in execute
    return_value = self.execute_callable()
                   ^^^^^^^^^^^^^^^^^^^^^^^
  File "/home/airflow/.local/lib/python3.12/site-packages/airflow/operators/python.py", line 252, in execute_callable
    return self.python_callable(*self.op_args, **self.op_kwargs)
           ^^^^^^^^^^^^^^^^^^^^^^^^^^^^^^^^^^^^^^^^^^^^^^^^^^^^^
TypeError: get_open_weather() missing 1 required positional argument: 'task_'
[2024-04-29T07:30:04.912+0000] {taskinstance.py:1205} INFO - Marking task as FAILED. dag_id=etl_for_open_weather, task_id=transform_load_weather_data, execution_date=20240429T032200, start_date=20240429T073004, end_date=20240429T073004
[2024-04-29T07:30:04.925+0000] {standard_task_runner.py:110} ERROR - Failed to execute job 443 for task transform_load_weather_data (get_open_weather() missing 1 required positional argument: 'task_'; 1829)
[2024-04-29T07:30:04.943+0000] {local_task_job_runner.py:240} INFO - Task exited with return code 1
[2024-04-29T07:30:04.961+0000] {taskinstance.py:3482} INFO - 0 downstream tasks scheduled from follow-on schedule check
[2024-04-29T07:30:04.968+0000] {local_task_job_runner.py:222} INFO - ::endgroup::
