[2024-04-29T09:17:39.822+0000] {local_task_job_runner.py:120} INFO - ::group::Pre task execution logs
[2024-04-29T09:17:39.838+0000] {taskinstance.py:2073} INFO - Dependencies all met for dep_context=non-requeueable deps ti=<TaskInstance: etl_for_open_weather.extract_data scheduled__2024-04-29T01:06:00+00:00 [queued]>
[2024-04-29T09:17:39.846+0000] {taskinstance.py:2073} INFO - Dependencies all met for dep_context=requeueable deps ti=<TaskInstance: etl_for_open_weather.extract_data scheduled__2024-04-29T01:06:00+00:00 [queued]>
[2024-04-29T09:17:39.846+0000] {taskinstance.py:2303} INFO - Starting attempt 2 of 2
[2024-04-29T09:17:39.857+0000] {taskinstance.py:2327} INFO - Executing <Task(HttpOperator): extract_data> on 2024-04-29 01:06:00+00:00
[2024-04-29T09:17:39.863+0000] {warnings.py:110} WARNING - /home/***/.local/lib/python3.12/site-packages/***/task/task_runner/standard_task_runner.py:61: DeprecationWarning: This process (pid=793) is multi-threaded, use of fork() may lead to deadlocks in the child.
  pid = os.fork()

[2024-04-29T09:17:39.865+0000] {standard_task_runner.py:63} INFO - Started process 799 to run task
[2024-04-29T09:17:39.865+0000] {standard_task_runner.py:90} INFO - Running: ['***', 'tasks', 'run', 'etl_for_open_weather', 'extract_data', 'scheduled__2024-04-29T01:06:00+00:00', '--job-id', '133', '--raw', '--subdir', 'DAGS_FOLDER/open_weather.py', '--cfg-path', '/tmp/tmpz3vtbua2']
[2024-04-29T09:17:39.866+0000] {standard_task_runner.py:91} INFO - Job 133: Subtask extract_data
[2024-04-29T09:17:39.902+0000] {task_command.py:426} INFO - Running <TaskInstance: etl_for_open_weather.extract_data scheduled__2024-04-29T01:06:00+00:00 [running]> on host ce94facc171a
[2024-04-29T09:17:39.962+0000] {taskinstance.py:2644} INFO - Exporting env vars: AIRFLOW_CTX_DAG_OWNER='***' AIRFLOW_CTX_DAG_ID='etl_for_open_weather' AIRFLOW_CTX_TASK_ID='extract_data' AIRFLOW_CTX_EXECUTION_DATE='2024-04-29T01:06:00+00:00' AIRFLOW_CTX_TRY_NUMBER='2' AIRFLOW_CTX_DAG_RUN_ID='scheduled__2024-04-29T01:06:00+00:00'
[2024-04-29T09:17:39.963+0000] {taskinstance.py:430} INFO - ::endgroup::
[2024-04-29T09:17:39.963+0000] {http.py:169} INFO - Calling HTTP method
[2024-04-29T09:17:39.969+0000] {base.py:84} INFO - Using connection ID 'weather_id' for task execution.
[2024-04-29T09:17:39.976+0000] {base.py:84} INFO - Using connection ID 'weather_id' for task execution.
[2024-04-29T09:17:40.463+0000] {http.py:208} INFO - {"coord":{"lon":49.892,"lat":40.3777},"weather":[{"id":800,"main":"Clear","description":"clear sky","icon":"01d"}],"base":"stations","main":{"temp":298.18,"feels_like":297.55,"temp_min":298.18,"temp_max":298.18,"pressure":1019,"humidity":31},"visibility":10000,"wind":{"speed":9.26,"deg":160},"clouds":{"all":0},"dt":1714382096,"sys":{"type":1,"id":8841,"country":"AZ","sunrise":1714354919,"sunset":1714404798},"timezone":14400,"id":587084,"name":"Baku","cod":200}
[2024-04-29T09:17:40.465+0000] {taskinstance.py:441} INFO - ::group::Post task execution logs
[2024-04-29T09:17:40.484+0000] {taskinstance.py:1205} INFO - Marking task as SUCCESS. dag_id=etl_for_open_weather, task_id=extract_data, execution_date=20240429T010600, start_date=20240429T091739, end_date=20240429T091740
[2024-04-29T09:17:40.641+0000] {local_task_job_runner.py:240} INFO - Task exited with return code 0
[2024-04-29T09:17:40.658+0000] {taskinstance.py:3482} INFO - 1 downstream tasks scheduled from follow-on schedule check
[2024-04-29T09:17:40.660+0000] {local_task_job_runner.py:222} INFO - ::endgroup::
