[2024-04-29T08:00:03.252+0000] {local_task_job_runner.py:120} INFO - ::group::Pre task execution logs
[2024-04-29T08:00:03.265+0000] {taskinstance.py:2073} INFO - Dependencies all met for dep_context=non-requeueable deps ti=<TaskInstance: etl_for_open_weather.weather_data scheduled__2024-04-29T07:58:00+00:00 [queued]>
[2024-04-29T08:00:03.271+0000] {taskinstance.py:2073} INFO - Dependencies all met for dep_context=requeueable deps ti=<TaskInstance: etl_for_open_weather.weather_data scheduled__2024-04-29T07:58:00+00:00 [queued]>
[2024-04-29T08:00:03.271+0000] {taskinstance.py:2303} INFO - Starting attempt 1 of 2
[2024-04-29T08:00:03.281+0000] {taskinstance.py:2327} INFO - Executing <Task(HttpOperator): weather_data> on 2024-04-29 07:58:00+00:00
[2024-04-29T08:00:03.285+0000] {warnings.py:110} WARNING - /home/***/.local/lib/python3.12/site-packages/***/task/task_runner/standard_task_runner.py:61: DeprecationWarning: This process (pid=3429) is multi-threaded, use of fork() may lead to deadlocks in the child.
  pid = os.fork()

[2024-04-29T08:00:03.286+0000] {standard_task_runner.py:63} INFO - Started process 3431 to run task
[2024-04-29T08:00:03.286+0000] {standard_task_runner.py:90} INFO - Running: ['***', 'tasks', 'run', 'etl_for_open_weather', 'weather_data', 'scheduled__2024-04-29T07:58:00+00:00', '--job-id', '849', '--raw', '--subdir', 'DAGS_FOLDER/open_weather.py', '--cfg-path', '/tmp/tmpngf8otsr']
[2024-04-29T08:00:03.287+0000] {standard_task_runner.py:91} INFO - Job 849: Subtask weather_data
[2024-04-29T08:00:03.318+0000] {task_command.py:426} INFO - Running <TaskInstance: etl_for_open_weather.weather_data scheduled__2024-04-29T07:58:00+00:00 [running]> on host 6dbc7f679521
[2024-04-29T08:00:03.376+0000] {taskinstance.py:2644} INFO - Exporting env vars: AIRFLOW_CTX_DAG_OWNER='***' AIRFLOW_CTX_DAG_ID='etl_for_open_weather' AIRFLOW_CTX_TASK_ID='weather_data' AIRFLOW_CTX_EXECUTION_DATE='2024-04-29T07:58:00+00:00' AIRFLOW_CTX_TRY_NUMBER='1' AIRFLOW_CTX_DAG_RUN_ID='scheduled__2024-04-29T07:58:00+00:00'
[2024-04-29T08:00:03.377+0000] {taskinstance.py:430} INFO - ::endgroup::
[2024-04-29T08:00:03.378+0000] {http.py:169} INFO - Calling HTTP method
[2024-04-29T08:00:03.383+0000] {base.py:84} INFO - Using connection ID 'weathermap_api' for task execution.
[2024-04-29T08:00:03.387+0000] {base.py:84} INFO - Using connection ID 'weathermap_api' for task execution.
[2024-04-29T08:00:03.766+0000] {http.py:208} INFO - {"coord":{"lon":49.892,"lat":40.3777},"weather":[{"id":800,"main":"Clear","description":"clear sky","icon":"01d"}],"base":"stations","main":{"temp":297.18,"feels_like":296.55,"temp_min":297.18,"temp_max":297.18,"pressure":1020,"humidity":35},"visibility":10000,"wind":{"speed":9.26,"deg":160},"clouds":{"all":0},"dt":1714377540,"sys":{"type":1,"id":8841,"country":"AZ","sunrise":1714354919,"sunset":1714404798},"timezone":14400,"id":587084,"name":"Baku","cod":200}
[2024-04-29T08:00:03.769+0000] {taskinstance.py:441} INFO - ::group::Post task execution logs
[2024-04-29T08:00:03.785+0000] {taskinstance.py:1205} INFO - Marking task as SUCCESS. dag_id=etl_for_open_weather, task_id=weather_data, execution_date=20240429T075800, start_date=20240429T080003, end_date=20240429T080003
[2024-04-29T08:00:03.822+0000] {local_task_job_runner.py:240} INFO - Task exited with return code 0
[2024-04-29T08:00:03.836+0000] {taskinstance.py:3482} INFO - 1 downstream tasks scheduled from follow-on schedule check
[2024-04-29T08:00:03.839+0000] {local_task_job_runner.py:222} INFO - ::endgroup::
