[2024-04-29T09:24:57.552+0000] {local_task_job_runner.py:120} INFO - ::group::Pre task execution logs
[2024-04-29T09:24:57.579+0000] {taskinstance.py:2073} INFO - Dependencies all met for dep_context=non-requeueable deps ti=<TaskInstance: etl_for_open_weather.open_weather_sensor scheduled__2024-04-29T04:42:00+00:00 [queued]>
[2024-04-29T09:24:57.589+0000] {taskinstance.py:2073} INFO - Dependencies all met for dep_context=requeueable deps ti=<TaskInstance: etl_for_open_weather.open_weather_sensor scheduled__2024-04-29T04:42:00+00:00 [queued]>
[2024-04-29T09:24:57.590+0000] {taskinstance.py:2303} INFO - Starting attempt 1 of 2
[2024-04-29T09:24:57.737+0000] {taskinstance.py:2327} INFO - Executing <Task(HttpSensor): open_weather_sensor> on 2024-04-29 04:42:00+00:00
[2024-04-29T09:24:57.748+0000] {warnings.py:110} WARNING - /home/***/.local/lib/python3.12/site-packages/***/task/task_runner/standard_task_runner.py:61: DeprecationWarning: This process (pid=1881) is multi-threaded, use of fork() may lead to deadlocks in the child.
  pid = os.fork()

[2024-04-29T09:24:57.749+0000] {standard_task_runner.py:63} INFO - Started process 1914 to run task
[2024-04-29T09:24:57.756+0000] {standard_task_runner.py:90} INFO - Running: ['***', 'tasks', 'run', 'etl_for_open_weather', 'open_weather_sensor', 'scheduled__2024-04-29T04:42:00+00:00', '--job-id', '464', '--raw', '--subdir', 'DAGS_FOLDER/open_weather.py', '--cfg-path', '/tmp/tmpwerpy225']
[2024-04-29T09:24:57.757+0000] {standard_task_runner.py:91} INFO - Job 464: Subtask open_weather_sensor
[2024-04-29T09:24:57.843+0000] {task_command.py:426} INFO - Running <TaskInstance: etl_for_open_weather.open_weather_sensor scheduled__2024-04-29T04:42:00+00:00 [running]> on host ce94facc171a
[2024-04-29T09:24:57.961+0000] {taskinstance.py:2644} INFO - Exporting env vars: AIRFLOW_CTX_DAG_OWNER='***' AIRFLOW_CTX_DAG_ID='etl_for_open_weather' AIRFLOW_CTX_TASK_ID='open_weather_sensor' AIRFLOW_CTX_EXECUTION_DATE='2024-04-29T04:42:00+00:00' AIRFLOW_CTX_TRY_NUMBER='1' AIRFLOW_CTX_DAG_RUN_ID='scheduled__2024-04-29T04:42:00+00:00'
[2024-04-29T09:24:57.965+0000] {taskinstance.py:430} INFO - ::endgroup::
[2024-04-29T09:24:57.966+0000] {baseoperator.py:399} WARNING - HttpSensor.execute cannot be called outside TaskInstance!
[2024-04-29T09:24:57.967+0000] {http.py:137} INFO - Poking: /data/2.5/weather?q=Baku&APPID=682dec93d925536760749155cc3096bd
[2024-04-29T09:24:57.978+0000] {base.py:84} INFO - Using connection ID 'weather_id' for task execution.
[2024-04-29T09:24:58.388+0000] {base.py:294} INFO - Success criteria met. Exiting.
[2024-04-29T09:24:58.389+0000] {taskinstance.py:441} INFO - ::group::Post task execution logs
[2024-04-29T09:24:58.399+0000] {taskinstance.py:1205} INFO - Marking task as SUCCESS. dag_id=etl_for_open_weather, task_id=open_weather_sensor, execution_date=20240429T044200, start_date=20240429T092457, end_date=20240429T092458
[2024-04-29T09:24:58.447+0000] {local_task_job_runner.py:240} INFO - Task exited with return code 0
[2024-04-29T09:24:58.603+0000] {taskinstance.py:3482} INFO - 0 downstream tasks scheduled from follow-on schedule check
[2024-04-29T09:24:58.605+0000] {local_task_job_runner.py:222} INFO - ::endgroup::
